<?xml version="1.0" encoding="UTF-8"?>
<testsuites name="checkout" time="2613.837" tests="12" failures="5" errors="0">
   <testsuite name="checkout" tests="12" failures="5" errors="0" time="2613.837" skipped="0" timestamp="2023-08-17 12:25:36" hostname="DELL - DESKTOP-L51QJLB" id="Test Suites/checkout">
      <properties>
         <property name="deviceName" value=""/>
         <property name="devicePlatform" value=""/>
         <property name="logFolder" value="D:\\backup\\Liverpool_SmokeSuite1\\Reports\\20230817_120257\\checkout\\20230817_120300"/>
         <property name="logFiles" value="D:\\backup\\Liverpool_SmokeSuite1\\Reports\\20230817_120257\\checkout\\20230817_120300\\execution0.log"/>
         <property name="attachments" value="D:\\backup\\Liverpool_SmokeSuite1\\Reports\\20230817_120257\\checkout\\20230817_120300\\1692255420360.png, D:\\backup\\Liverpool_SmokeSuite1\\Reports\\20230817_120257\\checkout\\20230817_120300\\1692255514451.png, D:\\backup\\Liverpool_SmokeSuite1\\Reports\\20230817_120257\\checkout\\20230817_120300\\1692256540133.png, D:\\backup\\Liverpool_SmokeSuite1\\Reports\\20230817_120257\\checkout\\20230817_120300\\1692256544784.png, D:\\backup\\Liverpool_SmokeSuite1\\Reports\\20230817_120257\\checkout\\20230817_120300\\1692257127641.png, D:\\backup\\Liverpool_SmokeSuite1\\Reports\\20230817_120257\\checkout\\20230817_120300\\1692257132040.png, D:\\backup\\Liverpool_SmokeSuite1\\Reports\\20230817_120257\\checkout\\20230817_120300\\1692257167000.png, D:\\backup\\Liverpool_SmokeSuite1\\Reports\\20230817_120257\\checkout\\20230817_120300\\1692257652845.png, D:\\backup\\Liverpool_SmokeSuite1\\Reports\\20230817_120257\\checkout\\20230817_120300\\1692257950253.png"/>
         <property name="hostName" value="DELL - DESKTOP-L51QJLB"/>
         <property name="os" value="Windows 10 64bit"/>
         <property name="katalonVersion" value="8.5.5.208"/>
         <property name="browser" value="Chrome 115.0.0.0"/>
         <property name="hostAddress" value="172.22.45.143"/>
         <property name="sessionId" value="edaabf8ffb643634f5f5ff5b943378c2"/>
         <property name="seleniumVersion" value="3.141.59"/>
         <property name="proxyInformation" value="ProxyInformation { proxyOption=NO_PROXY, proxyServerType=HTTP, username=, password=********, proxyServerAddress=, proxyServerPort=0, executionList=&quot;&quot;, isApplyToDesiredCapabilities=true }"/>
         <property name="platform" value="Windows 10"/>
      </properties>
      <testcase name="Test Cases/Checkout/TS_SMOKE_SUITE_072" time="83.79" classname="Test Cases/Checkout/TS_SMOKE_SUITE_072" status="FAILED">
         <failure type="FAILED" message="Test Cases/Checkout/TS_SMOKE_SUITE_072 FAILED.
Reason:
com.kms.katalon.core.exception.StepFailedException: Unable to click on object 'Object Repository/HomePage/Iniciar sesion'
	at com.kms.katalon.core.webui.keyword.internal.WebUIKeywordMain.stepFailed(WebUIKeywordMain.groovy:64)
	at com.kms.katalon.core.webui.keyword.internal.WebUIKeywordMain.runKeyword(WebUIKeywordMain.groovy:26)
	at com.kms.katalon.core.webui.keyword.builtin.ClickKeyword.click(ClickKeyword.groovy:74)
	at com.kms.katalon.core.webui.keyword.builtin.ClickKeyword.execute(ClickKeyword.groovy:40)
	at com.kms.katalon.core.keyword.internal.KeywordExecutor.executeKeywordForPlatform(KeywordExecutor.groovy:74)
	at com.kms.katalon.core.webui.keyword.WebUiBuiltInKeywords.click(WebUiBuiltInKeywords.groovy:620)
	at com.kms.katalon.core.webui.keyword.WebUiBuiltInKeywords$click$2.call(Unknown Source)
	at TS_SMOKE_SUITE_072.run(TS_SMOKE_SUITE_072:28)
	at com.kms.katalon.core.main.ScriptEngine.run(ScriptEngine.java:194)
	at com.kms.katalon.core.main.ScriptEngine.runScriptAsRawText(ScriptEngine.java:119)
	at com.kms.katalon.core.main.TestCaseExecutor.runScript(TestCaseExecutor.java:448)
	at com.kms.katalon.core.main.TestCaseExecutor.doExecute(TestCaseExecutor.java:439)
	at com.kms.katalon.core.main.TestCaseExecutor.processExecutionPhase(TestCaseExecutor.java:418)
	at com.kms.katalon.core.main.TestCaseExecutor.accessMainPhase(TestCaseExecutor.java:410)
	at com.kms.katalon.core.main.TestCaseExecutor.execute(TestCaseExecutor.java:285)
	at com.kms.katalon.core.common.CommonExecutor.accessTestCaseMainPhase(CommonExecutor.java:65)
	at com.kms.katalon.core.main.TestSuiteExecutor.accessTestSuiteMainPhase(TestSuiteExecutor.java:151)
	at com.kms.katalon.core.main.TestSuiteExecutor.execute(TestSuiteExecutor.java:106)
	at com.kms.katalon.core.main.TestCaseMain.startTestSuite(TestCaseMain.java:185)
	at com.kms.katalon.core.main.TestCaseMain$startTestSuite$0.call(Unknown Source)
	at TempTestSuite1692253980874.run(TempTestSuite1692253980874.groovy:36)
Caused by: com.kms.katalon.core.webui.exception.WebElementNotFoundException: Web element with id: 'Object Repository/HomePage/Iniciar sesion' located by '(//span[@class='a-header__topLink'])' not found
	at com.kms.katalon.core.webui.common.WebUiCommonHelper.findWebElement(WebUiCommonHelper.java:1370)
	at com.kms.katalon.core.webui.keyword.internal.WebUIAbstractKeyword.findWebElement(WebUIAbstractKeyword.groovy:27)
	at com.kms.katalon.core.webui.keyword.builtin.ClickKeyword$_click_closure1.doCall(ClickKeyword.groovy:65)
	at com.kms.katalon.core.webui.keyword.builtin.ClickKeyword$_click_closure1.call(ClickKeyword.groovy)
	at com.kms.katalon.core.webui.keyword.internal.WebUIKeywordMain.runKeyword(WebUIKeywordMain.groovy:20)
	... 19 more
"/>
         <system-out><![CDATA[2023-08-17 12:25:36 - [TEST_CASE][FAILED] - Test Cases/Checkout/TS_SMOKE_SUITE_072: Test Cases/Checkout/TS_SMOKE_SUITE_072 FAILED.
Reason:
com.kms.katalon.core.exception.StepFailedException: Unable to click on object 'Object Repository/HomePage/Iniciar sesion'
	at com.kms.katalon.core.webui.keyword.internal.WebUIKeywordMain.stepFailed(WebUIKeywordMain.groovy:64)
	at com.kms.katalon.core.webui.keyword.internal.WebUIKeywordMain.runKeyword(WebUIKeywordMain.groovy:26)
	at com.kms.katalon.core.webui.keyword.builtin.ClickKeyword.click(ClickKeyword.groovy:74)
	at com.kms.katalon.core.webui.keyword.builtin.ClickKeyword.execute(ClickKeyword.groovy:40)
	at com.kms.katalon.core.keyword.internal.KeywordExecutor.executeKeywordForPlatform(KeywordExecutor.groovy:74)
	at com.kms.katalon.core.webui.keyword.WebUiBuiltInKeywords.click(WebUiBuiltInKeywords.groovy:620)
	at com.kms.katalon.core.webui.keyword.WebUiBuiltInKeywords$click$2.call(Unknown Source)
	at TS_SMOKE_SUITE_072.run(TS_SMOKE_SUITE_072:28)
	at com.kms.katalon.core.main.ScriptEngine.run(ScriptEngine.java:194)
	at com.kms.katalon.core.main.ScriptEngine.runScriptAsRawText(ScriptEngine.java:119)
	at com.kms.katalon.core.main.TestCaseExecutor.runScript(TestCaseExecutor.java:448)
	at com.kms.katalon.core.main.TestCaseExecutor.doExecute(TestCaseExecutor.java:439)
	at com.kms.katalon.core.main.TestCaseExecutor.processExecutionPhase(TestCaseExecutor.java:418)
	at com.kms.katalon.core.main.TestCaseExecutor.accessMainPhase(TestCaseExecutor.java:410)
	at com.kms.katalon.core.main.TestCaseExecutor.execute(TestCaseExecutor.java:285)
	at com.kms.katalon.core.common.CommonExecutor.accessTestCaseMainPhase(CommonExecutor.java:65)
	at com.kms.katalon.core.main.TestSuiteExecutor.accessTestSuiteMainPhase(TestSuiteExecutor.java:151)
	at com.kms.katalon.core.main.TestSuiteExecutor.execute(TestSuiteExecutor.java:106)
	at com.kms.katalon.core.main.TestCaseMain.startTestSuite(TestCaseMain.java:185)
	at com.kms.katalon.core.main.TestCaseMain$startTestSuite$0.call(Unknown Source)
	at TempTestSuite1692253980874.run(TempTestSuite1692253980874.groovy:36)
Caused by: com.kms.katalon.core.webui.exception.WebElementNotFoundException: Web element with id: 'Object Repository/HomePage/Iniciar sesion' located by '(//span[@class='a-header__topLink'])' not found
	at com.kms.katalon.core.webui.common.WebUiCommonHelper.findWebElement(WebUiCommonHelper.java:1370)
	at com.kms.katalon.core.webui.keyword.internal.WebUIAbstractKeyword.findWebElement(WebUIAbstractKeyword.groovy:27)
	at com.kms.katalon.core.webui.keyword.builtin.ClickKeyword$_click_closure1.doCall(ClickKeyword.groovy:65)
	at com.kms.katalon.core.webui.keyword.builtin.ClickKeyword$_click_closure1.call(ClickKeyword.groovy)
	at com.kms.katalon.core.webui.keyword.internal.WebUIKeywordMain.runKeyword(WebUIKeywordMain.groovy:20)
	... 19 more


2023-08-17 12:25:37 - [TEST_STEP][PASSED] - openBrowser(""): Browser is opened with url: ''

2023-08-17 12:25:37 - [MESSAGE][INFO] - Starting 'Chrome' driver

2023-08-17 12:25:37 - [MESSAGE][INFO] - Action delay is set to 0 milliseconds

2023-08-17 12:25:40 - [MESSAGE][PASSED] - Browser is opened with url: ''

2023-08-17 12:25:40 - [TEST_STEP][PASSED] - maximizeWindow(): Current window maximized

2023-08-17 12:25:40 - [MESSAGE][PASSED] - Current window maximized

2023-08-17 12:25:40 - [TEST_STEP][PASSED] - navigateToUrl(URL): Navigate to 'https://odtaqaa.liverpool.com.mx/tienda/home' successfully

2023-08-17 12:26:28 - [MESSAGE][PASSED] - Navigate to 'https://odtaqaa.liverpool.com.mx/tienda/home' successfully

2023-08-17 12:26:28 - [TEST_STEP][FAILED] - click(findTestObject("HomePage/Iniciar sesion")): Unable to click on object 'Object Repository/HomePage/Iniciar sesion' (Root cause: com.kms.katalon.core.exception.StepFailedException: Unable to click on object 'Object Repository/HomePage/Iniciar sesion'
	at com.kms.katalon.core.webui.keyword.internal.WebUIKeywordMain.stepFailed(WebUIKeywordMain.groovy:64)
	at com.kms.katalon.core.webui.keyword.internal.WebUIKeywordMain.runKeyword(WebUIKeywordMain.groovy:26)
	at com.kms.katalon.core.webui.keyword.builtin.ClickKeyword.click(ClickKeyword.groovy:74)
	at com.kms.katalon.core.webui.keyword.builtin.ClickKeyword.execute(ClickKeyword.groovy:40)
	at com.kms.katalon.core.keyword.internal.KeywordExecutor.executeKeywordForPlatform(KeywordExecutor.groovy:74)
	at com.kms.katalon.core.webui.keyword.WebUiBuiltInKeywords.click(WebUiBuiltInKeywords.groovy:620)
	at com.kms.katalon.core.webui.keyword.WebUiBuiltInKeywords$click$2.call(Unknown Source)
	at TS_SMOKE_SUITE_072.run(TS_SMOKE_SUITE_072:28)
	at com.kms.katalon.core.main.ScriptEngine.run(ScriptEngine.java:194)
	at com.kms.katalon.core.main.ScriptEngine.runScriptAsRawText(ScriptEngine.java:119)
	at com.kms.katalon.core.main.TestCaseExecutor.runScript(TestCaseExecutor.java:448)
	at com.kms.katalon.core.main.TestCaseExecutor.doExecute(TestCaseExecutor.java:439)
	at com.kms.katalon.core.main.TestCaseExecutor.processExecutionPhase(TestCaseExecutor.java:418)
	at com.kms.katalon.core.main.TestCaseExecutor.accessMainPhase(TestCaseExecutor.java:410)
	at com.kms.katalon.core.main.TestCaseExecutor.execute(TestCaseExecutor.java:285)
	at com.kms.katalon.core.common.CommonExecutor.accessTestCaseMainPhase(CommonExecutor.java:65)
	at com.kms.katalon.core.main.TestSuiteExecutor.accessTestSuiteMainPhase(TestSuiteExecutor.java:151)
	at com.kms.katalon.core.main.TestSuiteExecutor.execute(TestSuiteExecutor.java:106)
	at com.kms.katalon.core.main.TestCaseMain.startTestSuite(TestCaseMain.java:185)
	at com.kms.katalon.core.main.TestCaseMain$startTestSuite$0.call(Unknown Source)
	at TempTestSuite1692253980874.run(TempTestSuite1692253980874.groovy:36)
Caused by: com.kms.katalon.core.webui.exception.WebElementNotFoundException: Web element with id: 'Object Repository/HomePage/Iniciar sesion' located by '(//span[@class='a-header__topLink'])' not found
	at com.kms.katalon.core.webui.common.WebUiCommonHelper.findWebElement(WebUiCommonHelper.java:1370)
	at com.kms.katalon.core.webui.keyword.internal.WebUIAbstractKeyword.findWebElement(WebUIAbstractKeyword.groovy:27)
	at com.kms.katalon.core.webui.keyword.builtin.ClickKeyword$_click_closure1.doCall(ClickKeyword.groovy:65)
	at com.kms.katalon.core.webui.keyword.builtin.ClickKeyword$_click_closure1.call(ClickKeyword.groovy)
	at com.kms.katalon.core.webui.keyword.internal.WebUIKeywordMain.runKeyword(WebUIKeywordMain.groovy:20)
	at com.kms.katalon.core.webui.keyword.builtin.ClickKeyword.click(ClickKeyword.groovy:74)
	at com.kms.katalon.core.webui.keyword.builtin.ClickKeyword.execute(ClickKeyword.groovy:40)
	at com.kms.katalon.core.keyword.internal.KeywordExecutor.executeKeywordForPlatform(KeywordExecutor.groovy:74)
	at com.kms.katalon.core.webui.keyword.WebUiBuiltInKeywords.click(WebUiBuiltInKeywords.groovy:620)
	at com.kms.katalon.core.webui.keyword.WebUiBuiltInKeywords$click$2.call(Unknown Source)
	at Script1691128462202.run(Script1691128462202.groovy:28)
	... 13 more
)

2023-08-17 12:27:00 - [MESSAGE][INFO] - Unable to find the element located by 'By.xpath: (//span[@class='a-header__topLink'])'. Please recheck the objects properties to make sure the desired element is located. 

2023-08-17 12:27:00 - [MESSAGE][FAILED] - Unable to click on object 'Object Repository/HomePage/Iniciar sesion' (Root cause: com.kms.katalon.core.exception.StepFailedException: Unable to click on object 'Object Repository/HomePage/Iniciar sesion'
	at com.kms.katalon.core.webui.keyword.internal.WebUIKeywordMain.stepFailed(WebUIKeywordMain.groovy:64)
	at com.kms.katalon.core.webui.keyword.internal.WebUIKeywordMain.runKeyword(WebUIKeywordMain.groovy:26)
	at com.kms.katalon.core.webui.keyword.builtin.ClickKeyword.click(ClickKeyword.groovy:74)
	at com.kms.katalon.core.webui.keyword.builtin.ClickKeyword.execute(ClickKeyword.groovy:40)
	at com.kms.katalon.core.keyword.internal.KeywordExecutor.executeKeywordForPlatform(KeywordExecutor.groovy:74)
	at com.kms.katalon.core.webui.keyword.WebUiBuiltInKeywords.click(WebUiBuiltInKeywords.groovy:620)
	at com.kms.katalon.core.webui.keyword.WebUiBuiltInKeywords$click$2.call(Unknown Source)
	at TS_SMOKE_SUITE_072.run(TS_SMOKE_SUITE_072:28)
	at com.kms.katalon.core.main.ScriptEngine.run(ScriptEngine.java:194)
	at com.kms.katalon.core.main.ScriptEngine.runScriptAsRawText(ScriptEngine.java:119)
	at com.kms.katalon.core.main.TestCaseExecutor.runScript(TestCaseExecutor.java:448)
	at com.kms.katalon.core.main.TestCaseExecutor.doExecute(TestCaseExecutor.java:439)
	at com.kms.katalon.core.main.TestCaseExecutor.processExecutionPhase(TestCaseExecutor.java:418)
	at com.kms.katalon.core.main.TestCaseExecutor.accessMainPhase(TestCaseExecutor.java:410)
	at com.kms.katalon.core.main.TestCaseExecutor.execute(TestCaseExecutor.java:285)
	at com.kms.katalon.core.common.CommonExecutor.accessTestCaseMainPhase(CommonExecutor.java:65)
	at com.kms.katalon.core.main.TestSuiteExecutor.accessTestSuiteMainPhase(TestSuiteExecutor.java:151)
	at com.kms.katalon.core.main.TestSuiteExecutor.execute(TestSuiteExecutor.java:106)
	at com.kms.katalon.core.main.TestCaseMain.startTestSuite(TestCaseMain.java:185)
	at com.kms.katalon.core.main.TestCaseMain$startTestSuite$0.call(Unknown Source)
	at TempTestSuite1692253980874.run(TempTestSuite1692253980874.groovy:36)
Caused by: com.kms.katalon.core.webui.exception.WebElementNotFoundException: Web element with id: 'Object Repository/HomePage/Iniciar sesion' located by '(//span[@class='a-header__topLink'])' not found
	at com.kms.katalon.core.webui.common.WebUiCommonHelper.findWebElement(WebUiCommonHelper.java:1370)
	at com.kms.katalon.core.webui.keyword.internal.WebUIAbstractKeyword.findWebElement(WebUIAbstractKeyword.groovy:27)
	at com.kms.katalon.core.webui.keyword.builtin.ClickKeyword$_click_closure1.doCall(ClickKeyword.groovy:65)
	at com.kms.katalon.core.webui.keyword.builtin.ClickKeyword$_click_closure1.call(ClickKeyword.groovy)
	at com.kms.katalon.core.webui.keyword.internal.WebUIKeywordMain.runKeyword(WebUIKeywordMain.groovy:20)
	at com.kms.katalon.core.webui.keyword.builtin.ClickKeyword.click(ClickKeyword.groovy:74)
	at com.kms.katalon.core.webui.keyword.builtin.ClickKeyword.execute(ClickKeyword.groovy:40)
	at com.kms.katalon.core.keyword.internal.KeywordExecutor.executeKeywordForPlatform(KeywordExecutor.groovy:74)
	at com.kms.katalon.core.webui.keyword.WebUiBuiltInKeywords.click(WebUiBuiltInKeywords.groovy:620)
	at com.kms.katalon.core.webui.keyword.WebUiBuiltInKeywords$click$2.call(Unknown Source)
	at Script1691128462202.run(Script1691128462202.groovy:28)
	... 13 more
)
[[ATTACHMENT|D:\\backup\\Liverpool_SmokeSuite1\\Reports\\20230817_120257\\checkout\\20230817_120300\\1692255420360.png]]]]></system-out>
         <system-err><![CDATA[2023-08-17 12:25:36 - [TEST_CASE][FAILED] - Test Cases/Checkout/TS_SMOKE_SUITE_072: Test Cases/Checkout/TS_SMOKE_SUITE_072 FAILED.
Reason:
com.kms.katalon.core.exception.StepFailedException: Unable to click on object 'Object Repository/HomePage/Iniciar sesion'
	at com.kms.katalon.core.webui.keyword.internal.WebUIKeywordMain.stepFailed(WebUIKeywordMain.groovy:64)
	at com.kms.katalon.core.webui.keyword.internal.WebUIKeywordMain.runKeyword(WebUIKeywordMain.groovy:26)
	at com.kms.katalon.core.webui.keyword.builtin.ClickKeyword.click(ClickKeyword.groovy:74)
	at com.kms.katalon.core.webui.keyword.builtin.ClickKeyword.execute(ClickKeyword.groovy:40)
	at com.kms.katalon.core.keyword.internal.KeywordExecutor.executeKeywordForPlatform(KeywordExecutor.groovy:74)
	at com.kms.katalon.core.webui.keyword.WebUiBuiltInKeywords.click(WebUiBuiltInKeywords.groovy:620)
	at com.kms.katalon.core.webui.keyword.WebUiBuiltInKeywords$click$2.call(Unknown Source)
	at TS_SMOKE_SUITE_072.run(TS_SMOKE_SUITE_072:28)
	at com.kms.katalon.core.main.ScriptEngine.run(ScriptEngine.java:194)
	at com.kms.katalon.core.main.ScriptEngine.runScriptAsRawText(ScriptEngine.java:119)
	at com.kms.katalon.core.main.TestCaseExecutor.runScript(TestCaseExecutor.java:448)
	at com.kms.katalon.core.main.TestCaseExecutor.doExecute(TestCaseExecutor.java:439)
	at com.kms.katalon.core.main.TestCaseExecutor.processExecutionPhase(TestCaseExecutor.java:418)
	at com.kms.katalon.core.main.TestCaseExecutor.accessMainPhase(TestCaseExecutor.java:410)
	at com.kms.katalon.core.main.TestCaseExecutor.execute(TestCaseExecutor.java:285)
	at com.kms.katalon.core.common.CommonExecutor.accessTestCaseMainPhase(CommonExecutor.java:65)
	at com.kms.katalon.core.main.TestSuiteExecutor.accessTestSuiteMainPhase(TestSuiteExecutor.java:151)
	at com.kms.katalon.core.main.TestSuiteExecutor.execute(TestSuiteExecutor.java:106)
	at com.kms.katalon.core.main.TestCaseMain.startTestSuite(TestCaseMain.java:185)
	at com.kms.katalon.core.main.TestCaseMain$startTestSuite$0.call(Unknown Source)
	at TempTestSuite1692253980874.run(TempTestSuite1692253980874.groovy:36)
Caused by: com.kms.katalon.core.webui.exception.WebElementNotFoundException: Web element with id: 'Object Repository/HomePage/Iniciar sesion' located by '(//span[@class='a-header__topLink'])' not found
	at com.kms.katalon.core.webui.common.WebUiCommonHelper.findWebElement(WebUiCommonHelper.java:1370)
	at com.kms.katalon.core.webui.keyword.internal.WebUIAbstractKeyword.findWebElement(WebUIAbstractKeyword.groovy:27)
	at com.kms.katalon.core.webui.keyword.builtin.ClickKeyword$_click_closure1.doCall(ClickKeyword.groovy:65)
	at com.kms.katalon.core.webui.keyword.builtin.ClickKeyword$_click_closure1.call(ClickKeyword.groovy)
	at com.kms.katalon.core.webui.keyword.internal.WebUIKeywordMain.runKeyword(WebUIKeywordMain.groovy:20)
	... 19 more]]></system-err>
      </testcase>
      <testcase name="Test Cases/Checkout/TS_SMOKE_SUITE_073" time="93.891" classname="Test Cases/Checkout/TS_SMOKE_SUITE_073" status="FAILED">
         <failure type="FAILED" message="Test Cases/Checkout/TS_SMOKE_SUITE_073 FAILED.
Reason:
com.kms.katalon.core.exception.StepFailedException: Unable to click on object 'Object Repository/HomePage/Iniciar sesion'
	at com.kms.katalon.core.webui.keyword.internal.WebUIKeywordMain.stepFailed(WebUIKeywordMain.groovy:64)
	at com.kms.katalon.core.webui.keyword.internal.WebUIKeywordMain.runKeyword(WebUIKeywordMain.groovy:26)
	at com.kms.katalon.core.webui.keyword.builtin.ClickKeyword.click(ClickKeyword.groovy:74)
	at com.kms.katalon.core.webui.keyword.builtin.ClickKeyword.execute(ClickKeyword.groovy:40)
	at com.kms.katalon.core.keyword.internal.KeywordExecutor.executeKeywordForPlatform(KeywordExecutor.groovy:74)
	at com.kms.katalon.core.webui.keyword.WebUiBuiltInKeywords.click(WebUiBuiltInKeywords.groovy:620)
	at com.kms.katalon.core.webui.keyword.WebUiBuiltInKeywords$click$2.call(Unknown Source)
	at TS_SMOKE_SUITE_073.run(TS_SMOKE_SUITE_073:26)
	at com.kms.katalon.core.main.ScriptEngine.run(ScriptEngine.java:194)
	at com.kms.katalon.core.main.ScriptEngine.runScriptAsRawText(ScriptEngine.java:119)
	at com.kms.katalon.core.main.TestCaseExecutor.runScript(TestCaseExecutor.java:448)
	at com.kms.katalon.core.main.TestCaseExecutor.doExecute(TestCaseExecutor.java:439)
	at com.kms.katalon.core.main.TestCaseExecutor.processExecutionPhase(TestCaseExecutor.java:418)
	at com.kms.katalon.core.main.TestCaseExecutor.accessMainPhase(TestCaseExecutor.java:410)
	at com.kms.katalon.core.main.TestCaseExecutor.execute(TestCaseExecutor.java:285)
	at com.kms.katalon.core.common.CommonExecutor.accessTestCaseMainPhase(CommonExecutor.java:65)
	at com.kms.katalon.core.main.TestSuiteExecutor.accessTestSuiteMainPhase(TestSuiteExecutor.java:151)
	at com.kms.katalon.core.main.TestSuiteExecutor.execute(TestSuiteExecutor.java:106)
	at com.kms.katalon.core.main.TestCaseMain.startTestSuite(TestCaseMain.java:185)
	at com.kms.katalon.core.main.TestCaseMain$startTestSuite$0.call(Unknown Source)
	at TempTestSuite1692253980874.run(TempTestSuite1692253980874.groovy:36)
Caused by: com.kms.katalon.core.webui.exception.WebElementNotFoundException: Web element with id: 'Object Repository/HomePage/Iniciar sesion' located by '(//span[@class='a-header__topLink'])' not found
	at com.kms.katalon.core.webui.common.WebUiCommonHelper.findWebElement(WebUiCommonHelper.java:1370)
	at com.kms.katalon.core.webui.keyword.internal.WebUIAbstractKeyword.findWebElement(WebUIAbstractKeyword.groovy:27)
	at com.kms.katalon.core.webui.keyword.builtin.ClickKeyword$_click_closure1.doCall(ClickKeyword.groovy:65)
	at com.kms.katalon.core.webui.keyword.builtin.ClickKeyword$_click_closure1.call(ClickKeyword.groovy)
	at com.kms.katalon.core.webui.keyword.internal.WebUIKeywordMain.runKeyword(WebUIKeywordMain.groovy:20)
	... 19 more
"/>
         <system-out><![CDATA[2023-08-17 12:27:00 - [TEST_CASE][FAILED] - Test Cases/Checkout/TS_SMOKE_SUITE_073: Test Cases/Checkout/TS_SMOKE_SUITE_073 FAILED.
Reason:
com.kms.katalon.core.exception.StepFailedException: Unable to click on object 'Object Repository/HomePage/Iniciar sesion'
	at com.kms.katalon.core.webui.keyword.internal.WebUIKeywordMain.stepFailed(WebUIKeywordMain.groovy:64)
	at com.kms.katalon.core.webui.keyword.internal.WebUIKeywordMain.runKeyword(WebUIKeywordMain.groovy:26)
	at com.kms.katalon.core.webui.keyword.builtin.ClickKeyword.click(ClickKeyword.groovy:74)
	at com.kms.katalon.core.webui.keyword.builtin.ClickKeyword.execute(ClickKeyword.groovy:40)
	at com.kms.katalon.core.keyword.internal.KeywordExecutor.executeKeywordForPlatform(KeywordExecutor.groovy:74)
	at com.kms.katalon.core.webui.keyword.WebUiBuiltInKeywords.click(WebUiBuiltInKeywords.groovy:620)
	at com.kms.katalon.core.webui.keyword.WebUiBuiltInKeywords$click$2.call(Unknown Source)
	at TS_SMOKE_SUITE_073.run(TS_SMOKE_SUITE_073:26)
	at com.kms.katalon.core.main.ScriptEngine.run(ScriptEngine.java:194)
	at com.kms.katalon.core.main.ScriptEngine.runScriptAsRawText(ScriptEngine.java:119)
	at com.kms.katalon.core.main.TestCaseExecutor.runScript(TestCaseExecutor.java:448)
	at com.kms.katalon.core.main.TestCaseExecutor.doExecute(TestCaseExecutor.java:439)
	at com.kms.katalon.core.main.TestCaseExecutor.processExecutionPhase(TestCaseExecutor.java:418)
	at com.kms.katalon.core.main.TestCaseExecutor.accessMainPhase(TestCaseExecutor.java:410)
	at com.kms.katalon.core.main.TestCaseExecutor.execute(TestCaseExecutor.java:285)
	at com.kms.katalon.core.common.CommonExecutor.accessTestCaseMainPhase(CommonExecutor.java:65)
	at com.kms.katalon.core.main.TestSuiteExecutor.accessTestSuiteMainPhase(TestSuiteExecutor.java:151)
	at com.kms.katalon.core.main.TestSuiteExecutor.execute(TestSuiteExecutor.java:106)
	at com.kms.katalon.core.main.TestCaseMain.startTestSuite(TestCaseMain.java:185)
	at com.kms.katalon.core.main.TestCaseMain$startTestSuite$0.call(Unknown Source)
	at TempTestSuite1692253980874.run(TempTestSuite1692253980874.groovy:36)
Caused by: com.kms.katalon.core.webui.exception.WebElementNotFoundException: Web element with id: 'Object Repository/HomePage/Iniciar sesion' located by '(//span[@class='a-header__topLink'])' not found
	at com.kms.katalon.core.webui.common.WebUiCommonHelper.findWebElement(WebUiCommonHelper.java:1370)
	at com.kms.katalon.core.webui.keyword.internal.WebUIAbstractKeyword.findWebElement(WebUIAbstractKeyword.groovy:27)
	at com.kms.katalon.core.webui.keyword.builtin.ClickKeyword$_click_closure1.doCall(ClickKeyword.groovy:65)
	at com.kms.katalon.core.webui.keyword.builtin.ClickKeyword$_click_closure1.call(ClickKeyword.groovy)
	at com.kms.katalon.core.webui.keyword.internal.WebUIKeywordMain.runKeyword(WebUIKeywordMain.groovy:20)
	... 19 more


2023-08-17 12:27:02 - [TEST_STEP][PASSED] - openBrowser(""): Browser is opened with url: ''

2023-08-17 12:27:02 - [MESSAGE][WARNING] - A browser is already opened. Closing browser and opening a new one

2023-08-17 12:27:08 - [MESSAGE][INFO] - Starting 'Chrome' driver

2023-08-17 12:27:08 - [MESSAGE][INFO] - Action delay is set to 0 milliseconds

2023-08-17 12:27:10 - [MESSAGE][PASSED] - Browser is opened with url: ''

2023-08-17 12:27:10 - [TEST_STEP][PASSED] - navigateToUrl(URL): Navigate to 'https://odtaqaa.liverpool.com.mx/tienda/home' successfully

2023-08-17 12:28:03 - [MESSAGE][PASSED] - Navigate to 'https://odtaqaa.liverpool.com.mx/tienda/home' successfully

2023-08-17 12:28:03 - [TEST_STEP][PASSED] - maximizeWindow(): Current window maximized

2023-08-17 12:28:03 - [MESSAGE][PASSED] - Current window maximized

2023-08-17 12:28:03 - [TEST_STEP][FAILED] - click(findTestObject("HomePage/Iniciar sesion")): Unable to click on object 'Object Repository/HomePage/Iniciar sesion' (Root cause: com.kms.katalon.core.exception.StepFailedException: Unable to click on object 'Object Repository/HomePage/Iniciar sesion'
	at com.kms.katalon.core.webui.keyword.internal.WebUIKeywordMain.stepFailed(WebUIKeywordMain.groovy:64)
	at com.kms.katalon.core.webui.keyword.internal.WebUIKeywordMain.runKeyword(WebUIKeywordMain.groovy:26)
	at com.kms.katalon.core.webui.keyword.builtin.ClickKeyword.click(ClickKeyword.groovy:74)
	at com.kms.katalon.core.webui.keyword.builtin.ClickKeyword.execute(ClickKeyword.groovy:40)
	at com.kms.katalon.core.keyword.internal.KeywordExecutor.executeKeywordForPlatform(KeywordExecutor.groovy:74)
	at com.kms.katalon.core.webui.keyword.WebUiBuiltInKeywords.click(WebUiBuiltInKeywords.groovy:620)
	at com.kms.katalon.core.webui.keyword.WebUiBuiltInKeywords$click$2.call(Unknown Source)
	at TS_SMOKE_SUITE_073.run(TS_SMOKE_SUITE_073:26)
	at com.kms.katalon.core.main.ScriptEngine.run(ScriptEngine.java:194)
	at com.kms.katalon.core.main.ScriptEngine.runScriptAsRawText(ScriptEngine.java:119)
	at com.kms.katalon.core.main.TestCaseExecutor.runScript(TestCaseExecutor.java:448)
	at com.kms.katalon.core.main.TestCaseExecutor.doExecute(TestCaseExecutor.java:439)
	at com.kms.katalon.core.main.TestCaseExecutor.processExecutionPhase(TestCaseExecutor.java:418)
	at com.kms.katalon.core.main.TestCaseExecutor.accessMainPhase(TestCaseExecutor.java:410)
	at com.kms.katalon.core.main.TestCaseExecutor.execute(TestCaseExecutor.java:285)
	at com.kms.katalon.core.common.CommonExecutor.accessTestCaseMainPhase(CommonExecutor.java:65)
	at com.kms.katalon.core.main.TestSuiteExecutor.accessTestSuiteMainPhase(TestSuiteExecutor.java:151)
	at com.kms.katalon.core.main.TestSuiteExecutor.execute(TestSuiteExecutor.java:106)
	at com.kms.katalon.core.main.TestCaseMain.startTestSuite(TestCaseMain.java:185)
	at com.kms.katalon.core.main.TestCaseMain$startTestSuite$0.call(Unknown Source)
	at TempTestSuite1692253980874.run(TempTestSuite1692253980874.groovy:36)
Caused by: com.kms.katalon.core.webui.exception.WebElementNotFoundException: Web element with id: 'Object Repository/HomePage/Iniciar sesion' located by '(//span[@class='a-header__topLink'])' not found
	at com.kms.katalon.core.webui.common.WebUiCommonHelper.findWebElement(WebUiCommonHelper.java:1370)
	at com.kms.katalon.core.webui.keyword.internal.WebUIAbstractKeyword.findWebElement(WebUIAbstractKeyword.groovy:27)
	at com.kms.katalon.core.webui.keyword.builtin.ClickKeyword$_click_closure1.doCall(ClickKeyword.groovy:65)
	at com.kms.katalon.core.webui.keyword.builtin.ClickKeyword$_click_closure1.call(ClickKeyword.groovy)
	at com.kms.katalon.core.webui.keyword.internal.WebUIKeywordMain.runKeyword(WebUIKeywordMain.groovy:20)
	at com.kms.katalon.core.webui.keyword.builtin.ClickKeyword.click(ClickKeyword.groovy:74)
	at com.kms.katalon.core.webui.keyword.builtin.ClickKeyword.execute(ClickKeyword.groovy:40)
	at com.kms.katalon.core.keyword.internal.KeywordExecutor.executeKeywordForPlatform(KeywordExecutor.groovy:74)
	at com.kms.katalon.core.webui.keyword.WebUiBuiltInKeywords.click(WebUiBuiltInKeywords.groovy:620)
	at com.kms.katalon.core.webui.keyword.WebUiBuiltInKeywords$click$2.call(Unknown Source)
	at Script1691447282623.run(Script1691447282623.groovy:26)
	... 13 more
)

2023-08-17 12:28:34 - [MESSAGE][INFO] - Unable to find the element located by 'By.xpath: (//span[@class='a-header__topLink'])'. Please recheck the objects properties to make sure the desired element is located. 

2023-08-17 12:28:34 - [MESSAGE][FAILED] - Unable to click on object 'Object Repository/HomePage/Iniciar sesion' (Root cause: com.kms.katalon.core.exception.StepFailedException: Unable to click on object 'Object Repository/HomePage/Iniciar sesion'
	at com.kms.katalon.core.webui.keyword.internal.WebUIKeywordMain.stepFailed(WebUIKeywordMain.groovy:64)
	at com.kms.katalon.core.webui.keyword.internal.WebUIKeywordMain.runKeyword(WebUIKeywordMain.groovy:26)
	at com.kms.katalon.core.webui.keyword.builtin.ClickKeyword.click(ClickKeyword.groovy:74)
	at com.kms.katalon.core.webui.keyword.builtin.ClickKeyword.execute(ClickKeyword.groovy:40)
	at com.kms.katalon.core.keyword.internal.KeywordExecutor.executeKeywordForPlatform(KeywordExecutor.groovy:74)
	at com.kms.katalon.core.webui.keyword.WebUiBuiltInKeywords.click(WebUiBuiltInKeywords.groovy:620)
	at com.kms.katalon.core.webui.keyword.WebUiBuiltInKeywords$click$2.call(Unknown Source)
	at TS_SMOKE_SUITE_073.run(TS_SMOKE_SUITE_073:26)
	at com.kms.katalon.core.main.ScriptEngine.run(ScriptEngine.java:194)
	at com.kms.katalon.core.main.ScriptEngine.runScriptAsRawText(ScriptEngine.java:119)
	at com.kms.katalon.core.main.TestCaseExecutor.runScript(TestCaseExecutor.java:448)
	at com.kms.katalon.core.main.TestCaseExecutor.doExecute(TestCaseExecutor.java:439)
	at com.kms.katalon.core.main.TestCaseExecutor.processExecutionPhase(TestCaseExecutor.java:418)
	at com.kms.katalon.core.main.TestCaseExecutor.accessMainPhase(TestCaseExecutor.java:410)
	at com.kms.katalon.core.main.TestCaseExecutor.execute(TestCaseExecutor.java:285)
	at com.kms.katalon.core.common.CommonExecutor.accessTestCaseMainPhase(CommonExecutor.java:65)
	at com.kms.katalon.core.main.TestSuiteExecutor.accessTestSuiteMainPhase(TestSuiteExecutor.java:151)
	at com.kms.katalon.core.main.TestSuiteExecutor.execute(TestSuiteExecutor.java:106)
	at com.kms.katalon.core.main.TestCaseMain.startTestSuite(TestCaseMain.java:185)
	at com.kms.katalon.core.main.TestCaseMain$startTestSuite$0.call(Unknown Source)
	at TempTestSuite1692253980874.run(TempTestSuite1692253980874.groovy:36)
Caused by: com.kms.katalon.core.webui.exception.WebElementNotFoundException: Web element with id: 'Object Repository/HomePage/Iniciar sesion' located by '(//span[@class='a-header__topLink'])' not found
	at com.kms.katalon.core.webui.common.WebUiCommonHelper.findWebElement(WebUiCommonHelper.java:1370)
	at com.kms.katalon.core.webui.keyword.internal.WebUIAbstractKeyword.findWebElement(WebUIAbstractKeyword.groovy:27)
	at com.kms.katalon.core.webui.keyword.builtin.ClickKeyword$_click_closure1.doCall(ClickKeyword.groovy:65)
	at com.kms.katalon.core.webui.keyword.builtin.ClickKeyword$_click_closure1.call(ClickKeyword.groovy)
	at com.kms.katalon.core.webui.keyword.internal.WebUIKeywordMain.runKeyword(WebUIKeywordMain.groovy:20)
	at com.kms.katalon.core.webui.keyword.builtin.ClickKeyword.click(ClickKeyword.groovy:74)
	at com.kms.katalon.core.webui.keyword.builtin.ClickKeyword.execute(ClickKeyword.groovy:40)
	at com.kms.katalon.core.keyword.internal.KeywordExecutor.executeKeywordForPlatform(KeywordExecutor.groovy:74)
	at com.kms.katalon.core.webui.keyword.WebUiBuiltInKeywords.click(WebUiBuiltInKeywords.groovy:620)
	at com.kms.katalon.core.webui.keyword.WebUiBuiltInKeywords$click$2.call(Unknown Source)
	at Script1691447282623.run(Script1691447282623.groovy:26)
	... 13 more
)
[[ATTACHMENT|D:\\backup\\Liverpool_SmokeSuite1\\Reports\\20230817_120257\\checkout\\20230817_120300\\1692255514451.png]]]]></system-out>
         <system-err><![CDATA[2023-08-17 12:27:00 - [TEST_CASE][FAILED] - Test Cases/Checkout/TS_SMOKE_SUITE_073: Test Cases/Checkout/TS_SMOKE_SUITE_073 FAILED.
Reason:
com.kms.katalon.core.exception.StepFailedException: Unable to click on object 'Object Repository/HomePage/Iniciar sesion'
	at com.kms.katalon.core.webui.keyword.internal.WebUIKeywordMain.stepFailed(WebUIKeywordMain.groovy:64)
	at com.kms.katalon.core.webui.keyword.internal.WebUIKeywordMain.runKeyword(WebUIKeywordMain.groovy:26)
	at com.kms.katalon.core.webui.keyword.builtin.ClickKeyword.click(ClickKeyword.groovy:74)
	at com.kms.katalon.core.webui.keyword.builtin.ClickKeyword.execute(ClickKeyword.groovy:40)
	at com.kms.katalon.core.keyword.internal.KeywordExecutor.executeKeywordForPlatform(KeywordExecutor.groovy:74)
	at com.kms.katalon.core.webui.keyword.WebUiBuiltInKeywords.click(WebUiBuiltInKeywords.groovy:620)
	at com.kms.katalon.core.webui.keyword.WebUiBuiltInKeywords$click$2.call(Unknown Source)
	at TS_SMOKE_SUITE_073.run(TS_SMOKE_SUITE_073:26)
	at com.kms.katalon.core.main.ScriptEngine.run(ScriptEngine.java:194)
	at com.kms.katalon.core.main.ScriptEngine.runScriptAsRawText(ScriptEngine.java:119)
	at com.kms.katalon.core.main.TestCaseExecutor.runScript(TestCaseExecutor.java:448)
	at com.kms.katalon.core.main.TestCaseExecutor.doExecute(TestCaseExecutor.java:439)
	at com.kms.katalon.core.main.TestCaseExecutor.processExecutionPhase(TestCaseExecutor.java:418)
	at com.kms.katalon.core.main.TestCaseExecutor.accessMainPhase(TestCaseExecutor.java:410)
	at com.kms.katalon.core.main.TestCaseExecutor.execute(TestCaseExecutor.java:285)
	at com.kms.katalon.core.common.CommonExecutor.accessTestCaseMainPhase(CommonExecutor.java:65)
	at com.kms.katalon.core.main.TestSuiteExecutor.accessTestSuiteMainPhase(TestSuiteExecutor.java:151)
	at com.kms.katalon.core.main.TestSuiteExecutor.execute(TestSuiteExecutor.java:106)
	at com.kms.katalon.core.main.TestCaseMain.startTestSuite(TestCaseMain.java:185)
	at com.kms.katalon.core.main.TestCaseMain$startTestSuite$0.call(Unknown Source)
	at TempTestSuite1692253980874.run(TempTestSuite1692253980874.groovy:36)
Caused by: com.kms.katalon.core.webui.exception.WebElementNotFoundException: Web element with id: 'Object Repository/HomePage/Iniciar sesion' located by '(//span[@class='a-header__topLink'])' not found
	at com.kms.katalon.core.webui.common.WebUiCommonHelper.findWebElement(WebUiCommonHelper.java:1370)
	at com.kms.katalon.core.webui.keyword.internal.WebUIAbstractKeyword.findWebElement(WebUIAbstractKeyword.groovy:27)
	at com.kms.katalon.core.webui.keyword.builtin.ClickKeyword$_click_closure1.doCall(ClickKeyword.groovy:65)
	at com.kms.katalon.core.webui.keyword.builtin.ClickKeyword$_click_closure1.call(ClickKeyword.groovy)
	at com.kms.katalon.core.webui.keyword.internal.WebUIKeywordMain.runKeyword(WebUIKeywordMain.groovy:20)
	... 19 more]]></system-err>
      </testcase>
      <testcase name="Test Cases/Checkout/TS_SMOKE_SUITE_075" time="393.142" classname="Test Cases/Checkout/TS_SMOKE_SUITE_075" status="PASSED">
         <system-out><![CDATA[2023-08-17 12:28:34 - [TEST_CASE][PASSED] - Test Cases/Checkout/TS_SMOKE_SUITE_075: Test Cases/Checkout/TS_SMOKE_SUITE_075

2023-08-17 12:28:35 - [TEST_STEP][PASSED] - openBrowser(""): Browser is opened with url: ''

2023-08-17 12:28:35 - [MESSAGE][WARNING] - A browser is already opened. Closing browser and opening a new one

2023-08-17 12:28:35 - [MESSAGE][INFO] - Starting 'Chrome' driver

2023-08-17 12:28:35 - [MESSAGE][INFO] - Action delay is set to 0 milliseconds

2023-08-17 12:28:37 - [MESSAGE][PASSED] - Browser is opened with url: ''

2023-08-17 12:28:37 - [TEST_STEP][PASSED] - navigateToUrl(URL): Navigate to 'https://odtaqaa.liverpool.com.mx/tienda/home' successfully

2023-08-17 12:30:06 - [MESSAGE][PASSED] - Navigate to 'https://odtaqaa.liverpool.com.mx/tienda/home' successfully

2023-08-17 12:30:06 - [TEST_STEP][PASSED] - maximizeWindow(): Current window maximized

2023-08-17 12:30:06 - [MESSAGE][PASSED] - Current window maximized

2023-08-17 12:30:06 - [TEST_STEP][PASSED] - click(findTestObject("HomePage/Iniciar sesion")): Object: 'Object Repository/HomePage/Iniciar sesion' is clicked on

2023-08-17 12:30:07 - [MESSAGE][PASSED] - Object: 'Object Repository/HomePage/Iniciar sesion' is clicked on

2023-08-17 12:30:07 - [TEST_STEP][PASSED] - callTestCase(findTestCase("CommonMethods/loginFromHomePage"), ["username":Username, "password":Password], STOP_ON_FAILURE): Call Test Case 'Test Cases/CommonMethods/loginFromHomePage' successfully

2023-08-17 12:30:07 - [TEST_CASE][PASSED] - Test Cases/CommonMethods/loginFromHomePage: Test Cases/CommonMethods/loginFromHomePage

2023-08-17 12:30:08 - [TEST_STEP][PASSED] - delay(3): Delayed 3 second(s)

2023-08-17 12:30:11 - [MESSAGE][PASSED] - Delayed 3 second(s)

2023-08-17 12:30:11 - [TEST_STEP][PASSED] - click(findTestObject("HomePage/EnterUsername_LP")): Object: 'Object Repository/HomePage/EnterUsername_LP' is clicked on

2023-08-17 12:30:30 - [MESSAGE][PASSED] - Object: 'Object Repository/HomePage/EnterUsername_LP' is clicked on

2023-08-17 12:30:30 - [TEST_STEP][PASSED] - setText(findTestObject("HomePage/EnterUsername_LP"), username): Text 'hcheruvu29@digisprint.com' is set on object 'Object Repository/HomePage/EnterUsername_LP'

2023-08-17 12:30:31 - [MESSAGE][PASSED] - Text 'hcheruvu29@digisprint.com' is set on object 'Object Repository/HomePage/EnterUsername_LP'

2023-08-17 12:30:31 - [TEST_STEP][PASSED] - click(findTestObject("HomePage/EnterPassword_LP")): Object: 'Object Repository/HomePage/EnterPassword_LP' is clicked on

2023-08-17 12:30:31 - [MESSAGE][PASSED] - Object: 'Object Repository/HomePage/EnterPassword_LP' is clicked on

2023-08-17 12:30:31 - [TEST_STEP][PASSED] - setText(findTestObject("HomePage/EnterPassword_LP"), password): Text 'Test@12345' is set on object 'Object Repository/HomePage/EnterPassword_LP'

2023-08-17 12:30:32 - [MESSAGE][PASSED] - Text 'Test@12345' is set on object 'Object Repository/HomePage/EnterPassword_LP'

2023-08-17 12:30:32 - [TEST_STEP][PASSED] - click(findTestObject("HomePage/inciar")): Object: 'Object Repository/HomePage/inciar' is clicked on

2023-08-17 12:31:13 - [MESSAGE][PASSED] - Object: 'Object Repository/HomePage/inciar' is clicked on

2023-08-17 12:31:13 - [MESSAGE][PASSED] - Call Test Case 'Test Cases/CommonMethods/loginFromHomePage' successfully

2023-08-17 12:31:13 - [TEST_STEP][PASSED] - callTestCase(findTestCase("CommonMethods/clickMyAccountFromHeader"), [:], STOP_ON_FAILURE): Call Test Case 'Test Cases/CommonMethods/clickMyAccountFromHeader' successfully

2023-08-17 12:31:13 - [TEST_CASE][PASSED] - Test Cases/CommonMethods/clickMyAccountFromHeader: Test Cases/CommonMethods/clickMyAccountFromHeader

2023-08-17 12:31:14 - [TEST_STEP][PASSED] - click(findTestObject("HomePage/header_Hola_text_HP")): Object: 'Object Repository/HomePage/header_Hola_text_HP' is clicked on

2023-08-17 12:31:17 - [MESSAGE][PASSED] - Object: 'Object Repository/HomePage/header_Hola_text_HP' is clicked on

2023-08-17 12:31:17 - [TEST_STEP][PASSED] - click(findTestObject("HomePage/myAccount_hp"), STOP_ON_FAILURE): Object: 'Object Repository/HomePage/myAccount_hp' is clicked on

2023-08-17 12:31:18 - [MESSAGE][PASSED] - Object: 'Object Repository/HomePage/myAccount_hp' is clicked on

2023-08-17 12:31:18 - [TEST_STEP][PASSED] - verifyElementPresent(findTestObject("AccountManagement/miCuenta_breadCrumb_MyAccount"), 0): Object 'Object Repository/AccountManagement/miCuenta_breadCrumb_MyAccount' is present

2023-08-17 12:31:18 - [MESSAGE][WARNING] - Timeout '0' is invalid. Using default page load timeout: '30'

2023-08-17 12:31:26 - [MESSAGE][PASSED] - Object 'Object Repository/AccountManagement/miCuenta_breadCrumb_MyAccount' is present

2023-08-17 12:31:26 - [MESSAGE][PASSED] - Call Test Case 'Test Cases/CommonMethods/clickMyAccountFromHeader' successfully

2023-08-17 12:31:26 - [TEST_STEP][PASSED] - click(findTestObject("OPCPage/deliveryAddressHeading_address_opc")): Object: 'Object Repository/OPCPage/deliveryAddressHeading_address_opc' is clicked on

2023-08-17 12:31:27 - [MESSAGE][PASSED] - Object: 'Object Repository/OPCPage/deliveryAddressHeading_address_opc' is clicked on

2023-08-17 12:31:27 - [TEST_STEP][PASSED] - callTestCase(findTestCase("CommonMethods/ClickDelivery_MyAccount"), [:], STOP_ON_FAILURE): Call Test Case 'Test Cases/CommonMethods/ClickDelivery_MyAccount' successfully

2023-08-17 12:31:27 - [TEST_CASE][PASSED] - Test Cases/CommonMethods/ClickDelivery_MyAccount: Test Cases/CommonMethods/ClickDelivery_MyAccount

2023-08-17 12:31:27 - [TEST_STEP][PASSED] - click(findTestObject("OPCPage/DeliveryAddresses_User")): Object: 'Object Repository/OPCPage/DeliveryAddresses_User' is clicked on

2023-08-17 12:31:29 - [MESSAGE][PASSED] - Object: 'Object Repository/OPCPage/DeliveryAddresses_User' is clicked on

2023-08-17 12:31:29 - [MESSAGE][PASSED] - Call Test Case 'Test Cases/CommonMethods/ClickDelivery_MyAccount' successfully

2023-08-17 12:31:29 - [TEST_STEP][PASSED] - click(findTestObject("AccountManagement/ClickAndCollectStores_accounts")): Object: 'Object Repository/AccountManagement/ClickAndCollectStores_accounts' is clicked on

2023-08-17 12:31:38 - [MESSAGE][PASSED] - Object: 'Object Repository/AccountManagement/ClickAndCollectStores_accounts' is clicked on

2023-08-17 12:31:38 - [TEST_STEP][PASSED] - click(findTestObject("OPCPage/3DotButton_Checkout")): Object: 'Object Repository/OPCPage/3DotButton_Checkout' is clicked on

2023-08-17 12:31:47 - [MESSAGE][PASSED] - Object: 'Object Repository/OPCPage/3DotButton_Checkout' is clicked on

2023-08-17 12:31:47 - [TEST_STEP][PASSED] - click(findTestObject("AccountManagement/ClickNCollectionDefault_Account")): Object: 'Object Repository/AccountManagement/ClickNCollectionDefault_Account' is clicked on

2023-08-17 12:31:48 - [MESSAGE][PASSED] - Object: 'Object Repository/AccountManagement/ClickNCollectionDefault_Account' is clicked on

2023-08-17 12:31:48 - [TEST_STEP][PASSED] - TitleAddress = getText(findTestObject("AccountManagement/ClickNCollectionAddressTitle_Account")): Text of object 'Object Repository/AccountManagement/ClickNCollectionAddressTitle_Account' is: 'Liverpool Ags. Villasunción'

2023-08-17 12:31:52 - [MESSAGE][PASSED] - Text of object 'Object Repository/AccountManagement/ClickNCollectionAddressTitle_Account' is: 'Liverpool Ags. Villasunción'

2023-08-17 12:31:52 - [TEST_STEP][PASSED] - click(findTestObject("HomePage/Logo_hp")): Object: 'Object Repository/HomePage/Logo_hp' is clicked on

2023-08-17 12:31:53 - [MESSAGE][PASSED] - Object: 'Object Repository/HomePage/Logo_hp' is clicked on

2023-08-17 12:31:53 - [TEST_STEP][PASSED] - callTestCase(findTestCase("CommonMethods/SearchForAProduct_search"), ["searchTerm":SLProduct], STOP_ON_FAILURE): Call Test Case 'Test Cases/CommonMethods/SearchForAProduct_search' successfully

2023-08-17 12:31:53 - [TEST_CASE][PASSED] - Test Cases/CommonMethods/SearchForAProduct_search: Test Cases/CommonMethods/SearchForAProduct_search

2023-08-17 12:31:53 - [TEST_STEP][PASSED] - click(findTestObject("HomePage/Buscar1"), STOP_ON_FAILURE): Object: 'Object Repository/HomePage/Buscar1' is clicked on

2023-08-17 12:32:05 - [MESSAGE][PASSED] - Object: 'Object Repository/HomePage/Buscar1' is clicked on

2023-08-17 12:32:05 - [TEST_STEP][PASSED] - delay(3): Delayed 3 second(s)

2023-08-17 12:32:08 - [MESSAGE][PASSED] - Delayed 3 second(s)

2023-08-17 12:32:08 - [TEST_STEP][PASSED] - setText(findTestObject("HomePage/Buscar1"), searchTerm): Text 'vaso' is set on object 'Object Repository/HomePage/Buscar1'

2023-08-17 12:32:09 - [MESSAGE][PASSED] - Text 'vaso' is set on object 'Object Repository/HomePage/Buscar1'

2023-08-17 12:32:09 - [TEST_STEP][PASSED] - delay(3): Delayed 3 second(s)

2023-08-17 12:32:12 - [MESSAGE][PASSED] - Delayed 3 second(s)

2023-08-17 12:32:12 - [TEST_STEP][PASSED] - sendKeys(findTestObject("HomePage/Seach_TextBox_hp"), Keys.chord(ENTER)): Keys 'ENTER + ' sent to object: 'Object Repository/HomePage/Seach_TextBox_hp'

2023-08-17 12:32:17 - [MESSAGE][PASSED] - Keys 'ENTER + ' sent to object: 'Object Repository/HomePage/Seach_TextBox_hp'

2023-08-17 12:32:17 - [MESSAGE][PASSED] - Call Test Case 'Test Cases/CommonMethods/SearchForAProduct_search' successfully

2023-08-17 12:32:17 - [TEST_STEP][PASSED] - click(findTestObject("PLPPage/product1_PLP"), OPTIONAL): Object: 'Object Repository/PLPPage/product1_PLP' is clicked on

2023-08-17 12:33:13 - [MESSAGE][PASSED] - Object: 'Object Repository/PLPPage/product1_PLP' is clicked on

2023-08-17 12:33:13 - [TEST_STEP][PASSED] - click(findTestObject("PDPPage/AddToCart_PDP")): Object: 'Object Repository/PDPPage/AddToCart_PDP' is clicked on

2023-08-17 12:34:11 - [MESSAGE][PASSED] - Object: 'Object Repository/PDPPage/AddToCart_PDP' is clicked on

2023-08-17 12:34:11 - [TEST_STEP][PASSED] - click(findTestObject("HomePage/bag_header_HP")): Object: 'Object Repository/HomePage/bag_header_HP' is clicked on

2023-08-17 12:34:16 - [MESSAGE][PASSED] - Object: 'Object Repository/HomePage/bag_header_HP' is clicked on

2023-08-17 12:34:16 - [TEST_STEP][PASSED] - click(findTestObject("CartPage/BuyButton_Cart")): Object: 'Object Repository/CartPage/BuyButton_Cart' is clicked on

2023-08-17 12:34:32 - [MESSAGE][PASSED] - Object: 'Object Repository/CartPage/BuyButton_Cart' is clicked on

2023-08-17 12:34:32 - [TEST_STEP][PASSED] - DefaultAddress = getText(findTestObject("OPCPage/DefaultAddress_Checkout")): Text of object 'Object Repository/OPCPage/DefaultAddress_Checkout' is: 'Click & Collect 
- Liverpool Ags. Villasunción
Cambiar'

2023-08-17 12:34:59 - [MESSAGE][PASSED] - Text of object 'Object Repository/OPCPage/DefaultAddress_Checkout' is: 'Click & Collect 
- Liverpool Ags. Villasunción
Cambiar'

2023-08-17 12:34:59 - [TEST_STEP][PASSED] - if (TitleAddress == DefaultAddress): null

2023-08-17 12:34:59 - [TEST_STEP][PASSED] - click(findTestObject("OPCPage/ChangeAddress_Checkout")): Object: 'Object Repository/OPCPage/ChangeAddress_Checkout' is clicked on

2023-08-17 12:35:00 - [MESSAGE][PASSED] - Object: 'Object Repository/OPCPage/ChangeAddress_Checkout' is clicked on

2023-08-17 12:35:00 - [TEST_STEP][PASSED] - click(findTestObject("OPCPage/AddAddressButtonPopup_checkout")): Object: 'Object Repository/OPCPage/AddAddressButtonPopup_checkout' is clicked on

2023-08-17 12:35:05 - [MESSAGE][PASSED] - Object: 'Object Repository/OPCPage/AddAddressButtonPopup_checkout' is clicked on

2023-08-17 12:35:05 - [TEST_STEP][PASSED] - click(findTestObject("OPCPage/AddressPopupCLickNCollect_Checkout"), STOP_ON_FAILURE): Object: 'Object Repository/OPCPage/AddressPopupCLickNCollect_Checkout' is clicked on

2023-08-17 12:35:06 - [MESSAGE][PASSED] - Object: 'Object Repository/OPCPage/AddressPopupCLickNCollect_Checkout' is clicked on

2023-08-17 12:35:06 - [TEST_STEP][PASSED] - verifyElementPresent(findTestObject("OPCPage/CheckAddressDefault_Checkout"), 0): Object 'Object Repository/OPCPage/CheckAddressDefault_Checkout' is present

2023-08-17 12:35:06 - [MESSAGE][WARNING] - Timeout '0' is invalid. Using default page load timeout: '30'

2023-08-17 12:35:06 - [MESSAGE][PASSED] - Object 'Object Repository/OPCPage/CheckAddressDefault_Checkout' is present

2023-08-17 12:35:06 - [TEST_STEP][PASSED] - verifyElementPresent(findTestObject("OPCPage/ClickNCollectionRadioButton_Checkout"), 0): Object 'Object Repository/OPCPage/ClickNCollectionRadioButton_Checkout' is present

2023-08-17 12:35:06 - [MESSAGE][WARNING] - Timeout '0' is invalid. Using default page load timeout: '30'

2023-08-17 12:35:06 - [MESSAGE][PASSED] - Object 'Object Repository/OPCPage/ClickNCollectionRadioButton_Checkout' is present

2023-08-17 12:35:06 - [TEST_STEP][PASSED] - closeBrowser(): Browser is closed

2023-08-17 12:35:07 - [MESSAGE][PASSED] - Browser is closed]]></system-out>
         <system-err><![CDATA[]]></system-err>
      </testcase>
      <testcase name="Test Cases/Checkout/TS_SMOKE_SUITE_076" time="418.739" classname="Test Cases/Checkout/TS_SMOKE_SUITE_076" status="PASSED">
         <system-out><![CDATA[2023-08-17 12:35:07 - [TEST_CASE][PASSED] - Test Cases/Checkout/TS_SMOKE_SUITE_076: Test Cases/Checkout/TS_SMOKE_SUITE_076

2023-08-17 12:35:08 - [TEST_STEP][PASSED] - openBrowser(""): Browser is opened with url: ''

2023-08-17 12:35:08 - [MESSAGE][INFO] - Starting 'Chrome' driver

2023-08-17 12:35:08 - [MESSAGE][INFO] - Action delay is set to 0 milliseconds

2023-08-17 12:35:09 - [MESSAGE][PASSED] - Browser is opened with url: ''

2023-08-17 12:35:09 - [TEST_STEP][PASSED] - navigateToUrl(URL): Navigate to 'https://odtaqaa.liverpool.com.mx/tienda/home' successfully

2023-08-17 12:36:40 - [MESSAGE][PASSED] - Navigate to 'https://odtaqaa.liverpool.com.mx/tienda/home' successfully

2023-08-17 12:36:40 - [TEST_STEP][PASSED] - maximizeWindow(): Current window maximized

2023-08-17 12:36:41 - [MESSAGE][PASSED] - Current window maximized

2023-08-17 12:36:41 - [TEST_STEP][PASSED] - click(findTestObject("HomePage/Iniciar sesion")): Object: 'Object Repository/HomePage/Iniciar sesion' is clicked on

2023-08-17 12:36:41 - [MESSAGE][PASSED] - Object: 'Object Repository/HomePage/Iniciar sesion' is clicked on

2023-08-17 12:36:41 - [TEST_STEP][PASSED] - callTestCase(findTestCase("CommonMethods/loginFromHomePage"), ["username":Username, "password":Password], STOP_ON_FAILURE): Call Test Case 'Test Cases/CommonMethods/loginFromHomePage' successfully

2023-08-17 12:36:41 - [TEST_CASE][PASSED] - Test Cases/CommonMethods/loginFromHomePage: Test Cases/CommonMethods/loginFromHomePage

2023-08-17 12:36:41 - [TEST_STEP][PASSED] - delay(3): Delayed 3 second(s)

2023-08-17 12:36:44 - [MESSAGE][PASSED] - Delayed 3 second(s)

2023-08-17 12:36:44 - [TEST_STEP][PASSED] - click(findTestObject("HomePage/EnterUsername_LP")): Object: 'Object Repository/HomePage/EnterUsername_LP' is clicked on

2023-08-17 12:37:18 - [MESSAGE][PASSED] - Object: 'Object Repository/HomePage/EnterUsername_LP' is clicked on

2023-08-17 12:37:18 - [TEST_STEP][PASSED] - setText(findTestObject("HomePage/EnterUsername_LP"), username): Text 'hcheruvu29@digisprint.com' is set on object 'Object Repository/HomePage/EnterUsername_LP'

2023-08-17 12:37:18 - [MESSAGE][PASSED] - Text 'hcheruvu29@digisprint.com' is set on object 'Object Repository/HomePage/EnterUsername_LP'

2023-08-17 12:37:18 - [TEST_STEP][PASSED] - click(findTestObject("HomePage/EnterPassword_LP")): Object: 'Object Repository/HomePage/EnterPassword_LP' is clicked on

2023-08-17 12:37:19 - [MESSAGE][PASSED] - Object: 'Object Repository/HomePage/EnterPassword_LP' is clicked on

2023-08-17 12:37:19 - [TEST_STEP][PASSED] - setText(findTestObject("HomePage/EnterPassword_LP"), password): Text 'Test@12345' is set on object 'Object Repository/HomePage/EnterPassword_LP'

2023-08-17 12:37:19 - [MESSAGE][PASSED] - Text 'Test@12345' is set on object 'Object Repository/HomePage/EnterPassword_LP'

2023-08-17 12:37:19 - [TEST_STEP][PASSED] - click(findTestObject("HomePage/inciar")): Object: 'Object Repository/HomePage/inciar' is clicked on

2023-08-17 12:37:34 - [MESSAGE][PASSED] - Object: 'Object Repository/HomePage/inciar' is clicked on

2023-08-17 12:37:34 - [MESSAGE][PASSED] - Call Test Case 'Test Cases/CommonMethods/loginFromHomePage' successfully

2023-08-17 12:37:34 - [TEST_STEP][PASSED] - callTestCase(findTestCase("CommonMethods/EmptyCart_RunAt_HP"), [:], OPTIONAL): Unable to call Test Case 'Test Cases/CommonMethods/EmptyCart_RunAt_HP' (Root cause: com.kms.katalon.core.exception.StepErrorException: Call Test Case 'Test Cases/CommonMethods/EmptyCart_RunAt_HP' failed because of error(s)
	at com.kms.katalon.core.keyword.builtin.CallTestCaseKeyword$_callTestCase_closure1.doCall(CallTestCaseKeyword.groovy:66)
	at com.kms.katalon.core.keyword.builtin.CallTestCaseKeyword$_callTestCase_closure1.call(CallTestCaseKeyword.groovy)
	at com.kms.katalon.core.keyword.internal.KeywordMain.runKeyword(KeywordMain.groovy:74)
	at com.kms.katalon.core.keyword.builtin.CallTestCaseKeyword.callTestCase(CallTestCaseKeyword.groovy:81)
	at com.kms.katalon.core.keyword.builtin.CallTestCaseKeyword.execute(CallTestCaseKeyword.groovy:44)
	at com.kms.katalon.core.keyword.internal.KeywordExecutor.executeKeywordForPlatform(KeywordExecutor.groovy:74)
	at com.kms.katalon.core.keyword.BuiltinKeywords.callTestCase(BuiltinKeywords.groovy:334)
	at TS_SMOKE_SUITE_076.run(TS_SMOKE_SUITE_076:31)
	at com.kms.katalon.core.main.ScriptEngine.run(ScriptEngine.java:194)
	at com.kms.katalon.core.main.ScriptEngine.runScriptAsRawText(ScriptEngine.java:119)
	at com.kms.katalon.core.main.TestCaseExecutor.runScript(TestCaseExecutor.java:448)
	at com.kms.katalon.core.main.TestCaseExecutor.doExecute(TestCaseExecutor.java:439)
	at com.kms.katalon.core.main.TestCaseExecutor.processExecutionPhase(TestCaseExecutor.java:418)
	at com.kms.katalon.core.main.TestCaseExecutor.accessMainPhase(TestCaseExecutor.java:410)
	at com.kms.katalon.core.main.TestCaseExecutor.execute(TestCaseExecutor.java:285)
	at com.kms.katalon.core.common.CommonExecutor.accessTestCaseMainPhase(CommonExecutor.java:65)
	at com.kms.katalon.core.main.TestSuiteExecutor.accessTestSuiteMainPhase(TestSuiteExecutor.java:151)
	at com.kms.katalon.core.main.TestSuiteExecutor.execute(TestSuiteExecutor.java:106)
	at com.kms.katalon.core.main.TestCaseMain.startTestSuite(TestCaseMain.java:185)
	at com.kms.katalon.core.main.TestCaseMain$startTestSuite$0.call(Unknown Source)
	at TempTestSuite1692253980874.run(TempTestSuite1692253980874.groovy:36)
Caused by: java.lang.NullPointerException
	at com.kms.katalon.core.webui.common.WebUiCommonHelper.findElementsBySelectedMethod(WebUiCommonHelper.java:889)
	at com.kms.katalon.core.webui.common.WebUiCommonHelper.findElementsByDefault(WebUiCommonHelper.java:885)
	at com.kms.katalon.core.webui.common.WebUiCommonHelper.findWebElements(WebUiCommonHelper.java:720)
	at com.kms.katalon.core.webui.keyword.internal.WebUIAbstractKeyword.findWebElements(WebUIAbstractKeyword.groovy:32)
	at com.kms.katalon.core.webui.keyword.WebUiBuiltInKeywords.findWebElements(WebUiBuiltInKeywords.groovy:2860)
	at com.kms.katalon.core.webui.keyword.WebUiBuiltInKeywords$findWebElements$9.call(Unknown Source)
	at EmptyCart_RunAt_HP.run(EmptyCart_RunAt_HP:39)
	at com.kms.katalon.core.main.ScriptEngine.run(ScriptEngine.java:194)
	at com.kms.katalon.core.main.ScriptEngine.runScriptAsRawText(ScriptEngine.java:119)
	at com.kms.katalon.core.main.TestCaseExecutor.runScript(TestCaseExecutor.java:448)
	at com.kms.katalon.core.main.TestCaseExecutor.doExecute(TestCaseExecutor.java:439)
	at com.kms.katalon.core.main.TestCaseExecutor.processExecutionPhase(TestCaseExecutor.java:418)
	at com.kms.katalon.core.main.TestCaseExecutor.accessMainPhase(TestCaseExecutor.java:410)
	at com.kms.katalon.core.main.TestCaseExecutor.execute(TestCaseExecutor.java:285)
	at com.kms.katalon.core.main.TestCaseMain.runTestCase(TestCaseMain.java:142)
	at com.kms.katalon.core.keyword.builtin.CallTestCaseKeyword$_callTestCase_closure1.doCall(CallTestCaseKeyword.groovy:59)
	... 20 more
)

2023-08-17 12:37:34 - [TEST_CASE][ERROR] - Test Cases/CommonMethods/EmptyCart_RunAt_HP: Test Cases/CommonMethods/EmptyCart_RunAt_HP FAILED.
Reason:
java.lang.NullPointerException
	at com.kms.katalon.core.webui.common.WebUiCommonHelper.findElementsBySelectedMethod(WebUiCommonHelper.java:889)
	at com.kms.katalon.core.webui.common.WebUiCommonHelper.findElementsByDefault(WebUiCommonHelper.java:885)
	at com.kms.katalon.core.webui.common.WebUiCommonHelper.findWebElements(WebUiCommonHelper.java:720)
	at com.kms.katalon.core.webui.keyword.internal.WebUIAbstractKeyword.findWebElements(WebUIAbstractKeyword.groovy:32)
	at com.kms.katalon.core.webui.keyword.WebUiBuiltInKeywords.findWebElements(WebUiBuiltInKeywords.groovy:2860)
	at com.kms.katalon.core.webui.keyword.WebUiBuiltInKeywords$findWebElements$9.call(Unknown Source)
	at EmptyCart_RunAt_HP.run(EmptyCart_RunAt_HP:39)
	at com.kms.katalon.core.main.ScriptEngine.run(ScriptEngine.java:194)
	at com.kms.katalon.core.main.ScriptEngine.runScriptAsRawText(ScriptEngine.java:119)
	at com.kms.katalon.core.main.TestCaseExecutor.runScript(TestCaseExecutor.java:448)
	at com.kms.katalon.core.main.TestCaseExecutor.doExecute(TestCaseExecutor.java:439)
	at com.kms.katalon.core.main.TestCaseExecutor.processExecutionPhase(TestCaseExecutor.java:418)
	at com.kms.katalon.core.main.TestCaseExecutor.accessMainPhase(TestCaseExecutor.java:410)
	at com.kms.katalon.core.main.TestCaseExecutor.execute(TestCaseExecutor.java:285)
	at com.kms.katalon.core.main.TestCaseMain.runTestCase(TestCaseMain.java:142)
	at com.kms.katalon.core.keyword.builtin.CallTestCaseKeyword$_callTestCase_closure1.doCall(CallTestCaseKeyword.groovy:59)
	at com.kms.katalon.core.keyword.builtin.CallTestCaseKeyword$_callTestCase_closure1.call(CallTestCaseKeyword.groovy)
	at com.kms.katalon.core.keyword.internal.KeywordMain.runKeyword(KeywordMain.groovy:74)
	at com.kms.katalon.core.keyword.builtin.CallTestCaseKeyword.callTestCase(CallTestCaseKeyword.groovy:81)
	at com.kms.katalon.core.keyword.builtin.CallTestCaseKeyword.execute(CallTestCaseKeyword.groovy:44)
	at com.kms.katalon.core.keyword.internal.KeywordExecutor.executeKeywordForPlatform(KeywordExecutor.groovy:74)
	at com.kms.katalon.core.keyword.BuiltinKeywords.callTestCase(BuiltinKeywords.groovy:334)
	at TS_SMOKE_SUITE_076.run(TS_SMOKE_SUITE_076:31)
	at com.kms.katalon.core.main.ScriptEngine.run(ScriptEngine.java:194)
	at com.kms.katalon.core.main.ScriptEngine.runScriptAsRawText(ScriptEngine.java:119)
	at com.kms.katalon.core.main.TestCaseExecutor.runScript(TestCaseExecutor.java:448)
	at com.kms.katalon.core.main.TestCaseExecutor.doExecute(TestCaseExecutor.java:439)
	at com.kms.katalon.core.main.TestCaseExecutor.processExecutionPhase(TestCaseExecutor.java:418)
	at com.kms.katalon.core.main.TestCaseExecutor.accessMainPhase(TestCaseExecutor.java:410)
	at com.kms.katalon.core.main.TestCaseExecutor.execute(TestCaseExecutor.java:285)
	at com.kms.katalon.core.common.CommonExecutor.accessTestCaseMainPhase(CommonExecutor.java:65)
	at com.kms.katalon.core.main.TestSuiteExecutor.accessTestSuiteMainPhase(TestSuiteExecutor.java:151)
	at com.kms.katalon.core.main.TestSuiteExecutor.execute(TestSuiteExecutor.java:106)
	at com.kms.katalon.core.main.TestCaseMain.startTestSuite(TestCaseMain.java:185)
	at com.kms.katalon.core.main.TestCaseMain$startTestSuite$0.call(Unknown Source)
	at TempTestSuite1692253980874.run(TempTestSuite1692253980874.groovy:36)


2023-08-17 12:37:34 - [TEST_STEP][PASSED] - delay(2, OPTIONAL): Delayed 2 second(s)

2023-08-17 12:37:36 - [MESSAGE][PASSED] - Delayed 2 second(s)

2023-08-17 12:37:36 - [TEST_STEP][PASSED] - click(findTestObject("HomePage/bag_header_HP"), OPTIONAL): Object: 'Object Repository/HomePage/bag_header_HP' is clicked on

2023-08-17 12:38:51 - [MESSAGE][PASSED] - Object: 'Object Repository/HomePage/bag_header_HP' is clicked on

2023-08-17 12:38:51 - [TEST_STEP][ERROR] - listElement = findWebElements(findTestObject("CartPage/Product1_remove_cart"), 2): Test Cases/CommonMethods/EmptyCart_RunAt_HP FAILED.
Reason:
java.lang.NullPointerException
	at com.kms.katalon.core.webui.common.WebUiCommonHelper.findElementsBySelectedMethod(WebUiCommonHelper.java:889)
	at com.kms.katalon.core.webui.common.WebUiCommonHelper.findElementsByDefault(WebUiCommonHelper.java:885)
	at com.kms.katalon.core.webui.common.WebUiCommonHelper.findWebElements(WebUiCommonHelper.java:720)
	at com.kms.katalon.core.webui.keyword.internal.WebUIAbstractKeyword.findWebElements(WebUIAbstractKeyword.groovy:32)
	at com.kms.katalon.core.webui.keyword.WebUiBuiltInKeywords.findWebElements(WebUiBuiltInKeywords.groovy:2860)
	at com.kms.katalon.core.webui.keyword.WebUiBuiltInKeywords$findWebElements$9.call(Unknown Source)
	at EmptyCart_RunAt_HP.run(EmptyCart_RunAt_HP:39)
	at com.kms.katalon.core.main.ScriptEngine.run(ScriptEngine.java:194)
	at com.kms.katalon.core.main.ScriptEngine.runScriptAsRawText(ScriptEngine.java:119)
	at com.kms.katalon.core.main.TestCaseExecutor.runScript(TestCaseExecutor.java:448)
	at com.kms.katalon.core.main.TestCaseExecutor.doExecute(TestCaseExecutor.java:439)
	at com.kms.katalon.core.main.TestCaseExecutor.processExecutionPhase(TestCaseExecutor.java:418)
	at com.kms.katalon.core.main.TestCaseExecutor.accessMainPhase(TestCaseExecutor.java:410)
	at com.kms.katalon.core.main.TestCaseExecutor.execute(TestCaseExecutor.java:285)
	at com.kms.katalon.core.main.TestCaseMain.runTestCase(TestCaseMain.java:142)
	at com.kms.katalon.core.keyword.builtin.CallTestCaseKeyword$_callTestCase_closure1.doCall(CallTestCaseKeyword.groovy:59)
	at com.kms.katalon.core.keyword.builtin.CallTestCaseKeyword$_callTestCase_closure1.call(CallTestCaseKeyword.groovy)
	at com.kms.katalon.core.keyword.internal.KeywordMain.runKeyword(KeywordMain.groovy:74)
	at com.kms.katalon.core.keyword.builtin.CallTestCaseKeyword.callTestCase(CallTestCaseKeyword.groovy:81)
	at com.kms.katalon.core.keyword.builtin.CallTestCaseKeyword.execute(CallTestCaseKeyword.groovy:44)
	at com.kms.katalon.core.keyword.internal.KeywordExecutor.executeKeywordForPlatform(KeywordExecutor.groovy:74)
	at com.kms.katalon.core.keyword.BuiltinKeywords.callTestCase(BuiltinKeywords.groovy:334)
	at TS_SMOKE_SUITE_076.run(TS_SMOKE_SUITE_076:31)
	at com.kms.katalon.core.main.ScriptEngine.run(ScriptEngine.java:194)
	at com.kms.katalon.core.main.ScriptEngine.runScriptAsRawText(ScriptEngine.java:119)
	at com.kms.katalon.core.main.TestCaseExecutor.runScript(TestCaseExecutor.java:448)
	at com.kms.katalon.core.main.TestCaseExecutor.doExecute(TestCaseExecutor.java:439)
	at com.kms.katalon.core.main.TestCaseExecutor.processExecutionPhase(TestCaseExecutor.java:418)
	at com.kms.katalon.core.main.TestCaseExecutor.accessMainPhase(TestCaseExecutor.java:410)
	at com.kms.katalon.core.main.TestCaseExecutor.execute(TestCaseExecutor.java:285)
	at com.kms.katalon.core.common.CommonExecutor.accessTestCaseMainPhase(CommonExecutor.java:65)
	at com.kms.katalon.core.main.TestSuiteExecutor.accessTestSuiteMainPhase(TestSuiteExecutor.java:151)
	at com.kms.katalon.core.main.TestSuiteExecutor.execute(TestSuiteExecutor.java:106)
	at com.kms.katalon.core.main.TestCaseMain.startTestSuite(TestCaseMain.java:185)
	at com.kms.katalon.core.main.TestCaseMain$startTestSuite$0.call(Unknown Source)
	at TempTestSuite1692253980874.run(TempTestSuite1692253980874.groovy:36)


2023-08-17 12:38:51 - [MESSAGE][WARNING] - Test object with id 'Object Repository/CartPage/Product1_remove_cart' does not exist

2023-08-17 12:38:51 - [MESSAGE][ERROR] - Test Cases/CommonMethods/EmptyCart_RunAt_HP FAILED.
Reason:
java.lang.NullPointerException
	at com.kms.katalon.core.webui.common.WebUiCommonHelper.findElementsBySelectedMethod(WebUiCommonHelper.java:889)
	at com.kms.katalon.core.webui.common.WebUiCommonHelper.findElementsByDefault(WebUiCommonHelper.java:885)
	at com.kms.katalon.core.webui.common.WebUiCommonHelper.findWebElements(WebUiCommonHelper.java:720)
	at com.kms.katalon.core.webui.keyword.internal.WebUIAbstractKeyword.findWebElements(WebUIAbstractKeyword.groovy:32)
	at com.kms.katalon.core.webui.keyword.WebUiBuiltInKeywords.findWebElements(WebUiBuiltInKeywords.groovy:2860)
	at com.kms.katalon.core.webui.keyword.WebUiBuiltInKeywords$findWebElements$9.call(Unknown Source)
	at EmptyCart_RunAt_HP.run(EmptyCart_RunAt_HP:39)
	at com.kms.katalon.core.main.ScriptEngine.run(ScriptEngine.java:194)
	at com.kms.katalon.core.main.ScriptEngine.runScriptAsRawText(ScriptEngine.java:119)
	at com.kms.katalon.core.main.TestCaseExecutor.runScript(TestCaseExecutor.java:448)
	at com.kms.katalon.core.main.TestCaseExecutor.doExecute(TestCaseExecutor.java:439)
	at com.kms.katalon.core.main.TestCaseExecutor.processExecutionPhase(TestCaseExecutor.java:418)
	at com.kms.katalon.core.main.TestCaseExecutor.accessMainPhase(TestCaseExecutor.java:410)
	at com.kms.katalon.core.main.TestCaseExecutor.execute(TestCaseExecutor.java:285)
	at com.kms.katalon.core.main.TestCaseMain.runTestCase(TestCaseMain.java:142)
	at com.kms.katalon.core.keyword.builtin.CallTestCaseKeyword$_callTestCase_closure1.doCall(CallTestCaseKeyword.groovy:59)
	at com.kms.katalon.core.keyword.builtin.CallTestCaseKeyword$_callTestCase_closure1.call(CallTestCaseKeyword.groovy)
	at com.kms.katalon.core.keyword.internal.KeywordMain.runKeyword(KeywordMain.groovy:74)
	at com.kms.katalon.core.keyword.builtin.CallTestCaseKeyword.callTestCase(CallTestCaseKeyword.groovy:81)
	at com.kms.katalon.core.keyword.builtin.CallTestCaseKeyword.execute(CallTestCaseKeyword.groovy:44)
	at com.kms.katalon.core.keyword.internal.KeywordExecutor.executeKeywordForPlatform(KeywordExecutor.groovy:74)
	at com.kms.katalon.core.keyword.BuiltinKeywords.callTestCase(BuiltinKeywords.groovy:334)
	at TS_SMOKE_SUITE_076.run(TS_SMOKE_SUITE_076:31)
	at com.kms.katalon.core.main.ScriptEngine.run(ScriptEngine.java:194)
	at com.kms.katalon.core.main.ScriptEngine.runScriptAsRawText(ScriptEngine.java:119)
	at com.kms.katalon.core.main.TestCaseExecutor.runScript(TestCaseExecutor.java:448)
	at com.kms.katalon.core.main.TestCaseExecutor.doExecute(TestCaseExecutor.java:439)
	at com.kms.katalon.core.main.TestCaseExecutor.processExecutionPhase(TestCaseExecutor.java:418)
	at com.kms.katalon.core.main.TestCaseExecutor.accessMainPhase(TestCaseExecutor.java:410)
	at com.kms.katalon.core.main.TestCaseExecutor.execute(TestCaseExecutor.java:285)
	at com.kms.katalon.core.common.CommonExecutor.accessTestCaseMainPhase(CommonExecutor.java:65)
	at com.kms.katalon.core.main.TestSuiteExecutor.accessTestSuiteMainPhase(TestSuiteExecutor.java:151)
	at com.kms.katalon.core.main.TestSuiteExecutor.execute(TestSuiteExecutor.java:106)
	at com.kms.katalon.core.main.TestCaseMain.startTestSuite(TestCaseMain.java:185)
	at com.kms.katalon.core.main.TestCaseMain$startTestSuite$0.call(Unknown Source)
	at TempTestSuite1692253980874.run(TempTestSuite1692253980874.groovy:36)


2023-08-17 12:38:51 - [MESSAGE][WARNING] - Unable to call Test Case 'Test Cases/CommonMethods/EmptyCart_RunAt_HP' (Root cause: com.kms.katalon.core.exception.StepErrorException: Call Test Case 'Test Cases/CommonMethods/EmptyCart_RunAt_HP' failed because of error(s)
	at com.kms.katalon.core.keyword.builtin.CallTestCaseKeyword$_callTestCase_closure1.doCall(CallTestCaseKeyword.groovy:66)
	at com.kms.katalon.core.keyword.builtin.CallTestCaseKeyword$_callTestCase_closure1.call(CallTestCaseKeyword.groovy)
	at com.kms.katalon.core.keyword.internal.KeywordMain.runKeyword(KeywordMain.groovy:74)
	at com.kms.katalon.core.keyword.builtin.CallTestCaseKeyword.callTestCase(CallTestCaseKeyword.groovy:81)
	at com.kms.katalon.core.keyword.builtin.CallTestCaseKeyword.execute(CallTestCaseKeyword.groovy:44)
	at com.kms.katalon.core.keyword.internal.KeywordExecutor.executeKeywordForPlatform(KeywordExecutor.groovy:74)
	at com.kms.katalon.core.keyword.BuiltinKeywords.callTestCase(BuiltinKeywords.groovy:334)
	at TS_SMOKE_SUITE_076.run(TS_SMOKE_SUITE_076:31)
	at com.kms.katalon.core.main.ScriptEngine.run(ScriptEngine.java:194)
	at com.kms.katalon.core.main.ScriptEngine.runScriptAsRawText(ScriptEngine.java:119)
	at com.kms.katalon.core.main.TestCaseExecutor.runScript(TestCaseExecutor.java:448)
	at com.kms.katalon.core.main.TestCaseExecutor.doExecute(TestCaseExecutor.java:439)
	at com.kms.katalon.core.main.TestCaseExecutor.processExecutionPhase(TestCaseExecutor.java:418)
	at com.kms.katalon.core.main.TestCaseExecutor.accessMainPhase(TestCaseExecutor.java:410)
	at com.kms.katalon.core.main.TestCaseExecutor.execute(TestCaseExecutor.java:285)
	at com.kms.katalon.core.common.CommonExecutor.accessTestCaseMainPhase(CommonExecutor.java:65)
	at com.kms.katalon.core.main.TestSuiteExecutor.accessTestSuiteMainPhase(TestSuiteExecutor.java:151)
	at com.kms.katalon.core.main.TestSuiteExecutor.execute(TestSuiteExecutor.java:106)
	at com.kms.katalon.core.main.TestCaseMain.startTestSuite(TestCaseMain.java:185)
	at com.kms.katalon.core.main.TestCaseMain$startTestSuite$0.call(Unknown Source)
	at TempTestSuite1692253980874.run(TempTestSuite1692253980874.groovy:36)
Caused by: java.lang.NullPointerException
	at com.kms.katalon.core.webui.common.WebUiCommonHelper.findElementsBySelectedMethod(WebUiCommonHelper.java:889)
	at com.kms.katalon.core.webui.common.WebUiCommonHelper.findElementsByDefault(WebUiCommonHelper.java:885)
	at com.kms.katalon.core.webui.common.WebUiCommonHelper.findWebElements(WebUiCommonHelper.java:720)
	at com.kms.katalon.core.webui.keyword.internal.WebUIAbstractKeyword.findWebElements(WebUIAbstractKeyword.groovy:32)
	at com.kms.katalon.core.webui.keyword.WebUiBuiltInKeywords.findWebElements(WebUiBuiltInKeywords.groovy:2860)
	at com.kms.katalon.core.webui.keyword.WebUiBuiltInKeywords$findWebElements$9.call(Unknown Source)
	at EmptyCart_RunAt_HP.run(EmptyCart_RunAt_HP:39)
	at com.kms.katalon.core.main.ScriptEngine.run(ScriptEngine.java:194)
	at com.kms.katalon.core.main.ScriptEngine.runScriptAsRawText(ScriptEngine.java:119)
	at com.kms.katalon.core.main.TestCaseExecutor.runScript(TestCaseExecutor.java:448)
	at com.kms.katalon.core.main.TestCaseExecutor.doExecute(TestCaseExecutor.java:439)
	at com.kms.katalon.core.main.TestCaseExecutor.processExecutionPhase(TestCaseExecutor.java:418)
	at com.kms.katalon.core.main.TestCaseExecutor.accessMainPhase(TestCaseExecutor.java:410)
	at com.kms.katalon.core.main.TestCaseExecutor.execute(TestCaseExecutor.java:285)
	at com.kms.katalon.core.main.TestCaseMain.runTestCase(TestCaseMain.java:142)
	at com.kms.katalon.core.keyword.builtin.CallTestCaseKeyword$_callTestCase_closure1.doCall(CallTestCaseKeyword.groovy:59)
	... 20 more
)

2023-08-17 12:38:51 - [TEST_STEP][PASSED] - click(findTestObject("HomePage/Logo_hp")): Object: 'Object Repository/HomePage/Logo_hp' is clicked on

2023-08-17 12:39:47 - [MESSAGE][PASSED] - Object: 'Object Repository/HomePage/Logo_hp' is clicked on

2023-08-17 12:39:47 - [TEST_STEP][PASSED] - callTestCase(findTestCase("CommonMethods/SearchForAProduct_search"), ["searchTerm":SLProduct], STOP_ON_FAILURE): Call Test Case 'Test Cases/CommonMethods/SearchForAProduct_search' successfully

2023-08-17 12:39:47 - [TEST_CASE][PASSED] - Test Cases/CommonMethods/SearchForAProduct_search: Test Cases/CommonMethods/SearchForAProduct_search

2023-08-17 12:39:47 - [TEST_STEP][PASSED] - click(findTestObject("HomePage/Buscar1"), STOP_ON_FAILURE): Object: 'Object Repository/HomePage/Buscar1' is clicked on

2023-08-17 12:39:47 - [MESSAGE][PASSED] - Object: 'Object Repository/HomePage/Buscar1' is clicked on

2023-08-17 12:39:47 - [TEST_STEP][PASSED] - delay(3): Delayed 3 second(s)

2023-08-17 12:39:50 - [MESSAGE][PASSED] - Delayed 3 second(s)

2023-08-17 12:39:50 - [TEST_STEP][PASSED] - setText(findTestObject("HomePage/Buscar1"), searchTerm): Text 'vaso' is set on object 'Object Repository/HomePage/Buscar1'

2023-08-17 12:40:04 - [MESSAGE][PASSED] - Text 'vaso' is set on object 'Object Repository/HomePage/Buscar1'

2023-08-17 12:40:04 - [TEST_STEP][PASSED] - delay(3): Delayed 3 second(s)

2023-08-17 12:40:07 - [MESSAGE][PASSED] - Delayed 3 second(s)

2023-08-17 12:40:07 - [TEST_STEP][PASSED] - sendKeys(findTestObject("HomePage/Seach_TextBox_hp"), Keys.chord(ENTER)): Keys 'ENTER + ' sent to object: 'Object Repository/HomePage/Seach_TextBox_hp'

2023-08-17 12:40:10 - [MESSAGE][PASSED] - Keys 'ENTER + ' sent to object: 'Object Repository/HomePage/Seach_TextBox_hp'

2023-08-17 12:40:10 - [MESSAGE][PASSED] - Call Test Case 'Test Cases/CommonMethods/SearchForAProduct_search' successfully

2023-08-17 12:40:10 - [TEST_STEP][PASSED] - click(findTestObject("PLPPage/product1_PLP"), OPTIONAL): Object: 'Object Repository/PLPPage/product1_PLP' is clicked on

2023-08-17 12:40:41 - [MESSAGE][PASSED] - Object: 'Object Repository/PLPPage/product1_PLP' is clicked on

2023-08-17 12:40:41 - [TEST_STEP][PASSED] - click(findTestObject("PDPPage/AddToCart_PDP")): Object: 'Object Repository/PDPPage/AddToCart_PDP' is clicked on

2023-08-17 12:41:18 - [MESSAGE][PASSED] - Object: 'Object Repository/PDPPage/AddToCart_PDP' is clicked on

2023-08-17 12:41:18 - [TEST_STEP][PASSED] - click(findTestObject("HomePage/bag_header_HP")): Object: 'Object Repository/HomePage/bag_header_HP' is clicked on

2023-08-17 12:41:23 - [MESSAGE][PASSED] - Object: 'Object Repository/HomePage/bag_header_HP' is clicked on

2023-08-17 12:41:23 - [TEST_STEP][PASSED] - click(findTestObject("CartPage/BuyButton_Cart")): Object: 'Object Repository/CartPage/BuyButton_Cart' is clicked on

2023-08-17 12:41:26 - [MESSAGE][PASSED] - Object: 'Object Repository/CartPage/BuyButton_Cart' is clicked on

2023-08-17 12:41:26 - [TEST_STEP][PASSED] - callTestCase(findTestCase("CommonMethods/assert_OPC(CheckoutPage)"), [:], STOP_ON_FAILURE): Call Test Case 'Test Cases/CommonMethods/assert_OPC(CheckoutPage)' successfully

2023-08-17 12:41:26 - [TEST_CASE][PASSED] - Test Cases/CommonMethods/assert_OPC(CheckoutPage): Test Cases/CommonMethods/assert_OPC(CheckoutPage)

2023-08-17 12:41:26 - [TEST_STEP][PASSED] - verifyElementPresent(findTestObject("OPCPage/paymentMethod_title_OPC"), 0): Object 'Object Repository/OPCPage/paymentMethod_title_OPC' is present

2023-08-17 12:41:26 - [MESSAGE][WARNING] - Timeout '0' is invalid. Using default page load timeout: '30'

2023-08-17 12:42:03 - [MESSAGE][PASSED] - Object 'Object Repository/OPCPage/paymentMethod_title_OPC' is present

2023-08-17 12:42:03 - [TEST_STEP][PASSED] - verifyElementPresent(findTestObject("OPCPage/Final_comparar_OPC"), 0): Object 'Object Repository/OPCPage/Final_comparar_OPC' is present

2023-08-17 12:42:03 - [MESSAGE][WARNING] - Timeout '0' is invalid. Using default page load timeout: '30'

2023-08-17 12:42:05 - [MESSAGE][PASSED] - Object 'Object Repository/OPCPage/Final_comparar_OPC' is present

2023-08-17 12:42:05 - [TEST_STEP][PASSED] - verifyElementPresent(findTestObject("OPCPage/Articulos(title)_OPC"), 0): Object 'Object Repository/OPCPage/Articulos(title)_OPC' is present

2023-08-17 12:42:05 - [MESSAGE][WARNING] - Timeout '0' is invalid. Using default page load timeout: '30'

2023-08-17 12:42:05 - [MESSAGE][PASSED] - Object 'Object Repository/OPCPage/Articulos(title)_OPC' is present

2023-08-17 12:42:05 - [MESSAGE][PASSED] - Call Test Case 'Test Cases/CommonMethods/assert_OPC(CheckoutPage)' successfully

2023-08-17 12:42:05 - [TEST_STEP][PASSED] - closeBrowser(): Browser is closed

2023-08-17 12:42:06 - [MESSAGE][PASSED] - Browser is closed]]></system-out>
         <system-err><![CDATA[]]></system-err>
      </testcase>
      <testcase name="Test Cases/Checkout/TS_SMOKE_SUITE_077" time="219.342" classname="Test Cases/Checkout/TS_SMOKE_SUITE_077" status="PASSED">
         <system-out><![CDATA[2023-08-17 12:42:06 - [TEST_CASE][PASSED] - Test Cases/Checkout/TS_SMOKE_SUITE_077: Test Cases/Checkout/TS_SMOKE_SUITE_077

2023-08-17 12:42:06 - [TEST_STEP][PASSED] - openBrowser(""): Browser is opened with url: ''

2023-08-17 12:42:06 - [MESSAGE][INFO] - Starting 'Chrome' driver

2023-08-17 12:42:06 - [MESSAGE][INFO] - Action delay is set to 0 milliseconds

2023-08-17 12:42:08 - [MESSAGE][PASSED] - Browser is opened with url: ''

2023-08-17 12:42:08 - [TEST_STEP][PASSED] - navigateToUrl(URL): Navigate to 'https://odtaqaa.liverpool.com.mx/tienda/home' successfully

2023-08-17 12:42:56 - [MESSAGE][PASSED] - Navigate to 'https://odtaqaa.liverpool.com.mx/tienda/home' successfully

2023-08-17 12:42:56 - [TEST_STEP][PASSED] - maximizeWindow(): Current window maximized

2023-08-17 12:42:56 - [MESSAGE][PASSED] - Current window maximized

2023-08-17 12:42:56 - [TEST_STEP][PASSED] - click(findTestObject("HomePage/Iniciar sesion")): Object: 'Object Repository/HomePage/Iniciar sesion' is clicked on

2023-08-17 12:42:57 - [MESSAGE][PASSED] - Object: 'Object Repository/HomePage/Iniciar sesion' is clicked on

2023-08-17 12:42:57 - [TEST_STEP][PASSED] - callTestCase(findTestCase("CommonMethods/loginFromHomePage"), ["username":Username, "password":Password], STOP_ON_FAILURE): Call Test Case 'Test Cases/CommonMethods/loginFromHomePage' successfully

2023-08-17 12:42:58 - [TEST_CASE][PASSED] - Test Cases/CommonMethods/loginFromHomePage: Test Cases/CommonMethods/loginFromHomePage

2023-08-17 12:42:58 - [TEST_STEP][PASSED] - delay(3): Delayed 3 second(s)

2023-08-17 12:43:01 - [MESSAGE][PASSED] - Delayed 3 second(s)

2023-08-17 12:43:01 - [TEST_STEP][PASSED] - click(findTestObject("HomePage/EnterUsername_LP")): Object: 'Object Repository/HomePage/EnterUsername_LP' is clicked on

2023-08-17 12:43:19 - [MESSAGE][PASSED] - Object: 'Object Repository/HomePage/EnterUsername_LP' is clicked on

2023-08-17 12:43:19 - [TEST_STEP][PASSED] - setText(findTestObject("HomePage/EnterUsername_LP"), username): Text 'hcheruvu29@digisprint.com' is set on object 'Object Repository/HomePage/EnterUsername_LP'

2023-08-17 12:43:19 - [MESSAGE][PASSED] - Text 'hcheruvu29@digisprint.com' is set on object 'Object Repository/HomePage/EnterUsername_LP'

2023-08-17 12:43:19 - [TEST_STEP][PASSED] - click(findTestObject("HomePage/EnterPassword_LP")): Object: 'Object Repository/HomePage/EnterPassword_LP' is clicked on

2023-08-17 12:43:20 - [MESSAGE][PASSED] - Object: 'Object Repository/HomePage/EnterPassword_LP' is clicked on

2023-08-17 12:43:20 - [TEST_STEP][PASSED] - setText(findTestObject("HomePage/EnterPassword_LP"), password): Text 'Test@12345' is set on object 'Object Repository/HomePage/EnterPassword_LP'

2023-08-17 12:43:21 - [MESSAGE][PASSED] - Text 'Test@12345' is set on object 'Object Repository/HomePage/EnterPassword_LP'

2023-08-17 12:43:21 - [TEST_STEP][PASSED] - click(findTestObject("HomePage/inciar")): Object: 'Object Repository/HomePage/inciar' is clicked on

2023-08-17 12:43:35 - [MESSAGE][PASSED] - Object: 'Object Repository/HomePage/inciar' is clicked on

2023-08-17 12:43:35 - [MESSAGE][PASSED] - Call Test Case 'Test Cases/CommonMethods/loginFromHomePage' successfully

2023-08-17 12:43:35 - [TEST_STEP][PASSED] - callTestCase(findTestCase("CommonMethods/EmptyCart_RunAt_HP"), [:], OPTIONAL): Unable to call Test Case 'Test Cases/CommonMethods/EmptyCart_RunAt_HP' (Root cause: com.kms.katalon.core.exception.StepErrorException: Call Test Case 'Test Cases/CommonMethods/EmptyCart_RunAt_HP' failed because of error(s)
	at com.kms.katalon.core.keyword.builtin.CallTestCaseKeyword$_callTestCase_closure1.doCall(CallTestCaseKeyword.groovy:66)
	at com.kms.katalon.core.keyword.builtin.CallTestCaseKeyword$_callTestCase_closure1.call(CallTestCaseKeyword.groovy)
	at com.kms.katalon.core.keyword.internal.KeywordMain.runKeyword(KeywordMain.groovy:74)
	at com.kms.katalon.core.keyword.builtin.CallTestCaseKeyword.callTestCase(CallTestCaseKeyword.groovy:81)
	at com.kms.katalon.core.keyword.builtin.CallTestCaseKeyword.execute(CallTestCaseKeyword.groovy:44)
	at com.kms.katalon.core.keyword.internal.KeywordExecutor.executeKeywordForPlatform(KeywordExecutor.groovy:74)
	at com.kms.katalon.core.keyword.BuiltinKeywords.callTestCase(BuiltinKeywords.groovy:334)
	at TS_SMOKE_SUITE_077.run(TS_SMOKE_SUITE_077:31)
	at com.kms.katalon.core.main.ScriptEngine.run(ScriptEngine.java:194)
	at com.kms.katalon.core.main.ScriptEngine.runScriptAsRawText(ScriptEngine.java:119)
	at com.kms.katalon.core.main.TestCaseExecutor.runScript(TestCaseExecutor.java:448)
	at com.kms.katalon.core.main.TestCaseExecutor.doExecute(TestCaseExecutor.java:439)
	at com.kms.katalon.core.main.TestCaseExecutor.processExecutionPhase(TestCaseExecutor.java:418)
	at com.kms.katalon.core.main.TestCaseExecutor.accessMainPhase(TestCaseExecutor.java:410)
	at com.kms.katalon.core.main.TestCaseExecutor.execute(TestCaseExecutor.java:285)
	at com.kms.katalon.core.common.CommonExecutor.accessTestCaseMainPhase(CommonExecutor.java:65)
	at com.kms.katalon.core.main.TestSuiteExecutor.accessTestSuiteMainPhase(TestSuiteExecutor.java:151)
	at com.kms.katalon.core.main.TestSuiteExecutor.execute(TestSuiteExecutor.java:106)
	at com.kms.katalon.core.main.TestCaseMain.startTestSuite(TestCaseMain.java:185)
	at com.kms.katalon.core.main.TestCaseMain$startTestSuite$0.call(Unknown Source)
	at TempTestSuite1692253980874.run(TempTestSuite1692253980874.groovy:36)
Caused by: java.lang.NullPointerException
	at com.kms.katalon.core.webui.common.WebUiCommonHelper.findElementsBySelectedMethod(WebUiCommonHelper.java:889)
	at com.kms.katalon.core.webui.common.WebUiCommonHelper.findElementsByDefault(WebUiCommonHelper.java:885)
	at com.kms.katalon.core.webui.common.WebUiCommonHelper.findWebElements(WebUiCommonHelper.java:720)
	at com.kms.katalon.core.webui.keyword.internal.WebUIAbstractKeyword.findWebElements(WebUIAbstractKeyword.groovy:32)
	at com.kms.katalon.core.webui.keyword.WebUiBuiltInKeywords.findWebElements(WebUiBuiltInKeywords.groovy:2860)
	at com.kms.katalon.core.webui.keyword.WebUiBuiltInKeywords$findWebElements$9.call(Unknown Source)
	at EmptyCart_RunAt_HP.run(EmptyCart_RunAt_HP:39)
	at com.kms.katalon.core.main.ScriptEngine.run(ScriptEngine.java:194)
	at com.kms.katalon.core.main.ScriptEngine.runScriptAsRawText(ScriptEngine.java:119)
	at com.kms.katalon.core.main.TestCaseExecutor.runScript(TestCaseExecutor.java:448)
	at com.kms.katalon.core.main.TestCaseExecutor.doExecute(TestCaseExecutor.java:439)
	at com.kms.katalon.core.main.TestCaseExecutor.processExecutionPhase(TestCaseExecutor.java:418)
	at com.kms.katalon.core.main.TestCaseExecutor.accessMainPhase(TestCaseExecutor.java:410)
	at com.kms.katalon.core.main.TestCaseExecutor.execute(TestCaseExecutor.java:285)
	at com.kms.katalon.core.main.TestCaseMain.runTestCase(TestCaseMain.java:142)
	at com.kms.katalon.core.keyword.builtin.CallTestCaseKeyword$_callTestCase_closure1.doCall(CallTestCaseKeyword.groovy:59)
	... 20 more
)

2023-08-17 12:43:35 - [TEST_CASE][ERROR] - Test Cases/CommonMethods/EmptyCart_RunAt_HP: Test Cases/CommonMethods/EmptyCart_RunAt_HP FAILED.
Reason:
java.lang.NullPointerException
	at com.kms.katalon.core.webui.common.WebUiCommonHelper.findElementsBySelectedMethod(WebUiCommonHelper.java:889)
	at com.kms.katalon.core.webui.common.WebUiCommonHelper.findElementsByDefault(WebUiCommonHelper.java:885)
	at com.kms.katalon.core.webui.common.WebUiCommonHelper.findWebElements(WebUiCommonHelper.java:720)
	at com.kms.katalon.core.webui.keyword.internal.WebUIAbstractKeyword.findWebElements(WebUIAbstractKeyword.groovy:32)
	at com.kms.katalon.core.webui.keyword.WebUiBuiltInKeywords.findWebElements(WebUiBuiltInKeywords.groovy:2860)
	at com.kms.katalon.core.webui.keyword.WebUiBuiltInKeywords$findWebElements$9.call(Unknown Source)
	at EmptyCart_RunAt_HP.run(EmptyCart_RunAt_HP:39)
	at com.kms.katalon.core.main.ScriptEngine.run(ScriptEngine.java:194)
	at com.kms.katalon.core.main.ScriptEngine.runScriptAsRawText(ScriptEngine.java:119)
	at com.kms.katalon.core.main.TestCaseExecutor.runScript(TestCaseExecutor.java:448)
	at com.kms.katalon.core.main.TestCaseExecutor.doExecute(TestCaseExecutor.java:439)
	at com.kms.katalon.core.main.TestCaseExecutor.processExecutionPhase(TestCaseExecutor.java:418)
	at com.kms.katalon.core.main.TestCaseExecutor.accessMainPhase(TestCaseExecutor.java:410)
	at com.kms.katalon.core.main.TestCaseExecutor.execute(TestCaseExecutor.java:285)
	at com.kms.katalon.core.main.TestCaseMain.runTestCase(TestCaseMain.java:142)
	at com.kms.katalon.core.keyword.builtin.CallTestCaseKeyword$_callTestCase_closure1.doCall(CallTestCaseKeyword.groovy:59)
	at com.kms.katalon.core.keyword.builtin.CallTestCaseKeyword$_callTestCase_closure1.call(CallTestCaseKeyword.groovy)
	at com.kms.katalon.core.keyword.internal.KeywordMain.runKeyword(KeywordMain.groovy:74)
	at com.kms.katalon.core.keyword.builtin.CallTestCaseKeyword.callTestCase(CallTestCaseKeyword.groovy:81)
	at com.kms.katalon.core.keyword.builtin.CallTestCaseKeyword.execute(CallTestCaseKeyword.groovy:44)
	at com.kms.katalon.core.keyword.internal.KeywordExecutor.executeKeywordForPlatform(KeywordExecutor.groovy:74)
	at com.kms.katalon.core.keyword.BuiltinKeywords.callTestCase(BuiltinKeywords.groovy:334)
	at TS_SMOKE_SUITE_077.run(TS_SMOKE_SUITE_077:31)
	at com.kms.katalon.core.main.ScriptEngine.run(ScriptEngine.java:194)
	at com.kms.katalon.core.main.ScriptEngine.runScriptAsRawText(ScriptEngine.java:119)
	at com.kms.katalon.core.main.TestCaseExecutor.runScript(TestCaseExecutor.java:448)
	at com.kms.katalon.core.main.TestCaseExecutor.doExecute(TestCaseExecutor.java:439)
	at com.kms.katalon.core.main.TestCaseExecutor.processExecutionPhase(TestCaseExecutor.java:418)
	at com.kms.katalon.core.main.TestCaseExecutor.accessMainPhase(TestCaseExecutor.java:410)
	at com.kms.katalon.core.main.TestCaseExecutor.execute(TestCaseExecutor.java:285)
	at com.kms.katalon.core.common.CommonExecutor.accessTestCaseMainPhase(CommonExecutor.java:65)
	at com.kms.katalon.core.main.TestSuiteExecutor.accessTestSuiteMainPhase(TestSuiteExecutor.java:151)
	at com.kms.katalon.core.main.TestSuiteExecutor.execute(TestSuiteExecutor.java:106)
	at com.kms.katalon.core.main.TestCaseMain.startTestSuite(TestCaseMain.java:185)
	at com.kms.katalon.core.main.TestCaseMain$startTestSuite$0.call(Unknown Source)
	at TempTestSuite1692253980874.run(TempTestSuite1692253980874.groovy:36)


2023-08-17 12:43:35 - [TEST_STEP][PASSED] - delay(2, OPTIONAL): Delayed 2 second(s)

2023-08-17 12:43:37 - [MESSAGE][PASSED] - Delayed 2 second(s)

2023-08-17 12:43:37 - [TEST_STEP][PASSED] - click(findTestObject("HomePage/bag_header_HP"), OPTIONAL): Object: 'Object Repository/HomePage/bag_header_HP' is clicked on

2023-08-17 12:44:21 - [MESSAGE][PASSED] - Object: 'Object Repository/HomePage/bag_header_HP' is clicked on

2023-08-17 12:44:21 - [TEST_STEP][ERROR] - listElement = findWebElements(findTestObject("CartPage/Product1_remove_cart"), 2): Test Cases/CommonMethods/EmptyCart_RunAt_HP FAILED.
Reason:
java.lang.NullPointerException
	at com.kms.katalon.core.webui.common.WebUiCommonHelper.findElementsBySelectedMethod(WebUiCommonHelper.java:889)
	at com.kms.katalon.core.webui.common.WebUiCommonHelper.findElementsByDefault(WebUiCommonHelper.java:885)
	at com.kms.katalon.core.webui.common.WebUiCommonHelper.findWebElements(WebUiCommonHelper.java:720)
	at com.kms.katalon.core.webui.keyword.internal.WebUIAbstractKeyword.findWebElements(WebUIAbstractKeyword.groovy:32)
	at com.kms.katalon.core.webui.keyword.WebUiBuiltInKeywords.findWebElements(WebUiBuiltInKeywords.groovy:2860)
	at com.kms.katalon.core.webui.keyword.WebUiBuiltInKeywords$findWebElements$9.call(Unknown Source)
	at EmptyCart_RunAt_HP.run(EmptyCart_RunAt_HP:39)
	at com.kms.katalon.core.main.ScriptEngine.run(ScriptEngine.java:194)
	at com.kms.katalon.core.main.ScriptEngine.runScriptAsRawText(ScriptEngine.java:119)
	at com.kms.katalon.core.main.TestCaseExecutor.runScript(TestCaseExecutor.java:448)
	at com.kms.katalon.core.main.TestCaseExecutor.doExecute(TestCaseExecutor.java:439)
	at com.kms.katalon.core.main.TestCaseExecutor.processExecutionPhase(TestCaseExecutor.java:418)
	at com.kms.katalon.core.main.TestCaseExecutor.accessMainPhase(TestCaseExecutor.java:410)
	at com.kms.katalon.core.main.TestCaseExecutor.execute(TestCaseExecutor.java:285)
	at com.kms.katalon.core.main.TestCaseMain.runTestCase(TestCaseMain.java:142)
	at com.kms.katalon.core.keyword.builtin.CallTestCaseKeyword$_callTestCase_closure1.doCall(CallTestCaseKeyword.groovy:59)
	at com.kms.katalon.core.keyword.builtin.CallTestCaseKeyword$_callTestCase_closure1.call(CallTestCaseKeyword.groovy)
	at com.kms.katalon.core.keyword.internal.KeywordMain.runKeyword(KeywordMain.groovy:74)
	at com.kms.katalon.core.keyword.builtin.CallTestCaseKeyword.callTestCase(CallTestCaseKeyword.groovy:81)
	at com.kms.katalon.core.keyword.builtin.CallTestCaseKeyword.execute(CallTestCaseKeyword.groovy:44)
	at com.kms.katalon.core.keyword.internal.KeywordExecutor.executeKeywordForPlatform(KeywordExecutor.groovy:74)
	at com.kms.katalon.core.keyword.BuiltinKeywords.callTestCase(BuiltinKeywords.groovy:334)
	at TS_SMOKE_SUITE_077.run(TS_SMOKE_SUITE_077:31)
	at com.kms.katalon.core.main.ScriptEngine.run(ScriptEngine.java:194)
	at com.kms.katalon.core.main.ScriptEngine.runScriptAsRawText(ScriptEngine.java:119)
	at com.kms.katalon.core.main.TestCaseExecutor.runScript(TestCaseExecutor.java:448)
	at com.kms.katalon.core.main.TestCaseExecutor.doExecute(TestCaseExecutor.java:439)
	at com.kms.katalon.core.main.TestCaseExecutor.processExecutionPhase(TestCaseExecutor.java:418)
	at com.kms.katalon.core.main.TestCaseExecutor.accessMainPhase(TestCaseExecutor.java:410)
	at com.kms.katalon.core.main.TestCaseExecutor.execute(TestCaseExecutor.java:285)
	at com.kms.katalon.core.common.CommonExecutor.accessTestCaseMainPhase(CommonExecutor.java:65)
	at com.kms.katalon.core.main.TestSuiteExecutor.accessTestSuiteMainPhase(TestSuiteExecutor.java:151)
	at com.kms.katalon.core.main.TestSuiteExecutor.execute(TestSuiteExecutor.java:106)
	at com.kms.katalon.core.main.TestCaseMain.startTestSuite(TestCaseMain.java:185)
	at com.kms.katalon.core.main.TestCaseMain$startTestSuite$0.call(Unknown Source)
	at TempTestSuite1692253980874.run(TempTestSuite1692253980874.groovy:36)


2023-08-17 12:44:21 - [MESSAGE][WARNING] - Test object with id 'Object Repository/CartPage/Product1_remove_cart' does not exist

2023-08-17 12:44:21 - [MESSAGE][ERROR] - Test Cases/CommonMethods/EmptyCart_RunAt_HP FAILED.
Reason:
java.lang.NullPointerException
	at com.kms.katalon.core.webui.common.WebUiCommonHelper.findElementsBySelectedMethod(WebUiCommonHelper.java:889)
	at com.kms.katalon.core.webui.common.WebUiCommonHelper.findElementsByDefault(WebUiCommonHelper.java:885)
	at com.kms.katalon.core.webui.common.WebUiCommonHelper.findWebElements(WebUiCommonHelper.java:720)
	at com.kms.katalon.core.webui.keyword.internal.WebUIAbstractKeyword.findWebElements(WebUIAbstractKeyword.groovy:32)
	at com.kms.katalon.core.webui.keyword.WebUiBuiltInKeywords.findWebElements(WebUiBuiltInKeywords.groovy:2860)
	at com.kms.katalon.core.webui.keyword.WebUiBuiltInKeywords$findWebElements$9.call(Unknown Source)
	at EmptyCart_RunAt_HP.run(EmptyCart_RunAt_HP:39)
	at com.kms.katalon.core.main.ScriptEngine.run(ScriptEngine.java:194)
	at com.kms.katalon.core.main.ScriptEngine.runScriptAsRawText(ScriptEngine.java:119)
	at com.kms.katalon.core.main.TestCaseExecutor.runScript(TestCaseExecutor.java:448)
	at com.kms.katalon.core.main.TestCaseExecutor.doExecute(TestCaseExecutor.java:439)
	at com.kms.katalon.core.main.TestCaseExecutor.processExecutionPhase(TestCaseExecutor.java:418)
	at com.kms.katalon.core.main.TestCaseExecutor.accessMainPhase(TestCaseExecutor.java:410)
	at com.kms.katalon.core.main.TestCaseExecutor.execute(TestCaseExecutor.java:285)
	at com.kms.katalon.core.main.TestCaseMain.runTestCase(TestCaseMain.java:142)
	at com.kms.katalon.core.keyword.builtin.CallTestCaseKeyword$_callTestCase_closure1.doCall(CallTestCaseKeyword.groovy:59)
	at com.kms.katalon.core.keyword.builtin.CallTestCaseKeyword$_callTestCase_closure1.call(CallTestCaseKeyword.groovy)
	at com.kms.katalon.core.keyword.internal.KeywordMain.runKeyword(KeywordMain.groovy:74)
	at com.kms.katalon.core.keyword.builtin.CallTestCaseKeyword.callTestCase(CallTestCaseKeyword.groovy:81)
	at com.kms.katalon.core.keyword.builtin.CallTestCaseKeyword.execute(CallTestCaseKeyword.groovy:44)
	at com.kms.katalon.core.keyword.internal.KeywordExecutor.executeKeywordForPlatform(KeywordExecutor.groovy:74)
	at com.kms.katalon.core.keyword.BuiltinKeywords.callTestCase(BuiltinKeywords.groovy:334)
	at TS_SMOKE_SUITE_077.run(TS_SMOKE_SUITE_077:31)
	at com.kms.katalon.core.main.ScriptEngine.run(ScriptEngine.java:194)
	at com.kms.katalon.core.main.ScriptEngine.runScriptAsRawText(ScriptEngine.java:119)
	at com.kms.katalon.core.main.TestCaseExecutor.runScript(TestCaseExecutor.java:448)
	at com.kms.katalon.core.main.TestCaseExecutor.doExecute(TestCaseExecutor.java:439)
	at com.kms.katalon.core.main.TestCaseExecutor.processExecutionPhase(TestCaseExecutor.java:418)
	at com.kms.katalon.core.main.TestCaseExecutor.accessMainPhase(TestCaseExecutor.java:410)
	at com.kms.katalon.core.main.TestCaseExecutor.execute(TestCaseExecutor.java:285)
	at com.kms.katalon.core.common.CommonExecutor.accessTestCaseMainPhase(CommonExecutor.java:65)
	at com.kms.katalon.core.main.TestSuiteExecutor.accessTestSuiteMainPhase(TestSuiteExecutor.java:151)
	at com.kms.katalon.core.main.TestSuiteExecutor.execute(TestSuiteExecutor.java:106)
	at com.kms.katalon.core.main.TestCaseMain.startTestSuite(TestCaseMain.java:185)
	at com.kms.katalon.core.main.TestCaseMain$startTestSuite$0.call(Unknown Source)
	at TempTestSuite1692253980874.run(TempTestSuite1692253980874.groovy:36)


2023-08-17 12:44:21 - [MESSAGE][WARNING] - Unable to call Test Case 'Test Cases/CommonMethods/EmptyCart_RunAt_HP' (Root cause: com.kms.katalon.core.exception.StepErrorException: Call Test Case 'Test Cases/CommonMethods/EmptyCart_RunAt_HP' failed because of error(s)
	at com.kms.katalon.core.keyword.builtin.CallTestCaseKeyword$_callTestCase_closure1.doCall(CallTestCaseKeyword.groovy:66)
	at com.kms.katalon.core.keyword.builtin.CallTestCaseKeyword$_callTestCase_closure1.call(CallTestCaseKeyword.groovy)
	at com.kms.katalon.core.keyword.internal.KeywordMain.runKeyword(KeywordMain.groovy:74)
	at com.kms.katalon.core.keyword.builtin.CallTestCaseKeyword.callTestCase(CallTestCaseKeyword.groovy:81)
	at com.kms.katalon.core.keyword.builtin.CallTestCaseKeyword.execute(CallTestCaseKeyword.groovy:44)
	at com.kms.katalon.core.keyword.internal.KeywordExecutor.executeKeywordForPlatform(KeywordExecutor.groovy:74)
	at com.kms.katalon.core.keyword.BuiltinKeywords.callTestCase(BuiltinKeywords.groovy:334)
	at TS_SMOKE_SUITE_077.run(TS_SMOKE_SUITE_077:31)
	at com.kms.katalon.core.main.ScriptEngine.run(ScriptEngine.java:194)
	at com.kms.katalon.core.main.ScriptEngine.runScriptAsRawText(ScriptEngine.java:119)
	at com.kms.katalon.core.main.TestCaseExecutor.runScript(TestCaseExecutor.java:448)
	at com.kms.katalon.core.main.TestCaseExecutor.doExecute(TestCaseExecutor.java:439)
	at com.kms.katalon.core.main.TestCaseExecutor.processExecutionPhase(TestCaseExecutor.java:418)
	at com.kms.katalon.core.main.TestCaseExecutor.accessMainPhase(TestCaseExecutor.java:410)
	at com.kms.katalon.core.main.TestCaseExecutor.execute(TestCaseExecutor.java:285)
	at com.kms.katalon.core.common.CommonExecutor.accessTestCaseMainPhase(CommonExecutor.java:65)
	at com.kms.katalon.core.main.TestSuiteExecutor.accessTestSuiteMainPhase(TestSuiteExecutor.java:151)
	at com.kms.katalon.core.main.TestSuiteExecutor.execute(TestSuiteExecutor.java:106)
	at com.kms.katalon.core.main.TestCaseMain.startTestSuite(TestCaseMain.java:185)
	at com.kms.katalon.core.main.TestCaseMain$startTestSuite$0.call(Unknown Source)
	at TempTestSuite1692253980874.run(TempTestSuite1692253980874.groovy:36)
Caused by: java.lang.NullPointerException
	at com.kms.katalon.core.webui.common.WebUiCommonHelper.findElementsBySelectedMethod(WebUiCommonHelper.java:889)
	at com.kms.katalon.core.webui.common.WebUiCommonHelper.findElementsByDefault(WebUiCommonHelper.java:885)
	at com.kms.katalon.core.webui.common.WebUiCommonHelper.findWebElements(WebUiCommonHelper.java:720)
	at com.kms.katalon.core.webui.keyword.internal.WebUIAbstractKeyword.findWebElements(WebUIAbstractKeyword.groovy:32)
	at com.kms.katalon.core.webui.keyword.WebUiBuiltInKeywords.findWebElements(WebUiBuiltInKeywords.groovy:2860)
	at com.kms.katalon.core.webui.keyword.WebUiBuiltInKeywords$findWebElements$9.call(Unknown Source)
	at EmptyCart_RunAt_HP.run(EmptyCart_RunAt_HP:39)
	at com.kms.katalon.core.main.ScriptEngine.run(ScriptEngine.java:194)
	at com.kms.katalon.core.main.ScriptEngine.runScriptAsRawText(ScriptEngine.java:119)
	at com.kms.katalon.core.main.TestCaseExecutor.runScript(TestCaseExecutor.java:448)
	at com.kms.katalon.core.main.TestCaseExecutor.doExecute(TestCaseExecutor.java:439)
	at com.kms.katalon.core.main.TestCaseExecutor.processExecutionPhase(TestCaseExecutor.java:418)
	at com.kms.katalon.core.main.TestCaseExecutor.accessMainPhase(TestCaseExecutor.java:410)
	at com.kms.katalon.core.main.TestCaseExecutor.execute(TestCaseExecutor.java:285)
	at com.kms.katalon.core.main.TestCaseMain.runTestCase(TestCaseMain.java:142)
	at com.kms.katalon.core.keyword.builtin.CallTestCaseKeyword$_callTestCase_closure1.doCall(CallTestCaseKeyword.groovy:59)
	... 20 more
)

2023-08-17 12:44:21 - [TEST_STEP][PASSED] - click(findTestObject("HomePage/Logo_hp")): Object: 'Object Repository/HomePage/Logo_hp' is clicked on

2023-08-17 12:44:21 - [MESSAGE][PASSED] - Object: 'Object Repository/HomePage/Logo_hp' is clicked on

2023-08-17 12:44:21 - [TEST_STEP][PASSED] - callTestCase(findTestCase("CommonMethods/SearchForAProduct_search"), ["searchTerm":SLProduct], STOP_ON_FAILURE): Call Test Case 'Test Cases/CommonMethods/SearchForAProduct_search' successfully

2023-08-17 12:44:21 - [TEST_CASE][PASSED] - Test Cases/CommonMethods/SearchForAProduct_search: Test Cases/CommonMethods/SearchForAProduct_search

2023-08-17 12:44:21 - [TEST_STEP][PASSED] - click(findTestObject("HomePage/Buscar1"), STOP_ON_FAILURE): Object: 'Object Repository/HomePage/Buscar1' is clicked on

2023-08-17 12:44:22 - [MESSAGE][PASSED] - Object: 'Object Repository/HomePage/Buscar1' is clicked on

2023-08-17 12:44:22 - [TEST_STEP][PASSED] - delay(3): Delayed 3 second(s)

2023-08-17 12:44:25 - [MESSAGE][PASSED] - Delayed 3 second(s)

2023-08-17 12:44:25 - [TEST_STEP][PASSED] - setText(findTestObject("HomePage/Buscar1"), searchTerm): Text 'vaso' is set on object 'Object Repository/HomePage/Buscar1'

2023-08-17 12:44:26 - [MESSAGE][PASSED] - Text 'vaso' is set on object 'Object Repository/HomePage/Buscar1'

2023-08-17 12:44:26 - [TEST_STEP][PASSED] - delay(3): Delayed 3 second(s)

2023-08-17 12:44:29 - [MESSAGE][PASSED] - Delayed 3 second(s)

2023-08-17 12:44:29 - [TEST_STEP][PASSED] - sendKeys(findTestObject("HomePage/Seach_TextBox_hp"), Keys.chord(ENTER)): Keys 'ENTER + ' sent to object: 'Object Repository/HomePage/Seach_TextBox_hp'

2023-08-17 12:44:29 - [MESSAGE][PASSED] - Keys 'ENTER + ' sent to object: 'Object Repository/HomePage/Seach_TextBox_hp'

2023-08-17 12:44:29 - [MESSAGE][PASSED] - Call Test Case 'Test Cases/CommonMethods/SearchForAProduct_search' successfully

2023-08-17 12:44:29 - [TEST_STEP][PASSED] - click(findTestObject("PLPPage/product1_PLP"), OPTIONAL): Object: 'Object Repository/PLPPage/product1_PLP' is clicked on

2023-08-17 12:44:53 - [MESSAGE][PASSED] - Object: 'Object Repository/PLPPage/product1_PLP' is clicked on

2023-08-17 12:44:53 - [TEST_STEP][PASSED] - click(findTestObject("PDPPage/AddToCart_PDP")): Object: 'Object Repository/PDPPage/AddToCart_PDP' is clicked on

2023-08-17 12:45:09 - [MESSAGE][PASSED] - Object: 'Object Repository/PDPPage/AddToCart_PDP' is clicked on

2023-08-17 12:45:09 - [TEST_STEP][PASSED] - click(findTestObject("HomePage/bag_header_HP")): Object: 'Object Repository/HomePage/bag_header_HP' is clicked on

2023-08-17 12:45:12 - [MESSAGE][PASSED] - Object: 'Object Repository/HomePage/bag_header_HP' is clicked on

2023-08-17 12:45:12 - [TEST_STEP][PASSED] - click(findTestObject("CartPage/BuyButton_Cart")): Object: 'Object Repository/CartPage/BuyButton_Cart' is clicked on

2023-08-17 12:45:17 - [MESSAGE][PASSED] - Object: 'Object Repository/CartPage/BuyButton_Cart' is clicked on

2023-08-17 12:45:17 - [TEST_STEP][PASSED] - callTestCase(findTestCase("CommonMethods/create_new_CARD_OPC"), [:], STOP_ON_FAILURE): Call Test Case 'Test Cases/CommonMethods/create_new_CARD_OPC' successfully

2023-08-17 12:45:18 - [TEST_CASE][PASSED] - Test Cases/CommonMethods/create_new_CARD_OPC: Test Cases/CommonMethods/create_new_CARD_OPC

2023-08-17 12:45:18 - [TEST_STEP][PASSED] - click(findTestObject("OPCPage/paymentMethod_change_OPC"), OPTIONAL): Object: 'Object Repository/OPCPage/paymentMethod_change_OPC' is clicked on

2023-08-17 12:45:25 - [MESSAGE][PASSED] - Object: 'Object Repository/OPCPage/paymentMethod_change_OPC' is clicked on

2023-08-17 12:45:25 - [TEST_STEP][PASSED] - click(findTestObject("OPCPage/Payment_Method_Card_OPC"), OPTIONAL): Object: 'Object Repository/OPCPage/Payment_Method_Card_OPC' is clicked on

2023-08-17 12:45:26 - [MESSAGE][PASSED] - Object: 'Object Repository/OPCPage/Payment_Method_Card_OPC' is clicked on

2023-08-17 12:45:26 - [TEST_STEP][PASSED] - click(findTestObject("OPCPage/addnewcard_Popup_OPC"), OPTIONAL): Object: 'Object Repository/OPCPage/addnewcard_Popup_OPC' is clicked on

2023-08-17 12:45:27 - [MESSAGE][PASSED] - Object: 'Object Repository/OPCPage/addnewcard_Popup_OPC' is clicked on

2023-08-17 12:45:27 - [TEST_STEP][PASSED] - cardnumber = "4111111" + RandomStringUtils.randomNumeric(9): null

2023-08-17 12:45:27 - [TEST_STEP][PASSED] - out.println(cardnumber): null

2023-08-17 12:45:27 - [TEST_STEP][PASSED] - cardname = RandomStringUtils.randomAlphabetic(8): null

2023-08-17 12:45:27 - [TEST_STEP][PASSED] - setText(findTestObject("OPCPage/newCardNumber_OPC"), cardnumber): Text '4111111124561717' is set on object 'Object Repository/OPCPage/newCardNumber_OPC'

2023-08-17 12:45:30 - [MESSAGE][PASSED] - Text '4111111124561717' is set on object 'Object Repository/OPCPage/newCardNumber_OPC'

2023-08-17 12:45:30 - [TEST_STEP][PASSED] - setText(findTestObject("OPCPage/EnterCardAlias_OPC"), cardname): Text 'OngKQlpX' is set on object 'Object Repository/OPCPage/EnterCardAlias_OPC'

2023-08-17 12:45:31 - [MESSAGE][PASSED] - Text 'OngKQlpX' is set on object 'Object Repository/OPCPage/EnterCardAlias_OPC'

2023-08-17 12:45:31 - [TEST_STEP][PASSED] - setText(findTestObject("OPCPage/enterCardName_OPC"), "vedant"): Text 'vedant' is set on object 'Object Repository/OPCPage/enterCardName_OPC'

2023-08-17 12:45:32 - [MESSAGE][PASSED] - Text 'vedant' is set on object 'Object Repository/OPCPage/enterCardName_OPC'

2023-08-17 12:45:32 - [TEST_STEP][PASSED] - setText(findTestObject("OPCPage/newCard_expireDATE_POPup_Addcard_OPC"), "12/24"): Text '12/24' is set on object 'Object Repository/OPCPage/newCard_expireDATE_POPup_Addcard_OPC'

2023-08-17 12:45:33 - [MESSAGE][PASSED] - Text '12/24' is set on object 'Object Repository/OPCPage/newCard_expireDATE_POPup_Addcard_OPC'

2023-08-17 12:45:33 - [TEST_STEP][PASSED] - setText(findTestObject("OPCPage/enterCardCVV_OPC"), "123"): Text '123' is set on object 'Object Repository/OPCPage/enterCardCVV_OPC'

2023-08-17 12:45:34 - [MESSAGE][PASSED] - Text '123' is set on object 'Object Repository/OPCPage/enterCardCVV_OPC'

2023-08-17 12:45:34 - [TEST_STEP][PASSED] - click(findTestObject("OPCPage/selectAddress_Card_create_popup")): Object: 'Object Repository/OPCPage/selectAddress_Card_create_popup' is clicked on

2023-08-17 12:45:35 - [MESSAGE][PASSED] - Object: 'Object Repository/OPCPage/selectAddress_Card_create_popup' is clicked on

2023-08-17 12:45:35 - [TEST_STEP][PASSED] - click(findTestObject("OPCPage/AddCard_continue_POPup_OPC")): Object: 'Object Repository/OPCPage/AddCard_continue_POPup_OPC' is clicked on

2023-08-17 12:45:35 - [MESSAGE][PASSED] - Object: 'Object Repository/OPCPage/AddCard_continue_POPup_OPC' is clicked on

2023-08-17 12:45:35 - [TEST_STEP][PASSED] - delay(4): Delayed 4 second(s)

2023-08-17 12:45:39 - [MESSAGE][PASSED] - Delayed 4 second(s)

2023-08-17 12:45:39 - [TEST_STEP][PASSED] - callTestCase(findTestCase("CommonMethods/close any pop up"), [:], OPTIONAL): Unable to call Test Case 'Test Cases/CommonMethods/close any pop up' (Root cause: com.kms.katalon.core.exception.StepFailedException: Call Test Case 'Test Cases/CommonMethods/close any pop up' failed
	at com.kms.katalon.core.keyword.builtin.CallTestCaseKeyword$_callTestCase_closure1.doCall(CallTestCaseKeyword.groovy:63)
	at com.kms.katalon.core.keyword.builtin.CallTestCaseKeyword$_callTestCase_closure1.call(CallTestCaseKeyword.groovy)
	at com.kms.katalon.core.keyword.internal.KeywordMain.runKeyword(KeywordMain.groovy:74)
	at com.kms.katalon.core.keyword.builtin.CallTestCaseKeyword.callTestCase(CallTestCaseKeyword.groovy:81)
	at com.kms.katalon.core.keyword.builtin.CallTestCaseKeyword.execute(CallTestCaseKeyword.groovy:44)
	at com.kms.katalon.core.keyword.internal.KeywordExecutor.executeKeywordForPlatform(KeywordExecutor.groovy:74)
	at com.kms.katalon.core.keyword.BuiltinKeywords.callTestCase(BuiltinKeywords.groovy:334)
	at create_new_CARD_OPC.run(create_new_CARD_OPC:50)
	at com.kms.katalon.core.main.ScriptEngine.run(ScriptEngine.java:194)
	at com.kms.katalon.core.main.ScriptEngine.runScriptAsRawText(ScriptEngine.java:119)
	at com.kms.katalon.core.main.TestCaseExecutor.runScript(TestCaseExecutor.java:448)
	at com.kms.katalon.core.main.TestCaseExecutor.doExecute(TestCaseExecutor.java:439)
	at com.kms.katalon.core.main.TestCaseExecutor.processExecutionPhase(TestCaseExecutor.java:418)
	at com.kms.katalon.core.main.TestCaseExecutor.accessMainPhase(TestCaseExecutor.java:410)
	at com.kms.katalon.core.main.TestCaseExecutor.execute(TestCaseExecutor.java:285)
	at com.kms.katalon.core.main.TestCaseMain.runTestCase(TestCaseMain.java:142)
	at com.kms.katalon.core.keyword.builtin.CallTestCaseKeyword$_callTestCase_closure1.doCall(CallTestCaseKeyword.groovy:59)
	at com.kms.katalon.core.keyword.builtin.CallTestCaseKeyword$_callTestCase_closure1.call(CallTestCaseKeyword.groovy)
	at com.kms.katalon.core.keyword.internal.KeywordMain.runKeyword(KeywordMain.groovy:74)
	at com.kms.katalon.core.keyword.builtin.CallTestCaseKeyword.callTestCase(CallTestCaseKeyword.groovy:81)
	at com.kms.katalon.core.keyword.builtin.CallTestCaseKeyword.execute(CallTestCaseKeyword.groovy:44)
	at com.kms.katalon.core.keyword.internal.KeywordExecutor.executeKeywordForPlatform(KeywordExecutor.groovy:74)
	at com.kms.katalon.core.keyword.BuiltinKeywords.callTestCase(BuiltinKeywords.groovy:334)
	at TS_SMOKE_SUITE_077.run(TS_SMOKE_SUITE_077:46)
	at com.kms.katalon.core.main.ScriptEngine.run(ScriptEngine.java:194)
	at com.kms.katalon.core.main.ScriptEngine.runScriptAsRawText(ScriptEngine.java:119)
	at com.kms.katalon.core.main.TestCaseExecutor.runScript(TestCaseExecutor.java:448)
	at com.kms.katalon.core.main.TestCaseExecutor.doExecute(TestCaseExecutor.java:439)
	at com.kms.katalon.core.main.TestCaseExecutor.processExecutionPhase(TestCaseExecutor.java:418)
	at com.kms.katalon.core.main.TestCaseExecutor.accessMainPhase(TestCaseExecutor.java:410)
	at com.kms.katalon.core.main.TestCaseExecutor.execute(TestCaseExecutor.java:285)
	at com.kms.katalon.core.common.CommonExecutor.accessTestCaseMainPhase(CommonExecutor.java:65)
	at com.kms.katalon.core.main.TestSuiteExecutor.accessTestSuiteMainPhase(TestSuiteExecutor.java:151)
	at com.kms.katalon.core.main.TestSuiteExecutor.execute(TestSuiteExecutor.java:106)
	at com.kms.katalon.core.main.TestCaseMain.startTestSuite(TestCaseMain.java:185)
	at com.kms.katalon.core.main.TestCaseMain$startTestSuite$0.call(Unknown Source)
	at TempTestSuite1692253980874.run(TempTestSuite1692253980874.groovy:36)
Caused by: com.kms.katalon.core.exception.StepFailedException: Unable to click on object 'Object Repository/OPCPage/close_popup_OPC'
	at com.kms.katalon.core.webui.keyword.internal.WebUIKeywordMain.stepFailed(WebUIKeywordMain.groovy:64)
	at com.kms.katalon.core.webui.keyword.internal.WebUIKeywordMain.runKeyword(WebUIKeywordMain.groovy:26)
	at com.kms.katalon.core.webui.keyword.builtin.ClickKeyword.click(ClickKeyword.groovy:74)
	at com.kms.katalon.core.webui.keyword.builtin.ClickKeyword.execute(ClickKeyword.groovy:40)
	at com.kms.katalon.core.keyword.internal.KeywordExecutor.executeKeywordForPlatform(KeywordExecutor.groovy:74)
	at com.kms.katalon.core.webui.keyword.WebUiBuiltInKeywords.click(WebUiBuiltInKeywords.groovy:620)
	at com.kms.katalon.core.webui.keyword.WebUiBuiltInKeywords$click$2.call(Unknown Source)
	at close any pop up.run(close any pop up:20)
	at com.kms.katalon.core.main.ScriptEngine.run(ScriptEngine.java:194)
	at com.kms.katalon.core.main.ScriptEngine.runScriptAsRawText(ScriptEngine.java:119)
	at com.kms.katalon.core.main.TestCaseExecutor.runScript(TestCaseExecutor.java:448)
	at com.kms.katalon.core.main.TestCaseExecutor.doExecute(TestCaseExecutor.java:439)
	at com.kms.katalon.core.main.TestCaseExecutor.processExecutionPhase(TestCaseExecutor.java:418)
	at com.kms.katalon.core.main.TestCaseExecutor.accessMainPhase(TestCaseExecutor.java:410)
	at com.kms.katalon.core.main.TestCaseExecutor.execute(TestCaseExecutor.java:285)
	at com.kms.katalon.core.main.TestCaseMain.runTestCase(TestCaseMain.java:142)
	at com.kms.katalon.core.keyword.builtin.CallTestCaseKeyword$_callTestCase_closure1.doCall(CallTestCaseKeyword.groovy:59)
	... 36 more
Caused by: org.openqa.selenium.ElementNotInteractableException: element not interactable
  (Session info: chrome=115.0.5790.171)
Build info: version: '3.141.59', revision: 'e82be7d358', time: '2018-11-14T08:25:53'
System info: host: 'DESKTOP-L51QJLB', ip: '172.22.45.143', os.name: 'Windows 10', os.arch: 'amd64', os.version: '10.0', java.version: '1.8.0_282'
Driver info: com.kms.katalon.selenium.driver.CChromeDriver
Capabilities {acceptInsecureCerts: false, browserName: chrome, browserVersion: 115.0.5790.171, chrome: {chromedriverVersion: 114.0.5735.90 (386bc09e8f4f..., userDataDir: C:\Users\DELL\AppData\Local...}, goog:chromeOptions: {debuggerAddress: localhost:63922}, javascriptEnabled: true, networkConnectionEnabled: false, pageLoadStrategy: normal, platform: WINDOWS, platformName: WINDOWS, proxy: Proxy(), setWindowRect: true, strictFileInteractability: false, timeouts: {implicit: 0, pageLoad: 300000, script: 30000}, unhandledPromptBehavior: dismiss and notify, webauthn:extension:credBlob: true, webauthn:extension:largeBlob: true, webauthn:extension:minPinLength: true, webauthn:extension:prf: true, webauthn:virtualAuthenticators: true}
Session ID: 44980ff01c1fa66794635551efed33b2
	at org.openqa.selenium.remote.http.W3CHttpResponseCodec.createException(W3CHttpResponseCodec.java:187)
	at org.openqa.selenium.remote.http.W3CHttpResponseCodec.decode(W3CHttpResponseCodec.java:122)
	at org.openqa.selenium.remote.http.W3CHttpResponseCodec.decode(W3CHttpResponseCodec.java:49)
	at org.openqa.selenium.remote.HttpCommandExecutor.execute(HttpCommandExecutor.java:158)
	at org.openqa.selenium.remote.service.DriverCommandExecutor.execute(DriverCommandExecutor.java:83)
	at org.openqa.selenium.remote.RemoteWebDriver.execute(RemoteWebDriver.java:552)
	at com.kms.katalon.selenium.driver.CChromeDriver.execute(CChromeDriver.java:19)
	at org.openqa.selenium.remote.RemoteWebElement.execute(RemoteWebElement.java:285)
	at org.openqa.selenium.remote.RemoteWebElement.click(RemoteWebElement.java:84)
	at org.openqa.selenium.support.events.EventFiringWebDriver$EventFiringWebElement.lambda$new$0(EventFiringWebDriver.java:404)
	at com.sun.proxy.$Proxy11.click(Unknown Source)
	at org.openqa.selenium.support.events.EventFiringWebDriver$EventFiringWebElement.click(EventFiringWebDriver.java:417)
	at org.openqa.selenium.WebElement$click.call(Unknown Source)
	at com.kms.katalon.core.webui.keyword.builtin.ClickKeyword.clickUntilSuccessWithTimeout(ClickKeyword.groovy:81)
	at com.kms.katalon.core.webui.keyword.builtin.ClickKeyword.clickUntilSuccessWithTimeout(ClickKeyword.groovy)
	at com.kms.katalon.core.webui.keyword.builtin.ClickKeyword$_click_closure1.doCall(ClickKeyword.groovy:67)
	at com.kms.katalon.core.webui.keyword.builtin.ClickKeyword$_click_closure1.call(ClickKeyword.groovy)
	at com.kms.katalon.core.webui.keyword.internal.WebUIKeywordMain.runKeyword(WebUIKeywordMain.groovy:20)
	... 51 more
)

2023-08-17 12:45:39 - [TEST_CASE][FAILED] - Test Cases/CommonMethods/close any pop up: Test Cases/CommonMethods/close any pop up FAILED.
Reason:
com.kms.katalon.core.exception.StepFailedException: Unable to click on object 'Object Repository/OPCPage/close_popup_OPC'
	at com.kms.katalon.core.webui.keyword.internal.WebUIKeywordMain.stepFailed(WebUIKeywordMain.groovy:64)
	at com.kms.katalon.core.webui.keyword.internal.WebUIKeywordMain.runKeyword(WebUIKeywordMain.groovy:26)
	at com.kms.katalon.core.webui.keyword.builtin.ClickKeyword.click(ClickKeyword.groovy:74)
	at com.kms.katalon.core.webui.keyword.builtin.ClickKeyword.execute(ClickKeyword.groovy:40)
	at com.kms.katalon.core.keyword.internal.KeywordExecutor.executeKeywordForPlatform(KeywordExecutor.groovy:74)
	at com.kms.katalon.core.webui.keyword.WebUiBuiltInKeywords.click(WebUiBuiltInKeywords.groovy:620)
	at com.kms.katalon.core.webui.keyword.WebUiBuiltInKeywords$click$2.call(Unknown Source)
	at close any pop up.run(close any pop up:20)
	at com.kms.katalon.core.main.ScriptEngine.run(ScriptEngine.java:194)
	at com.kms.katalon.core.main.ScriptEngine.runScriptAsRawText(ScriptEngine.java:119)
	at com.kms.katalon.core.main.TestCaseExecutor.runScript(TestCaseExecutor.java:448)
	at com.kms.katalon.core.main.TestCaseExecutor.doExecute(TestCaseExecutor.java:439)
	at com.kms.katalon.core.main.TestCaseExecutor.processExecutionPhase(TestCaseExecutor.java:418)
	at com.kms.katalon.core.main.TestCaseExecutor.accessMainPhase(TestCaseExecutor.java:410)
	at com.kms.katalon.core.main.TestCaseExecutor.execute(TestCaseExecutor.java:285)
	at com.kms.katalon.core.main.TestCaseMain.runTestCase(TestCaseMain.java:142)
	at com.kms.katalon.core.keyword.builtin.CallTestCaseKeyword$_callTestCase_closure1.doCall(CallTestCaseKeyword.groovy:59)
	at com.kms.katalon.core.keyword.builtin.CallTestCaseKeyword$_callTestCase_closure1.call(CallTestCaseKeyword.groovy)
	at com.kms.katalon.core.keyword.internal.KeywordMain.runKeyword(KeywordMain.groovy:74)
	at com.kms.katalon.core.keyword.builtin.CallTestCaseKeyword.callTestCase(CallTestCaseKeyword.groovy:81)
	at com.kms.katalon.core.keyword.builtin.CallTestCaseKeyword.execute(CallTestCaseKeyword.groovy:44)
	at com.kms.katalon.core.keyword.internal.KeywordExecutor.executeKeywordForPlatform(KeywordExecutor.groovy:74)
	at com.kms.katalon.core.keyword.BuiltinKeywords.callTestCase(BuiltinKeywords.groovy:334)
	at create_new_CARD_OPC.run(create_new_CARD_OPC:50)
	at com.kms.katalon.core.main.ScriptEngine.run(ScriptEngine.java:194)
	at com.kms.katalon.core.main.ScriptEngine.runScriptAsRawText(ScriptEngine.java:119)
	at com.kms.katalon.core.main.TestCaseExecutor.runScript(TestCaseExecutor.java:448)
	at com.kms.katalon.core.main.TestCaseExecutor.doExecute(TestCaseExecutor.java:439)
	at com.kms.katalon.core.main.TestCaseExecutor.processExecutionPhase(TestCaseExecutor.java:418)
	at com.kms.katalon.core.main.TestCaseExecutor.accessMainPhase(TestCaseExecutor.java:410)
	at com.kms.katalon.core.main.TestCaseExecutor.execute(TestCaseExecutor.java:285)
	at com.kms.katalon.core.main.TestCaseMain.runTestCase(TestCaseMain.java:142)
	at com.kms.katalon.core.keyword.builtin.CallTestCaseKeyword$_callTestCase_closure1.doCall(CallTestCaseKeyword.groovy:59)
	at com.kms.katalon.core.keyword.builtin.CallTestCaseKeyword$_callTestCase_closure1.call(CallTestCaseKeyword.groovy)
	at com.kms.katalon.core.keyword.internal.KeywordMain.runKeyword(KeywordMain.groovy:74)
	at com.kms.katalon.core.keyword.builtin.CallTestCaseKeyword.callTestCase(CallTestCaseKeyword.groovy:81)
	at com.kms.katalon.core.keyword.builtin.CallTestCaseKeyword.execute(CallTestCaseKeyword.groovy:44)
	at com.kms.katalon.core.keyword.internal.KeywordExecutor.executeKeywordForPlatform(KeywordExecutor.groovy:74)
	at com.kms.katalon.core.keyword.BuiltinKeywords.callTestCase(BuiltinKeywords.groovy:334)
	at TS_SMOKE_SUITE_077.run(TS_SMOKE_SUITE_077:46)
	at com.kms.katalon.core.main.ScriptEngine.run(ScriptEngine.java:194)
	at com.kms.katalon.core.main.ScriptEngine.runScriptAsRawText(ScriptEngine.java:119)
	at com.kms.katalon.core.main.TestCaseExecutor.runScript(TestCaseExecutor.java:448)
	at com.kms.katalon.core.main.TestCaseExecutor.doExecute(TestCaseExecutor.java:439)
	at com.kms.katalon.core.main.TestCaseExecutor.processExecutionPhase(TestCaseExecutor.java:418)
	at com.kms.katalon.core.main.TestCaseExecutor.accessMainPhase(TestCaseExecutor.java:410)
	at com.kms.katalon.core.main.TestCaseExecutor.execute(TestCaseExecutor.java:285)
	at com.kms.katalon.core.common.CommonExecutor.accessTestCaseMainPhase(CommonExecutor.java:65)
	at com.kms.katalon.core.main.TestSuiteExecutor.accessTestSuiteMainPhase(TestSuiteExecutor.java:151)
	at com.kms.katalon.core.main.TestSuiteExecutor.execute(TestSuiteExecutor.java:106)
	at com.kms.katalon.core.main.TestCaseMain.startTestSuite(TestCaseMain.java:185)
	at com.kms.katalon.core.main.TestCaseMain$startTestSuite$0.call(Unknown Source)
	at TempTestSuite1692253980874.run(TempTestSuite1692253980874.groovy:36)
Caused by: org.openqa.selenium.ElementNotInteractableException: element not interactable
  (Session info: chrome=115.0.5790.171)
Build info: version: '3.141.59', revision: 'e82be7d358', time: '2018-11-14T08:25:53'
System info: host: 'DESKTOP-L51QJLB', ip: '172.22.45.143', os.name: 'Windows 10', os.arch: 'amd64', os.version: '10.0', java.version: '1.8.0_282'
Driver info: com.kms.katalon.selenium.driver.CChromeDriver
Capabilities {acceptInsecureCerts: false, browserName: chrome, browserVersion: 115.0.5790.171, chrome: {chromedriverVersion: 114.0.5735.90 (386bc09e8f4f..., userDataDir: C:\Users\DELL\AppData\Local...}, goog:chromeOptions: {debuggerAddress: localhost:63922}, javascriptEnabled: true, networkConnectionEnabled: false, pageLoadStrategy: normal, platform: WINDOWS, platformName: WINDOWS, proxy: Proxy(), setWindowRect: true, strictFileInteractability: false, timeouts: {implicit: 0, pageLoad: 300000, script: 30000}, unhandledPromptBehavior: dismiss and notify, webauthn:extension:credBlob: true, webauthn:extension:largeBlob: true, webauthn:extension:minPinLength: true, webauthn:extension:prf: true, webauthn:virtualAuthenticators: true}
Session ID: 44980ff01c1fa66794635551efed33b2
	at org.openqa.selenium.remote.http.W3CHttpResponseCodec.createException(W3CHttpResponseCodec.java:187)
	at org.openqa.selenium.remote.http.W3CHttpResponseCodec.decode(W3CHttpResponseCodec.java:122)
	at org.openqa.selenium.remote.http.W3CHttpResponseCodec.decode(W3CHttpResponseCodec.java:49)
	at org.openqa.selenium.remote.HttpCommandExecutor.execute(HttpCommandExecutor.java:158)
	at org.openqa.selenium.remote.service.DriverCommandExecutor.execute(DriverCommandExecutor.java:83)
	at org.openqa.selenium.remote.RemoteWebDriver.execute(RemoteWebDriver.java:552)
	at com.kms.katalon.selenium.driver.CChromeDriver.execute(CChromeDriver.java:19)
	at org.openqa.selenium.remote.RemoteWebElement.execute(RemoteWebElement.java:285)
	at org.openqa.selenium.remote.RemoteWebElement.click(RemoteWebElement.java:84)
	at org.openqa.selenium.support.events.EventFiringWebDriver$EventFiringWebElement.lambda$new$0(EventFiringWebDriver.java:404)
	at com.sun.proxy.$Proxy11.click(Unknown Source)
	at org.openqa.selenium.support.events.EventFiringWebDriver$EventFiringWebElement.click(EventFiringWebDriver.java:417)
	at org.openqa.selenium.WebElement$click.call(Unknown Source)
	at com.kms.katalon.core.webui.keyword.builtin.ClickKeyword.clickUntilSuccessWithTimeout(ClickKeyword.groovy:81)
	at com.kms.katalon.core.webui.keyword.builtin.ClickKeyword.clickUntilSuccessWithTimeout(ClickKeyword.groovy)
	at com.kms.katalon.core.webui.keyword.builtin.ClickKeyword$_click_closure1.doCall(ClickKeyword.groovy:67)
	at com.kms.katalon.core.webui.keyword.builtin.ClickKeyword$_click_closure1.call(ClickKeyword.groovy)
	at com.kms.katalon.core.webui.keyword.internal.WebUIKeywordMain.runKeyword(WebUIKeywordMain.groovy:20)
	... 51 more


2023-08-17 12:45:39 - [TEST_STEP][FAILED] - click(findTestObject("OPCPage/close_popup_OPC")): Unable to click on object 'Object Repository/OPCPage/close_popup_OPC' (Root cause: com.kms.katalon.core.exception.StepFailedException: Unable to click on object 'Object Repository/OPCPage/close_popup_OPC'
	at com.kms.katalon.core.webui.keyword.internal.WebUIKeywordMain.stepFailed(WebUIKeywordMain.groovy:64)
	at com.kms.katalon.core.webui.keyword.internal.WebUIKeywordMain.runKeyword(WebUIKeywordMain.groovy:26)
	at com.kms.katalon.core.webui.keyword.builtin.ClickKeyword.click(ClickKeyword.groovy:74)
	at com.kms.katalon.core.webui.keyword.builtin.ClickKeyword.execute(ClickKeyword.groovy:40)
	at com.kms.katalon.core.keyword.internal.KeywordExecutor.executeKeywordForPlatform(KeywordExecutor.groovy:74)
	at com.kms.katalon.core.webui.keyword.WebUiBuiltInKeywords.click(WebUiBuiltInKeywords.groovy:620)
	at com.kms.katalon.core.webui.keyword.WebUiBuiltInKeywords$click$2.call(Unknown Source)
	at close any pop up.run(close any pop up:20)
	at com.kms.katalon.core.main.ScriptEngine.run(ScriptEngine.java:194)
	at com.kms.katalon.core.main.ScriptEngine.runScriptAsRawText(ScriptEngine.java:119)
	at com.kms.katalon.core.main.TestCaseExecutor.runScript(TestCaseExecutor.java:448)
	at com.kms.katalon.core.main.TestCaseExecutor.doExecute(TestCaseExecutor.java:439)
	at com.kms.katalon.core.main.TestCaseExecutor.processExecutionPhase(TestCaseExecutor.java:418)
	at com.kms.katalon.core.main.TestCaseExecutor.accessMainPhase(TestCaseExecutor.java:410)
	at com.kms.katalon.core.main.TestCaseExecutor.execute(TestCaseExecutor.java:285)
	at com.kms.katalon.core.main.TestCaseMain.runTestCase(TestCaseMain.java:142)
	at com.kms.katalon.core.keyword.builtin.CallTestCaseKeyword$_callTestCase_closure1.doCall(CallTestCaseKeyword.groovy:59)
	at com.kms.katalon.core.keyword.builtin.CallTestCaseKeyword$_callTestCase_closure1.call(CallTestCaseKeyword.groovy)
	at com.kms.katalon.core.keyword.internal.KeywordMain.runKeyword(KeywordMain.groovy:74)
	at com.kms.katalon.core.keyword.builtin.CallTestCaseKeyword.callTestCase(CallTestCaseKeyword.groovy:81)
	at com.kms.katalon.core.keyword.builtin.CallTestCaseKeyword.execute(CallTestCaseKeyword.groovy:44)
	at com.kms.katalon.core.keyword.internal.KeywordExecutor.executeKeywordForPlatform(KeywordExecutor.groovy:74)
	at com.kms.katalon.core.keyword.BuiltinKeywords.callTestCase(BuiltinKeywords.groovy:334)
	at create_new_CARD_OPC.run(create_new_CARD_OPC:50)
	at com.kms.katalon.core.main.ScriptEngine.run(ScriptEngine.java:194)
	at com.kms.katalon.core.main.ScriptEngine.runScriptAsRawText(ScriptEngine.java:119)
	at com.kms.katalon.core.main.TestCaseExecutor.runScript(TestCaseExecutor.java:448)
	at com.kms.katalon.core.main.TestCaseExecutor.doExecute(TestCaseExecutor.java:439)
	at com.kms.katalon.core.main.TestCaseExecutor.processExecutionPhase(TestCaseExecutor.java:418)
	at com.kms.katalon.core.main.TestCaseExecutor.accessMainPhase(TestCaseExecutor.java:410)
	at com.kms.katalon.core.main.TestCaseExecutor.execute(TestCaseExecutor.java:285)
	at com.kms.katalon.core.main.TestCaseMain.runTestCase(TestCaseMain.java:142)
	at com.kms.katalon.core.keyword.builtin.CallTestCaseKeyword$_callTestCase_closure1.doCall(CallTestCaseKeyword.groovy:59)
	at com.kms.katalon.core.keyword.builtin.CallTestCaseKeyword$_callTestCase_closure1.call(CallTestCaseKeyword.groovy)
	at com.kms.katalon.core.keyword.internal.KeywordMain.runKeyword(KeywordMain.groovy:74)
	at com.kms.katalon.core.keyword.builtin.CallTestCaseKeyword.callTestCase(CallTestCaseKeyword.groovy:81)
	at com.kms.katalon.core.keyword.builtin.CallTestCaseKeyword.execute(CallTestCaseKeyword.groovy:44)
	at com.kms.katalon.core.keyword.internal.KeywordExecutor.executeKeywordForPlatform(KeywordExecutor.groovy:74)
	at com.kms.katalon.core.keyword.BuiltinKeywords.callTestCase(BuiltinKeywords.groovy:334)
	at TS_SMOKE_SUITE_077.run(TS_SMOKE_SUITE_077:46)
	at com.kms.katalon.core.main.ScriptEngine.run(ScriptEngine.java:194)
	at com.kms.katalon.core.main.ScriptEngine.runScriptAsRawText(ScriptEngine.java:119)
	at com.kms.katalon.core.main.TestCaseExecutor.runScript(TestCaseExecutor.java:448)
	at com.kms.katalon.core.main.TestCaseExecutor.doExecute(TestCaseExecutor.java:439)
	at com.kms.katalon.core.main.TestCaseExecutor.processExecutionPhase(TestCaseExecutor.java:418)
	at com.kms.katalon.core.main.TestCaseExecutor.accessMainPhase(TestCaseExecutor.java:410)
	at com.kms.katalon.core.main.TestCaseExecutor.execute(TestCaseExecutor.java:285)
	at com.kms.katalon.core.common.CommonExecutor.accessTestCaseMainPhase(CommonExecutor.java:65)
	at com.kms.katalon.core.main.TestSuiteExecutor.accessTestSuiteMainPhase(TestSuiteExecutor.java:151)
	at com.kms.katalon.core.main.TestSuiteExecutor.execute(TestSuiteExecutor.java:106)
	at com.kms.katalon.core.main.TestCaseMain.startTestSuite(TestCaseMain.java:185)
	at com.kms.katalon.core.main.TestCaseMain$startTestSuite$0.call(Unknown Source)
	at TempTestSuite1692253980874.run(TempTestSuite1692253980874.groovy:36)
Caused by: org.openqa.selenium.ElementNotInteractableException: element not interactable
  (Session info: chrome=115.0.5790.171)
Build info: version: '3.141.59', revision: 'e82be7d358', time: '2018-11-14T08:25:53'
System info: host: 'DESKTOP-L51QJLB', ip: '172.22.45.143', os.name: 'Windows 10', os.arch: 'amd64', os.version: '10.0', java.version: '1.8.0_282'
Driver info: com.kms.katalon.selenium.driver.CChromeDriver
Capabilities {acceptInsecureCerts: false, browserName: chrome, browserVersion: 115.0.5790.171, chrome: {chromedriverVersion: 114.0.5735.90 (386bc09e8f4f..., userDataDir: C:\Users\DELL\AppData\Local...}, goog:chromeOptions: {debuggerAddress: localhost:63922}, javascriptEnabled: true, networkConnectionEnabled: false, pageLoadStrategy: normal, platform: WINDOWS, platformName: WINDOWS, proxy: Proxy(), setWindowRect: true, strictFileInteractability: false, timeouts: {implicit: 0, pageLoad: 300000, script: 30000}, unhandledPromptBehavior: dismiss and notify, webauthn:extension:credBlob: true, webauthn:extension:largeBlob: true, webauthn:extension:minPinLength: true, webauthn:extension:prf: true, webauthn:virtualAuthenticators: true}
Session ID: 44980ff01c1fa66794635551efed33b2
	at org.openqa.selenium.remote.http.W3CHttpResponseCodec.createException(W3CHttpResponseCodec.java:187)
	at org.openqa.selenium.remote.http.W3CHttpResponseCodec.decode(W3CHttpResponseCodec.java:122)
	at org.openqa.selenium.remote.http.W3CHttpResponseCodec.decode(W3CHttpResponseCodec.java:49)
	at org.openqa.selenium.remote.HttpCommandExecutor.execute(HttpCommandExecutor.java:158)
	at org.openqa.selenium.remote.service.DriverCommandExecutor.execute(DriverCommandExecutor.java:83)
	at org.openqa.selenium.remote.RemoteWebDriver.execute(RemoteWebDriver.java:552)
	at com.kms.katalon.selenium.driver.CChromeDriver.execute(CChromeDriver.java:19)
	at org.openqa.selenium.remote.RemoteWebElement.execute(RemoteWebElement.java:285)
	at org.openqa.selenium.remote.RemoteWebElement.click(RemoteWebElement.java:84)
	at org.openqa.selenium.support.events.EventFiringWebDriver$EventFiringWebElement.lambda$new$0(EventFiringWebDriver.java:404)
	at com.sun.proxy.$Proxy11.click(Unknown Source)
	at org.openqa.selenium.support.events.EventFiringWebDriver$EventFiringWebElement.click(EventFiringWebDriver.java:417)
	at org.openqa.selenium.WebElement$click.call(Unknown Source)
	at com.kms.katalon.core.webui.keyword.builtin.ClickKeyword.clickUntilSuccessWithTimeout(ClickKeyword.groovy:81)
	at com.kms.katalon.core.webui.keyword.builtin.ClickKeyword.clickUntilSuccessWithTimeout(ClickKeyword.groovy)
	at com.kms.katalon.core.webui.keyword.builtin.ClickKeyword$_click_closure1.doCall(ClickKeyword.groovy:67)
	at com.kms.katalon.core.webui.keyword.builtin.ClickKeyword$_click_closure1.call(ClickKeyword.groovy)
	at com.kms.katalon.core.webui.keyword.internal.WebUIKeywordMain.runKeyword(WebUIKeywordMain.groovy:20)
	at com.kms.katalon.core.webui.keyword.builtin.ClickKeyword.click(ClickKeyword.groovy:74)
	at com.kms.katalon.core.webui.keyword.builtin.ClickKeyword.execute(ClickKeyword.groovy:40)
	at com.kms.katalon.core.keyword.internal.KeywordExecutor.executeKeywordForPlatform(KeywordExecutor.groovy:74)
	at com.kms.katalon.core.webui.keyword.WebUiBuiltInKeywords.click(WebUiBuiltInKeywords.groovy:620)
	at com.kms.katalon.core.webui.keyword.WebUiBuiltInKeywords$click$2.call(Unknown Source)
	at Script1684135793852.run(Script1684135793852.groovy:20)
	at com.kms.katalon.core.main.ScriptEngine.run(ScriptEngine.java:194)
	at com.kms.katalon.core.main.ScriptEngine.runScriptAsRawText(ScriptEngine.java:119)
	at com.kms.katalon.core.main.TestCaseExecutor.runScript(TestCaseExecutor.java:448)
	at com.kms.katalon.core.main.TestCaseExecutor.doExecute(TestCaseExecutor.java:439)
	at com.kms.katalon.core.main.TestCaseExecutor.processExecutionPhase(TestCaseExecutor.java:418)
	at com.kms.katalon.core.main.TestCaseExecutor.accessMainPhase(TestCaseExecutor.java:410)
	at com.kms.katalon.core.main.TestCaseExecutor.execute(TestCaseExecutor.java:285)
	at com.kms.katalon.core.main.TestCaseMain.runTestCase(TestCaseMain.java:142)
	at com.kms.katalon.core.keyword.builtin.CallTestCaseKeyword$_callTestCase_closure1.doCall(CallTestCaseKeyword.groovy:59)
	at com.kms.katalon.core.keyword.builtin.CallTestCaseKeyword$_callTestCase_closure1.call(CallTestCaseKeyword.groovy)
	at com.kms.katalon.core.keyword.internal.KeywordMain.runKeyword(KeywordMain.groovy:74)
	at com.kms.katalon.core.keyword.builtin.CallTestCaseKeyword.callTestCase(CallTestCaseKeyword.groovy:81)
	at com.kms.katalon.core.keyword.builtin.CallTestCaseKeyword.execute(CallTestCaseKeyword.groovy:44)
	at com.kms.katalon.core.keyword.internal.KeywordExecutor.executeKeywordForPlatform(KeywordExecutor.groovy:74)
	at com.kms.katalon.core.keyword.BuiltinKeywords.callTestCase(BuiltinKeywords.groovy:334)
	at Script1684101683596.run(Script1684101683596.groovy:50)
	at com.kms.katalon.core.main.ScriptEngine.run(ScriptEngine.java:194)
	at com.kms.katalon.core.main.ScriptEngine.runScriptAsRawText(ScriptEngine.java:119)
	at com.kms.katalon.core.main.TestCaseExecutor.runScript(TestCaseExecutor.java:448)
	at com.kms.katalon.core.main.TestCaseExecutor.doExecute(TestCaseExecutor.java:439)
	at com.kms.katalon.core.main.TestCaseExecutor.processExecutionPhase(TestCaseExecutor.java:418)
	at com.kms.katalon.core.main.TestCaseExecutor.accessMainPhase(TestCaseExecutor.java:410)
	at com.kms.katalon.core.main.TestCaseExecutor.execute(TestCaseExecutor.java:285)
	at com.kms.katalon.core.main.TestCaseMain.runTestCase(TestCaseMain.java:142)
	at com.kms.katalon.core.keyword.builtin.CallTestCaseKeyword$_callTestCase_closure1.doCall(CallTestCaseKeyword.groovy:59)
	at com.kms.katalon.core.keyword.builtin.CallTestCaseKeyword$_callTestCase_closure1.call(CallTestCaseKeyword.groovy)
	at com.kms.katalon.core.keyword.internal.KeywordMain.runKeyword(KeywordMain.groovy:74)
	at com.kms.katalon.core.keyword.builtin.CallTestCaseKeyword.callTestCase(CallTestCaseKeyword.groovy:81)
	at com.kms.katalon.core.keyword.builtin.CallTestCaseKeyword.execute(CallTestCaseKeyword.groovy:44)
	at com.kms.katalon.core.keyword.internal.KeywordExecutor.executeKeywordForPlatform(KeywordExecutor.groovy:74)
	at com.kms.katalon.core.keyword.BuiltinKeywords.callTestCase(BuiltinKeywords.groovy:334)
	at Script1691525490171.run(Script1691525490171.groovy:46)
	... 13 more
)

2023-08-17 12:45:40 - [MESSAGE][FAILED] - Unable to click on object 'Object Repository/OPCPage/close_popup_OPC' (Root cause: com.kms.katalon.core.exception.StepFailedException: Unable to click on object 'Object Repository/OPCPage/close_popup_OPC'
	at com.kms.katalon.core.webui.keyword.internal.WebUIKeywordMain.stepFailed(WebUIKeywordMain.groovy:64)
	at com.kms.katalon.core.webui.keyword.internal.WebUIKeywordMain.runKeyword(WebUIKeywordMain.groovy:26)
	at com.kms.katalon.core.webui.keyword.builtin.ClickKeyword.click(ClickKeyword.groovy:74)
	at com.kms.katalon.core.webui.keyword.builtin.ClickKeyword.execute(ClickKeyword.groovy:40)
	at com.kms.katalon.core.keyword.internal.KeywordExecutor.executeKeywordForPlatform(KeywordExecutor.groovy:74)
	at com.kms.katalon.core.webui.keyword.WebUiBuiltInKeywords.click(WebUiBuiltInKeywords.groovy:620)
	at com.kms.katalon.core.webui.keyword.WebUiBuiltInKeywords$click$2.call(Unknown Source)
	at close any pop up.run(close any pop up:20)
	at com.kms.katalon.core.main.ScriptEngine.run(ScriptEngine.java:194)
	at com.kms.katalon.core.main.ScriptEngine.runScriptAsRawText(ScriptEngine.java:119)
	at com.kms.katalon.core.main.TestCaseExecutor.runScript(TestCaseExecutor.java:448)
	at com.kms.katalon.core.main.TestCaseExecutor.doExecute(TestCaseExecutor.java:439)
	at com.kms.katalon.core.main.TestCaseExecutor.processExecutionPhase(TestCaseExecutor.java:418)
	at com.kms.katalon.core.main.TestCaseExecutor.accessMainPhase(TestCaseExecutor.java:410)
	at com.kms.katalon.core.main.TestCaseExecutor.execute(TestCaseExecutor.java:285)
	at com.kms.katalon.core.main.TestCaseMain.runTestCase(TestCaseMain.java:142)
	at com.kms.katalon.core.keyword.builtin.CallTestCaseKeyword$_callTestCase_closure1.doCall(CallTestCaseKeyword.groovy:59)
	at com.kms.katalon.core.keyword.builtin.CallTestCaseKeyword$_callTestCase_closure1.call(CallTestCaseKeyword.groovy)
	at com.kms.katalon.core.keyword.internal.KeywordMain.runKeyword(KeywordMain.groovy:74)
	at com.kms.katalon.core.keyword.builtin.CallTestCaseKeyword.callTestCase(CallTestCaseKeyword.groovy:81)
	at com.kms.katalon.core.keyword.builtin.CallTestCaseKeyword.execute(CallTestCaseKeyword.groovy:44)
	at com.kms.katalon.core.keyword.internal.KeywordExecutor.executeKeywordForPlatform(KeywordExecutor.groovy:74)
	at com.kms.katalon.core.keyword.BuiltinKeywords.callTestCase(BuiltinKeywords.groovy:334)
	at create_new_CARD_OPC.run(create_new_CARD_OPC:50)
	at com.kms.katalon.core.main.ScriptEngine.run(ScriptEngine.java:194)
	at com.kms.katalon.core.main.ScriptEngine.runScriptAsRawText(ScriptEngine.java:119)
	at com.kms.katalon.core.main.TestCaseExecutor.runScript(TestCaseExecutor.java:448)
	at com.kms.katalon.core.main.TestCaseExecutor.doExecute(TestCaseExecutor.java:439)
	at com.kms.katalon.core.main.TestCaseExecutor.processExecutionPhase(TestCaseExecutor.java:418)
	at com.kms.katalon.core.main.TestCaseExecutor.accessMainPhase(TestCaseExecutor.java:410)
	at com.kms.katalon.core.main.TestCaseExecutor.execute(TestCaseExecutor.java:285)
	at com.kms.katalon.core.main.TestCaseMain.runTestCase(TestCaseMain.java:142)
	at com.kms.katalon.core.keyword.builtin.CallTestCaseKeyword$_callTestCase_closure1.doCall(CallTestCaseKeyword.groovy:59)
	at com.kms.katalon.core.keyword.builtin.CallTestCaseKeyword$_callTestCase_closure1.call(CallTestCaseKeyword.groovy)
	at com.kms.katalon.core.keyword.internal.KeywordMain.runKeyword(KeywordMain.groovy:74)
	at com.kms.katalon.core.keyword.builtin.CallTestCaseKeyword.callTestCase(CallTestCaseKeyword.groovy:81)
	at com.kms.katalon.core.keyword.builtin.CallTestCaseKeyword.execute(CallTestCaseKeyword.groovy:44)
	at com.kms.katalon.core.keyword.internal.KeywordExecutor.executeKeywordForPlatform(KeywordExecutor.groovy:74)
	at com.kms.katalon.core.keyword.BuiltinKeywords.callTestCase(BuiltinKeywords.groovy:334)
	at TS_SMOKE_SUITE_077.run(TS_SMOKE_SUITE_077:46)
	at com.kms.katalon.core.main.ScriptEngine.run(ScriptEngine.java:194)
	at com.kms.katalon.core.main.ScriptEngine.runScriptAsRawText(ScriptEngine.java:119)
	at com.kms.katalon.core.main.TestCaseExecutor.runScript(TestCaseExecutor.java:448)
	at com.kms.katalon.core.main.TestCaseExecutor.doExecute(TestCaseExecutor.java:439)
	at com.kms.katalon.core.main.TestCaseExecutor.processExecutionPhase(TestCaseExecutor.java:418)
	at com.kms.katalon.core.main.TestCaseExecutor.accessMainPhase(TestCaseExecutor.java:410)
	at com.kms.katalon.core.main.TestCaseExecutor.execute(TestCaseExecutor.java:285)
	at com.kms.katalon.core.common.CommonExecutor.accessTestCaseMainPhase(CommonExecutor.java:65)
	at com.kms.katalon.core.main.TestSuiteExecutor.accessTestSuiteMainPhase(TestSuiteExecutor.java:151)
	at com.kms.katalon.core.main.TestSuiteExecutor.execute(TestSuiteExecutor.java:106)
	at com.kms.katalon.core.main.TestCaseMain.startTestSuite(TestCaseMain.java:185)
	at com.kms.katalon.core.main.TestCaseMain$startTestSuite$0.call(Unknown Source)
	at TempTestSuite1692253980874.run(TempTestSuite1692253980874.groovy:36)
Caused by: org.openqa.selenium.ElementNotInteractableException: element not interactable
  (Session info: chrome=115.0.5790.171)
Build info: version: '3.141.59', revision: 'e82be7d358', time: '2018-11-14T08:25:53'
System info: host: 'DESKTOP-L51QJLB', ip: '172.22.45.143', os.name: 'Windows 10', os.arch: 'amd64', os.version: '10.0', java.version: '1.8.0_282'
Driver info: com.kms.katalon.selenium.driver.CChromeDriver
Capabilities {acceptInsecureCerts: false, browserName: chrome, browserVersion: 115.0.5790.171, chrome: {chromedriverVersion: 114.0.5735.90 (386bc09e8f4f..., userDataDir: C:\Users\DELL\AppData\Local...}, goog:chromeOptions: {debuggerAddress: localhost:63922}, javascriptEnabled: true, networkConnectionEnabled: false, pageLoadStrategy: normal, platform: WINDOWS, platformName: WINDOWS, proxy: Proxy(), setWindowRect: true, strictFileInteractability: false, timeouts: {implicit: 0, pageLoad: 300000, script: 30000}, unhandledPromptBehavior: dismiss and notify, webauthn:extension:credBlob: true, webauthn:extension:largeBlob: true, webauthn:extension:minPinLength: true, webauthn:extension:prf: true, webauthn:virtualAuthenticators: true}
Session ID: 44980ff01c1fa66794635551efed33b2
	at org.openqa.selenium.remote.http.W3CHttpResponseCodec.createException(W3CHttpResponseCodec.java:187)
	at org.openqa.selenium.remote.http.W3CHttpResponseCodec.decode(W3CHttpResponseCodec.java:122)
	at org.openqa.selenium.remote.http.W3CHttpResponseCodec.decode(W3CHttpResponseCodec.java:49)
	at org.openqa.selenium.remote.HttpCommandExecutor.execute(HttpCommandExecutor.java:158)
	at org.openqa.selenium.remote.service.DriverCommandExecutor.execute(DriverCommandExecutor.java:83)
	at org.openqa.selenium.remote.RemoteWebDriver.execute(RemoteWebDriver.java:552)
	at com.kms.katalon.selenium.driver.CChromeDriver.execute(CChromeDriver.java:19)
	at org.openqa.selenium.remote.RemoteWebElement.execute(RemoteWebElement.java:285)
	at org.openqa.selenium.remote.RemoteWebElement.click(RemoteWebElement.java:84)
	at org.openqa.selenium.support.events.EventFiringWebDriver$EventFiringWebElement.lambda$new$0(EventFiringWebDriver.java:404)
	at com.sun.proxy.$Proxy11.click(Unknown Source)
	at org.openqa.selenium.support.events.EventFiringWebDriver$EventFiringWebElement.click(EventFiringWebDriver.java:417)
	at org.openqa.selenium.WebElement$click.call(Unknown Source)
	at com.kms.katalon.core.webui.keyword.builtin.ClickKeyword.clickUntilSuccessWithTimeout(ClickKeyword.groovy:81)
	at com.kms.katalon.core.webui.keyword.builtin.ClickKeyword.clickUntilSuccessWithTimeout(ClickKeyword.groovy)
	at com.kms.katalon.core.webui.keyword.builtin.ClickKeyword$_click_closure1.doCall(ClickKeyword.groovy:67)
	at com.kms.katalon.core.webui.keyword.builtin.ClickKeyword$_click_closure1.call(ClickKeyword.groovy)
	at com.kms.katalon.core.webui.keyword.internal.WebUIKeywordMain.runKeyword(WebUIKeywordMain.groovy:20)
	at com.kms.katalon.core.webui.keyword.builtin.ClickKeyword.click(ClickKeyword.groovy:74)
	at com.kms.katalon.core.webui.keyword.builtin.ClickKeyword.execute(ClickKeyword.groovy:40)
	at com.kms.katalon.core.keyword.internal.KeywordExecutor.executeKeywordForPlatform(KeywordExecutor.groovy:74)
	at com.kms.katalon.core.webui.keyword.WebUiBuiltInKeywords.click(WebUiBuiltInKeywords.groovy:620)
	at com.kms.katalon.core.webui.keyword.WebUiBuiltInKeywords$click$2.call(Unknown Source)
	at Script1684135793852.run(Script1684135793852.groovy:20)
	at com.kms.katalon.core.main.ScriptEngine.run(ScriptEngine.java:194)
	at com.kms.katalon.core.main.ScriptEngine.runScriptAsRawText(ScriptEngine.java:119)
	at com.kms.katalon.core.main.TestCaseExecutor.runScript(TestCaseExecutor.java:448)
	at com.kms.katalon.core.main.TestCaseExecutor.doExecute(TestCaseExecutor.java:439)
	at com.kms.katalon.core.main.TestCaseExecutor.processExecutionPhase(TestCaseExecutor.java:418)
	at com.kms.katalon.core.main.TestCaseExecutor.accessMainPhase(TestCaseExecutor.java:410)
	at com.kms.katalon.core.main.TestCaseExecutor.execute(TestCaseExecutor.java:285)
	at com.kms.katalon.core.main.TestCaseMain.runTestCase(TestCaseMain.java:142)
	at com.kms.katalon.core.keyword.builtin.CallTestCaseKeyword$_callTestCase_closure1.doCall(CallTestCaseKeyword.groovy:59)
	at com.kms.katalon.core.keyword.builtin.CallTestCaseKeyword$_callTestCase_closure1.call(CallTestCaseKeyword.groovy)
	at com.kms.katalon.core.keyword.internal.KeywordMain.runKeyword(KeywordMain.groovy:74)
	at com.kms.katalon.core.keyword.builtin.CallTestCaseKeyword.callTestCase(CallTestCaseKeyword.groovy:81)
	at com.kms.katalon.core.keyword.builtin.CallTestCaseKeyword.execute(CallTestCaseKeyword.groovy:44)
	at com.kms.katalon.core.keyword.internal.KeywordExecutor.executeKeywordForPlatform(KeywordExecutor.groovy:74)
	at com.kms.katalon.core.keyword.BuiltinKeywords.callTestCase(BuiltinKeywords.groovy:334)
	at Script1684101683596.run(Script1684101683596.groovy:50)
	at com.kms.katalon.core.main.ScriptEngine.run(ScriptEngine.java:194)
	at com.kms.katalon.core.main.ScriptEngine.runScriptAsRawText(ScriptEngine.java:119)
	at com.kms.katalon.core.main.TestCaseExecutor.runScript(TestCaseExecutor.java:448)
	at com.kms.katalon.core.main.TestCaseExecutor.doExecute(TestCaseExecutor.java:439)
	at com.kms.katalon.core.main.TestCaseExecutor.processExecutionPhase(TestCaseExecutor.java:418)
	at com.kms.katalon.core.main.TestCaseExecutor.accessMainPhase(TestCaseExecutor.java:410)
	at com.kms.katalon.core.main.TestCaseExecutor.execute(TestCaseExecutor.java:285)
	at com.kms.katalon.core.main.TestCaseMain.runTestCase(TestCaseMain.java:142)
	at com.kms.katalon.core.keyword.builtin.CallTestCaseKeyword$_callTestCase_closure1.doCall(CallTestCaseKeyword.groovy:59)
	at com.kms.katalon.core.keyword.builtin.CallTestCaseKeyword$_callTestCase_closure1.call(CallTestCaseKeyword.groovy)
	at com.kms.katalon.core.keyword.internal.KeywordMain.runKeyword(KeywordMain.groovy:74)
	at com.kms.katalon.core.keyword.builtin.CallTestCaseKeyword.callTestCase(CallTestCaseKeyword.groovy:81)
	at com.kms.katalon.core.keyword.builtin.CallTestCaseKeyword.execute(CallTestCaseKeyword.groovy:44)
	at com.kms.katalon.core.keyword.internal.KeywordExecutor.executeKeywordForPlatform(KeywordExecutor.groovy:74)
	at com.kms.katalon.core.keyword.BuiltinKeywords.callTestCase(BuiltinKeywords.groovy:334)
	at Script1691525490171.run(Script1691525490171.groovy:46)
	... 13 more
)
[[ATTACHMENT|D:\\backup\\Liverpool_SmokeSuite1\\Reports\\20230817_120257\\checkout\\20230817_120300\\1692256540133.png]]

2023-08-17 12:45:40 - [MESSAGE][WARNING] - Unable to call Test Case 'Test Cases/CommonMethods/close any pop up' (Root cause: com.kms.katalon.core.exception.StepFailedException: Call Test Case 'Test Cases/CommonMethods/close any pop up' failed
	at com.kms.katalon.core.keyword.builtin.CallTestCaseKeyword$_callTestCase_closure1.doCall(CallTestCaseKeyword.groovy:63)
	at com.kms.katalon.core.keyword.builtin.CallTestCaseKeyword$_callTestCase_closure1.call(CallTestCaseKeyword.groovy)
	at com.kms.katalon.core.keyword.internal.KeywordMain.runKeyword(KeywordMain.groovy:74)
	at com.kms.katalon.core.keyword.builtin.CallTestCaseKeyword.callTestCase(CallTestCaseKeyword.groovy:81)
	at com.kms.katalon.core.keyword.builtin.CallTestCaseKeyword.execute(CallTestCaseKeyword.groovy:44)
	at com.kms.katalon.core.keyword.internal.KeywordExecutor.executeKeywordForPlatform(KeywordExecutor.groovy:74)
	at com.kms.katalon.core.keyword.BuiltinKeywords.callTestCase(BuiltinKeywords.groovy:334)
	at create_new_CARD_OPC.run(create_new_CARD_OPC:50)
	at com.kms.katalon.core.main.ScriptEngine.run(ScriptEngine.java:194)
	at com.kms.katalon.core.main.ScriptEngine.runScriptAsRawText(ScriptEngine.java:119)
	at com.kms.katalon.core.main.TestCaseExecutor.runScript(TestCaseExecutor.java:448)
	at com.kms.katalon.core.main.TestCaseExecutor.doExecute(TestCaseExecutor.java:439)
	at com.kms.katalon.core.main.TestCaseExecutor.processExecutionPhase(TestCaseExecutor.java:418)
	at com.kms.katalon.core.main.TestCaseExecutor.accessMainPhase(TestCaseExecutor.java:410)
	at com.kms.katalon.core.main.TestCaseExecutor.execute(TestCaseExecutor.java:285)
	at com.kms.katalon.core.main.TestCaseMain.runTestCase(TestCaseMain.java:142)
	at com.kms.katalon.core.keyword.builtin.CallTestCaseKeyword$_callTestCase_closure1.doCall(CallTestCaseKeyword.groovy:59)
	at com.kms.katalon.core.keyword.builtin.CallTestCaseKeyword$_callTestCase_closure1.call(CallTestCaseKeyword.groovy)
	at com.kms.katalon.core.keyword.internal.KeywordMain.runKeyword(KeywordMain.groovy:74)
	at com.kms.katalon.core.keyword.builtin.CallTestCaseKeyword.callTestCase(CallTestCaseKeyword.groovy:81)
	at com.kms.katalon.core.keyword.builtin.CallTestCaseKeyword.execute(CallTestCaseKeyword.groovy:44)
	at com.kms.katalon.core.keyword.internal.KeywordExecutor.executeKeywordForPlatform(KeywordExecutor.groovy:74)
	at com.kms.katalon.core.keyword.BuiltinKeywords.callTestCase(BuiltinKeywords.groovy:334)
	at TS_SMOKE_SUITE_077.run(TS_SMOKE_SUITE_077:46)
	at com.kms.katalon.core.main.ScriptEngine.run(ScriptEngine.java:194)
	at com.kms.katalon.core.main.ScriptEngine.runScriptAsRawText(ScriptEngine.java:119)
	at com.kms.katalon.core.main.TestCaseExecutor.runScript(TestCaseExecutor.java:448)
	at com.kms.katalon.core.main.TestCaseExecutor.doExecute(TestCaseExecutor.java:439)
	at com.kms.katalon.core.main.TestCaseExecutor.processExecutionPhase(TestCaseExecutor.java:418)
	at com.kms.katalon.core.main.TestCaseExecutor.accessMainPhase(TestCaseExecutor.java:410)
	at com.kms.katalon.core.main.TestCaseExecutor.execute(TestCaseExecutor.java:285)
	at com.kms.katalon.core.common.CommonExecutor.accessTestCaseMainPhase(CommonExecutor.java:65)
	at com.kms.katalon.core.main.TestSuiteExecutor.accessTestSuiteMainPhase(TestSuiteExecutor.java:151)
	at com.kms.katalon.core.main.TestSuiteExecutor.execute(TestSuiteExecutor.java:106)
	at com.kms.katalon.core.main.TestCaseMain.startTestSuite(TestCaseMain.java:185)
	at com.kms.katalon.core.main.TestCaseMain$startTestSuite$0.call(Unknown Source)
	at TempTestSuite1692253980874.run(TempTestSuite1692253980874.groovy:36)
Caused by: com.kms.katalon.core.exception.StepFailedException: Unable to click on object 'Object Repository/OPCPage/close_popup_OPC'
	at com.kms.katalon.core.webui.keyword.internal.WebUIKeywordMain.stepFailed(WebUIKeywordMain.groovy:64)
	at com.kms.katalon.core.webui.keyword.internal.WebUIKeywordMain.runKeyword(WebUIKeywordMain.groovy:26)
	at com.kms.katalon.core.webui.keyword.builtin.ClickKeyword.click(ClickKeyword.groovy:74)
	at com.kms.katalon.core.webui.keyword.builtin.ClickKeyword.execute(ClickKeyword.groovy:40)
	at com.kms.katalon.core.keyword.internal.KeywordExecutor.executeKeywordForPlatform(KeywordExecutor.groovy:74)
	at com.kms.katalon.core.webui.keyword.WebUiBuiltInKeywords.click(WebUiBuiltInKeywords.groovy:620)
	at com.kms.katalon.core.webui.keyword.WebUiBuiltInKeywords$click$2.call(Unknown Source)
	at close any pop up.run(close any pop up:20)
	at com.kms.katalon.core.main.ScriptEngine.run(ScriptEngine.java:194)
	at com.kms.katalon.core.main.ScriptEngine.runScriptAsRawText(ScriptEngine.java:119)
	at com.kms.katalon.core.main.TestCaseExecutor.runScript(TestCaseExecutor.java:448)
	at com.kms.katalon.core.main.TestCaseExecutor.doExecute(TestCaseExecutor.java:439)
	at com.kms.katalon.core.main.TestCaseExecutor.processExecutionPhase(TestCaseExecutor.java:418)
	at com.kms.katalon.core.main.TestCaseExecutor.accessMainPhase(TestCaseExecutor.java:410)
	at com.kms.katalon.core.main.TestCaseExecutor.execute(TestCaseExecutor.java:285)
	at com.kms.katalon.core.main.TestCaseMain.runTestCase(TestCaseMain.java:142)
	at com.kms.katalon.core.keyword.builtin.CallTestCaseKeyword$_callTestCase_closure1.doCall(CallTestCaseKeyword.groovy:59)
	... 36 more
Caused by: org.openqa.selenium.ElementNotInteractableException: element not interactable
  (Session info: chrome=115.0.5790.171)
Build info: version: '3.141.59', revision: 'e82be7d358', time: '2018-11-14T08:25:53'
System info: host: 'DESKTOP-L51QJLB', ip: '172.22.45.143', os.name: 'Windows 10', os.arch: 'amd64', os.version: '10.0', java.version: '1.8.0_282'
Driver info: com.kms.katalon.selenium.driver.CChromeDriver
Capabilities {acceptInsecureCerts: false, browserName: chrome, browserVersion: 115.0.5790.171, chrome: {chromedriverVersion: 114.0.5735.90 (386bc09e8f4f..., userDataDir: C:\Users\DELL\AppData\Local...}, goog:chromeOptions: {debuggerAddress: localhost:63922}, javascriptEnabled: true, networkConnectionEnabled: false, pageLoadStrategy: normal, platform: WINDOWS, platformName: WINDOWS, proxy: Proxy(), setWindowRect: true, strictFileInteractability: false, timeouts: {implicit: 0, pageLoad: 300000, script: 30000}, unhandledPromptBehavior: dismiss and notify, webauthn:extension:credBlob: true, webauthn:extension:largeBlob: true, webauthn:extension:minPinLength: true, webauthn:extension:prf: true, webauthn:virtualAuthenticators: true}
Session ID: 44980ff01c1fa66794635551efed33b2
	at org.openqa.selenium.remote.http.W3CHttpResponseCodec.createException(W3CHttpResponseCodec.java:187)
	at org.openqa.selenium.remote.http.W3CHttpResponseCodec.decode(W3CHttpResponseCodec.java:122)
	at org.openqa.selenium.remote.http.W3CHttpResponseCodec.decode(W3CHttpResponseCodec.java:49)
	at org.openqa.selenium.remote.HttpCommandExecutor.execute(HttpCommandExecutor.java:158)
	at org.openqa.selenium.remote.service.DriverCommandExecutor.execute(DriverCommandExecutor.java:83)
	at org.openqa.selenium.remote.RemoteWebDriver.execute(RemoteWebDriver.java:552)
	at com.kms.katalon.selenium.driver.CChromeDriver.execute(CChromeDriver.java:19)
	at org.openqa.selenium.remote.RemoteWebElement.execute(RemoteWebElement.java:285)
	at org.openqa.selenium.remote.RemoteWebElement.click(RemoteWebElement.java:84)
	at org.openqa.selenium.support.events.EventFiringWebDriver$EventFiringWebElement.lambda$new$0(EventFiringWebDriver.java:404)
	at com.sun.proxy.$Proxy11.click(Unknown Source)
	at org.openqa.selenium.support.events.EventFiringWebDriver$EventFiringWebElement.click(EventFiringWebDriver.java:417)
	at org.openqa.selenium.WebElement$click.call(Unknown Source)
	at com.kms.katalon.core.webui.keyword.builtin.ClickKeyword.clickUntilSuccessWithTimeout(ClickKeyword.groovy:81)
	at com.kms.katalon.core.webui.keyword.builtin.ClickKeyword.clickUntilSuccessWithTimeout(ClickKeyword.groovy)
	at com.kms.katalon.core.webui.keyword.builtin.ClickKeyword$_click_closure1.doCall(ClickKeyword.groovy:67)
	at com.kms.katalon.core.webui.keyword.builtin.ClickKeyword$_click_closure1.call(ClickKeyword.groovy)
	at com.kms.katalon.core.webui.keyword.internal.WebUIKeywordMain.runKeyword(WebUIKeywordMain.groovy:20)
	... 51 more
)

2023-08-17 12:45:40 - [TEST_STEP][PASSED] - click(findTestObject("OPCPage/paymentMethod_change_OPC")): Object: 'Object Repository/OPCPage/paymentMethod_change_OPC' is clicked on

2023-08-17 12:45:40 - [MESSAGE][PASSED] - Object: 'Object Repository/OPCPage/paymentMethod_change_OPC' is clicked on

2023-08-17 12:45:40 - [TEST_STEP][PASSED] - click(findTestObject("OPCPage/paymentMethod_button1_OPC")): Object: 'Object Repository/OPCPage/paymentMethod_button1_OPC' is clicked on

2023-08-17 12:45:43 - [MESSAGE][PASSED] - Object: 'Object Repository/OPCPage/paymentMethod_button1_OPC' is clicked on

2023-08-17 12:45:43 - [TEST_STEP][PASSED] - verifyTextPresent(cardname, false): Text 'OngKQlpX' is present on page 

2023-08-17 12:45:43 - [MESSAGE][PASSED] - Text 'OngKQlpX' is present on page 

2023-08-17 12:45:43 - [TEST_STEP][PASSED] - callTestCase(findTestCase("CommonMethods/close any pop up"), [:], OPTIONAL): Unable to call Test Case 'Test Cases/CommonMethods/close any pop up' (Root cause: com.kms.katalon.core.exception.StepFailedException: Call Test Case 'Test Cases/CommonMethods/close any pop up' failed
	at com.kms.katalon.core.keyword.builtin.CallTestCaseKeyword$_callTestCase_closure1.doCall(CallTestCaseKeyword.groovy:63)
	at com.kms.katalon.core.keyword.builtin.CallTestCaseKeyword$_callTestCase_closure1.call(CallTestCaseKeyword.groovy)
	at com.kms.katalon.core.keyword.internal.KeywordMain.runKeyword(KeywordMain.groovy:74)
	at com.kms.katalon.core.keyword.builtin.CallTestCaseKeyword.callTestCase(CallTestCaseKeyword.groovy:81)
	at com.kms.katalon.core.keyword.builtin.CallTestCaseKeyword.execute(CallTestCaseKeyword.groovy:44)
	at com.kms.katalon.core.keyword.internal.KeywordExecutor.executeKeywordForPlatform(KeywordExecutor.groovy:74)
	at com.kms.katalon.core.keyword.BuiltinKeywords.callTestCase(BuiltinKeywords.groovy:334)
	at create_new_CARD_OPC.run(create_new_CARD_OPC:58)
	at com.kms.katalon.core.main.ScriptEngine.run(ScriptEngine.java:194)
	at com.kms.katalon.core.main.ScriptEngine.runScriptAsRawText(ScriptEngine.java:119)
	at com.kms.katalon.core.main.TestCaseExecutor.runScript(TestCaseExecutor.java:448)
	at com.kms.katalon.core.main.TestCaseExecutor.doExecute(TestCaseExecutor.java:439)
	at com.kms.katalon.core.main.TestCaseExecutor.processExecutionPhase(TestCaseExecutor.java:418)
	at com.kms.katalon.core.main.TestCaseExecutor.accessMainPhase(TestCaseExecutor.java:410)
	at com.kms.katalon.core.main.TestCaseExecutor.execute(TestCaseExecutor.java:285)
	at com.kms.katalon.core.main.TestCaseMain.runTestCase(TestCaseMain.java:142)
	at com.kms.katalon.core.keyword.builtin.CallTestCaseKeyword$_callTestCase_closure1.doCall(CallTestCaseKeyword.groovy:59)
	at com.kms.katalon.core.keyword.builtin.CallTestCaseKeyword$_callTestCase_closure1.call(CallTestCaseKeyword.groovy)
	at com.kms.katalon.core.keyword.internal.KeywordMain.runKeyword(KeywordMain.groovy:74)
	at com.kms.katalon.core.keyword.builtin.CallTestCaseKeyword.callTestCase(CallTestCaseKeyword.groovy:81)
	at com.kms.katalon.core.keyword.builtin.CallTestCaseKeyword.execute(CallTestCaseKeyword.groovy:44)
	at com.kms.katalon.core.keyword.internal.KeywordExecutor.executeKeywordForPlatform(KeywordExecutor.groovy:74)
	at com.kms.katalon.core.keyword.BuiltinKeywords.callTestCase(BuiltinKeywords.groovy:334)
	at TS_SMOKE_SUITE_077.run(TS_SMOKE_SUITE_077:46)
	at com.kms.katalon.core.main.ScriptEngine.run(ScriptEngine.java:194)
	at com.kms.katalon.core.main.ScriptEngine.runScriptAsRawText(ScriptEngine.java:119)
	at com.kms.katalon.core.main.TestCaseExecutor.runScript(TestCaseExecutor.java:448)
	at com.kms.katalon.core.main.TestCaseExecutor.doExecute(TestCaseExecutor.java:439)
	at com.kms.katalon.core.main.TestCaseExecutor.processExecutionPhase(TestCaseExecutor.java:418)
	at com.kms.katalon.core.main.TestCaseExecutor.accessMainPhase(TestCaseExecutor.java:410)
	at com.kms.katalon.core.main.TestCaseExecutor.execute(TestCaseExecutor.java:285)
	at com.kms.katalon.core.common.CommonExecutor.accessTestCaseMainPhase(CommonExecutor.java:65)
	at com.kms.katalon.core.main.TestSuiteExecutor.accessTestSuiteMainPhase(TestSuiteExecutor.java:151)
	at com.kms.katalon.core.main.TestSuiteExecutor.execute(TestSuiteExecutor.java:106)
	at com.kms.katalon.core.main.TestCaseMain.startTestSuite(TestCaseMain.java:185)
	at com.kms.katalon.core.main.TestCaseMain$startTestSuite$0.call(Unknown Source)
	at TempTestSuite1692253980874.run(TempTestSuite1692253980874.groovy:36)
Caused by: com.kms.katalon.core.exception.StepFailedException: Unable to click on object 'Object Repository/OPCPage/close_popup_OPC'
	at com.kms.katalon.core.webui.keyword.internal.WebUIKeywordMain.stepFailed(WebUIKeywordMain.groovy:64)
	at com.kms.katalon.core.webui.keyword.internal.WebUIKeywordMain.runKeyword(WebUIKeywordMain.groovy:26)
	at com.kms.katalon.core.webui.keyword.builtin.ClickKeyword.click(ClickKeyword.groovy:74)
	at com.kms.katalon.core.webui.keyword.builtin.ClickKeyword.execute(ClickKeyword.groovy:40)
	at com.kms.katalon.core.keyword.internal.KeywordExecutor.executeKeywordForPlatform(KeywordExecutor.groovy:74)
	at com.kms.katalon.core.webui.keyword.WebUiBuiltInKeywords.click(WebUiBuiltInKeywords.groovy:620)
	at com.kms.katalon.core.webui.keyword.WebUiBuiltInKeywords$click$2.call(Unknown Source)
	at close any pop up.run(close any pop up:22)
	at com.kms.katalon.core.main.ScriptEngine.run(ScriptEngine.java:194)
	at com.kms.katalon.core.main.ScriptEngine.runScriptAsRawText(ScriptEngine.java:119)
	at com.kms.katalon.core.main.TestCaseExecutor.runScript(TestCaseExecutor.java:448)
	at com.kms.katalon.core.main.TestCaseExecutor.doExecute(TestCaseExecutor.java:439)
	at com.kms.katalon.core.main.TestCaseExecutor.processExecutionPhase(TestCaseExecutor.java:418)
	at com.kms.katalon.core.main.TestCaseExecutor.accessMainPhase(TestCaseExecutor.java:410)
	at com.kms.katalon.core.main.TestCaseExecutor.execute(TestCaseExecutor.java:285)
	at com.kms.katalon.core.main.TestCaseMain.runTestCase(TestCaseMain.java:142)
	at com.kms.katalon.core.keyword.builtin.CallTestCaseKeyword$_callTestCase_closure1.doCall(CallTestCaseKeyword.groovy:59)
	... 36 more
Caused by: org.openqa.selenium.ElementNotInteractableException: element not interactable
  (Session info: chrome=115.0.5790.171)
Build info: version: '3.141.59', revision: 'e82be7d358', time: '2018-11-14T08:25:53'
System info: host: 'DESKTOP-L51QJLB', ip: '172.22.45.143', os.name: 'Windows 10', os.arch: 'amd64', os.version: '10.0', java.version: '1.8.0_282'
Driver info: com.kms.katalon.selenium.driver.CChromeDriver
Capabilities {acceptInsecureCerts: false, browserName: chrome, browserVersion: 115.0.5790.171, chrome: {chromedriverVersion: 114.0.5735.90 (386bc09e8f4f..., userDataDir: C:\Users\DELL\AppData\Local...}, goog:chromeOptions: {debuggerAddress: localhost:63922}, javascriptEnabled: true, networkConnectionEnabled: false, pageLoadStrategy: normal, platform: WINDOWS, platformName: WINDOWS, proxy: Proxy(), setWindowRect: true, strictFileInteractability: false, timeouts: {implicit: 0, pageLoad: 300000, script: 30000}, unhandledPromptBehavior: dismiss and notify, webauthn:extension:credBlob: true, webauthn:extension:largeBlob: true, webauthn:extension:minPinLength: true, webauthn:extension:prf: true, webauthn:virtualAuthenticators: true}
Session ID: 44980ff01c1fa66794635551efed33b2
	at org.openqa.selenium.remote.http.W3CHttpResponseCodec.createException(W3CHttpResponseCodec.java:187)
	at org.openqa.selenium.remote.http.W3CHttpResponseCodec.decode(W3CHttpResponseCodec.java:122)
	at org.openqa.selenium.remote.http.W3CHttpResponseCodec.decode(W3CHttpResponseCodec.java:49)
	at org.openqa.selenium.remote.HttpCommandExecutor.execute(HttpCommandExecutor.java:158)
	at org.openqa.selenium.remote.service.DriverCommandExecutor.execute(DriverCommandExecutor.java:83)
	at org.openqa.selenium.remote.RemoteWebDriver.execute(RemoteWebDriver.java:552)
	at com.kms.katalon.selenium.driver.CChromeDriver.execute(CChromeDriver.java:19)
	at org.openqa.selenium.remote.RemoteWebElement.execute(RemoteWebElement.java:285)
	at org.openqa.selenium.remote.RemoteWebElement.click(RemoteWebElement.java:84)
	at org.openqa.selenium.support.events.EventFiringWebDriver$EventFiringWebElement.lambda$new$0(EventFiringWebDriver.java:404)
	at com.sun.proxy.$Proxy11.click(Unknown Source)
	at org.openqa.selenium.support.events.EventFiringWebDriver$EventFiringWebElement.click(EventFiringWebDriver.java:417)
	at org.openqa.selenium.WebElement$click.call(Unknown Source)
	at com.kms.katalon.core.webui.keyword.builtin.ClickKeyword.clickUntilSuccessWithTimeout(ClickKeyword.groovy:81)
	at com.kms.katalon.core.webui.keyword.builtin.ClickKeyword.clickUntilSuccessWithTimeout(ClickKeyword.groovy)
	at com.kms.katalon.core.webui.keyword.builtin.ClickKeyword$_click_closure1.doCall(ClickKeyword.groovy:67)
	at com.kms.katalon.core.webui.keyword.builtin.ClickKeyword$_click_closure1.call(ClickKeyword.groovy)
	at com.kms.katalon.core.webui.keyword.internal.WebUIKeywordMain.runKeyword(WebUIKeywordMain.groovy:20)
	... 51 more
)

2023-08-17 12:45:43 - [TEST_CASE][FAILED] - Test Cases/CommonMethods/close any pop up: Test Cases/CommonMethods/close any pop up FAILED.
Reason:
com.kms.katalon.core.exception.StepFailedException: Unable to click on object 'Object Repository/OPCPage/close_popup_OPC'
	at com.kms.katalon.core.webui.keyword.internal.WebUIKeywordMain.stepFailed(WebUIKeywordMain.groovy:64)
	at com.kms.katalon.core.webui.keyword.internal.WebUIKeywordMain.runKeyword(WebUIKeywordMain.groovy:26)
	at com.kms.katalon.core.webui.keyword.builtin.ClickKeyword.click(ClickKeyword.groovy:74)
	at com.kms.katalon.core.webui.keyword.builtin.ClickKeyword.execute(ClickKeyword.groovy:40)
	at com.kms.katalon.core.keyword.internal.KeywordExecutor.executeKeywordForPlatform(KeywordExecutor.groovy:74)
	at com.kms.katalon.core.webui.keyword.WebUiBuiltInKeywords.click(WebUiBuiltInKeywords.groovy:620)
	at com.kms.katalon.core.webui.keyword.WebUiBuiltInKeywords$click$2.call(Unknown Source)
	at close any pop up.run(close any pop up:22)
	at com.kms.katalon.core.main.ScriptEngine.run(ScriptEngine.java:194)
	at com.kms.katalon.core.main.ScriptEngine.runScriptAsRawText(ScriptEngine.java:119)
	at com.kms.katalon.core.main.TestCaseExecutor.runScript(TestCaseExecutor.java:448)
	at com.kms.katalon.core.main.TestCaseExecutor.doExecute(TestCaseExecutor.java:439)
	at com.kms.katalon.core.main.TestCaseExecutor.processExecutionPhase(TestCaseExecutor.java:418)
	at com.kms.katalon.core.main.TestCaseExecutor.accessMainPhase(TestCaseExecutor.java:410)
	at com.kms.katalon.core.main.TestCaseExecutor.execute(TestCaseExecutor.java:285)
	at com.kms.katalon.core.main.TestCaseMain.runTestCase(TestCaseMain.java:142)
	at com.kms.katalon.core.keyword.builtin.CallTestCaseKeyword$_callTestCase_closure1.doCall(CallTestCaseKeyword.groovy:59)
	at com.kms.katalon.core.keyword.builtin.CallTestCaseKeyword$_callTestCase_closure1.call(CallTestCaseKeyword.groovy)
	at com.kms.katalon.core.keyword.internal.KeywordMain.runKeyword(KeywordMain.groovy:74)
	at com.kms.katalon.core.keyword.builtin.CallTestCaseKeyword.callTestCase(CallTestCaseKeyword.groovy:81)
	at com.kms.katalon.core.keyword.builtin.CallTestCaseKeyword.execute(CallTestCaseKeyword.groovy:44)
	at com.kms.katalon.core.keyword.internal.KeywordExecutor.executeKeywordForPlatform(KeywordExecutor.groovy:74)
	at com.kms.katalon.core.keyword.BuiltinKeywords.callTestCase(BuiltinKeywords.groovy:334)
	at create_new_CARD_OPC.run(create_new_CARD_OPC:58)
	at com.kms.katalon.core.main.ScriptEngine.run(ScriptEngine.java:194)
	at com.kms.katalon.core.main.ScriptEngine.runScriptAsRawText(ScriptEngine.java:119)
	at com.kms.katalon.core.main.TestCaseExecutor.runScript(TestCaseExecutor.java:448)
	at com.kms.katalon.core.main.TestCaseExecutor.doExecute(TestCaseExecutor.java:439)
	at com.kms.katalon.core.main.TestCaseExecutor.processExecutionPhase(TestCaseExecutor.java:418)
	at com.kms.katalon.core.main.TestCaseExecutor.accessMainPhase(TestCaseExecutor.java:410)
	at com.kms.katalon.core.main.TestCaseExecutor.execute(TestCaseExecutor.java:285)
	at com.kms.katalon.core.main.TestCaseMain.runTestCase(TestCaseMain.java:142)
	at com.kms.katalon.core.keyword.builtin.CallTestCaseKeyword$_callTestCase_closure1.doCall(CallTestCaseKeyword.groovy:59)
	at com.kms.katalon.core.keyword.builtin.CallTestCaseKeyword$_callTestCase_closure1.call(CallTestCaseKeyword.groovy)
	at com.kms.katalon.core.keyword.internal.KeywordMain.runKeyword(KeywordMain.groovy:74)
	at com.kms.katalon.core.keyword.builtin.CallTestCaseKeyword.callTestCase(CallTestCaseKeyword.groovy:81)
	at com.kms.katalon.core.keyword.builtin.CallTestCaseKeyword.execute(CallTestCaseKeyword.groovy:44)
	at com.kms.katalon.core.keyword.internal.KeywordExecutor.executeKeywordForPlatform(KeywordExecutor.groovy:74)
	at com.kms.katalon.core.keyword.BuiltinKeywords.callTestCase(BuiltinKeywords.groovy:334)
	at TS_SMOKE_SUITE_077.run(TS_SMOKE_SUITE_077:46)
	at com.kms.katalon.core.main.ScriptEngine.run(ScriptEngine.java:194)
	at com.kms.katalon.core.main.ScriptEngine.runScriptAsRawText(ScriptEngine.java:119)
	at com.kms.katalon.core.main.TestCaseExecutor.runScript(TestCaseExecutor.java:448)
	at com.kms.katalon.core.main.TestCaseExecutor.doExecute(TestCaseExecutor.java:439)
	at com.kms.katalon.core.main.TestCaseExecutor.processExecutionPhase(TestCaseExecutor.java:418)
	at com.kms.katalon.core.main.TestCaseExecutor.accessMainPhase(TestCaseExecutor.java:410)
	at com.kms.katalon.core.main.TestCaseExecutor.execute(TestCaseExecutor.java:285)
	at com.kms.katalon.core.common.CommonExecutor.accessTestCaseMainPhase(CommonExecutor.java:65)
	at com.kms.katalon.core.main.TestSuiteExecutor.accessTestSuiteMainPhase(TestSuiteExecutor.java:151)
	at com.kms.katalon.core.main.TestSuiteExecutor.execute(TestSuiteExecutor.java:106)
	at com.kms.katalon.core.main.TestCaseMain.startTestSuite(TestCaseMain.java:185)
	at com.kms.katalon.core.main.TestCaseMain$startTestSuite$0.call(Unknown Source)
	at TempTestSuite1692253980874.run(TempTestSuite1692253980874.groovy:36)
Caused by: org.openqa.selenium.ElementNotInteractableException: element not interactable
  (Session info: chrome=115.0.5790.171)
Build info: version: '3.141.59', revision: 'e82be7d358', time: '2018-11-14T08:25:53'
System info: host: 'DESKTOP-L51QJLB', ip: '172.22.45.143', os.name: 'Windows 10', os.arch: 'amd64', os.version: '10.0', java.version: '1.8.0_282'
Driver info: com.kms.katalon.selenium.driver.CChromeDriver
Capabilities {acceptInsecureCerts: false, browserName: chrome, browserVersion: 115.0.5790.171, chrome: {chromedriverVersion: 114.0.5735.90 (386bc09e8f4f..., userDataDir: C:\Users\DELL\AppData\Local...}, goog:chromeOptions: {debuggerAddress: localhost:63922}, javascriptEnabled: true, networkConnectionEnabled: false, pageLoadStrategy: normal, platform: WINDOWS, platformName: WINDOWS, proxy: Proxy(), setWindowRect: true, strictFileInteractability: false, timeouts: {implicit: 0, pageLoad: 300000, script: 30000}, unhandledPromptBehavior: dismiss and notify, webauthn:extension:credBlob: true, webauthn:extension:largeBlob: true, webauthn:extension:minPinLength: true, webauthn:extension:prf: true, webauthn:virtualAuthenticators: true}
Session ID: 44980ff01c1fa66794635551efed33b2
	at org.openqa.selenium.remote.http.W3CHttpResponseCodec.createException(W3CHttpResponseCodec.java:187)
	at org.openqa.selenium.remote.http.W3CHttpResponseCodec.decode(W3CHttpResponseCodec.java:122)
	at org.openqa.selenium.remote.http.W3CHttpResponseCodec.decode(W3CHttpResponseCodec.java:49)
	at org.openqa.selenium.remote.HttpCommandExecutor.execute(HttpCommandExecutor.java:158)
	at org.openqa.selenium.remote.service.DriverCommandExecutor.execute(DriverCommandExecutor.java:83)
	at org.openqa.selenium.remote.RemoteWebDriver.execute(RemoteWebDriver.java:552)
	at com.kms.katalon.selenium.driver.CChromeDriver.execute(CChromeDriver.java:19)
	at org.openqa.selenium.remote.RemoteWebElement.execute(RemoteWebElement.java:285)
	at org.openqa.selenium.remote.RemoteWebElement.click(RemoteWebElement.java:84)
	at org.openqa.selenium.support.events.EventFiringWebDriver$EventFiringWebElement.lambda$new$0(EventFiringWebDriver.java:404)
	at com.sun.proxy.$Proxy11.click(Unknown Source)
	at org.openqa.selenium.support.events.EventFiringWebDriver$EventFiringWebElement.click(EventFiringWebDriver.java:417)
	at org.openqa.selenium.WebElement$click.call(Unknown Source)
	at com.kms.katalon.core.webui.keyword.builtin.ClickKeyword.clickUntilSuccessWithTimeout(ClickKeyword.groovy:81)
	at com.kms.katalon.core.webui.keyword.builtin.ClickKeyword.clickUntilSuccessWithTimeout(ClickKeyword.groovy)
	at com.kms.katalon.core.webui.keyword.builtin.ClickKeyword$_click_closure1.doCall(ClickKeyword.groovy:67)
	at com.kms.katalon.core.webui.keyword.builtin.ClickKeyword$_click_closure1.call(ClickKeyword.groovy)
	at com.kms.katalon.core.webui.keyword.internal.WebUIKeywordMain.runKeyword(WebUIKeywordMain.groovy:20)
	... 51 more


2023-08-17 12:45:43 - [TEST_STEP][PASSED] - click(findTestObject("OPCPage/close_popup_OPC")): Object: 'Object Repository/OPCPage/close_popup_OPC' is clicked on

2023-08-17 12:45:44 - [MESSAGE][PASSED] - Object: 'Object Repository/OPCPage/close_popup_OPC' is clicked on

2023-08-17 12:45:44 - [TEST_STEP][FAILED] - click(findTestObject("OPCPage/close_popup_OPC")): Unable to click on object 'Object Repository/OPCPage/close_popup_OPC' (Root cause: com.kms.katalon.core.exception.StepFailedException: Unable to click on object 'Object Repository/OPCPage/close_popup_OPC'
	at com.kms.katalon.core.webui.keyword.internal.WebUIKeywordMain.stepFailed(WebUIKeywordMain.groovy:64)
	at com.kms.katalon.core.webui.keyword.internal.WebUIKeywordMain.runKeyword(WebUIKeywordMain.groovy:26)
	at com.kms.katalon.core.webui.keyword.builtin.ClickKeyword.click(ClickKeyword.groovy:74)
	at com.kms.katalon.core.webui.keyword.builtin.ClickKeyword.execute(ClickKeyword.groovy:40)
	at com.kms.katalon.core.keyword.internal.KeywordExecutor.executeKeywordForPlatform(KeywordExecutor.groovy:74)
	at com.kms.katalon.core.webui.keyword.WebUiBuiltInKeywords.click(WebUiBuiltInKeywords.groovy:620)
	at com.kms.katalon.core.webui.keyword.WebUiBuiltInKeywords$click$2.call(Unknown Source)
	at close any pop up.run(close any pop up:22)
	at com.kms.katalon.core.main.ScriptEngine.run(ScriptEngine.java:194)
	at com.kms.katalon.core.main.ScriptEngine.runScriptAsRawText(ScriptEngine.java:119)
	at com.kms.katalon.core.main.TestCaseExecutor.runScript(TestCaseExecutor.java:448)
	at com.kms.katalon.core.main.TestCaseExecutor.doExecute(TestCaseExecutor.java:439)
	at com.kms.katalon.core.main.TestCaseExecutor.processExecutionPhase(TestCaseExecutor.java:418)
	at com.kms.katalon.core.main.TestCaseExecutor.accessMainPhase(TestCaseExecutor.java:410)
	at com.kms.katalon.core.main.TestCaseExecutor.execute(TestCaseExecutor.java:285)
	at com.kms.katalon.core.main.TestCaseMain.runTestCase(TestCaseMain.java:142)
	at com.kms.katalon.core.keyword.builtin.CallTestCaseKeyword$_callTestCase_closure1.doCall(CallTestCaseKeyword.groovy:59)
	at com.kms.katalon.core.keyword.builtin.CallTestCaseKeyword$_callTestCase_closure1.call(CallTestCaseKeyword.groovy)
	at com.kms.katalon.core.keyword.internal.KeywordMain.runKeyword(KeywordMain.groovy:74)
	at com.kms.katalon.core.keyword.builtin.CallTestCaseKeyword.callTestCase(CallTestCaseKeyword.groovy:81)
	at com.kms.katalon.core.keyword.builtin.CallTestCaseKeyword.execute(CallTestCaseKeyword.groovy:44)
	at com.kms.katalon.core.keyword.internal.KeywordExecutor.executeKeywordForPlatform(KeywordExecutor.groovy:74)
	at com.kms.katalon.core.keyword.BuiltinKeywords.callTestCase(BuiltinKeywords.groovy:334)
	at create_new_CARD_OPC.run(create_new_CARD_OPC:58)
	at com.kms.katalon.core.main.ScriptEngine.run(ScriptEngine.java:194)
	at com.kms.katalon.core.main.ScriptEngine.runScriptAsRawText(ScriptEngine.java:119)
	at com.kms.katalon.core.main.TestCaseExecutor.runScript(TestCaseExecutor.java:448)
	at com.kms.katalon.core.main.TestCaseExecutor.doExecute(TestCaseExecutor.java:439)
	at com.kms.katalon.core.main.TestCaseExecutor.processExecutionPhase(TestCaseExecutor.java:418)
	at com.kms.katalon.core.main.TestCaseExecutor.accessMainPhase(TestCaseExecutor.java:410)
	at com.kms.katalon.core.main.TestCaseExecutor.execute(TestCaseExecutor.java:285)
	at com.kms.katalon.core.main.TestCaseMain.runTestCase(TestCaseMain.java:142)
	at com.kms.katalon.core.keyword.builtin.CallTestCaseKeyword$_callTestCase_closure1.doCall(CallTestCaseKeyword.groovy:59)
	at com.kms.katalon.core.keyword.builtin.CallTestCaseKeyword$_callTestCase_closure1.call(CallTestCaseKeyword.groovy)
	at com.kms.katalon.core.keyword.internal.KeywordMain.runKeyword(KeywordMain.groovy:74)
	at com.kms.katalon.core.keyword.builtin.CallTestCaseKeyword.callTestCase(CallTestCaseKeyword.groovy:81)
	at com.kms.katalon.core.keyword.builtin.CallTestCaseKeyword.execute(CallTestCaseKeyword.groovy:44)
	at com.kms.katalon.core.keyword.internal.KeywordExecutor.executeKeywordForPlatform(KeywordExecutor.groovy:74)
	at com.kms.katalon.core.keyword.BuiltinKeywords.callTestCase(BuiltinKeywords.groovy:334)
	at TS_SMOKE_SUITE_077.run(TS_SMOKE_SUITE_077:46)
	at com.kms.katalon.core.main.ScriptEngine.run(ScriptEngine.java:194)
	at com.kms.katalon.core.main.ScriptEngine.runScriptAsRawText(ScriptEngine.java:119)
	at com.kms.katalon.core.main.TestCaseExecutor.runScript(TestCaseExecutor.java:448)
	at com.kms.katalon.core.main.TestCaseExecutor.doExecute(TestCaseExecutor.java:439)
	at com.kms.katalon.core.main.TestCaseExecutor.processExecutionPhase(TestCaseExecutor.java:418)
	at com.kms.katalon.core.main.TestCaseExecutor.accessMainPhase(TestCaseExecutor.java:410)
	at com.kms.katalon.core.main.TestCaseExecutor.execute(TestCaseExecutor.java:285)
	at com.kms.katalon.core.common.CommonExecutor.accessTestCaseMainPhase(CommonExecutor.java:65)
	at com.kms.katalon.core.main.TestSuiteExecutor.accessTestSuiteMainPhase(TestSuiteExecutor.java:151)
	at com.kms.katalon.core.main.TestSuiteExecutor.execute(TestSuiteExecutor.java:106)
	at com.kms.katalon.core.main.TestCaseMain.startTestSuite(TestCaseMain.java:185)
	at com.kms.katalon.core.main.TestCaseMain$startTestSuite$0.call(Unknown Source)
	at TempTestSuite1692253980874.run(TempTestSuite1692253980874.groovy:36)
Caused by: org.openqa.selenium.ElementNotInteractableException: element not interactable
  (Session info: chrome=115.0.5790.171)
Build info: version: '3.141.59', revision: 'e82be7d358', time: '2018-11-14T08:25:53'
System info: host: 'DESKTOP-L51QJLB', ip: '172.22.45.143', os.name: 'Windows 10', os.arch: 'amd64', os.version: '10.0', java.version: '1.8.0_282'
Driver info: com.kms.katalon.selenium.driver.CChromeDriver
Capabilities {acceptInsecureCerts: false, browserName: chrome, browserVersion: 115.0.5790.171, chrome: {chromedriverVersion: 114.0.5735.90 (386bc09e8f4f..., userDataDir: C:\Users\DELL\AppData\Local...}, goog:chromeOptions: {debuggerAddress: localhost:63922}, javascriptEnabled: true, networkConnectionEnabled: false, pageLoadStrategy: normal, platform: WINDOWS, platformName: WINDOWS, proxy: Proxy(), setWindowRect: true, strictFileInteractability: false, timeouts: {implicit: 0, pageLoad: 300000, script: 30000}, unhandledPromptBehavior: dismiss and notify, webauthn:extension:credBlob: true, webauthn:extension:largeBlob: true, webauthn:extension:minPinLength: true, webauthn:extension:prf: true, webauthn:virtualAuthenticators: true}
Session ID: 44980ff01c1fa66794635551efed33b2
	at org.openqa.selenium.remote.http.W3CHttpResponseCodec.createException(W3CHttpResponseCodec.java:187)
	at org.openqa.selenium.remote.http.W3CHttpResponseCodec.decode(W3CHttpResponseCodec.java:122)
	at org.openqa.selenium.remote.http.W3CHttpResponseCodec.decode(W3CHttpResponseCodec.java:49)
	at org.openqa.selenium.remote.HttpCommandExecutor.execute(HttpCommandExecutor.java:158)
	at org.openqa.selenium.remote.service.DriverCommandExecutor.execute(DriverCommandExecutor.java:83)
	at org.openqa.selenium.remote.RemoteWebDriver.execute(RemoteWebDriver.java:552)
	at com.kms.katalon.selenium.driver.CChromeDriver.execute(CChromeDriver.java:19)
	at org.openqa.selenium.remote.RemoteWebElement.execute(RemoteWebElement.java:285)
	at org.openqa.selenium.remote.RemoteWebElement.click(RemoteWebElement.java:84)
	at org.openqa.selenium.support.events.EventFiringWebDriver$EventFiringWebElement.lambda$new$0(EventFiringWebDriver.java:404)
	at com.sun.proxy.$Proxy11.click(Unknown Source)
	at org.openqa.selenium.support.events.EventFiringWebDriver$EventFiringWebElement.click(EventFiringWebDriver.java:417)
	at org.openqa.selenium.WebElement$click.call(Unknown Source)
	at com.kms.katalon.core.webui.keyword.builtin.ClickKeyword.clickUntilSuccessWithTimeout(ClickKeyword.groovy:81)
	at com.kms.katalon.core.webui.keyword.builtin.ClickKeyword.clickUntilSuccessWithTimeout(ClickKeyword.groovy)
	at com.kms.katalon.core.webui.keyword.builtin.ClickKeyword$_click_closure1.doCall(ClickKeyword.groovy:67)
	at com.kms.katalon.core.webui.keyword.builtin.ClickKeyword$_click_closure1.call(ClickKeyword.groovy)
	at com.kms.katalon.core.webui.keyword.internal.WebUIKeywordMain.runKeyword(WebUIKeywordMain.groovy:20)
	at com.kms.katalon.core.webui.keyword.builtin.ClickKeyword.click(ClickKeyword.groovy:74)
	at com.kms.katalon.core.webui.keyword.builtin.ClickKeyword.execute(ClickKeyword.groovy:40)
	at com.kms.katalon.core.keyword.internal.KeywordExecutor.executeKeywordForPlatform(KeywordExecutor.groovy:74)
	at com.kms.katalon.core.webui.keyword.WebUiBuiltInKeywords.click(WebUiBuiltInKeywords.groovy:620)
	at com.kms.katalon.core.webui.keyword.WebUiBuiltInKeywords$click$2.call(Unknown Source)
	at Script1684135793852.run(Script1684135793852.groovy:22)
	at com.kms.katalon.core.main.ScriptEngine.run(ScriptEngine.java:194)
	at com.kms.katalon.core.main.ScriptEngine.runScriptAsRawText(ScriptEngine.java:119)
	at com.kms.katalon.core.main.TestCaseExecutor.runScript(TestCaseExecutor.java:448)
	at com.kms.katalon.core.main.TestCaseExecutor.doExecute(TestCaseExecutor.java:439)
	at com.kms.katalon.core.main.TestCaseExecutor.processExecutionPhase(TestCaseExecutor.java:418)
	at com.kms.katalon.core.main.TestCaseExecutor.accessMainPhase(TestCaseExecutor.java:410)
	at com.kms.katalon.core.main.TestCaseExecutor.execute(TestCaseExecutor.java:285)
	at com.kms.katalon.core.main.TestCaseMain.runTestCase(TestCaseMain.java:142)
	at com.kms.katalon.core.keyword.builtin.CallTestCaseKeyword$_callTestCase_closure1.doCall(CallTestCaseKeyword.groovy:59)
	at com.kms.katalon.core.keyword.builtin.CallTestCaseKeyword$_callTestCase_closure1.call(CallTestCaseKeyword.groovy)
	at com.kms.katalon.core.keyword.internal.KeywordMain.runKeyword(KeywordMain.groovy:74)
	at com.kms.katalon.core.keyword.builtin.CallTestCaseKeyword.callTestCase(CallTestCaseKeyword.groovy:81)
	at com.kms.katalon.core.keyword.builtin.CallTestCaseKeyword.execute(CallTestCaseKeyword.groovy:44)
	at com.kms.katalon.core.keyword.internal.KeywordExecutor.executeKeywordForPlatform(KeywordExecutor.groovy:74)
	at com.kms.katalon.core.keyword.BuiltinKeywords.callTestCase(BuiltinKeywords.groovy:334)
	at Script1684101683596.run(Script1684101683596.groovy:58)
	at com.kms.katalon.core.main.ScriptEngine.run(ScriptEngine.java:194)
	at com.kms.katalon.core.main.ScriptEngine.runScriptAsRawText(ScriptEngine.java:119)
	at com.kms.katalon.core.main.TestCaseExecutor.runScript(TestCaseExecutor.java:448)
	at com.kms.katalon.core.main.TestCaseExecutor.doExecute(TestCaseExecutor.java:439)
	at com.kms.katalon.core.main.TestCaseExecutor.processExecutionPhase(TestCaseExecutor.java:418)
	at com.kms.katalon.core.main.TestCaseExecutor.accessMainPhase(TestCaseExecutor.java:410)
	at com.kms.katalon.core.main.TestCaseExecutor.execute(TestCaseExecutor.java:285)
	at com.kms.katalon.core.main.TestCaseMain.runTestCase(TestCaseMain.java:142)
	at com.kms.katalon.core.keyword.builtin.CallTestCaseKeyword$_callTestCase_closure1.doCall(CallTestCaseKeyword.groovy:59)
	at com.kms.katalon.core.keyword.builtin.CallTestCaseKeyword$_callTestCase_closure1.call(CallTestCaseKeyword.groovy)
	at com.kms.katalon.core.keyword.internal.KeywordMain.runKeyword(KeywordMain.groovy:74)
	at com.kms.katalon.core.keyword.builtin.CallTestCaseKeyword.callTestCase(CallTestCaseKeyword.groovy:81)
	at com.kms.katalon.core.keyword.builtin.CallTestCaseKeyword.execute(CallTestCaseKeyword.groovy:44)
	at com.kms.katalon.core.keyword.internal.KeywordExecutor.executeKeywordForPlatform(KeywordExecutor.groovy:74)
	at com.kms.katalon.core.keyword.BuiltinKeywords.callTestCase(BuiltinKeywords.groovy:334)
	at Script1691525490171.run(Script1691525490171.groovy:46)
	... 13 more
)

2023-08-17 12:45:44 - [MESSAGE][FAILED] - Unable to click on object 'Object Repository/OPCPage/close_popup_OPC' (Root cause: com.kms.katalon.core.exception.StepFailedException: Unable to click on object 'Object Repository/OPCPage/close_popup_OPC'
	at com.kms.katalon.core.webui.keyword.internal.WebUIKeywordMain.stepFailed(WebUIKeywordMain.groovy:64)
	at com.kms.katalon.core.webui.keyword.internal.WebUIKeywordMain.runKeyword(WebUIKeywordMain.groovy:26)
	at com.kms.katalon.core.webui.keyword.builtin.ClickKeyword.click(ClickKeyword.groovy:74)
	at com.kms.katalon.core.webui.keyword.builtin.ClickKeyword.execute(ClickKeyword.groovy:40)
	at com.kms.katalon.core.keyword.internal.KeywordExecutor.executeKeywordForPlatform(KeywordExecutor.groovy:74)
	at com.kms.katalon.core.webui.keyword.WebUiBuiltInKeywords.click(WebUiBuiltInKeywords.groovy:620)
	at com.kms.katalon.core.webui.keyword.WebUiBuiltInKeywords$click$2.call(Unknown Source)
	at close any pop up.run(close any pop up:22)
	at com.kms.katalon.core.main.ScriptEngine.run(ScriptEngine.java:194)
	at com.kms.katalon.core.main.ScriptEngine.runScriptAsRawText(ScriptEngine.java:119)
	at com.kms.katalon.core.main.TestCaseExecutor.runScript(TestCaseExecutor.java:448)
	at com.kms.katalon.core.main.TestCaseExecutor.doExecute(TestCaseExecutor.java:439)
	at com.kms.katalon.core.main.TestCaseExecutor.processExecutionPhase(TestCaseExecutor.java:418)
	at com.kms.katalon.core.main.TestCaseExecutor.accessMainPhase(TestCaseExecutor.java:410)
	at com.kms.katalon.core.main.TestCaseExecutor.execute(TestCaseExecutor.java:285)
	at com.kms.katalon.core.main.TestCaseMain.runTestCase(TestCaseMain.java:142)
	at com.kms.katalon.core.keyword.builtin.CallTestCaseKeyword$_callTestCase_closure1.doCall(CallTestCaseKeyword.groovy:59)
	at com.kms.katalon.core.keyword.builtin.CallTestCaseKeyword$_callTestCase_closure1.call(CallTestCaseKeyword.groovy)
	at com.kms.katalon.core.keyword.internal.KeywordMain.runKeyword(KeywordMain.groovy:74)
	at com.kms.katalon.core.keyword.builtin.CallTestCaseKeyword.callTestCase(CallTestCaseKeyword.groovy:81)
	at com.kms.katalon.core.keyword.builtin.CallTestCaseKeyword.execute(CallTestCaseKeyword.groovy:44)
	at com.kms.katalon.core.keyword.internal.KeywordExecutor.executeKeywordForPlatform(KeywordExecutor.groovy:74)
	at com.kms.katalon.core.keyword.BuiltinKeywords.callTestCase(BuiltinKeywords.groovy:334)
	at create_new_CARD_OPC.run(create_new_CARD_OPC:58)
	at com.kms.katalon.core.main.ScriptEngine.run(ScriptEngine.java:194)
	at com.kms.katalon.core.main.ScriptEngine.runScriptAsRawText(ScriptEngine.java:119)
	at com.kms.katalon.core.main.TestCaseExecutor.runScript(TestCaseExecutor.java:448)
	at com.kms.katalon.core.main.TestCaseExecutor.doExecute(TestCaseExecutor.java:439)
	at com.kms.katalon.core.main.TestCaseExecutor.processExecutionPhase(TestCaseExecutor.java:418)
	at com.kms.katalon.core.main.TestCaseExecutor.accessMainPhase(TestCaseExecutor.java:410)
	at com.kms.katalon.core.main.TestCaseExecutor.execute(TestCaseExecutor.java:285)
	at com.kms.katalon.core.main.TestCaseMain.runTestCase(TestCaseMain.java:142)
	at com.kms.katalon.core.keyword.builtin.CallTestCaseKeyword$_callTestCase_closure1.doCall(CallTestCaseKeyword.groovy:59)
	at com.kms.katalon.core.keyword.builtin.CallTestCaseKeyword$_callTestCase_closure1.call(CallTestCaseKeyword.groovy)
	at com.kms.katalon.core.keyword.internal.KeywordMain.runKeyword(KeywordMain.groovy:74)
	at com.kms.katalon.core.keyword.builtin.CallTestCaseKeyword.callTestCase(CallTestCaseKeyword.groovy:81)
	at com.kms.katalon.core.keyword.builtin.CallTestCaseKeyword.execute(CallTestCaseKeyword.groovy:44)
	at com.kms.katalon.core.keyword.internal.KeywordExecutor.executeKeywordForPlatform(KeywordExecutor.groovy:74)
	at com.kms.katalon.core.keyword.BuiltinKeywords.callTestCase(BuiltinKeywords.groovy:334)
	at TS_SMOKE_SUITE_077.run(TS_SMOKE_SUITE_077:46)
	at com.kms.katalon.core.main.ScriptEngine.run(ScriptEngine.java:194)
	at com.kms.katalon.core.main.ScriptEngine.runScriptAsRawText(ScriptEngine.java:119)
	at com.kms.katalon.core.main.TestCaseExecutor.runScript(TestCaseExecutor.java:448)
	at com.kms.katalon.core.main.TestCaseExecutor.doExecute(TestCaseExecutor.java:439)
	at com.kms.katalon.core.main.TestCaseExecutor.processExecutionPhase(TestCaseExecutor.java:418)
	at com.kms.katalon.core.main.TestCaseExecutor.accessMainPhase(TestCaseExecutor.java:410)
	at com.kms.katalon.core.main.TestCaseExecutor.execute(TestCaseExecutor.java:285)
	at com.kms.katalon.core.common.CommonExecutor.accessTestCaseMainPhase(CommonExecutor.java:65)
	at com.kms.katalon.core.main.TestSuiteExecutor.accessTestSuiteMainPhase(TestSuiteExecutor.java:151)
	at com.kms.katalon.core.main.TestSuiteExecutor.execute(TestSuiteExecutor.java:106)
	at com.kms.katalon.core.main.TestCaseMain.startTestSuite(TestCaseMain.java:185)
	at com.kms.katalon.core.main.TestCaseMain$startTestSuite$0.call(Unknown Source)
	at TempTestSuite1692253980874.run(TempTestSuite1692253980874.groovy:36)
Caused by: org.openqa.selenium.ElementNotInteractableException: element not interactable
  (Session info: chrome=115.0.5790.171)
Build info: version: '3.141.59', revision: 'e82be7d358', time: '2018-11-14T08:25:53'
System info: host: 'DESKTOP-L51QJLB', ip: '172.22.45.143', os.name: 'Windows 10', os.arch: 'amd64', os.version: '10.0', java.version: '1.8.0_282'
Driver info: com.kms.katalon.selenium.driver.CChromeDriver
Capabilities {acceptInsecureCerts: false, browserName: chrome, browserVersion: 115.0.5790.171, chrome: {chromedriverVersion: 114.0.5735.90 (386bc09e8f4f..., userDataDir: C:\Users\DELL\AppData\Local...}, goog:chromeOptions: {debuggerAddress: localhost:63922}, javascriptEnabled: true, networkConnectionEnabled: false, pageLoadStrategy: normal, platform: WINDOWS, platformName: WINDOWS, proxy: Proxy(), setWindowRect: true, strictFileInteractability: false, timeouts: {implicit: 0, pageLoad: 300000, script: 30000}, unhandledPromptBehavior: dismiss and notify, webauthn:extension:credBlob: true, webauthn:extension:largeBlob: true, webauthn:extension:minPinLength: true, webauthn:extension:prf: true, webauthn:virtualAuthenticators: true}
Session ID: 44980ff01c1fa66794635551efed33b2
	at org.openqa.selenium.remote.http.W3CHttpResponseCodec.createException(W3CHttpResponseCodec.java:187)
	at org.openqa.selenium.remote.http.W3CHttpResponseCodec.decode(W3CHttpResponseCodec.java:122)
	at org.openqa.selenium.remote.http.W3CHttpResponseCodec.decode(W3CHttpResponseCodec.java:49)
	at org.openqa.selenium.remote.HttpCommandExecutor.execute(HttpCommandExecutor.java:158)
	at org.openqa.selenium.remote.service.DriverCommandExecutor.execute(DriverCommandExecutor.java:83)
	at org.openqa.selenium.remote.RemoteWebDriver.execute(RemoteWebDriver.java:552)
	at com.kms.katalon.selenium.driver.CChromeDriver.execute(CChromeDriver.java:19)
	at org.openqa.selenium.remote.RemoteWebElement.execute(RemoteWebElement.java:285)
	at org.openqa.selenium.remote.RemoteWebElement.click(RemoteWebElement.java:84)
	at org.openqa.selenium.support.events.EventFiringWebDriver$EventFiringWebElement.lambda$new$0(EventFiringWebDriver.java:404)
	at com.sun.proxy.$Proxy11.click(Unknown Source)
	at org.openqa.selenium.support.events.EventFiringWebDriver$EventFiringWebElement.click(EventFiringWebDriver.java:417)
	at org.openqa.selenium.WebElement$click.call(Unknown Source)
	at com.kms.katalon.core.webui.keyword.builtin.ClickKeyword.clickUntilSuccessWithTimeout(ClickKeyword.groovy:81)
	at com.kms.katalon.core.webui.keyword.builtin.ClickKeyword.clickUntilSuccessWithTimeout(ClickKeyword.groovy)
	at com.kms.katalon.core.webui.keyword.builtin.ClickKeyword$_click_closure1.doCall(ClickKeyword.groovy:67)
	at com.kms.katalon.core.webui.keyword.builtin.ClickKeyword$_click_closure1.call(ClickKeyword.groovy)
	at com.kms.katalon.core.webui.keyword.internal.WebUIKeywordMain.runKeyword(WebUIKeywordMain.groovy:20)
	at com.kms.katalon.core.webui.keyword.builtin.ClickKeyword.click(ClickKeyword.groovy:74)
	at com.kms.katalon.core.webui.keyword.builtin.ClickKeyword.execute(ClickKeyword.groovy:40)
	at com.kms.katalon.core.keyword.internal.KeywordExecutor.executeKeywordForPlatform(KeywordExecutor.groovy:74)
	at com.kms.katalon.core.webui.keyword.WebUiBuiltInKeywords.click(WebUiBuiltInKeywords.groovy:620)
	at com.kms.katalon.core.webui.keyword.WebUiBuiltInKeywords$click$2.call(Unknown Source)
	at Script1684135793852.run(Script1684135793852.groovy:22)
	at com.kms.katalon.core.main.ScriptEngine.run(ScriptEngine.java:194)
	at com.kms.katalon.core.main.ScriptEngine.runScriptAsRawText(ScriptEngine.java:119)
	at com.kms.katalon.core.main.TestCaseExecutor.runScript(TestCaseExecutor.java:448)
	at com.kms.katalon.core.main.TestCaseExecutor.doExecute(TestCaseExecutor.java:439)
	at com.kms.katalon.core.main.TestCaseExecutor.processExecutionPhase(TestCaseExecutor.java:418)
	at com.kms.katalon.core.main.TestCaseExecutor.accessMainPhase(TestCaseExecutor.java:410)
	at com.kms.katalon.core.main.TestCaseExecutor.execute(TestCaseExecutor.java:285)
	at com.kms.katalon.core.main.TestCaseMain.runTestCase(TestCaseMain.java:142)
	at com.kms.katalon.core.keyword.builtin.CallTestCaseKeyword$_callTestCase_closure1.doCall(CallTestCaseKeyword.groovy:59)
	at com.kms.katalon.core.keyword.builtin.CallTestCaseKeyword$_callTestCase_closure1.call(CallTestCaseKeyword.groovy)
	at com.kms.katalon.core.keyword.internal.KeywordMain.runKeyword(KeywordMain.groovy:74)
	at com.kms.katalon.core.keyword.builtin.CallTestCaseKeyword.callTestCase(CallTestCaseKeyword.groovy:81)
	at com.kms.katalon.core.keyword.builtin.CallTestCaseKeyword.execute(CallTestCaseKeyword.groovy:44)
	at com.kms.katalon.core.keyword.internal.KeywordExecutor.executeKeywordForPlatform(KeywordExecutor.groovy:74)
	at com.kms.katalon.core.keyword.BuiltinKeywords.callTestCase(BuiltinKeywords.groovy:334)
	at Script1684101683596.run(Script1684101683596.groovy:58)
	at com.kms.katalon.core.main.ScriptEngine.run(ScriptEngine.java:194)
	at com.kms.katalon.core.main.ScriptEngine.runScriptAsRawText(ScriptEngine.java:119)
	at com.kms.katalon.core.main.TestCaseExecutor.runScript(TestCaseExecutor.java:448)
	at com.kms.katalon.core.main.TestCaseExecutor.doExecute(TestCaseExecutor.java:439)
	at com.kms.katalon.core.main.TestCaseExecutor.processExecutionPhase(TestCaseExecutor.java:418)
	at com.kms.katalon.core.main.TestCaseExecutor.accessMainPhase(TestCaseExecutor.java:410)
	at com.kms.katalon.core.main.TestCaseExecutor.execute(TestCaseExecutor.java:285)
	at com.kms.katalon.core.main.TestCaseMain.runTestCase(TestCaseMain.java:142)
	at com.kms.katalon.core.keyword.builtin.CallTestCaseKeyword$_callTestCase_closure1.doCall(CallTestCaseKeyword.groovy:59)
	at com.kms.katalon.core.keyword.builtin.CallTestCaseKeyword$_callTestCase_closure1.call(CallTestCaseKeyword.groovy)
	at com.kms.katalon.core.keyword.internal.KeywordMain.runKeyword(KeywordMain.groovy:74)
	at com.kms.katalon.core.keyword.builtin.CallTestCaseKeyword.callTestCase(CallTestCaseKeyword.groovy:81)
	at com.kms.katalon.core.keyword.builtin.CallTestCaseKeyword.execute(CallTestCaseKeyword.groovy:44)
	at com.kms.katalon.core.keyword.internal.KeywordExecutor.executeKeywordForPlatform(KeywordExecutor.groovy:74)
	at com.kms.katalon.core.keyword.BuiltinKeywords.callTestCase(BuiltinKeywords.groovy:334)
	at Script1691525490171.run(Script1691525490171.groovy:46)
	... 13 more
)
[[ATTACHMENT|D:\\backup\\Liverpool_SmokeSuite1\\Reports\\20230817_120257\\checkout\\20230817_120300\\1692256544784.png]]

2023-08-17 12:45:44 - [MESSAGE][WARNING] - Unable to call Test Case 'Test Cases/CommonMethods/close any pop up' (Root cause: com.kms.katalon.core.exception.StepFailedException: Call Test Case 'Test Cases/CommonMethods/close any pop up' failed
	at com.kms.katalon.core.keyword.builtin.CallTestCaseKeyword$_callTestCase_closure1.doCall(CallTestCaseKeyword.groovy:63)
	at com.kms.katalon.core.keyword.builtin.CallTestCaseKeyword$_callTestCase_closure1.call(CallTestCaseKeyword.groovy)
	at com.kms.katalon.core.keyword.internal.KeywordMain.runKeyword(KeywordMain.groovy:74)
	at com.kms.katalon.core.keyword.builtin.CallTestCaseKeyword.callTestCase(CallTestCaseKeyword.groovy:81)
	at com.kms.katalon.core.keyword.builtin.CallTestCaseKeyword.execute(CallTestCaseKeyword.groovy:44)
	at com.kms.katalon.core.keyword.internal.KeywordExecutor.executeKeywordForPlatform(KeywordExecutor.groovy:74)
	at com.kms.katalon.core.keyword.BuiltinKeywords.callTestCase(BuiltinKeywords.groovy:334)
	at create_new_CARD_OPC.run(create_new_CARD_OPC:58)
	at com.kms.katalon.core.main.ScriptEngine.run(ScriptEngine.java:194)
	at com.kms.katalon.core.main.ScriptEngine.runScriptAsRawText(ScriptEngine.java:119)
	at com.kms.katalon.core.main.TestCaseExecutor.runScript(TestCaseExecutor.java:448)
	at com.kms.katalon.core.main.TestCaseExecutor.doExecute(TestCaseExecutor.java:439)
	at com.kms.katalon.core.main.TestCaseExecutor.processExecutionPhase(TestCaseExecutor.java:418)
	at com.kms.katalon.core.main.TestCaseExecutor.accessMainPhase(TestCaseExecutor.java:410)
	at com.kms.katalon.core.main.TestCaseExecutor.execute(TestCaseExecutor.java:285)
	at com.kms.katalon.core.main.TestCaseMain.runTestCase(TestCaseMain.java:142)
	at com.kms.katalon.core.keyword.builtin.CallTestCaseKeyword$_callTestCase_closure1.doCall(CallTestCaseKeyword.groovy:59)
	at com.kms.katalon.core.keyword.builtin.CallTestCaseKeyword$_callTestCase_closure1.call(CallTestCaseKeyword.groovy)
	at com.kms.katalon.core.keyword.internal.KeywordMain.runKeyword(KeywordMain.groovy:74)
	at com.kms.katalon.core.keyword.builtin.CallTestCaseKeyword.callTestCase(CallTestCaseKeyword.groovy:81)
	at com.kms.katalon.core.keyword.builtin.CallTestCaseKeyword.execute(CallTestCaseKeyword.groovy:44)
	at com.kms.katalon.core.keyword.internal.KeywordExecutor.executeKeywordForPlatform(KeywordExecutor.groovy:74)
	at com.kms.katalon.core.keyword.BuiltinKeywords.callTestCase(BuiltinKeywords.groovy:334)
	at TS_SMOKE_SUITE_077.run(TS_SMOKE_SUITE_077:46)
	at com.kms.katalon.core.main.ScriptEngine.run(ScriptEngine.java:194)
	at com.kms.katalon.core.main.ScriptEngine.runScriptAsRawText(ScriptEngine.java:119)
	at com.kms.katalon.core.main.TestCaseExecutor.runScript(TestCaseExecutor.java:448)
	at com.kms.katalon.core.main.TestCaseExecutor.doExecute(TestCaseExecutor.java:439)
	at com.kms.katalon.core.main.TestCaseExecutor.processExecutionPhase(TestCaseExecutor.java:418)
	at com.kms.katalon.core.main.TestCaseExecutor.accessMainPhase(TestCaseExecutor.java:410)
	at com.kms.katalon.core.main.TestCaseExecutor.execute(TestCaseExecutor.java:285)
	at com.kms.katalon.core.common.CommonExecutor.accessTestCaseMainPhase(CommonExecutor.java:65)
	at com.kms.katalon.core.main.TestSuiteExecutor.accessTestSuiteMainPhase(TestSuiteExecutor.java:151)
	at com.kms.katalon.core.main.TestSuiteExecutor.execute(TestSuiteExecutor.java:106)
	at com.kms.katalon.core.main.TestCaseMain.startTestSuite(TestCaseMain.java:185)
	at com.kms.katalon.core.main.TestCaseMain$startTestSuite$0.call(Unknown Source)
	at TempTestSuite1692253980874.run(TempTestSuite1692253980874.groovy:36)
Caused by: com.kms.katalon.core.exception.StepFailedException: Unable to click on object 'Object Repository/OPCPage/close_popup_OPC'
	at com.kms.katalon.core.webui.keyword.internal.WebUIKeywordMain.stepFailed(WebUIKeywordMain.groovy:64)
	at com.kms.katalon.core.webui.keyword.internal.WebUIKeywordMain.runKeyword(WebUIKeywordMain.groovy:26)
	at com.kms.katalon.core.webui.keyword.builtin.ClickKeyword.click(ClickKeyword.groovy:74)
	at com.kms.katalon.core.webui.keyword.builtin.ClickKeyword.execute(ClickKeyword.groovy:40)
	at com.kms.katalon.core.keyword.internal.KeywordExecutor.executeKeywordForPlatform(KeywordExecutor.groovy:74)
	at com.kms.katalon.core.webui.keyword.WebUiBuiltInKeywords.click(WebUiBuiltInKeywords.groovy:620)
	at com.kms.katalon.core.webui.keyword.WebUiBuiltInKeywords$click$2.call(Unknown Source)
	at close any pop up.run(close any pop up:22)
	at com.kms.katalon.core.main.ScriptEngine.run(ScriptEngine.java:194)
	at com.kms.katalon.core.main.ScriptEngine.runScriptAsRawText(ScriptEngine.java:119)
	at com.kms.katalon.core.main.TestCaseExecutor.runScript(TestCaseExecutor.java:448)
	at com.kms.katalon.core.main.TestCaseExecutor.doExecute(TestCaseExecutor.java:439)
	at com.kms.katalon.core.main.TestCaseExecutor.processExecutionPhase(TestCaseExecutor.java:418)
	at com.kms.katalon.core.main.TestCaseExecutor.accessMainPhase(TestCaseExecutor.java:410)
	at com.kms.katalon.core.main.TestCaseExecutor.execute(TestCaseExecutor.java:285)
	at com.kms.katalon.core.main.TestCaseMain.runTestCase(TestCaseMain.java:142)
	at com.kms.katalon.core.keyword.builtin.CallTestCaseKeyword$_callTestCase_closure1.doCall(CallTestCaseKeyword.groovy:59)
	... 36 more
Caused by: org.openqa.selenium.ElementNotInteractableException: element not interactable
  (Session info: chrome=115.0.5790.171)
Build info: version: '3.141.59', revision: 'e82be7d358', time: '2018-11-14T08:25:53'
System info: host: 'DESKTOP-L51QJLB', ip: '172.22.45.143', os.name: 'Windows 10', os.arch: 'amd64', os.version: '10.0', java.version: '1.8.0_282'
Driver info: com.kms.katalon.selenium.driver.CChromeDriver
Capabilities {acceptInsecureCerts: false, browserName: chrome, browserVersion: 115.0.5790.171, chrome: {chromedriverVersion: 114.0.5735.90 (386bc09e8f4f..., userDataDir: C:\Users\DELL\AppData\Local...}, goog:chromeOptions: {debuggerAddress: localhost:63922}, javascriptEnabled: true, networkConnectionEnabled: false, pageLoadStrategy: normal, platform: WINDOWS, platformName: WINDOWS, proxy: Proxy(), setWindowRect: true, strictFileInteractability: false, timeouts: {implicit: 0, pageLoad: 300000, script: 30000}, unhandledPromptBehavior: dismiss and notify, webauthn:extension:credBlob: true, webauthn:extension:largeBlob: true, webauthn:extension:minPinLength: true, webauthn:extension:prf: true, webauthn:virtualAuthenticators: true}
Session ID: 44980ff01c1fa66794635551efed33b2
	at org.openqa.selenium.remote.http.W3CHttpResponseCodec.createException(W3CHttpResponseCodec.java:187)
	at org.openqa.selenium.remote.http.W3CHttpResponseCodec.decode(W3CHttpResponseCodec.java:122)
	at org.openqa.selenium.remote.http.W3CHttpResponseCodec.decode(W3CHttpResponseCodec.java:49)
	at org.openqa.selenium.remote.HttpCommandExecutor.execute(HttpCommandExecutor.java:158)
	at org.openqa.selenium.remote.service.DriverCommandExecutor.execute(DriverCommandExecutor.java:83)
	at org.openqa.selenium.remote.RemoteWebDriver.execute(RemoteWebDriver.java:552)
	at com.kms.katalon.selenium.driver.CChromeDriver.execute(CChromeDriver.java:19)
	at org.openqa.selenium.remote.RemoteWebElement.execute(RemoteWebElement.java:285)
	at org.openqa.selenium.remote.RemoteWebElement.click(RemoteWebElement.java:84)
	at org.openqa.selenium.support.events.EventFiringWebDriver$EventFiringWebElement.lambda$new$0(EventFiringWebDriver.java:404)
	at com.sun.proxy.$Proxy11.click(Unknown Source)
	at org.openqa.selenium.support.events.EventFiringWebDriver$EventFiringWebElement.click(EventFiringWebDriver.java:417)
	at org.openqa.selenium.WebElement$click.call(Unknown Source)
	at com.kms.katalon.core.webui.keyword.builtin.ClickKeyword.clickUntilSuccessWithTimeout(ClickKeyword.groovy:81)
	at com.kms.katalon.core.webui.keyword.builtin.ClickKeyword.clickUntilSuccessWithTimeout(ClickKeyword.groovy)
	at com.kms.katalon.core.webui.keyword.builtin.ClickKeyword$_click_closure1.doCall(ClickKeyword.groovy:67)
	at com.kms.katalon.core.webui.keyword.builtin.ClickKeyword$_click_closure1.call(ClickKeyword.groovy)
	at com.kms.katalon.core.webui.keyword.internal.WebUIKeywordMain.runKeyword(WebUIKeywordMain.groovy:20)
	... 51 more
)

2023-08-17 12:45:44 - [MESSAGE][PASSED] - Call Test Case 'Test Cases/CommonMethods/create_new_CARD_OPC' successfully

2023-08-17 12:45:44 - [TEST_STEP][PASSED] - closeBrowser(): Browser is closed

2023-08-17 12:45:45 - [MESSAGE][PASSED] - Browser is closed]]></system-out>
         <system-err><![CDATA[]]></system-err>
      </testcase>
      <testcase name="Test Cases/Checkout/TS_SMOKE_SUITE_078" time="191.038" classname="Test Cases/Checkout/TS_SMOKE_SUITE_078" status="PASSED">
         <system-out><![CDATA[2023-08-17 12:45:45 - [TEST_CASE][PASSED] - Test Cases/Checkout/TS_SMOKE_SUITE_078: Test Cases/Checkout/TS_SMOKE_SUITE_078

2023-08-17 12:45:46 - [TEST_STEP][PASSED] - openBrowser(""): Browser is opened with url: ''

2023-08-17 12:45:46 - [MESSAGE][INFO] - Starting 'Chrome' driver

2023-08-17 12:45:46 - [MESSAGE][INFO] - Action delay is set to 0 milliseconds

2023-08-17 12:45:47 - [MESSAGE][PASSED] - Browser is opened with url: ''

2023-08-17 12:45:47 - [TEST_STEP][PASSED] - navigateToUrl(URL): Navigate to 'https://odtaqaa.liverpool.com.mx/tienda/home' successfully

2023-08-17 12:46:53 - [MESSAGE][PASSED] - Navigate to 'https://odtaqaa.liverpool.com.mx/tienda/home' successfully

2023-08-17 12:46:53 - [TEST_STEP][PASSED] - maximizeWindow(): Current window maximized

2023-08-17 12:46:54 - [MESSAGE][PASSED] - Current window maximized

2023-08-17 12:46:54 - [TEST_STEP][PASSED] - click(findTestObject("HomePage/Iniciar sesion")): Object: 'Object Repository/HomePage/Iniciar sesion' is clicked on

2023-08-17 12:46:55 - [MESSAGE][PASSED] - Object: 'Object Repository/HomePage/Iniciar sesion' is clicked on

2023-08-17 12:46:55 - [TEST_STEP][PASSED] - callTestCase(findTestCase("CommonMethods/login_odtaqab"), [:], STOP_ON_FAILURE): Call Test Case 'Test Cases/CommonMethods/login_odtaqab' successfully

2023-08-17 12:46:55 - [TEST_CASE][PASSED] - Test Cases/CommonMethods/login_odtaqab: Test Cases/CommonMethods/login_odtaqab

2023-08-17 12:46:55 - [TEST_STEP][PASSED] - click(findTestObject("HomePage/Iniciar sesion")): Object: 'Object Repository/HomePage/Iniciar sesion' is clicked on

2023-08-17 12:46:57 - [MESSAGE][PASSED] - Object: 'Object Repository/HomePage/Iniciar sesion' is clicked on

2023-08-17 12:46:57 - [TEST_STEP][PASSED] - click(findTestObject("HomePage/EnterUsername_LP")): Object: 'Object Repository/HomePage/EnterUsername_LP' is clicked on

2023-08-17 12:47:05 - [MESSAGE][PASSED] - Object: 'Object Repository/HomePage/EnterUsername_LP' is clicked on

2023-08-17 12:47:05 - [TEST_STEP][PASSED] - setText(findTestObject("HomePage/EnterUsername_LP"), username): Text 'hcheruvu29@digisprint.com' is set on object 'Object Repository/HomePage/EnterUsername_LP'

2023-08-17 12:47:05 - [MESSAGE][PASSED] - Text 'hcheruvu29@digisprint.com' is set on object 'Object Repository/HomePage/EnterUsername_LP'

2023-08-17 12:47:05 - [TEST_STEP][PASSED] - delay(2): Delayed 2 second(s)

2023-08-17 12:47:07 - [MESSAGE][PASSED] - Delayed 2 second(s)

2023-08-17 12:47:07 - [TEST_STEP][PASSED] - click(findTestObject("HomePage/EnterPassword_LP")): Object: 'Object Repository/HomePage/EnterPassword_LP' is clicked on

2023-08-17 12:47:08 - [MESSAGE][PASSED] - Object: 'Object Repository/HomePage/EnterPassword_LP' is clicked on

2023-08-17 12:47:08 - [TEST_STEP][PASSED] - delay(2): Delayed 2 second(s)

2023-08-17 12:47:10 - [MESSAGE][PASSED] - Delayed 2 second(s)

2023-08-17 12:47:10 - [TEST_STEP][PASSED] - setText(findTestObject("HomePage/EnterPassword_LP"), password): Text 'Test@12345' is set on object 'Object Repository/HomePage/EnterPassword_LP'

2023-08-17 12:47:10 - [MESSAGE][PASSED] - Text 'Test@12345' is set on object 'Object Repository/HomePage/EnterPassword_LP'

2023-08-17 12:47:10 - [TEST_STEP][PASSED] - click(findTestObject("HomePage/inciar")): Object: 'Object Repository/HomePage/inciar' is clicked on

2023-08-17 12:47:21 - [MESSAGE][PASSED] - Object: 'Object Repository/HomePage/inciar' is clicked on

2023-08-17 12:47:21 - [MESSAGE][PASSED] - Call Test Case 'Test Cases/CommonMethods/login_odtaqab' successfully

2023-08-17 12:47:21 - [TEST_STEP][PASSED] - callTestCase(findTestCase("CommonMethods/SearchForAProduct_search"), ["searchTerm":SLProduct], STOP_ON_FAILURE): Call Test Case 'Test Cases/CommonMethods/SearchForAProduct_search' successfully

2023-08-17 12:47:21 - [TEST_CASE][PASSED] - Test Cases/CommonMethods/SearchForAProduct_search: Test Cases/CommonMethods/SearchForAProduct_search

2023-08-17 12:47:21 - [TEST_STEP][PASSED] - click(findTestObject("HomePage/Buscar1"), STOP_ON_FAILURE): Object: 'Object Repository/HomePage/Buscar1' is clicked on

2023-08-17 12:47:55 - [MESSAGE][PASSED] - Object: 'Object Repository/HomePage/Buscar1' is clicked on

2023-08-17 12:47:55 - [TEST_STEP][PASSED] - delay(3): Delayed 3 second(s)

2023-08-17 12:47:58 - [MESSAGE][PASSED] - Delayed 3 second(s)

2023-08-17 12:47:58 - [TEST_STEP][PASSED] - setText(findTestObject("HomePage/Buscar1"), searchTerm): Text 'vaso' is set on object 'Object Repository/HomePage/Buscar1'

2023-08-17 12:47:59 - [MESSAGE][PASSED] - Text 'vaso' is set on object 'Object Repository/HomePage/Buscar1'

2023-08-17 12:47:59 - [TEST_STEP][PASSED] - delay(3): Delayed 3 second(s)

2023-08-17 12:48:02 - [MESSAGE][PASSED] - Delayed 3 second(s)

2023-08-17 12:48:02 - [TEST_STEP][PASSED] - sendKeys(findTestObject("HomePage/Seach_TextBox_hp"), Keys.chord(ENTER)): Keys 'ENTER + ' sent to object: 'Object Repository/HomePage/Seach_TextBox_hp'

2023-08-17 12:48:03 - [MESSAGE][PASSED] - Keys 'ENTER + ' sent to object: 'Object Repository/HomePage/Seach_TextBox_hp'

2023-08-17 12:48:03 - [MESSAGE][PASSED] - Call Test Case 'Test Cases/CommonMethods/SearchForAProduct_search' successfully

2023-08-17 12:48:03 - [TEST_STEP][PASSED] - click(findTestObject("PLPPage/product2_cardPrice_PLP")): Object: 'Object Repository/PLPPage/product2_cardPrice_PLP' is clicked on

2023-08-17 12:48:23 - [MESSAGE][PASSED] - Object: 'Object Repository/PLPPage/product2_cardPrice_PLP' is clicked on

2023-08-17 12:48:23 - [TEST_STEP][PASSED] - click(findTestObject("PDPPage/AddToCart_PDP")): Object: 'Object Repository/PDPPage/AddToCart_PDP' is clicked on

2023-08-17 12:48:34 - [MESSAGE][PASSED] - Object: 'Object Repository/PDPPage/AddToCart_PDP' is clicked on

2023-08-17 12:48:34 - [TEST_STEP][PASSED] - click(findTestObject("HomePage/bag_header_HP")): Object: 'Object Repository/HomePage/bag_header_HP' is clicked on

2023-08-17 12:48:37 - [MESSAGE][PASSED] - Object: 'Object Repository/HomePage/bag_header_HP' is clicked on

2023-08-17 12:48:37 - [TEST_STEP][PASSED] - click(findTestObject("CartPage/BuyButton_Cart")): Object: 'Object Repository/CartPage/BuyButton_Cart' is clicked on

2023-08-17 12:48:42 - [MESSAGE][PASSED] - Object: 'Object Repository/CartPage/BuyButton_Cart' is clicked on

2023-08-17 12:48:42 - [TEST_STEP][PASSED] - click(findTestObject("OPCPage/paymentMethod_change_OPC")): Object: 'Object Repository/OPCPage/paymentMethod_change_OPC' is clicked on

2023-08-17 12:48:49 - [MESSAGE][PASSED] - Object: 'Object Repository/OPCPage/paymentMethod_change_OPC' is clicked on

2023-08-17 12:48:49 - [TEST_STEP][PASSED] - click(findTestObject("OPCPage/paymentMethod_button3_OPC")): Object: 'Object Repository/OPCPage/paymentMethod_button3_OPC' is clicked on

2023-08-17 12:48:51 - [MESSAGE][PASSED] - Object: 'Object Repository/OPCPage/paymentMethod_button3_OPC' is clicked on

2023-08-17 12:48:51 - [TEST_STEP][PASSED] - click(findTestObject("OPCPage/Continue_payment_3rdmethod_OPC")): Object: 'Object Repository/OPCPage/Continue_payment_3rdmethod_OPC' is clicked on

2023-08-17 12:48:53 - [MESSAGE][PASSED] - Object: 'Object Repository/OPCPage/Continue_payment_3rdmethod_OPC' is clicked on

2023-08-17 12:48:53 - [TEST_STEP][PASSED] - click(findTestObject("OPCPage/Final_comparar_OPC")): Object: 'Object Repository/OPCPage/Final_comparar_OPC' is clicked on

2023-08-17 12:48:56 - [MESSAGE][PASSED] - Object: 'Object Repository/OPCPage/Final_comparar_OPC' is clicked on

2023-08-17 12:48:56 - [TEST_STEP][PASSED] - closeBrowser(): Browser is closed

2023-08-17 12:48:56 - [MESSAGE][PASSED] - Browser is closed]]></system-out>
         <system-err><![CDATA[]]></system-err>
      </testcase>
      <testcase name="Test Cases/Checkout/TS_SMOKE_SUITE_080" time="194.507" classname="Test Cases/Checkout/TS_SMOKE_SUITE_080" status="PASSED">
         <system-out><![CDATA[2023-08-17 12:48:56 - [TEST_CASE][PASSED] - Test Cases/Checkout/TS_SMOKE_SUITE_080: Test Cases/Checkout/TS_SMOKE_SUITE_080

2023-08-17 12:48:57 - [TEST_STEP][PASSED] - openBrowser(""): Browser is opened with url: ''

2023-08-17 12:48:57 - [MESSAGE][INFO] - Starting 'Chrome' driver

2023-08-17 12:48:57 - [MESSAGE][INFO] - Action delay is set to 0 milliseconds

2023-08-17 12:48:58 - [MESSAGE][PASSED] - Browser is opened with url: ''

2023-08-17 12:48:58 - [TEST_STEP][PASSED] - navigateToUrl(URL): Navigate to 'https://odtaqaa.liverpool.com.mx/tienda/home' successfully

2023-08-17 12:50:03 - [MESSAGE][PASSED] - Navigate to 'https://odtaqaa.liverpool.com.mx/tienda/home' successfully

2023-08-17 12:50:03 - [TEST_STEP][PASSED] - maximizeWindow(): Current window maximized

2023-08-17 12:50:03 - [MESSAGE][PASSED] - Current window maximized

2023-08-17 12:50:03 - [TEST_STEP][PASSED] - click(findTestObject("HomePage/Iniciar sesion")): Object: 'Object Repository/HomePage/Iniciar sesion' is clicked on

2023-08-17 12:50:04 - [MESSAGE][PASSED] - Object: 'Object Repository/HomePage/Iniciar sesion' is clicked on

2023-08-17 12:50:04 - [TEST_STEP][PASSED] - callTestCase(findTestCase("CommonMethods/login_odtaqab"), [:], STOP_ON_FAILURE): Call Test Case 'Test Cases/CommonMethods/login_odtaqab' successfully

2023-08-17 12:50:04 - [TEST_CASE][PASSED] - Test Cases/CommonMethods/login_odtaqab: Test Cases/CommonMethods/login_odtaqab

2023-08-17 12:50:04 - [TEST_STEP][PASSED] - click(findTestObject("HomePage/Iniciar sesion")): Object: 'Object Repository/HomePage/Iniciar sesion' is clicked on

2023-08-17 12:50:07 - [MESSAGE][PASSED] - Object: 'Object Repository/HomePage/Iniciar sesion' is clicked on

2023-08-17 12:50:07 - [TEST_STEP][PASSED] - click(findTestObject("HomePage/EnterUsername_LP")): Object: 'Object Repository/HomePage/EnterUsername_LP' is clicked on

2023-08-17 12:50:15 - [MESSAGE][PASSED] - Object: 'Object Repository/HomePage/EnterUsername_LP' is clicked on

2023-08-17 12:50:15 - [TEST_STEP][PASSED] - setText(findTestObject("HomePage/EnterUsername_LP"), username): Text 'hcheruvu29@digisprint.com' is set on object 'Object Repository/HomePage/EnterUsername_LP'

2023-08-17 12:50:16 - [MESSAGE][PASSED] - Text 'hcheruvu29@digisprint.com' is set on object 'Object Repository/HomePage/EnterUsername_LP'

2023-08-17 12:50:16 - [TEST_STEP][PASSED] - delay(2): Delayed 2 second(s)

2023-08-17 12:50:18 - [MESSAGE][PASSED] - Delayed 2 second(s)

2023-08-17 12:50:18 - [TEST_STEP][PASSED] - click(findTestObject("HomePage/EnterPassword_LP")): Object: 'Object Repository/HomePage/EnterPassword_LP' is clicked on

2023-08-17 12:50:18 - [MESSAGE][PASSED] - Object: 'Object Repository/HomePage/EnterPassword_LP' is clicked on

2023-08-17 12:50:18 - [TEST_STEP][PASSED] - delay(2): Delayed 2 second(s)

2023-08-17 12:50:20 - [MESSAGE][PASSED] - Delayed 2 second(s)

2023-08-17 12:50:20 - [TEST_STEP][PASSED] - setText(findTestObject("HomePage/EnterPassword_LP"), password): Text 'Test@12345' is set on object 'Object Repository/HomePage/EnterPassword_LP'

2023-08-17 12:50:21 - [MESSAGE][PASSED] - Text 'Test@12345' is set on object 'Object Repository/HomePage/EnterPassword_LP'

2023-08-17 12:50:21 - [TEST_STEP][PASSED] - click(findTestObject("HomePage/inciar")): Object: 'Object Repository/HomePage/inciar' is clicked on

2023-08-17 12:50:32 - [MESSAGE][PASSED] - Object: 'Object Repository/HomePage/inciar' is clicked on

2023-08-17 12:50:32 - [MESSAGE][PASSED] - Call Test Case 'Test Cases/CommonMethods/login_odtaqab' successfully

2023-08-17 12:50:32 - [TEST_STEP][PASSED] - callTestCase(findTestCase("CommonMethods/SearchForAProduct_search"), ["searchTerm":SLProduct], STOP_ON_FAILURE): Call Test Case 'Test Cases/CommonMethods/SearchForAProduct_search' successfully

2023-08-17 12:50:32 - [TEST_CASE][PASSED] - Test Cases/CommonMethods/SearchForAProduct_search: Test Cases/CommonMethods/SearchForAProduct_search

2023-08-17 12:50:32 - [TEST_STEP][PASSED] - click(findTestObject("HomePage/Buscar1"), STOP_ON_FAILURE): Object: 'Object Repository/HomePage/Buscar1' is clicked on

2023-08-17 12:51:04 - [MESSAGE][PASSED] - Object: 'Object Repository/HomePage/Buscar1' is clicked on

2023-08-17 12:51:04 - [TEST_STEP][PASSED] - delay(3): Delayed 3 second(s)

2023-08-17 12:51:07 - [MESSAGE][PASSED] - Delayed 3 second(s)

2023-08-17 12:51:07 - [TEST_STEP][PASSED] - setText(findTestObject("HomePage/Buscar1"), searchTerm): Text 'vaso' is set on object 'Object Repository/HomePage/Buscar1'

2023-08-17 12:51:08 - [MESSAGE][PASSED] - Text 'vaso' is set on object 'Object Repository/HomePage/Buscar1'

2023-08-17 12:51:08 - [TEST_STEP][PASSED] - delay(3): Delayed 3 second(s)

2023-08-17 12:51:11 - [MESSAGE][PASSED] - Delayed 3 second(s)

2023-08-17 12:51:11 - [TEST_STEP][PASSED] - sendKeys(findTestObject("HomePage/Seach_TextBox_hp"), Keys.chord(ENTER)): Keys 'ENTER + ' sent to object: 'Object Repository/HomePage/Seach_TextBox_hp'

2023-08-17 12:51:14 - [MESSAGE][PASSED] - Keys 'ENTER + ' sent to object: 'Object Repository/HomePage/Seach_TextBox_hp'

2023-08-17 12:51:14 - [MESSAGE][PASSED] - Call Test Case 'Test Cases/CommonMethods/SearchForAProduct_search' successfully

2023-08-17 12:51:14 - [TEST_STEP][PASSED] - click(findTestObject("PLPPage/product2_cardPrice_PLP")): Object: 'Object Repository/PLPPage/product2_cardPrice_PLP' is clicked on

2023-08-17 12:51:25 - [MESSAGE][PASSED] - Object: 'Object Repository/PLPPage/product2_cardPrice_PLP' is clicked on

2023-08-17 12:51:25 - [TEST_STEP][PASSED] - click(findTestObject("PDPPage/AddToCart_PDP")): Object: 'Object Repository/PDPPage/AddToCart_PDP' is clicked on

2023-08-17 12:51:43 - [MESSAGE][PASSED] - Object: 'Object Repository/PDPPage/AddToCart_PDP' is clicked on

2023-08-17 12:51:43 - [TEST_STEP][PASSED] - click(findTestObject("HomePage/bag_header_HP")): Object: 'Object Repository/HomePage/bag_header_HP' is clicked on

2023-08-17 12:51:45 - [MESSAGE][PASSED] - Object: 'Object Repository/HomePage/bag_header_HP' is clicked on

2023-08-17 12:51:45 - [TEST_STEP][PASSED] - click(findTestObject("CartPage/BuyButton_Cart")): Object: 'Object Repository/CartPage/BuyButton_Cart' is clicked on

2023-08-17 12:51:50 - [MESSAGE][PASSED] - Object: 'Object Repository/CartPage/BuyButton_Cart' is clicked on

2023-08-17 12:51:50 - [TEST_STEP][PASSED] - click(findTestObject("OPCPage/paymentMethod_change_OPC"), OPTIONAL): Object: 'Object Repository/OPCPage/paymentMethod_change_OPC' is clicked on

2023-08-17 12:51:57 - [MESSAGE][PASSED] - Object: 'Object Repository/OPCPage/paymentMethod_change_OPC' is clicked on

2023-08-17 12:51:57 - [TEST_STEP][PASSED] - click(findTestObject("OPCPage/paymentMethod_button1_OPC"), OPTIONAL): Object: 'Object Repository/OPCPage/paymentMethod_button1_OPC' is clicked on

2023-08-17 12:51:59 - [MESSAGE][PASSED] - Object: 'Object Repository/OPCPage/paymentMethod_button1_OPC' is clicked on

2023-08-17 12:51:59 - [TEST_STEP][PASSED] - setText(findTestObject("OPCPage/enterCardCVV_OPC"), "413", OPTIONAL): Text '413' is set on object 'Object Repository/OPCPage/enterCardCVV_OPC'

2023-08-17 12:52:00 - [MESSAGE][PASSED] - Text '413' is set on object 'Object Repository/OPCPage/enterCardCVV_OPC'

2023-08-17 12:52:00 - [TEST_STEP][PASSED] - setText(findTestObject("OPCPage/enterCardExpire_OPC"), "1225", OPTIONAL): Text '1225' is set on object 'Object Repository/OPCPage/enterCardExpire_OPC'

2023-08-17 12:52:01 - [MESSAGE][PASSED] - Text '1225' is set on object 'Object Repository/OPCPage/enterCardExpire_OPC'

2023-08-17 12:52:01 - [TEST_STEP][PASSED] - click(findTestObject("OPCPage/cardContinue_checkout_popUP"), OPTIONAL): Object: 'Object Repository/OPCPage/cardContinue_checkout_popUP' is clicked on

2023-08-17 12:52:02 - [MESSAGE][PASSED] - Object: 'Object Repository/OPCPage/cardContinue_checkout_popUP' is clicked on

2023-08-17 12:52:02 - [TEST_STEP][PASSED] - j = getText(findTestObject("OPCPage/Page_/TotalPrice_opc")): Text of object 'Object Repository/OPCPage/Page_/TotalPrice_opc' is: '$675.00'

2023-08-17 12:52:06 - [MESSAGE][PASSED] - Text of object 'Object Repository/OPCPage/Page_/TotalPrice_opc' is: '$675.00'

2023-08-17 12:52:06 - [TEST_STEP][PASSED] - j1 = replace("$", "").replace(",", ""): null

2023-08-17 12:52:06 - [TEST_STEP][PASSED] - a = getText(findTestObject("OPCPage/coupon_pricevalue_OPC")): Text of object 'Object Repository/OPCPage/coupon_pricevalue_OPC' is: '$0.00'

2023-08-17 12:52:06 - [MESSAGE][PASSED] - Text of object 'Object Repository/OPCPage/coupon_pricevalue_OPC' is: '$0.00'

2023-08-17 12:52:06 - [TEST_STEP][PASSED] - a1 = replace("$", "").replace(",", ""): null

2023-08-17 12:52:06 - [TEST_STEP][PASSED] - click(findTestObject("OPCPage/coupon_button_OPC")): Object: 'Object Repository/OPCPage/coupon_button_OPC' is clicked on

2023-08-17 12:52:06 - [MESSAGE][PASSED] - Object: 'Object Repository/OPCPage/coupon_button_OPC' is clicked on

2023-08-17 12:52:06 - [TEST_STEP][PASSED] - click(findTestObject("OPCPage/couon1_utilize_OPC")): Object: 'Object Repository/OPCPage/couon1_utilize_OPC' is clicked on

2023-08-17 12:52:07 - [MESSAGE][PASSED] - Object: 'Object Repository/OPCPage/couon1_utilize_OPC' is clicked on

2023-08-17 12:52:07 - [TEST_STEP][PASSED] - b = getText(findTestObject("OPCPage/coupon_pricevalue_OPC")): Text of object 'Object Repository/OPCPage/coupon_pricevalue_OPC' is: '$33.75'

2023-08-17 12:52:10 - [MESSAGE][PASSED] - Text of object 'Object Repository/OPCPage/coupon_pricevalue_OPC' is: '$33.75'

2023-08-17 12:52:10 - [TEST_STEP][PASSED] - b1 = replace("$", "").replace(",", ""): null

2023-08-17 12:52:10 - [TEST_STEP][PASSED] - out.println(a1): null

2023-08-17 12:52:10 - [TEST_STEP][PASSED] - out.println(b1): null

2023-08-17 12:52:10 - [TEST_STEP][PASSED] - if (a1 != b1): null

2023-08-17 12:52:10 - [TEST_STEP][PASSED] - out.println("coupon applied"): null

2023-08-17 12:52:10 - [TEST_STEP][PASSED] - k = getText(findTestObject("OPCPage/Page_/TotalPrice_opc")): Text of object 'Object Repository/OPCPage/Page_/TotalPrice_opc' is: '$641.25'

2023-08-17 12:52:10 - [MESSAGE][PASSED] - Text of object 'Object Repository/OPCPage/Page_/TotalPrice_opc' is: '$641.25'

2023-08-17 12:52:10 - [TEST_STEP][PASSED] - k1 = replace("$", "").replace(",", ""): null

2023-08-17 12:52:10 - [TEST_STEP][PASSED] - out.println(j1): null

2023-08-17 12:52:10 - [TEST_STEP][PASSED] - out.println(k1): null

2023-08-17 12:52:10 - [TEST_STEP][PASSED] - if (j1 >= k1): null

2023-08-17 12:52:10 - [TEST_STEP][PASSED] - out.println("coupon applied"): null

2023-08-17 12:52:10 - [TEST_STEP][PASSED] - click(findTestObject("OPCPage/Final_comparar_OPC")): Object: 'Object Repository/OPCPage/Final_comparar_OPC' is clicked on

2023-08-17 12:52:11 - [MESSAGE][PASSED] - Object: 'Object Repository/OPCPage/Final_comparar_OPC' is clicked on]]></system-out>
         <system-err><![CDATA[]]></system-err>
      </testcase>
      <testcase name="Test Cases/Checkout/TS_SMOKE_SUITE_082" time="235.779" classname="Test Cases/Checkout/TS_SMOKE_SUITE_082" status="FAILED">
         <failure type="FAILED" message="Test Cases/Checkout/TS_SMOKE_SUITE_082 FAILED.
Reason:
com.kms.katalon.core.exception.StepFailedException: Unable to click on object 'Object Repository/OPCPage/card3_Option_OPC'
	at com.kms.katalon.core.webui.keyword.internal.WebUIKeywordMain.stepFailed(WebUIKeywordMain.groovy:64)
	at com.kms.katalon.core.webui.keyword.internal.WebUIKeywordMain.runKeyword(WebUIKeywordMain.groovy:26)
	at com.kms.katalon.core.webui.keyword.builtin.ClickKeyword.click(ClickKeyword.groovy:74)
	at com.kms.katalon.core.webui.keyword.builtin.ClickKeyword.execute(ClickKeyword.groovy:40)
	at com.kms.katalon.core.keyword.internal.KeywordExecutor.executeKeywordForPlatform(KeywordExecutor.groovy:74)
	at com.kms.katalon.core.webui.keyword.WebUiBuiltInKeywords.click(WebUiBuiltInKeywords.groovy:620)
	at com.kms.katalon.core.webui.keyword.WebUiBuiltInKeywords$click$2.call(Unknown Source)
	at TS_SMOKE_SUITE_082.run(TS_SMOKE_SUITE_082:50)
	at com.kms.katalon.core.main.ScriptEngine.run(ScriptEngine.java:194)
	at com.kms.katalon.core.main.ScriptEngine.runScriptAsRawText(ScriptEngine.java:119)
	at com.kms.katalon.core.main.TestCaseExecutor.runScript(TestCaseExecutor.java:448)
	at com.kms.katalon.core.main.TestCaseExecutor.doExecute(TestCaseExecutor.java:439)
	at com.kms.katalon.core.main.TestCaseExecutor.processExecutionPhase(TestCaseExecutor.java:418)
	at com.kms.katalon.core.main.TestCaseExecutor.accessMainPhase(TestCaseExecutor.java:410)
	at com.kms.katalon.core.main.TestCaseExecutor.execute(TestCaseExecutor.java:285)
	at com.kms.katalon.core.common.CommonExecutor.accessTestCaseMainPhase(CommonExecutor.java:65)
	at com.kms.katalon.core.main.TestSuiteExecutor.accessTestSuiteMainPhase(TestSuiteExecutor.java:151)
	at com.kms.katalon.core.main.TestSuiteExecutor.execute(TestSuiteExecutor.java:106)
	at com.kms.katalon.core.main.TestCaseMain.startTestSuite(TestCaseMain.java:185)
	at com.kms.katalon.core.main.TestCaseMain$startTestSuite$0.call(Unknown Source)
	at TempTestSuite1692253980874.run(TempTestSuite1692253980874.groovy:36)
Caused by: org.openqa.selenium.ElementClickInterceptedException: element click intercepted: Element &lt;i class=&quot;icon-more_vert&quot;>&lt;/i> is not clickable at point (1126, 469). Other element would receive the click: &lt;button class=&quot;a-btn a-btn--primary&quot; id=&quot;loggedInCC&quot; data-condition=&quot;5&quot; ripple=&quot;&quot;>...&lt;/button>
  (Session info: chrome=115.0.5790.171)
Build info: version: '3.141.59', revision: 'e82be7d358', time: '2018-11-14T08:25:53'
System info: host: 'DESKTOP-L51QJLB', ip: '172.22.45.143', os.name: 'Windows 10', os.arch: 'amd64', os.version: '10.0', java.version: '1.8.0_282'
Driver info: com.kms.katalon.selenium.driver.CChromeDriver
Capabilities {acceptInsecureCerts: false, browserName: chrome, browserVersion: 115.0.5790.171, chrome: {chromedriverVersion: 114.0.5735.90 (386bc09e8f4f..., userDataDir: C:\Users\DELL\AppData\Local...}, goog:chromeOptions: {debuggerAddress: localhost:64560}, javascriptEnabled: true, networkConnectionEnabled: false, pageLoadStrategy: normal, platform: WINDOWS, platformName: WINDOWS, proxy: Proxy(), setWindowRect: true, strictFileInteractability: false, timeouts: {implicit: 0, pageLoad: 300000, script: 30000}, unhandledPromptBehavior: dismiss and notify, webauthn:extension:credBlob: true, webauthn:extension:largeBlob: true, webauthn:extension:minPinLength: true, webauthn:extension:prf: true, webauthn:virtualAuthenticators: true}
Session ID: 6058bba505e6ee3cb99ddf0978ce674b
	at org.openqa.selenium.remote.http.W3CHttpResponseCodec.createException(W3CHttpResponseCodec.java:187)
	at org.openqa.selenium.remote.http.W3CHttpResponseCodec.decode(W3CHttpResponseCodec.java:122)
	at org.openqa.selenium.remote.http.W3CHttpResponseCodec.decode(W3CHttpResponseCodec.java:49)
	at org.openqa.selenium.remote.HttpCommandExecutor.execute(HttpCommandExecutor.java:158)
	at org.openqa.selenium.remote.service.DriverCommandExecutor.execute(DriverCommandExecutor.java:83)
	at org.openqa.selenium.remote.RemoteWebDriver.execute(RemoteWebDriver.java:552)
	at com.kms.katalon.selenium.driver.CChromeDriver.execute(CChromeDriver.java:19)
	at org.openqa.selenium.remote.RemoteWebElement.execute(RemoteWebElement.java:285)
	at org.openqa.selenium.remote.RemoteWebElement.click(RemoteWebElement.java:84)
	at org.openqa.selenium.support.events.EventFiringWebDriver$EventFiringWebElement.lambda$new$0(EventFiringWebDriver.java:404)
	at com.sun.proxy.$Proxy11.click(Unknown Source)
	at org.openqa.selenium.support.events.EventFiringWebDriver$EventFiringWebElement.click(EventFiringWebDriver.java:417)
	at org.openqa.selenium.WebElement$click.call(Unknown Source)
	at com.kms.katalon.core.webui.keyword.builtin.ClickKeyword.clickUntilSuccessWithTimeout(ClickKeyword.groovy:81)
	at com.kms.katalon.core.webui.keyword.builtin.ClickKeyword.clickUntilSuccessWithTimeout(ClickKeyword.groovy)
	at com.kms.katalon.core.webui.keyword.builtin.ClickKeyword$_click_closure1.doCall(ClickKeyword.groovy:67)
	at com.kms.katalon.core.webui.keyword.builtin.ClickKeyword$_click_closure1.call(ClickKeyword.groovy)
	at com.kms.katalon.core.webui.keyword.internal.WebUIKeywordMain.runKeyword(WebUIKeywordMain.groovy:20)
	... 19 more
"/>
         <system-out><![CDATA[2023-08-17 12:52:11 - [TEST_CASE][FAILED] - Test Cases/Checkout/TS_SMOKE_SUITE_082: Test Cases/Checkout/TS_SMOKE_SUITE_082 FAILED.
Reason:
com.kms.katalon.core.exception.StepFailedException: Unable to click on object 'Object Repository/OPCPage/card3_Option_OPC'
	at com.kms.katalon.core.webui.keyword.internal.WebUIKeywordMain.stepFailed(WebUIKeywordMain.groovy:64)
	at com.kms.katalon.core.webui.keyword.internal.WebUIKeywordMain.runKeyword(WebUIKeywordMain.groovy:26)
	at com.kms.katalon.core.webui.keyword.builtin.ClickKeyword.click(ClickKeyword.groovy:74)
	at com.kms.katalon.core.webui.keyword.builtin.ClickKeyword.execute(ClickKeyword.groovy:40)
	at com.kms.katalon.core.keyword.internal.KeywordExecutor.executeKeywordForPlatform(KeywordExecutor.groovy:74)
	at com.kms.katalon.core.webui.keyword.WebUiBuiltInKeywords.click(WebUiBuiltInKeywords.groovy:620)
	at com.kms.katalon.core.webui.keyword.WebUiBuiltInKeywords$click$2.call(Unknown Source)
	at TS_SMOKE_SUITE_082.run(TS_SMOKE_SUITE_082:50)
	at com.kms.katalon.core.main.ScriptEngine.run(ScriptEngine.java:194)
	at com.kms.katalon.core.main.ScriptEngine.runScriptAsRawText(ScriptEngine.java:119)
	at com.kms.katalon.core.main.TestCaseExecutor.runScript(TestCaseExecutor.java:448)
	at com.kms.katalon.core.main.TestCaseExecutor.doExecute(TestCaseExecutor.java:439)
	at com.kms.katalon.core.main.TestCaseExecutor.processExecutionPhase(TestCaseExecutor.java:418)
	at com.kms.katalon.core.main.TestCaseExecutor.accessMainPhase(TestCaseExecutor.java:410)
	at com.kms.katalon.core.main.TestCaseExecutor.execute(TestCaseExecutor.java:285)
	at com.kms.katalon.core.common.CommonExecutor.accessTestCaseMainPhase(CommonExecutor.java:65)
	at com.kms.katalon.core.main.TestSuiteExecutor.accessTestSuiteMainPhase(TestSuiteExecutor.java:151)
	at com.kms.katalon.core.main.TestSuiteExecutor.execute(TestSuiteExecutor.java:106)
	at com.kms.katalon.core.main.TestCaseMain.startTestSuite(TestCaseMain.java:185)
	at com.kms.katalon.core.main.TestCaseMain$startTestSuite$0.call(Unknown Source)
	at TempTestSuite1692253980874.run(TempTestSuite1692253980874.groovy:36)
Caused by: org.openqa.selenium.ElementClickInterceptedException: element click intercepted: Element <i class="icon-more_vert"></i> is not clickable at point (1126, 469). Other element would receive the click: <button class="a-btn a-btn--primary" id="loggedInCC" data-condition="5" ripple="">...</button>
  (Session info: chrome=115.0.5790.171)
Build info: version: '3.141.59', revision: 'e82be7d358', time: '2018-11-14T08:25:53'
System info: host: 'DESKTOP-L51QJLB', ip: '172.22.45.143', os.name: 'Windows 10', os.arch: 'amd64', os.version: '10.0', java.version: '1.8.0_282'
Driver info: com.kms.katalon.selenium.driver.CChromeDriver
Capabilities {acceptInsecureCerts: false, browserName: chrome, browserVersion: 115.0.5790.171, chrome: {chromedriverVersion: 114.0.5735.90 (386bc09e8f4f..., userDataDir: C:\Users\DELL\AppData\Local...}, goog:chromeOptions: {debuggerAddress: localhost:64560}, javascriptEnabled: true, networkConnectionEnabled: false, pageLoadStrategy: normal, platform: WINDOWS, platformName: WINDOWS, proxy: Proxy(), setWindowRect: true, strictFileInteractability: false, timeouts: {implicit: 0, pageLoad: 300000, script: 30000}, unhandledPromptBehavior: dismiss and notify, webauthn:extension:credBlob: true, webauthn:extension:largeBlob: true, webauthn:extension:minPinLength: true, webauthn:extension:prf: true, webauthn:virtualAuthenticators: true}
Session ID: 6058bba505e6ee3cb99ddf0978ce674b
	at org.openqa.selenium.remote.http.W3CHttpResponseCodec.createException(W3CHttpResponseCodec.java:187)
	at org.openqa.selenium.remote.http.W3CHttpResponseCodec.decode(W3CHttpResponseCodec.java:122)
	at org.openqa.selenium.remote.http.W3CHttpResponseCodec.decode(W3CHttpResponseCodec.java:49)
	at org.openqa.selenium.remote.HttpCommandExecutor.execute(HttpCommandExecutor.java:158)
	at org.openqa.selenium.remote.service.DriverCommandExecutor.execute(DriverCommandExecutor.java:83)
	at org.openqa.selenium.remote.RemoteWebDriver.execute(RemoteWebDriver.java:552)
	at com.kms.katalon.selenium.driver.CChromeDriver.execute(CChromeDriver.java:19)
	at org.openqa.selenium.remote.RemoteWebElement.execute(RemoteWebElement.java:285)
	at org.openqa.selenium.remote.RemoteWebElement.click(RemoteWebElement.java:84)
	at org.openqa.selenium.support.events.EventFiringWebDriver$EventFiringWebElement.lambda$new$0(EventFiringWebDriver.java:404)
	at com.sun.proxy.$Proxy11.click(Unknown Source)
	at org.openqa.selenium.support.events.EventFiringWebDriver$EventFiringWebElement.click(EventFiringWebDriver.java:417)
	at org.openqa.selenium.WebElement$click.call(Unknown Source)
	at com.kms.katalon.core.webui.keyword.builtin.ClickKeyword.clickUntilSuccessWithTimeout(ClickKeyword.groovy:81)
	at com.kms.katalon.core.webui.keyword.builtin.ClickKeyword.clickUntilSuccessWithTimeout(ClickKeyword.groovy)
	at com.kms.katalon.core.webui.keyword.builtin.ClickKeyword$_click_closure1.doCall(ClickKeyword.groovy:67)
	at com.kms.katalon.core.webui.keyword.builtin.ClickKeyword$_click_closure1.call(ClickKeyword.groovy)
	at com.kms.katalon.core.webui.keyword.internal.WebUIKeywordMain.runKeyword(WebUIKeywordMain.groovy:20)
	... 19 more


2023-08-17 12:52:11 - [TEST_STEP][PASSED] - openBrowser(""): Browser is opened with url: ''

2023-08-17 12:52:11 - [MESSAGE][WARNING] - A browser is already opened. Closing browser and opening a new one

2023-08-17 12:52:12 - [MESSAGE][INFO] - Starting 'Chrome' driver

2023-08-17 12:52:12 - [MESSAGE][INFO] - Action delay is set to 0 milliseconds

2023-08-17 12:52:14 - [MESSAGE][PASSED] - Browser is opened with url: ''

2023-08-17 12:52:14 - [TEST_STEP][PASSED] - navigateToUrl(URL): Navigate to 'https://odtaqaa.liverpool.com.mx/tienda/home' successfully

2023-08-17 12:52:57 - [MESSAGE][PASSED] - Navigate to 'https://odtaqaa.liverpool.com.mx/tienda/home' successfully

2023-08-17 12:52:57 - [TEST_STEP][PASSED] - maximizeWindow(): Current window maximized

2023-08-17 12:52:57 - [MESSAGE][PASSED] - Current window maximized

2023-08-17 12:52:57 - [TEST_STEP][PASSED] - click(findTestObject("HomePage/Iniciar sesion")): Object: 'Object Repository/HomePage/Iniciar sesion' is clicked on

2023-08-17 12:52:58 - [MESSAGE][PASSED] - Object: 'Object Repository/HomePage/Iniciar sesion' is clicked on

2023-08-17 12:52:58 - [TEST_STEP][PASSED] - callTestCase(findTestCase("CommonMethods/loginFromHomePage"), ["username":Username, "password":Password], STOP_ON_FAILURE): Call Test Case 'Test Cases/CommonMethods/loginFromHomePage' successfully

2023-08-17 12:52:58 - [TEST_CASE][PASSED] - Test Cases/CommonMethods/loginFromHomePage: Test Cases/CommonMethods/loginFromHomePage

2023-08-17 12:52:58 - [TEST_STEP][PASSED] - delay(3): Delayed 3 second(s)

2023-08-17 12:53:01 - [MESSAGE][PASSED] - Delayed 3 second(s)

2023-08-17 12:53:01 - [TEST_STEP][PASSED] - click(findTestObject("HomePage/EnterUsername_LP")): Object: 'Object Repository/HomePage/EnterUsername_LP' is clicked on

2023-08-17 12:53:09 - [MESSAGE][PASSED] - Object: 'Object Repository/HomePage/EnterUsername_LP' is clicked on

2023-08-17 12:53:09 - [TEST_STEP][PASSED] - setText(findTestObject("HomePage/EnterUsername_LP"), username): Text 'hcheruvu29@digisprint.com' is set on object 'Object Repository/HomePage/EnterUsername_LP'

2023-08-17 12:53:09 - [MESSAGE][PASSED] - Text 'hcheruvu29@digisprint.com' is set on object 'Object Repository/HomePage/EnterUsername_LP'

2023-08-17 12:53:09 - [TEST_STEP][PASSED] - click(findTestObject("HomePage/EnterPassword_LP")): Object: 'Object Repository/HomePage/EnterPassword_LP' is clicked on

2023-08-17 12:53:10 - [MESSAGE][PASSED] - Object: 'Object Repository/HomePage/EnterPassword_LP' is clicked on

2023-08-17 12:53:10 - [TEST_STEP][PASSED] - setText(findTestObject("HomePage/EnterPassword_LP"), password): Text 'Test@12345' is set on object 'Object Repository/HomePage/EnterPassword_LP'

2023-08-17 12:53:10 - [MESSAGE][PASSED] - Text 'Test@12345' is set on object 'Object Repository/HomePage/EnterPassword_LP'

2023-08-17 12:53:10 - [TEST_STEP][PASSED] - click(findTestObject("HomePage/inciar")): Object: 'Object Repository/HomePage/inciar' is clicked on

2023-08-17 12:53:26 - [MESSAGE][PASSED] - Object: 'Object Repository/HomePage/inciar' is clicked on

2023-08-17 12:53:26 - [MESSAGE][PASSED] - Call Test Case 'Test Cases/CommonMethods/loginFromHomePage' successfully

2023-08-17 12:53:26 - [TEST_STEP][PASSED] - callTestCase(findTestCase("CommonMethods/EmptyCart_RunAt_HP"), [:], OPTIONAL): Unable to call Test Case 'Test Cases/CommonMethods/EmptyCart_RunAt_HP' (Root cause: com.kms.katalon.core.exception.StepErrorException: Call Test Case 'Test Cases/CommonMethods/EmptyCart_RunAt_HP' failed because of error(s)
	at com.kms.katalon.core.keyword.builtin.CallTestCaseKeyword$_callTestCase_closure1.doCall(CallTestCaseKeyword.groovy:66)
	at com.kms.katalon.core.keyword.builtin.CallTestCaseKeyword$_callTestCase_closure1.call(CallTestCaseKeyword.groovy)
	at com.kms.katalon.core.keyword.internal.KeywordMain.runKeyword(KeywordMain.groovy:74)
	at com.kms.katalon.core.keyword.builtin.CallTestCaseKeyword.callTestCase(CallTestCaseKeyword.groovy:81)
	at com.kms.katalon.core.keyword.builtin.CallTestCaseKeyword.execute(CallTestCaseKeyword.groovy:44)
	at com.kms.katalon.core.keyword.internal.KeywordExecutor.executeKeywordForPlatform(KeywordExecutor.groovy:74)
	at com.kms.katalon.core.keyword.BuiltinKeywords.callTestCase(BuiltinKeywords.groovy:334)
	at TS_SMOKE_SUITE_082.run(TS_SMOKE_SUITE_082:31)
	at com.kms.katalon.core.main.ScriptEngine.run(ScriptEngine.java:194)
	at com.kms.katalon.core.main.ScriptEngine.runScriptAsRawText(ScriptEngine.java:119)
	at com.kms.katalon.core.main.TestCaseExecutor.runScript(TestCaseExecutor.java:448)
	at com.kms.katalon.core.main.TestCaseExecutor.doExecute(TestCaseExecutor.java:439)
	at com.kms.katalon.core.main.TestCaseExecutor.processExecutionPhase(TestCaseExecutor.java:418)
	at com.kms.katalon.core.main.TestCaseExecutor.accessMainPhase(TestCaseExecutor.java:410)
	at com.kms.katalon.core.main.TestCaseExecutor.execute(TestCaseExecutor.java:285)
	at com.kms.katalon.core.common.CommonExecutor.accessTestCaseMainPhase(CommonExecutor.java:65)
	at com.kms.katalon.core.main.TestSuiteExecutor.accessTestSuiteMainPhase(TestSuiteExecutor.java:151)
	at com.kms.katalon.core.main.TestSuiteExecutor.execute(TestSuiteExecutor.java:106)
	at com.kms.katalon.core.main.TestCaseMain.startTestSuite(TestCaseMain.java:185)
	at com.kms.katalon.core.main.TestCaseMain$startTestSuite$0.call(Unknown Source)
	at TempTestSuite1692253980874.run(TempTestSuite1692253980874.groovy:36)
Caused by: java.lang.NullPointerException
	at com.kms.katalon.core.webui.common.WebUiCommonHelper.findElementsBySelectedMethod(WebUiCommonHelper.java:889)
	at com.kms.katalon.core.webui.common.WebUiCommonHelper.findElementsByDefault(WebUiCommonHelper.java:885)
	at com.kms.katalon.core.webui.common.WebUiCommonHelper.findWebElements(WebUiCommonHelper.java:720)
	at com.kms.katalon.core.webui.keyword.internal.WebUIAbstractKeyword.findWebElements(WebUIAbstractKeyword.groovy:32)
	at com.kms.katalon.core.webui.keyword.WebUiBuiltInKeywords.findWebElements(WebUiBuiltInKeywords.groovy:2860)
	at com.kms.katalon.core.webui.keyword.WebUiBuiltInKeywords$findWebElements$9.call(Unknown Source)
	at EmptyCart_RunAt_HP.run(EmptyCart_RunAt_HP:39)
	at com.kms.katalon.core.main.ScriptEngine.run(ScriptEngine.java:194)
	at com.kms.katalon.core.main.ScriptEngine.runScriptAsRawText(ScriptEngine.java:119)
	at com.kms.katalon.core.main.TestCaseExecutor.runScript(TestCaseExecutor.java:448)
	at com.kms.katalon.core.main.TestCaseExecutor.doExecute(TestCaseExecutor.java:439)
	at com.kms.katalon.core.main.TestCaseExecutor.processExecutionPhase(TestCaseExecutor.java:418)
	at com.kms.katalon.core.main.TestCaseExecutor.accessMainPhase(TestCaseExecutor.java:410)
	at com.kms.katalon.core.main.TestCaseExecutor.execute(TestCaseExecutor.java:285)
	at com.kms.katalon.core.main.TestCaseMain.runTestCase(TestCaseMain.java:142)
	at com.kms.katalon.core.keyword.builtin.CallTestCaseKeyword$_callTestCase_closure1.doCall(CallTestCaseKeyword.groovy:59)
	... 20 more
)

2023-08-17 12:53:26 - [TEST_CASE][ERROR] - Test Cases/CommonMethods/EmptyCart_RunAt_HP: Test Cases/CommonMethods/EmptyCart_RunAt_HP FAILED.
Reason:
java.lang.NullPointerException
	at com.kms.katalon.core.webui.common.WebUiCommonHelper.findElementsBySelectedMethod(WebUiCommonHelper.java:889)
	at com.kms.katalon.core.webui.common.WebUiCommonHelper.findElementsByDefault(WebUiCommonHelper.java:885)
	at com.kms.katalon.core.webui.common.WebUiCommonHelper.findWebElements(WebUiCommonHelper.java:720)
	at com.kms.katalon.core.webui.keyword.internal.WebUIAbstractKeyword.findWebElements(WebUIAbstractKeyword.groovy:32)
	at com.kms.katalon.core.webui.keyword.WebUiBuiltInKeywords.findWebElements(WebUiBuiltInKeywords.groovy:2860)
	at com.kms.katalon.core.webui.keyword.WebUiBuiltInKeywords$findWebElements$9.call(Unknown Source)
	at EmptyCart_RunAt_HP.run(EmptyCart_RunAt_HP:39)
	at com.kms.katalon.core.main.ScriptEngine.run(ScriptEngine.java:194)
	at com.kms.katalon.core.main.ScriptEngine.runScriptAsRawText(ScriptEngine.java:119)
	at com.kms.katalon.core.main.TestCaseExecutor.runScript(TestCaseExecutor.java:448)
	at com.kms.katalon.core.main.TestCaseExecutor.doExecute(TestCaseExecutor.java:439)
	at com.kms.katalon.core.main.TestCaseExecutor.processExecutionPhase(TestCaseExecutor.java:418)
	at com.kms.katalon.core.main.TestCaseExecutor.accessMainPhase(TestCaseExecutor.java:410)
	at com.kms.katalon.core.main.TestCaseExecutor.execute(TestCaseExecutor.java:285)
	at com.kms.katalon.core.main.TestCaseMain.runTestCase(TestCaseMain.java:142)
	at com.kms.katalon.core.keyword.builtin.CallTestCaseKeyword$_callTestCase_closure1.doCall(CallTestCaseKeyword.groovy:59)
	at com.kms.katalon.core.keyword.builtin.CallTestCaseKeyword$_callTestCase_closure1.call(CallTestCaseKeyword.groovy)
	at com.kms.katalon.core.keyword.internal.KeywordMain.runKeyword(KeywordMain.groovy:74)
	at com.kms.katalon.core.keyword.builtin.CallTestCaseKeyword.callTestCase(CallTestCaseKeyword.groovy:81)
	at com.kms.katalon.core.keyword.builtin.CallTestCaseKeyword.execute(CallTestCaseKeyword.groovy:44)
	at com.kms.katalon.core.keyword.internal.KeywordExecutor.executeKeywordForPlatform(KeywordExecutor.groovy:74)
	at com.kms.katalon.core.keyword.BuiltinKeywords.callTestCase(BuiltinKeywords.groovy:334)
	at TS_SMOKE_SUITE_082.run(TS_SMOKE_SUITE_082:31)
	at com.kms.katalon.core.main.ScriptEngine.run(ScriptEngine.java:194)
	at com.kms.katalon.core.main.ScriptEngine.runScriptAsRawText(ScriptEngine.java:119)
	at com.kms.katalon.core.main.TestCaseExecutor.runScript(TestCaseExecutor.java:448)
	at com.kms.katalon.core.main.TestCaseExecutor.doExecute(TestCaseExecutor.java:439)
	at com.kms.katalon.core.main.TestCaseExecutor.processExecutionPhase(TestCaseExecutor.java:418)
	at com.kms.katalon.core.main.TestCaseExecutor.accessMainPhase(TestCaseExecutor.java:410)
	at com.kms.katalon.core.main.TestCaseExecutor.execute(TestCaseExecutor.java:285)
	at com.kms.katalon.core.common.CommonExecutor.accessTestCaseMainPhase(CommonExecutor.java:65)
	at com.kms.katalon.core.main.TestSuiteExecutor.accessTestSuiteMainPhase(TestSuiteExecutor.java:151)
	at com.kms.katalon.core.main.TestSuiteExecutor.execute(TestSuiteExecutor.java:106)
	at com.kms.katalon.core.main.TestCaseMain.startTestSuite(TestCaseMain.java:185)
	at com.kms.katalon.core.main.TestCaseMain$startTestSuite$0.call(Unknown Source)
	at TempTestSuite1692253980874.run(TempTestSuite1692253980874.groovy:36)


2023-08-17 12:53:26 - [TEST_STEP][PASSED] - delay(2, OPTIONAL): Delayed 2 second(s)

2023-08-17 12:53:28 - [MESSAGE][PASSED] - Delayed 2 second(s)

2023-08-17 12:53:28 - [TEST_STEP][PASSED] - click(findTestObject("HomePage/bag_header_HP"), OPTIONAL): Object: 'Object Repository/HomePage/bag_header_HP' is clicked on

2023-08-17 12:54:12 - [MESSAGE][PASSED] - Object: 'Object Repository/HomePage/bag_header_HP' is clicked on

2023-08-17 12:54:12 - [TEST_STEP][ERROR] - listElement = findWebElements(findTestObject("CartPage/Product1_remove_cart"), 2): Test Cases/CommonMethods/EmptyCart_RunAt_HP FAILED.
Reason:
java.lang.NullPointerException
	at com.kms.katalon.core.webui.common.WebUiCommonHelper.findElementsBySelectedMethod(WebUiCommonHelper.java:889)
	at com.kms.katalon.core.webui.common.WebUiCommonHelper.findElementsByDefault(WebUiCommonHelper.java:885)
	at com.kms.katalon.core.webui.common.WebUiCommonHelper.findWebElements(WebUiCommonHelper.java:720)
	at com.kms.katalon.core.webui.keyword.internal.WebUIAbstractKeyword.findWebElements(WebUIAbstractKeyword.groovy:32)
	at com.kms.katalon.core.webui.keyword.WebUiBuiltInKeywords.findWebElements(WebUiBuiltInKeywords.groovy:2860)
	at com.kms.katalon.core.webui.keyword.WebUiBuiltInKeywords$findWebElements$9.call(Unknown Source)
	at EmptyCart_RunAt_HP.run(EmptyCart_RunAt_HP:39)
	at com.kms.katalon.core.main.ScriptEngine.run(ScriptEngine.java:194)
	at com.kms.katalon.core.main.ScriptEngine.runScriptAsRawText(ScriptEngine.java:119)
	at com.kms.katalon.core.main.TestCaseExecutor.runScript(TestCaseExecutor.java:448)
	at com.kms.katalon.core.main.TestCaseExecutor.doExecute(TestCaseExecutor.java:439)
	at com.kms.katalon.core.main.TestCaseExecutor.processExecutionPhase(TestCaseExecutor.java:418)
	at com.kms.katalon.core.main.TestCaseExecutor.accessMainPhase(TestCaseExecutor.java:410)
	at com.kms.katalon.core.main.TestCaseExecutor.execute(TestCaseExecutor.java:285)
	at com.kms.katalon.core.main.TestCaseMain.runTestCase(TestCaseMain.java:142)
	at com.kms.katalon.core.keyword.builtin.CallTestCaseKeyword$_callTestCase_closure1.doCall(CallTestCaseKeyword.groovy:59)
	at com.kms.katalon.core.keyword.builtin.CallTestCaseKeyword$_callTestCase_closure1.call(CallTestCaseKeyword.groovy)
	at com.kms.katalon.core.keyword.internal.KeywordMain.runKeyword(KeywordMain.groovy:74)
	at com.kms.katalon.core.keyword.builtin.CallTestCaseKeyword.callTestCase(CallTestCaseKeyword.groovy:81)
	at com.kms.katalon.core.keyword.builtin.CallTestCaseKeyword.execute(CallTestCaseKeyword.groovy:44)
	at com.kms.katalon.core.keyword.internal.KeywordExecutor.executeKeywordForPlatform(KeywordExecutor.groovy:74)
	at com.kms.katalon.core.keyword.BuiltinKeywords.callTestCase(BuiltinKeywords.groovy:334)
	at TS_SMOKE_SUITE_082.run(TS_SMOKE_SUITE_082:31)
	at com.kms.katalon.core.main.ScriptEngine.run(ScriptEngine.java:194)
	at com.kms.katalon.core.main.ScriptEngine.runScriptAsRawText(ScriptEngine.java:119)
	at com.kms.katalon.core.main.TestCaseExecutor.runScript(TestCaseExecutor.java:448)
	at com.kms.katalon.core.main.TestCaseExecutor.doExecute(TestCaseExecutor.java:439)
	at com.kms.katalon.core.main.TestCaseExecutor.processExecutionPhase(TestCaseExecutor.java:418)
	at com.kms.katalon.core.main.TestCaseExecutor.accessMainPhase(TestCaseExecutor.java:410)
	at com.kms.katalon.core.main.TestCaseExecutor.execute(TestCaseExecutor.java:285)
	at com.kms.katalon.core.common.CommonExecutor.accessTestCaseMainPhase(CommonExecutor.java:65)
	at com.kms.katalon.core.main.TestSuiteExecutor.accessTestSuiteMainPhase(TestSuiteExecutor.java:151)
	at com.kms.katalon.core.main.TestSuiteExecutor.execute(TestSuiteExecutor.java:106)
	at com.kms.katalon.core.main.TestCaseMain.startTestSuite(TestCaseMain.java:185)
	at com.kms.katalon.core.main.TestCaseMain$startTestSuite$0.call(Unknown Source)
	at TempTestSuite1692253980874.run(TempTestSuite1692253980874.groovy:36)


2023-08-17 12:54:12 - [MESSAGE][WARNING] - Test object with id 'Object Repository/CartPage/Product1_remove_cart' does not exist

2023-08-17 12:54:12 - [MESSAGE][ERROR] - Test Cases/CommonMethods/EmptyCart_RunAt_HP FAILED.
Reason:
java.lang.NullPointerException
	at com.kms.katalon.core.webui.common.WebUiCommonHelper.findElementsBySelectedMethod(WebUiCommonHelper.java:889)
	at com.kms.katalon.core.webui.common.WebUiCommonHelper.findElementsByDefault(WebUiCommonHelper.java:885)
	at com.kms.katalon.core.webui.common.WebUiCommonHelper.findWebElements(WebUiCommonHelper.java:720)
	at com.kms.katalon.core.webui.keyword.internal.WebUIAbstractKeyword.findWebElements(WebUIAbstractKeyword.groovy:32)
	at com.kms.katalon.core.webui.keyword.WebUiBuiltInKeywords.findWebElements(WebUiBuiltInKeywords.groovy:2860)
	at com.kms.katalon.core.webui.keyword.WebUiBuiltInKeywords$findWebElements$9.call(Unknown Source)
	at EmptyCart_RunAt_HP.run(EmptyCart_RunAt_HP:39)
	at com.kms.katalon.core.main.ScriptEngine.run(ScriptEngine.java:194)
	at com.kms.katalon.core.main.ScriptEngine.runScriptAsRawText(ScriptEngine.java:119)
	at com.kms.katalon.core.main.TestCaseExecutor.runScript(TestCaseExecutor.java:448)
	at com.kms.katalon.core.main.TestCaseExecutor.doExecute(TestCaseExecutor.java:439)
	at com.kms.katalon.core.main.TestCaseExecutor.processExecutionPhase(TestCaseExecutor.java:418)
	at com.kms.katalon.core.main.TestCaseExecutor.accessMainPhase(TestCaseExecutor.java:410)
	at com.kms.katalon.core.main.TestCaseExecutor.execute(TestCaseExecutor.java:285)
	at com.kms.katalon.core.main.TestCaseMain.runTestCase(TestCaseMain.java:142)
	at com.kms.katalon.core.keyword.builtin.CallTestCaseKeyword$_callTestCase_closure1.doCall(CallTestCaseKeyword.groovy:59)
	at com.kms.katalon.core.keyword.builtin.CallTestCaseKeyword$_callTestCase_closure1.call(CallTestCaseKeyword.groovy)
	at com.kms.katalon.core.keyword.internal.KeywordMain.runKeyword(KeywordMain.groovy:74)
	at com.kms.katalon.core.keyword.builtin.CallTestCaseKeyword.callTestCase(CallTestCaseKeyword.groovy:81)
	at com.kms.katalon.core.keyword.builtin.CallTestCaseKeyword.execute(CallTestCaseKeyword.groovy:44)
	at com.kms.katalon.core.keyword.internal.KeywordExecutor.executeKeywordForPlatform(KeywordExecutor.groovy:74)
	at com.kms.katalon.core.keyword.BuiltinKeywords.callTestCase(BuiltinKeywords.groovy:334)
	at TS_SMOKE_SUITE_082.run(TS_SMOKE_SUITE_082:31)
	at com.kms.katalon.core.main.ScriptEngine.run(ScriptEngine.java:194)
	at com.kms.katalon.core.main.ScriptEngine.runScriptAsRawText(ScriptEngine.java:119)
	at com.kms.katalon.core.main.TestCaseExecutor.runScript(TestCaseExecutor.java:448)
	at com.kms.katalon.core.main.TestCaseExecutor.doExecute(TestCaseExecutor.java:439)
	at com.kms.katalon.core.main.TestCaseExecutor.processExecutionPhase(TestCaseExecutor.java:418)
	at com.kms.katalon.core.main.TestCaseExecutor.accessMainPhase(TestCaseExecutor.java:410)
	at com.kms.katalon.core.main.TestCaseExecutor.execute(TestCaseExecutor.java:285)
	at com.kms.katalon.core.common.CommonExecutor.accessTestCaseMainPhase(CommonExecutor.java:65)
	at com.kms.katalon.core.main.TestSuiteExecutor.accessTestSuiteMainPhase(TestSuiteExecutor.java:151)
	at com.kms.katalon.core.main.TestSuiteExecutor.execute(TestSuiteExecutor.java:106)
	at com.kms.katalon.core.main.TestCaseMain.startTestSuite(TestCaseMain.java:185)
	at com.kms.katalon.core.main.TestCaseMain$startTestSuite$0.call(Unknown Source)
	at TempTestSuite1692253980874.run(TempTestSuite1692253980874.groovy:36)


2023-08-17 12:54:12 - [MESSAGE][WARNING] - Unable to call Test Case 'Test Cases/CommonMethods/EmptyCart_RunAt_HP' (Root cause: com.kms.katalon.core.exception.StepErrorException: Call Test Case 'Test Cases/CommonMethods/EmptyCart_RunAt_HP' failed because of error(s)
	at com.kms.katalon.core.keyword.builtin.CallTestCaseKeyword$_callTestCase_closure1.doCall(CallTestCaseKeyword.groovy:66)
	at com.kms.katalon.core.keyword.builtin.CallTestCaseKeyword$_callTestCase_closure1.call(CallTestCaseKeyword.groovy)
	at com.kms.katalon.core.keyword.internal.KeywordMain.runKeyword(KeywordMain.groovy:74)
	at com.kms.katalon.core.keyword.builtin.CallTestCaseKeyword.callTestCase(CallTestCaseKeyword.groovy:81)
	at com.kms.katalon.core.keyword.builtin.CallTestCaseKeyword.execute(CallTestCaseKeyword.groovy:44)
	at com.kms.katalon.core.keyword.internal.KeywordExecutor.executeKeywordForPlatform(KeywordExecutor.groovy:74)
	at com.kms.katalon.core.keyword.BuiltinKeywords.callTestCase(BuiltinKeywords.groovy:334)
	at TS_SMOKE_SUITE_082.run(TS_SMOKE_SUITE_082:31)
	at com.kms.katalon.core.main.ScriptEngine.run(ScriptEngine.java:194)
	at com.kms.katalon.core.main.ScriptEngine.runScriptAsRawText(ScriptEngine.java:119)
	at com.kms.katalon.core.main.TestCaseExecutor.runScript(TestCaseExecutor.java:448)
	at com.kms.katalon.core.main.TestCaseExecutor.doExecute(TestCaseExecutor.java:439)
	at com.kms.katalon.core.main.TestCaseExecutor.processExecutionPhase(TestCaseExecutor.java:418)
	at com.kms.katalon.core.main.TestCaseExecutor.accessMainPhase(TestCaseExecutor.java:410)
	at com.kms.katalon.core.main.TestCaseExecutor.execute(TestCaseExecutor.java:285)
	at com.kms.katalon.core.common.CommonExecutor.accessTestCaseMainPhase(CommonExecutor.java:65)
	at com.kms.katalon.core.main.TestSuiteExecutor.accessTestSuiteMainPhase(TestSuiteExecutor.java:151)
	at com.kms.katalon.core.main.TestSuiteExecutor.execute(TestSuiteExecutor.java:106)
	at com.kms.katalon.core.main.TestCaseMain.startTestSuite(TestCaseMain.java:185)
	at com.kms.katalon.core.main.TestCaseMain$startTestSuite$0.call(Unknown Source)
	at TempTestSuite1692253980874.run(TempTestSuite1692253980874.groovy:36)
Caused by: java.lang.NullPointerException
	at com.kms.katalon.core.webui.common.WebUiCommonHelper.findElementsBySelectedMethod(WebUiCommonHelper.java:889)
	at com.kms.katalon.core.webui.common.WebUiCommonHelper.findElementsByDefault(WebUiCommonHelper.java:885)
	at com.kms.katalon.core.webui.common.WebUiCommonHelper.findWebElements(WebUiCommonHelper.java:720)
	at com.kms.katalon.core.webui.keyword.internal.WebUIAbstractKeyword.findWebElements(WebUIAbstractKeyword.groovy:32)
	at com.kms.katalon.core.webui.keyword.WebUiBuiltInKeywords.findWebElements(WebUiBuiltInKeywords.groovy:2860)
	at com.kms.katalon.core.webui.keyword.WebUiBuiltInKeywords$findWebElements$9.call(Unknown Source)
	at EmptyCart_RunAt_HP.run(EmptyCart_RunAt_HP:39)
	at com.kms.katalon.core.main.ScriptEngine.run(ScriptEngine.java:194)
	at com.kms.katalon.core.main.ScriptEngine.runScriptAsRawText(ScriptEngine.java:119)
	at com.kms.katalon.core.main.TestCaseExecutor.runScript(TestCaseExecutor.java:448)
	at com.kms.katalon.core.main.TestCaseExecutor.doExecute(TestCaseExecutor.java:439)
	at com.kms.katalon.core.main.TestCaseExecutor.processExecutionPhase(TestCaseExecutor.java:418)
	at com.kms.katalon.core.main.TestCaseExecutor.accessMainPhase(TestCaseExecutor.java:410)
	at com.kms.katalon.core.main.TestCaseExecutor.execute(TestCaseExecutor.java:285)
	at com.kms.katalon.core.main.TestCaseMain.runTestCase(TestCaseMain.java:142)
	at com.kms.katalon.core.keyword.builtin.CallTestCaseKeyword$_callTestCase_closure1.doCall(CallTestCaseKeyword.groovy:59)
	... 20 more
)

2023-08-17 12:54:12 - [TEST_STEP][PASSED] - click(findTestObject("HomePage/Logo_hp")): Object: 'Object Repository/HomePage/Logo_hp' is clicked on

2023-08-17 12:54:13 - [MESSAGE][PASSED] - Object: 'Object Repository/HomePage/Logo_hp' is clicked on

2023-08-17 12:54:13 - [TEST_STEP][PASSED] - callTestCase(findTestCase("CommonMethods/SearchForAProduct_search"), ["searchTerm":SLProduct], STOP_ON_FAILURE): Call Test Case 'Test Cases/CommonMethods/SearchForAProduct_search' successfully

2023-08-17 12:54:13 - [TEST_CASE][PASSED] - Test Cases/CommonMethods/SearchForAProduct_search: Test Cases/CommonMethods/SearchForAProduct_search

2023-08-17 12:54:13 - [TEST_STEP][PASSED] - click(findTestObject("HomePage/Buscar1"), STOP_ON_FAILURE): Object: 'Object Repository/HomePage/Buscar1' is clicked on

2023-08-17 12:54:14 - [MESSAGE][PASSED] - Object: 'Object Repository/HomePage/Buscar1' is clicked on

2023-08-17 12:54:14 - [TEST_STEP][PASSED] - delay(3): Delayed 3 second(s)

2023-08-17 12:54:17 - [MESSAGE][PASSED] - Delayed 3 second(s)

2023-08-17 12:54:17 - [TEST_STEP][PASSED] - setText(findTestObject("HomePage/Buscar1"), searchTerm): Text 'vaso' is set on object 'Object Repository/HomePage/Buscar1'

2023-08-17 12:54:18 - [MESSAGE][PASSED] - Text 'vaso' is set on object 'Object Repository/HomePage/Buscar1'

2023-08-17 12:54:18 - [TEST_STEP][PASSED] - delay(3): Delayed 3 second(s)

2023-08-17 12:54:21 - [MESSAGE][PASSED] - Delayed 3 second(s)

2023-08-17 12:54:21 - [TEST_STEP][PASSED] - sendKeys(findTestObject("HomePage/Seach_TextBox_hp"), Keys.chord(ENTER)): Keys 'ENTER + ' sent to object: 'Object Repository/HomePage/Seach_TextBox_hp'

2023-08-17 12:54:27 - [MESSAGE][PASSED] - Keys 'ENTER + ' sent to object: 'Object Repository/HomePage/Seach_TextBox_hp'

2023-08-17 12:54:27 - [MESSAGE][PASSED] - Call Test Case 'Test Cases/CommonMethods/SearchForAProduct_search' successfully

2023-08-17 12:54:27 - [TEST_STEP][PASSED] - click(findTestObject("PLPPage/product1_PLP"), OPTIONAL): Object: 'Object Repository/PLPPage/product1_PLP' is clicked on

2023-08-17 12:54:45 - [MESSAGE][PASSED] - Object: 'Object Repository/PLPPage/product1_PLP' is clicked on

2023-08-17 12:54:45 - [TEST_STEP][PASSED] - click(findTestObject("PDPPage/AddToCart_PDP")): Object: 'Object Repository/PDPPage/AddToCart_PDP' is clicked on

2023-08-17 12:54:58 - [MESSAGE][PASSED] - Object: 'Object Repository/PDPPage/AddToCart_PDP' is clicked on

2023-08-17 12:54:58 - [TEST_STEP][PASSED] - click(findTestObject("HomePage/bag_header_HP")): Object: 'Object Repository/HomePage/bag_header_HP' is clicked on

2023-08-17 12:55:01 - [MESSAGE][PASSED] - Object: 'Object Repository/HomePage/bag_header_HP' is clicked on

2023-08-17 12:55:01 - [TEST_STEP][PASSED] - click(findTestObject("CartPage/BuyButton_Cart")): Object: 'Object Repository/CartPage/BuyButton_Cart' is clicked on

2023-08-17 12:55:04 - [MESSAGE][PASSED] - Object: 'Object Repository/CartPage/BuyButton_Cart' is clicked on

2023-08-17 12:55:04 - [TEST_STEP][PASSED] - callTestCase(findTestCase("CommonMethods/create_new_CARD_OPC"), [:], STOP_ON_FAILURE): Call Test Case 'Test Cases/CommonMethods/create_new_CARD_OPC' successfully

2023-08-17 12:55:04 - [TEST_CASE][PASSED] - Test Cases/CommonMethods/create_new_CARD_OPC: Test Cases/CommonMethods/create_new_CARD_OPC

2023-08-17 12:55:04 - [TEST_STEP][PASSED] - click(findTestObject("OPCPage/paymentMethod_change_OPC"), OPTIONAL): Object: 'Object Repository/OPCPage/paymentMethod_change_OPC' is clicked on

2023-08-17 12:55:12 - [MESSAGE][PASSED] - Object: 'Object Repository/OPCPage/paymentMethod_change_OPC' is clicked on

2023-08-17 12:55:12 - [TEST_STEP][PASSED] - click(findTestObject("OPCPage/Payment_Method_Card_OPC"), OPTIONAL): Object: 'Object Repository/OPCPage/Payment_Method_Card_OPC' is clicked on

2023-08-17 12:55:14 - [MESSAGE][PASSED] - Object: 'Object Repository/OPCPage/Payment_Method_Card_OPC' is clicked on

2023-08-17 12:55:14 - [TEST_STEP][PASSED] - click(findTestObject("OPCPage/addnewcard_Popup_OPC"), OPTIONAL): Object: 'Object Repository/OPCPage/addnewcard_Popup_OPC' is clicked on

2023-08-17 12:55:15 - [MESSAGE][PASSED] - Object: 'Object Repository/OPCPage/addnewcard_Popup_OPC' is clicked on

2023-08-17 12:55:15 - [TEST_STEP][PASSED] - cardnumber = "4111111" + RandomStringUtils.randomNumeric(9): null

2023-08-17 12:55:15 - [TEST_STEP][PASSED] - out.println(cardnumber): null

2023-08-17 12:55:15 - [TEST_STEP][PASSED] - cardname = RandomStringUtils.randomAlphabetic(8): null

2023-08-17 12:55:15 - [TEST_STEP][PASSED] - setText(findTestObject("OPCPage/newCardNumber_OPC"), cardnumber): Text '4111111444214788' is set on object 'Object Repository/OPCPage/newCardNumber_OPC'

2023-08-17 12:55:18 - [MESSAGE][PASSED] - Text '4111111444214788' is set on object 'Object Repository/OPCPage/newCardNumber_OPC'

2023-08-17 12:55:18 - [TEST_STEP][PASSED] - setText(findTestObject("OPCPage/EnterCardAlias_OPC"), cardname): Text 'LUeYSMca' is set on object 'Object Repository/OPCPage/EnterCardAlias_OPC'

2023-08-17 12:55:19 - [MESSAGE][PASSED] - Text 'LUeYSMca' is set on object 'Object Repository/OPCPage/EnterCardAlias_OPC'

2023-08-17 12:55:19 - [TEST_STEP][PASSED] - setText(findTestObject("OPCPage/enterCardName_OPC"), "vedant"): Text 'vedant' is set on object 'Object Repository/OPCPage/enterCardName_OPC'

2023-08-17 12:55:20 - [MESSAGE][PASSED] - Text 'vedant' is set on object 'Object Repository/OPCPage/enterCardName_OPC'

2023-08-17 12:55:20 - [TEST_STEP][PASSED] - setText(findTestObject("OPCPage/newCard_expireDATE_POPup_Addcard_OPC"), "12/24"): Text '12/24' is set on object 'Object Repository/OPCPage/newCard_expireDATE_POPup_Addcard_OPC'

2023-08-17 12:55:21 - [MESSAGE][PASSED] - Text '12/24' is set on object 'Object Repository/OPCPage/newCard_expireDATE_POPup_Addcard_OPC'

2023-08-17 12:55:21 - [TEST_STEP][PASSED] - setText(findTestObject("OPCPage/enterCardCVV_OPC"), "123"): Text '123' is set on object 'Object Repository/OPCPage/enterCardCVV_OPC'

2023-08-17 12:55:22 - [MESSAGE][PASSED] - Text '123' is set on object 'Object Repository/OPCPage/enterCardCVV_OPC'

2023-08-17 12:55:22 - [TEST_STEP][PASSED] - click(findTestObject("OPCPage/selectAddress_Card_create_popup")): Object: 'Object Repository/OPCPage/selectAddress_Card_create_popup' is clicked on

2023-08-17 12:55:22 - [MESSAGE][PASSED] - Object: 'Object Repository/OPCPage/selectAddress_Card_create_popup' is clicked on

2023-08-17 12:55:22 - [TEST_STEP][PASSED] - click(findTestObject("OPCPage/AddCard_continue_POPup_OPC")): Object: 'Object Repository/OPCPage/AddCard_continue_POPup_OPC' is clicked on

2023-08-17 12:55:23 - [MESSAGE][PASSED] - Object: 'Object Repository/OPCPage/AddCard_continue_POPup_OPC' is clicked on

2023-08-17 12:55:23 - [TEST_STEP][PASSED] - delay(4): Delayed 4 second(s)

2023-08-17 12:55:27 - [MESSAGE][PASSED] - Delayed 4 second(s)

2023-08-17 12:55:27 - [TEST_STEP][PASSED] - callTestCase(findTestCase("CommonMethods/close any pop up"), [:], OPTIONAL): Unable to call Test Case 'Test Cases/CommonMethods/close any pop up' (Root cause: com.kms.katalon.core.exception.StepFailedException: Call Test Case 'Test Cases/CommonMethods/close any pop up' failed
	at com.kms.katalon.core.keyword.builtin.CallTestCaseKeyword$_callTestCase_closure1.doCall(CallTestCaseKeyword.groovy:63)
	at com.kms.katalon.core.keyword.builtin.CallTestCaseKeyword$_callTestCase_closure1.call(CallTestCaseKeyword.groovy)
	at com.kms.katalon.core.keyword.internal.KeywordMain.runKeyword(KeywordMain.groovy:74)
	at com.kms.katalon.core.keyword.builtin.CallTestCaseKeyword.callTestCase(CallTestCaseKeyword.groovy:81)
	at com.kms.katalon.core.keyword.builtin.CallTestCaseKeyword.execute(CallTestCaseKeyword.groovy:44)
	at com.kms.katalon.core.keyword.internal.KeywordExecutor.executeKeywordForPlatform(KeywordExecutor.groovy:74)
	at com.kms.katalon.core.keyword.BuiltinKeywords.callTestCase(BuiltinKeywords.groovy:334)
	at create_new_CARD_OPC.run(create_new_CARD_OPC:50)
	at com.kms.katalon.core.main.ScriptEngine.run(ScriptEngine.java:194)
	at com.kms.katalon.core.main.ScriptEngine.runScriptAsRawText(ScriptEngine.java:119)
	at com.kms.katalon.core.main.TestCaseExecutor.runScript(TestCaseExecutor.java:448)
	at com.kms.katalon.core.main.TestCaseExecutor.doExecute(TestCaseExecutor.java:439)
	at com.kms.katalon.core.main.TestCaseExecutor.processExecutionPhase(TestCaseExecutor.java:418)
	at com.kms.katalon.core.main.TestCaseExecutor.accessMainPhase(TestCaseExecutor.java:410)
	at com.kms.katalon.core.main.TestCaseExecutor.execute(TestCaseExecutor.java:285)
	at com.kms.katalon.core.main.TestCaseMain.runTestCase(TestCaseMain.java:142)
	at com.kms.katalon.core.keyword.builtin.CallTestCaseKeyword$_callTestCase_closure1.doCall(CallTestCaseKeyword.groovy:59)
	at com.kms.katalon.core.keyword.builtin.CallTestCaseKeyword$_callTestCase_closure1.call(CallTestCaseKeyword.groovy)
	at com.kms.katalon.core.keyword.internal.KeywordMain.runKeyword(KeywordMain.groovy:74)
	at com.kms.katalon.core.keyword.builtin.CallTestCaseKeyword.callTestCase(CallTestCaseKeyword.groovy:81)
	at com.kms.katalon.core.keyword.builtin.CallTestCaseKeyword.execute(CallTestCaseKeyword.groovy:44)
	at com.kms.katalon.core.keyword.internal.KeywordExecutor.executeKeywordForPlatform(KeywordExecutor.groovy:74)
	at com.kms.katalon.core.keyword.BuiltinKeywords.callTestCase(BuiltinKeywords.groovy:334)
	at TS_SMOKE_SUITE_082.run(TS_SMOKE_SUITE_082:46)
	at com.kms.katalon.core.main.ScriptEngine.run(ScriptEngine.java:194)
	at com.kms.katalon.core.main.ScriptEngine.runScriptAsRawText(ScriptEngine.java:119)
	at com.kms.katalon.core.main.TestCaseExecutor.runScript(TestCaseExecutor.java:448)
	at com.kms.katalon.core.main.TestCaseExecutor.doExecute(TestCaseExecutor.java:439)
	at com.kms.katalon.core.main.TestCaseExecutor.processExecutionPhase(TestCaseExecutor.java:418)
	at com.kms.katalon.core.main.TestCaseExecutor.accessMainPhase(TestCaseExecutor.java:410)
	at com.kms.katalon.core.main.TestCaseExecutor.execute(TestCaseExecutor.java:285)
	at com.kms.katalon.core.common.CommonExecutor.accessTestCaseMainPhase(CommonExecutor.java:65)
	at com.kms.katalon.core.main.TestSuiteExecutor.accessTestSuiteMainPhase(TestSuiteExecutor.java:151)
	at com.kms.katalon.core.main.TestSuiteExecutor.execute(TestSuiteExecutor.java:106)
	at com.kms.katalon.core.main.TestCaseMain.startTestSuite(TestCaseMain.java:185)
	at com.kms.katalon.core.main.TestCaseMain$startTestSuite$0.call(Unknown Source)
	at TempTestSuite1692253980874.run(TempTestSuite1692253980874.groovy:36)
Caused by: com.kms.katalon.core.exception.StepFailedException: Unable to click on object 'Object Repository/OPCPage/close_popup_OPC'
	at com.kms.katalon.core.webui.keyword.internal.WebUIKeywordMain.stepFailed(WebUIKeywordMain.groovy:64)
	at com.kms.katalon.core.webui.keyword.internal.WebUIKeywordMain.runKeyword(WebUIKeywordMain.groovy:26)
	at com.kms.katalon.core.webui.keyword.builtin.ClickKeyword.click(ClickKeyword.groovy:74)
	at com.kms.katalon.core.webui.keyword.builtin.ClickKeyword.execute(ClickKeyword.groovy:40)
	at com.kms.katalon.core.keyword.internal.KeywordExecutor.executeKeywordForPlatform(KeywordExecutor.groovy:74)
	at com.kms.katalon.core.webui.keyword.WebUiBuiltInKeywords.click(WebUiBuiltInKeywords.groovy:620)
	at com.kms.katalon.core.webui.keyword.WebUiBuiltInKeywords$click$2.call(Unknown Source)
	at close any pop up.run(close any pop up:20)
	at com.kms.katalon.core.main.ScriptEngine.run(ScriptEngine.java:194)
	at com.kms.katalon.core.main.ScriptEngine.runScriptAsRawText(ScriptEngine.java:119)
	at com.kms.katalon.core.main.TestCaseExecutor.runScript(TestCaseExecutor.java:448)
	at com.kms.katalon.core.main.TestCaseExecutor.doExecute(TestCaseExecutor.java:439)
	at com.kms.katalon.core.main.TestCaseExecutor.processExecutionPhase(TestCaseExecutor.java:418)
	at com.kms.katalon.core.main.TestCaseExecutor.accessMainPhase(TestCaseExecutor.java:410)
	at com.kms.katalon.core.main.TestCaseExecutor.execute(TestCaseExecutor.java:285)
	at com.kms.katalon.core.main.TestCaseMain.runTestCase(TestCaseMain.java:142)
	at com.kms.katalon.core.keyword.builtin.CallTestCaseKeyword$_callTestCase_closure1.doCall(CallTestCaseKeyword.groovy:59)
	... 36 more
Caused by: org.openqa.selenium.ElementNotInteractableException: element not interactable
  (Session info: chrome=115.0.5790.171)
Build info: version: '3.141.59', revision: 'e82be7d358', time: '2018-11-14T08:25:53'
System info: host: 'DESKTOP-L51QJLB', ip: '172.22.45.143', os.name: 'Windows 10', os.arch: 'amd64', os.version: '10.0', java.version: '1.8.0_282'
Driver info: com.kms.katalon.selenium.driver.CChromeDriver
Capabilities {acceptInsecureCerts: false, browserName: chrome, browserVersion: 115.0.5790.171, chrome: {chromedriverVersion: 114.0.5735.90 (386bc09e8f4f..., userDataDir: C:\Users\DELL\AppData\Local...}, goog:chromeOptions: {debuggerAddress: localhost:64560}, javascriptEnabled: true, networkConnectionEnabled: false, pageLoadStrategy: normal, platform: WINDOWS, platformName: WINDOWS, proxy: Proxy(), setWindowRect: true, strictFileInteractability: false, timeouts: {implicit: 0, pageLoad: 300000, script: 30000}, unhandledPromptBehavior: dismiss and notify, webauthn:extension:credBlob: true, webauthn:extension:largeBlob: true, webauthn:extension:minPinLength: true, webauthn:extension:prf: true, webauthn:virtualAuthenticators: true}
Session ID: 6058bba505e6ee3cb99ddf0978ce674b
	at org.openqa.selenium.remote.http.W3CHttpResponseCodec.createException(W3CHttpResponseCodec.java:187)
	at org.openqa.selenium.remote.http.W3CHttpResponseCodec.decode(W3CHttpResponseCodec.java:122)
	at org.openqa.selenium.remote.http.W3CHttpResponseCodec.decode(W3CHttpResponseCodec.java:49)
	at org.openqa.selenium.remote.HttpCommandExecutor.execute(HttpCommandExecutor.java:158)
	at org.openqa.selenium.remote.service.DriverCommandExecutor.execute(DriverCommandExecutor.java:83)
	at org.openqa.selenium.remote.RemoteWebDriver.execute(RemoteWebDriver.java:552)
	at com.kms.katalon.selenium.driver.CChromeDriver.execute(CChromeDriver.java:19)
	at org.openqa.selenium.remote.RemoteWebElement.execute(RemoteWebElement.java:285)
	at org.openqa.selenium.remote.RemoteWebElement.click(RemoteWebElement.java:84)
	at org.openqa.selenium.support.events.EventFiringWebDriver$EventFiringWebElement.lambda$new$0(EventFiringWebDriver.java:404)
	at com.sun.proxy.$Proxy11.click(Unknown Source)
	at org.openqa.selenium.support.events.EventFiringWebDriver$EventFiringWebElement.click(EventFiringWebDriver.java:417)
	at org.openqa.selenium.WebElement$click.call(Unknown Source)
	at com.kms.katalon.core.webui.keyword.builtin.ClickKeyword.clickUntilSuccessWithTimeout(ClickKeyword.groovy:81)
	at com.kms.katalon.core.webui.keyword.builtin.ClickKeyword.clickUntilSuccessWithTimeout(ClickKeyword.groovy)
	at com.kms.katalon.core.webui.keyword.builtin.ClickKeyword$_click_closure1.doCall(ClickKeyword.groovy:67)
	at com.kms.katalon.core.webui.keyword.builtin.ClickKeyword$_click_closure1.call(ClickKeyword.groovy)
	at com.kms.katalon.core.webui.keyword.internal.WebUIKeywordMain.runKeyword(WebUIKeywordMain.groovy:20)
	... 51 more
)

2023-08-17 12:55:27 - [TEST_CASE][FAILED] - Test Cases/CommonMethods/close any pop up: Test Cases/CommonMethods/close any pop up FAILED.
Reason:
com.kms.katalon.core.exception.StepFailedException: Unable to click on object 'Object Repository/OPCPage/close_popup_OPC'
	at com.kms.katalon.core.webui.keyword.internal.WebUIKeywordMain.stepFailed(WebUIKeywordMain.groovy:64)
	at com.kms.katalon.core.webui.keyword.internal.WebUIKeywordMain.runKeyword(WebUIKeywordMain.groovy:26)
	at com.kms.katalon.core.webui.keyword.builtin.ClickKeyword.click(ClickKeyword.groovy:74)
	at com.kms.katalon.core.webui.keyword.builtin.ClickKeyword.execute(ClickKeyword.groovy:40)
	at com.kms.katalon.core.keyword.internal.KeywordExecutor.executeKeywordForPlatform(KeywordExecutor.groovy:74)
	at com.kms.katalon.core.webui.keyword.WebUiBuiltInKeywords.click(WebUiBuiltInKeywords.groovy:620)
	at com.kms.katalon.core.webui.keyword.WebUiBuiltInKeywords$click$2.call(Unknown Source)
	at close any pop up.run(close any pop up:20)
	at com.kms.katalon.core.main.ScriptEngine.run(ScriptEngine.java:194)
	at com.kms.katalon.core.main.ScriptEngine.runScriptAsRawText(ScriptEngine.java:119)
	at com.kms.katalon.core.main.TestCaseExecutor.runScript(TestCaseExecutor.java:448)
	at com.kms.katalon.core.main.TestCaseExecutor.doExecute(TestCaseExecutor.java:439)
	at com.kms.katalon.core.main.TestCaseExecutor.processExecutionPhase(TestCaseExecutor.java:418)
	at com.kms.katalon.core.main.TestCaseExecutor.accessMainPhase(TestCaseExecutor.java:410)
	at com.kms.katalon.core.main.TestCaseExecutor.execute(TestCaseExecutor.java:285)
	at com.kms.katalon.core.main.TestCaseMain.runTestCase(TestCaseMain.java:142)
	at com.kms.katalon.core.keyword.builtin.CallTestCaseKeyword$_callTestCase_closure1.doCall(CallTestCaseKeyword.groovy:59)
	at com.kms.katalon.core.keyword.builtin.CallTestCaseKeyword$_callTestCase_closure1.call(CallTestCaseKeyword.groovy)
	at com.kms.katalon.core.keyword.internal.KeywordMain.runKeyword(KeywordMain.groovy:74)
	at com.kms.katalon.core.keyword.builtin.CallTestCaseKeyword.callTestCase(CallTestCaseKeyword.groovy:81)
	at com.kms.katalon.core.keyword.builtin.CallTestCaseKeyword.execute(CallTestCaseKeyword.groovy:44)
	at com.kms.katalon.core.keyword.internal.KeywordExecutor.executeKeywordForPlatform(KeywordExecutor.groovy:74)
	at com.kms.katalon.core.keyword.BuiltinKeywords.callTestCase(BuiltinKeywords.groovy:334)
	at create_new_CARD_OPC.run(create_new_CARD_OPC:50)
	at com.kms.katalon.core.main.ScriptEngine.run(ScriptEngine.java:194)
	at com.kms.katalon.core.main.ScriptEngine.runScriptAsRawText(ScriptEngine.java:119)
	at com.kms.katalon.core.main.TestCaseExecutor.runScript(TestCaseExecutor.java:448)
	at com.kms.katalon.core.main.TestCaseExecutor.doExecute(TestCaseExecutor.java:439)
	at com.kms.katalon.core.main.TestCaseExecutor.processExecutionPhase(TestCaseExecutor.java:418)
	at com.kms.katalon.core.main.TestCaseExecutor.accessMainPhase(TestCaseExecutor.java:410)
	at com.kms.katalon.core.main.TestCaseExecutor.execute(TestCaseExecutor.java:285)
	at com.kms.katalon.core.main.TestCaseMain.runTestCase(TestCaseMain.java:142)
	at com.kms.katalon.core.keyword.builtin.CallTestCaseKeyword$_callTestCase_closure1.doCall(CallTestCaseKeyword.groovy:59)
	at com.kms.katalon.core.keyword.builtin.CallTestCaseKeyword$_callTestCase_closure1.call(CallTestCaseKeyword.groovy)
	at com.kms.katalon.core.keyword.internal.KeywordMain.runKeyword(KeywordMain.groovy:74)
	at com.kms.katalon.core.keyword.builtin.CallTestCaseKeyword.callTestCase(CallTestCaseKeyword.groovy:81)
	at com.kms.katalon.core.keyword.builtin.CallTestCaseKeyword.execute(CallTestCaseKeyword.groovy:44)
	at com.kms.katalon.core.keyword.internal.KeywordExecutor.executeKeywordForPlatform(KeywordExecutor.groovy:74)
	at com.kms.katalon.core.keyword.BuiltinKeywords.callTestCase(BuiltinKeywords.groovy:334)
	at TS_SMOKE_SUITE_082.run(TS_SMOKE_SUITE_082:46)
	at com.kms.katalon.core.main.ScriptEngine.run(ScriptEngine.java:194)
	at com.kms.katalon.core.main.ScriptEngine.runScriptAsRawText(ScriptEngine.java:119)
	at com.kms.katalon.core.main.TestCaseExecutor.runScript(TestCaseExecutor.java:448)
	at com.kms.katalon.core.main.TestCaseExecutor.doExecute(TestCaseExecutor.java:439)
	at com.kms.katalon.core.main.TestCaseExecutor.processExecutionPhase(TestCaseExecutor.java:418)
	at com.kms.katalon.core.main.TestCaseExecutor.accessMainPhase(TestCaseExecutor.java:410)
	at com.kms.katalon.core.main.TestCaseExecutor.execute(TestCaseExecutor.java:285)
	at com.kms.katalon.core.common.CommonExecutor.accessTestCaseMainPhase(CommonExecutor.java:65)
	at com.kms.katalon.core.main.TestSuiteExecutor.accessTestSuiteMainPhase(TestSuiteExecutor.java:151)
	at com.kms.katalon.core.main.TestSuiteExecutor.execute(TestSuiteExecutor.java:106)
	at com.kms.katalon.core.main.TestCaseMain.startTestSuite(TestCaseMain.java:185)
	at com.kms.katalon.core.main.TestCaseMain$startTestSuite$0.call(Unknown Source)
	at TempTestSuite1692253980874.run(TempTestSuite1692253980874.groovy:36)
Caused by: org.openqa.selenium.ElementNotInteractableException: element not interactable
  (Session info: chrome=115.0.5790.171)
Build info: version: '3.141.59', revision: 'e82be7d358', time: '2018-11-14T08:25:53'
System info: host: 'DESKTOP-L51QJLB', ip: '172.22.45.143', os.name: 'Windows 10', os.arch: 'amd64', os.version: '10.0', java.version: '1.8.0_282'
Driver info: com.kms.katalon.selenium.driver.CChromeDriver
Capabilities {acceptInsecureCerts: false, browserName: chrome, browserVersion: 115.0.5790.171, chrome: {chromedriverVersion: 114.0.5735.90 (386bc09e8f4f..., userDataDir: C:\Users\DELL\AppData\Local...}, goog:chromeOptions: {debuggerAddress: localhost:64560}, javascriptEnabled: true, networkConnectionEnabled: false, pageLoadStrategy: normal, platform: WINDOWS, platformName: WINDOWS, proxy: Proxy(), setWindowRect: true, strictFileInteractability: false, timeouts: {implicit: 0, pageLoad: 300000, script: 30000}, unhandledPromptBehavior: dismiss and notify, webauthn:extension:credBlob: true, webauthn:extension:largeBlob: true, webauthn:extension:minPinLength: true, webauthn:extension:prf: true, webauthn:virtualAuthenticators: true}
Session ID: 6058bba505e6ee3cb99ddf0978ce674b
	at org.openqa.selenium.remote.http.W3CHttpResponseCodec.createException(W3CHttpResponseCodec.java:187)
	at org.openqa.selenium.remote.http.W3CHttpResponseCodec.decode(W3CHttpResponseCodec.java:122)
	at org.openqa.selenium.remote.http.W3CHttpResponseCodec.decode(W3CHttpResponseCodec.java:49)
	at org.openqa.selenium.remote.HttpCommandExecutor.execute(HttpCommandExecutor.java:158)
	at org.openqa.selenium.remote.service.DriverCommandExecutor.execute(DriverCommandExecutor.java:83)
	at org.openqa.selenium.remote.RemoteWebDriver.execute(RemoteWebDriver.java:552)
	at com.kms.katalon.selenium.driver.CChromeDriver.execute(CChromeDriver.java:19)
	at org.openqa.selenium.remote.RemoteWebElement.execute(RemoteWebElement.java:285)
	at org.openqa.selenium.remote.RemoteWebElement.click(RemoteWebElement.java:84)
	at org.openqa.selenium.support.events.EventFiringWebDriver$EventFiringWebElement.lambda$new$0(EventFiringWebDriver.java:404)
	at com.sun.proxy.$Proxy11.click(Unknown Source)
	at org.openqa.selenium.support.events.EventFiringWebDriver$EventFiringWebElement.click(EventFiringWebDriver.java:417)
	at org.openqa.selenium.WebElement$click.call(Unknown Source)
	at com.kms.katalon.core.webui.keyword.builtin.ClickKeyword.clickUntilSuccessWithTimeout(ClickKeyword.groovy:81)
	at com.kms.katalon.core.webui.keyword.builtin.ClickKeyword.clickUntilSuccessWithTimeout(ClickKeyword.groovy)
	at com.kms.katalon.core.webui.keyword.builtin.ClickKeyword$_click_closure1.doCall(ClickKeyword.groovy:67)
	at com.kms.katalon.core.webui.keyword.builtin.ClickKeyword$_click_closure1.call(ClickKeyword.groovy)
	at com.kms.katalon.core.webui.keyword.internal.WebUIKeywordMain.runKeyword(WebUIKeywordMain.groovy:20)
	... 51 more


2023-08-17 12:55:27 - [TEST_STEP][FAILED] - click(findTestObject("OPCPage/close_popup_OPC")): Unable to click on object 'Object Repository/OPCPage/close_popup_OPC' (Root cause: com.kms.katalon.core.exception.StepFailedException: Unable to click on object 'Object Repository/OPCPage/close_popup_OPC'
	at com.kms.katalon.core.webui.keyword.internal.WebUIKeywordMain.stepFailed(WebUIKeywordMain.groovy:64)
	at com.kms.katalon.core.webui.keyword.internal.WebUIKeywordMain.runKeyword(WebUIKeywordMain.groovy:26)
	at com.kms.katalon.core.webui.keyword.builtin.ClickKeyword.click(ClickKeyword.groovy:74)
	at com.kms.katalon.core.webui.keyword.builtin.ClickKeyword.execute(ClickKeyword.groovy:40)
	at com.kms.katalon.core.keyword.internal.KeywordExecutor.executeKeywordForPlatform(KeywordExecutor.groovy:74)
	at com.kms.katalon.core.webui.keyword.WebUiBuiltInKeywords.click(WebUiBuiltInKeywords.groovy:620)
	at com.kms.katalon.core.webui.keyword.WebUiBuiltInKeywords$click$2.call(Unknown Source)
	at close any pop up.run(close any pop up:20)
	at com.kms.katalon.core.main.ScriptEngine.run(ScriptEngine.java:194)
	at com.kms.katalon.core.main.ScriptEngine.runScriptAsRawText(ScriptEngine.java:119)
	at com.kms.katalon.core.main.TestCaseExecutor.runScript(TestCaseExecutor.java:448)
	at com.kms.katalon.core.main.TestCaseExecutor.doExecute(TestCaseExecutor.java:439)
	at com.kms.katalon.core.main.TestCaseExecutor.processExecutionPhase(TestCaseExecutor.java:418)
	at com.kms.katalon.core.main.TestCaseExecutor.accessMainPhase(TestCaseExecutor.java:410)
	at com.kms.katalon.core.main.TestCaseExecutor.execute(TestCaseExecutor.java:285)
	at com.kms.katalon.core.main.TestCaseMain.runTestCase(TestCaseMain.java:142)
	at com.kms.katalon.core.keyword.builtin.CallTestCaseKeyword$_callTestCase_closure1.doCall(CallTestCaseKeyword.groovy:59)
	at com.kms.katalon.core.keyword.builtin.CallTestCaseKeyword$_callTestCase_closure1.call(CallTestCaseKeyword.groovy)
	at com.kms.katalon.core.keyword.internal.KeywordMain.runKeyword(KeywordMain.groovy:74)
	at com.kms.katalon.core.keyword.builtin.CallTestCaseKeyword.callTestCase(CallTestCaseKeyword.groovy:81)
	at com.kms.katalon.core.keyword.builtin.CallTestCaseKeyword.execute(CallTestCaseKeyword.groovy:44)
	at com.kms.katalon.core.keyword.internal.KeywordExecutor.executeKeywordForPlatform(KeywordExecutor.groovy:74)
	at com.kms.katalon.core.keyword.BuiltinKeywords.callTestCase(BuiltinKeywords.groovy:334)
	at create_new_CARD_OPC.run(create_new_CARD_OPC:50)
	at com.kms.katalon.core.main.ScriptEngine.run(ScriptEngine.java:194)
	at com.kms.katalon.core.main.ScriptEngine.runScriptAsRawText(ScriptEngine.java:119)
	at com.kms.katalon.core.main.TestCaseExecutor.runScript(TestCaseExecutor.java:448)
	at com.kms.katalon.core.main.TestCaseExecutor.doExecute(TestCaseExecutor.java:439)
	at com.kms.katalon.core.main.TestCaseExecutor.processExecutionPhase(TestCaseExecutor.java:418)
	at com.kms.katalon.core.main.TestCaseExecutor.accessMainPhase(TestCaseExecutor.java:410)
	at com.kms.katalon.core.main.TestCaseExecutor.execute(TestCaseExecutor.java:285)
	at com.kms.katalon.core.main.TestCaseMain.runTestCase(TestCaseMain.java:142)
	at com.kms.katalon.core.keyword.builtin.CallTestCaseKeyword$_callTestCase_closure1.doCall(CallTestCaseKeyword.groovy:59)
	at com.kms.katalon.core.keyword.builtin.CallTestCaseKeyword$_callTestCase_closure1.call(CallTestCaseKeyword.groovy)
	at com.kms.katalon.core.keyword.internal.KeywordMain.runKeyword(KeywordMain.groovy:74)
	at com.kms.katalon.core.keyword.builtin.CallTestCaseKeyword.callTestCase(CallTestCaseKeyword.groovy:81)
	at com.kms.katalon.core.keyword.builtin.CallTestCaseKeyword.execute(CallTestCaseKeyword.groovy:44)
	at com.kms.katalon.core.keyword.internal.KeywordExecutor.executeKeywordForPlatform(KeywordExecutor.groovy:74)
	at com.kms.katalon.core.keyword.BuiltinKeywords.callTestCase(BuiltinKeywords.groovy:334)
	at TS_SMOKE_SUITE_082.run(TS_SMOKE_SUITE_082:46)
	at com.kms.katalon.core.main.ScriptEngine.run(ScriptEngine.java:194)
	at com.kms.katalon.core.main.ScriptEngine.runScriptAsRawText(ScriptEngine.java:119)
	at com.kms.katalon.core.main.TestCaseExecutor.runScript(TestCaseExecutor.java:448)
	at com.kms.katalon.core.main.TestCaseExecutor.doExecute(TestCaseExecutor.java:439)
	at com.kms.katalon.core.main.TestCaseExecutor.processExecutionPhase(TestCaseExecutor.java:418)
	at com.kms.katalon.core.main.TestCaseExecutor.accessMainPhase(TestCaseExecutor.java:410)
	at com.kms.katalon.core.main.TestCaseExecutor.execute(TestCaseExecutor.java:285)
	at com.kms.katalon.core.common.CommonExecutor.accessTestCaseMainPhase(CommonExecutor.java:65)
	at com.kms.katalon.core.main.TestSuiteExecutor.accessTestSuiteMainPhase(TestSuiteExecutor.java:151)
	at com.kms.katalon.core.main.TestSuiteExecutor.execute(TestSuiteExecutor.java:106)
	at com.kms.katalon.core.main.TestCaseMain.startTestSuite(TestCaseMain.java:185)
	at com.kms.katalon.core.main.TestCaseMain$startTestSuite$0.call(Unknown Source)
	at TempTestSuite1692253980874.run(TempTestSuite1692253980874.groovy:36)
Caused by: org.openqa.selenium.ElementNotInteractableException: element not interactable
  (Session info: chrome=115.0.5790.171)
Build info: version: '3.141.59', revision: 'e82be7d358', time: '2018-11-14T08:25:53'
System info: host: 'DESKTOP-L51QJLB', ip: '172.22.45.143', os.name: 'Windows 10', os.arch: 'amd64', os.version: '10.0', java.version: '1.8.0_282'
Driver info: com.kms.katalon.selenium.driver.CChromeDriver
Capabilities {acceptInsecureCerts: false, browserName: chrome, browserVersion: 115.0.5790.171, chrome: {chromedriverVersion: 114.0.5735.90 (386bc09e8f4f..., userDataDir: C:\Users\DELL\AppData\Local...}, goog:chromeOptions: {debuggerAddress: localhost:64560}, javascriptEnabled: true, networkConnectionEnabled: false, pageLoadStrategy: normal, platform: WINDOWS, platformName: WINDOWS, proxy: Proxy(), setWindowRect: true, strictFileInteractability: false, timeouts: {implicit: 0, pageLoad: 300000, script: 30000}, unhandledPromptBehavior: dismiss and notify, webauthn:extension:credBlob: true, webauthn:extension:largeBlob: true, webauthn:extension:minPinLength: true, webauthn:extension:prf: true, webauthn:virtualAuthenticators: true}
Session ID: 6058bba505e6ee3cb99ddf0978ce674b
	at org.openqa.selenium.remote.http.W3CHttpResponseCodec.createException(W3CHttpResponseCodec.java:187)
	at org.openqa.selenium.remote.http.W3CHttpResponseCodec.decode(W3CHttpResponseCodec.java:122)
	at org.openqa.selenium.remote.http.W3CHttpResponseCodec.decode(W3CHttpResponseCodec.java:49)
	at org.openqa.selenium.remote.HttpCommandExecutor.execute(HttpCommandExecutor.java:158)
	at org.openqa.selenium.remote.service.DriverCommandExecutor.execute(DriverCommandExecutor.java:83)
	at org.openqa.selenium.remote.RemoteWebDriver.execute(RemoteWebDriver.java:552)
	at com.kms.katalon.selenium.driver.CChromeDriver.execute(CChromeDriver.java:19)
	at org.openqa.selenium.remote.RemoteWebElement.execute(RemoteWebElement.java:285)
	at org.openqa.selenium.remote.RemoteWebElement.click(RemoteWebElement.java:84)
	at org.openqa.selenium.support.events.EventFiringWebDriver$EventFiringWebElement.lambda$new$0(EventFiringWebDriver.java:404)
	at com.sun.proxy.$Proxy11.click(Unknown Source)
	at org.openqa.selenium.support.events.EventFiringWebDriver$EventFiringWebElement.click(EventFiringWebDriver.java:417)
	at org.openqa.selenium.WebElement$click.call(Unknown Source)
	at com.kms.katalon.core.webui.keyword.builtin.ClickKeyword.clickUntilSuccessWithTimeout(ClickKeyword.groovy:81)
	at com.kms.katalon.core.webui.keyword.builtin.ClickKeyword.clickUntilSuccessWithTimeout(ClickKeyword.groovy)
	at com.kms.katalon.core.webui.keyword.builtin.ClickKeyword$_click_closure1.doCall(ClickKeyword.groovy:67)
	at com.kms.katalon.core.webui.keyword.builtin.ClickKeyword$_click_closure1.call(ClickKeyword.groovy)
	at com.kms.katalon.core.webui.keyword.internal.WebUIKeywordMain.runKeyword(WebUIKeywordMain.groovy:20)
	at com.kms.katalon.core.webui.keyword.builtin.ClickKeyword.click(ClickKeyword.groovy:74)
	at com.kms.katalon.core.webui.keyword.builtin.ClickKeyword.execute(ClickKeyword.groovy:40)
	at com.kms.katalon.core.keyword.internal.KeywordExecutor.executeKeywordForPlatform(KeywordExecutor.groovy:74)
	at com.kms.katalon.core.webui.keyword.WebUiBuiltInKeywords.click(WebUiBuiltInKeywords.groovy:620)
	at com.kms.katalon.core.webui.keyword.WebUiBuiltInKeywords$click$2.call(Unknown Source)
	at Script1684135793852.run(Script1684135793852.groovy:20)
	at com.kms.katalon.core.main.ScriptEngine.run(ScriptEngine.java:194)
	at com.kms.katalon.core.main.ScriptEngine.runScriptAsRawText(ScriptEngine.java:119)
	at com.kms.katalon.core.main.TestCaseExecutor.runScript(TestCaseExecutor.java:448)
	at com.kms.katalon.core.main.TestCaseExecutor.doExecute(TestCaseExecutor.java:439)
	at com.kms.katalon.core.main.TestCaseExecutor.processExecutionPhase(TestCaseExecutor.java:418)
	at com.kms.katalon.core.main.TestCaseExecutor.accessMainPhase(TestCaseExecutor.java:410)
	at com.kms.katalon.core.main.TestCaseExecutor.execute(TestCaseExecutor.java:285)
	at com.kms.katalon.core.main.TestCaseMain.runTestCase(TestCaseMain.java:142)
	at com.kms.katalon.core.keyword.builtin.CallTestCaseKeyword$_callTestCase_closure1.doCall(CallTestCaseKeyword.groovy:59)
	at com.kms.katalon.core.keyword.builtin.CallTestCaseKeyword$_callTestCase_closure1.call(CallTestCaseKeyword.groovy)
	at com.kms.katalon.core.keyword.internal.KeywordMain.runKeyword(KeywordMain.groovy:74)
	at com.kms.katalon.core.keyword.builtin.CallTestCaseKeyword.callTestCase(CallTestCaseKeyword.groovy:81)
	at com.kms.katalon.core.keyword.builtin.CallTestCaseKeyword.execute(CallTestCaseKeyword.groovy:44)
	at com.kms.katalon.core.keyword.internal.KeywordExecutor.executeKeywordForPlatform(KeywordExecutor.groovy:74)
	at com.kms.katalon.core.keyword.BuiltinKeywords.callTestCase(BuiltinKeywords.groovy:334)
	at Script1684101683596.run(Script1684101683596.groovy:50)
	at com.kms.katalon.core.main.ScriptEngine.run(ScriptEngine.java:194)
	at com.kms.katalon.core.main.ScriptEngine.runScriptAsRawText(ScriptEngine.java:119)
	at com.kms.katalon.core.main.TestCaseExecutor.runScript(TestCaseExecutor.java:448)
	at com.kms.katalon.core.main.TestCaseExecutor.doExecute(TestCaseExecutor.java:439)
	at com.kms.katalon.core.main.TestCaseExecutor.processExecutionPhase(TestCaseExecutor.java:418)
	at com.kms.katalon.core.main.TestCaseExecutor.accessMainPhase(TestCaseExecutor.java:410)
	at com.kms.katalon.core.main.TestCaseExecutor.execute(TestCaseExecutor.java:285)
	at com.kms.katalon.core.main.TestCaseMain.runTestCase(TestCaseMain.java:142)
	at com.kms.katalon.core.keyword.builtin.CallTestCaseKeyword$_callTestCase_closure1.doCall(CallTestCaseKeyword.groovy:59)
	at com.kms.katalon.core.keyword.builtin.CallTestCaseKeyword$_callTestCase_closure1.call(CallTestCaseKeyword.groovy)
	at com.kms.katalon.core.keyword.internal.KeywordMain.runKeyword(KeywordMain.groovy:74)
	at com.kms.katalon.core.keyword.builtin.CallTestCaseKeyword.callTestCase(CallTestCaseKeyword.groovy:81)
	at com.kms.katalon.core.keyword.builtin.CallTestCaseKeyword.execute(CallTestCaseKeyword.groovy:44)
	at com.kms.katalon.core.keyword.internal.KeywordExecutor.executeKeywordForPlatform(KeywordExecutor.groovy:74)
	at com.kms.katalon.core.keyword.BuiltinKeywords.callTestCase(BuiltinKeywords.groovy:334)
	at Script1691553342759.run(Script1691553342759.groovy:46)
	... 13 more
)

2023-08-17 12:55:27 - [MESSAGE][FAILED] - Unable to click on object 'Object Repository/OPCPage/close_popup_OPC' (Root cause: com.kms.katalon.core.exception.StepFailedException: Unable to click on object 'Object Repository/OPCPage/close_popup_OPC'
	at com.kms.katalon.core.webui.keyword.internal.WebUIKeywordMain.stepFailed(WebUIKeywordMain.groovy:64)
	at com.kms.katalon.core.webui.keyword.internal.WebUIKeywordMain.runKeyword(WebUIKeywordMain.groovy:26)
	at com.kms.katalon.core.webui.keyword.builtin.ClickKeyword.click(ClickKeyword.groovy:74)
	at com.kms.katalon.core.webui.keyword.builtin.ClickKeyword.execute(ClickKeyword.groovy:40)
	at com.kms.katalon.core.keyword.internal.KeywordExecutor.executeKeywordForPlatform(KeywordExecutor.groovy:74)
	at com.kms.katalon.core.webui.keyword.WebUiBuiltInKeywords.click(WebUiBuiltInKeywords.groovy:620)
	at com.kms.katalon.core.webui.keyword.WebUiBuiltInKeywords$click$2.call(Unknown Source)
	at close any pop up.run(close any pop up:20)
	at com.kms.katalon.core.main.ScriptEngine.run(ScriptEngine.java:194)
	at com.kms.katalon.core.main.ScriptEngine.runScriptAsRawText(ScriptEngine.java:119)
	at com.kms.katalon.core.main.TestCaseExecutor.runScript(TestCaseExecutor.java:448)
	at com.kms.katalon.core.main.TestCaseExecutor.doExecute(TestCaseExecutor.java:439)
	at com.kms.katalon.core.main.TestCaseExecutor.processExecutionPhase(TestCaseExecutor.java:418)
	at com.kms.katalon.core.main.TestCaseExecutor.accessMainPhase(TestCaseExecutor.java:410)
	at com.kms.katalon.core.main.TestCaseExecutor.execute(TestCaseExecutor.java:285)
	at com.kms.katalon.core.main.TestCaseMain.runTestCase(TestCaseMain.java:142)
	at com.kms.katalon.core.keyword.builtin.CallTestCaseKeyword$_callTestCase_closure1.doCall(CallTestCaseKeyword.groovy:59)
	at com.kms.katalon.core.keyword.builtin.CallTestCaseKeyword$_callTestCase_closure1.call(CallTestCaseKeyword.groovy)
	at com.kms.katalon.core.keyword.internal.KeywordMain.runKeyword(KeywordMain.groovy:74)
	at com.kms.katalon.core.keyword.builtin.CallTestCaseKeyword.callTestCase(CallTestCaseKeyword.groovy:81)
	at com.kms.katalon.core.keyword.builtin.CallTestCaseKeyword.execute(CallTestCaseKeyword.groovy:44)
	at com.kms.katalon.core.keyword.internal.KeywordExecutor.executeKeywordForPlatform(KeywordExecutor.groovy:74)
	at com.kms.katalon.core.keyword.BuiltinKeywords.callTestCase(BuiltinKeywords.groovy:334)
	at create_new_CARD_OPC.run(create_new_CARD_OPC:50)
	at com.kms.katalon.core.main.ScriptEngine.run(ScriptEngine.java:194)
	at com.kms.katalon.core.main.ScriptEngine.runScriptAsRawText(ScriptEngine.java:119)
	at com.kms.katalon.core.main.TestCaseExecutor.runScript(TestCaseExecutor.java:448)
	at com.kms.katalon.core.main.TestCaseExecutor.doExecute(TestCaseExecutor.java:439)
	at com.kms.katalon.core.main.TestCaseExecutor.processExecutionPhase(TestCaseExecutor.java:418)
	at com.kms.katalon.core.main.TestCaseExecutor.accessMainPhase(TestCaseExecutor.java:410)
	at com.kms.katalon.core.main.TestCaseExecutor.execute(TestCaseExecutor.java:285)
	at com.kms.katalon.core.main.TestCaseMain.runTestCase(TestCaseMain.java:142)
	at com.kms.katalon.core.keyword.builtin.CallTestCaseKeyword$_callTestCase_closure1.doCall(CallTestCaseKeyword.groovy:59)
	at com.kms.katalon.core.keyword.builtin.CallTestCaseKeyword$_callTestCase_closure1.call(CallTestCaseKeyword.groovy)
	at com.kms.katalon.core.keyword.internal.KeywordMain.runKeyword(KeywordMain.groovy:74)
	at com.kms.katalon.core.keyword.builtin.CallTestCaseKeyword.callTestCase(CallTestCaseKeyword.groovy:81)
	at com.kms.katalon.core.keyword.builtin.CallTestCaseKeyword.execute(CallTestCaseKeyword.groovy:44)
	at com.kms.katalon.core.keyword.internal.KeywordExecutor.executeKeywordForPlatform(KeywordExecutor.groovy:74)
	at com.kms.katalon.core.keyword.BuiltinKeywords.callTestCase(BuiltinKeywords.groovy:334)
	at TS_SMOKE_SUITE_082.run(TS_SMOKE_SUITE_082:46)
	at com.kms.katalon.core.main.ScriptEngine.run(ScriptEngine.java:194)
	at com.kms.katalon.core.main.ScriptEngine.runScriptAsRawText(ScriptEngine.java:119)
	at com.kms.katalon.core.main.TestCaseExecutor.runScript(TestCaseExecutor.java:448)
	at com.kms.katalon.core.main.TestCaseExecutor.doExecute(TestCaseExecutor.java:439)
	at com.kms.katalon.core.main.TestCaseExecutor.processExecutionPhase(TestCaseExecutor.java:418)
	at com.kms.katalon.core.main.TestCaseExecutor.accessMainPhase(TestCaseExecutor.java:410)
	at com.kms.katalon.core.main.TestCaseExecutor.execute(TestCaseExecutor.java:285)
	at com.kms.katalon.core.common.CommonExecutor.accessTestCaseMainPhase(CommonExecutor.java:65)
	at com.kms.katalon.core.main.TestSuiteExecutor.accessTestSuiteMainPhase(TestSuiteExecutor.java:151)
	at com.kms.katalon.core.main.TestSuiteExecutor.execute(TestSuiteExecutor.java:106)
	at com.kms.katalon.core.main.TestCaseMain.startTestSuite(TestCaseMain.java:185)
	at com.kms.katalon.core.main.TestCaseMain$startTestSuite$0.call(Unknown Source)
	at TempTestSuite1692253980874.run(TempTestSuite1692253980874.groovy:36)
Caused by: org.openqa.selenium.ElementNotInteractableException: element not interactable
  (Session info: chrome=115.0.5790.171)
Build info: version: '3.141.59', revision: 'e82be7d358', time: '2018-11-14T08:25:53'
System info: host: 'DESKTOP-L51QJLB', ip: '172.22.45.143', os.name: 'Windows 10', os.arch: 'amd64', os.version: '10.0', java.version: '1.8.0_282'
Driver info: com.kms.katalon.selenium.driver.CChromeDriver
Capabilities {acceptInsecureCerts: false, browserName: chrome, browserVersion: 115.0.5790.171, chrome: {chromedriverVersion: 114.0.5735.90 (386bc09e8f4f..., userDataDir: C:\Users\DELL\AppData\Local...}, goog:chromeOptions: {debuggerAddress: localhost:64560}, javascriptEnabled: true, networkConnectionEnabled: false, pageLoadStrategy: normal, platform: WINDOWS, platformName: WINDOWS, proxy: Proxy(), setWindowRect: true, strictFileInteractability: false, timeouts: {implicit: 0, pageLoad: 300000, script: 30000}, unhandledPromptBehavior: dismiss and notify, webauthn:extension:credBlob: true, webauthn:extension:largeBlob: true, webauthn:extension:minPinLength: true, webauthn:extension:prf: true, webauthn:virtualAuthenticators: true}
Session ID: 6058bba505e6ee3cb99ddf0978ce674b
	at org.openqa.selenium.remote.http.W3CHttpResponseCodec.createException(W3CHttpResponseCodec.java:187)
	at org.openqa.selenium.remote.http.W3CHttpResponseCodec.decode(W3CHttpResponseCodec.java:122)
	at org.openqa.selenium.remote.http.W3CHttpResponseCodec.decode(W3CHttpResponseCodec.java:49)
	at org.openqa.selenium.remote.HttpCommandExecutor.execute(HttpCommandExecutor.java:158)
	at org.openqa.selenium.remote.service.DriverCommandExecutor.execute(DriverCommandExecutor.java:83)
	at org.openqa.selenium.remote.RemoteWebDriver.execute(RemoteWebDriver.java:552)
	at com.kms.katalon.selenium.driver.CChromeDriver.execute(CChromeDriver.java:19)
	at org.openqa.selenium.remote.RemoteWebElement.execute(RemoteWebElement.java:285)
	at org.openqa.selenium.remote.RemoteWebElement.click(RemoteWebElement.java:84)
	at org.openqa.selenium.support.events.EventFiringWebDriver$EventFiringWebElement.lambda$new$0(EventFiringWebDriver.java:404)
	at com.sun.proxy.$Proxy11.click(Unknown Source)
	at org.openqa.selenium.support.events.EventFiringWebDriver$EventFiringWebElement.click(EventFiringWebDriver.java:417)
	at org.openqa.selenium.WebElement$click.call(Unknown Source)
	at com.kms.katalon.core.webui.keyword.builtin.ClickKeyword.clickUntilSuccessWithTimeout(ClickKeyword.groovy:81)
	at com.kms.katalon.core.webui.keyword.builtin.ClickKeyword.clickUntilSuccessWithTimeout(ClickKeyword.groovy)
	at com.kms.katalon.core.webui.keyword.builtin.ClickKeyword$_click_closure1.doCall(ClickKeyword.groovy:67)
	at com.kms.katalon.core.webui.keyword.builtin.ClickKeyword$_click_closure1.call(ClickKeyword.groovy)
	at com.kms.katalon.core.webui.keyword.internal.WebUIKeywordMain.runKeyword(WebUIKeywordMain.groovy:20)
	at com.kms.katalon.core.webui.keyword.builtin.ClickKeyword.click(ClickKeyword.groovy:74)
	at com.kms.katalon.core.webui.keyword.builtin.ClickKeyword.execute(ClickKeyword.groovy:40)
	at com.kms.katalon.core.keyword.internal.KeywordExecutor.executeKeywordForPlatform(KeywordExecutor.groovy:74)
	at com.kms.katalon.core.webui.keyword.WebUiBuiltInKeywords.click(WebUiBuiltInKeywords.groovy:620)
	at com.kms.katalon.core.webui.keyword.WebUiBuiltInKeywords$click$2.call(Unknown Source)
	at Script1684135793852.run(Script1684135793852.groovy:20)
	at com.kms.katalon.core.main.ScriptEngine.run(ScriptEngine.java:194)
	at com.kms.katalon.core.main.ScriptEngine.runScriptAsRawText(ScriptEngine.java:119)
	at com.kms.katalon.core.main.TestCaseExecutor.runScript(TestCaseExecutor.java:448)
	at com.kms.katalon.core.main.TestCaseExecutor.doExecute(TestCaseExecutor.java:439)
	at com.kms.katalon.core.main.TestCaseExecutor.processExecutionPhase(TestCaseExecutor.java:418)
	at com.kms.katalon.core.main.TestCaseExecutor.accessMainPhase(TestCaseExecutor.java:410)
	at com.kms.katalon.core.main.TestCaseExecutor.execute(TestCaseExecutor.java:285)
	at com.kms.katalon.core.main.TestCaseMain.runTestCase(TestCaseMain.java:142)
	at com.kms.katalon.core.keyword.builtin.CallTestCaseKeyword$_callTestCase_closure1.doCall(CallTestCaseKeyword.groovy:59)
	at com.kms.katalon.core.keyword.builtin.CallTestCaseKeyword$_callTestCase_closure1.call(CallTestCaseKeyword.groovy)
	at com.kms.katalon.core.keyword.internal.KeywordMain.runKeyword(KeywordMain.groovy:74)
	at com.kms.katalon.core.keyword.builtin.CallTestCaseKeyword.callTestCase(CallTestCaseKeyword.groovy:81)
	at com.kms.katalon.core.keyword.builtin.CallTestCaseKeyword.execute(CallTestCaseKeyword.groovy:44)
	at com.kms.katalon.core.keyword.internal.KeywordExecutor.executeKeywordForPlatform(KeywordExecutor.groovy:74)
	at com.kms.katalon.core.keyword.BuiltinKeywords.callTestCase(BuiltinKeywords.groovy:334)
	at Script1684101683596.run(Script1684101683596.groovy:50)
	at com.kms.katalon.core.main.ScriptEngine.run(ScriptEngine.java:194)
	at com.kms.katalon.core.main.ScriptEngine.runScriptAsRawText(ScriptEngine.java:119)
	at com.kms.katalon.core.main.TestCaseExecutor.runScript(TestCaseExecutor.java:448)
	at com.kms.katalon.core.main.TestCaseExecutor.doExecute(TestCaseExecutor.java:439)
	at com.kms.katalon.core.main.TestCaseExecutor.processExecutionPhase(TestCaseExecutor.java:418)
	at com.kms.katalon.core.main.TestCaseExecutor.accessMainPhase(TestCaseExecutor.java:410)
	at com.kms.katalon.core.main.TestCaseExecutor.execute(TestCaseExecutor.java:285)
	at com.kms.katalon.core.main.TestCaseMain.runTestCase(TestCaseMain.java:142)
	at com.kms.katalon.core.keyword.builtin.CallTestCaseKeyword$_callTestCase_closure1.doCall(CallTestCaseKeyword.groovy:59)
	at com.kms.katalon.core.keyword.builtin.CallTestCaseKeyword$_callTestCase_closure1.call(CallTestCaseKeyword.groovy)
	at com.kms.katalon.core.keyword.internal.KeywordMain.runKeyword(KeywordMain.groovy:74)
	at com.kms.katalon.core.keyword.builtin.CallTestCaseKeyword.callTestCase(CallTestCaseKeyword.groovy:81)
	at com.kms.katalon.core.keyword.builtin.CallTestCaseKeyword.execute(CallTestCaseKeyword.groovy:44)
	at com.kms.katalon.core.keyword.internal.KeywordExecutor.executeKeywordForPlatform(KeywordExecutor.groovy:74)
	at com.kms.katalon.core.keyword.BuiltinKeywords.callTestCase(BuiltinKeywords.groovy:334)
	at Script1691553342759.run(Script1691553342759.groovy:46)
	... 13 more
)
[[ATTACHMENT|D:\\backup\\Liverpool_SmokeSuite1\\Reports\\20230817_120257\\checkout\\20230817_120300\\1692257127641.png]]

2023-08-17 12:55:27 - [MESSAGE][WARNING] - Unable to call Test Case 'Test Cases/CommonMethods/close any pop up' (Root cause: com.kms.katalon.core.exception.StepFailedException: Call Test Case 'Test Cases/CommonMethods/close any pop up' failed
	at com.kms.katalon.core.keyword.builtin.CallTestCaseKeyword$_callTestCase_closure1.doCall(CallTestCaseKeyword.groovy:63)
	at com.kms.katalon.core.keyword.builtin.CallTestCaseKeyword$_callTestCase_closure1.call(CallTestCaseKeyword.groovy)
	at com.kms.katalon.core.keyword.internal.KeywordMain.runKeyword(KeywordMain.groovy:74)
	at com.kms.katalon.core.keyword.builtin.CallTestCaseKeyword.callTestCase(CallTestCaseKeyword.groovy:81)
	at com.kms.katalon.core.keyword.builtin.CallTestCaseKeyword.execute(CallTestCaseKeyword.groovy:44)
	at com.kms.katalon.core.keyword.internal.KeywordExecutor.executeKeywordForPlatform(KeywordExecutor.groovy:74)
	at com.kms.katalon.core.keyword.BuiltinKeywords.callTestCase(BuiltinKeywords.groovy:334)
	at create_new_CARD_OPC.run(create_new_CARD_OPC:50)
	at com.kms.katalon.core.main.ScriptEngine.run(ScriptEngine.java:194)
	at com.kms.katalon.core.main.ScriptEngine.runScriptAsRawText(ScriptEngine.java:119)
	at com.kms.katalon.core.main.TestCaseExecutor.runScript(TestCaseExecutor.java:448)
	at com.kms.katalon.core.main.TestCaseExecutor.doExecute(TestCaseExecutor.java:439)
	at com.kms.katalon.core.main.TestCaseExecutor.processExecutionPhase(TestCaseExecutor.java:418)
	at com.kms.katalon.core.main.TestCaseExecutor.accessMainPhase(TestCaseExecutor.java:410)
	at com.kms.katalon.core.main.TestCaseExecutor.execute(TestCaseExecutor.java:285)
	at com.kms.katalon.core.main.TestCaseMain.runTestCase(TestCaseMain.java:142)
	at com.kms.katalon.core.keyword.builtin.CallTestCaseKeyword$_callTestCase_closure1.doCall(CallTestCaseKeyword.groovy:59)
	at com.kms.katalon.core.keyword.builtin.CallTestCaseKeyword$_callTestCase_closure1.call(CallTestCaseKeyword.groovy)
	at com.kms.katalon.core.keyword.internal.KeywordMain.runKeyword(KeywordMain.groovy:74)
	at com.kms.katalon.core.keyword.builtin.CallTestCaseKeyword.callTestCase(CallTestCaseKeyword.groovy:81)
	at com.kms.katalon.core.keyword.builtin.CallTestCaseKeyword.execute(CallTestCaseKeyword.groovy:44)
	at com.kms.katalon.core.keyword.internal.KeywordExecutor.executeKeywordForPlatform(KeywordExecutor.groovy:74)
	at com.kms.katalon.core.keyword.BuiltinKeywords.callTestCase(BuiltinKeywords.groovy:334)
	at TS_SMOKE_SUITE_082.run(TS_SMOKE_SUITE_082:46)
	at com.kms.katalon.core.main.ScriptEngine.run(ScriptEngine.java:194)
	at com.kms.katalon.core.main.ScriptEngine.runScriptAsRawText(ScriptEngine.java:119)
	at com.kms.katalon.core.main.TestCaseExecutor.runScript(TestCaseExecutor.java:448)
	at com.kms.katalon.core.main.TestCaseExecutor.doExecute(TestCaseExecutor.java:439)
	at com.kms.katalon.core.main.TestCaseExecutor.processExecutionPhase(TestCaseExecutor.java:418)
	at com.kms.katalon.core.main.TestCaseExecutor.accessMainPhase(TestCaseExecutor.java:410)
	at com.kms.katalon.core.main.TestCaseExecutor.execute(TestCaseExecutor.java:285)
	at com.kms.katalon.core.common.CommonExecutor.accessTestCaseMainPhase(CommonExecutor.java:65)
	at com.kms.katalon.core.main.TestSuiteExecutor.accessTestSuiteMainPhase(TestSuiteExecutor.java:151)
	at com.kms.katalon.core.main.TestSuiteExecutor.execute(TestSuiteExecutor.java:106)
	at com.kms.katalon.core.main.TestCaseMain.startTestSuite(TestCaseMain.java:185)
	at com.kms.katalon.core.main.TestCaseMain$startTestSuite$0.call(Unknown Source)
	at TempTestSuite1692253980874.run(TempTestSuite1692253980874.groovy:36)
Caused by: com.kms.katalon.core.exception.StepFailedException: Unable to click on object 'Object Repository/OPCPage/close_popup_OPC'
	at com.kms.katalon.core.webui.keyword.internal.WebUIKeywordMain.stepFailed(WebUIKeywordMain.groovy:64)
	at com.kms.katalon.core.webui.keyword.internal.WebUIKeywordMain.runKeyword(WebUIKeywordMain.groovy:26)
	at com.kms.katalon.core.webui.keyword.builtin.ClickKeyword.click(ClickKeyword.groovy:74)
	at com.kms.katalon.core.webui.keyword.builtin.ClickKeyword.execute(ClickKeyword.groovy:40)
	at com.kms.katalon.core.keyword.internal.KeywordExecutor.executeKeywordForPlatform(KeywordExecutor.groovy:74)
	at com.kms.katalon.core.webui.keyword.WebUiBuiltInKeywords.click(WebUiBuiltInKeywords.groovy:620)
	at com.kms.katalon.core.webui.keyword.WebUiBuiltInKeywords$click$2.call(Unknown Source)
	at close any pop up.run(close any pop up:20)
	at com.kms.katalon.core.main.ScriptEngine.run(ScriptEngine.java:194)
	at com.kms.katalon.core.main.ScriptEngine.runScriptAsRawText(ScriptEngine.java:119)
	at com.kms.katalon.core.main.TestCaseExecutor.runScript(TestCaseExecutor.java:448)
	at com.kms.katalon.core.main.TestCaseExecutor.doExecute(TestCaseExecutor.java:439)
	at com.kms.katalon.core.main.TestCaseExecutor.processExecutionPhase(TestCaseExecutor.java:418)
	at com.kms.katalon.core.main.TestCaseExecutor.accessMainPhase(TestCaseExecutor.java:410)
	at com.kms.katalon.core.main.TestCaseExecutor.execute(TestCaseExecutor.java:285)
	at com.kms.katalon.core.main.TestCaseMain.runTestCase(TestCaseMain.java:142)
	at com.kms.katalon.core.keyword.builtin.CallTestCaseKeyword$_callTestCase_closure1.doCall(CallTestCaseKeyword.groovy:59)
	... 36 more
Caused by: org.openqa.selenium.ElementNotInteractableException: element not interactable
  (Session info: chrome=115.0.5790.171)
Build info: version: '3.141.59', revision: 'e82be7d358', time: '2018-11-14T08:25:53'
System info: host: 'DESKTOP-L51QJLB', ip: '172.22.45.143', os.name: 'Windows 10', os.arch: 'amd64', os.version: '10.0', java.version: '1.8.0_282'
Driver info: com.kms.katalon.selenium.driver.CChromeDriver
Capabilities {acceptInsecureCerts: false, browserName: chrome, browserVersion: 115.0.5790.171, chrome: {chromedriverVersion: 114.0.5735.90 (386bc09e8f4f..., userDataDir: C:\Users\DELL\AppData\Local...}, goog:chromeOptions: {debuggerAddress: localhost:64560}, javascriptEnabled: true, networkConnectionEnabled: false, pageLoadStrategy: normal, platform: WINDOWS, platformName: WINDOWS, proxy: Proxy(), setWindowRect: true, strictFileInteractability: false, timeouts: {implicit: 0, pageLoad: 300000, script: 30000}, unhandledPromptBehavior: dismiss and notify, webauthn:extension:credBlob: true, webauthn:extension:largeBlob: true, webauthn:extension:minPinLength: true, webauthn:extension:prf: true, webauthn:virtualAuthenticators: true}
Session ID: 6058bba505e6ee3cb99ddf0978ce674b
	at org.openqa.selenium.remote.http.W3CHttpResponseCodec.createException(W3CHttpResponseCodec.java:187)
	at org.openqa.selenium.remote.http.W3CHttpResponseCodec.decode(W3CHttpResponseCodec.java:122)
	at org.openqa.selenium.remote.http.W3CHttpResponseCodec.decode(W3CHttpResponseCodec.java:49)
	at org.openqa.selenium.remote.HttpCommandExecutor.execute(HttpCommandExecutor.java:158)
	at org.openqa.selenium.remote.service.DriverCommandExecutor.execute(DriverCommandExecutor.java:83)
	at org.openqa.selenium.remote.RemoteWebDriver.execute(RemoteWebDriver.java:552)
	at com.kms.katalon.selenium.driver.CChromeDriver.execute(CChromeDriver.java:19)
	at org.openqa.selenium.remote.RemoteWebElement.execute(RemoteWebElement.java:285)
	at org.openqa.selenium.remote.RemoteWebElement.click(RemoteWebElement.java:84)
	at org.openqa.selenium.support.events.EventFiringWebDriver$EventFiringWebElement.lambda$new$0(EventFiringWebDriver.java:404)
	at com.sun.proxy.$Proxy11.click(Unknown Source)
	at org.openqa.selenium.support.events.EventFiringWebDriver$EventFiringWebElement.click(EventFiringWebDriver.java:417)
	at org.openqa.selenium.WebElement$click.call(Unknown Source)
	at com.kms.katalon.core.webui.keyword.builtin.ClickKeyword.clickUntilSuccessWithTimeout(ClickKeyword.groovy:81)
	at com.kms.katalon.core.webui.keyword.builtin.ClickKeyword.clickUntilSuccessWithTimeout(ClickKeyword.groovy)
	at com.kms.katalon.core.webui.keyword.builtin.ClickKeyword$_click_closure1.doCall(ClickKeyword.groovy:67)
	at com.kms.katalon.core.webui.keyword.builtin.ClickKeyword$_click_closure1.call(ClickKeyword.groovy)
	at com.kms.katalon.core.webui.keyword.internal.WebUIKeywordMain.runKeyword(WebUIKeywordMain.groovy:20)
	... 51 more
)

2023-08-17 12:55:27 - [TEST_STEP][PASSED] - click(findTestObject("OPCPage/paymentMethod_change_OPC")): Object: 'Object Repository/OPCPage/paymentMethod_change_OPC' is clicked on

2023-08-17 12:55:28 - [MESSAGE][PASSED] - Object: 'Object Repository/OPCPage/paymentMethod_change_OPC' is clicked on

2023-08-17 12:55:28 - [TEST_STEP][PASSED] - click(findTestObject("OPCPage/paymentMethod_button1_OPC")): Object: 'Object Repository/OPCPage/paymentMethod_button1_OPC' is clicked on

2023-08-17 12:55:30 - [MESSAGE][PASSED] - Object: 'Object Repository/OPCPage/paymentMethod_button1_OPC' is clicked on

2023-08-17 12:55:30 - [TEST_STEP][PASSED] - verifyTextPresent(cardname, false): Text 'LUeYSMca' is present on page 

2023-08-17 12:55:31 - [MESSAGE][PASSED] - Text 'LUeYSMca' is present on page 

2023-08-17 12:55:31 - [TEST_STEP][PASSED] - callTestCase(findTestCase("CommonMethods/close any pop up"), [:], OPTIONAL): Unable to call Test Case 'Test Cases/CommonMethods/close any pop up' (Root cause: com.kms.katalon.core.exception.StepFailedException: Call Test Case 'Test Cases/CommonMethods/close any pop up' failed
	at com.kms.katalon.core.keyword.builtin.CallTestCaseKeyword$_callTestCase_closure1.doCall(CallTestCaseKeyword.groovy:63)
	at com.kms.katalon.core.keyword.builtin.CallTestCaseKeyword$_callTestCase_closure1.call(CallTestCaseKeyword.groovy)
	at com.kms.katalon.core.keyword.internal.KeywordMain.runKeyword(KeywordMain.groovy:74)
	at com.kms.katalon.core.keyword.builtin.CallTestCaseKeyword.callTestCase(CallTestCaseKeyword.groovy:81)
	at com.kms.katalon.core.keyword.builtin.CallTestCaseKeyword.execute(CallTestCaseKeyword.groovy:44)
	at com.kms.katalon.core.keyword.internal.KeywordExecutor.executeKeywordForPlatform(KeywordExecutor.groovy:74)
	at com.kms.katalon.core.keyword.BuiltinKeywords.callTestCase(BuiltinKeywords.groovy:334)
	at create_new_CARD_OPC.run(create_new_CARD_OPC:58)
	at com.kms.katalon.core.main.ScriptEngine.run(ScriptEngine.java:194)
	at com.kms.katalon.core.main.ScriptEngine.runScriptAsRawText(ScriptEngine.java:119)
	at com.kms.katalon.core.main.TestCaseExecutor.runScript(TestCaseExecutor.java:448)
	at com.kms.katalon.core.main.TestCaseExecutor.doExecute(TestCaseExecutor.java:439)
	at com.kms.katalon.core.main.TestCaseExecutor.processExecutionPhase(TestCaseExecutor.java:418)
	at com.kms.katalon.core.main.TestCaseExecutor.accessMainPhase(TestCaseExecutor.java:410)
	at com.kms.katalon.core.main.TestCaseExecutor.execute(TestCaseExecutor.java:285)
	at com.kms.katalon.core.main.TestCaseMain.runTestCase(TestCaseMain.java:142)
	at com.kms.katalon.core.keyword.builtin.CallTestCaseKeyword$_callTestCase_closure1.doCall(CallTestCaseKeyword.groovy:59)
	at com.kms.katalon.core.keyword.builtin.CallTestCaseKeyword$_callTestCase_closure1.call(CallTestCaseKeyword.groovy)
	at com.kms.katalon.core.keyword.internal.KeywordMain.runKeyword(KeywordMain.groovy:74)
	at com.kms.katalon.core.keyword.builtin.CallTestCaseKeyword.callTestCase(CallTestCaseKeyword.groovy:81)
	at com.kms.katalon.core.keyword.builtin.CallTestCaseKeyword.execute(CallTestCaseKeyword.groovy:44)
	at com.kms.katalon.core.keyword.internal.KeywordExecutor.executeKeywordForPlatform(KeywordExecutor.groovy:74)
	at com.kms.katalon.core.keyword.BuiltinKeywords.callTestCase(BuiltinKeywords.groovy:334)
	at TS_SMOKE_SUITE_082.run(TS_SMOKE_SUITE_082:46)
	at com.kms.katalon.core.main.ScriptEngine.run(ScriptEngine.java:194)
	at com.kms.katalon.core.main.ScriptEngine.runScriptAsRawText(ScriptEngine.java:119)
	at com.kms.katalon.core.main.TestCaseExecutor.runScript(TestCaseExecutor.java:448)
	at com.kms.katalon.core.main.TestCaseExecutor.doExecute(TestCaseExecutor.java:439)
	at com.kms.katalon.core.main.TestCaseExecutor.processExecutionPhase(TestCaseExecutor.java:418)
	at com.kms.katalon.core.main.TestCaseExecutor.accessMainPhase(TestCaseExecutor.java:410)
	at com.kms.katalon.core.main.TestCaseExecutor.execute(TestCaseExecutor.java:285)
	at com.kms.katalon.core.common.CommonExecutor.accessTestCaseMainPhase(CommonExecutor.java:65)
	at com.kms.katalon.core.main.TestSuiteExecutor.accessTestSuiteMainPhase(TestSuiteExecutor.java:151)
	at com.kms.katalon.core.main.TestSuiteExecutor.execute(TestSuiteExecutor.java:106)
	at com.kms.katalon.core.main.TestCaseMain.startTestSuite(TestCaseMain.java:185)
	at com.kms.katalon.core.main.TestCaseMain$startTestSuite$0.call(Unknown Source)
	at TempTestSuite1692253980874.run(TempTestSuite1692253980874.groovy:36)
Caused by: com.kms.katalon.core.exception.StepFailedException: Unable to click on object 'Object Repository/OPCPage/close_popup_OPC'
	at com.kms.katalon.core.webui.keyword.internal.WebUIKeywordMain.stepFailed(WebUIKeywordMain.groovy:64)
	at com.kms.katalon.core.webui.keyword.internal.WebUIKeywordMain.runKeyword(WebUIKeywordMain.groovy:26)
	at com.kms.katalon.core.webui.keyword.builtin.ClickKeyword.click(ClickKeyword.groovy:74)
	at com.kms.katalon.core.webui.keyword.builtin.ClickKeyword.execute(ClickKeyword.groovy:40)
	at com.kms.katalon.core.keyword.internal.KeywordExecutor.executeKeywordForPlatform(KeywordExecutor.groovy:74)
	at com.kms.katalon.core.webui.keyword.WebUiBuiltInKeywords.click(WebUiBuiltInKeywords.groovy:620)
	at com.kms.katalon.core.webui.keyword.WebUiBuiltInKeywords$click$2.call(Unknown Source)
	at close any pop up.run(close any pop up:22)
	at com.kms.katalon.core.main.ScriptEngine.run(ScriptEngine.java:194)
	at com.kms.katalon.core.main.ScriptEngine.runScriptAsRawText(ScriptEngine.java:119)
	at com.kms.katalon.core.main.TestCaseExecutor.runScript(TestCaseExecutor.java:448)
	at com.kms.katalon.core.main.TestCaseExecutor.doExecute(TestCaseExecutor.java:439)
	at com.kms.katalon.core.main.TestCaseExecutor.processExecutionPhase(TestCaseExecutor.java:418)
	at com.kms.katalon.core.main.TestCaseExecutor.accessMainPhase(TestCaseExecutor.java:410)
	at com.kms.katalon.core.main.TestCaseExecutor.execute(TestCaseExecutor.java:285)
	at com.kms.katalon.core.main.TestCaseMain.runTestCase(TestCaseMain.java:142)
	at com.kms.katalon.core.keyword.builtin.CallTestCaseKeyword$_callTestCase_closure1.doCall(CallTestCaseKeyword.groovy:59)
	... 36 more
Caused by: org.openqa.selenium.ElementNotInteractableException: element not interactable
  (Session info: chrome=115.0.5790.171)
Build info: version: '3.141.59', revision: 'e82be7d358', time: '2018-11-14T08:25:53'
System info: host: 'DESKTOP-L51QJLB', ip: '172.22.45.143', os.name: 'Windows 10', os.arch: 'amd64', os.version: '10.0', java.version: '1.8.0_282'
Driver info: com.kms.katalon.selenium.driver.CChromeDriver
Capabilities {acceptInsecureCerts: false, browserName: chrome, browserVersion: 115.0.5790.171, chrome: {chromedriverVersion: 114.0.5735.90 (386bc09e8f4f..., userDataDir: C:\Users\DELL\AppData\Local...}, goog:chromeOptions: {debuggerAddress: localhost:64560}, javascriptEnabled: true, networkConnectionEnabled: false, pageLoadStrategy: normal, platform: WINDOWS, platformName: WINDOWS, proxy: Proxy(), setWindowRect: true, strictFileInteractability: false, timeouts: {implicit: 0, pageLoad: 300000, script: 30000}, unhandledPromptBehavior: dismiss and notify, webauthn:extension:credBlob: true, webauthn:extension:largeBlob: true, webauthn:extension:minPinLength: true, webauthn:extension:prf: true, webauthn:virtualAuthenticators: true}
Session ID: 6058bba505e6ee3cb99ddf0978ce674b
	at org.openqa.selenium.remote.http.W3CHttpResponseCodec.createException(W3CHttpResponseCodec.java:187)
	at org.openqa.selenium.remote.http.W3CHttpResponseCodec.decode(W3CHttpResponseCodec.java:122)
	at org.openqa.selenium.remote.http.W3CHttpResponseCodec.decode(W3CHttpResponseCodec.java:49)
	at org.openqa.selenium.remote.HttpCommandExecutor.execute(HttpCommandExecutor.java:158)
	at org.openqa.selenium.remote.service.DriverCommandExecutor.execute(DriverCommandExecutor.java:83)
	at org.openqa.selenium.remote.RemoteWebDriver.execute(RemoteWebDriver.java:552)
	at com.kms.katalon.selenium.driver.CChromeDriver.execute(CChromeDriver.java:19)
	at org.openqa.selenium.remote.RemoteWebElement.execute(RemoteWebElement.java:285)
	at org.openqa.selenium.remote.RemoteWebElement.click(RemoteWebElement.java:84)
	at org.openqa.selenium.support.events.EventFiringWebDriver$EventFiringWebElement.lambda$new$0(EventFiringWebDriver.java:404)
	at com.sun.proxy.$Proxy11.click(Unknown Source)
	at org.openqa.selenium.support.events.EventFiringWebDriver$EventFiringWebElement.click(EventFiringWebDriver.java:417)
	at org.openqa.selenium.WebElement$click.call(Unknown Source)
	at com.kms.katalon.core.webui.keyword.builtin.ClickKeyword.clickUntilSuccessWithTimeout(ClickKeyword.groovy:81)
	at com.kms.katalon.core.webui.keyword.builtin.ClickKeyword.clickUntilSuccessWithTimeout(ClickKeyword.groovy)
	at com.kms.katalon.core.webui.keyword.builtin.ClickKeyword$_click_closure1.doCall(ClickKeyword.groovy:67)
	at com.kms.katalon.core.webui.keyword.builtin.ClickKeyword$_click_closure1.call(ClickKeyword.groovy)
	at com.kms.katalon.core.webui.keyword.internal.WebUIKeywordMain.runKeyword(WebUIKeywordMain.groovy:20)
	... 51 more
)

2023-08-17 12:55:31 - [TEST_CASE][FAILED] - Test Cases/CommonMethods/close any pop up: Test Cases/CommonMethods/close any pop up FAILED.
Reason:
com.kms.katalon.core.exception.StepFailedException: Unable to click on object 'Object Repository/OPCPage/close_popup_OPC'
	at com.kms.katalon.core.webui.keyword.internal.WebUIKeywordMain.stepFailed(WebUIKeywordMain.groovy:64)
	at com.kms.katalon.core.webui.keyword.internal.WebUIKeywordMain.runKeyword(WebUIKeywordMain.groovy:26)
	at com.kms.katalon.core.webui.keyword.builtin.ClickKeyword.click(ClickKeyword.groovy:74)
	at com.kms.katalon.core.webui.keyword.builtin.ClickKeyword.execute(ClickKeyword.groovy:40)
	at com.kms.katalon.core.keyword.internal.KeywordExecutor.executeKeywordForPlatform(KeywordExecutor.groovy:74)
	at com.kms.katalon.core.webui.keyword.WebUiBuiltInKeywords.click(WebUiBuiltInKeywords.groovy:620)
	at com.kms.katalon.core.webui.keyword.WebUiBuiltInKeywords$click$2.call(Unknown Source)
	at close any pop up.run(close any pop up:22)
	at com.kms.katalon.core.main.ScriptEngine.run(ScriptEngine.java:194)
	at com.kms.katalon.core.main.ScriptEngine.runScriptAsRawText(ScriptEngine.java:119)
	at com.kms.katalon.core.main.TestCaseExecutor.runScript(TestCaseExecutor.java:448)
	at com.kms.katalon.core.main.TestCaseExecutor.doExecute(TestCaseExecutor.java:439)
	at com.kms.katalon.core.main.TestCaseExecutor.processExecutionPhase(TestCaseExecutor.java:418)
	at com.kms.katalon.core.main.TestCaseExecutor.accessMainPhase(TestCaseExecutor.java:410)
	at com.kms.katalon.core.main.TestCaseExecutor.execute(TestCaseExecutor.java:285)
	at com.kms.katalon.core.main.TestCaseMain.runTestCase(TestCaseMain.java:142)
	at com.kms.katalon.core.keyword.builtin.CallTestCaseKeyword$_callTestCase_closure1.doCall(CallTestCaseKeyword.groovy:59)
	at com.kms.katalon.core.keyword.builtin.CallTestCaseKeyword$_callTestCase_closure1.call(CallTestCaseKeyword.groovy)
	at com.kms.katalon.core.keyword.internal.KeywordMain.runKeyword(KeywordMain.groovy:74)
	at com.kms.katalon.core.keyword.builtin.CallTestCaseKeyword.callTestCase(CallTestCaseKeyword.groovy:81)
	at com.kms.katalon.core.keyword.builtin.CallTestCaseKeyword.execute(CallTestCaseKeyword.groovy:44)
	at com.kms.katalon.core.keyword.internal.KeywordExecutor.executeKeywordForPlatform(KeywordExecutor.groovy:74)
	at com.kms.katalon.core.keyword.BuiltinKeywords.callTestCase(BuiltinKeywords.groovy:334)
	at create_new_CARD_OPC.run(create_new_CARD_OPC:58)
	at com.kms.katalon.core.main.ScriptEngine.run(ScriptEngine.java:194)
	at com.kms.katalon.core.main.ScriptEngine.runScriptAsRawText(ScriptEngine.java:119)
	at com.kms.katalon.core.main.TestCaseExecutor.runScript(TestCaseExecutor.java:448)
	at com.kms.katalon.core.main.TestCaseExecutor.doExecute(TestCaseExecutor.java:439)
	at com.kms.katalon.core.main.TestCaseExecutor.processExecutionPhase(TestCaseExecutor.java:418)
	at com.kms.katalon.core.main.TestCaseExecutor.accessMainPhase(TestCaseExecutor.java:410)
	at com.kms.katalon.core.main.TestCaseExecutor.execute(TestCaseExecutor.java:285)
	at com.kms.katalon.core.main.TestCaseMain.runTestCase(TestCaseMain.java:142)
	at com.kms.katalon.core.keyword.builtin.CallTestCaseKeyword$_callTestCase_closure1.doCall(CallTestCaseKeyword.groovy:59)
	at com.kms.katalon.core.keyword.builtin.CallTestCaseKeyword$_callTestCase_closure1.call(CallTestCaseKeyword.groovy)
	at com.kms.katalon.core.keyword.internal.KeywordMain.runKeyword(KeywordMain.groovy:74)
	at com.kms.katalon.core.keyword.builtin.CallTestCaseKeyword.callTestCase(CallTestCaseKeyword.groovy:81)
	at com.kms.katalon.core.keyword.builtin.CallTestCaseKeyword.execute(CallTestCaseKeyword.groovy:44)
	at com.kms.katalon.core.keyword.internal.KeywordExecutor.executeKeywordForPlatform(KeywordExecutor.groovy:74)
	at com.kms.katalon.core.keyword.BuiltinKeywords.callTestCase(BuiltinKeywords.groovy:334)
	at TS_SMOKE_SUITE_082.run(TS_SMOKE_SUITE_082:46)
	at com.kms.katalon.core.main.ScriptEngine.run(ScriptEngine.java:194)
	at com.kms.katalon.core.main.ScriptEngine.runScriptAsRawText(ScriptEngine.java:119)
	at com.kms.katalon.core.main.TestCaseExecutor.runScript(TestCaseExecutor.java:448)
	at com.kms.katalon.core.main.TestCaseExecutor.doExecute(TestCaseExecutor.java:439)
	at com.kms.katalon.core.main.TestCaseExecutor.processExecutionPhase(TestCaseExecutor.java:418)
	at com.kms.katalon.core.main.TestCaseExecutor.accessMainPhase(TestCaseExecutor.java:410)
	at com.kms.katalon.core.main.TestCaseExecutor.execute(TestCaseExecutor.java:285)
	at com.kms.katalon.core.common.CommonExecutor.accessTestCaseMainPhase(CommonExecutor.java:65)
	at com.kms.katalon.core.main.TestSuiteExecutor.accessTestSuiteMainPhase(TestSuiteExecutor.java:151)
	at com.kms.katalon.core.main.TestSuiteExecutor.execute(TestSuiteExecutor.java:106)
	at com.kms.katalon.core.main.TestCaseMain.startTestSuite(TestCaseMain.java:185)
	at com.kms.katalon.core.main.TestCaseMain$startTestSuite$0.call(Unknown Source)
	at TempTestSuite1692253980874.run(TempTestSuite1692253980874.groovy:36)
Caused by: org.openqa.selenium.ElementNotInteractableException: element not interactable
  (Session info: chrome=115.0.5790.171)
Build info: version: '3.141.59', revision: 'e82be7d358', time: '2018-11-14T08:25:53'
System info: host: 'DESKTOP-L51QJLB', ip: '172.22.45.143', os.name: 'Windows 10', os.arch: 'amd64', os.version: '10.0', java.version: '1.8.0_282'
Driver info: com.kms.katalon.selenium.driver.CChromeDriver
Capabilities {acceptInsecureCerts: false, browserName: chrome, browserVersion: 115.0.5790.171, chrome: {chromedriverVersion: 114.0.5735.90 (386bc09e8f4f..., userDataDir: C:\Users\DELL\AppData\Local...}, goog:chromeOptions: {debuggerAddress: localhost:64560}, javascriptEnabled: true, networkConnectionEnabled: false, pageLoadStrategy: normal, platform: WINDOWS, platformName: WINDOWS, proxy: Proxy(), setWindowRect: true, strictFileInteractability: false, timeouts: {implicit: 0, pageLoad: 300000, script: 30000}, unhandledPromptBehavior: dismiss and notify, webauthn:extension:credBlob: true, webauthn:extension:largeBlob: true, webauthn:extension:minPinLength: true, webauthn:extension:prf: true, webauthn:virtualAuthenticators: true}
Session ID: 6058bba505e6ee3cb99ddf0978ce674b
	at org.openqa.selenium.remote.http.W3CHttpResponseCodec.createException(W3CHttpResponseCodec.java:187)
	at org.openqa.selenium.remote.http.W3CHttpResponseCodec.decode(W3CHttpResponseCodec.java:122)
	at org.openqa.selenium.remote.http.W3CHttpResponseCodec.decode(W3CHttpResponseCodec.java:49)
	at org.openqa.selenium.remote.HttpCommandExecutor.execute(HttpCommandExecutor.java:158)
	at org.openqa.selenium.remote.service.DriverCommandExecutor.execute(DriverCommandExecutor.java:83)
	at org.openqa.selenium.remote.RemoteWebDriver.execute(RemoteWebDriver.java:552)
	at com.kms.katalon.selenium.driver.CChromeDriver.execute(CChromeDriver.java:19)
	at org.openqa.selenium.remote.RemoteWebElement.execute(RemoteWebElement.java:285)
	at org.openqa.selenium.remote.RemoteWebElement.click(RemoteWebElement.java:84)
	at org.openqa.selenium.support.events.EventFiringWebDriver$EventFiringWebElement.lambda$new$0(EventFiringWebDriver.java:404)
	at com.sun.proxy.$Proxy11.click(Unknown Source)
	at org.openqa.selenium.support.events.EventFiringWebDriver$EventFiringWebElement.click(EventFiringWebDriver.java:417)
	at org.openqa.selenium.WebElement$click.call(Unknown Source)
	at com.kms.katalon.core.webui.keyword.builtin.ClickKeyword.clickUntilSuccessWithTimeout(ClickKeyword.groovy:81)
	at com.kms.katalon.core.webui.keyword.builtin.ClickKeyword.clickUntilSuccessWithTimeout(ClickKeyword.groovy)
	at com.kms.katalon.core.webui.keyword.builtin.ClickKeyword$_click_closure1.doCall(ClickKeyword.groovy:67)
	at com.kms.katalon.core.webui.keyword.builtin.ClickKeyword$_click_closure1.call(ClickKeyword.groovy)
	at com.kms.katalon.core.webui.keyword.internal.WebUIKeywordMain.runKeyword(WebUIKeywordMain.groovy:20)
	... 51 more


2023-08-17 12:55:31 - [TEST_STEP][PASSED] - click(findTestObject("OPCPage/close_popup_OPC")): Object: 'Object Repository/OPCPage/close_popup_OPC' is clicked on

2023-08-17 12:55:31 - [MESSAGE][PASSED] - Object: 'Object Repository/OPCPage/close_popup_OPC' is clicked on

2023-08-17 12:55:31 - [TEST_STEP][FAILED] - click(findTestObject("OPCPage/close_popup_OPC")): Unable to click on object 'Object Repository/OPCPage/close_popup_OPC' (Root cause: com.kms.katalon.core.exception.StepFailedException: Unable to click on object 'Object Repository/OPCPage/close_popup_OPC'
	at com.kms.katalon.core.webui.keyword.internal.WebUIKeywordMain.stepFailed(WebUIKeywordMain.groovy:64)
	at com.kms.katalon.core.webui.keyword.internal.WebUIKeywordMain.runKeyword(WebUIKeywordMain.groovy:26)
	at com.kms.katalon.core.webui.keyword.builtin.ClickKeyword.click(ClickKeyword.groovy:74)
	at com.kms.katalon.core.webui.keyword.builtin.ClickKeyword.execute(ClickKeyword.groovy:40)
	at com.kms.katalon.core.keyword.internal.KeywordExecutor.executeKeywordForPlatform(KeywordExecutor.groovy:74)
	at com.kms.katalon.core.webui.keyword.WebUiBuiltInKeywords.click(WebUiBuiltInKeywords.groovy:620)
	at com.kms.katalon.core.webui.keyword.WebUiBuiltInKeywords$click$2.call(Unknown Source)
	at close any pop up.run(close any pop up:22)
	at com.kms.katalon.core.main.ScriptEngine.run(ScriptEngine.java:194)
	at com.kms.katalon.core.main.ScriptEngine.runScriptAsRawText(ScriptEngine.java:119)
	at com.kms.katalon.core.main.TestCaseExecutor.runScript(TestCaseExecutor.java:448)
	at com.kms.katalon.core.main.TestCaseExecutor.doExecute(TestCaseExecutor.java:439)
	at com.kms.katalon.core.main.TestCaseExecutor.processExecutionPhase(TestCaseExecutor.java:418)
	at com.kms.katalon.core.main.TestCaseExecutor.accessMainPhase(TestCaseExecutor.java:410)
	at com.kms.katalon.core.main.TestCaseExecutor.execute(TestCaseExecutor.java:285)
	at com.kms.katalon.core.main.TestCaseMain.runTestCase(TestCaseMain.java:142)
	at com.kms.katalon.core.keyword.builtin.CallTestCaseKeyword$_callTestCase_closure1.doCall(CallTestCaseKeyword.groovy:59)
	at com.kms.katalon.core.keyword.builtin.CallTestCaseKeyword$_callTestCase_closure1.call(CallTestCaseKeyword.groovy)
	at com.kms.katalon.core.keyword.internal.KeywordMain.runKeyword(KeywordMain.groovy:74)
	at com.kms.katalon.core.keyword.builtin.CallTestCaseKeyword.callTestCase(CallTestCaseKeyword.groovy:81)
	at com.kms.katalon.core.keyword.builtin.CallTestCaseKeyword.execute(CallTestCaseKeyword.groovy:44)
	at com.kms.katalon.core.keyword.internal.KeywordExecutor.executeKeywordForPlatform(KeywordExecutor.groovy:74)
	at com.kms.katalon.core.keyword.BuiltinKeywords.callTestCase(BuiltinKeywords.groovy:334)
	at create_new_CARD_OPC.run(create_new_CARD_OPC:58)
	at com.kms.katalon.core.main.ScriptEngine.run(ScriptEngine.java:194)
	at com.kms.katalon.core.main.ScriptEngine.runScriptAsRawText(ScriptEngine.java:119)
	at com.kms.katalon.core.main.TestCaseExecutor.runScript(TestCaseExecutor.java:448)
	at com.kms.katalon.core.main.TestCaseExecutor.doExecute(TestCaseExecutor.java:439)
	at com.kms.katalon.core.main.TestCaseExecutor.processExecutionPhase(TestCaseExecutor.java:418)
	at com.kms.katalon.core.main.TestCaseExecutor.accessMainPhase(TestCaseExecutor.java:410)
	at com.kms.katalon.core.main.TestCaseExecutor.execute(TestCaseExecutor.java:285)
	at com.kms.katalon.core.main.TestCaseMain.runTestCase(TestCaseMain.java:142)
	at com.kms.katalon.core.keyword.builtin.CallTestCaseKeyword$_callTestCase_closure1.doCall(CallTestCaseKeyword.groovy:59)
	at com.kms.katalon.core.keyword.builtin.CallTestCaseKeyword$_callTestCase_closure1.call(CallTestCaseKeyword.groovy)
	at com.kms.katalon.core.keyword.internal.KeywordMain.runKeyword(KeywordMain.groovy:74)
	at com.kms.katalon.core.keyword.builtin.CallTestCaseKeyword.callTestCase(CallTestCaseKeyword.groovy:81)
	at com.kms.katalon.core.keyword.builtin.CallTestCaseKeyword.execute(CallTestCaseKeyword.groovy:44)
	at com.kms.katalon.core.keyword.internal.KeywordExecutor.executeKeywordForPlatform(KeywordExecutor.groovy:74)
	at com.kms.katalon.core.keyword.BuiltinKeywords.callTestCase(BuiltinKeywords.groovy:334)
	at TS_SMOKE_SUITE_082.run(TS_SMOKE_SUITE_082:46)
	at com.kms.katalon.core.main.ScriptEngine.run(ScriptEngine.java:194)
	at com.kms.katalon.core.main.ScriptEngine.runScriptAsRawText(ScriptEngine.java:119)
	at com.kms.katalon.core.main.TestCaseExecutor.runScript(TestCaseExecutor.java:448)
	at com.kms.katalon.core.main.TestCaseExecutor.doExecute(TestCaseExecutor.java:439)
	at com.kms.katalon.core.main.TestCaseExecutor.processExecutionPhase(TestCaseExecutor.java:418)
	at com.kms.katalon.core.main.TestCaseExecutor.accessMainPhase(TestCaseExecutor.java:410)
	at com.kms.katalon.core.main.TestCaseExecutor.execute(TestCaseExecutor.java:285)
	at com.kms.katalon.core.common.CommonExecutor.accessTestCaseMainPhase(CommonExecutor.java:65)
	at com.kms.katalon.core.main.TestSuiteExecutor.accessTestSuiteMainPhase(TestSuiteExecutor.java:151)
	at com.kms.katalon.core.main.TestSuiteExecutor.execute(TestSuiteExecutor.java:106)
	at com.kms.katalon.core.main.TestCaseMain.startTestSuite(TestCaseMain.java:185)
	at com.kms.katalon.core.main.TestCaseMain$startTestSuite$0.call(Unknown Source)
	at TempTestSuite1692253980874.run(TempTestSuite1692253980874.groovy:36)
Caused by: org.openqa.selenium.ElementNotInteractableException: element not interactable
  (Session info: chrome=115.0.5790.171)
Build info: version: '3.141.59', revision: 'e82be7d358', time: '2018-11-14T08:25:53'
System info: host: 'DESKTOP-L51QJLB', ip: '172.22.45.143', os.name: 'Windows 10', os.arch: 'amd64', os.version: '10.0', java.version: '1.8.0_282'
Driver info: com.kms.katalon.selenium.driver.CChromeDriver
Capabilities {acceptInsecureCerts: false, browserName: chrome, browserVersion: 115.0.5790.171, chrome: {chromedriverVersion: 114.0.5735.90 (386bc09e8f4f..., userDataDir: C:\Users\DELL\AppData\Local...}, goog:chromeOptions: {debuggerAddress: localhost:64560}, javascriptEnabled: true, networkConnectionEnabled: false, pageLoadStrategy: normal, platform: WINDOWS, platformName: WINDOWS, proxy: Proxy(), setWindowRect: true, strictFileInteractability: false, timeouts: {implicit: 0, pageLoad: 300000, script: 30000}, unhandledPromptBehavior: dismiss and notify, webauthn:extension:credBlob: true, webauthn:extension:largeBlob: true, webauthn:extension:minPinLength: true, webauthn:extension:prf: true, webauthn:virtualAuthenticators: true}
Session ID: 6058bba505e6ee3cb99ddf0978ce674b
	at org.openqa.selenium.remote.http.W3CHttpResponseCodec.createException(W3CHttpResponseCodec.java:187)
	at org.openqa.selenium.remote.http.W3CHttpResponseCodec.decode(W3CHttpResponseCodec.java:122)
	at org.openqa.selenium.remote.http.W3CHttpResponseCodec.decode(W3CHttpResponseCodec.java:49)
	at org.openqa.selenium.remote.HttpCommandExecutor.execute(HttpCommandExecutor.java:158)
	at org.openqa.selenium.remote.service.DriverCommandExecutor.execute(DriverCommandExecutor.java:83)
	at org.openqa.selenium.remote.RemoteWebDriver.execute(RemoteWebDriver.java:552)
	at com.kms.katalon.selenium.driver.CChromeDriver.execute(CChromeDriver.java:19)
	at org.openqa.selenium.remote.RemoteWebElement.execute(RemoteWebElement.java:285)
	at org.openqa.selenium.remote.RemoteWebElement.click(RemoteWebElement.java:84)
	at org.openqa.selenium.support.events.EventFiringWebDriver$EventFiringWebElement.lambda$new$0(EventFiringWebDriver.java:404)
	at com.sun.proxy.$Proxy11.click(Unknown Source)
	at org.openqa.selenium.support.events.EventFiringWebDriver$EventFiringWebElement.click(EventFiringWebDriver.java:417)
	at org.openqa.selenium.WebElement$click.call(Unknown Source)
	at com.kms.katalon.core.webui.keyword.builtin.ClickKeyword.clickUntilSuccessWithTimeout(ClickKeyword.groovy:81)
	at com.kms.katalon.core.webui.keyword.builtin.ClickKeyword.clickUntilSuccessWithTimeout(ClickKeyword.groovy)
	at com.kms.katalon.core.webui.keyword.builtin.ClickKeyword$_click_closure1.doCall(ClickKeyword.groovy:67)
	at com.kms.katalon.core.webui.keyword.builtin.ClickKeyword$_click_closure1.call(ClickKeyword.groovy)
	at com.kms.katalon.core.webui.keyword.internal.WebUIKeywordMain.runKeyword(WebUIKeywordMain.groovy:20)
	at com.kms.katalon.core.webui.keyword.builtin.ClickKeyword.click(ClickKeyword.groovy:74)
	at com.kms.katalon.core.webui.keyword.builtin.ClickKeyword.execute(ClickKeyword.groovy:40)
	at com.kms.katalon.core.keyword.internal.KeywordExecutor.executeKeywordForPlatform(KeywordExecutor.groovy:74)
	at com.kms.katalon.core.webui.keyword.WebUiBuiltInKeywords.click(WebUiBuiltInKeywords.groovy:620)
	at com.kms.katalon.core.webui.keyword.WebUiBuiltInKeywords$click$2.call(Unknown Source)
	at Script1684135793852.run(Script1684135793852.groovy:22)
	at com.kms.katalon.core.main.ScriptEngine.run(ScriptEngine.java:194)
	at com.kms.katalon.core.main.ScriptEngine.runScriptAsRawText(ScriptEngine.java:119)
	at com.kms.katalon.core.main.TestCaseExecutor.runScript(TestCaseExecutor.java:448)
	at com.kms.katalon.core.main.TestCaseExecutor.doExecute(TestCaseExecutor.java:439)
	at com.kms.katalon.core.main.TestCaseExecutor.processExecutionPhase(TestCaseExecutor.java:418)
	at com.kms.katalon.core.main.TestCaseExecutor.accessMainPhase(TestCaseExecutor.java:410)
	at com.kms.katalon.core.main.TestCaseExecutor.execute(TestCaseExecutor.java:285)
	at com.kms.katalon.core.main.TestCaseMain.runTestCase(TestCaseMain.java:142)
	at com.kms.katalon.core.keyword.builtin.CallTestCaseKeyword$_callTestCase_closure1.doCall(CallTestCaseKeyword.groovy:59)
	at com.kms.katalon.core.keyword.builtin.CallTestCaseKeyword$_callTestCase_closure1.call(CallTestCaseKeyword.groovy)
	at com.kms.katalon.core.keyword.internal.KeywordMain.runKeyword(KeywordMain.groovy:74)
	at com.kms.katalon.core.keyword.builtin.CallTestCaseKeyword.callTestCase(CallTestCaseKeyword.groovy:81)
	at com.kms.katalon.core.keyword.builtin.CallTestCaseKeyword.execute(CallTestCaseKeyword.groovy:44)
	at com.kms.katalon.core.keyword.internal.KeywordExecutor.executeKeywordForPlatform(KeywordExecutor.groovy:74)
	at com.kms.katalon.core.keyword.BuiltinKeywords.callTestCase(BuiltinKeywords.groovy:334)
	at Script1684101683596.run(Script1684101683596.groovy:58)
	at com.kms.katalon.core.main.ScriptEngine.run(ScriptEngine.java:194)
	at com.kms.katalon.core.main.ScriptEngine.runScriptAsRawText(ScriptEngine.java:119)
	at com.kms.katalon.core.main.TestCaseExecutor.runScript(TestCaseExecutor.java:448)
	at com.kms.katalon.core.main.TestCaseExecutor.doExecute(TestCaseExecutor.java:439)
	at com.kms.katalon.core.main.TestCaseExecutor.processExecutionPhase(TestCaseExecutor.java:418)
	at com.kms.katalon.core.main.TestCaseExecutor.accessMainPhase(TestCaseExecutor.java:410)
	at com.kms.katalon.core.main.TestCaseExecutor.execute(TestCaseExecutor.java:285)
	at com.kms.katalon.core.main.TestCaseMain.runTestCase(TestCaseMain.java:142)
	at com.kms.katalon.core.keyword.builtin.CallTestCaseKeyword$_callTestCase_closure1.doCall(CallTestCaseKeyword.groovy:59)
	at com.kms.katalon.core.keyword.builtin.CallTestCaseKeyword$_callTestCase_closure1.call(CallTestCaseKeyword.groovy)
	at com.kms.katalon.core.keyword.internal.KeywordMain.runKeyword(KeywordMain.groovy:74)
	at com.kms.katalon.core.keyword.builtin.CallTestCaseKeyword.callTestCase(CallTestCaseKeyword.groovy:81)
	at com.kms.katalon.core.keyword.builtin.CallTestCaseKeyword.execute(CallTestCaseKeyword.groovy:44)
	at com.kms.katalon.core.keyword.internal.KeywordExecutor.executeKeywordForPlatform(KeywordExecutor.groovy:74)
	at com.kms.katalon.core.keyword.BuiltinKeywords.callTestCase(BuiltinKeywords.groovy:334)
	at Script1691553342759.run(Script1691553342759.groovy:46)
	... 13 more
)

2023-08-17 12:55:32 - [MESSAGE][FAILED] - Unable to click on object 'Object Repository/OPCPage/close_popup_OPC' (Root cause: com.kms.katalon.core.exception.StepFailedException: Unable to click on object 'Object Repository/OPCPage/close_popup_OPC'
	at com.kms.katalon.core.webui.keyword.internal.WebUIKeywordMain.stepFailed(WebUIKeywordMain.groovy:64)
	at com.kms.katalon.core.webui.keyword.internal.WebUIKeywordMain.runKeyword(WebUIKeywordMain.groovy:26)
	at com.kms.katalon.core.webui.keyword.builtin.ClickKeyword.click(ClickKeyword.groovy:74)
	at com.kms.katalon.core.webui.keyword.builtin.ClickKeyword.execute(ClickKeyword.groovy:40)
	at com.kms.katalon.core.keyword.internal.KeywordExecutor.executeKeywordForPlatform(KeywordExecutor.groovy:74)
	at com.kms.katalon.core.webui.keyword.WebUiBuiltInKeywords.click(WebUiBuiltInKeywords.groovy:620)
	at com.kms.katalon.core.webui.keyword.WebUiBuiltInKeywords$click$2.call(Unknown Source)
	at close any pop up.run(close any pop up:22)
	at com.kms.katalon.core.main.ScriptEngine.run(ScriptEngine.java:194)
	at com.kms.katalon.core.main.ScriptEngine.runScriptAsRawText(ScriptEngine.java:119)
	at com.kms.katalon.core.main.TestCaseExecutor.runScript(TestCaseExecutor.java:448)
	at com.kms.katalon.core.main.TestCaseExecutor.doExecute(TestCaseExecutor.java:439)
	at com.kms.katalon.core.main.TestCaseExecutor.processExecutionPhase(TestCaseExecutor.java:418)
	at com.kms.katalon.core.main.TestCaseExecutor.accessMainPhase(TestCaseExecutor.java:410)
	at com.kms.katalon.core.main.TestCaseExecutor.execute(TestCaseExecutor.java:285)
	at com.kms.katalon.core.main.TestCaseMain.runTestCase(TestCaseMain.java:142)
	at com.kms.katalon.core.keyword.builtin.CallTestCaseKeyword$_callTestCase_closure1.doCall(CallTestCaseKeyword.groovy:59)
	at com.kms.katalon.core.keyword.builtin.CallTestCaseKeyword$_callTestCase_closure1.call(CallTestCaseKeyword.groovy)
	at com.kms.katalon.core.keyword.internal.KeywordMain.runKeyword(KeywordMain.groovy:74)
	at com.kms.katalon.core.keyword.builtin.CallTestCaseKeyword.callTestCase(CallTestCaseKeyword.groovy:81)
	at com.kms.katalon.core.keyword.builtin.CallTestCaseKeyword.execute(CallTestCaseKeyword.groovy:44)
	at com.kms.katalon.core.keyword.internal.KeywordExecutor.executeKeywordForPlatform(KeywordExecutor.groovy:74)
	at com.kms.katalon.core.keyword.BuiltinKeywords.callTestCase(BuiltinKeywords.groovy:334)
	at create_new_CARD_OPC.run(create_new_CARD_OPC:58)
	at com.kms.katalon.core.main.ScriptEngine.run(ScriptEngine.java:194)
	at com.kms.katalon.core.main.ScriptEngine.runScriptAsRawText(ScriptEngine.java:119)
	at com.kms.katalon.core.main.TestCaseExecutor.runScript(TestCaseExecutor.java:448)
	at com.kms.katalon.core.main.TestCaseExecutor.doExecute(TestCaseExecutor.java:439)
	at com.kms.katalon.core.main.TestCaseExecutor.processExecutionPhase(TestCaseExecutor.java:418)
	at com.kms.katalon.core.main.TestCaseExecutor.accessMainPhase(TestCaseExecutor.java:410)
	at com.kms.katalon.core.main.TestCaseExecutor.execute(TestCaseExecutor.java:285)
	at com.kms.katalon.core.main.TestCaseMain.runTestCase(TestCaseMain.java:142)
	at com.kms.katalon.core.keyword.builtin.CallTestCaseKeyword$_callTestCase_closure1.doCall(CallTestCaseKeyword.groovy:59)
	at com.kms.katalon.core.keyword.builtin.CallTestCaseKeyword$_callTestCase_closure1.call(CallTestCaseKeyword.groovy)
	at com.kms.katalon.core.keyword.internal.KeywordMain.runKeyword(KeywordMain.groovy:74)
	at com.kms.katalon.core.keyword.builtin.CallTestCaseKeyword.callTestCase(CallTestCaseKeyword.groovy:81)
	at com.kms.katalon.core.keyword.builtin.CallTestCaseKeyword.execute(CallTestCaseKeyword.groovy:44)
	at com.kms.katalon.core.keyword.internal.KeywordExecutor.executeKeywordForPlatform(KeywordExecutor.groovy:74)
	at com.kms.katalon.core.keyword.BuiltinKeywords.callTestCase(BuiltinKeywords.groovy:334)
	at TS_SMOKE_SUITE_082.run(TS_SMOKE_SUITE_082:46)
	at com.kms.katalon.core.main.ScriptEngine.run(ScriptEngine.java:194)
	at com.kms.katalon.core.main.ScriptEngine.runScriptAsRawText(ScriptEngine.java:119)
	at com.kms.katalon.core.main.TestCaseExecutor.runScript(TestCaseExecutor.java:448)
	at com.kms.katalon.core.main.TestCaseExecutor.doExecute(TestCaseExecutor.java:439)
	at com.kms.katalon.core.main.TestCaseExecutor.processExecutionPhase(TestCaseExecutor.java:418)
	at com.kms.katalon.core.main.TestCaseExecutor.accessMainPhase(TestCaseExecutor.java:410)
	at com.kms.katalon.core.main.TestCaseExecutor.execute(TestCaseExecutor.java:285)
	at com.kms.katalon.core.common.CommonExecutor.accessTestCaseMainPhase(CommonExecutor.java:65)
	at com.kms.katalon.core.main.TestSuiteExecutor.accessTestSuiteMainPhase(TestSuiteExecutor.java:151)
	at com.kms.katalon.core.main.TestSuiteExecutor.execute(TestSuiteExecutor.java:106)
	at com.kms.katalon.core.main.TestCaseMain.startTestSuite(TestCaseMain.java:185)
	at com.kms.katalon.core.main.TestCaseMain$startTestSuite$0.call(Unknown Source)
	at TempTestSuite1692253980874.run(TempTestSuite1692253980874.groovy:36)
Caused by: org.openqa.selenium.ElementNotInteractableException: element not interactable
  (Session info: chrome=115.0.5790.171)
Build info: version: '3.141.59', revision: 'e82be7d358', time: '2018-11-14T08:25:53'
System info: host: 'DESKTOP-L51QJLB', ip: '172.22.45.143', os.name: 'Windows 10', os.arch: 'amd64', os.version: '10.0', java.version: '1.8.0_282'
Driver info: com.kms.katalon.selenium.driver.CChromeDriver
Capabilities {acceptInsecureCerts: false, browserName: chrome, browserVersion: 115.0.5790.171, chrome: {chromedriverVersion: 114.0.5735.90 (386bc09e8f4f..., userDataDir: C:\Users\DELL\AppData\Local...}, goog:chromeOptions: {debuggerAddress: localhost:64560}, javascriptEnabled: true, networkConnectionEnabled: false, pageLoadStrategy: normal, platform: WINDOWS, platformName: WINDOWS, proxy: Proxy(), setWindowRect: true, strictFileInteractability: false, timeouts: {implicit: 0, pageLoad: 300000, script: 30000}, unhandledPromptBehavior: dismiss and notify, webauthn:extension:credBlob: true, webauthn:extension:largeBlob: true, webauthn:extension:minPinLength: true, webauthn:extension:prf: true, webauthn:virtualAuthenticators: true}
Session ID: 6058bba505e6ee3cb99ddf0978ce674b
	at org.openqa.selenium.remote.http.W3CHttpResponseCodec.createException(W3CHttpResponseCodec.java:187)
	at org.openqa.selenium.remote.http.W3CHttpResponseCodec.decode(W3CHttpResponseCodec.java:122)
	at org.openqa.selenium.remote.http.W3CHttpResponseCodec.decode(W3CHttpResponseCodec.java:49)
	at org.openqa.selenium.remote.HttpCommandExecutor.execute(HttpCommandExecutor.java:158)
	at org.openqa.selenium.remote.service.DriverCommandExecutor.execute(DriverCommandExecutor.java:83)
	at org.openqa.selenium.remote.RemoteWebDriver.execute(RemoteWebDriver.java:552)
	at com.kms.katalon.selenium.driver.CChromeDriver.execute(CChromeDriver.java:19)
	at org.openqa.selenium.remote.RemoteWebElement.execute(RemoteWebElement.java:285)
	at org.openqa.selenium.remote.RemoteWebElement.click(RemoteWebElement.java:84)
	at org.openqa.selenium.support.events.EventFiringWebDriver$EventFiringWebElement.lambda$new$0(EventFiringWebDriver.java:404)
	at com.sun.proxy.$Proxy11.click(Unknown Source)
	at org.openqa.selenium.support.events.EventFiringWebDriver$EventFiringWebElement.click(EventFiringWebDriver.java:417)
	at org.openqa.selenium.WebElement$click.call(Unknown Source)
	at com.kms.katalon.core.webui.keyword.builtin.ClickKeyword.clickUntilSuccessWithTimeout(ClickKeyword.groovy:81)
	at com.kms.katalon.core.webui.keyword.builtin.ClickKeyword.clickUntilSuccessWithTimeout(ClickKeyword.groovy)
	at com.kms.katalon.core.webui.keyword.builtin.ClickKeyword$_click_closure1.doCall(ClickKeyword.groovy:67)
	at com.kms.katalon.core.webui.keyword.builtin.ClickKeyword$_click_closure1.call(ClickKeyword.groovy)
	at com.kms.katalon.core.webui.keyword.internal.WebUIKeywordMain.runKeyword(WebUIKeywordMain.groovy:20)
	at com.kms.katalon.core.webui.keyword.builtin.ClickKeyword.click(ClickKeyword.groovy:74)
	at com.kms.katalon.core.webui.keyword.builtin.ClickKeyword.execute(ClickKeyword.groovy:40)
	at com.kms.katalon.core.keyword.internal.KeywordExecutor.executeKeywordForPlatform(KeywordExecutor.groovy:74)
	at com.kms.katalon.core.webui.keyword.WebUiBuiltInKeywords.click(WebUiBuiltInKeywords.groovy:620)
	at com.kms.katalon.core.webui.keyword.WebUiBuiltInKeywords$click$2.call(Unknown Source)
	at Script1684135793852.run(Script1684135793852.groovy:22)
	at com.kms.katalon.core.main.ScriptEngine.run(ScriptEngine.java:194)
	at com.kms.katalon.core.main.ScriptEngine.runScriptAsRawText(ScriptEngine.java:119)
	at com.kms.katalon.core.main.TestCaseExecutor.runScript(TestCaseExecutor.java:448)
	at com.kms.katalon.core.main.TestCaseExecutor.doExecute(TestCaseExecutor.java:439)
	at com.kms.katalon.core.main.TestCaseExecutor.processExecutionPhase(TestCaseExecutor.java:418)
	at com.kms.katalon.core.main.TestCaseExecutor.accessMainPhase(TestCaseExecutor.java:410)
	at com.kms.katalon.core.main.TestCaseExecutor.execute(TestCaseExecutor.java:285)
	at com.kms.katalon.core.main.TestCaseMain.runTestCase(TestCaseMain.java:142)
	at com.kms.katalon.core.keyword.builtin.CallTestCaseKeyword$_callTestCase_closure1.doCall(CallTestCaseKeyword.groovy:59)
	at com.kms.katalon.core.keyword.builtin.CallTestCaseKeyword$_callTestCase_closure1.call(CallTestCaseKeyword.groovy)
	at com.kms.katalon.core.keyword.internal.KeywordMain.runKeyword(KeywordMain.groovy:74)
	at com.kms.katalon.core.keyword.builtin.CallTestCaseKeyword.callTestCase(CallTestCaseKeyword.groovy:81)
	at com.kms.katalon.core.keyword.builtin.CallTestCaseKeyword.execute(CallTestCaseKeyword.groovy:44)
	at com.kms.katalon.core.keyword.internal.KeywordExecutor.executeKeywordForPlatform(KeywordExecutor.groovy:74)
	at com.kms.katalon.core.keyword.BuiltinKeywords.callTestCase(BuiltinKeywords.groovy:334)
	at Script1684101683596.run(Script1684101683596.groovy:58)
	at com.kms.katalon.core.main.ScriptEngine.run(ScriptEngine.java:194)
	at com.kms.katalon.core.main.ScriptEngine.runScriptAsRawText(ScriptEngine.java:119)
	at com.kms.katalon.core.main.TestCaseExecutor.runScript(TestCaseExecutor.java:448)
	at com.kms.katalon.core.main.TestCaseExecutor.doExecute(TestCaseExecutor.java:439)
	at com.kms.katalon.core.main.TestCaseExecutor.processExecutionPhase(TestCaseExecutor.java:418)
	at com.kms.katalon.core.main.TestCaseExecutor.accessMainPhase(TestCaseExecutor.java:410)
	at com.kms.katalon.core.main.TestCaseExecutor.execute(TestCaseExecutor.java:285)
	at com.kms.katalon.core.main.TestCaseMain.runTestCase(TestCaseMain.java:142)
	at com.kms.katalon.core.keyword.builtin.CallTestCaseKeyword$_callTestCase_closure1.doCall(CallTestCaseKeyword.groovy:59)
	at com.kms.katalon.core.keyword.builtin.CallTestCaseKeyword$_callTestCase_closure1.call(CallTestCaseKeyword.groovy)
	at com.kms.katalon.core.keyword.internal.KeywordMain.runKeyword(KeywordMain.groovy:74)
	at com.kms.katalon.core.keyword.builtin.CallTestCaseKeyword.callTestCase(CallTestCaseKeyword.groovy:81)
	at com.kms.katalon.core.keyword.builtin.CallTestCaseKeyword.execute(CallTestCaseKeyword.groovy:44)
	at com.kms.katalon.core.keyword.internal.KeywordExecutor.executeKeywordForPlatform(KeywordExecutor.groovy:74)
	at com.kms.katalon.core.keyword.BuiltinKeywords.callTestCase(BuiltinKeywords.groovy:334)
	at Script1691553342759.run(Script1691553342759.groovy:46)
	... 13 more
)
[[ATTACHMENT|D:\\backup\\Liverpool_SmokeSuite1\\Reports\\20230817_120257\\checkout\\20230817_120300\\1692257132040.png]]

2023-08-17 12:55:32 - [MESSAGE][WARNING] - Unable to call Test Case 'Test Cases/CommonMethods/close any pop up' (Root cause: com.kms.katalon.core.exception.StepFailedException: Call Test Case 'Test Cases/CommonMethods/close any pop up' failed
	at com.kms.katalon.core.keyword.builtin.CallTestCaseKeyword$_callTestCase_closure1.doCall(CallTestCaseKeyword.groovy:63)
	at com.kms.katalon.core.keyword.builtin.CallTestCaseKeyword$_callTestCase_closure1.call(CallTestCaseKeyword.groovy)
	at com.kms.katalon.core.keyword.internal.KeywordMain.runKeyword(KeywordMain.groovy:74)
	at com.kms.katalon.core.keyword.builtin.CallTestCaseKeyword.callTestCase(CallTestCaseKeyword.groovy:81)
	at com.kms.katalon.core.keyword.builtin.CallTestCaseKeyword.execute(CallTestCaseKeyword.groovy:44)
	at com.kms.katalon.core.keyword.internal.KeywordExecutor.executeKeywordForPlatform(KeywordExecutor.groovy:74)
	at com.kms.katalon.core.keyword.BuiltinKeywords.callTestCase(BuiltinKeywords.groovy:334)
	at create_new_CARD_OPC.run(create_new_CARD_OPC:58)
	at com.kms.katalon.core.main.ScriptEngine.run(ScriptEngine.java:194)
	at com.kms.katalon.core.main.ScriptEngine.runScriptAsRawText(ScriptEngine.java:119)
	at com.kms.katalon.core.main.TestCaseExecutor.runScript(TestCaseExecutor.java:448)
	at com.kms.katalon.core.main.TestCaseExecutor.doExecute(TestCaseExecutor.java:439)
	at com.kms.katalon.core.main.TestCaseExecutor.processExecutionPhase(TestCaseExecutor.java:418)
	at com.kms.katalon.core.main.TestCaseExecutor.accessMainPhase(TestCaseExecutor.java:410)
	at com.kms.katalon.core.main.TestCaseExecutor.execute(TestCaseExecutor.java:285)
	at com.kms.katalon.core.main.TestCaseMain.runTestCase(TestCaseMain.java:142)
	at com.kms.katalon.core.keyword.builtin.CallTestCaseKeyword$_callTestCase_closure1.doCall(CallTestCaseKeyword.groovy:59)
	at com.kms.katalon.core.keyword.builtin.CallTestCaseKeyword$_callTestCase_closure1.call(CallTestCaseKeyword.groovy)
	at com.kms.katalon.core.keyword.internal.KeywordMain.runKeyword(KeywordMain.groovy:74)
	at com.kms.katalon.core.keyword.builtin.CallTestCaseKeyword.callTestCase(CallTestCaseKeyword.groovy:81)
	at com.kms.katalon.core.keyword.builtin.CallTestCaseKeyword.execute(CallTestCaseKeyword.groovy:44)
	at com.kms.katalon.core.keyword.internal.KeywordExecutor.executeKeywordForPlatform(KeywordExecutor.groovy:74)
	at com.kms.katalon.core.keyword.BuiltinKeywords.callTestCase(BuiltinKeywords.groovy:334)
	at TS_SMOKE_SUITE_082.run(TS_SMOKE_SUITE_082:46)
	at com.kms.katalon.core.main.ScriptEngine.run(ScriptEngine.java:194)
	at com.kms.katalon.core.main.ScriptEngine.runScriptAsRawText(ScriptEngine.java:119)
	at com.kms.katalon.core.main.TestCaseExecutor.runScript(TestCaseExecutor.java:448)
	at com.kms.katalon.core.main.TestCaseExecutor.doExecute(TestCaseExecutor.java:439)
	at com.kms.katalon.core.main.TestCaseExecutor.processExecutionPhase(TestCaseExecutor.java:418)
	at com.kms.katalon.core.main.TestCaseExecutor.accessMainPhase(TestCaseExecutor.java:410)
	at com.kms.katalon.core.main.TestCaseExecutor.execute(TestCaseExecutor.java:285)
	at com.kms.katalon.core.common.CommonExecutor.accessTestCaseMainPhase(CommonExecutor.java:65)
	at com.kms.katalon.core.main.TestSuiteExecutor.accessTestSuiteMainPhase(TestSuiteExecutor.java:151)
	at com.kms.katalon.core.main.TestSuiteExecutor.execute(TestSuiteExecutor.java:106)
	at com.kms.katalon.core.main.TestCaseMain.startTestSuite(TestCaseMain.java:185)
	at com.kms.katalon.core.main.TestCaseMain$startTestSuite$0.call(Unknown Source)
	at TempTestSuite1692253980874.run(TempTestSuite1692253980874.groovy:36)
Caused by: com.kms.katalon.core.exception.StepFailedException: Unable to click on object 'Object Repository/OPCPage/close_popup_OPC'
	at com.kms.katalon.core.webui.keyword.internal.WebUIKeywordMain.stepFailed(WebUIKeywordMain.groovy:64)
	at com.kms.katalon.core.webui.keyword.internal.WebUIKeywordMain.runKeyword(WebUIKeywordMain.groovy:26)
	at com.kms.katalon.core.webui.keyword.builtin.ClickKeyword.click(ClickKeyword.groovy:74)
	at com.kms.katalon.core.webui.keyword.builtin.ClickKeyword.execute(ClickKeyword.groovy:40)
	at com.kms.katalon.core.keyword.internal.KeywordExecutor.executeKeywordForPlatform(KeywordExecutor.groovy:74)
	at com.kms.katalon.core.webui.keyword.WebUiBuiltInKeywords.click(WebUiBuiltInKeywords.groovy:620)
	at com.kms.katalon.core.webui.keyword.WebUiBuiltInKeywords$click$2.call(Unknown Source)
	at close any pop up.run(close any pop up:22)
	at com.kms.katalon.core.main.ScriptEngine.run(ScriptEngine.java:194)
	at com.kms.katalon.core.main.ScriptEngine.runScriptAsRawText(ScriptEngine.java:119)
	at com.kms.katalon.core.main.TestCaseExecutor.runScript(TestCaseExecutor.java:448)
	at com.kms.katalon.core.main.TestCaseExecutor.doExecute(TestCaseExecutor.java:439)
	at com.kms.katalon.core.main.TestCaseExecutor.processExecutionPhase(TestCaseExecutor.java:418)
	at com.kms.katalon.core.main.TestCaseExecutor.accessMainPhase(TestCaseExecutor.java:410)
	at com.kms.katalon.core.main.TestCaseExecutor.execute(TestCaseExecutor.java:285)
	at com.kms.katalon.core.main.TestCaseMain.runTestCase(TestCaseMain.java:142)
	at com.kms.katalon.core.keyword.builtin.CallTestCaseKeyword$_callTestCase_closure1.doCall(CallTestCaseKeyword.groovy:59)
	... 36 more
Caused by: org.openqa.selenium.ElementNotInteractableException: element not interactable
  (Session info: chrome=115.0.5790.171)
Build info: version: '3.141.59', revision: 'e82be7d358', time: '2018-11-14T08:25:53'
System info: host: 'DESKTOP-L51QJLB', ip: '172.22.45.143', os.name: 'Windows 10', os.arch: 'amd64', os.version: '10.0', java.version: '1.8.0_282'
Driver info: com.kms.katalon.selenium.driver.CChromeDriver
Capabilities {acceptInsecureCerts: false, browserName: chrome, browserVersion: 115.0.5790.171, chrome: {chromedriverVersion: 114.0.5735.90 (386bc09e8f4f..., userDataDir: C:\Users\DELL\AppData\Local...}, goog:chromeOptions: {debuggerAddress: localhost:64560}, javascriptEnabled: true, networkConnectionEnabled: false, pageLoadStrategy: normal, platform: WINDOWS, platformName: WINDOWS, proxy: Proxy(), setWindowRect: true, strictFileInteractability: false, timeouts: {implicit: 0, pageLoad: 300000, script: 30000}, unhandledPromptBehavior: dismiss and notify, webauthn:extension:credBlob: true, webauthn:extension:largeBlob: true, webauthn:extension:minPinLength: true, webauthn:extension:prf: true, webauthn:virtualAuthenticators: true}
Session ID: 6058bba505e6ee3cb99ddf0978ce674b
	at org.openqa.selenium.remote.http.W3CHttpResponseCodec.createException(W3CHttpResponseCodec.java:187)
	at org.openqa.selenium.remote.http.W3CHttpResponseCodec.decode(W3CHttpResponseCodec.java:122)
	at org.openqa.selenium.remote.http.W3CHttpResponseCodec.decode(W3CHttpResponseCodec.java:49)
	at org.openqa.selenium.remote.HttpCommandExecutor.execute(HttpCommandExecutor.java:158)
	at org.openqa.selenium.remote.service.DriverCommandExecutor.execute(DriverCommandExecutor.java:83)
	at org.openqa.selenium.remote.RemoteWebDriver.execute(RemoteWebDriver.java:552)
	at com.kms.katalon.selenium.driver.CChromeDriver.execute(CChromeDriver.java:19)
	at org.openqa.selenium.remote.RemoteWebElement.execute(RemoteWebElement.java:285)
	at org.openqa.selenium.remote.RemoteWebElement.click(RemoteWebElement.java:84)
	at org.openqa.selenium.support.events.EventFiringWebDriver$EventFiringWebElement.lambda$new$0(EventFiringWebDriver.java:404)
	at com.sun.proxy.$Proxy11.click(Unknown Source)
	at org.openqa.selenium.support.events.EventFiringWebDriver$EventFiringWebElement.click(EventFiringWebDriver.java:417)
	at org.openqa.selenium.WebElement$click.call(Unknown Source)
	at com.kms.katalon.core.webui.keyword.builtin.ClickKeyword.clickUntilSuccessWithTimeout(ClickKeyword.groovy:81)
	at com.kms.katalon.core.webui.keyword.builtin.ClickKeyword.clickUntilSuccessWithTimeout(ClickKeyword.groovy)
	at com.kms.katalon.core.webui.keyword.builtin.ClickKeyword$_click_closure1.doCall(ClickKeyword.groovy:67)
	at com.kms.katalon.core.webui.keyword.builtin.ClickKeyword$_click_closure1.call(ClickKeyword.groovy)
	at com.kms.katalon.core.webui.keyword.internal.WebUIKeywordMain.runKeyword(WebUIKeywordMain.groovy:20)
	... 51 more
)

2023-08-17 12:55:32 - [MESSAGE][PASSED] - Call Test Case 'Test Cases/CommonMethods/create_new_CARD_OPC' successfully

2023-08-17 12:55:32 - [TEST_STEP][PASSED] - click(findTestObject("OPCPage/paymentMethod_change_OPC")): Object: 'Object Repository/OPCPage/paymentMethod_change_OPC' is clicked on

2023-08-17 12:55:32 - [MESSAGE][PASSED] - Object: 'Object Repository/OPCPage/paymentMethod_change_OPC' is clicked on

2023-08-17 12:55:32 - [TEST_STEP][FAILED] - click(findTestObject("OPCPage/card3_Option_OPC")): Unable to click on object 'Object Repository/OPCPage/card3_Option_OPC' (Root cause: com.kms.katalon.core.exception.StepFailedException: Unable to click on object 'Object Repository/OPCPage/card3_Option_OPC'
	at com.kms.katalon.core.webui.keyword.internal.WebUIKeywordMain.stepFailed(WebUIKeywordMain.groovy:64)
	at com.kms.katalon.core.webui.keyword.internal.WebUIKeywordMain.runKeyword(WebUIKeywordMain.groovy:26)
	at com.kms.katalon.core.webui.keyword.builtin.ClickKeyword.click(ClickKeyword.groovy:74)
	at com.kms.katalon.core.webui.keyword.builtin.ClickKeyword.execute(ClickKeyword.groovy:40)
	at com.kms.katalon.core.keyword.internal.KeywordExecutor.executeKeywordForPlatform(KeywordExecutor.groovy:74)
	at com.kms.katalon.core.webui.keyword.WebUiBuiltInKeywords.click(WebUiBuiltInKeywords.groovy:620)
	at com.kms.katalon.core.webui.keyword.WebUiBuiltInKeywords$click$2.call(Unknown Source)
	at TS_SMOKE_SUITE_082.run(TS_SMOKE_SUITE_082:50)
	at com.kms.katalon.core.main.ScriptEngine.run(ScriptEngine.java:194)
	at com.kms.katalon.core.main.ScriptEngine.runScriptAsRawText(ScriptEngine.java:119)
	at com.kms.katalon.core.main.TestCaseExecutor.runScript(TestCaseExecutor.java:448)
	at com.kms.katalon.core.main.TestCaseExecutor.doExecute(TestCaseExecutor.java:439)
	at com.kms.katalon.core.main.TestCaseExecutor.processExecutionPhase(TestCaseExecutor.java:418)
	at com.kms.katalon.core.main.TestCaseExecutor.accessMainPhase(TestCaseExecutor.java:410)
	at com.kms.katalon.core.main.TestCaseExecutor.execute(TestCaseExecutor.java:285)
	at com.kms.katalon.core.common.CommonExecutor.accessTestCaseMainPhase(CommonExecutor.java:65)
	at com.kms.katalon.core.main.TestSuiteExecutor.accessTestSuiteMainPhase(TestSuiteExecutor.java:151)
	at com.kms.katalon.core.main.TestSuiteExecutor.execute(TestSuiteExecutor.java:106)
	at com.kms.katalon.core.main.TestCaseMain.startTestSuite(TestCaseMain.java:185)
	at com.kms.katalon.core.main.TestCaseMain$startTestSuite$0.call(Unknown Source)
	at TempTestSuite1692253980874.run(TempTestSuite1692253980874.groovy:36)
Caused by: org.openqa.selenium.ElementClickInterceptedException: element click intercepted: Element <i class="icon-more_vert"></i> is not clickable at point (1126, 469). Other element would receive the click: <button class="a-btn a-btn--primary" id="loggedInCC" data-condition="5" ripple="">...</button>
  (Session info: chrome=115.0.5790.171)
Build info: version: '3.141.59', revision: 'e82be7d358', time: '2018-11-14T08:25:53'
System info: host: 'DESKTOP-L51QJLB', ip: '172.22.45.143', os.name: 'Windows 10', os.arch: 'amd64', os.version: '10.0', java.version: '1.8.0_282'
Driver info: com.kms.katalon.selenium.driver.CChromeDriver
Capabilities {acceptInsecureCerts: false, browserName: chrome, browserVersion: 115.0.5790.171, chrome: {chromedriverVersion: 114.0.5735.90 (386bc09e8f4f..., userDataDir: C:\Users\DELL\AppData\Local...}, goog:chromeOptions: {debuggerAddress: localhost:64560}, javascriptEnabled: true, networkConnectionEnabled: false, pageLoadStrategy: normal, platform: WINDOWS, platformName: WINDOWS, proxy: Proxy(), setWindowRect: true, strictFileInteractability: false, timeouts: {implicit: 0, pageLoad: 300000, script: 30000}, unhandledPromptBehavior: dismiss and notify, webauthn:extension:credBlob: true, webauthn:extension:largeBlob: true, webauthn:extension:minPinLength: true, webauthn:extension:prf: true, webauthn:virtualAuthenticators: true}
Session ID: 6058bba505e6ee3cb99ddf0978ce674b
	at org.openqa.selenium.remote.http.W3CHttpResponseCodec.createException(W3CHttpResponseCodec.java:187)
	at org.openqa.selenium.remote.http.W3CHttpResponseCodec.decode(W3CHttpResponseCodec.java:122)
	at org.openqa.selenium.remote.http.W3CHttpResponseCodec.decode(W3CHttpResponseCodec.java:49)
	at org.openqa.selenium.remote.HttpCommandExecutor.execute(HttpCommandExecutor.java:158)
	at org.openqa.selenium.remote.service.DriverCommandExecutor.execute(DriverCommandExecutor.java:83)
	at org.openqa.selenium.remote.RemoteWebDriver.execute(RemoteWebDriver.java:552)
	at com.kms.katalon.selenium.driver.CChromeDriver.execute(CChromeDriver.java:19)
	at org.openqa.selenium.remote.RemoteWebElement.execute(RemoteWebElement.java:285)
	at org.openqa.selenium.remote.RemoteWebElement.click(RemoteWebElement.java:84)
	at org.openqa.selenium.support.events.EventFiringWebDriver$EventFiringWebElement.lambda$new$0(EventFiringWebDriver.java:404)
	at com.sun.proxy.$Proxy11.click(Unknown Source)
	at org.openqa.selenium.support.events.EventFiringWebDriver$EventFiringWebElement.click(EventFiringWebDriver.java:417)
	at org.openqa.selenium.WebElement$click.call(Unknown Source)
	at com.kms.katalon.core.webui.keyword.builtin.ClickKeyword.clickUntilSuccessWithTimeout(ClickKeyword.groovy:81)
	at com.kms.katalon.core.webui.keyword.builtin.ClickKeyword.clickUntilSuccessWithTimeout(ClickKeyword.groovy)
	at com.kms.katalon.core.webui.keyword.builtin.ClickKeyword$_click_closure1.doCall(ClickKeyword.groovy:67)
	at com.kms.katalon.core.webui.keyword.builtin.ClickKeyword$_click_closure1.call(ClickKeyword.groovy)
	at com.kms.katalon.core.webui.keyword.internal.WebUIKeywordMain.runKeyword(WebUIKeywordMain.groovy:20)
	at com.kms.katalon.core.webui.keyword.builtin.ClickKeyword.click(ClickKeyword.groovy:74)
	at com.kms.katalon.core.webui.keyword.builtin.ClickKeyword.execute(ClickKeyword.groovy:40)
	at com.kms.katalon.core.keyword.internal.KeywordExecutor.executeKeywordForPlatform(KeywordExecutor.groovy:74)
	at com.kms.katalon.core.webui.keyword.WebUiBuiltInKeywords.click(WebUiBuiltInKeywords.groovy:620)
	at com.kms.katalon.core.webui.keyword.WebUiBuiltInKeywords$click$2.call(Unknown Source)
	at Script1691553342759.run(Script1691553342759.groovy:50)
	... 13 more
)

2023-08-17 12:56:07 - [MESSAGE][FAILED] - Unable to click on object 'Object Repository/OPCPage/card3_Option_OPC' (Root cause: com.kms.katalon.core.exception.StepFailedException: Unable to click on object 'Object Repository/OPCPage/card3_Option_OPC'
	at com.kms.katalon.core.webui.keyword.internal.WebUIKeywordMain.stepFailed(WebUIKeywordMain.groovy:64)
	at com.kms.katalon.core.webui.keyword.internal.WebUIKeywordMain.runKeyword(WebUIKeywordMain.groovy:26)
	at com.kms.katalon.core.webui.keyword.builtin.ClickKeyword.click(ClickKeyword.groovy:74)
	at com.kms.katalon.core.webui.keyword.builtin.ClickKeyword.execute(ClickKeyword.groovy:40)
	at com.kms.katalon.core.keyword.internal.KeywordExecutor.executeKeywordForPlatform(KeywordExecutor.groovy:74)
	at com.kms.katalon.core.webui.keyword.WebUiBuiltInKeywords.click(WebUiBuiltInKeywords.groovy:620)
	at com.kms.katalon.core.webui.keyword.WebUiBuiltInKeywords$click$2.call(Unknown Source)
	at TS_SMOKE_SUITE_082.run(TS_SMOKE_SUITE_082:50)
	at com.kms.katalon.core.main.ScriptEngine.run(ScriptEngine.java:194)
	at com.kms.katalon.core.main.ScriptEngine.runScriptAsRawText(ScriptEngine.java:119)
	at com.kms.katalon.core.main.TestCaseExecutor.runScript(TestCaseExecutor.java:448)
	at com.kms.katalon.core.main.TestCaseExecutor.doExecute(TestCaseExecutor.java:439)
	at com.kms.katalon.core.main.TestCaseExecutor.processExecutionPhase(TestCaseExecutor.java:418)
	at com.kms.katalon.core.main.TestCaseExecutor.accessMainPhase(TestCaseExecutor.java:410)
	at com.kms.katalon.core.main.TestCaseExecutor.execute(TestCaseExecutor.java:285)
	at com.kms.katalon.core.common.CommonExecutor.accessTestCaseMainPhase(CommonExecutor.java:65)
	at com.kms.katalon.core.main.TestSuiteExecutor.accessTestSuiteMainPhase(TestSuiteExecutor.java:151)
	at com.kms.katalon.core.main.TestSuiteExecutor.execute(TestSuiteExecutor.java:106)
	at com.kms.katalon.core.main.TestCaseMain.startTestSuite(TestCaseMain.java:185)
	at com.kms.katalon.core.main.TestCaseMain$startTestSuite$0.call(Unknown Source)
	at TempTestSuite1692253980874.run(TempTestSuite1692253980874.groovy:36)
Caused by: org.openqa.selenium.ElementClickInterceptedException: element click intercepted: Element <i class="icon-more_vert"></i> is not clickable at point (1126, 469). Other element would receive the click: <button class="a-btn a-btn--primary" id="loggedInCC" data-condition="5" ripple="">...</button>
  (Session info: chrome=115.0.5790.171)
Build info: version: '3.141.59', revision: 'e82be7d358', time: '2018-11-14T08:25:53'
System info: host: 'DESKTOP-L51QJLB', ip: '172.22.45.143', os.name: 'Windows 10', os.arch: 'amd64', os.version: '10.0', java.version: '1.8.0_282'
Driver info: com.kms.katalon.selenium.driver.CChromeDriver
Capabilities {acceptInsecureCerts: false, browserName: chrome, browserVersion: 115.0.5790.171, chrome: {chromedriverVersion: 114.0.5735.90 (386bc09e8f4f..., userDataDir: C:\Users\DELL\AppData\Local...}, goog:chromeOptions: {debuggerAddress: localhost:64560}, javascriptEnabled: true, networkConnectionEnabled: false, pageLoadStrategy: normal, platform: WINDOWS, platformName: WINDOWS, proxy: Proxy(), setWindowRect: true, strictFileInteractability: false, timeouts: {implicit: 0, pageLoad: 300000, script: 30000}, unhandledPromptBehavior: dismiss and notify, webauthn:extension:credBlob: true, webauthn:extension:largeBlob: true, webauthn:extension:minPinLength: true, webauthn:extension:prf: true, webauthn:virtualAuthenticators: true}
Session ID: 6058bba505e6ee3cb99ddf0978ce674b
	at org.openqa.selenium.remote.http.W3CHttpResponseCodec.createException(W3CHttpResponseCodec.java:187)
	at org.openqa.selenium.remote.http.W3CHttpResponseCodec.decode(W3CHttpResponseCodec.java:122)
	at org.openqa.selenium.remote.http.W3CHttpResponseCodec.decode(W3CHttpResponseCodec.java:49)
	at org.openqa.selenium.remote.HttpCommandExecutor.execute(HttpCommandExecutor.java:158)
	at org.openqa.selenium.remote.service.DriverCommandExecutor.execute(DriverCommandExecutor.java:83)
	at org.openqa.selenium.remote.RemoteWebDriver.execute(RemoteWebDriver.java:552)
	at com.kms.katalon.selenium.driver.CChromeDriver.execute(CChromeDriver.java:19)
	at org.openqa.selenium.remote.RemoteWebElement.execute(RemoteWebElement.java:285)
	at org.openqa.selenium.remote.RemoteWebElement.click(RemoteWebElement.java:84)
	at org.openqa.selenium.support.events.EventFiringWebDriver$EventFiringWebElement.lambda$new$0(EventFiringWebDriver.java:404)
	at com.sun.proxy.$Proxy11.click(Unknown Source)
	at org.openqa.selenium.support.events.EventFiringWebDriver$EventFiringWebElement.click(EventFiringWebDriver.java:417)
	at org.openqa.selenium.WebElement$click.call(Unknown Source)
	at com.kms.katalon.core.webui.keyword.builtin.ClickKeyword.clickUntilSuccessWithTimeout(ClickKeyword.groovy:81)
	at com.kms.katalon.core.webui.keyword.builtin.ClickKeyword.clickUntilSuccessWithTimeout(ClickKeyword.groovy)
	at com.kms.katalon.core.webui.keyword.builtin.ClickKeyword$_click_closure1.doCall(ClickKeyword.groovy:67)
	at com.kms.katalon.core.webui.keyword.builtin.ClickKeyword$_click_closure1.call(ClickKeyword.groovy)
	at com.kms.katalon.core.webui.keyword.internal.WebUIKeywordMain.runKeyword(WebUIKeywordMain.groovy:20)
	at com.kms.katalon.core.webui.keyword.builtin.ClickKeyword.click(ClickKeyword.groovy:74)
	at com.kms.katalon.core.webui.keyword.builtin.ClickKeyword.execute(ClickKeyword.groovy:40)
	at com.kms.katalon.core.keyword.internal.KeywordExecutor.executeKeywordForPlatform(KeywordExecutor.groovy:74)
	at com.kms.katalon.core.webui.keyword.WebUiBuiltInKeywords.click(WebUiBuiltInKeywords.groovy:620)
	at com.kms.katalon.core.webui.keyword.WebUiBuiltInKeywords$click$2.call(Unknown Source)
	at Script1691553342759.run(Script1691553342759.groovy:50)
	... 13 more
)
[[ATTACHMENT|D:\\backup\\Liverpool_SmokeSuite1\\Reports\\20230817_120257\\checkout\\20230817_120300\\1692257167000.png]]]]></system-out>
         <system-err><![CDATA[2023-08-17 12:52:11 - [TEST_CASE][FAILED] - Test Cases/Checkout/TS_SMOKE_SUITE_082: Test Cases/Checkout/TS_SMOKE_SUITE_082 FAILED.
Reason:
com.kms.katalon.core.exception.StepFailedException: Unable to click on object 'Object Repository/OPCPage/card3_Option_OPC'
	at com.kms.katalon.core.webui.keyword.internal.WebUIKeywordMain.stepFailed(WebUIKeywordMain.groovy:64)
	at com.kms.katalon.core.webui.keyword.internal.WebUIKeywordMain.runKeyword(WebUIKeywordMain.groovy:26)
	at com.kms.katalon.core.webui.keyword.builtin.ClickKeyword.click(ClickKeyword.groovy:74)
	at com.kms.katalon.core.webui.keyword.builtin.ClickKeyword.execute(ClickKeyword.groovy:40)
	at com.kms.katalon.core.keyword.internal.KeywordExecutor.executeKeywordForPlatform(KeywordExecutor.groovy:74)
	at com.kms.katalon.core.webui.keyword.WebUiBuiltInKeywords.click(WebUiBuiltInKeywords.groovy:620)
	at com.kms.katalon.core.webui.keyword.WebUiBuiltInKeywords$click$2.call(Unknown Source)
	at TS_SMOKE_SUITE_082.run(TS_SMOKE_SUITE_082:50)
	at com.kms.katalon.core.main.ScriptEngine.run(ScriptEngine.java:194)
	at com.kms.katalon.core.main.ScriptEngine.runScriptAsRawText(ScriptEngine.java:119)
	at com.kms.katalon.core.main.TestCaseExecutor.runScript(TestCaseExecutor.java:448)
	at com.kms.katalon.core.main.TestCaseExecutor.doExecute(TestCaseExecutor.java:439)
	at com.kms.katalon.core.main.TestCaseExecutor.processExecutionPhase(TestCaseExecutor.java:418)
	at com.kms.katalon.core.main.TestCaseExecutor.accessMainPhase(TestCaseExecutor.java:410)
	at com.kms.katalon.core.main.TestCaseExecutor.execute(TestCaseExecutor.java:285)
	at com.kms.katalon.core.common.CommonExecutor.accessTestCaseMainPhase(CommonExecutor.java:65)
	at com.kms.katalon.core.main.TestSuiteExecutor.accessTestSuiteMainPhase(TestSuiteExecutor.java:151)
	at com.kms.katalon.core.main.TestSuiteExecutor.execute(TestSuiteExecutor.java:106)
	at com.kms.katalon.core.main.TestCaseMain.startTestSuite(TestCaseMain.java:185)
	at com.kms.katalon.core.main.TestCaseMain$startTestSuite$0.call(Unknown Source)
	at TempTestSuite1692253980874.run(TempTestSuite1692253980874.groovy:36)
Caused by: org.openqa.selenium.ElementClickInterceptedException: element click intercepted: Element <i class="icon-more_vert"></i> is not clickable at point (1126, 469). Other element would receive the click: <button class="a-btn a-btn--primary" id="loggedInCC" data-condition="5" ripple="">...</button>
  (Session info: chrome=115.0.5790.171)
Build info: version: '3.141.59', revision: 'e82be7d358', time: '2018-11-14T08:25:53'
System info: host: 'DESKTOP-L51QJLB', ip: '172.22.45.143', os.name: 'Windows 10', os.arch: 'amd64', os.version: '10.0', java.version: '1.8.0_282'
Driver info: com.kms.katalon.selenium.driver.CChromeDriver
Capabilities {acceptInsecureCerts: false, browserName: chrome, browserVersion: 115.0.5790.171, chrome: {chromedriverVersion: 114.0.5735.90 (386bc09e8f4f..., userDataDir: C:\Users\DELL\AppData\Local...}, goog:chromeOptions: {debuggerAddress: localhost:64560}, javascriptEnabled: true, networkConnectionEnabled: false, pageLoadStrategy: normal, platform: WINDOWS, platformName: WINDOWS, proxy: Proxy(), setWindowRect: true, strictFileInteractability: false, timeouts: {implicit: 0, pageLoad: 300000, script: 30000}, unhandledPromptBehavior: dismiss and notify, webauthn:extension:credBlob: true, webauthn:extension:largeBlob: true, webauthn:extension:minPinLength: true, webauthn:extension:prf: true, webauthn:virtualAuthenticators: true}
Session ID: 6058bba505e6ee3cb99ddf0978ce674b
	at org.openqa.selenium.remote.http.W3CHttpResponseCodec.createException(W3CHttpResponseCodec.java:187)
	at org.openqa.selenium.remote.http.W3CHttpResponseCodec.decode(W3CHttpResponseCodec.java:122)
	at org.openqa.selenium.remote.http.W3CHttpResponseCodec.decode(W3CHttpResponseCodec.java:49)
	at org.openqa.selenium.remote.HttpCommandExecutor.execute(HttpCommandExecutor.java:158)
	at org.openqa.selenium.remote.service.DriverCommandExecutor.execute(DriverCommandExecutor.java:83)
	at org.openqa.selenium.remote.RemoteWebDriver.execute(RemoteWebDriver.java:552)
	at com.kms.katalon.selenium.driver.CChromeDriver.execute(CChromeDriver.java:19)
	at org.openqa.selenium.remote.RemoteWebElement.execute(RemoteWebElement.java:285)
	at org.openqa.selenium.remote.RemoteWebElement.click(RemoteWebElement.java:84)
	at org.openqa.selenium.support.events.EventFiringWebDriver$EventFiringWebElement.lambda$new$0(EventFiringWebDriver.java:404)
	at com.sun.proxy.$Proxy11.click(Unknown Source)
	at org.openqa.selenium.support.events.EventFiringWebDriver$EventFiringWebElement.click(EventFiringWebDriver.java:417)
	at org.openqa.selenium.WebElement$click.call(Unknown Source)
	at com.kms.katalon.core.webui.keyword.builtin.ClickKeyword.clickUntilSuccessWithTimeout(ClickKeyword.groovy:81)
	at com.kms.katalon.core.webui.keyword.builtin.ClickKeyword.clickUntilSuccessWithTimeout(ClickKeyword.groovy)
	at com.kms.katalon.core.webui.keyword.builtin.ClickKeyword$_click_closure1.doCall(ClickKeyword.groovy:67)
	at com.kms.katalon.core.webui.keyword.builtin.ClickKeyword$_click_closure1.call(ClickKeyword.groovy)
	at com.kms.katalon.core.webui.keyword.internal.WebUIKeywordMain.runKeyword(WebUIKeywordMain.groovy:20)
	... 19 more]]></system-err>
      </testcase>
      <testcase name="Test Cases/Checkout/TS_SMOKE_SUITE_083" time="197.737" classname="Test Cases/Checkout/TS_SMOKE_SUITE_083" status="PASSED">
         <system-out><![CDATA[2023-08-17 12:56:07 - [TEST_CASE][PASSED] - Test Cases/Checkout/TS_SMOKE_SUITE_083: Test Cases/Checkout/TS_SMOKE_SUITE_083

2023-08-17 12:56:07 - [TEST_STEP][PASSED] - openBrowser(""): Browser is opened with url: ''

2023-08-17 12:56:07 - [MESSAGE][WARNING] - A browser is already opened. Closing browser and opening a new one

2023-08-17 12:56:08 - [MESSAGE][INFO] - Starting 'Chrome' driver

2023-08-17 12:56:08 - [MESSAGE][INFO] - Action delay is set to 0 milliseconds

2023-08-17 12:56:09 - [MESSAGE][PASSED] - Browser is opened with url: ''

2023-08-17 12:56:09 - [TEST_STEP][PASSED] - navigateToUrl(URL): Navigate to 'https://odtaqaa.liverpool.com.mx/tienda/home' successfully

2023-08-17 12:56:58 - [MESSAGE][PASSED] - Navigate to 'https://odtaqaa.liverpool.com.mx/tienda/home' successfully

2023-08-17 12:56:58 - [TEST_STEP][PASSED] - maximizeWindow(): Current window maximized

2023-08-17 12:56:58 - [MESSAGE][PASSED] - Current window maximized

2023-08-17 12:56:58 - [TEST_STEP][PASSED] - click(findTestObject("HomePage/Iniciar sesion")): Object: 'Object Repository/HomePage/Iniciar sesion' is clicked on

2023-08-17 12:56:59 - [MESSAGE][PASSED] - Object: 'Object Repository/HomePage/Iniciar sesion' is clicked on

2023-08-17 12:56:59 - [TEST_STEP][PASSED] - callTestCase(findTestCase("CommonMethods/login_odtaqab"), [:], STOP_ON_FAILURE): Call Test Case 'Test Cases/CommonMethods/login_odtaqab' successfully

2023-08-17 12:56:59 - [TEST_CASE][PASSED] - Test Cases/CommonMethods/login_odtaqab: Test Cases/CommonMethods/login_odtaqab

2023-08-17 12:56:59 - [TEST_STEP][PASSED] - click(findTestObject("HomePage/Iniciar sesion")): Object: 'Object Repository/HomePage/Iniciar sesion' is clicked on

2023-08-17 12:57:00 - [MESSAGE][PASSED] - Object: 'Object Repository/HomePage/Iniciar sesion' is clicked on

2023-08-17 12:57:00 - [TEST_STEP][PASSED] - click(findTestObject("HomePage/EnterUsername_LP")): Object: 'Object Repository/HomePage/EnterUsername_LP' is clicked on

2023-08-17 12:57:16 - [MESSAGE][PASSED] - Object: 'Object Repository/HomePage/EnterUsername_LP' is clicked on

2023-08-17 12:57:16 - [TEST_STEP][PASSED] - setText(findTestObject("HomePage/EnterUsername_LP"), username): Text 'hcheruvu29@digisprint.com' is set on object 'Object Repository/HomePage/EnterUsername_LP'

2023-08-17 12:57:17 - [MESSAGE][PASSED] - Text 'hcheruvu29@digisprint.com' is set on object 'Object Repository/HomePage/EnterUsername_LP'

2023-08-17 12:57:17 - [TEST_STEP][PASSED] - delay(2): Delayed 2 second(s)

2023-08-17 12:57:19 - [MESSAGE][PASSED] - Delayed 2 second(s)

2023-08-17 12:57:19 - [TEST_STEP][PASSED] - click(findTestObject("HomePage/EnterPassword_LP")): Object: 'Object Repository/HomePage/EnterPassword_LP' is clicked on

2023-08-17 12:57:19 - [MESSAGE][PASSED] - Object: 'Object Repository/HomePage/EnterPassword_LP' is clicked on

2023-08-17 12:57:19 - [TEST_STEP][PASSED] - delay(2): Delayed 2 second(s)

2023-08-17 12:57:21 - [MESSAGE][PASSED] - Delayed 2 second(s)

2023-08-17 12:57:21 - [TEST_STEP][PASSED] - setText(findTestObject("HomePage/EnterPassword_LP"), password): Text 'Test@12345' is set on object 'Object Repository/HomePage/EnterPassword_LP'

2023-08-17 12:57:22 - [MESSAGE][PASSED] - Text 'Test@12345' is set on object 'Object Repository/HomePage/EnterPassword_LP'

2023-08-17 12:57:22 - [TEST_STEP][PASSED] - click(findTestObject("HomePage/inciar")): Object: 'Object Repository/HomePage/inciar' is clicked on

2023-08-17 12:57:30 - [MESSAGE][PASSED] - Object: 'Object Repository/HomePage/inciar' is clicked on

2023-08-17 12:57:30 - [MESSAGE][PASSED] - Call Test Case 'Test Cases/CommonMethods/login_odtaqab' successfully

2023-08-17 12:57:30 - [TEST_STEP][PASSED] - callTestCase(findTestCase("CommonMethods/SearchForAProduct_search"), ["searchTerm":SLProduct], STOP_ON_FAILURE): Call Test Case 'Test Cases/CommonMethods/SearchForAProduct_search' successfully

2023-08-17 12:57:30 - [TEST_CASE][PASSED] - Test Cases/CommonMethods/SearchForAProduct_search: Test Cases/CommonMethods/SearchForAProduct_search

2023-08-17 12:57:30 - [TEST_STEP][PASSED] - click(findTestObject("HomePage/Buscar1"), STOP_ON_FAILURE): Object: 'Object Repository/HomePage/Buscar1' is clicked on

2023-08-17 12:58:31 - [MESSAGE][PASSED] - Object: 'Object Repository/HomePage/Buscar1' is clicked on

2023-08-17 12:58:31 - [TEST_STEP][PASSED] - delay(3): Delayed 3 second(s)

2023-08-17 12:58:34 - [MESSAGE][PASSED] - Delayed 3 second(s)

2023-08-17 12:58:34 - [TEST_STEP][PASSED] - setText(findTestObject("HomePage/Buscar1"), searchTerm): Text 'vaso' is set on object 'Object Repository/HomePage/Buscar1'

2023-08-17 12:58:35 - [MESSAGE][PASSED] - Text 'vaso' is set on object 'Object Repository/HomePage/Buscar1'

2023-08-17 12:58:35 - [TEST_STEP][PASSED] - delay(3): Delayed 3 second(s)

2023-08-17 12:58:38 - [MESSAGE][PASSED] - Delayed 3 second(s)

2023-08-17 12:58:38 - [TEST_STEP][PASSED] - sendKeys(findTestObject("HomePage/Seach_TextBox_hp"), Keys.chord(ENTER)): Keys 'ENTER + ' sent to object: 'Object Repository/HomePage/Seach_TextBox_hp'

2023-08-17 12:58:41 - [MESSAGE][PASSED] - Keys 'ENTER + ' sent to object: 'Object Repository/HomePage/Seach_TextBox_hp'

2023-08-17 12:58:41 - [MESSAGE][PASSED] - Call Test Case 'Test Cases/CommonMethods/SearchForAProduct_search' successfully

2023-08-17 12:58:41 - [TEST_STEP][PASSED] - click(findTestObject("PLPPage/product2_cardPrice_PLP"), OPTIONAL): Object: 'Object Repository/PLPPage/product2_cardPrice_PLP' is clicked on

2023-08-17 12:59:00 - [MESSAGE][PASSED] - Object: 'Object Repository/PLPPage/product2_cardPrice_PLP' is clicked on

2023-08-17 12:59:00 - [TEST_STEP][PASSED] - click(findTestObject("PDPPage/AddToCart_PDP")): Object: 'Object Repository/PDPPage/AddToCart_PDP' is clicked on

2023-08-17 12:59:11 - [MESSAGE][PASSED] - Object: 'Object Repository/PDPPage/AddToCart_PDP' is clicked on

2023-08-17 12:59:11 - [TEST_STEP][PASSED] - click(findTestObject("HomePage/bag_header_HP")): Object: 'Object Repository/HomePage/bag_header_HP' is clicked on

2023-08-17 12:59:13 - [MESSAGE][PASSED] - Object: 'Object Repository/HomePage/bag_header_HP' is clicked on

2023-08-17 12:59:13 - [TEST_STEP][PASSED] - click(findTestObject("CartPage/BuyButton_Cart")): Object: 'Object Repository/CartPage/BuyButton_Cart' is clicked on

2023-08-17 12:59:16 - [MESSAGE][PASSED] - Object: 'Object Repository/CartPage/BuyButton_Cart' is clicked on

2023-08-17 12:59:16 - [TEST_STEP][PASSED] - click(findTestObject("OPCPage/Final_comparar_OPC")): Object: 'Object Repository/OPCPage/Final_comparar_OPC' is clicked on

2023-08-17 12:59:23 - [MESSAGE][PASSED] - Object: 'Object Repository/OPCPage/Final_comparar_OPC' is clicked on

2023-08-17 12:59:23 - [TEST_STEP][PASSED] - verifyElementPresent(findTestObject("OPCPage/ConfirmOrder_Checkout"), 0): Object 'Object Repository/OPCPage/ConfirmOrder_Checkout' is present

2023-08-17 12:59:23 - [MESSAGE][WARNING] - Timeout '0' is invalid. Using default page load timeout: '30'

2023-08-17 12:59:24 - [MESSAGE][PASSED] - Object 'Object Repository/OPCPage/ConfirmOrder_Checkout' is present

2023-08-17 12:59:24 - [TEST_STEP][PASSED] - closeBrowser(): Browser is closed

2023-08-17 12:59:24 - [MESSAGE][PASSED] - Browser is closed]]></system-out>
         <system-err><![CDATA[]]></system-err>
      </testcase>
      <testcase name="Test Cases/Checkout/TS_SMOKE_SUITE_086" time="288.147" classname="Test Cases/Checkout/TS_SMOKE_SUITE_086" status="FAILED">
         <failure type="FAILED" message="Test Cases/Checkout/TS_SMOKE_SUITE_086 FAILED.
Reason:
com.kms.katalon.core.exception.StepFailedException: Unable to click on object 'Object Repository/OPCPage/label_Cambiar_payment_opc'
	at com.kms.katalon.core.webui.keyword.internal.WebUIKeywordMain.stepFailed(WebUIKeywordMain.groovy:64)
	at com.kms.katalon.core.webui.keyword.internal.WebUIKeywordMain.runKeyword(WebUIKeywordMain.groovy:26)
	at com.kms.katalon.core.webui.keyword.builtin.ClickKeyword.click(ClickKeyword.groovy:74)
	at com.kms.katalon.core.webui.keyword.builtin.ClickKeyword.execute(ClickKeyword.groovy:40)
	at com.kms.katalon.core.keyword.internal.KeywordExecutor.executeKeywordForPlatform(KeywordExecutor.groovy:74)
	at com.kms.katalon.core.webui.keyword.WebUiBuiltInKeywords.click(WebUiBuiltInKeywords.groovy:620)
	at com.kms.katalon.core.webui.keyword.WebUiBuiltInKeywords$click$2.call(Unknown Source)
	at TS_SMOKE_SUITE_086.run(TS_SMOKE_SUITE_086:62)
	at com.kms.katalon.core.main.ScriptEngine.run(ScriptEngine.java:194)
	at com.kms.katalon.core.main.ScriptEngine.runScriptAsRawText(ScriptEngine.java:119)
	at com.kms.katalon.core.main.TestCaseExecutor.runScript(TestCaseExecutor.java:448)
	at com.kms.katalon.core.main.TestCaseExecutor.doExecute(TestCaseExecutor.java:439)
	at com.kms.katalon.core.main.TestCaseExecutor.processExecutionPhase(TestCaseExecutor.java:418)
	at com.kms.katalon.core.main.TestCaseExecutor.accessMainPhase(TestCaseExecutor.java:410)
	at com.kms.katalon.core.main.TestCaseExecutor.execute(TestCaseExecutor.java:285)
	at com.kms.katalon.core.common.CommonExecutor.accessTestCaseMainPhase(CommonExecutor.java:65)
	at com.kms.katalon.core.main.TestSuiteExecutor.accessTestSuiteMainPhase(TestSuiteExecutor.java:151)
	at com.kms.katalon.core.main.TestSuiteExecutor.execute(TestSuiteExecutor.java:106)
	at com.kms.katalon.core.main.TestCaseMain.startTestSuite(TestCaseMain.java:185)
	at com.kms.katalon.core.main.TestCaseMain$startTestSuite$0.call(Unknown Source)
	at TempTestSuite1692253980874.run(TempTestSuite1692253980874.groovy:36)
Caused by: org.openqa.selenium.ElementClickInterceptedException: element click intercepted: Element &lt;div class=&quot;a-box__accordionIcon float-right&quot;>...&lt;/div> is not clickable at point (796, 309). Other element would receive the click: &lt;p class=&quot;a-paypalInfo__description&quot;>...&lt;/p>
  (Session info: chrome=115.0.5790.171)
Build info: version: '3.141.59', revision: 'e82be7d358', time: '2018-11-14T08:25:53'
System info: host: 'DESKTOP-L51QJLB', ip: '172.22.45.143', os.name: 'Windows 10', os.arch: 'amd64', os.version: '10.0', java.version: '1.8.0_282'
Driver info: com.kms.katalon.selenium.driver.CChromeDriver
Capabilities {acceptInsecureCerts: false, browserName: chrome, browserVersion: 115.0.5790.171, chrome: {chromedriverVersion: 114.0.5735.90 (386bc09e8f4f..., userDataDir: C:\Users\DELL\AppData\Local...}, goog:chromeOptions: {debuggerAddress: localhost:65004}, javascriptEnabled: true, networkConnectionEnabled: false, pageLoadStrategy: normal, platform: WINDOWS, platformName: WINDOWS, proxy: Proxy(), setWindowRect: true, strictFileInteractability: false, timeouts: {implicit: 0, pageLoad: 300000, script: 30000}, unhandledPromptBehavior: dismiss and notify, webauthn:extension:credBlob: true, webauthn:extension:largeBlob: true, webauthn:extension:minPinLength: true, webauthn:extension:prf: true, webauthn:virtualAuthenticators: true}
Session ID: 06baeb59bb2e688764ba1cd9f5b94b73
	at org.openqa.selenium.remote.http.W3CHttpResponseCodec.createException(W3CHttpResponseCodec.java:187)
	at org.openqa.selenium.remote.http.W3CHttpResponseCodec.decode(W3CHttpResponseCodec.java:122)
	at org.openqa.selenium.remote.http.W3CHttpResponseCodec.decode(W3CHttpResponseCodec.java:49)
	at org.openqa.selenium.remote.HttpCommandExecutor.execute(HttpCommandExecutor.java:158)
	at org.openqa.selenium.remote.service.DriverCommandExecutor.execute(DriverCommandExecutor.java:83)
	at org.openqa.selenium.remote.RemoteWebDriver.execute(RemoteWebDriver.java:552)
	at com.kms.katalon.selenium.driver.CChromeDriver.execute(CChromeDriver.java:19)
	at org.openqa.selenium.remote.RemoteWebElement.execute(RemoteWebElement.java:285)
	at org.openqa.selenium.remote.RemoteWebElement.click(RemoteWebElement.java:84)
	at org.openqa.selenium.support.events.EventFiringWebDriver$EventFiringWebElement.lambda$new$0(EventFiringWebDriver.java:404)
	at com.sun.proxy.$Proxy11.click(Unknown Source)
	at org.openqa.selenium.support.events.EventFiringWebDriver$EventFiringWebElement.click(EventFiringWebDriver.java:417)
	at org.openqa.selenium.WebElement$click.call(Unknown Source)
	at com.kms.katalon.core.webui.keyword.builtin.ClickKeyword.clickUntilSuccessWithTimeout(ClickKeyword.groovy:81)
	at com.kms.katalon.core.webui.keyword.builtin.ClickKeyword.clickUntilSuccessWithTimeout(ClickKeyword.groovy)
	at com.kms.katalon.core.webui.keyword.builtin.ClickKeyword$_click_closure1.doCall(ClickKeyword.groovy:67)
	at com.kms.katalon.core.webui.keyword.builtin.ClickKeyword$_click_closure1.call(ClickKeyword.groovy)
	at com.kms.katalon.core.webui.keyword.internal.WebUIKeywordMain.runKeyword(WebUIKeywordMain.groovy:20)
	... 19 more
"/>
         <system-out><![CDATA[2023-08-17 12:59:24 - [TEST_CASE][FAILED] - Test Cases/Checkout/TS_SMOKE_SUITE_086: Test Cases/Checkout/TS_SMOKE_SUITE_086 FAILED.
Reason:
com.kms.katalon.core.exception.StepFailedException: Unable to click on object 'Object Repository/OPCPage/label_Cambiar_payment_opc'
	at com.kms.katalon.core.webui.keyword.internal.WebUIKeywordMain.stepFailed(WebUIKeywordMain.groovy:64)
	at com.kms.katalon.core.webui.keyword.internal.WebUIKeywordMain.runKeyword(WebUIKeywordMain.groovy:26)
	at com.kms.katalon.core.webui.keyword.builtin.ClickKeyword.click(ClickKeyword.groovy:74)
	at com.kms.katalon.core.webui.keyword.builtin.ClickKeyword.execute(ClickKeyword.groovy:40)
	at com.kms.katalon.core.keyword.internal.KeywordExecutor.executeKeywordForPlatform(KeywordExecutor.groovy:74)
	at com.kms.katalon.core.webui.keyword.WebUiBuiltInKeywords.click(WebUiBuiltInKeywords.groovy:620)
	at com.kms.katalon.core.webui.keyword.WebUiBuiltInKeywords$click$2.call(Unknown Source)
	at TS_SMOKE_SUITE_086.run(TS_SMOKE_SUITE_086:62)
	at com.kms.katalon.core.main.ScriptEngine.run(ScriptEngine.java:194)
	at com.kms.katalon.core.main.ScriptEngine.runScriptAsRawText(ScriptEngine.java:119)
	at com.kms.katalon.core.main.TestCaseExecutor.runScript(TestCaseExecutor.java:448)
	at com.kms.katalon.core.main.TestCaseExecutor.doExecute(TestCaseExecutor.java:439)
	at com.kms.katalon.core.main.TestCaseExecutor.processExecutionPhase(TestCaseExecutor.java:418)
	at com.kms.katalon.core.main.TestCaseExecutor.accessMainPhase(TestCaseExecutor.java:410)
	at com.kms.katalon.core.main.TestCaseExecutor.execute(TestCaseExecutor.java:285)
	at com.kms.katalon.core.common.CommonExecutor.accessTestCaseMainPhase(CommonExecutor.java:65)
	at com.kms.katalon.core.main.TestSuiteExecutor.accessTestSuiteMainPhase(TestSuiteExecutor.java:151)
	at com.kms.katalon.core.main.TestSuiteExecutor.execute(TestSuiteExecutor.java:106)
	at com.kms.katalon.core.main.TestCaseMain.startTestSuite(TestCaseMain.java:185)
	at com.kms.katalon.core.main.TestCaseMain$startTestSuite$0.call(Unknown Source)
	at TempTestSuite1692253980874.run(TempTestSuite1692253980874.groovy:36)
Caused by: org.openqa.selenium.ElementClickInterceptedException: element click intercepted: Element <div class="a-box__accordionIcon float-right">...</div> is not clickable at point (796, 309). Other element would receive the click: <p class="a-paypalInfo__description">...</p>
  (Session info: chrome=115.0.5790.171)
Build info: version: '3.141.59', revision: 'e82be7d358', time: '2018-11-14T08:25:53'
System info: host: 'DESKTOP-L51QJLB', ip: '172.22.45.143', os.name: 'Windows 10', os.arch: 'amd64', os.version: '10.0', java.version: '1.8.0_282'
Driver info: com.kms.katalon.selenium.driver.CChromeDriver
Capabilities {acceptInsecureCerts: false, browserName: chrome, browserVersion: 115.0.5790.171, chrome: {chromedriverVersion: 114.0.5735.90 (386bc09e8f4f..., userDataDir: C:\Users\DELL\AppData\Local...}, goog:chromeOptions: {debuggerAddress: localhost:65004}, javascriptEnabled: true, networkConnectionEnabled: false, pageLoadStrategy: normal, platform: WINDOWS, platformName: WINDOWS, proxy: Proxy(), setWindowRect: true, strictFileInteractability: false, timeouts: {implicit: 0, pageLoad: 300000, script: 30000}, unhandledPromptBehavior: dismiss and notify, webauthn:extension:credBlob: true, webauthn:extension:largeBlob: true, webauthn:extension:minPinLength: true, webauthn:extension:prf: true, webauthn:virtualAuthenticators: true}
Session ID: 06baeb59bb2e688764ba1cd9f5b94b73
	at org.openqa.selenium.remote.http.W3CHttpResponseCodec.createException(W3CHttpResponseCodec.java:187)
	at org.openqa.selenium.remote.http.W3CHttpResponseCodec.decode(W3CHttpResponseCodec.java:122)
	at org.openqa.selenium.remote.http.W3CHttpResponseCodec.decode(W3CHttpResponseCodec.java:49)
	at org.openqa.selenium.remote.HttpCommandExecutor.execute(HttpCommandExecutor.java:158)
	at org.openqa.selenium.remote.service.DriverCommandExecutor.execute(DriverCommandExecutor.java:83)
	at org.openqa.selenium.remote.RemoteWebDriver.execute(RemoteWebDriver.java:552)
	at com.kms.katalon.selenium.driver.CChromeDriver.execute(CChromeDriver.java:19)
	at org.openqa.selenium.remote.RemoteWebElement.execute(RemoteWebElement.java:285)
	at org.openqa.selenium.remote.RemoteWebElement.click(RemoteWebElement.java:84)
	at org.openqa.selenium.support.events.EventFiringWebDriver$EventFiringWebElement.lambda$new$0(EventFiringWebDriver.java:404)
	at com.sun.proxy.$Proxy11.click(Unknown Source)
	at org.openqa.selenium.support.events.EventFiringWebDriver$EventFiringWebElement.click(EventFiringWebDriver.java:417)
	at org.openqa.selenium.WebElement$click.call(Unknown Source)
	at com.kms.katalon.core.webui.keyword.builtin.ClickKeyword.clickUntilSuccessWithTimeout(ClickKeyword.groovy:81)
	at com.kms.katalon.core.webui.keyword.builtin.ClickKeyword.clickUntilSuccessWithTimeout(ClickKeyword.groovy)
	at com.kms.katalon.core.webui.keyword.builtin.ClickKeyword$_click_closure1.doCall(ClickKeyword.groovy:67)
	at com.kms.katalon.core.webui.keyword.builtin.ClickKeyword$_click_closure1.call(ClickKeyword.groovy)
	at com.kms.katalon.core.webui.keyword.internal.WebUIKeywordMain.runKeyword(WebUIKeywordMain.groovy:20)
	... 19 more


2023-08-17 12:59:25 - [TEST_STEP][PASSED] - openBrowser(""): Browser is opened with url: ''

2023-08-17 12:59:25 - [MESSAGE][INFO] - Starting 'Chrome' driver

2023-08-17 12:59:25 - [MESSAGE][INFO] - Action delay is set to 0 milliseconds

2023-08-17 12:59:26 - [MESSAGE][PASSED] - Browser is opened with url: ''

2023-08-17 12:59:26 - [TEST_STEP][PASSED] - navigateToUrl(URL): Navigate to 'https://odtaqaa.liverpool.com.mx/tienda/home' successfully

2023-08-17 13:00:22 - [MESSAGE][PASSED] - Navigate to 'https://odtaqaa.liverpool.com.mx/tienda/home' successfully

2023-08-17 13:00:22 - [TEST_STEP][PASSED] - maximizeWindow(): Current window maximized

2023-08-17 13:00:22 - [MESSAGE][PASSED] - Current window maximized

2023-08-17 13:00:22 - [TEST_STEP][PASSED] - click(findTestObject("HomePage/Iniciar sesion")): Object: 'Object Repository/HomePage/Iniciar sesion' is clicked on

2023-08-17 13:00:23 - [MESSAGE][PASSED] - Object: 'Object Repository/HomePage/Iniciar sesion' is clicked on

2023-08-17 13:00:23 - [TEST_STEP][PASSED] - callTestCase(findTestCase("CommonMethods/login_odtaqab"), [:], STOP_ON_FAILURE): Call Test Case 'Test Cases/CommonMethods/login_odtaqab' successfully

2023-08-17 13:00:23 - [TEST_CASE][PASSED] - Test Cases/CommonMethods/login_odtaqab: Test Cases/CommonMethods/login_odtaqab

2023-08-17 13:00:23 - [TEST_STEP][PASSED] - click(findTestObject("HomePage/Iniciar sesion")): Object: 'Object Repository/HomePage/Iniciar sesion' is clicked on

2023-08-17 13:00:26 - [MESSAGE][PASSED] - Object: 'Object Repository/HomePage/Iniciar sesion' is clicked on

2023-08-17 13:00:26 - [TEST_STEP][PASSED] - click(findTestObject("HomePage/EnterUsername_LP")): Object: 'Object Repository/HomePage/EnterUsername_LP' is clicked on

2023-08-17 13:00:36 - [MESSAGE][PASSED] - Object: 'Object Repository/HomePage/EnterUsername_LP' is clicked on

2023-08-17 13:00:36 - [TEST_STEP][PASSED] - setText(findTestObject("HomePage/EnterUsername_LP"), username): Text 'hcheruvu29@digisprint.com' is set on object 'Object Repository/HomePage/EnterUsername_LP'

2023-08-17 13:00:37 - [MESSAGE][PASSED] - Text 'hcheruvu29@digisprint.com' is set on object 'Object Repository/HomePage/EnterUsername_LP'

2023-08-17 13:00:37 - [TEST_STEP][PASSED] - delay(2): Delayed 2 second(s)

2023-08-17 13:00:39 - [MESSAGE][PASSED] - Delayed 2 second(s)

2023-08-17 13:00:39 - [TEST_STEP][PASSED] - click(findTestObject("HomePage/EnterPassword_LP")): Object: 'Object Repository/HomePage/EnterPassword_LP' is clicked on

2023-08-17 13:00:39 - [MESSAGE][PASSED] - Object: 'Object Repository/HomePage/EnterPassword_LP' is clicked on

2023-08-17 13:00:39 - [TEST_STEP][PASSED] - delay(2): Delayed 2 second(s)

2023-08-17 13:00:41 - [MESSAGE][PASSED] - Delayed 2 second(s)

2023-08-17 13:00:41 - [TEST_STEP][PASSED] - setText(findTestObject("HomePage/EnterPassword_LP"), password): Text 'Test@12345' is set on object 'Object Repository/HomePage/EnterPassword_LP'

2023-08-17 13:00:42 - [MESSAGE][PASSED] - Text 'Test@12345' is set on object 'Object Repository/HomePage/EnterPassword_LP'

2023-08-17 13:00:42 - [TEST_STEP][PASSED] - click(findTestObject("HomePage/inciar")): Object: 'Object Repository/HomePage/inciar' is clicked on

2023-08-17 13:00:52 - [MESSAGE][PASSED] - Object: 'Object Repository/HomePage/inciar' is clicked on

2023-08-17 13:00:52 - [MESSAGE][PASSED] - Call Test Case 'Test Cases/CommonMethods/login_odtaqab' successfully

2023-08-17 13:00:52 - [TEST_STEP][PASSED] - callTestCase(findTestCase("CommonMethods/SearchForAProduct_search"), ["searchTerm":SLProduct], STOP_ON_FAILURE): Call Test Case 'Test Cases/CommonMethods/SearchForAProduct_search' successfully

2023-08-17 13:00:52 - [TEST_CASE][PASSED] - Test Cases/CommonMethods/SearchForAProduct_search: Test Cases/CommonMethods/SearchForAProduct_search

2023-08-17 13:00:52 - [TEST_STEP][PASSED] - click(findTestObject("HomePage/Buscar1"), STOP_ON_FAILURE): Object: 'Object Repository/HomePage/Buscar1' is clicked on

2023-08-17 13:01:37 - [MESSAGE][PASSED] - Object: 'Object Repository/HomePage/Buscar1' is clicked on

2023-08-17 13:01:37 - [TEST_STEP][PASSED] - delay(3): Delayed 3 second(s)

2023-08-17 13:01:40 - [MESSAGE][PASSED] - Delayed 3 second(s)

2023-08-17 13:01:40 - [TEST_STEP][PASSED] - setText(findTestObject("HomePage/Buscar1"), searchTerm): Text 'vaso' is set on object 'Object Repository/HomePage/Buscar1'

2023-08-17 13:01:41 - [MESSAGE][PASSED] - Text 'vaso' is set on object 'Object Repository/HomePage/Buscar1'

2023-08-17 13:01:41 - [TEST_STEP][PASSED] - delay(3): Delayed 3 second(s)

2023-08-17 13:01:44 - [MESSAGE][PASSED] - Delayed 3 second(s)

2023-08-17 13:01:44 - [TEST_STEP][PASSED] - sendKeys(findTestObject("HomePage/Seach_TextBox_hp"), Keys.chord(ENTER)): Keys 'ENTER + ' sent to object: 'Object Repository/HomePage/Seach_TextBox_hp'

2023-08-17 13:01:44 - [MESSAGE][PASSED] - Keys 'ENTER + ' sent to object: 'Object Repository/HomePage/Seach_TextBox_hp'

2023-08-17 13:01:44 - [MESSAGE][PASSED] - Call Test Case 'Test Cases/CommonMethods/SearchForAProduct_search' successfully

2023-08-17 13:01:44 - [TEST_STEP][PASSED] - click(findTestObject("PLPPage/product2_cardPrice_PLP"), OPTIONAL): Object: 'Object Repository/PLPPage/product2_cardPrice_PLP' is clicked on

2023-08-17 13:02:03 - [MESSAGE][PASSED] - Object: 'Object Repository/PLPPage/product2_cardPrice_PLP' is clicked on

2023-08-17 13:02:03 - [TEST_STEP][PASSED] - click(findTestObject("PDPPage/AddToCart_PDP")): Object: 'Object Repository/PDPPage/AddToCart_PDP' is clicked on

2023-08-17 13:02:15 - [MESSAGE][PASSED] - Object: 'Object Repository/PDPPage/AddToCart_PDP' is clicked on

2023-08-17 13:02:15 - [TEST_STEP][PASSED] - click(findTestObject("HomePage/bag_header_HP")): Object: 'Object Repository/HomePage/bag_header_HP' is clicked on

2023-08-17 13:02:17 - [MESSAGE][PASSED] - Object: 'Object Repository/HomePage/bag_header_HP' is clicked on

2023-08-17 13:02:17 - [TEST_STEP][PASSED] - click(findTestObject("CartPage/BuyButton_Cart")): Object: 'Object Repository/CartPage/BuyButton_Cart' is clicked on

2023-08-17 13:02:21 - [MESSAGE][PASSED] - Object: 'Object Repository/CartPage/BuyButton_Cart' is clicked on

2023-08-17 13:02:21 - [TEST_STEP][PASSED] - click(findTestObject("OPCPage/Final_comparar_OPC")): Object: 'Object Repository/OPCPage/Final_comparar_OPC' is clicked on

2023-08-17 13:02:31 - [MESSAGE][PASSED] - Object: 'Object Repository/OPCPage/Final_comparar_OPC' is clicked on

2023-08-17 13:02:31 - [TEST_STEP][PASSED] - verifyElementPresent(findTestObject("OPCPage/ConfirmOrder_Checkout"), 0): Object 'Object Repository/OPCPage/ConfirmOrder_Checkout' is present

2023-08-17 13:02:31 - [MESSAGE][WARNING] - Timeout '0' is invalid. Using default page load timeout: '30'

2023-08-17 13:02:31 - [MESSAGE][PASSED] - Object 'Object Repository/OPCPage/ConfirmOrder_Checkout' is present

2023-08-17 13:02:31 - [TEST_STEP][PASSED] - navigateToUrl(URL): Navigate to 'https://odtaqaa.liverpool.com.mx/tienda/home' successfully

2023-08-17 13:02:44 - [MESSAGE][PASSED] - Navigate to 'https://odtaqaa.liverpool.com.mx/tienda/home' successfully

2023-08-17 13:02:44 - [TEST_STEP][PASSED] - callTestCase(findTestCase("CommonMethods/SearchForAProduct_search"), ["searchTerm":SLProduct], STOP_ON_FAILURE): Call Test Case 'Test Cases/CommonMethods/SearchForAProduct_search' successfully

2023-08-17 13:02:45 - [TEST_CASE][PASSED] - Test Cases/CommonMethods/SearchForAProduct_search: Test Cases/CommonMethods/SearchForAProduct_search

2023-08-17 13:02:45 - [TEST_STEP][PASSED] - click(findTestObject("HomePage/Buscar1"), STOP_ON_FAILURE): Object: 'Object Repository/HomePage/Buscar1' is clicked on

2023-08-17 13:02:45 - [MESSAGE][PASSED] - Object: 'Object Repository/HomePage/Buscar1' is clicked on

2023-08-17 13:02:45 - [TEST_STEP][PASSED] - delay(3): Delayed 3 second(s)

2023-08-17 13:02:48 - [MESSAGE][PASSED] - Delayed 3 second(s)

2023-08-17 13:02:48 - [TEST_STEP][PASSED] - setText(findTestObject("HomePage/Buscar1"), searchTerm): Text 'vaso' is set on object 'Object Repository/HomePage/Buscar1'

2023-08-17 13:02:49 - [MESSAGE][PASSED] - Text 'vaso' is set on object 'Object Repository/HomePage/Buscar1'

2023-08-17 13:02:49 - [TEST_STEP][PASSED] - delay(3): Delayed 3 second(s)

2023-08-17 13:02:52 - [MESSAGE][PASSED] - Delayed 3 second(s)

2023-08-17 13:02:52 - [TEST_STEP][PASSED] - sendKeys(findTestObject("HomePage/Seach_TextBox_hp"), Keys.chord(ENTER)): Keys 'ENTER + ' sent to object: 'Object Repository/HomePage/Seach_TextBox_hp'

2023-08-17 13:02:52 - [MESSAGE][PASSED] - Keys 'ENTER + ' sent to object: 'Object Repository/HomePage/Seach_TextBox_hp'

2023-08-17 13:02:52 - [MESSAGE][PASSED] - Call Test Case 'Test Cases/CommonMethods/SearchForAProduct_search' successfully

2023-08-17 13:02:52 - [TEST_STEP][PASSED] - click(findTestObject("PLPPage/product2_cardPrice_PLP"), OPTIONAL): Object: 'Object Repository/PLPPage/product2_cardPrice_PLP' is clicked on

2023-08-17 13:03:04 - [MESSAGE][PASSED] - Object: 'Object Repository/PLPPage/product2_cardPrice_PLP' is clicked on

2023-08-17 13:03:04 - [TEST_STEP][PASSED] - click(findTestObject("PDPPage/AddToCart_PDP")): Object: 'Object Repository/PDPPage/AddToCart_PDP' is clicked on

2023-08-17 13:03:17 - [MESSAGE][PASSED] - Object: 'Object Repository/PDPPage/AddToCart_PDP' is clicked on

2023-08-17 13:03:17 - [TEST_STEP][PASSED] - click(findTestObject("HomePage/bag_header_HP")): Object: 'Object Repository/HomePage/bag_header_HP' is clicked on

2023-08-17 13:03:21 - [MESSAGE][PASSED] - Object: 'Object Repository/HomePage/bag_header_HP' is clicked on

2023-08-17 13:03:21 - [TEST_STEP][PASSED] - click(findTestObject("CartPage/BuyButton_Cart")): Object: 'Object Repository/CartPage/BuyButton_Cart' is clicked on

2023-08-17 13:03:23 - [MESSAGE][PASSED] - Object: 'Object Repository/CartPage/BuyButton_Cart' is clicked on

2023-08-17 13:03:23 - [TEST_STEP][PASSED] - click(findTestObject("OPCPage/paymentMethod_change_OPC")): Object: 'Object Repository/OPCPage/paymentMethod_change_OPC' is clicked on

2023-08-17 13:03:34 - [MESSAGE][PASSED] - Object: 'Object Repository/OPCPage/paymentMethod_change_OPC' is clicked on

2023-08-17 13:03:34 - [TEST_STEP][PASSED] - click(findTestObject("OPCPage/paymentMethod_button2_OPC")): Object: 'Object Repository/OPCPage/paymentMethod_button2_OPC' is clicked on

2023-08-17 13:03:38 - [MESSAGE][PASSED] - Object: 'Object Repository/OPCPage/paymentMethod_button2_OPC' is clicked on

2023-08-17 13:03:38 - [TEST_STEP][FAILED] - click(findTestObject("OPCPage/label_Cambiar_payment_opc")): Unable to click on object 'Object Repository/OPCPage/label_Cambiar_payment_opc' (Root cause: com.kms.katalon.core.exception.StepFailedException: Unable to click on object 'Object Repository/OPCPage/label_Cambiar_payment_opc'
	at com.kms.katalon.core.webui.keyword.internal.WebUIKeywordMain.stepFailed(WebUIKeywordMain.groovy:64)
	at com.kms.katalon.core.webui.keyword.internal.WebUIKeywordMain.runKeyword(WebUIKeywordMain.groovy:26)
	at com.kms.katalon.core.webui.keyword.builtin.ClickKeyword.click(ClickKeyword.groovy:74)
	at com.kms.katalon.core.webui.keyword.builtin.ClickKeyword.execute(ClickKeyword.groovy:40)
	at com.kms.katalon.core.keyword.internal.KeywordExecutor.executeKeywordForPlatform(KeywordExecutor.groovy:74)
	at com.kms.katalon.core.webui.keyword.WebUiBuiltInKeywords.click(WebUiBuiltInKeywords.groovy:620)
	at com.kms.katalon.core.webui.keyword.WebUiBuiltInKeywords$click$2.call(Unknown Source)
	at TS_SMOKE_SUITE_086.run(TS_SMOKE_SUITE_086:62)
	at com.kms.katalon.core.main.ScriptEngine.run(ScriptEngine.java:194)
	at com.kms.katalon.core.main.ScriptEngine.runScriptAsRawText(ScriptEngine.java:119)
	at com.kms.katalon.core.main.TestCaseExecutor.runScript(TestCaseExecutor.java:448)
	at com.kms.katalon.core.main.TestCaseExecutor.doExecute(TestCaseExecutor.java:439)
	at com.kms.katalon.core.main.TestCaseExecutor.processExecutionPhase(TestCaseExecutor.java:418)
	at com.kms.katalon.core.main.TestCaseExecutor.accessMainPhase(TestCaseExecutor.java:410)
	at com.kms.katalon.core.main.TestCaseExecutor.execute(TestCaseExecutor.java:285)
	at com.kms.katalon.core.common.CommonExecutor.accessTestCaseMainPhase(CommonExecutor.java:65)
	at com.kms.katalon.core.main.TestSuiteExecutor.accessTestSuiteMainPhase(TestSuiteExecutor.java:151)
	at com.kms.katalon.core.main.TestSuiteExecutor.execute(TestSuiteExecutor.java:106)
	at com.kms.katalon.core.main.TestCaseMain.startTestSuite(TestCaseMain.java:185)
	at com.kms.katalon.core.main.TestCaseMain$startTestSuite$0.call(Unknown Source)
	at TempTestSuite1692253980874.run(TempTestSuite1692253980874.groovy:36)
Caused by: org.openqa.selenium.ElementClickInterceptedException: element click intercepted: Element <div class="a-box__accordionIcon float-right">...</div> is not clickable at point (796, 309). Other element would receive the click: <p class="a-paypalInfo__description">...</p>
  (Session info: chrome=115.0.5790.171)
Build info: version: '3.141.59', revision: 'e82be7d358', time: '2018-11-14T08:25:53'
System info: host: 'DESKTOP-L51QJLB', ip: '172.22.45.143', os.name: 'Windows 10', os.arch: 'amd64', os.version: '10.0', java.version: '1.8.0_282'
Driver info: com.kms.katalon.selenium.driver.CChromeDriver
Capabilities {acceptInsecureCerts: false, browserName: chrome, browserVersion: 115.0.5790.171, chrome: {chromedriverVersion: 114.0.5735.90 (386bc09e8f4f..., userDataDir: C:\Users\DELL\AppData\Local...}, goog:chromeOptions: {debuggerAddress: localhost:65004}, javascriptEnabled: true, networkConnectionEnabled: false, pageLoadStrategy: normal, platform: WINDOWS, platformName: WINDOWS, proxy: Proxy(), setWindowRect: true, strictFileInteractability: false, timeouts: {implicit: 0, pageLoad: 300000, script: 30000}, unhandledPromptBehavior: dismiss and notify, webauthn:extension:credBlob: true, webauthn:extension:largeBlob: true, webauthn:extension:minPinLength: true, webauthn:extension:prf: true, webauthn:virtualAuthenticators: true}
Session ID: 06baeb59bb2e688764ba1cd9f5b94b73
	at org.openqa.selenium.remote.http.W3CHttpResponseCodec.createException(W3CHttpResponseCodec.java:187)
	at org.openqa.selenium.remote.http.W3CHttpResponseCodec.decode(W3CHttpResponseCodec.java:122)
	at org.openqa.selenium.remote.http.W3CHttpResponseCodec.decode(W3CHttpResponseCodec.java:49)
	at org.openqa.selenium.remote.HttpCommandExecutor.execute(HttpCommandExecutor.java:158)
	at org.openqa.selenium.remote.service.DriverCommandExecutor.execute(DriverCommandExecutor.java:83)
	at org.openqa.selenium.remote.RemoteWebDriver.execute(RemoteWebDriver.java:552)
	at com.kms.katalon.selenium.driver.CChromeDriver.execute(CChromeDriver.java:19)
	at org.openqa.selenium.remote.RemoteWebElement.execute(RemoteWebElement.java:285)
	at org.openqa.selenium.remote.RemoteWebElement.click(RemoteWebElement.java:84)
	at org.openqa.selenium.support.events.EventFiringWebDriver$EventFiringWebElement.lambda$new$0(EventFiringWebDriver.java:404)
	at com.sun.proxy.$Proxy11.click(Unknown Source)
	at org.openqa.selenium.support.events.EventFiringWebDriver$EventFiringWebElement.click(EventFiringWebDriver.java:417)
	at org.openqa.selenium.WebElement$click.call(Unknown Source)
	at com.kms.katalon.core.webui.keyword.builtin.ClickKeyword.clickUntilSuccessWithTimeout(ClickKeyword.groovy:81)
	at com.kms.katalon.core.webui.keyword.builtin.ClickKeyword.clickUntilSuccessWithTimeout(ClickKeyword.groovy)
	at com.kms.katalon.core.webui.keyword.builtin.ClickKeyword$_click_closure1.doCall(ClickKeyword.groovy:67)
	at com.kms.katalon.core.webui.keyword.builtin.ClickKeyword$_click_closure1.call(ClickKeyword.groovy)
	at com.kms.katalon.core.webui.keyword.internal.WebUIKeywordMain.runKeyword(WebUIKeywordMain.groovy:20)
	at com.kms.katalon.core.webui.keyword.builtin.ClickKeyword.click(ClickKeyword.groovy:74)
	at com.kms.katalon.core.webui.keyword.builtin.ClickKeyword.execute(ClickKeyword.groovy:40)
	at com.kms.katalon.core.keyword.internal.KeywordExecutor.executeKeywordForPlatform(KeywordExecutor.groovy:74)
	at com.kms.katalon.core.webui.keyword.WebUiBuiltInKeywords.click(WebUiBuiltInKeywords.groovy:620)
	at com.kms.katalon.core.webui.keyword.WebUiBuiltInKeywords$click$2.call(Unknown Source)
	at Script1691572246319.run(Script1691572246319.groovy:62)
	... 13 more
)

2023-08-17 13:04:13 - [MESSAGE][FAILED] - Unable to click on object 'Object Repository/OPCPage/label_Cambiar_payment_opc' (Root cause: com.kms.katalon.core.exception.StepFailedException: Unable to click on object 'Object Repository/OPCPage/label_Cambiar_payment_opc'
	at com.kms.katalon.core.webui.keyword.internal.WebUIKeywordMain.stepFailed(WebUIKeywordMain.groovy:64)
	at com.kms.katalon.core.webui.keyword.internal.WebUIKeywordMain.runKeyword(WebUIKeywordMain.groovy:26)
	at com.kms.katalon.core.webui.keyword.builtin.ClickKeyword.click(ClickKeyword.groovy:74)
	at com.kms.katalon.core.webui.keyword.builtin.ClickKeyword.execute(ClickKeyword.groovy:40)
	at com.kms.katalon.core.keyword.internal.KeywordExecutor.executeKeywordForPlatform(KeywordExecutor.groovy:74)
	at com.kms.katalon.core.webui.keyword.WebUiBuiltInKeywords.click(WebUiBuiltInKeywords.groovy:620)
	at com.kms.katalon.core.webui.keyword.WebUiBuiltInKeywords$click$2.call(Unknown Source)
	at TS_SMOKE_SUITE_086.run(TS_SMOKE_SUITE_086:62)
	at com.kms.katalon.core.main.ScriptEngine.run(ScriptEngine.java:194)
	at com.kms.katalon.core.main.ScriptEngine.runScriptAsRawText(ScriptEngine.java:119)
	at com.kms.katalon.core.main.TestCaseExecutor.runScript(TestCaseExecutor.java:448)
	at com.kms.katalon.core.main.TestCaseExecutor.doExecute(TestCaseExecutor.java:439)
	at com.kms.katalon.core.main.TestCaseExecutor.processExecutionPhase(TestCaseExecutor.java:418)
	at com.kms.katalon.core.main.TestCaseExecutor.accessMainPhase(TestCaseExecutor.java:410)
	at com.kms.katalon.core.main.TestCaseExecutor.execute(TestCaseExecutor.java:285)
	at com.kms.katalon.core.common.CommonExecutor.accessTestCaseMainPhase(CommonExecutor.java:65)
	at com.kms.katalon.core.main.TestSuiteExecutor.accessTestSuiteMainPhase(TestSuiteExecutor.java:151)
	at com.kms.katalon.core.main.TestSuiteExecutor.execute(TestSuiteExecutor.java:106)
	at com.kms.katalon.core.main.TestCaseMain.startTestSuite(TestCaseMain.java:185)
	at com.kms.katalon.core.main.TestCaseMain$startTestSuite$0.call(Unknown Source)
	at TempTestSuite1692253980874.run(TempTestSuite1692253980874.groovy:36)
Caused by: org.openqa.selenium.ElementClickInterceptedException: element click intercepted: Element <div class="a-box__accordionIcon float-right">...</div> is not clickable at point (796, 309). Other element would receive the click: <p class="a-paypalInfo__description">...</p>
  (Session info: chrome=115.0.5790.171)
Build info: version: '3.141.59', revision: 'e82be7d358', time: '2018-11-14T08:25:53'
System info: host: 'DESKTOP-L51QJLB', ip: '172.22.45.143', os.name: 'Windows 10', os.arch: 'amd64', os.version: '10.0', java.version: '1.8.0_282'
Driver info: com.kms.katalon.selenium.driver.CChromeDriver
Capabilities {acceptInsecureCerts: false, browserName: chrome, browserVersion: 115.0.5790.171, chrome: {chromedriverVersion: 114.0.5735.90 (386bc09e8f4f..., userDataDir: C:\Users\DELL\AppData\Local...}, goog:chromeOptions: {debuggerAddress: localhost:65004}, javascriptEnabled: true, networkConnectionEnabled: false, pageLoadStrategy: normal, platform: WINDOWS, platformName: WINDOWS, proxy: Proxy(), setWindowRect: true, strictFileInteractability: false, timeouts: {implicit: 0, pageLoad: 300000, script: 30000}, unhandledPromptBehavior: dismiss and notify, webauthn:extension:credBlob: true, webauthn:extension:largeBlob: true, webauthn:extension:minPinLength: true, webauthn:extension:prf: true, webauthn:virtualAuthenticators: true}
Session ID: 06baeb59bb2e688764ba1cd9f5b94b73
	at org.openqa.selenium.remote.http.W3CHttpResponseCodec.createException(W3CHttpResponseCodec.java:187)
	at org.openqa.selenium.remote.http.W3CHttpResponseCodec.decode(W3CHttpResponseCodec.java:122)
	at org.openqa.selenium.remote.http.W3CHttpResponseCodec.decode(W3CHttpResponseCodec.java:49)
	at org.openqa.selenium.remote.HttpCommandExecutor.execute(HttpCommandExecutor.java:158)
	at org.openqa.selenium.remote.service.DriverCommandExecutor.execute(DriverCommandExecutor.java:83)
	at org.openqa.selenium.remote.RemoteWebDriver.execute(RemoteWebDriver.java:552)
	at com.kms.katalon.selenium.driver.CChromeDriver.execute(CChromeDriver.java:19)
	at org.openqa.selenium.remote.RemoteWebElement.execute(RemoteWebElement.java:285)
	at org.openqa.selenium.remote.RemoteWebElement.click(RemoteWebElement.java:84)
	at org.openqa.selenium.support.events.EventFiringWebDriver$EventFiringWebElement.lambda$new$0(EventFiringWebDriver.java:404)
	at com.sun.proxy.$Proxy11.click(Unknown Source)
	at org.openqa.selenium.support.events.EventFiringWebDriver$EventFiringWebElement.click(EventFiringWebDriver.java:417)
	at org.openqa.selenium.WebElement$click.call(Unknown Source)
	at com.kms.katalon.core.webui.keyword.builtin.ClickKeyword.clickUntilSuccessWithTimeout(ClickKeyword.groovy:81)
	at com.kms.katalon.core.webui.keyword.builtin.ClickKeyword.clickUntilSuccessWithTimeout(ClickKeyword.groovy)
	at com.kms.katalon.core.webui.keyword.builtin.ClickKeyword$_click_closure1.doCall(ClickKeyword.groovy:67)
	at com.kms.katalon.core.webui.keyword.builtin.ClickKeyword$_click_closure1.call(ClickKeyword.groovy)
	at com.kms.katalon.core.webui.keyword.internal.WebUIKeywordMain.runKeyword(WebUIKeywordMain.groovy:20)
	at com.kms.katalon.core.webui.keyword.builtin.ClickKeyword.click(ClickKeyword.groovy:74)
	at com.kms.katalon.core.webui.keyword.builtin.ClickKeyword.execute(ClickKeyword.groovy:40)
	at com.kms.katalon.core.keyword.internal.KeywordExecutor.executeKeywordForPlatform(KeywordExecutor.groovy:74)
	at com.kms.katalon.core.webui.keyword.WebUiBuiltInKeywords.click(WebUiBuiltInKeywords.groovy:620)
	at com.kms.katalon.core.webui.keyword.WebUiBuiltInKeywords$click$2.call(Unknown Source)
	at Script1691572246319.run(Script1691572246319.groovy:62)
	... 13 more
)
[[ATTACHMENT|D:\\backup\\Liverpool_SmokeSuite1\\Reports\\20230817_120257\\checkout\\20230817_120300\\1692257652845.png]]]]></system-out>
         <system-err><![CDATA[2023-08-17 12:59:24 - [TEST_CASE][FAILED] - Test Cases/Checkout/TS_SMOKE_SUITE_086: Test Cases/Checkout/TS_SMOKE_SUITE_086 FAILED.
Reason:
com.kms.katalon.core.exception.StepFailedException: Unable to click on object 'Object Repository/OPCPage/label_Cambiar_payment_opc'
	at com.kms.katalon.core.webui.keyword.internal.WebUIKeywordMain.stepFailed(WebUIKeywordMain.groovy:64)
	at com.kms.katalon.core.webui.keyword.internal.WebUIKeywordMain.runKeyword(WebUIKeywordMain.groovy:26)
	at com.kms.katalon.core.webui.keyword.builtin.ClickKeyword.click(ClickKeyword.groovy:74)
	at com.kms.katalon.core.webui.keyword.builtin.ClickKeyword.execute(ClickKeyword.groovy:40)
	at com.kms.katalon.core.keyword.internal.KeywordExecutor.executeKeywordForPlatform(KeywordExecutor.groovy:74)
	at com.kms.katalon.core.webui.keyword.WebUiBuiltInKeywords.click(WebUiBuiltInKeywords.groovy:620)
	at com.kms.katalon.core.webui.keyword.WebUiBuiltInKeywords$click$2.call(Unknown Source)
	at TS_SMOKE_SUITE_086.run(TS_SMOKE_SUITE_086:62)
	at com.kms.katalon.core.main.ScriptEngine.run(ScriptEngine.java:194)
	at com.kms.katalon.core.main.ScriptEngine.runScriptAsRawText(ScriptEngine.java:119)
	at com.kms.katalon.core.main.TestCaseExecutor.runScript(TestCaseExecutor.java:448)
	at com.kms.katalon.core.main.TestCaseExecutor.doExecute(TestCaseExecutor.java:439)
	at com.kms.katalon.core.main.TestCaseExecutor.processExecutionPhase(TestCaseExecutor.java:418)
	at com.kms.katalon.core.main.TestCaseExecutor.accessMainPhase(TestCaseExecutor.java:410)
	at com.kms.katalon.core.main.TestCaseExecutor.execute(TestCaseExecutor.java:285)
	at com.kms.katalon.core.common.CommonExecutor.accessTestCaseMainPhase(CommonExecutor.java:65)
	at com.kms.katalon.core.main.TestSuiteExecutor.accessTestSuiteMainPhase(TestSuiteExecutor.java:151)
	at com.kms.katalon.core.main.TestSuiteExecutor.execute(TestSuiteExecutor.java:106)
	at com.kms.katalon.core.main.TestCaseMain.startTestSuite(TestCaseMain.java:185)
	at com.kms.katalon.core.main.TestCaseMain$startTestSuite$0.call(Unknown Source)
	at TempTestSuite1692253980874.run(TempTestSuite1692253980874.groovy:36)
Caused by: org.openqa.selenium.ElementClickInterceptedException: element click intercepted: Element <div class="a-box__accordionIcon float-right">...</div> is not clickable at point (796, 309). Other element would receive the click: <p class="a-paypalInfo__description">...</p>
  (Session info: chrome=115.0.5790.171)
Build info: version: '3.141.59', revision: 'e82be7d358', time: '2018-11-14T08:25:53'
System info: host: 'DESKTOP-L51QJLB', ip: '172.22.45.143', os.name: 'Windows 10', os.arch: 'amd64', os.version: '10.0', java.version: '1.8.0_282'
Driver info: com.kms.katalon.selenium.driver.CChromeDriver
Capabilities {acceptInsecureCerts: false, browserName: chrome, browserVersion: 115.0.5790.171, chrome: {chromedriverVersion: 114.0.5735.90 (386bc09e8f4f..., userDataDir: C:\Users\DELL\AppData\Local...}, goog:chromeOptions: {debuggerAddress: localhost:65004}, javascriptEnabled: true, networkConnectionEnabled: false, pageLoadStrategy: normal, platform: WINDOWS, platformName: WINDOWS, proxy: Proxy(), setWindowRect: true, strictFileInteractability: false, timeouts: {implicit: 0, pageLoad: 300000, script: 30000}, unhandledPromptBehavior: dismiss and notify, webauthn:extension:credBlob: true, webauthn:extension:largeBlob: true, webauthn:extension:minPinLength: true, webauthn:extension:prf: true, webauthn:virtualAuthenticators: true}
Session ID: 06baeb59bb2e688764ba1cd9f5b94b73
	at org.openqa.selenium.remote.http.W3CHttpResponseCodec.createException(W3CHttpResponseCodec.java:187)
	at org.openqa.selenium.remote.http.W3CHttpResponseCodec.decode(W3CHttpResponseCodec.java:122)
	at org.openqa.selenium.remote.http.W3CHttpResponseCodec.decode(W3CHttpResponseCodec.java:49)
	at org.openqa.selenium.remote.HttpCommandExecutor.execute(HttpCommandExecutor.java:158)
	at org.openqa.selenium.remote.service.DriverCommandExecutor.execute(DriverCommandExecutor.java:83)
	at org.openqa.selenium.remote.RemoteWebDriver.execute(RemoteWebDriver.java:552)
	at com.kms.katalon.selenium.driver.CChromeDriver.execute(CChromeDriver.java:19)
	at org.openqa.selenium.remote.RemoteWebElement.execute(RemoteWebElement.java:285)
	at org.openqa.selenium.remote.RemoteWebElement.click(RemoteWebElement.java:84)
	at org.openqa.selenium.support.events.EventFiringWebDriver$EventFiringWebElement.lambda$new$0(EventFiringWebDriver.java:404)
	at com.sun.proxy.$Proxy11.click(Unknown Source)
	at org.openqa.selenium.support.events.EventFiringWebDriver$EventFiringWebElement.click(EventFiringWebDriver.java:417)
	at org.openqa.selenium.WebElement$click.call(Unknown Source)
	at com.kms.katalon.core.webui.keyword.builtin.ClickKeyword.clickUntilSuccessWithTimeout(ClickKeyword.groovy:81)
	at com.kms.katalon.core.webui.keyword.builtin.ClickKeyword.clickUntilSuccessWithTimeout(ClickKeyword.groovy)
	at com.kms.katalon.core.webui.keyword.builtin.ClickKeyword$_click_closure1.doCall(ClickKeyword.groovy:67)
	at com.kms.katalon.core.webui.keyword.builtin.ClickKeyword$_click_closure1.call(ClickKeyword.groovy)
	at com.kms.katalon.core.webui.keyword.internal.WebUIKeywordMain.runKeyword(WebUIKeywordMain.groovy:20)
	... 19 more]]></system-err>
      </testcase>
      <testcase name="Test Cases/Checkout/TS_SMOKE_SUITE_087" time="214.186" classname="Test Cases/Checkout/TS_SMOKE_SUITE_087" status="PASSED">
         <system-out><![CDATA[2023-08-17 13:04:13 - [TEST_CASE][PASSED] - Test Cases/Checkout/TS_SMOKE_SUITE_087: Test Cases/Checkout/TS_SMOKE_SUITE_087

2023-08-17 13:04:13 - [TEST_STEP][PASSED] - openBrowser(""): Browser is opened with url: ''

2023-08-17 13:04:13 - [MESSAGE][WARNING] - A browser is already opened. Closing browser and opening a new one

2023-08-17 13:04:14 - [MESSAGE][INFO] - Starting 'Chrome' driver

2023-08-17 13:04:14 - [MESSAGE][INFO] - Action delay is set to 0 milliseconds

2023-08-17 13:04:15 - [MESSAGE][PASSED] - Browser is opened with url: ''

2023-08-17 13:04:15 - [TEST_STEP][PASSED] - navigateToUrl(URL): Navigate to 'https://odtaqaa.liverpool.com.mx/tienda/home' successfully

2023-08-17 13:05:24 - [MESSAGE][PASSED] - Navigate to 'https://odtaqaa.liverpool.com.mx/tienda/home' successfully

2023-08-17 13:05:24 - [TEST_STEP][PASSED] - maximizeWindow(): Current window maximized

2023-08-17 13:05:24 - [MESSAGE][PASSED] - Current window maximized

2023-08-17 13:05:24 - [TEST_STEP][PASSED] - click(findTestObject("HomePage/Iniciar sesion")): Object: 'Object Repository/HomePage/Iniciar sesion' is clicked on

2023-08-17 13:05:25 - [MESSAGE][PASSED] - Object: 'Object Repository/HomePage/Iniciar sesion' is clicked on

2023-08-17 13:05:25 - [TEST_STEP][PASSED] - callTestCase(findTestCase("CommonMethods/login_odtaqab"), [:], STOP_ON_FAILURE): Call Test Case 'Test Cases/CommonMethods/login_odtaqab' successfully

2023-08-17 13:05:25 - [TEST_CASE][PASSED] - Test Cases/CommonMethods/login_odtaqab: Test Cases/CommonMethods/login_odtaqab

2023-08-17 13:05:25 - [TEST_STEP][PASSED] - click(findTestObject("HomePage/Iniciar sesion")): Object: 'Object Repository/HomePage/Iniciar sesion' is clicked on

2023-08-17 13:05:27 - [MESSAGE][PASSED] - Object: 'Object Repository/HomePage/Iniciar sesion' is clicked on

2023-08-17 13:05:27 - [TEST_STEP][PASSED] - click(findTestObject("HomePage/EnterUsername_LP")): Object: 'Object Repository/HomePage/EnterUsername_LP' is clicked on

2023-08-17 13:05:39 - [MESSAGE][PASSED] - Object: 'Object Repository/HomePage/EnterUsername_LP' is clicked on

2023-08-17 13:05:39 - [TEST_STEP][PASSED] - setText(findTestObject("HomePage/EnterUsername_LP"), username): Text 'hcheruvu29@digisprint.com' is set on object 'Object Repository/HomePage/EnterUsername_LP'

2023-08-17 13:05:40 - [MESSAGE][PASSED] - Text 'hcheruvu29@digisprint.com' is set on object 'Object Repository/HomePage/EnterUsername_LP'

2023-08-17 13:05:40 - [TEST_STEP][PASSED] - delay(2): Delayed 2 second(s)

2023-08-17 13:05:42 - [MESSAGE][PASSED] - Delayed 2 second(s)

2023-08-17 13:05:42 - [TEST_STEP][PASSED] - click(findTestObject("HomePage/EnterPassword_LP")): Object: 'Object Repository/HomePage/EnterPassword_LP' is clicked on

2023-08-17 13:05:42 - [MESSAGE][PASSED] - Object: 'Object Repository/HomePage/EnterPassword_LP' is clicked on

2023-08-17 13:05:42 - [TEST_STEP][PASSED] - delay(2): Delayed 2 second(s)

2023-08-17 13:05:44 - [MESSAGE][PASSED] - Delayed 2 second(s)

2023-08-17 13:05:44 - [TEST_STEP][PASSED] - setText(findTestObject("HomePage/EnterPassword_LP"), password): Text 'Test@12345' is set on object 'Object Repository/HomePage/EnterPassword_LP'

2023-08-17 13:05:45 - [MESSAGE][PASSED] - Text 'Test@12345' is set on object 'Object Repository/HomePage/EnterPassword_LP'

2023-08-17 13:05:45 - [TEST_STEP][PASSED] - click(findTestObject("HomePage/inciar")): Object: 'Object Repository/HomePage/inciar' is clicked on

2023-08-17 13:05:55 - [MESSAGE][PASSED] - Object: 'Object Repository/HomePage/inciar' is clicked on

2023-08-17 13:05:55 - [MESSAGE][PASSED] - Call Test Case 'Test Cases/CommonMethods/login_odtaqab' successfully

2023-08-17 13:05:55 - [TEST_STEP][PASSED] - callTestCase(findTestCase("CommonMethods/SearchForAProduct_search"), ["searchTerm":SLProduct], STOP_ON_FAILURE): Call Test Case 'Test Cases/CommonMethods/SearchForAProduct_search' successfully

2023-08-17 13:05:55 - [TEST_CASE][PASSED] - Test Cases/CommonMethods/SearchForAProduct_search: Test Cases/CommonMethods/SearchForAProduct_search

2023-08-17 13:05:55 - [TEST_STEP][PASSED] - click(findTestObject("HomePage/Buscar1"), STOP_ON_FAILURE): Object: 'Object Repository/HomePage/Buscar1' is clicked on

2023-08-17 13:06:30 - [MESSAGE][PASSED] - Object: 'Object Repository/HomePage/Buscar1' is clicked on

2023-08-17 13:06:30 - [TEST_STEP][PASSED] - delay(3): Delayed 3 second(s)

2023-08-17 13:06:33 - [MESSAGE][PASSED] - Delayed 3 second(s)

2023-08-17 13:06:33 - [TEST_STEP][PASSED] - setText(findTestObject("HomePage/Buscar1"), searchTerm): Text 'vaso' is set on object 'Object Repository/HomePage/Buscar1'

2023-08-17 13:06:33 - [MESSAGE][PASSED] - Text 'vaso' is set on object 'Object Repository/HomePage/Buscar1'

2023-08-17 13:06:33 - [TEST_STEP][PASSED] - delay(3): Delayed 3 second(s)

2023-08-17 13:06:36 - [MESSAGE][PASSED] - Delayed 3 second(s)

2023-08-17 13:06:36 - [TEST_STEP][PASSED] - sendKeys(findTestObject("HomePage/Seach_TextBox_hp"), Keys.chord(ENTER)): Keys 'ENTER + ' sent to object: 'Object Repository/HomePage/Seach_TextBox_hp'

2023-08-17 13:06:41 - [MESSAGE][PASSED] - Keys 'ENTER + ' sent to object: 'Object Repository/HomePage/Seach_TextBox_hp'

2023-08-17 13:06:41 - [MESSAGE][PASSED] - Call Test Case 'Test Cases/CommonMethods/SearchForAProduct_search' successfully

2023-08-17 13:06:41 - [TEST_STEP][PASSED] - click(findTestObject("PLPPage/product2_cardPrice_PLP"), OPTIONAL): Object: 'Object Repository/PLPPage/product2_cardPrice_PLP' is clicked on

2023-08-17 13:06:58 - [MESSAGE][PASSED] - Object: 'Object Repository/PLPPage/product2_cardPrice_PLP' is clicked on

2023-08-17 13:06:58 - [TEST_STEP][PASSED] - click(findTestObject("PDPPage/AddToCart_PDP")): Object: 'Object Repository/PDPPage/AddToCart_PDP' is clicked on

2023-08-17 13:07:20 - [MESSAGE][PASSED] - Object: 'Object Repository/PDPPage/AddToCart_PDP' is clicked on

2023-08-17 13:07:20 - [TEST_STEP][PASSED] - click(findTestObject("HomePage/bag_header_HP")): Object: 'Object Repository/HomePage/bag_header_HP' is clicked on

2023-08-17 13:07:22 - [MESSAGE][PASSED] - Object: 'Object Repository/HomePage/bag_header_HP' is clicked on

2023-08-17 13:07:22 - [TEST_STEP][PASSED] - click(findTestObject("CartPage/BuyButton_Cart")): Object: 'Object Repository/CartPage/BuyButton_Cart' is clicked on

2023-08-17 13:07:25 - [MESSAGE][PASSED] - Object: 'Object Repository/CartPage/BuyButton_Cart' is clicked on

2023-08-17 13:07:25 - [TEST_STEP][PASSED] - click(findTestObject("OPCPage/paymentMethod_change_OPC"), OPTIONAL): Object: 'Object Repository/OPCPage/paymentMethod_change_OPC' is clicked on

2023-08-17 13:07:34 - [MESSAGE][PASSED] - Object: 'Object Repository/OPCPage/paymentMethod_change_OPC' is clicked on

2023-08-17 13:07:34 - [TEST_STEP][PASSED] - click(findTestObject("OPCPage/paymentMethod_button1_OPC"), OPTIONAL): Object: 'Object Repository/OPCPage/paymentMethod_button1_OPC' is clicked on

2023-08-17 13:07:38 - [MESSAGE][PASSED] - Object: 'Object Repository/OPCPage/paymentMethod_button1_OPC' is clicked on

2023-08-17 13:07:38 - [TEST_STEP][PASSED] - setText(findTestObject("OPCPage/enterCardCVV_OPC"), "413", OPTIONAL): Text '413' is set on object 'Object Repository/OPCPage/enterCardCVV_OPC'

2023-08-17 13:07:39 - [MESSAGE][PASSED] - Text '413' is set on object 'Object Repository/OPCPage/enterCardCVV_OPC'

2023-08-17 13:07:39 - [TEST_STEP][PASSED] - setText(findTestObject("OPCPage/enterCardExpire_OPC"), "1225", OPTIONAL): Text '1225' is set on object 'Object Repository/OPCPage/enterCardExpire_OPC'

2023-08-17 13:07:39 - [MESSAGE][PASSED] - Text '1225' is set on object 'Object Repository/OPCPage/enterCardExpire_OPC'

2023-08-17 13:07:39 - [TEST_STEP][PASSED] - click(findTestObject("OPCPage/cardContinue_checkout_popUP"), OPTIONAL): Object: 'Object Repository/OPCPage/cardContinue_checkout_popUP' is clicked on

2023-08-17 13:07:40 - [MESSAGE][PASSED] - Object: 'Object Repository/OPCPage/cardContinue_checkout_popUP' is clicked on

2023-08-17 13:07:40 - [TEST_STEP][PASSED] - click(findTestObject("OPCPage/Final_comparar_OPC")): Object: 'Object Repository/OPCPage/Final_comparar_OPC' is clicked on

2023-08-17 13:07:44 - [MESSAGE][PASSED] - Object: 'Object Repository/OPCPage/Final_comparar_OPC' is clicked on

2023-08-17 13:07:44 - [TEST_STEP][PASSED] - verifyElementPresent(findTestObject("OPCPage/ConfirmOrder_Checkout"), 0): Object 'Object Repository/OPCPage/ConfirmOrder_Checkout' is present

2023-08-17 13:07:44 - [MESSAGE][WARNING] - Timeout '0' is invalid. Using default page load timeout: '30'

2023-08-17 13:07:46 - [MESSAGE][PASSED] - Object 'Object Repository/OPCPage/ConfirmOrder_Checkout' is present

2023-08-17 13:07:46 - [TEST_STEP][PASSED] - closeBrowser(): Browser is closed

2023-08-17 13:07:47 - [MESSAGE][PASSED] - Browser is closed]]></system-out>
         <system-err><![CDATA[]]></system-err>
      </testcase>
      <testcase name="Test Cases/Checkout/TS_SMOKE_SUITE_088" time="83.078" classname="Test Cases/Checkout/TS_SMOKE_SUITE_088" status="FAILED">
         <failure type="FAILED" message="Test Cases/Checkout/TS_SMOKE_SUITE_088 FAILED.
Reason:
com.kms.katalon.core.exception.StepFailedException: Call Test Case 'Test Cases/CommonMethods/login_odtaqab' failed
	at com.kms.katalon.core.keyword.builtin.CallTestCaseKeyword$_callTestCase_closure1.doCall(CallTestCaseKeyword.groovy:63)
	at com.kms.katalon.core.keyword.builtin.CallTestCaseKeyword$_callTestCase_closure1.call(CallTestCaseKeyword.groovy)
	at com.kms.katalon.core.keyword.internal.KeywordMain.runKeyword(KeywordMain.groovy:74)
	at com.kms.katalon.core.keyword.builtin.CallTestCaseKeyword.callTestCase(CallTestCaseKeyword.groovy:81)
	at com.kms.katalon.core.keyword.builtin.CallTestCaseKeyword.execute(CallTestCaseKeyword.groovy:44)
	at com.kms.katalon.core.keyword.internal.KeywordExecutor.executeKeywordForPlatform(KeywordExecutor.groovy:74)
	at com.kms.katalon.core.keyword.BuiltinKeywords.callTestCase(BuiltinKeywords.groovy:334)
	at TS_SMOKE_SUITE_088.run(TS_SMOKE_SUITE_088:28)
	at com.kms.katalon.core.main.ScriptEngine.run(ScriptEngine.java:194)
	at com.kms.katalon.core.main.ScriptEngine.runScriptAsRawText(ScriptEngine.java:119)
	at com.kms.katalon.core.main.TestCaseExecutor.runScript(TestCaseExecutor.java:448)
	at com.kms.katalon.core.main.TestCaseExecutor.doExecute(TestCaseExecutor.java:439)
	at com.kms.katalon.core.main.TestCaseExecutor.processExecutionPhase(TestCaseExecutor.java:418)
	at com.kms.katalon.core.main.TestCaseExecutor.accessMainPhase(TestCaseExecutor.java:410)
	at com.kms.katalon.core.main.TestCaseExecutor.execute(TestCaseExecutor.java:285)
	at com.kms.katalon.core.common.CommonExecutor.accessTestCaseMainPhase(CommonExecutor.java:65)
	at com.kms.katalon.core.main.TestSuiteExecutor.accessTestSuiteMainPhase(TestSuiteExecutor.java:151)
	at com.kms.katalon.core.main.TestSuiteExecutor.execute(TestSuiteExecutor.java:106)
	at com.kms.katalon.core.main.TestCaseMain.startTestSuite(TestCaseMain.java:185)
	at com.kms.katalon.core.main.TestCaseMain$startTestSuite$0.call(Unknown Source)
	at TempTestSuite1692253980874.run(TempTestSuite1692253980874.groovy:36)
Caused by: com.kms.katalon.core.exception.StepFailedException: Unable to click on object 'Object Repository/HomePage/Iniciar sesion'
	at com.kms.katalon.core.webui.keyword.internal.WebUIKeywordMain.stepFailed(WebUIKeywordMain.groovy:64)
	at com.kms.katalon.core.webui.keyword.internal.WebUIKeywordMain.runKeyword(WebUIKeywordMain.groovy:26)
	at com.kms.katalon.core.webui.keyword.builtin.ClickKeyword.click(ClickKeyword.groovy:74)
	at com.kms.katalon.core.webui.keyword.builtin.ClickKeyword.execute(ClickKeyword.groovy:40)
	at com.kms.katalon.core.keyword.internal.KeywordExecutor.executeKeywordForPlatform(KeywordExecutor.groovy:74)
	at com.kms.katalon.core.webui.keyword.WebUiBuiltInKeywords.click(WebUiBuiltInKeywords.groovy:620)
	at com.kms.katalon.core.webui.keyword.WebUiBuiltInKeywords$click$2.call(Unknown Source)
	at login_odtaqab.run(login_odtaqab:20)
	at com.kms.katalon.core.main.ScriptEngine.run(ScriptEngine.java:194)
	at com.kms.katalon.core.main.ScriptEngine.runScriptAsRawText(ScriptEngine.java:119)
	at com.kms.katalon.core.main.TestCaseExecutor.runScript(TestCaseExecutor.java:448)
	at com.kms.katalon.core.main.TestCaseExecutor.doExecute(TestCaseExecutor.java:439)
	at com.kms.katalon.core.main.TestCaseExecutor.processExecutionPhase(TestCaseExecutor.java:418)
	at com.kms.katalon.core.main.TestCaseExecutor.accessMainPhase(TestCaseExecutor.java:410)
	at com.kms.katalon.core.main.TestCaseExecutor.execute(TestCaseExecutor.java:285)
	at com.kms.katalon.core.main.TestCaseMain.runTestCase(TestCaseMain.java:142)
	at com.kms.katalon.core.keyword.builtin.CallTestCaseKeyword$_callTestCase_closure1.doCall(CallTestCaseKeyword.groovy:59)
	... 20 more
Caused by: com.kms.katalon.core.webui.exception.WebElementNotFoundException: Web element with id: 'Object Repository/HomePage/Iniciar sesion' located by '(//span[@class='a-header__topLink'])' not found
	at com.kms.katalon.core.webui.common.WebUiCommonHelper.findWebElement(WebUiCommonHelper.java:1370)
	at com.kms.katalon.core.webui.keyword.internal.WebUIAbstractKeyword.findWebElement(WebUIAbstractKeyword.groovy:27)
	at com.kms.katalon.core.webui.keyword.builtin.ClickKeyword$_click_closure1.doCall(ClickKeyword.groovy:65)
	at com.kms.katalon.core.webui.keyword.builtin.ClickKeyword$_click_closure1.call(ClickKeyword.groovy)
	at com.kms.katalon.core.webui.keyword.internal.WebUIKeywordMain.runKeyword(WebUIKeywordMain.groovy:20)
	... 35 more
"/>
         <system-out><![CDATA[2023-08-17 13:07:47 - [TEST_CASE][FAILED] - Test Cases/Checkout/TS_SMOKE_SUITE_088: Test Cases/Checkout/TS_SMOKE_SUITE_088 FAILED.
Reason:
com.kms.katalon.core.exception.StepFailedException: Call Test Case 'Test Cases/CommonMethods/login_odtaqab' failed
	at com.kms.katalon.core.keyword.builtin.CallTestCaseKeyword$_callTestCase_closure1.doCall(CallTestCaseKeyword.groovy:63)
	at com.kms.katalon.core.keyword.builtin.CallTestCaseKeyword$_callTestCase_closure1.call(CallTestCaseKeyword.groovy)
	at com.kms.katalon.core.keyword.internal.KeywordMain.runKeyword(KeywordMain.groovy:74)
	at com.kms.katalon.core.keyword.builtin.CallTestCaseKeyword.callTestCase(CallTestCaseKeyword.groovy:81)
	at com.kms.katalon.core.keyword.builtin.CallTestCaseKeyword.execute(CallTestCaseKeyword.groovy:44)
	at com.kms.katalon.core.keyword.internal.KeywordExecutor.executeKeywordForPlatform(KeywordExecutor.groovy:74)
	at com.kms.katalon.core.keyword.BuiltinKeywords.callTestCase(BuiltinKeywords.groovy:334)
	at TS_SMOKE_SUITE_088.run(TS_SMOKE_SUITE_088:28)
	at com.kms.katalon.core.main.ScriptEngine.run(ScriptEngine.java:194)
	at com.kms.katalon.core.main.ScriptEngine.runScriptAsRawText(ScriptEngine.java:119)
	at com.kms.katalon.core.main.TestCaseExecutor.runScript(TestCaseExecutor.java:448)
	at com.kms.katalon.core.main.TestCaseExecutor.doExecute(TestCaseExecutor.java:439)
	at com.kms.katalon.core.main.TestCaseExecutor.processExecutionPhase(TestCaseExecutor.java:418)
	at com.kms.katalon.core.main.TestCaseExecutor.accessMainPhase(TestCaseExecutor.java:410)
	at com.kms.katalon.core.main.TestCaseExecutor.execute(TestCaseExecutor.java:285)
	at com.kms.katalon.core.common.CommonExecutor.accessTestCaseMainPhase(CommonExecutor.java:65)
	at com.kms.katalon.core.main.TestSuiteExecutor.accessTestSuiteMainPhase(TestSuiteExecutor.java:151)
	at com.kms.katalon.core.main.TestSuiteExecutor.execute(TestSuiteExecutor.java:106)
	at com.kms.katalon.core.main.TestCaseMain.startTestSuite(TestCaseMain.java:185)
	at com.kms.katalon.core.main.TestCaseMain$startTestSuite$0.call(Unknown Source)
	at TempTestSuite1692253980874.run(TempTestSuite1692253980874.groovy:36)
Caused by: com.kms.katalon.core.exception.StepFailedException: Unable to click on object 'Object Repository/HomePage/Iniciar sesion'
	at com.kms.katalon.core.webui.keyword.internal.WebUIKeywordMain.stepFailed(WebUIKeywordMain.groovy:64)
	at com.kms.katalon.core.webui.keyword.internal.WebUIKeywordMain.runKeyword(WebUIKeywordMain.groovy:26)
	at com.kms.katalon.core.webui.keyword.builtin.ClickKeyword.click(ClickKeyword.groovy:74)
	at com.kms.katalon.core.webui.keyword.builtin.ClickKeyword.execute(ClickKeyword.groovy:40)
	at com.kms.katalon.core.keyword.internal.KeywordExecutor.executeKeywordForPlatform(KeywordExecutor.groovy:74)
	at com.kms.katalon.core.webui.keyword.WebUiBuiltInKeywords.click(WebUiBuiltInKeywords.groovy:620)
	at com.kms.katalon.core.webui.keyword.WebUiBuiltInKeywords$click$2.call(Unknown Source)
	at login_odtaqab.run(login_odtaqab:20)
	at com.kms.katalon.core.main.ScriptEngine.run(ScriptEngine.java:194)
	at com.kms.katalon.core.main.ScriptEngine.runScriptAsRawText(ScriptEngine.java:119)
	at com.kms.katalon.core.main.TestCaseExecutor.runScript(TestCaseExecutor.java:448)
	at com.kms.katalon.core.main.TestCaseExecutor.doExecute(TestCaseExecutor.java:439)
	at com.kms.katalon.core.main.TestCaseExecutor.processExecutionPhase(TestCaseExecutor.java:418)
	at com.kms.katalon.core.main.TestCaseExecutor.accessMainPhase(TestCaseExecutor.java:410)
	at com.kms.katalon.core.main.TestCaseExecutor.execute(TestCaseExecutor.java:285)
	at com.kms.katalon.core.main.TestCaseMain.runTestCase(TestCaseMain.java:142)
	at com.kms.katalon.core.keyword.builtin.CallTestCaseKeyword$_callTestCase_closure1.doCall(CallTestCaseKeyword.groovy:59)
	... 20 more
Caused by: com.kms.katalon.core.webui.exception.WebElementNotFoundException: Web element with id: 'Object Repository/HomePage/Iniciar sesion' located by '(//span[@class='a-header__topLink'])' not found
	at com.kms.katalon.core.webui.common.WebUiCommonHelper.findWebElement(WebUiCommonHelper.java:1370)
	at com.kms.katalon.core.webui.keyword.internal.WebUIAbstractKeyword.findWebElement(WebUIAbstractKeyword.groovy:27)
	at com.kms.katalon.core.webui.keyword.builtin.ClickKeyword$_click_closure1.doCall(ClickKeyword.groovy:65)
	at com.kms.katalon.core.webui.keyword.builtin.ClickKeyword$_click_closure1.call(ClickKeyword.groovy)
	at com.kms.katalon.core.webui.keyword.internal.WebUIKeywordMain.runKeyword(WebUIKeywordMain.groovy:20)
	... 35 more


2023-08-17 13:07:47 - [TEST_STEP][PASSED] - openBrowser(""): Browser is opened with url: ''

2023-08-17 13:07:47 - [MESSAGE][INFO] - Starting 'Chrome' driver

2023-08-17 13:07:47 - [MESSAGE][INFO] - Action delay is set to 0 milliseconds

2023-08-17 13:07:49 - [MESSAGE][PASSED] - Browser is opened with url: ''

2023-08-17 13:07:49 - [TEST_STEP][PASSED] - navigateToUrl(URL): Navigate to 'https://odtaqaa.liverpool.com.mx/tienda/home' successfully

2023-08-17 13:08:37 - [MESSAGE][PASSED] - Navigate to 'https://odtaqaa.liverpool.com.mx/tienda/home' successfully

2023-08-17 13:08:37 - [TEST_STEP][PASSED] - maximizeWindow(): Current window maximized

2023-08-17 13:08:38 - [MESSAGE][PASSED] - Current window maximized

2023-08-17 13:08:38 - [TEST_STEP][PASSED] - click(findTestObject("HomePage/Iniciar sesion")): Object: 'Object Repository/HomePage/Iniciar sesion' is clicked on

2023-08-17 13:08:39 - [MESSAGE][PASSED] - Object: 'Object Repository/HomePage/Iniciar sesion' is clicked on

2023-08-17 13:08:39 - [TEST_STEP][FAILED] - callTestCase(findTestCase("CommonMethods/login_odtaqab"), [:], STOP_ON_FAILURE): Unable to call Test Case 'Test Cases/CommonMethods/login_odtaqab' (Root cause: com.kms.katalon.core.exception.StepFailedException: Call Test Case 'Test Cases/CommonMethods/login_odtaqab' failed
	at com.kms.katalon.core.keyword.builtin.CallTestCaseKeyword$_callTestCase_closure1.doCall(CallTestCaseKeyword.groovy:63)
	at com.kms.katalon.core.keyword.builtin.CallTestCaseKeyword$_callTestCase_closure1.call(CallTestCaseKeyword.groovy)
	at com.kms.katalon.core.keyword.internal.KeywordMain.runKeyword(KeywordMain.groovy:74)
	at com.kms.katalon.core.keyword.builtin.CallTestCaseKeyword.callTestCase(CallTestCaseKeyword.groovy:81)
	at com.kms.katalon.core.keyword.builtin.CallTestCaseKeyword.execute(CallTestCaseKeyword.groovy:44)
	at com.kms.katalon.core.keyword.internal.KeywordExecutor.executeKeywordForPlatform(KeywordExecutor.groovy:74)
	at com.kms.katalon.core.keyword.BuiltinKeywords.callTestCase(BuiltinKeywords.groovy:334)
	at TS_SMOKE_SUITE_088.run(TS_SMOKE_SUITE_088:28)
	at com.kms.katalon.core.main.ScriptEngine.run(ScriptEngine.java:194)
	at com.kms.katalon.core.main.ScriptEngine.runScriptAsRawText(ScriptEngine.java:119)
	at com.kms.katalon.core.main.TestCaseExecutor.runScript(TestCaseExecutor.java:448)
	at com.kms.katalon.core.main.TestCaseExecutor.doExecute(TestCaseExecutor.java:439)
	at com.kms.katalon.core.main.TestCaseExecutor.processExecutionPhase(TestCaseExecutor.java:418)
	at com.kms.katalon.core.main.TestCaseExecutor.accessMainPhase(TestCaseExecutor.java:410)
	at com.kms.katalon.core.main.TestCaseExecutor.execute(TestCaseExecutor.java:285)
	at com.kms.katalon.core.common.CommonExecutor.accessTestCaseMainPhase(CommonExecutor.java:65)
	at com.kms.katalon.core.main.TestSuiteExecutor.accessTestSuiteMainPhase(TestSuiteExecutor.java:151)
	at com.kms.katalon.core.main.TestSuiteExecutor.execute(TestSuiteExecutor.java:106)
	at com.kms.katalon.core.main.TestCaseMain.startTestSuite(TestCaseMain.java:185)
	at com.kms.katalon.core.main.TestCaseMain$startTestSuite$0.call(Unknown Source)
	at TempTestSuite1692253980874.run(TempTestSuite1692253980874.groovy:36)
Caused by: com.kms.katalon.core.exception.StepFailedException: Unable to click on object 'Object Repository/HomePage/Iniciar sesion'
	at com.kms.katalon.core.webui.keyword.internal.WebUIKeywordMain.stepFailed(WebUIKeywordMain.groovy:64)
	at com.kms.katalon.core.webui.keyword.internal.WebUIKeywordMain.runKeyword(WebUIKeywordMain.groovy:26)
	at com.kms.katalon.core.webui.keyword.builtin.ClickKeyword.click(ClickKeyword.groovy:74)
	at com.kms.katalon.core.webui.keyword.builtin.ClickKeyword.execute(ClickKeyword.groovy:40)
	at com.kms.katalon.core.keyword.internal.KeywordExecutor.executeKeywordForPlatform(KeywordExecutor.groovy:74)
	at com.kms.katalon.core.webui.keyword.WebUiBuiltInKeywords.click(WebUiBuiltInKeywords.groovy:620)
	at com.kms.katalon.core.webui.keyword.WebUiBuiltInKeywords$click$2.call(Unknown Source)
	at login_odtaqab.run(login_odtaqab:20)
	at com.kms.katalon.core.main.ScriptEngine.run(ScriptEngine.java:194)
	at com.kms.katalon.core.main.ScriptEngine.runScriptAsRawText(ScriptEngine.java:119)
	at com.kms.katalon.core.main.TestCaseExecutor.runScript(TestCaseExecutor.java:448)
	at com.kms.katalon.core.main.TestCaseExecutor.doExecute(TestCaseExecutor.java:439)
	at com.kms.katalon.core.main.TestCaseExecutor.processExecutionPhase(TestCaseExecutor.java:418)
	at com.kms.katalon.core.main.TestCaseExecutor.accessMainPhase(TestCaseExecutor.java:410)
	at com.kms.katalon.core.main.TestCaseExecutor.execute(TestCaseExecutor.java:285)
	at com.kms.katalon.core.main.TestCaseMain.runTestCase(TestCaseMain.java:142)
	at com.kms.katalon.core.keyword.builtin.CallTestCaseKeyword$_callTestCase_closure1.doCall(CallTestCaseKeyword.groovy:59)
	... 20 more
Caused by: com.kms.katalon.core.webui.exception.WebElementNotFoundException: Web element with id: 'Object Repository/HomePage/Iniciar sesion' located by '(//span[@class='a-header__topLink'])' not found
	at com.kms.katalon.core.webui.common.WebUiCommonHelper.findWebElement(WebUiCommonHelper.java:1370)
	at com.kms.katalon.core.webui.keyword.internal.WebUIAbstractKeyword.findWebElement(WebUIAbstractKeyword.groovy:27)
	at com.kms.katalon.core.webui.keyword.builtin.ClickKeyword$_click_closure1.doCall(ClickKeyword.groovy:65)
	at com.kms.katalon.core.webui.keyword.builtin.ClickKeyword$_click_closure1.call(ClickKeyword.groovy)
	at com.kms.katalon.core.webui.keyword.internal.WebUIKeywordMain.runKeyword(WebUIKeywordMain.groovy:20)
	... 35 more
)

2023-08-17 13:08:39 - [TEST_CASE][FAILED] - Test Cases/CommonMethods/login_odtaqab: Test Cases/CommonMethods/login_odtaqab FAILED.
Reason:
com.kms.katalon.core.exception.StepFailedException: Unable to click on object 'Object Repository/HomePage/Iniciar sesion'
	at com.kms.katalon.core.webui.keyword.internal.WebUIKeywordMain.stepFailed(WebUIKeywordMain.groovy:64)
	at com.kms.katalon.core.webui.keyword.internal.WebUIKeywordMain.runKeyword(WebUIKeywordMain.groovy:26)
	at com.kms.katalon.core.webui.keyword.builtin.ClickKeyword.click(ClickKeyword.groovy:74)
	at com.kms.katalon.core.webui.keyword.builtin.ClickKeyword.execute(ClickKeyword.groovy:40)
	at com.kms.katalon.core.keyword.internal.KeywordExecutor.executeKeywordForPlatform(KeywordExecutor.groovy:74)
	at com.kms.katalon.core.webui.keyword.WebUiBuiltInKeywords.click(WebUiBuiltInKeywords.groovy:620)
	at com.kms.katalon.core.webui.keyword.WebUiBuiltInKeywords$click$2.call(Unknown Source)
	at login_odtaqab.run(login_odtaqab:20)
	at com.kms.katalon.core.main.ScriptEngine.run(ScriptEngine.java:194)
	at com.kms.katalon.core.main.ScriptEngine.runScriptAsRawText(ScriptEngine.java:119)
	at com.kms.katalon.core.main.TestCaseExecutor.runScript(TestCaseExecutor.java:448)
	at com.kms.katalon.core.main.TestCaseExecutor.doExecute(TestCaseExecutor.java:439)
	at com.kms.katalon.core.main.TestCaseExecutor.processExecutionPhase(TestCaseExecutor.java:418)
	at com.kms.katalon.core.main.TestCaseExecutor.accessMainPhase(TestCaseExecutor.java:410)
	at com.kms.katalon.core.main.TestCaseExecutor.execute(TestCaseExecutor.java:285)
	at com.kms.katalon.core.main.TestCaseMain.runTestCase(TestCaseMain.java:142)
	at com.kms.katalon.core.keyword.builtin.CallTestCaseKeyword$_callTestCase_closure1.doCall(CallTestCaseKeyword.groovy:59)
	at com.kms.katalon.core.keyword.builtin.CallTestCaseKeyword$_callTestCase_closure1.call(CallTestCaseKeyword.groovy)
	at com.kms.katalon.core.keyword.internal.KeywordMain.runKeyword(KeywordMain.groovy:74)
	at com.kms.katalon.core.keyword.builtin.CallTestCaseKeyword.callTestCase(CallTestCaseKeyword.groovy:81)
	at com.kms.katalon.core.keyword.builtin.CallTestCaseKeyword.execute(CallTestCaseKeyword.groovy:44)
	at com.kms.katalon.core.keyword.internal.KeywordExecutor.executeKeywordForPlatform(KeywordExecutor.groovy:74)
	at com.kms.katalon.core.keyword.BuiltinKeywords.callTestCase(BuiltinKeywords.groovy:334)
	at TS_SMOKE_SUITE_088.run(TS_SMOKE_SUITE_088:28)
	at com.kms.katalon.core.main.ScriptEngine.run(ScriptEngine.java:194)
	at com.kms.katalon.core.main.ScriptEngine.runScriptAsRawText(ScriptEngine.java:119)
	at com.kms.katalon.core.main.TestCaseExecutor.runScript(TestCaseExecutor.java:448)
	at com.kms.katalon.core.main.TestCaseExecutor.doExecute(TestCaseExecutor.java:439)
	at com.kms.katalon.core.main.TestCaseExecutor.processExecutionPhase(TestCaseExecutor.java:418)
	at com.kms.katalon.core.main.TestCaseExecutor.accessMainPhase(TestCaseExecutor.java:410)
	at com.kms.katalon.core.main.TestCaseExecutor.execute(TestCaseExecutor.java:285)
	at com.kms.katalon.core.common.CommonExecutor.accessTestCaseMainPhase(CommonExecutor.java:65)
	at com.kms.katalon.core.main.TestSuiteExecutor.accessTestSuiteMainPhase(TestSuiteExecutor.java:151)
	at com.kms.katalon.core.main.TestSuiteExecutor.execute(TestSuiteExecutor.java:106)
	at com.kms.katalon.core.main.TestCaseMain.startTestSuite(TestCaseMain.java:185)
	at com.kms.katalon.core.main.TestCaseMain$startTestSuite$0.call(Unknown Source)
	at TempTestSuite1692253980874.run(TempTestSuite1692253980874.groovy:36)
Caused by: com.kms.katalon.core.webui.exception.WebElementNotFoundException: Web element with id: 'Object Repository/HomePage/Iniciar sesion' located by '(//span[@class='a-header__topLink'])' not found
	at com.kms.katalon.core.webui.common.WebUiCommonHelper.findWebElement(WebUiCommonHelper.java:1370)
	at com.kms.katalon.core.webui.keyword.internal.WebUIAbstractKeyword.findWebElement(WebUIAbstractKeyword.groovy:27)
	at com.kms.katalon.core.webui.keyword.builtin.ClickKeyword$_click_closure1.doCall(ClickKeyword.groovy:65)
	at com.kms.katalon.core.webui.keyword.builtin.ClickKeyword$_click_closure1.call(ClickKeyword.groovy)
	at com.kms.katalon.core.webui.keyword.internal.WebUIKeywordMain.runKeyword(WebUIKeywordMain.groovy:20)
	... 35 more


2023-08-17 13:08:39 - [TEST_STEP][FAILED] - click(findTestObject("HomePage/Iniciar sesion")): Unable to click on object 'Object Repository/HomePage/Iniciar sesion' (Root cause: com.kms.katalon.core.exception.StepFailedException: Unable to click on object 'Object Repository/HomePage/Iniciar sesion'
	at com.kms.katalon.core.webui.keyword.internal.WebUIKeywordMain.stepFailed(WebUIKeywordMain.groovy:64)
	at com.kms.katalon.core.webui.keyword.internal.WebUIKeywordMain.runKeyword(WebUIKeywordMain.groovy:26)
	at com.kms.katalon.core.webui.keyword.builtin.ClickKeyword.click(ClickKeyword.groovy:74)
	at com.kms.katalon.core.webui.keyword.builtin.ClickKeyword.execute(ClickKeyword.groovy:40)
	at com.kms.katalon.core.keyword.internal.KeywordExecutor.executeKeywordForPlatform(KeywordExecutor.groovy:74)
	at com.kms.katalon.core.webui.keyword.WebUiBuiltInKeywords.click(WebUiBuiltInKeywords.groovy:620)
	at com.kms.katalon.core.webui.keyword.WebUiBuiltInKeywords$click$2.call(Unknown Source)
	at login_odtaqab.run(login_odtaqab:20)
	at com.kms.katalon.core.main.ScriptEngine.run(ScriptEngine.java:194)
	at com.kms.katalon.core.main.ScriptEngine.runScriptAsRawText(ScriptEngine.java:119)
	at com.kms.katalon.core.main.TestCaseExecutor.runScript(TestCaseExecutor.java:448)
	at com.kms.katalon.core.main.TestCaseExecutor.doExecute(TestCaseExecutor.java:439)
	at com.kms.katalon.core.main.TestCaseExecutor.processExecutionPhase(TestCaseExecutor.java:418)
	at com.kms.katalon.core.main.TestCaseExecutor.accessMainPhase(TestCaseExecutor.java:410)
	at com.kms.katalon.core.main.TestCaseExecutor.execute(TestCaseExecutor.java:285)
	at com.kms.katalon.core.main.TestCaseMain.runTestCase(TestCaseMain.java:142)
	at com.kms.katalon.core.keyword.builtin.CallTestCaseKeyword$_callTestCase_closure1.doCall(CallTestCaseKeyword.groovy:59)
	at com.kms.katalon.core.keyword.builtin.CallTestCaseKeyword$_callTestCase_closure1.call(CallTestCaseKeyword.groovy)
	at com.kms.katalon.core.keyword.internal.KeywordMain.runKeyword(KeywordMain.groovy:74)
	at com.kms.katalon.core.keyword.builtin.CallTestCaseKeyword.callTestCase(CallTestCaseKeyword.groovy:81)
	at com.kms.katalon.core.keyword.builtin.CallTestCaseKeyword.execute(CallTestCaseKeyword.groovy:44)
	at com.kms.katalon.core.keyword.internal.KeywordExecutor.executeKeywordForPlatform(KeywordExecutor.groovy:74)
	at com.kms.katalon.core.keyword.BuiltinKeywords.callTestCase(BuiltinKeywords.groovy:334)
	at TS_SMOKE_SUITE_088.run(TS_SMOKE_SUITE_088:28)
	at com.kms.katalon.core.main.ScriptEngine.run(ScriptEngine.java:194)
	at com.kms.katalon.core.main.ScriptEngine.runScriptAsRawText(ScriptEngine.java:119)
	at com.kms.katalon.core.main.TestCaseExecutor.runScript(TestCaseExecutor.java:448)
	at com.kms.katalon.core.main.TestCaseExecutor.doExecute(TestCaseExecutor.java:439)
	at com.kms.katalon.core.main.TestCaseExecutor.processExecutionPhase(TestCaseExecutor.java:418)
	at com.kms.katalon.core.main.TestCaseExecutor.accessMainPhase(TestCaseExecutor.java:410)
	at com.kms.katalon.core.main.TestCaseExecutor.execute(TestCaseExecutor.java:285)
	at com.kms.katalon.core.common.CommonExecutor.accessTestCaseMainPhase(CommonExecutor.java:65)
	at com.kms.katalon.core.main.TestSuiteExecutor.accessTestSuiteMainPhase(TestSuiteExecutor.java:151)
	at com.kms.katalon.core.main.TestSuiteExecutor.execute(TestSuiteExecutor.java:106)
	at com.kms.katalon.core.main.TestCaseMain.startTestSuite(TestCaseMain.java:185)
	at com.kms.katalon.core.main.TestCaseMain$startTestSuite$0.call(Unknown Source)
	at TempTestSuite1692253980874.run(TempTestSuite1692253980874.groovy:36)
Caused by: com.kms.katalon.core.webui.exception.WebElementNotFoundException: Web element with id: 'Object Repository/HomePage/Iniciar sesion' located by '(//span[@class='a-header__topLink'])' not found
	at com.kms.katalon.core.webui.common.WebUiCommonHelper.findWebElement(WebUiCommonHelper.java:1370)
	at com.kms.katalon.core.webui.keyword.internal.WebUIAbstractKeyword.findWebElement(WebUIAbstractKeyword.groovy:27)
	at com.kms.katalon.core.webui.keyword.builtin.ClickKeyword$_click_closure1.doCall(ClickKeyword.groovy:65)
	at com.kms.katalon.core.webui.keyword.builtin.ClickKeyword$_click_closure1.call(ClickKeyword.groovy)
	at com.kms.katalon.core.webui.keyword.internal.WebUIKeywordMain.runKeyword(WebUIKeywordMain.groovy:20)
	at com.kms.katalon.core.webui.keyword.builtin.ClickKeyword.click(ClickKeyword.groovy:74)
	at com.kms.katalon.core.webui.keyword.builtin.ClickKeyword.execute(ClickKeyword.groovy:40)
	at com.kms.katalon.core.keyword.internal.KeywordExecutor.executeKeywordForPlatform(KeywordExecutor.groovy:74)
	at com.kms.katalon.core.webui.keyword.WebUiBuiltInKeywords.click(WebUiBuiltInKeywords.groovy:620)
	at com.kms.katalon.core.webui.keyword.WebUiBuiltInKeywords$click$2.call(Unknown Source)
	at Script1682278963047.run(Script1682278963047.groovy:20)
	at com.kms.katalon.core.main.ScriptEngine.run(ScriptEngine.java:194)
	at com.kms.katalon.core.main.ScriptEngine.runScriptAsRawText(ScriptEngine.java:119)
	at com.kms.katalon.core.main.TestCaseExecutor.runScript(TestCaseExecutor.java:448)
	at com.kms.katalon.core.main.TestCaseExecutor.doExecute(TestCaseExecutor.java:439)
	at com.kms.katalon.core.main.TestCaseExecutor.processExecutionPhase(TestCaseExecutor.java:418)
	at com.kms.katalon.core.main.TestCaseExecutor.accessMainPhase(TestCaseExecutor.java:410)
	at com.kms.katalon.core.main.TestCaseExecutor.execute(TestCaseExecutor.java:285)
	at com.kms.katalon.core.main.TestCaseMain.runTestCase(TestCaseMain.java:142)
	at com.kms.katalon.core.keyword.builtin.CallTestCaseKeyword$_callTestCase_closure1.doCall(CallTestCaseKeyword.groovy:59)
	at com.kms.katalon.core.keyword.builtin.CallTestCaseKeyword$_callTestCase_closure1.call(CallTestCaseKeyword.groovy)
	at com.kms.katalon.core.keyword.internal.KeywordMain.runKeyword(KeywordMain.groovy:74)
	at com.kms.katalon.core.keyword.builtin.CallTestCaseKeyword.callTestCase(CallTestCaseKeyword.groovy:81)
	at com.kms.katalon.core.keyword.builtin.CallTestCaseKeyword.execute(CallTestCaseKeyword.groovy:44)
	at com.kms.katalon.core.keyword.internal.KeywordExecutor.executeKeywordForPlatform(KeywordExecutor.groovy:74)
	at com.kms.katalon.core.keyword.BuiltinKeywords.callTestCase(BuiltinKeywords.groovy:334)
	at Script1691582190496.run(Script1691582190496.groovy:28)
	... 13 more
)

2023-08-17 13:09:10 - [MESSAGE][INFO] - Unable to find the element located by 'By.xpath: (//span[@class='a-header__topLink'])'. Please recheck the objects properties to make sure the desired element is located. 

2023-08-17 13:09:10 - [MESSAGE][FAILED] - Unable to click on object 'Object Repository/HomePage/Iniciar sesion' (Root cause: com.kms.katalon.core.exception.StepFailedException: Unable to click on object 'Object Repository/HomePage/Iniciar sesion'
	at com.kms.katalon.core.webui.keyword.internal.WebUIKeywordMain.stepFailed(WebUIKeywordMain.groovy:64)
	at com.kms.katalon.core.webui.keyword.internal.WebUIKeywordMain.runKeyword(WebUIKeywordMain.groovy:26)
	at com.kms.katalon.core.webui.keyword.builtin.ClickKeyword.click(ClickKeyword.groovy:74)
	at com.kms.katalon.core.webui.keyword.builtin.ClickKeyword.execute(ClickKeyword.groovy:40)
	at com.kms.katalon.core.keyword.internal.KeywordExecutor.executeKeywordForPlatform(KeywordExecutor.groovy:74)
	at com.kms.katalon.core.webui.keyword.WebUiBuiltInKeywords.click(WebUiBuiltInKeywords.groovy:620)
	at com.kms.katalon.core.webui.keyword.WebUiBuiltInKeywords$click$2.call(Unknown Source)
	at login_odtaqab.run(login_odtaqab:20)
	at com.kms.katalon.core.main.ScriptEngine.run(ScriptEngine.java:194)
	at com.kms.katalon.core.main.ScriptEngine.runScriptAsRawText(ScriptEngine.java:119)
	at com.kms.katalon.core.main.TestCaseExecutor.runScript(TestCaseExecutor.java:448)
	at com.kms.katalon.core.main.TestCaseExecutor.doExecute(TestCaseExecutor.java:439)
	at com.kms.katalon.core.main.TestCaseExecutor.processExecutionPhase(TestCaseExecutor.java:418)
	at com.kms.katalon.core.main.TestCaseExecutor.accessMainPhase(TestCaseExecutor.java:410)
	at com.kms.katalon.core.main.TestCaseExecutor.execute(TestCaseExecutor.java:285)
	at com.kms.katalon.core.main.TestCaseMain.runTestCase(TestCaseMain.java:142)
	at com.kms.katalon.core.keyword.builtin.CallTestCaseKeyword$_callTestCase_closure1.doCall(CallTestCaseKeyword.groovy:59)
	at com.kms.katalon.core.keyword.builtin.CallTestCaseKeyword$_callTestCase_closure1.call(CallTestCaseKeyword.groovy)
	at com.kms.katalon.core.keyword.internal.KeywordMain.runKeyword(KeywordMain.groovy:74)
	at com.kms.katalon.core.keyword.builtin.CallTestCaseKeyword.callTestCase(CallTestCaseKeyword.groovy:81)
	at com.kms.katalon.core.keyword.builtin.CallTestCaseKeyword.execute(CallTestCaseKeyword.groovy:44)
	at com.kms.katalon.core.keyword.internal.KeywordExecutor.executeKeywordForPlatform(KeywordExecutor.groovy:74)
	at com.kms.katalon.core.keyword.BuiltinKeywords.callTestCase(BuiltinKeywords.groovy:334)
	at TS_SMOKE_SUITE_088.run(TS_SMOKE_SUITE_088:28)
	at com.kms.katalon.core.main.ScriptEngine.run(ScriptEngine.java:194)
	at com.kms.katalon.core.main.ScriptEngine.runScriptAsRawText(ScriptEngine.java:119)
	at com.kms.katalon.core.main.TestCaseExecutor.runScript(TestCaseExecutor.java:448)
	at com.kms.katalon.core.main.TestCaseExecutor.doExecute(TestCaseExecutor.java:439)
	at com.kms.katalon.core.main.TestCaseExecutor.processExecutionPhase(TestCaseExecutor.java:418)
	at com.kms.katalon.core.main.TestCaseExecutor.accessMainPhase(TestCaseExecutor.java:410)
	at com.kms.katalon.core.main.TestCaseExecutor.execute(TestCaseExecutor.java:285)
	at com.kms.katalon.core.common.CommonExecutor.accessTestCaseMainPhase(CommonExecutor.java:65)
	at com.kms.katalon.core.main.TestSuiteExecutor.accessTestSuiteMainPhase(TestSuiteExecutor.java:151)
	at com.kms.katalon.core.main.TestSuiteExecutor.execute(TestSuiteExecutor.java:106)
	at com.kms.katalon.core.main.TestCaseMain.startTestSuite(TestCaseMain.java:185)
	at com.kms.katalon.core.main.TestCaseMain$startTestSuite$0.call(Unknown Source)
	at TempTestSuite1692253980874.run(TempTestSuite1692253980874.groovy:36)
Caused by: com.kms.katalon.core.webui.exception.WebElementNotFoundException: Web element with id: 'Object Repository/HomePage/Iniciar sesion' located by '(//span[@class='a-header__topLink'])' not found
	at com.kms.katalon.core.webui.common.WebUiCommonHelper.findWebElement(WebUiCommonHelper.java:1370)
	at com.kms.katalon.core.webui.keyword.internal.WebUIAbstractKeyword.findWebElement(WebUIAbstractKeyword.groovy:27)
	at com.kms.katalon.core.webui.keyword.builtin.ClickKeyword$_click_closure1.doCall(ClickKeyword.groovy:65)
	at com.kms.katalon.core.webui.keyword.builtin.ClickKeyword$_click_closure1.call(ClickKeyword.groovy)
	at com.kms.katalon.core.webui.keyword.internal.WebUIKeywordMain.runKeyword(WebUIKeywordMain.groovy:20)
	at com.kms.katalon.core.webui.keyword.builtin.ClickKeyword.click(ClickKeyword.groovy:74)
	at com.kms.katalon.core.webui.keyword.builtin.ClickKeyword.execute(ClickKeyword.groovy:40)
	at com.kms.katalon.core.keyword.internal.KeywordExecutor.executeKeywordForPlatform(KeywordExecutor.groovy:74)
	at com.kms.katalon.core.webui.keyword.WebUiBuiltInKeywords.click(WebUiBuiltInKeywords.groovy:620)
	at com.kms.katalon.core.webui.keyword.WebUiBuiltInKeywords$click$2.call(Unknown Source)
	at Script1682278963047.run(Script1682278963047.groovy:20)
	at com.kms.katalon.core.main.ScriptEngine.run(ScriptEngine.java:194)
	at com.kms.katalon.core.main.ScriptEngine.runScriptAsRawText(ScriptEngine.java:119)
	at com.kms.katalon.core.main.TestCaseExecutor.runScript(TestCaseExecutor.java:448)
	at com.kms.katalon.core.main.TestCaseExecutor.doExecute(TestCaseExecutor.java:439)
	at com.kms.katalon.core.main.TestCaseExecutor.processExecutionPhase(TestCaseExecutor.java:418)
	at com.kms.katalon.core.main.TestCaseExecutor.accessMainPhase(TestCaseExecutor.java:410)
	at com.kms.katalon.core.main.TestCaseExecutor.execute(TestCaseExecutor.java:285)
	at com.kms.katalon.core.main.TestCaseMain.runTestCase(TestCaseMain.java:142)
	at com.kms.katalon.core.keyword.builtin.CallTestCaseKeyword$_callTestCase_closure1.doCall(CallTestCaseKeyword.groovy:59)
	at com.kms.katalon.core.keyword.builtin.CallTestCaseKeyword$_callTestCase_closure1.call(CallTestCaseKeyword.groovy)
	at com.kms.katalon.core.keyword.internal.KeywordMain.runKeyword(KeywordMain.groovy:74)
	at com.kms.katalon.core.keyword.builtin.CallTestCaseKeyword.callTestCase(CallTestCaseKeyword.groovy:81)
	at com.kms.katalon.core.keyword.builtin.CallTestCaseKeyword.execute(CallTestCaseKeyword.groovy:44)
	at com.kms.katalon.core.keyword.internal.KeywordExecutor.executeKeywordForPlatform(KeywordExecutor.groovy:74)
	at com.kms.katalon.core.keyword.BuiltinKeywords.callTestCase(BuiltinKeywords.groovy:334)
	at Script1691582190496.run(Script1691582190496.groovy:28)
	... 13 more
)
[[ATTACHMENT|D:\\backup\\Liverpool_SmokeSuite1\\Reports\\20230817_120257\\checkout\\20230817_120300\\1692257950253.png]]

2023-08-17 13:09:10 - [MESSAGE][FAILED] - Unable to call Test Case 'Test Cases/CommonMethods/login_odtaqab' (Root cause: com.kms.katalon.core.exception.StepFailedException: Call Test Case 'Test Cases/CommonMethods/login_odtaqab' failed
	at com.kms.katalon.core.keyword.builtin.CallTestCaseKeyword$_callTestCase_closure1.doCall(CallTestCaseKeyword.groovy:63)
	at com.kms.katalon.core.keyword.builtin.CallTestCaseKeyword$_callTestCase_closure1.call(CallTestCaseKeyword.groovy)
	at com.kms.katalon.core.keyword.internal.KeywordMain.runKeyword(KeywordMain.groovy:74)
	at com.kms.katalon.core.keyword.builtin.CallTestCaseKeyword.callTestCase(CallTestCaseKeyword.groovy:81)
	at com.kms.katalon.core.keyword.builtin.CallTestCaseKeyword.execute(CallTestCaseKeyword.groovy:44)
	at com.kms.katalon.core.keyword.internal.KeywordExecutor.executeKeywordForPlatform(KeywordExecutor.groovy:74)
	at com.kms.katalon.core.keyword.BuiltinKeywords.callTestCase(BuiltinKeywords.groovy:334)
	at TS_SMOKE_SUITE_088.run(TS_SMOKE_SUITE_088:28)
	at com.kms.katalon.core.main.ScriptEngine.run(ScriptEngine.java:194)
	at com.kms.katalon.core.main.ScriptEngine.runScriptAsRawText(ScriptEngine.java:119)
	at com.kms.katalon.core.main.TestCaseExecutor.runScript(TestCaseExecutor.java:448)
	at com.kms.katalon.core.main.TestCaseExecutor.doExecute(TestCaseExecutor.java:439)
	at com.kms.katalon.core.main.TestCaseExecutor.processExecutionPhase(TestCaseExecutor.java:418)
	at com.kms.katalon.core.main.TestCaseExecutor.accessMainPhase(TestCaseExecutor.java:410)
	at com.kms.katalon.core.main.TestCaseExecutor.execute(TestCaseExecutor.java:285)
	at com.kms.katalon.core.common.CommonExecutor.accessTestCaseMainPhase(CommonExecutor.java:65)
	at com.kms.katalon.core.main.TestSuiteExecutor.accessTestSuiteMainPhase(TestSuiteExecutor.java:151)
	at com.kms.katalon.core.main.TestSuiteExecutor.execute(TestSuiteExecutor.java:106)
	at com.kms.katalon.core.main.TestCaseMain.startTestSuite(TestCaseMain.java:185)
	at com.kms.katalon.core.main.TestCaseMain$startTestSuite$0.call(Unknown Source)
	at TempTestSuite1692253980874.run(TempTestSuite1692253980874.groovy:36)
Caused by: com.kms.katalon.core.exception.StepFailedException: Unable to click on object 'Object Repository/HomePage/Iniciar sesion'
	at com.kms.katalon.core.webui.keyword.internal.WebUIKeywordMain.stepFailed(WebUIKeywordMain.groovy:64)
	at com.kms.katalon.core.webui.keyword.internal.WebUIKeywordMain.runKeyword(WebUIKeywordMain.groovy:26)
	at com.kms.katalon.core.webui.keyword.builtin.ClickKeyword.click(ClickKeyword.groovy:74)
	at com.kms.katalon.core.webui.keyword.builtin.ClickKeyword.execute(ClickKeyword.groovy:40)
	at com.kms.katalon.core.keyword.internal.KeywordExecutor.executeKeywordForPlatform(KeywordExecutor.groovy:74)
	at com.kms.katalon.core.webui.keyword.WebUiBuiltInKeywords.click(WebUiBuiltInKeywords.groovy:620)
	at com.kms.katalon.core.webui.keyword.WebUiBuiltInKeywords$click$2.call(Unknown Source)
	at login_odtaqab.run(login_odtaqab:20)
	at com.kms.katalon.core.main.ScriptEngine.run(ScriptEngine.java:194)
	at com.kms.katalon.core.main.ScriptEngine.runScriptAsRawText(ScriptEngine.java:119)
	at com.kms.katalon.core.main.TestCaseExecutor.runScript(TestCaseExecutor.java:448)
	at com.kms.katalon.core.main.TestCaseExecutor.doExecute(TestCaseExecutor.java:439)
	at com.kms.katalon.core.main.TestCaseExecutor.processExecutionPhase(TestCaseExecutor.java:418)
	at com.kms.katalon.core.main.TestCaseExecutor.accessMainPhase(TestCaseExecutor.java:410)
	at com.kms.katalon.core.main.TestCaseExecutor.execute(TestCaseExecutor.java:285)
	at com.kms.katalon.core.main.TestCaseMain.runTestCase(TestCaseMain.java:142)
	at com.kms.katalon.core.keyword.builtin.CallTestCaseKeyword$_callTestCase_closure1.doCall(CallTestCaseKeyword.groovy:59)
	... 20 more
Caused by: com.kms.katalon.core.webui.exception.WebElementNotFoundException: Web element with id: 'Object Repository/HomePage/Iniciar sesion' located by '(//span[@class='a-header__topLink'])' not found
	at com.kms.katalon.core.webui.common.WebUiCommonHelper.findWebElement(WebUiCommonHelper.java:1370)
	at com.kms.katalon.core.webui.keyword.internal.WebUIAbstractKeyword.findWebElement(WebUIAbstractKeyword.groovy:27)
	at com.kms.katalon.core.webui.keyword.builtin.ClickKeyword$_click_closure1.doCall(ClickKeyword.groovy:65)
	at com.kms.katalon.core.webui.keyword.builtin.ClickKeyword$_click_closure1.call(ClickKeyword.groovy)
	at com.kms.katalon.core.webui.keyword.internal.WebUIKeywordMain.runKeyword(WebUIKeywordMain.groovy:20)
	... 35 more
)]]></system-out>
         <system-err><![CDATA[2023-08-17 13:07:47 - [TEST_CASE][FAILED] - Test Cases/Checkout/TS_SMOKE_SUITE_088: Test Cases/Checkout/TS_SMOKE_SUITE_088 FAILED.
Reason:
com.kms.katalon.core.exception.StepFailedException: Call Test Case 'Test Cases/CommonMethods/login_odtaqab' failed
	at com.kms.katalon.core.keyword.builtin.CallTestCaseKeyword$_callTestCase_closure1.doCall(CallTestCaseKeyword.groovy:63)
	at com.kms.katalon.core.keyword.builtin.CallTestCaseKeyword$_callTestCase_closure1.call(CallTestCaseKeyword.groovy)
	at com.kms.katalon.core.keyword.internal.KeywordMain.runKeyword(KeywordMain.groovy:74)
	at com.kms.katalon.core.keyword.builtin.CallTestCaseKeyword.callTestCase(CallTestCaseKeyword.groovy:81)
	at com.kms.katalon.core.keyword.builtin.CallTestCaseKeyword.execute(CallTestCaseKeyword.groovy:44)
	at com.kms.katalon.core.keyword.internal.KeywordExecutor.executeKeywordForPlatform(KeywordExecutor.groovy:74)
	at com.kms.katalon.core.keyword.BuiltinKeywords.callTestCase(BuiltinKeywords.groovy:334)
	at TS_SMOKE_SUITE_088.run(TS_SMOKE_SUITE_088:28)
	at com.kms.katalon.core.main.ScriptEngine.run(ScriptEngine.java:194)
	at com.kms.katalon.core.main.ScriptEngine.runScriptAsRawText(ScriptEngine.java:119)
	at com.kms.katalon.core.main.TestCaseExecutor.runScript(TestCaseExecutor.java:448)
	at com.kms.katalon.core.main.TestCaseExecutor.doExecute(TestCaseExecutor.java:439)
	at com.kms.katalon.core.main.TestCaseExecutor.processExecutionPhase(TestCaseExecutor.java:418)
	at com.kms.katalon.core.main.TestCaseExecutor.accessMainPhase(TestCaseExecutor.java:410)
	at com.kms.katalon.core.main.TestCaseExecutor.execute(TestCaseExecutor.java:285)
	at com.kms.katalon.core.common.CommonExecutor.accessTestCaseMainPhase(CommonExecutor.java:65)
	at com.kms.katalon.core.main.TestSuiteExecutor.accessTestSuiteMainPhase(TestSuiteExecutor.java:151)
	at com.kms.katalon.core.main.TestSuiteExecutor.execute(TestSuiteExecutor.java:106)
	at com.kms.katalon.core.main.TestCaseMain.startTestSuite(TestCaseMain.java:185)
	at com.kms.katalon.core.main.TestCaseMain$startTestSuite$0.call(Unknown Source)
	at TempTestSuite1692253980874.run(TempTestSuite1692253980874.groovy:36)
Caused by: com.kms.katalon.core.exception.StepFailedException: Unable to click on object 'Object Repository/HomePage/Iniciar sesion'
	at com.kms.katalon.core.webui.keyword.internal.WebUIKeywordMain.stepFailed(WebUIKeywordMain.groovy:64)
	at com.kms.katalon.core.webui.keyword.internal.WebUIKeywordMain.runKeyword(WebUIKeywordMain.groovy:26)
	at com.kms.katalon.core.webui.keyword.builtin.ClickKeyword.click(ClickKeyword.groovy:74)
	at com.kms.katalon.core.webui.keyword.builtin.ClickKeyword.execute(ClickKeyword.groovy:40)
	at com.kms.katalon.core.keyword.internal.KeywordExecutor.executeKeywordForPlatform(KeywordExecutor.groovy:74)
	at com.kms.katalon.core.webui.keyword.WebUiBuiltInKeywords.click(WebUiBuiltInKeywords.groovy:620)
	at com.kms.katalon.core.webui.keyword.WebUiBuiltInKeywords$click$2.call(Unknown Source)
	at login_odtaqab.run(login_odtaqab:20)
	at com.kms.katalon.core.main.ScriptEngine.run(ScriptEngine.java:194)
	at com.kms.katalon.core.main.ScriptEngine.runScriptAsRawText(ScriptEngine.java:119)
	at com.kms.katalon.core.main.TestCaseExecutor.runScript(TestCaseExecutor.java:448)
	at com.kms.katalon.core.main.TestCaseExecutor.doExecute(TestCaseExecutor.java:439)
	at com.kms.katalon.core.main.TestCaseExecutor.processExecutionPhase(TestCaseExecutor.java:418)
	at com.kms.katalon.core.main.TestCaseExecutor.accessMainPhase(TestCaseExecutor.java:410)
	at com.kms.katalon.core.main.TestCaseExecutor.execute(TestCaseExecutor.java:285)
	at com.kms.katalon.core.main.TestCaseMain.runTestCase(TestCaseMain.java:142)
	at com.kms.katalon.core.keyword.builtin.CallTestCaseKeyword$_callTestCase_closure1.doCall(CallTestCaseKeyword.groovy:59)
	... 20 more
Caused by: com.kms.katalon.core.webui.exception.WebElementNotFoundException: Web element with id: 'Object Repository/HomePage/Iniciar sesion' located by '(//span[@class='a-header__topLink'])' not found
	at com.kms.katalon.core.webui.common.WebUiCommonHelper.findWebElement(WebUiCommonHelper.java:1370)
	at com.kms.katalon.core.webui.keyword.internal.WebUIAbstractKeyword.findWebElement(WebUIAbstractKeyword.groovy:27)
	at com.kms.katalon.core.webui.keyword.builtin.ClickKeyword$_click_closure1.doCall(ClickKeyword.groovy:65)
	at com.kms.katalon.core.webui.keyword.builtin.ClickKeyword$_click_closure1.call(ClickKeyword.groovy)
	at com.kms.katalon.core.webui.keyword.internal.WebUIKeywordMain.runKeyword(WebUIKeywordMain.groovy:20)
	... 35 more]]></system-err>
      </testcase>
      <system-out><![CDATA[2023-08-17 12:25:36 - [TEST_SUITE][FAILED] - checkout: Test Cases/Checkout/TS_SMOKE_SUITE_072 FAILED.
Reason:
com.kms.katalon.core.exception.StepFailedException: Unable to click on object 'Object Repository/HomePage/Iniciar sesion'
	at com.kms.katalon.core.webui.keyword.internal.WebUIKeywordMain.stepFailed(WebUIKeywordMain.groovy:64)
	at com.kms.katalon.core.webui.keyword.internal.WebUIKeywordMain.runKeyword(WebUIKeywordMain.groovy:26)
	at com.kms.katalon.core.webui.keyword.builtin.ClickKeyword.click(ClickKeyword.groovy:74)
	at com.kms.katalon.core.webui.keyword.builtin.ClickKeyword.execute(ClickKeyword.groovy:40)
	at com.kms.katalon.core.keyword.internal.KeywordExecutor.executeKeywordForPlatform(KeywordExecutor.groovy:74)
	at com.kms.katalon.core.webui.keyword.WebUiBuiltInKeywords.click(WebUiBuiltInKeywords.groovy:620)
	at com.kms.katalon.core.webui.keyword.WebUiBuiltInKeywords$click$2.call(Unknown Source)
	at TS_SMOKE_SUITE_072.run(TS_SMOKE_SUITE_072:28)
	at com.kms.katalon.core.main.ScriptEngine.run(ScriptEngine.java:194)
	at com.kms.katalon.core.main.ScriptEngine.runScriptAsRawText(ScriptEngine.java:119)
	at com.kms.katalon.core.main.TestCaseExecutor.runScript(TestCaseExecutor.java:448)
	at com.kms.katalon.core.main.TestCaseExecutor.doExecute(TestCaseExecutor.java:439)
	at com.kms.katalon.core.main.TestCaseExecutor.processExecutionPhase(TestCaseExecutor.java:418)
	at com.kms.katalon.core.main.TestCaseExecutor.accessMainPhase(TestCaseExecutor.java:410)
	at com.kms.katalon.core.main.TestCaseExecutor.execute(TestCaseExecutor.java:285)
	at com.kms.katalon.core.common.CommonExecutor.accessTestCaseMainPhase(CommonExecutor.java:65)
	at com.kms.katalon.core.main.TestSuiteExecutor.accessTestSuiteMainPhase(TestSuiteExecutor.java:151)
	at com.kms.katalon.core.main.TestSuiteExecutor.execute(TestSuiteExecutor.java:106)
	at com.kms.katalon.core.main.TestCaseMain.startTestSuite(TestCaseMain.java:185)
	at com.kms.katalon.core.main.TestCaseMain$startTestSuite$0.call(Unknown Source)
	at TempTestSuite1692253980874.run(TempTestSuite1692253980874.groovy:36)
Caused by: com.kms.katalon.core.webui.exception.WebElementNotFoundException: Web element with id: 'Object Repository/HomePage/Iniciar sesion' located by '(//span[@class='a-header__topLink'])' not found
	at com.kms.katalon.core.webui.common.WebUiCommonHelper.findWebElement(WebUiCommonHelper.java:1370)
	at com.kms.katalon.core.webui.keyword.internal.WebUIAbstractKeyword.findWebElement(WebUIAbstractKeyword.groovy:27)
	at com.kms.katalon.core.webui.keyword.builtin.ClickKeyword$_click_closure1.doCall(ClickKeyword.groovy:65)
	at com.kms.katalon.core.webui.keyword.builtin.ClickKeyword$_click_closure1.call(ClickKeyword.groovy)
	at com.kms.katalon.core.webui.keyword.internal.WebUIKeywordMain.runKeyword(WebUIKeywordMain.groovy:20)
	... 19 more]]></system-out>
      <system-err><![CDATA[2023-08-17 12:25:36 - [TEST_SUITE][FAILED] - checkout: Test Cases/Checkout/TS_SMOKE_SUITE_072 FAILED.
Reason:
com.kms.katalon.core.exception.StepFailedException: Unable to click on object 'Object Repository/HomePage/Iniciar sesion'
	at com.kms.katalon.core.webui.keyword.internal.WebUIKeywordMain.stepFailed(WebUIKeywordMain.groovy:64)
	at com.kms.katalon.core.webui.keyword.internal.WebUIKeywordMain.runKeyword(WebUIKeywordMain.groovy:26)
	at com.kms.katalon.core.webui.keyword.builtin.ClickKeyword.click(ClickKeyword.groovy:74)
	at com.kms.katalon.core.webui.keyword.builtin.ClickKeyword.execute(ClickKeyword.groovy:40)
	at com.kms.katalon.core.keyword.internal.KeywordExecutor.executeKeywordForPlatform(KeywordExecutor.groovy:74)
	at com.kms.katalon.core.webui.keyword.WebUiBuiltInKeywords.click(WebUiBuiltInKeywords.groovy:620)
	at com.kms.katalon.core.webui.keyword.WebUiBuiltInKeywords$click$2.call(Unknown Source)
	at TS_SMOKE_SUITE_072.run(TS_SMOKE_SUITE_072:28)
	at com.kms.katalon.core.main.ScriptEngine.run(ScriptEngine.java:194)
	at com.kms.katalon.core.main.ScriptEngine.runScriptAsRawText(ScriptEngine.java:119)
	at com.kms.katalon.core.main.TestCaseExecutor.runScript(TestCaseExecutor.java:448)
	at com.kms.katalon.core.main.TestCaseExecutor.doExecute(TestCaseExecutor.java:439)
	at com.kms.katalon.core.main.TestCaseExecutor.processExecutionPhase(TestCaseExecutor.java:418)
	at com.kms.katalon.core.main.TestCaseExecutor.accessMainPhase(TestCaseExecutor.java:410)
	at com.kms.katalon.core.main.TestCaseExecutor.execute(TestCaseExecutor.java:285)
	at com.kms.katalon.core.common.CommonExecutor.accessTestCaseMainPhase(CommonExecutor.java:65)
	at com.kms.katalon.core.main.TestSuiteExecutor.accessTestSuiteMainPhase(TestSuiteExecutor.java:151)
	at com.kms.katalon.core.main.TestSuiteExecutor.execute(TestSuiteExecutor.java:106)
	at com.kms.katalon.core.main.TestCaseMain.startTestSuite(TestCaseMain.java:185)
	at com.kms.katalon.core.main.TestCaseMain$startTestSuite$0.call(Unknown Source)
	at TempTestSuite1692253980874.run(TempTestSuite1692253980874.groovy:36)
Caused by: com.kms.katalon.core.webui.exception.WebElementNotFoundException: Web element with id: 'Object Repository/HomePage/Iniciar sesion' located by '(//span[@class='a-header__topLink'])' not found
	at com.kms.katalon.core.webui.common.WebUiCommonHelper.findWebElement(WebUiCommonHelper.java:1370)
	at com.kms.katalon.core.webui.keyword.internal.WebUIAbstractKeyword.findWebElement(WebUIAbstractKeyword.groovy:27)
	at com.kms.katalon.core.webui.keyword.builtin.ClickKeyword$_click_closure1.doCall(ClickKeyword.groovy:65)
	at com.kms.katalon.core.webui.keyword.builtin.ClickKeyword$_click_closure1.call(ClickKeyword.groovy)
	at com.kms.katalon.core.webui.keyword.internal.WebUIKeywordMain.runKeyword(WebUIKeywordMain.groovy:20)
	... 19 more]]></system-err>
   </testsuite>
</testsuites>
