<?xml version="1.0" encoding="UTF-8"?>
<testsuites name="SmokeSuite_AllModules" time="2892.029" tests="15" failures="11" errors="0">
   <testsuite name="SmokeSuite_AllModules" tests="15" failures="11" errors="0" time="2892.029" skipped="0" timestamp="2023-08-29 10:23:37" hostname="DELL - DESKTOP-L51QJLB" id="Test Suites/SmokeSuite_AllModules">
      <properties>
         <property name="deviceName" value=""/>
         <property name="devicePlatform" value=""/>
         <property name="logFolder" value="D:\\backup\\LiverpoolProject_SmokeSuite\\Reports\\20230829_080249\\SmokeSuite_AllModules\\20230829_102332"/>
         <property name="logFiles" value="D:\\backup\\LiverpoolProject_SmokeSuite\\Reports\\20230829_080249\\SmokeSuite_AllModules\\20230829_102332\\execution0.log"/>
         <property name="attachments" value="D:\\backup\\LiverpoolProject_SmokeSuite\\Reports\\20230829_080249\\SmokeSuite_AllModules\\20230829_102332\\1693285187998.png, D:\\backup\\LiverpoolProject_SmokeSuite\\Reports\\20230829_080249\\SmokeSuite_AllModules\\20230829_102332\\1693285367611.png, D:\\backup\\LiverpoolProject_SmokeSuite\\Reports\\20230829_080249\\SmokeSuite_AllModules\\20230829_102332\\1693285531058.png, D:\\backup\\LiverpoolProject_SmokeSuite\\Reports\\20230829_080249\\SmokeSuite_AllModules\\20230829_102332\\1693285624299.png, D:\\backup\\LiverpoolProject_SmokeSuite\\Reports\\20230829_080249\\SmokeSuite_AllModules\\20230829_102332\\1693285624505.png, D:\\backup\\LiverpoolProject_SmokeSuite\\Reports\\20230829_080249\\SmokeSuite_AllModules\\20230829_102332\\1693285884505.png, D:\\backup\\LiverpoolProject_SmokeSuite\\Reports\\20230829_080249\\SmokeSuite_AllModules\\20230829_102332\\1693286337876.png, D:\\backup\\LiverpoolProject_SmokeSuite\\Reports\\20230829_080249\\SmokeSuite_AllModules\\20230829_102332\\1693286577775.png, D:\\backup\\LiverpoolProject_SmokeSuite\\Reports\\20230829_080249\\SmokeSuite_AllModules\\20230829_102332\\1693286578028.png, D:\\backup\\LiverpoolProject_SmokeSuite\\Reports\\20230829_080249\\SmokeSuite_AllModules\\20230829_102332\\1693286815590.png, D:\\backup\\LiverpoolProject_SmokeSuite\\Reports\\20230829_080249\\SmokeSuite_AllModules\\20230829_102332\\1693286851608.png, D:\\backup\\LiverpoolProject_SmokeSuite\\Reports\\20230829_080249\\SmokeSuite_AllModules\\20230829_102332\\1693286851801.png, D:\\backup\\LiverpoolProject_SmokeSuite\\Reports\\20230829_080249\\SmokeSuite_AllModules\\20230829_102332\\1693286895289.png, D:\\backup\\LiverpoolProject_SmokeSuite\\Reports\\20230829_080249\\SmokeSuite_AllModules\\20230829_102332\\1693286895512.png, D:\\backup\\LiverpoolProject_SmokeSuite\\Reports\\20230829_080249\\SmokeSuite_AllModules\\20230829_102332\\1693287134561.png, D:\\backup\\LiverpoolProject_SmokeSuite\\Reports\\20230829_080249\\SmokeSuite_AllModules\\20230829_102332\\1693287134790.png, D:\\backup\\LiverpoolProject_SmokeSuite\\Reports\\20230829_080249\\SmokeSuite_AllModules\\20230829_102332\\1693287267135.png, D:\\backup\\LiverpoolProject_SmokeSuite\\Reports\\20230829_080249\\SmokeSuite_AllModules\\20230829_102332\\1693287572923.png"/>
         <property name="hostName" value="DELL - DESKTOP-L51QJLB"/>
         <property name="os" value="Windows 10 64bit"/>
         <property name="katalonVersion" value="8.6.5.208"/>
         <property name="browser" value="Chrome 116.0.0.0"/>
         <property name="hostAddress" value="172.22.45.157"/>
         <property name="sessionId" value="06032ecec00fa519aa44e09660684f6d"/>
         <property name="seleniumVersion" value="3.141.59"/>
         <property name="proxyInformation" value="ProxyInformation { proxyOption=NO_PROXY, proxyServerType=HTTP, username=, password=********, proxyServerAddress=, proxyServerPort=0, executionList=&quot;&quot;, isApplyToDesiredCapabilities=true }"/>
         <property name="platform" value="Windows 10"/>
      </properties>
      <testcase name="Test Cases/AccountManagement/TS_SMOKE_SUITE_016" time="147.545" classname="Test Cases/AccountManagement/TS_SMOKE_SUITE_016" status="PASSED">
         <system-out><![CDATA[2023-08-29 10:23:38 - [TEST_CASE][PASSED] - Test Cases/AccountManagement/TS_SMOKE_SUITE_016: Test Cases/AccountManagement/TS_SMOKE_SUITE_016

2023-08-29 10:23:39 - [TEST_STEP][PASSED] - openBrowser(""): Browser is opened with url: ''

2023-08-29 10:23:39 - [MESSAGE][INFO] - Starting 'Chrome' driver

2023-08-29 10:23:39 - [MESSAGE][INFO] - Action delay is set to 0 milliseconds

2023-08-29 10:23:42 - [MESSAGE][PASSED] - Browser is opened with url: ''

2023-08-29 10:23:42 - [TEST_STEP][PASSED] - navigateToUrl(URL): Navigate to 'https://odtaqaa.liverpool.com.mx/tienda/home' successfully

2023-08-29 10:24:38 - [MESSAGE][PASSED] - Navigate to 'https://odtaqaa.liverpool.com.mx/tienda/home' successfully

2023-08-29 10:24:38 - [TEST_STEP][PASSED] - maximizeWindow(): Current window maximized

2023-08-29 10:24:38 - [MESSAGE][PASSED] - Current window maximized

2023-08-29 10:24:38 - [TEST_STEP][PASSED] - click(findTestObject("HomePage/Iniciar sesion")): Object: 'Object Repository/HomePage/Iniciar sesion' is clicked on

2023-08-29 10:24:39 - [MESSAGE][PASSED] - Object: 'Object Repository/HomePage/Iniciar sesion' is clicked on

2023-08-29 10:24:39 - [TEST_STEP][PASSED] - callTestCase(findTestCase("CommonMethods/loginFromHomePage"), ["username":AMUsername, "password":AMpassword], STOP_ON_FAILURE): Call Test Case 'Test Cases/CommonMethods/loginFromHomePage' successfully

2023-08-29 10:24:39 - [TEST_CASE][PASSED] - Test Cases/CommonMethods/loginFromHomePage: Test Cases/CommonMethods/loginFromHomePage

2023-08-29 10:24:39 - [TEST_STEP][PASSED] - delay(3): Delayed 3 second(s)

2023-08-29 10:24:42 - [MESSAGE][PASSED] - Delayed 3 second(s)

2023-08-29 10:24:42 - [TEST_STEP][PASSED] - click(findTestObject("HomePage/EnterUsername_LP")): Object: 'Object Repository/HomePage/EnterUsername_LP' is clicked on

2023-08-29 10:24:59 - [MESSAGE][PASSED] - Object: 'Object Repository/HomePage/EnterUsername_LP' is clicked on

2023-08-29 10:24:59 - [TEST_STEP][PASSED] - setText(findTestObject("HomePage/EnterUsername_LP"), username): Text 'sjagtap@digisprint.com' is set on object 'Object Repository/HomePage/EnterUsername_LP'

2023-08-29 10:25:00 - [MESSAGE][PASSED] - Text 'sjagtap@digisprint.com' is set on object 'Object Repository/HomePage/EnterUsername_LP'

2023-08-29 10:25:00 - [TEST_STEP][PASSED] - click(findTestObject("HomePage/EnterPassword_LP")): Object: 'Object Repository/HomePage/EnterPassword_LP' is clicked on

2023-08-29 10:25:00 - [MESSAGE][PASSED] - Object: 'Object Repository/HomePage/EnterPassword_LP' is clicked on

2023-08-29 10:25:00 - [TEST_STEP][PASSED] - setText(findTestObject("HomePage/EnterPassword_LP"), password): Text 'Shubham@123' is set on object 'Object Repository/HomePage/EnterPassword_LP'

2023-08-29 10:25:01 - [MESSAGE][PASSED] - Text 'Shubham@123' is set on object 'Object Repository/HomePage/EnterPassword_LP'

2023-08-29 10:25:01 - [TEST_STEP][PASSED] - click(findTestObject("HomePage/inciar")): Object: 'Object Repository/HomePage/inciar' is clicked on

2023-08-29 10:25:07 - [MESSAGE][PASSED] - Object: 'Object Repository/HomePage/inciar' is clicked on

2023-08-29 10:25:07 - [MESSAGE][PASSED] - Call Test Case 'Test Cases/CommonMethods/loginFromHomePage' successfully

2023-08-29 10:25:07 - [TEST_STEP][PASSED] - waitForPageLoad(0): Wait for page load successfully

2023-08-29 10:25:07 - [MESSAGE][WARNING] - Timeout '0' is invalid. Using default page load timeout: '30'

2023-08-29 10:25:07 - [MESSAGE][PASSED] - Wait for page load successfully

2023-08-29 10:25:07 - [TEST_STEP][PASSED] - mouseOver(findTestObject("HomePage/AfterLogin_Homepage")): Object: 'Object Repository/HomePage/AfterLogin_Homepage' is hovered

2023-08-29 10:25:51 - [MESSAGE][PASSED] - Object: 'Object Repository/HomePage/AfterLogin_Homepage' is hovered

2023-08-29 10:25:51 - [TEST_STEP][PASSED] - click(findTestObject("AccountManagement/MyAccountButton_Account")): Object: 'Object Repository/AccountManagement/MyAccountButton_Account' is clicked on

2023-08-29 10:25:51 - [MESSAGE][PASSED] - Object: 'Object Repository/AccountManagement/MyAccountButton_Account' is clicked on

2023-08-29 10:25:51 - [TEST_STEP][PASSED] - click(findTestObject("AccountManagement/UpdatePeronalData_Account")): Object: 'Object Repository/AccountManagement/UpdatePeronalData_Account' is clicked on

2023-08-29 10:25:55 - [MESSAGE][PASSED] - Object: 'Object Repository/AccountManagement/UpdatePeronalData_Account' is clicked on

2023-08-29 10:25:55 - [TEST_STEP][PASSED] - verifyElementPresent(findTestObject("AccountManagement/updatePage_Account"), 0): Object 'Object Repository/AccountManagement/updatePage_Account' is present

2023-08-29 10:25:55 - [MESSAGE][WARNING] - Timeout '0' is invalid. Using default page load timeout: '30'

2023-08-29 10:25:59 - [MESSAGE][PASSED] - Object 'Object Repository/AccountManagement/updatePage_Account' is present

2023-08-29 10:25:59 - [TEST_STEP][PASSED] - name = customkeywords.myKeywords.randomString(): customkeywords.myKeywords.randomString is PASSED

2023-08-29 10:25:59 - [MESSAGE][INFO] - QqyXEQyu

2023-08-29 10:25:59 - [MESSAGE][PASSED] - customkeywords.myKeywords.randomString is PASSED

2023-08-29 10:25:59 - [TEST_STEP][PASSED] - clearText(findTestObject("AccountManagement/FirstNameProfile_Account"), STOP_ON_FAILURE): Text of object 'Object Repository/AccountManagement/FirstNameProfile_Account' is cleared

2023-08-29 10:26:00 - [MESSAGE][PASSED] - Text of object 'Object Repository/AccountManagement/FirstNameProfile_Account' is cleared

2023-08-29 10:26:00 - [TEST_STEP][PASSED] - sendKeys(findTestObject("AccountManagement/FirstNameProfile_Account"), Keys.chord(CONTROL, "a")): Keys 'CONTROL + a' sent to object: 'Object Repository/AccountManagement/FirstNameProfile_Account'

2023-08-29 10:26:00 - [MESSAGE][PASSED] - Keys 'CONTROL + a' sent to object: 'Object Repository/AccountManagement/FirstNameProfile_Account'

2023-08-29 10:26:00 - [TEST_STEP][PASSED] - sendKeys(findTestObject("AccountManagement/FirstNameProfile_Account"), name): Keys 'QqyXEQyu' sent to object: 'Object Repository/AccountManagement/FirstNameProfile_Account'

2023-08-29 10:26:01 - [MESSAGE][PASSED] - Keys 'QqyXEQyu' sent to object: 'Object Repository/AccountManagement/FirstNameProfile_Account'

2023-08-29 10:26:01 - [TEST_STEP][PASSED] - lastname = getAttribute(findTestObject("AccountManagement/LastName_Account"), "value"): Attribute 'value' of object 'Object Repository/AccountManagement/LastName_Account' is: 'jagtap'

2023-08-29 10:26:01 - [MESSAGE][PASSED] - Attribute 'value' of object 'Object Repository/AccountManagement/LastName_Account' is: 'jagtap'

2023-08-29 10:26:01 - [TEST_STEP][PASSED] - println(lastname): null

2023-08-29 10:26:01 - [TEST_STEP][PASSED] - accountname = name + " " + lastname: null

2023-08-29 10:26:01 - [TEST_STEP][PASSED] - println(accountname): null

2023-08-29 10:26:01 - [TEST_STEP][PASSED] - click(findTestObject("AccountManagement/UpdateButton_Account")): Object: 'Object Repository/AccountManagement/UpdateButton_Account' is clicked on

2023-08-29 10:26:01 - [MESSAGE][PASSED] - Object: 'Object Repository/AccountManagement/UpdateButton_Account' is clicked on

2023-08-29 10:26:01 - [TEST_STEP][PASSED] - fnamelname = getText(findTestObject("AccountManagement/PersonalDataName_Account")): Text of object 'Object Repository/AccountManagement/PersonalDataName_Account' is: 'QqyXEQyu jagtap'

2023-08-29 10:26:04 - [MESSAGE][PASSED] - Text of object 'Object Repository/AccountManagement/PersonalDataName_Account' is: 'QqyXEQyu jagtap'

2023-08-29 10:26:04 - [TEST_STEP][PASSED] - println(fnamelname): null

2023-08-29 10:26:04 - [TEST_STEP][PASSED] - if (fnamelname == accountname): null

2023-08-29 10:26:04 - [TEST_STEP][PASSED] - println("Checked"): null

2023-08-29 10:26:04 - [TEST_STEP][PASSED] - closeBrowser(): Browser is closed

2023-08-29 10:26:05 - [MESSAGE][PASSED] - Browser is closed]]></system-out>
         <system-err><![CDATA[]]></system-err>
      </testcase>
      <testcase name="Test Cases/AccountManagement/TS_SMOKE_SUITE_018" time="222.281" classname="Test Cases/AccountManagement/TS_SMOKE_SUITE_018" status="FAILED">
         <failure type="FAILED" message="Test Cases/AccountManagement/TS_SMOKE_SUITE_018 FAILED.
Reason:
com.kms.katalon.core.exception.StepFailedException: Unable to click on object 'Object Repository/AccountManagement/ClickAndCollectStores_accounts'
	at com.kms.katalon.core.webui.keyword.internal.WebUIKeywordMain.stepFailed(WebUIKeywordMain.groovy:64)
	at com.kms.katalon.core.webui.keyword.internal.WebUIKeywordMain.runKeyword(WebUIKeywordMain.groovy:26)
	at com.kms.katalon.core.webui.keyword.builtin.ClickKeyword.click(ClickKeyword.groovy:74)
	at com.kms.katalon.core.webui.keyword.builtin.ClickKeyword.execute(ClickKeyword.groovy:40)
	at com.kms.katalon.core.keyword.internal.KeywordExecutor.executeKeywordForPlatform(KeywordExecutor.groovy:74)
	at com.kms.katalon.core.webui.keyword.WebUiBuiltInKeywords.click(WebUiBuiltInKeywords.groovy:620)
	at com.kms.katalon.core.webui.keyword.WebUiBuiltInKeywords$click$2.call(Unknown Source)
	at TS_SMOKE_SUITE_018.run(TS_SMOKE_SUITE_018:56)
	at com.kms.katalon.core.main.ScriptEngine.run(ScriptEngine.java:194)
	at com.kms.katalon.core.main.ScriptEngine.runScriptAsRawText(ScriptEngine.java:119)
	at com.kms.katalon.core.main.TestCaseExecutor.runScript(TestCaseExecutor.java:448)
	at com.kms.katalon.core.main.TestCaseExecutor.doExecute(TestCaseExecutor.java:439)
	at com.kms.katalon.core.main.TestCaseExecutor.processExecutionPhase(TestCaseExecutor.java:418)
	at com.kms.katalon.core.main.TestCaseExecutor.accessMainPhase(TestCaseExecutor.java:410)
	at com.kms.katalon.core.main.TestCaseExecutor.execute(TestCaseExecutor.java:285)
	at com.kms.katalon.core.common.CommonExecutor.accessTestCaseMainPhase(CommonExecutor.java:65)
	at com.kms.katalon.core.main.TestSuiteExecutor.accessTestSuiteMainPhase(TestSuiteExecutor.java:148)
	at com.kms.katalon.core.main.TestSuiteExecutor.execute(TestSuiteExecutor.java:106)
	at com.kms.katalon.core.main.TestCaseMain.startTestSuite(TestCaseMain.java:187)
	at com.kms.katalon.core.main.TestCaseMain$startTestSuite$0.call(Unknown Source)
	at TempTestSuite1693284812317.run(TempTestSuite1693284812317.groovy:36)
Caused by: com.kms.katalon.core.webui.exception.WebElementNotFoundException: Web element with id: 'Object Repository/AccountManagement/ClickAndCollectStores_accounts' located by '(//span[@class='mdc-tab__ripple mdc-ripple-upgraded'])[2]' not found
	at com.kms.katalon.core.webui.common.WebUiCommonHelper.findWebElement(WebUiCommonHelper.java:1381)
	at com.kms.katalon.core.webui.keyword.internal.WebUIAbstractKeyword.findWebElement(WebUIAbstractKeyword.groovy:27)
	at com.kms.katalon.core.webui.keyword.builtin.ClickKeyword$_click_closure1.doCall(ClickKeyword.groovy:65)
	at com.kms.katalon.core.webui.keyword.builtin.ClickKeyword$_click_closure1.call(ClickKeyword.groovy)
	at com.kms.katalon.core.webui.keyword.internal.WebUIKeywordMain.runKeyword(WebUIKeywordMain.groovy:20)
	... 19 more
"/>
         <system-out><![CDATA[2023-08-29 10:26:05 - [TEST_CASE][FAILED] - Test Cases/AccountManagement/TS_SMOKE_SUITE_018: Test Cases/AccountManagement/TS_SMOKE_SUITE_018 FAILED.
Reason:
com.kms.katalon.core.exception.StepFailedException: Unable to click on object 'Object Repository/AccountManagement/ClickAndCollectStores_accounts'
	at com.kms.katalon.core.webui.keyword.internal.WebUIKeywordMain.stepFailed(WebUIKeywordMain.groovy:64)
	at com.kms.katalon.core.webui.keyword.internal.WebUIKeywordMain.runKeyword(WebUIKeywordMain.groovy:26)
	at com.kms.katalon.core.webui.keyword.builtin.ClickKeyword.click(ClickKeyword.groovy:74)
	at com.kms.katalon.core.webui.keyword.builtin.ClickKeyword.execute(ClickKeyword.groovy:40)
	at com.kms.katalon.core.keyword.internal.KeywordExecutor.executeKeywordForPlatform(KeywordExecutor.groovy:74)
	at com.kms.katalon.core.webui.keyword.WebUiBuiltInKeywords.click(WebUiBuiltInKeywords.groovy:620)
	at com.kms.katalon.core.webui.keyword.WebUiBuiltInKeywords$click$2.call(Unknown Source)
	at TS_SMOKE_SUITE_018.run(TS_SMOKE_SUITE_018:56)
	at com.kms.katalon.core.main.ScriptEngine.run(ScriptEngine.java:194)
	at com.kms.katalon.core.main.ScriptEngine.runScriptAsRawText(ScriptEngine.java:119)
	at com.kms.katalon.core.main.TestCaseExecutor.runScript(TestCaseExecutor.java:448)
	at com.kms.katalon.core.main.TestCaseExecutor.doExecute(TestCaseExecutor.java:439)
	at com.kms.katalon.core.main.TestCaseExecutor.processExecutionPhase(TestCaseExecutor.java:418)
	at com.kms.katalon.core.main.TestCaseExecutor.accessMainPhase(TestCaseExecutor.java:410)
	at com.kms.katalon.core.main.TestCaseExecutor.execute(TestCaseExecutor.java:285)
	at com.kms.katalon.core.common.CommonExecutor.accessTestCaseMainPhase(CommonExecutor.java:65)
	at com.kms.katalon.core.main.TestSuiteExecutor.accessTestSuiteMainPhase(TestSuiteExecutor.java:148)
	at com.kms.katalon.core.main.TestSuiteExecutor.execute(TestSuiteExecutor.java:106)
	at com.kms.katalon.core.main.TestCaseMain.startTestSuite(TestCaseMain.java:187)
	at com.kms.katalon.core.main.TestCaseMain$startTestSuite$0.call(Unknown Source)
	at TempTestSuite1693284812317.run(TempTestSuite1693284812317.groovy:36)
Caused by: com.kms.katalon.core.webui.exception.WebElementNotFoundException: Web element with id: 'Object Repository/AccountManagement/ClickAndCollectStores_accounts' located by '(//span[@class='mdc-tab__ripple mdc-ripple-upgraded'])[2]' not found
	at com.kms.katalon.core.webui.common.WebUiCommonHelper.findWebElement(WebUiCommonHelper.java:1381)
	at com.kms.katalon.core.webui.keyword.internal.WebUIAbstractKeyword.findWebElement(WebUIAbstractKeyword.groovy:27)
	at com.kms.katalon.core.webui.keyword.builtin.ClickKeyword$_click_closure1.doCall(ClickKeyword.groovy:65)
	at com.kms.katalon.core.webui.keyword.builtin.ClickKeyword$_click_closure1.call(ClickKeyword.groovy)
	at com.kms.katalon.core.webui.keyword.internal.WebUIKeywordMain.runKeyword(WebUIKeywordMain.groovy:20)
	... 19 more


2023-08-29 10:26:06 - [TEST_STEP][PASSED] - openBrowser(""): Browser is opened with url: ''

2023-08-29 10:26:06 - [MESSAGE][INFO] - Starting 'Chrome' driver

2023-08-29 10:26:06 - [MESSAGE][INFO] - Action delay is set to 0 milliseconds

2023-08-29 10:26:07 - [MESSAGE][PASSED] - Browser is opened with url: ''

2023-08-29 10:26:07 - [TEST_STEP][PASSED] - navigateToUrl(URL): Navigate to 'https://odtaqaa.liverpool.com.mx/tienda/home' successfully

2023-08-29 10:27:10 - [MESSAGE][PASSED] - Navigate to 'https://odtaqaa.liverpool.com.mx/tienda/home' successfully

2023-08-29 10:27:10 - [TEST_STEP][PASSED] - maximizeWindow(): Current window maximized

2023-08-29 10:27:10 - [MESSAGE][PASSED] - Current window maximized

2023-08-29 10:27:10 - [TEST_STEP][PASSED] - click(findTestObject("HomePage/Iniciar sesion")): Object: 'Object Repository/HomePage/Iniciar sesion' is clicked on

2023-08-29 10:27:11 - [MESSAGE][PASSED] - Object: 'Object Repository/HomePage/Iniciar sesion' is clicked on

2023-08-29 10:27:11 - [TEST_STEP][PASSED] - callTestCase(findTestCase("CommonMethods/loginFromHomePage"), ["username":AMUsername, "password":AMpassword], STOP_ON_FAILURE): Call Test Case 'Test Cases/CommonMethods/loginFromHomePage' successfully

2023-08-29 10:27:11 - [TEST_CASE][PASSED] - Test Cases/CommonMethods/loginFromHomePage: Test Cases/CommonMethods/loginFromHomePage

2023-08-29 10:27:11 - [TEST_STEP][PASSED] - delay(3): Delayed 3 second(s)

2023-08-29 10:27:14 - [MESSAGE][PASSED] - Delayed 3 second(s)

2023-08-29 10:27:14 - [TEST_STEP][PASSED] - click(findTestObject("HomePage/EnterUsername_LP")): Object: 'Object Repository/HomePage/EnterUsername_LP' is clicked on

2023-08-29 10:27:28 - [MESSAGE][PASSED] - Object: 'Object Repository/HomePage/EnterUsername_LP' is clicked on

2023-08-29 10:27:28 - [TEST_STEP][PASSED] - setText(findTestObject("HomePage/EnterUsername_LP"), username): Text 'sjagtap@digisprint.com' is set on object 'Object Repository/HomePage/EnterUsername_LP'

2023-08-29 10:27:29 - [MESSAGE][PASSED] - Text 'sjagtap@digisprint.com' is set on object 'Object Repository/HomePage/EnterUsername_LP'

2023-08-29 10:27:29 - [TEST_STEP][PASSED] - click(findTestObject("HomePage/EnterPassword_LP")): Object: 'Object Repository/HomePage/EnterPassword_LP' is clicked on

2023-08-29 10:27:29 - [MESSAGE][PASSED] - Object: 'Object Repository/HomePage/EnterPassword_LP' is clicked on

2023-08-29 10:27:29 - [TEST_STEP][PASSED] - setText(findTestObject("HomePage/EnterPassword_LP"), password): Text 'Shubham@123' is set on object 'Object Repository/HomePage/EnterPassword_LP'

2023-08-29 10:27:30 - [MESSAGE][PASSED] - Text 'Shubham@123' is set on object 'Object Repository/HomePage/EnterPassword_LP'

2023-08-29 10:27:30 - [TEST_STEP][PASSED] - click(findTestObject("HomePage/inciar")): Object: 'Object Repository/HomePage/inciar' is clicked on

2023-08-29 10:27:50 - [MESSAGE][PASSED] - Object: 'Object Repository/HomePage/inciar' is clicked on

2023-08-29 10:27:50 - [MESSAGE][PASSED] - Call Test Case 'Test Cases/CommonMethods/loginFromHomePage' successfully

2023-08-29 10:27:50 - [TEST_STEP][PASSED] - waitForPageLoad(0): Wait for page load successfully

2023-08-29 10:27:50 - [MESSAGE][WARNING] - Timeout '0' is invalid. Using default page load timeout: '30'

2023-08-29 10:27:50 - [MESSAGE][PASSED] - Wait for page load successfully

2023-08-29 10:27:50 - [TEST_STEP][PASSED] - mouseOver(findTestObject("HomePage/AfterLogin_Homepage")): Object: 'Object Repository/HomePage/AfterLogin_Homepage' is hovered

2023-08-29 10:28:49 - [MESSAGE][PASSED] - Object: 'Object Repository/HomePage/AfterLogin_Homepage' is hovered

2023-08-29 10:28:49 - [TEST_STEP][PASSED] - click(findTestObject("AccountManagement/MyAccountButton_Account")): Object: 'Object Repository/AccountManagement/MyAccountButton_Account' is clicked on

2023-08-29 10:28:49 - [MESSAGE][PASSED] - Object: 'Object Repository/AccountManagement/MyAccountButton_Account' is clicked on

2023-08-29 10:28:49 - [TEST_STEP][PASSED] - click(findTestObject("AccountManagement/DeliveryAddress_Account")): Object: 'Object Repository/AccountManagement/DeliveryAddress_Account' is clicked on

2023-08-29 10:29:00 - [MESSAGE][PASSED] - Object: 'Object Repository/AccountManagement/DeliveryAddress_Account' is clicked on

2023-08-29 10:29:00 - [TEST_STEP][PASSED] - click(findTestObject("AccountManagement/ClickAndCollectStores_accounts")): Object: 'Object Repository/AccountManagement/ClickAndCollectStores_accounts' is clicked on

2023-08-29 10:29:07 - [MESSAGE][PASSED] - Object: 'Object Repository/AccountManagement/ClickAndCollectStores_accounts' is clicked on

2023-08-29 10:29:07 - [TEST_STEP][PASSED] - click(findTestObject("AccountManagement/AddClickNCollectionAddress_Account")): Object: 'Object Repository/AccountManagement/AddClickNCollectionAddress_Account' is clicked on

2023-08-29 10:29:09 - [MESSAGE][PASSED] - Object: 'Object Repository/AccountManagement/AddClickNCollectionAddress_Account' is clicked on

2023-08-29 10:29:09 - [TEST_STEP][PASSED] - click(findTestObject("AccountManagement/SelectStateClickNCollection_Account")): Object: 'Object Repository/AccountManagement/SelectStateClickNCollection_Account' is clicked on

2023-08-29 10:29:14 - [MESSAGE][PASSED] - Object: 'Object Repository/AccountManagement/SelectStateClickNCollection_Account' is clicked on

2023-08-29 10:29:14 - [TEST_STEP][PASSED] - click(findTestObject("AccountManagement/StateOptionClickNCollection_Account")): Object: 'Object Repository/AccountManagement/StateOptionClickNCollection_Account' is clicked on

2023-08-29 10:29:14 - [MESSAGE][PASSED] - Object: 'Object Repository/AccountManagement/StateOptionClickNCollection_Account' is clicked on

2023-08-29 10:29:14 - [TEST_STEP][PASSED] - click(findTestObject("AccountManagement/SelectAddressRadioButton_Account")): Object: 'Object Repository/AccountManagement/SelectAddressRadioButton_Account' is clicked on

2023-08-29 10:29:15 - [MESSAGE][PASSED] - Object: 'Object Repository/AccountManagement/SelectAddressRadioButton_Account' is clicked on

2023-08-29 10:29:15 - [TEST_STEP][PASSED] - StoreAddress = getText(findTestObject("AccountManagement/StoreNameClickNCollection_Account")): Text of object 'Object Repository/AccountManagement/StoreNameClickNCollection_Account' is: 'Liverpool Satélite'

2023-08-29 10:29:16 - [MESSAGE][PASSED] - Text of object 'Object Repository/AccountManagement/StoreNameClickNCollection_Account' is: 'Liverpool Satélite'

2023-08-29 10:29:16 - [TEST_STEP][PASSED] - scrollToElement(findTestObject("AccountManagement/KeepButtonClickNCollection_Account"), 0): Scroll to object 'Object Repository/AccountManagement/KeepButtonClickNCollection_Account' successfully

2023-08-29 10:29:16 - [MESSAGE][WARNING] - Timeout '0' is invalid. Using default page load timeout: '30'

2023-08-29 10:29:16 - [MESSAGE][PASSED] - Scroll to object 'Object Repository/AccountManagement/KeepButtonClickNCollection_Account' successfully

2023-08-29 10:29:16 - [TEST_STEP][PASSED] - click(findTestObject("AccountManagement/KeepButtonClickNCollection_Account")): Object: 'Object Repository/AccountManagement/KeepButtonClickNCollection_Account' is clicked on

2023-08-29 10:29:16 - [MESSAGE][PASSED] - Object: 'Object Repository/AccountManagement/KeepButtonClickNCollection_Account' is clicked on

2023-08-29 10:29:16 - [TEST_STEP][FAILED] - click(findTestObject("AccountManagement/ClickAndCollectStores_accounts")): Unable to click on object 'Object Repository/AccountManagement/ClickAndCollectStores_accounts' (Root cause: com.kms.katalon.core.exception.StepFailedException: Unable to click on object 'Object Repository/AccountManagement/ClickAndCollectStores_accounts'
	at com.kms.katalon.core.webui.keyword.internal.WebUIKeywordMain.stepFailed(WebUIKeywordMain.groovy:64)
	at com.kms.katalon.core.webui.keyword.internal.WebUIKeywordMain.runKeyword(WebUIKeywordMain.groovy:26)
	at com.kms.katalon.core.webui.keyword.builtin.ClickKeyword.click(ClickKeyword.groovy:74)
	at com.kms.katalon.core.webui.keyword.builtin.ClickKeyword.execute(ClickKeyword.groovy:40)
	at com.kms.katalon.core.keyword.internal.KeywordExecutor.executeKeywordForPlatform(KeywordExecutor.groovy:74)
	at com.kms.katalon.core.webui.keyword.WebUiBuiltInKeywords.click(WebUiBuiltInKeywords.groovy:620)
	at com.kms.katalon.core.webui.keyword.WebUiBuiltInKeywords$click$2.call(Unknown Source)
	at TS_SMOKE_SUITE_018.run(TS_SMOKE_SUITE_018:56)
	at com.kms.katalon.core.main.ScriptEngine.run(ScriptEngine.java:194)
	at com.kms.katalon.core.main.ScriptEngine.runScriptAsRawText(ScriptEngine.java:119)
	at com.kms.katalon.core.main.TestCaseExecutor.runScript(TestCaseExecutor.java:448)
	at com.kms.katalon.core.main.TestCaseExecutor.doExecute(TestCaseExecutor.java:439)
	at com.kms.katalon.core.main.TestCaseExecutor.processExecutionPhase(TestCaseExecutor.java:418)
	at com.kms.katalon.core.main.TestCaseExecutor.accessMainPhase(TestCaseExecutor.java:410)
	at com.kms.katalon.core.main.TestCaseExecutor.execute(TestCaseExecutor.java:285)
	at com.kms.katalon.core.common.CommonExecutor.accessTestCaseMainPhase(CommonExecutor.java:65)
	at com.kms.katalon.core.main.TestSuiteExecutor.accessTestSuiteMainPhase(TestSuiteExecutor.java:148)
	at com.kms.katalon.core.main.TestSuiteExecutor.execute(TestSuiteExecutor.java:106)
	at com.kms.katalon.core.main.TestCaseMain.startTestSuite(TestCaseMain.java:187)
	at com.kms.katalon.core.main.TestCaseMain$startTestSuite$0.call(Unknown Source)
	at TempTestSuite1693284812317.run(TempTestSuite1693284812317.groovy:36)
Caused by: com.kms.katalon.core.webui.exception.WebElementNotFoundException: Web element with id: 'Object Repository/AccountManagement/ClickAndCollectStores_accounts' located by '(//span[@class='mdc-tab__ripple mdc-ripple-upgraded'])[2]' not found
	at com.kms.katalon.core.webui.common.WebUiCommonHelper.findWebElement(WebUiCommonHelper.java:1381)
	at com.kms.katalon.core.webui.keyword.internal.WebUIAbstractKeyword.findWebElement(WebUIAbstractKeyword.groovy:27)
	at com.kms.katalon.core.webui.keyword.builtin.ClickKeyword$_click_closure1.doCall(ClickKeyword.groovy:65)
	at com.kms.katalon.core.webui.keyword.builtin.ClickKeyword$_click_closure1.call(ClickKeyword.groovy)
	at com.kms.katalon.core.webui.keyword.internal.WebUIKeywordMain.runKeyword(WebUIKeywordMain.groovy:20)
	at com.kms.katalon.core.webui.keyword.builtin.ClickKeyword.click(ClickKeyword.groovy:74)
	at com.kms.katalon.core.webui.keyword.builtin.ClickKeyword.execute(ClickKeyword.groovy:40)
	at com.kms.katalon.core.keyword.internal.KeywordExecutor.executeKeywordForPlatform(KeywordExecutor.groovy:74)
	at com.kms.katalon.core.webui.keyword.WebUiBuiltInKeywords.click(WebUiBuiltInKeywords.groovy:620)
	at com.kms.katalon.core.webui.keyword.WebUiBuiltInKeywords$click$2.call(Unknown Source)
	at Script1691411262773.run(Script1691411262773.groovy:56)
	... 13 more
)

2023-08-29 10:29:47 - [MESSAGE][INFO] - Unable to find the element located by 'By.xpath: (//span[@class='mdc-tab__ripple mdc-ripple-upgraded'])[2]'. Please recheck the objects properties to make sure the desired element is located. 

2023-08-29 10:29:48 - [MESSAGE][FAILED] - Unable to click on object 'Object Repository/AccountManagement/ClickAndCollectStores_accounts' (Root cause: com.kms.katalon.core.exception.StepFailedException: Unable to click on object 'Object Repository/AccountManagement/ClickAndCollectStores_accounts'
	at com.kms.katalon.core.webui.keyword.internal.WebUIKeywordMain.stepFailed(WebUIKeywordMain.groovy:64)
	at com.kms.katalon.core.webui.keyword.internal.WebUIKeywordMain.runKeyword(WebUIKeywordMain.groovy:26)
	at com.kms.katalon.core.webui.keyword.builtin.ClickKeyword.click(ClickKeyword.groovy:74)
	at com.kms.katalon.core.webui.keyword.builtin.ClickKeyword.execute(ClickKeyword.groovy:40)
	at com.kms.katalon.core.keyword.internal.KeywordExecutor.executeKeywordForPlatform(KeywordExecutor.groovy:74)
	at com.kms.katalon.core.webui.keyword.WebUiBuiltInKeywords.click(WebUiBuiltInKeywords.groovy:620)
	at com.kms.katalon.core.webui.keyword.WebUiBuiltInKeywords$click$2.call(Unknown Source)
	at TS_SMOKE_SUITE_018.run(TS_SMOKE_SUITE_018:56)
	at com.kms.katalon.core.main.ScriptEngine.run(ScriptEngine.java:194)
	at com.kms.katalon.core.main.ScriptEngine.runScriptAsRawText(ScriptEngine.java:119)
	at com.kms.katalon.core.main.TestCaseExecutor.runScript(TestCaseExecutor.java:448)
	at com.kms.katalon.core.main.TestCaseExecutor.doExecute(TestCaseExecutor.java:439)
	at com.kms.katalon.core.main.TestCaseExecutor.processExecutionPhase(TestCaseExecutor.java:418)
	at com.kms.katalon.core.main.TestCaseExecutor.accessMainPhase(TestCaseExecutor.java:410)
	at com.kms.katalon.core.main.TestCaseExecutor.execute(TestCaseExecutor.java:285)
	at com.kms.katalon.core.common.CommonExecutor.accessTestCaseMainPhase(CommonExecutor.java:65)
	at com.kms.katalon.core.main.TestSuiteExecutor.accessTestSuiteMainPhase(TestSuiteExecutor.java:148)
	at com.kms.katalon.core.main.TestSuiteExecutor.execute(TestSuiteExecutor.java:106)
	at com.kms.katalon.core.main.TestCaseMain.startTestSuite(TestCaseMain.java:187)
	at com.kms.katalon.core.main.TestCaseMain$startTestSuite$0.call(Unknown Source)
	at TempTestSuite1693284812317.run(TempTestSuite1693284812317.groovy:36)
Caused by: com.kms.katalon.core.webui.exception.WebElementNotFoundException: Web element with id: 'Object Repository/AccountManagement/ClickAndCollectStores_accounts' located by '(//span[@class='mdc-tab__ripple mdc-ripple-upgraded'])[2]' not found
	at com.kms.katalon.core.webui.common.WebUiCommonHelper.findWebElement(WebUiCommonHelper.java:1381)
	at com.kms.katalon.core.webui.keyword.internal.WebUIAbstractKeyword.findWebElement(WebUIAbstractKeyword.groovy:27)
	at com.kms.katalon.core.webui.keyword.builtin.ClickKeyword$_click_closure1.doCall(ClickKeyword.groovy:65)
	at com.kms.katalon.core.webui.keyword.builtin.ClickKeyword$_click_closure1.call(ClickKeyword.groovy)
	at com.kms.katalon.core.webui.keyword.internal.WebUIKeywordMain.runKeyword(WebUIKeywordMain.groovy:20)
	at com.kms.katalon.core.webui.keyword.builtin.ClickKeyword.click(ClickKeyword.groovy:74)
	at com.kms.katalon.core.webui.keyword.builtin.ClickKeyword.execute(ClickKeyword.groovy:40)
	at com.kms.katalon.core.keyword.internal.KeywordExecutor.executeKeywordForPlatform(KeywordExecutor.groovy:74)
	at com.kms.katalon.core.webui.keyword.WebUiBuiltInKeywords.click(WebUiBuiltInKeywords.groovy:620)
	at com.kms.katalon.core.webui.keyword.WebUiBuiltInKeywords$click$2.call(Unknown Source)
	at Script1691411262773.run(Script1691411262773.groovy:56)
	... 13 more
)
[[ATTACHMENT|D:\\backup\\LiverpoolProject_SmokeSuite\\Reports\\20230829_080249\\SmokeSuite_AllModules\\20230829_102332\\1693285187998.png]]]]></system-out>
         <system-err><![CDATA[2023-08-29 10:26:05 - [TEST_CASE][FAILED] - Test Cases/AccountManagement/TS_SMOKE_SUITE_018: Test Cases/AccountManagement/TS_SMOKE_SUITE_018 FAILED.
Reason:
com.kms.katalon.core.exception.StepFailedException: Unable to click on object 'Object Repository/AccountManagement/ClickAndCollectStores_accounts'
	at com.kms.katalon.core.webui.keyword.internal.WebUIKeywordMain.stepFailed(WebUIKeywordMain.groovy:64)
	at com.kms.katalon.core.webui.keyword.internal.WebUIKeywordMain.runKeyword(WebUIKeywordMain.groovy:26)
	at com.kms.katalon.core.webui.keyword.builtin.ClickKeyword.click(ClickKeyword.groovy:74)
	at com.kms.katalon.core.webui.keyword.builtin.ClickKeyword.execute(ClickKeyword.groovy:40)
	at com.kms.katalon.core.keyword.internal.KeywordExecutor.executeKeywordForPlatform(KeywordExecutor.groovy:74)
	at com.kms.katalon.core.webui.keyword.WebUiBuiltInKeywords.click(WebUiBuiltInKeywords.groovy:620)
	at com.kms.katalon.core.webui.keyword.WebUiBuiltInKeywords$click$2.call(Unknown Source)
	at TS_SMOKE_SUITE_018.run(TS_SMOKE_SUITE_018:56)
	at com.kms.katalon.core.main.ScriptEngine.run(ScriptEngine.java:194)
	at com.kms.katalon.core.main.ScriptEngine.runScriptAsRawText(ScriptEngine.java:119)
	at com.kms.katalon.core.main.TestCaseExecutor.runScript(TestCaseExecutor.java:448)
	at com.kms.katalon.core.main.TestCaseExecutor.doExecute(TestCaseExecutor.java:439)
	at com.kms.katalon.core.main.TestCaseExecutor.processExecutionPhase(TestCaseExecutor.java:418)
	at com.kms.katalon.core.main.TestCaseExecutor.accessMainPhase(TestCaseExecutor.java:410)
	at com.kms.katalon.core.main.TestCaseExecutor.execute(TestCaseExecutor.java:285)
	at com.kms.katalon.core.common.CommonExecutor.accessTestCaseMainPhase(CommonExecutor.java:65)
	at com.kms.katalon.core.main.TestSuiteExecutor.accessTestSuiteMainPhase(TestSuiteExecutor.java:148)
	at com.kms.katalon.core.main.TestSuiteExecutor.execute(TestSuiteExecutor.java:106)
	at com.kms.katalon.core.main.TestCaseMain.startTestSuite(TestCaseMain.java:187)
	at com.kms.katalon.core.main.TestCaseMain$startTestSuite$0.call(Unknown Source)
	at TempTestSuite1693284812317.run(TempTestSuite1693284812317.groovy:36)
Caused by: com.kms.katalon.core.webui.exception.WebElementNotFoundException: Web element with id: 'Object Repository/AccountManagement/ClickAndCollectStores_accounts' located by '(//span[@class='mdc-tab__ripple mdc-ripple-upgraded'])[2]' not found
	at com.kms.katalon.core.webui.common.WebUiCommonHelper.findWebElement(WebUiCommonHelper.java:1381)
	at com.kms.katalon.core.webui.keyword.internal.WebUIAbstractKeyword.findWebElement(WebUIAbstractKeyword.groovy:27)
	at com.kms.katalon.core.webui.keyword.builtin.ClickKeyword$_click_closure1.doCall(ClickKeyword.groovy:65)
	at com.kms.katalon.core.webui.keyword.builtin.ClickKeyword$_click_closure1.call(ClickKeyword.groovy)
	at com.kms.katalon.core.webui.keyword.internal.WebUIKeywordMain.runKeyword(WebUIKeywordMain.groovy:20)
	... 19 more]]></system-err>
      </testcase>
      <testcase name="Test Cases/AccountManagement/TS_SMOKE_SUITE_022" time="179.606" classname="Test Cases/AccountManagement/TS_SMOKE_SUITE_022" status="FAILED">
         <failure type="FAILED" message="Test Cases/AccountManagement/TS_SMOKE_SUITE_022 FAILED.
Reason:
com.kms.katalon.core.exception.StepFailedException: Unable to click on object 'Object Repository/AccountManagement/MakeCardAsDefault_Account'
	at com.kms.katalon.core.webui.keyword.internal.WebUIKeywordMain.stepFailed(WebUIKeywordMain.groovy:64)
	at com.kms.katalon.core.webui.keyword.internal.WebUIKeywordMain.runKeyword(WebUIKeywordMain.groovy:26)
	at com.kms.katalon.core.webui.keyword.builtin.ClickKeyword.click(ClickKeyword.groovy:74)
	at com.kms.katalon.core.webui.keyword.builtin.ClickKeyword.execute(ClickKeyword.groovy:40)
	at com.kms.katalon.core.keyword.internal.KeywordExecutor.executeKeywordForPlatform(KeywordExecutor.groovy:74)
	at com.kms.katalon.core.webui.keyword.WebUiBuiltInKeywords.click(WebUiBuiltInKeywords.groovy:620)
	at com.kms.katalon.core.webui.keyword.WebUiBuiltInKeywords$click$2.call(Unknown Source)
	at TS_SMOKE_SUITE_022.run(TS_SMOKE_SUITE_022:44)
	at com.kms.katalon.core.main.ScriptEngine.run(ScriptEngine.java:194)
	at com.kms.katalon.core.main.ScriptEngine.runScriptAsRawText(ScriptEngine.java:119)
	at com.kms.katalon.core.main.TestCaseExecutor.runScript(TestCaseExecutor.java:448)
	at com.kms.katalon.core.main.TestCaseExecutor.doExecute(TestCaseExecutor.java:439)
	at com.kms.katalon.core.main.TestCaseExecutor.processExecutionPhase(TestCaseExecutor.java:418)
	at com.kms.katalon.core.main.TestCaseExecutor.accessMainPhase(TestCaseExecutor.java:410)
	at com.kms.katalon.core.main.TestCaseExecutor.execute(TestCaseExecutor.java:285)
	at com.kms.katalon.core.common.CommonExecutor.accessTestCaseMainPhase(CommonExecutor.java:65)
	at com.kms.katalon.core.main.TestSuiteExecutor.accessTestSuiteMainPhase(TestSuiteExecutor.java:148)
	at com.kms.katalon.core.main.TestSuiteExecutor.execute(TestSuiteExecutor.java:106)
	at com.kms.katalon.core.main.TestCaseMain.startTestSuite(TestCaseMain.java:187)
	at com.kms.katalon.core.main.TestCaseMain$startTestSuite$0.call(Unknown Source)
	at TempTestSuite1693284812317.run(TempTestSuite1693284812317.groovy:36)
Caused by: com.kms.katalon.core.webui.exception.WebElementNotFoundException: Web element with id: 'Object Repository/AccountManagement/MakeCardAsDefault_Account' located by '//div[@class='dropdown-menu show']//a[contains(text(),'Seleccionar como predeterminada')]' not found
	at com.kms.katalon.core.webui.common.WebUiCommonHelper.findWebElement(WebUiCommonHelper.java:1381)
	at com.kms.katalon.core.webui.keyword.internal.WebUIAbstractKeyword.findWebElement(WebUIAbstractKeyword.groovy:27)
	at com.kms.katalon.core.webui.keyword.builtin.ClickKeyword$_click_closure1.doCall(ClickKeyword.groovy:65)
	at com.kms.katalon.core.webui.keyword.builtin.ClickKeyword$_click_closure1.call(ClickKeyword.groovy)
	at com.kms.katalon.core.webui.keyword.internal.WebUIKeywordMain.runKeyword(WebUIKeywordMain.groovy:20)
	... 19 more
"/>
         <system-out><![CDATA[2023-08-29 10:29:48 - [TEST_CASE][FAILED] - Test Cases/AccountManagement/TS_SMOKE_SUITE_022: Test Cases/AccountManagement/TS_SMOKE_SUITE_022 FAILED.
Reason:
com.kms.katalon.core.exception.StepFailedException: Unable to click on object 'Object Repository/AccountManagement/MakeCardAsDefault_Account'
	at com.kms.katalon.core.webui.keyword.internal.WebUIKeywordMain.stepFailed(WebUIKeywordMain.groovy:64)
	at com.kms.katalon.core.webui.keyword.internal.WebUIKeywordMain.runKeyword(WebUIKeywordMain.groovy:26)
	at com.kms.katalon.core.webui.keyword.builtin.ClickKeyword.click(ClickKeyword.groovy:74)
	at com.kms.katalon.core.webui.keyword.builtin.ClickKeyword.execute(ClickKeyword.groovy:40)
	at com.kms.katalon.core.keyword.internal.KeywordExecutor.executeKeywordForPlatform(KeywordExecutor.groovy:74)
	at com.kms.katalon.core.webui.keyword.WebUiBuiltInKeywords.click(WebUiBuiltInKeywords.groovy:620)
	at com.kms.katalon.core.webui.keyword.WebUiBuiltInKeywords$click$2.call(Unknown Source)
	at TS_SMOKE_SUITE_022.run(TS_SMOKE_SUITE_022:44)
	at com.kms.katalon.core.main.ScriptEngine.run(ScriptEngine.java:194)
	at com.kms.katalon.core.main.ScriptEngine.runScriptAsRawText(ScriptEngine.java:119)
	at com.kms.katalon.core.main.TestCaseExecutor.runScript(TestCaseExecutor.java:448)
	at com.kms.katalon.core.main.TestCaseExecutor.doExecute(TestCaseExecutor.java:439)
	at com.kms.katalon.core.main.TestCaseExecutor.processExecutionPhase(TestCaseExecutor.java:418)
	at com.kms.katalon.core.main.TestCaseExecutor.accessMainPhase(TestCaseExecutor.java:410)
	at com.kms.katalon.core.main.TestCaseExecutor.execute(TestCaseExecutor.java:285)
	at com.kms.katalon.core.common.CommonExecutor.accessTestCaseMainPhase(CommonExecutor.java:65)
	at com.kms.katalon.core.main.TestSuiteExecutor.accessTestSuiteMainPhase(TestSuiteExecutor.java:148)
	at com.kms.katalon.core.main.TestSuiteExecutor.execute(TestSuiteExecutor.java:106)
	at com.kms.katalon.core.main.TestCaseMain.startTestSuite(TestCaseMain.java:187)
	at com.kms.katalon.core.main.TestCaseMain$startTestSuite$0.call(Unknown Source)
	at TempTestSuite1693284812317.run(TempTestSuite1693284812317.groovy:36)
Caused by: com.kms.katalon.core.webui.exception.WebElementNotFoundException: Web element with id: 'Object Repository/AccountManagement/MakeCardAsDefault_Account' located by '//div[@class='dropdown-menu show']//a[contains(text(),'Seleccionar como predeterminada')]' not found
	at com.kms.katalon.core.webui.common.WebUiCommonHelper.findWebElement(WebUiCommonHelper.java:1381)
	at com.kms.katalon.core.webui.keyword.internal.WebUIAbstractKeyword.findWebElement(WebUIAbstractKeyword.groovy:27)
	at com.kms.katalon.core.webui.keyword.builtin.ClickKeyword$_click_closure1.doCall(ClickKeyword.groovy:65)
	at com.kms.katalon.core.webui.keyword.builtin.ClickKeyword$_click_closure1.call(ClickKeyword.groovy)
	at com.kms.katalon.core.webui.keyword.internal.WebUIKeywordMain.runKeyword(WebUIKeywordMain.groovy:20)
	... 19 more


2023-08-29 10:29:48 - [TEST_STEP][PASSED] - openBrowser(""): Browser is opened with url: ''

2023-08-29 10:29:48 - [MESSAGE][WARNING] - A browser is already opened. Closing browser and opening a new one

2023-08-29 10:29:49 - [MESSAGE][INFO] - Starting 'Chrome' driver

2023-08-29 10:29:49 - [MESSAGE][INFO] - Action delay is set to 0 milliseconds

2023-08-29 10:29:50 - [MESSAGE][PASSED] - Browser is opened with url: ''

2023-08-29 10:29:50 - [TEST_STEP][PASSED] - navigateToUrl(URL): Navigate to 'https://odtaqaa.liverpool.com.mx/tienda/home' successfully

2023-08-29 10:30:37 - [MESSAGE][PASSED] - Navigate to 'https://odtaqaa.liverpool.com.mx/tienda/home' successfully

2023-08-29 10:30:37 - [TEST_STEP][PASSED] - maximizeWindow(): Current window maximized

2023-08-29 10:30:37 - [MESSAGE][PASSED] - Current window maximized

2023-08-29 10:30:37 - [TEST_STEP][PASSED] - click(findTestObject("HomePage/Iniciar sesion")): Object: 'Object Repository/HomePage/Iniciar sesion' is clicked on

2023-08-29 10:30:38 - [MESSAGE][PASSED] - Object: 'Object Repository/HomePage/Iniciar sesion' is clicked on

2023-08-29 10:30:38 - [TEST_STEP][PASSED] - callTestCase(findTestCase("CommonMethods/login_odtaqab"), [:], OPTIONAL): Call Test Case 'Test Cases/CommonMethods/login_odtaqab' successfully

2023-08-29 10:30:38 - [TEST_CASE][PASSED] - Test Cases/CommonMethods/login_odtaqab: Test Cases/CommonMethods/login_odtaqab

2023-08-29 10:30:38 - [TEST_STEP][PASSED] - click(findTestObject("HomePage/Iniciar sesion")): Object: 'Object Repository/HomePage/Iniciar sesion' is clicked on

2023-08-29 10:30:39 - [MESSAGE][PASSED] - Object: 'Object Repository/HomePage/Iniciar sesion' is clicked on

2023-08-29 10:30:39 - [TEST_STEP][PASSED] - enhancedClick(findTestObject("HomePage/EnterUsername_LP")): Object: 'Object Repository/HomePage/EnterUsername_LP' is clicked on

2023-08-29 10:31:01 - [MESSAGE][PASSED] - Object: 'Object Repository/HomePage/EnterUsername_LP' is clicked on

2023-08-29 10:31:01 - [TEST_STEP][PASSED] - setText(findTestObject("HomePage/EnterUsername_LP"), username): Text 'hcheruvu29@digisprint.com' is set on object 'Object Repository/HomePage/EnterUsername_LP'

2023-08-29 10:31:02 - [MESSAGE][PASSED] - Text 'hcheruvu29@digisprint.com' is set on object 'Object Repository/HomePage/EnterUsername_LP'

2023-08-29 10:31:02 - [TEST_STEP][PASSED] - delay(2): Delayed 2 second(s)

2023-08-29 10:31:04 - [MESSAGE][PASSED] - Delayed 2 second(s)

2023-08-29 10:31:04 - [TEST_STEP][PASSED] - enhancedClick(findTestObject("HomePage/EnterPassword_LP")): Object: 'Object Repository/HomePage/EnterPassword_LP' is clicked on

2023-08-29 10:31:04 - [MESSAGE][PASSED] - Object: 'Object Repository/HomePage/EnterPassword_LP' is clicked on

2023-08-29 10:31:04 - [TEST_STEP][PASSED] - delay(2): Delayed 2 second(s)

2023-08-29 10:31:06 - [MESSAGE][PASSED] - Delayed 2 second(s)

2023-08-29 10:31:06 - [TEST_STEP][PASSED] - setText(findTestObject("HomePage/EnterPassword_LP"), password): Text 'Test@12345' is set on object 'Object Repository/HomePage/EnterPassword_LP'

2023-08-29 10:31:07 - [MESSAGE][PASSED] - Text 'Test@12345' is set on object 'Object Repository/HomePage/EnterPassword_LP'

2023-08-29 10:31:07 - [TEST_STEP][PASSED] - click(findTestObject("HomePage/inciar")): Object: 'Object Repository/HomePage/inciar' is clicked on

2023-08-29 10:31:16 - [MESSAGE][PASSED] - Object: 'Object Repository/HomePage/inciar' is clicked on

2023-08-29 10:31:16 - [MESSAGE][PASSED] - Call Test Case 'Test Cases/CommonMethods/login_odtaqab' successfully

2023-08-29 10:31:16 - [TEST_STEP][PASSED] - waitForPageLoad(0): Wait for page load successfully

2023-08-29 10:31:16 - [MESSAGE][WARNING] - Timeout '0' is invalid. Using default page load timeout: '30'

2023-08-29 10:31:16 - [MESSAGE][PASSED] - Wait for page load successfully

2023-08-29 10:31:16 - [TEST_STEP][PASSED] - mouseOver(findTestObject("HomePage/AfterLogin_Homepage")): Object: 'Object Repository/HomePage/AfterLogin_Homepage' is hovered

2023-08-29 10:32:00 - [MESSAGE][PASSED] - Object: 'Object Repository/HomePage/AfterLogin_Homepage' is hovered

2023-08-29 10:32:00 - [TEST_STEP][PASSED] - click(findTestObject("AccountManagement/MyAccountButton_Account")): Object: 'Object Repository/AccountManagement/MyAccountButton_Account' is clicked on

2023-08-29 10:32:01 - [MESSAGE][PASSED] - Object: 'Object Repository/AccountManagement/MyAccountButton_Account' is clicked on

2023-08-29 10:32:01 - [TEST_STEP][PASSED] - click(findTestObject("AccountManagement/MyPaymentMethod_Account")): Object: 'Object Repository/AccountManagement/MyPaymentMethod_Account' is clicked on

2023-08-29 10:32:08 - [MESSAGE][PASSED] - Object: 'Object Repository/AccountManagement/MyPaymentMethod_Account' is clicked on

2023-08-29 10:32:08 - [TEST_STEP][PASSED] - click(findTestObject("AccountManagement/MyCardButton_Account")): Object: 'Object Repository/AccountManagement/MyCardButton_Account' is clicked on

2023-08-29 10:32:14 - [MESSAGE][PASSED] - Object: 'Object Repository/AccountManagement/MyCardButton_Account' is clicked on

2023-08-29 10:32:14 - [TEST_STEP][PASSED] - click(findTestObject("AccountManagement/Select3DotAddress2Nd_Account")): Object: 'Object Repository/AccountManagement/Select3DotAddress2Nd_Account' is clicked on

2023-08-29 10:32:16 - [MESSAGE][PASSED] - Object: 'Object Repository/AccountManagement/Select3DotAddress2Nd_Account' is clicked on

2023-08-29 10:32:16 - [TEST_STEP][PASSED] - waitForPageLoad(0): Wait for page load successfully

2023-08-29 10:32:16 - [MESSAGE][WARNING] - Timeout '0' is invalid. Using default page load timeout: '30'

2023-08-29 10:32:16 - [MESSAGE][PASSED] - Wait for page load successfully

2023-08-29 10:32:16 - [TEST_STEP][FAILED] - click(findTestObject("AccountManagement/MakeCardAsDefault_Account")): Unable to click on object 'Object Repository/AccountManagement/MakeCardAsDefault_Account' (Root cause: com.kms.katalon.core.exception.StepFailedException: Unable to click on object 'Object Repository/AccountManagement/MakeCardAsDefault_Account'
	at com.kms.katalon.core.webui.keyword.internal.WebUIKeywordMain.stepFailed(WebUIKeywordMain.groovy:64)
	at com.kms.katalon.core.webui.keyword.internal.WebUIKeywordMain.runKeyword(WebUIKeywordMain.groovy:26)
	at com.kms.katalon.core.webui.keyword.builtin.ClickKeyword.click(ClickKeyword.groovy:74)
	at com.kms.katalon.core.webui.keyword.builtin.ClickKeyword.execute(ClickKeyword.groovy:40)
	at com.kms.katalon.core.keyword.internal.KeywordExecutor.executeKeywordForPlatform(KeywordExecutor.groovy:74)
	at com.kms.katalon.core.webui.keyword.WebUiBuiltInKeywords.click(WebUiBuiltInKeywords.groovy:620)
	at com.kms.katalon.core.webui.keyword.WebUiBuiltInKeywords$click$2.call(Unknown Source)
	at TS_SMOKE_SUITE_022.run(TS_SMOKE_SUITE_022:44)
	at com.kms.katalon.core.main.ScriptEngine.run(ScriptEngine.java:194)
	at com.kms.katalon.core.main.ScriptEngine.runScriptAsRawText(ScriptEngine.java:119)
	at com.kms.katalon.core.main.TestCaseExecutor.runScript(TestCaseExecutor.java:448)
	at com.kms.katalon.core.main.TestCaseExecutor.doExecute(TestCaseExecutor.java:439)
	at com.kms.katalon.core.main.TestCaseExecutor.processExecutionPhase(TestCaseExecutor.java:418)
	at com.kms.katalon.core.main.TestCaseExecutor.accessMainPhase(TestCaseExecutor.java:410)
	at com.kms.katalon.core.main.TestCaseExecutor.execute(TestCaseExecutor.java:285)
	at com.kms.katalon.core.common.CommonExecutor.accessTestCaseMainPhase(CommonExecutor.java:65)
	at com.kms.katalon.core.main.TestSuiteExecutor.accessTestSuiteMainPhase(TestSuiteExecutor.java:148)
	at com.kms.katalon.core.main.TestSuiteExecutor.execute(TestSuiteExecutor.java:106)
	at com.kms.katalon.core.main.TestCaseMain.startTestSuite(TestCaseMain.java:187)
	at com.kms.katalon.core.main.TestCaseMain$startTestSuite$0.call(Unknown Source)
	at TempTestSuite1693284812317.run(TempTestSuite1693284812317.groovy:36)
Caused by: com.kms.katalon.core.webui.exception.WebElementNotFoundException: Web element with id: 'Object Repository/AccountManagement/MakeCardAsDefault_Account' located by '//div[@class='dropdown-menu show']//a[contains(text(),'Seleccionar como predeterminada')]' not found
	at com.kms.katalon.core.webui.common.WebUiCommonHelper.findWebElement(WebUiCommonHelper.java:1381)
	at com.kms.katalon.core.webui.keyword.internal.WebUIAbstractKeyword.findWebElement(WebUIAbstractKeyword.groovy:27)
	at com.kms.katalon.core.webui.keyword.builtin.ClickKeyword$_click_closure1.doCall(ClickKeyword.groovy:65)
	at com.kms.katalon.core.webui.keyword.builtin.ClickKeyword$_click_closure1.call(ClickKeyword.groovy)
	at com.kms.katalon.core.webui.keyword.internal.WebUIKeywordMain.runKeyword(WebUIKeywordMain.groovy:20)
	at com.kms.katalon.core.webui.keyword.builtin.ClickKeyword.click(ClickKeyword.groovy:74)
	at com.kms.katalon.core.webui.keyword.builtin.ClickKeyword.execute(ClickKeyword.groovy:40)
	at com.kms.katalon.core.keyword.internal.KeywordExecutor.executeKeywordForPlatform(KeywordExecutor.groovy:74)
	at com.kms.katalon.core.webui.keyword.WebUiBuiltInKeywords.click(WebUiBuiltInKeywords.groovy:620)
	at com.kms.katalon.core.webui.keyword.WebUiBuiltInKeywords$click$2.call(Unknown Source)
	at Script1691413258089.run(Script1691413258089.groovy:44)
	... 13 more
)

2023-08-29 10:32:47 - [MESSAGE][INFO] - Unable to find the element located by 'By.xpath: //div[@class='dropdown-menu show']//a[contains(text(),'Seleccionar como predeterminada')]'. Please recheck the objects properties to make sure the desired element is located. 

2023-08-29 10:32:47 - [MESSAGE][FAILED] - Unable to click on object 'Object Repository/AccountManagement/MakeCardAsDefault_Account' (Root cause: com.kms.katalon.core.exception.StepFailedException: Unable to click on object 'Object Repository/AccountManagement/MakeCardAsDefault_Account'
	at com.kms.katalon.core.webui.keyword.internal.WebUIKeywordMain.stepFailed(WebUIKeywordMain.groovy:64)
	at com.kms.katalon.core.webui.keyword.internal.WebUIKeywordMain.runKeyword(WebUIKeywordMain.groovy:26)
	at com.kms.katalon.core.webui.keyword.builtin.ClickKeyword.click(ClickKeyword.groovy:74)
	at com.kms.katalon.core.webui.keyword.builtin.ClickKeyword.execute(ClickKeyword.groovy:40)
	at com.kms.katalon.core.keyword.internal.KeywordExecutor.executeKeywordForPlatform(KeywordExecutor.groovy:74)
	at com.kms.katalon.core.webui.keyword.WebUiBuiltInKeywords.click(WebUiBuiltInKeywords.groovy:620)
	at com.kms.katalon.core.webui.keyword.WebUiBuiltInKeywords$click$2.call(Unknown Source)
	at TS_SMOKE_SUITE_022.run(TS_SMOKE_SUITE_022:44)
	at com.kms.katalon.core.main.ScriptEngine.run(ScriptEngine.java:194)
	at com.kms.katalon.core.main.ScriptEngine.runScriptAsRawText(ScriptEngine.java:119)
	at com.kms.katalon.core.main.TestCaseExecutor.runScript(TestCaseExecutor.java:448)
	at com.kms.katalon.core.main.TestCaseExecutor.doExecute(TestCaseExecutor.java:439)
	at com.kms.katalon.core.main.TestCaseExecutor.processExecutionPhase(TestCaseExecutor.java:418)
	at com.kms.katalon.core.main.TestCaseExecutor.accessMainPhase(TestCaseExecutor.java:410)
	at com.kms.katalon.core.main.TestCaseExecutor.execute(TestCaseExecutor.java:285)
	at com.kms.katalon.core.common.CommonExecutor.accessTestCaseMainPhase(CommonExecutor.java:65)
	at com.kms.katalon.core.main.TestSuiteExecutor.accessTestSuiteMainPhase(TestSuiteExecutor.java:148)
	at com.kms.katalon.core.main.TestSuiteExecutor.execute(TestSuiteExecutor.java:106)
	at com.kms.katalon.core.main.TestCaseMain.startTestSuite(TestCaseMain.java:187)
	at com.kms.katalon.core.main.TestCaseMain$startTestSuite$0.call(Unknown Source)
	at TempTestSuite1693284812317.run(TempTestSuite1693284812317.groovy:36)
Caused by: com.kms.katalon.core.webui.exception.WebElementNotFoundException: Web element with id: 'Object Repository/AccountManagement/MakeCardAsDefault_Account' located by '//div[@class='dropdown-menu show']//a[contains(text(),'Seleccionar como predeterminada')]' not found
	at com.kms.katalon.core.webui.common.WebUiCommonHelper.findWebElement(WebUiCommonHelper.java:1381)
	at com.kms.katalon.core.webui.keyword.internal.WebUIAbstractKeyword.findWebElement(WebUIAbstractKeyword.groovy:27)
	at com.kms.katalon.core.webui.keyword.builtin.ClickKeyword$_click_closure1.doCall(ClickKeyword.groovy:65)
	at com.kms.katalon.core.webui.keyword.builtin.ClickKeyword$_click_closure1.call(ClickKeyword.groovy)
	at com.kms.katalon.core.webui.keyword.internal.WebUIKeywordMain.runKeyword(WebUIKeywordMain.groovy:20)
	at com.kms.katalon.core.webui.keyword.builtin.ClickKeyword.click(ClickKeyword.groovy:74)
	at com.kms.katalon.core.webui.keyword.builtin.ClickKeyword.execute(ClickKeyword.groovy:40)
	at com.kms.katalon.core.keyword.internal.KeywordExecutor.executeKeywordForPlatform(KeywordExecutor.groovy:74)
	at com.kms.katalon.core.webui.keyword.WebUiBuiltInKeywords.click(WebUiBuiltInKeywords.groovy:620)
	at com.kms.katalon.core.webui.keyword.WebUiBuiltInKeywords$click$2.call(Unknown Source)
	at Script1691413258089.run(Script1691413258089.groovy:44)
	... 13 more
)
[[ATTACHMENT|D:\\backup\\LiverpoolProject_SmokeSuite\\Reports\\20230829_080249\\SmokeSuite_AllModules\\20230829_102332\\1693285367611.png]]]]></system-out>
         <system-err><![CDATA[2023-08-29 10:29:48 - [TEST_CASE][FAILED] - Test Cases/AccountManagement/TS_SMOKE_SUITE_022: Test Cases/AccountManagement/TS_SMOKE_SUITE_022 FAILED.
Reason:
com.kms.katalon.core.exception.StepFailedException: Unable to click on object 'Object Repository/AccountManagement/MakeCardAsDefault_Account'
	at com.kms.katalon.core.webui.keyword.internal.WebUIKeywordMain.stepFailed(WebUIKeywordMain.groovy:64)
	at com.kms.katalon.core.webui.keyword.internal.WebUIKeywordMain.runKeyword(WebUIKeywordMain.groovy:26)
	at com.kms.katalon.core.webui.keyword.builtin.ClickKeyword.click(ClickKeyword.groovy:74)
	at com.kms.katalon.core.webui.keyword.builtin.ClickKeyword.execute(ClickKeyword.groovy:40)
	at com.kms.katalon.core.keyword.internal.KeywordExecutor.executeKeywordForPlatform(KeywordExecutor.groovy:74)
	at com.kms.katalon.core.webui.keyword.WebUiBuiltInKeywords.click(WebUiBuiltInKeywords.groovy:620)
	at com.kms.katalon.core.webui.keyword.WebUiBuiltInKeywords$click$2.call(Unknown Source)
	at TS_SMOKE_SUITE_022.run(TS_SMOKE_SUITE_022:44)
	at com.kms.katalon.core.main.ScriptEngine.run(ScriptEngine.java:194)
	at com.kms.katalon.core.main.ScriptEngine.runScriptAsRawText(ScriptEngine.java:119)
	at com.kms.katalon.core.main.TestCaseExecutor.runScript(TestCaseExecutor.java:448)
	at com.kms.katalon.core.main.TestCaseExecutor.doExecute(TestCaseExecutor.java:439)
	at com.kms.katalon.core.main.TestCaseExecutor.processExecutionPhase(TestCaseExecutor.java:418)
	at com.kms.katalon.core.main.TestCaseExecutor.accessMainPhase(TestCaseExecutor.java:410)
	at com.kms.katalon.core.main.TestCaseExecutor.execute(TestCaseExecutor.java:285)
	at com.kms.katalon.core.common.CommonExecutor.accessTestCaseMainPhase(CommonExecutor.java:65)
	at com.kms.katalon.core.main.TestSuiteExecutor.accessTestSuiteMainPhase(TestSuiteExecutor.java:148)
	at com.kms.katalon.core.main.TestSuiteExecutor.execute(TestSuiteExecutor.java:106)
	at com.kms.katalon.core.main.TestCaseMain.startTestSuite(TestCaseMain.java:187)
	at com.kms.katalon.core.main.TestCaseMain$startTestSuite$0.call(Unknown Source)
	at TempTestSuite1693284812317.run(TempTestSuite1693284812317.groovy:36)
Caused by: com.kms.katalon.core.webui.exception.WebElementNotFoundException: Web element with id: 'Object Repository/AccountManagement/MakeCardAsDefault_Account' located by '//div[@class='dropdown-menu show']//a[contains(text(),'Seleccionar como predeterminada')]' not found
	at com.kms.katalon.core.webui.common.WebUiCommonHelper.findWebElement(WebUiCommonHelper.java:1381)
	at com.kms.katalon.core.webui.keyword.internal.WebUIAbstractKeyword.findWebElement(WebUIAbstractKeyword.groovy:27)
	at com.kms.katalon.core.webui.keyword.builtin.ClickKeyword$_click_closure1.doCall(ClickKeyword.groovy:65)
	at com.kms.katalon.core.webui.keyword.builtin.ClickKeyword$_click_closure1.call(ClickKeyword.groovy)
	at com.kms.katalon.core.webui.keyword.internal.WebUIKeywordMain.runKeyword(WebUIKeywordMain.groovy:20)
	... 19 more]]></system-err>
      </testcase>
      <testcase name="Test Cases/AccountManagement/TS_SMOKE_SUITE_023" time="163.431" classname="Test Cases/AccountManagement/TS_SMOKE_SUITE_023" status="FAILED">
         <failure type="FAILED" message="Test Cases/AccountManagement/TS_SMOKE_SUITE_023 FAILED.
Reason:
com.kms.katalon.core.exception.StepFailedException: Unable to click on object 'Object Repository/AccountManagement/clickNcollect_address_AM'
	at com.kms.katalon.core.webui.keyword.internal.WebUIKeywordMain.stepFailed(WebUIKeywordMain.groovy:64)
	at com.kms.katalon.core.webui.keyword.internal.WebUIKeywordMain.runKeyword(WebUIKeywordMain.groovy:26)
	at com.kms.katalon.core.webui.keyword.builtin.ClickKeyword.click(ClickKeyword.groovy:74)
	at com.kms.katalon.core.webui.keyword.builtin.ClickKeyword.execute(ClickKeyword.groovy:40)
	at com.kms.katalon.core.keyword.internal.KeywordExecutor.executeKeywordForPlatform(KeywordExecutor.groovy:74)
	at com.kms.katalon.core.webui.keyword.WebUiBuiltInKeywords.click(WebUiBuiltInKeywords.groovy:620)
	at com.kms.katalon.core.webui.keyword.WebUiBuiltInKeywords$click$2.call(Unknown Source)
	at TS_SMOKE_SUITE_023.run(TS_SMOKE_SUITE_023:41)
	at com.kms.katalon.core.main.ScriptEngine.run(ScriptEngine.java:194)
	at com.kms.katalon.core.main.ScriptEngine.runScriptAsRawText(ScriptEngine.java:119)
	at com.kms.katalon.core.main.TestCaseExecutor.runScript(TestCaseExecutor.java:448)
	at com.kms.katalon.core.main.TestCaseExecutor.doExecute(TestCaseExecutor.java:439)
	at com.kms.katalon.core.main.TestCaseExecutor.processExecutionPhase(TestCaseExecutor.java:418)
	at com.kms.katalon.core.main.TestCaseExecutor.accessMainPhase(TestCaseExecutor.java:410)
	at com.kms.katalon.core.main.TestCaseExecutor.execute(TestCaseExecutor.java:285)
	at com.kms.katalon.core.common.CommonExecutor.accessTestCaseMainPhase(CommonExecutor.java:65)
	at com.kms.katalon.core.main.TestSuiteExecutor.accessTestSuiteMainPhase(TestSuiteExecutor.java:148)
	at com.kms.katalon.core.main.TestSuiteExecutor.execute(TestSuiteExecutor.java:106)
	at com.kms.katalon.core.main.TestCaseMain.startTestSuite(TestCaseMain.java:187)
	at com.kms.katalon.core.main.TestCaseMain$startTestSuite$0.call(Unknown Source)
	at TempTestSuite1693284812317.run(TempTestSuite1693284812317.groovy:36)
Caused by: com.kms.katalon.core.webui.exception.WebElementNotFoundException: Web element with id: 'Object Repository/AccountManagement/clickNcollect_address_AM' located by '(//span[@class='mdc-tab__ripple mdc-ripple-upgraded'])[2]' not found
	at com.kms.katalon.core.webui.common.WebUiCommonHelper.findWebElement(WebUiCommonHelper.java:1381)
	at com.kms.katalon.core.webui.keyword.internal.WebUIAbstractKeyword.findWebElement(WebUIAbstractKeyword.groovy:27)
	at com.kms.katalon.core.webui.keyword.builtin.ClickKeyword$_click_closure1.doCall(ClickKeyword.groovy:65)
	at com.kms.katalon.core.webui.keyword.builtin.ClickKeyword$_click_closure1.call(ClickKeyword.groovy)
	at com.kms.katalon.core.webui.keyword.internal.WebUIKeywordMain.runKeyword(WebUIKeywordMain.groovy:20)
	... 19 more
"/>
         <system-out><![CDATA[2023-08-29 10:32:47 - [TEST_CASE][FAILED] - Test Cases/AccountManagement/TS_SMOKE_SUITE_023: Test Cases/AccountManagement/TS_SMOKE_SUITE_023 FAILED.
Reason:
com.kms.katalon.core.exception.StepFailedException: Unable to click on object 'Object Repository/AccountManagement/clickNcollect_address_AM'
	at com.kms.katalon.core.webui.keyword.internal.WebUIKeywordMain.stepFailed(WebUIKeywordMain.groovy:64)
	at com.kms.katalon.core.webui.keyword.internal.WebUIKeywordMain.runKeyword(WebUIKeywordMain.groovy:26)
	at com.kms.katalon.core.webui.keyword.builtin.ClickKeyword.click(ClickKeyword.groovy:74)
	at com.kms.katalon.core.webui.keyword.builtin.ClickKeyword.execute(ClickKeyword.groovy:40)
	at com.kms.katalon.core.keyword.internal.KeywordExecutor.executeKeywordForPlatform(KeywordExecutor.groovy:74)
	at com.kms.katalon.core.webui.keyword.WebUiBuiltInKeywords.click(WebUiBuiltInKeywords.groovy:620)
	at com.kms.katalon.core.webui.keyword.WebUiBuiltInKeywords$click$2.call(Unknown Source)
	at TS_SMOKE_SUITE_023.run(TS_SMOKE_SUITE_023:41)
	at com.kms.katalon.core.main.ScriptEngine.run(ScriptEngine.java:194)
	at com.kms.katalon.core.main.ScriptEngine.runScriptAsRawText(ScriptEngine.java:119)
	at com.kms.katalon.core.main.TestCaseExecutor.runScript(TestCaseExecutor.java:448)
	at com.kms.katalon.core.main.TestCaseExecutor.doExecute(TestCaseExecutor.java:439)
	at com.kms.katalon.core.main.TestCaseExecutor.processExecutionPhase(TestCaseExecutor.java:418)
	at com.kms.katalon.core.main.TestCaseExecutor.accessMainPhase(TestCaseExecutor.java:410)
	at com.kms.katalon.core.main.TestCaseExecutor.execute(TestCaseExecutor.java:285)
	at com.kms.katalon.core.common.CommonExecutor.accessTestCaseMainPhase(CommonExecutor.java:65)
	at com.kms.katalon.core.main.TestSuiteExecutor.accessTestSuiteMainPhase(TestSuiteExecutor.java:148)
	at com.kms.katalon.core.main.TestSuiteExecutor.execute(TestSuiteExecutor.java:106)
	at com.kms.katalon.core.main.TestCaseMain.startTestSuite(TestCaseMain.java:187)
	at com.kms.katalon.core.main.TestCaseMain$startTestSuite$0.call(Unknown Source)
	at TempTestSuite1693284812317.run(TempTestSuite1693284812317.groovy:36)
Caused by: com.kms.katalon.core.webui.exception.WebElementNotFoundException: Web element with id: 'Object Repository/AccountManagement/clickNcollect_address_AM' located by '(//span[@class='mdc-tab__ripple mdc-ripple-upgraded'])[2]' not found
	at com.kms.katalon.core.webui.common.WebUiCommonHelper.findWebElement(WebUiCommonHelper.java:1381)
	at com.kms.katalon.core.webui.keyword.internal.WebUIAbstractKeyword.findWebElement(WebUIAbstractKeyword.groovy:27)
	at com.kms.katalon.core.webui.keyword.builtin.ClickKeyword$_click_closure1.doCall(ClickKeyword.groovy:65)
	at com.kms.katalon.core.webui.keyword.builtin.ClickKeyword$_click_closure1.call(ClickKeyword.groovy)
	at com.kms.katalon.core.webui.keyword.internal.WebUIKeywordMain.runKeyword(WebUIKeywordMain.groovy:20)
	... 19 more


2023-08-29 10:32:48 - [TEST_STEP][PASSED] - openBrowser(""): Browser is opened with url: ''

2023-08-29 10:32:48 - [MESSAGE][WARNING] - A browser is already opened. Closing browser and opening a new one

2023-08-29 10:32:49 - [MESSAGE][INFO] - Starting 'Chrome' driver

2023-08-29 10:32:49 - [MESSAGE][INFO] - Action delay is set to 0 milliseconds

2023-08-29 10:32:50 - [MESSAGE][PASSED] - Browser is opened with url: ''

2023-08-29 10:32:50 - [TEST_STEP][PASSED] - navigateToUrl(URL): Navigate to 'https://odtaqaa.liverpool.com.mx/tienda/home' successfully

2023-08-29 10:33:34 - [MESSAGE][PASSED] - Navigate to 'https://odtaqaa.liverpool.com.mx/tienda/home' successfully

2023-08-29 10:33:34 - [TEST_STEP][PASSED] - maximizeWindow(): Current window maximized

2023-08-29 10:33:35 - [MESSAGE][PASSED] - Current window maximized

2023-08-29 10:33:35 - [TEST_STEP][PASSED] - click(findTestObject("HomePage/Iniciar sesion")): Object: 'Object Repository/HomePage/Iniciar sesion' is clicked on

2023-08-29 10:33:36 - [MESSAGE][PASSED] - Object: 'Object Repository/HomePage/Iniciar sesion' is clicked on

2023-08-29 10:33:36 - [TEST_STEP][PASSED] - callTestCase(findTestCase("CommonMethods/login_odtaqab"), [:], STOP_ON_FAILURE): Call Test Case 'Test Cases/CommonMethods/login_odtaqab' successfully

2023-08-29 10:33:36 - [TEST_CASE][PASSED] - Test Cases/CommonMethods/login_odtaqab: Test Cases/CommonMethods/login_odtaqab

2023-08-29 10:33:36 - [TEST_STEP][PASSED] - click(findTestObject("HomePage/Iniciar sesion")): Object: 'Object Repository/HomePage/Iniciar sesion' is clicked on

2023-08-29 10:33:37 - [MESSAGE][PASSED] - Object: 'Object Repository/HomePage/Iniciar sesion' is clicked on

2023-08-29 10:33:37 - [TEST_STEP][PASSED] - enhancedClick(findTestObject("HomePage/EnterUsername_LP")): Object: 'Object Repository/HomePage/EnterUsername_LP' is clicked on

2023-08-29 10:33:50 - [MESSAGE][PASSED] - Object: 'Object Repository/HomePage/EnterUsername_LP' is clicked on

2023-08-29 10:33:50 - [TEST_STEP][PASSED] - setText(findTestObject("HomePage/EnterUsername_LP"), username): Text 'hcheruvu29@digisprint.com' is set on object 'Object Repository/HomePage/EnterUsername_LP'

2023-08-29 10:33:51 - [MESSAGE][PASSED] - Text 'hcheruvu29@digisprint.com' is set on object 'Object Repository/HomePage/EnterUsername_LP'

2023-08-29 10:33:51 - [TEST_STEP][PASSED] - delay(2): Delayed 2 second(s)

2023-08-29 10:33:53 - [MESSAGE][PASSED] - Delayed 2 second(s)

2023-08-29 10:33:53 - [TEST_STEP][PASSED] - enhancedClick(findTestObject("HomePage/EnterPassword_LP")): Object: 'Object Repository/HomePage/EnterPassword_LP' is clicked on

2023-08-29 10:33:53 - [MESSAGE][PASSED] - Object: 'Object Repository/HomePage/EnterPassword_LP' is clicked on

2023-08-29 10:33:53 - [TEST_STEP][PASSED] - delay(2): Delayed 2 second(s)

2023-08-29 10:33:55 - [MESSAGE][PASSED] - Delayed 2 second(s)

2023-08-29 10:33:55 - [TEST_STEP][PASSED] - setText(findTestObject("HomePage/EnterPassword_LP"), password): Text 'Test@12345' is set on object 'Object Repository/HomePage/EnterPassword_LP'

2023-08-29 10:33:56 - [MESSAGE][PASSED] - Text 'Test@12345' is set on object 'Object Repository/HomePage/EnterPassword_LP'

2023-08-29 10:33:56 - [TEST_STEP][PASSED] - click(findTestObject("HomePage/inciar")): Object: 'Object Repository/HomePage/inciar' is clicked on

2023-08-29 10:34:16 - [MESSAGE][PASSED] - Object: 'Object Repository/HomePage/inciar' is clicked on

2023-08-29 10:34:16 - [MESSAGE][PASSED] - Call Test Case 'Test Cases/CommonMethods/login_odtaqab' successfully

2023-08-29 10:34:16 - [TEST_STEP][PASSED] - waitForPageLoad(0): Wait for page load successfully

2023-08-29 10:34:16 - [MESSAGE][WARNING] - Timeout '0' is invalid. Using default page load timeout: '30'

2023-08-29 10:34:16 - [MESSAGE][PASSED] - Wait for page load successfully

2023-08-29 10:34:16 - [TEST_STEP][PASSED] - mouseOver(findTestObject("HomePage/AfterLogin_Homepage")): Object: 'Object Repository/HomePage/AfterLogin_Homepage' is hovered

2023-08-29 10:34:48 - [MESSAGE][PASSED] - Object: 'Object Repository/HomePage/AfterLogin_Homepage' is hovered

2023-08-29 10:34:48 - [TEST_STEP][PASSED] - click(findTestObject("AccountManagement/MyAccountButton_Account")): Object: 'Object Repository/AccountManagement/MyAccountButton_Account' is clicked on

2023-08-29 10:34:48 - [MESSAGE][PASSED] - Object: 'Object Repository/AccountManagement/MyAccountButton_Account' is clicked on

2023-08-29 10:34:48 - [TEST_STEP][PASSED] - click(findTestObject("AccountManagement/MyPaymentMethod_Account")): Object: 'Object Repository/AccountManagement/MyPaymentMethod_Account' is clicked on

2023-08-29 10:34:53 - [MESSAGE][PASSED] - Object: 'Object Repository/AccountManagement/MyPaymentMethod_Account' is clicked on

2023-08-29 10:34:53 - [TEST_STEP][PASSED] - click(findTestObject("AccountManagement/MyCardButton_Account")): Object: 'Object Repository/AccountManagement/MyCardButton_Account' is clicked on

2023-08-29 10:34:59 - [MESSAGE][PASSED] - Object: 'Object Repository/AccountManagement/MyCardButton_Account' is clicked on

2023-08-29 10:34:59 - [TEST_STEP][FAILED] - click(findTestObject("AccountManagement/clickNcollect_address_AM")): Unable to click on object 'Object Repository/AccountManagement/clickNcollect_address_AM' (Root cause: com.kms.katalon.core.exception.StepFailedException: Unable to click on object 'Object Repository/AccountManagement/clickNcollect_address_AM'
	at com.kms.katalon.core.webui.keyword.internal.WebUIKeywordMain.stepFailed(WebUIKeywordMain.groovy:64)
	at com.kms.katalon.core.webui.keyword.internal.WebUIKeywordMain.runKeyword(WebUIKeywordMain.groovy:26)
	at com.kms.katalon.core.webui.keyword.builtin.ClickKeyword.click(ClickKeyword.groovy:74)
	at com.kms.katalon.core.webui.keyword.builtin.ClickKeyword.execute(ClickKeyword.groovy:40)
	at com.kms.katalon.core.keyword.internal.KeywordExecutor.executeKeywordForPlatform(KeywordExecutor.groovy:74)
	at com.kms.katalon.core.webui.keyword.WebUiBuiltInKeywords.click(WebUiBuiltInKeywords.groovy:620)
	at com.kms.katalon.core.webui.keyword.WebUiBuiltInKeywords$click$2.call(Unknown Source)
	at TS_SMOKE_SUITE_023.run(TS_SMOKE_SUITE_023:41)
	at com.kms.katalon.core.main.ScriptEngine.run(ScriptEngine.java:194)
	at com.kms.katalon.core.main.ScriptEngine.runScriptAsRawText(ScriptEngine.java:119)
	at com.kms.katalon.core.main.TestCaseExecutor.runScript(TestCaseExecutor.java:448)
	at com.kms.katalon.core.main.TestCaseExecutor.doExecute(TestCaseExecutor.java:439)
	at com.kms.katalon.core.main.TestCaseExecutor.processExecutionPhase(TestCaseExecutor.java:418)
	at com.kms.katalon.core.main.TestCaseExecutor.accessMainPhase(TestCaseExecutor.java:410)
	at com.kms.katalon.core.main.TestCaseExecutor.execute(TestCaseExecutor.java:285)
	at com.kms.katalon.core.common.CommonExecutor.accessTestCaseMainPhase(CommonExecutor.java:65)
	at com.kms.katalon.core.main.TestSuiteExecutor.accessTestSuiteMainPhase(TestSuiteExecutor.java:148)
	at com.kms.katalon.core.main.TestSuiteExecutor.execute(TestSuiteExecutor.java:106)
	at com.kms.katalon.core.main.TestCaseMain.startTestSuite(TestCaseMain.java:187)
	at com.kms.katalon.core.main.TestCaseMain$startTestSuite$0.call(Unknown Source)
	at TempTestSuite1693284812317.run(TempTestSuite1693284812317.groovy:36)
Caused by: com.kms.katalon.core.webui.exception.WebElementNotFoundException: Web element with id: 'Object Repository/AccountManagement/clickNcollect_address_AM' located by '(//span[@class='mdc-tab__ripple mdc-ripple-upgraded'])[2]' not found
	at com.kms.katalon.core.webui.common.WebUiCommonHelper.findWebElement(WebUiCommonHelper.java:1381)
	at com.kms.katalon.core.webui.keyword.internal.WebUIAbstractKeyword.findWebElement(WebUIAbstractKeyword.groovy:27)
	at com.kms.katalon.core.webui.keyword.builtin.ClickKeyword$_click_closure1.doCall(ClickKeyword.groovy:65)
	at com.kms.katalon.core.webui.keyword.builtin.ClickKeyword$_click_closure1.call(ClickKeyword.groovy)
	at com.kms.katalon.core.webui.keyword.internal.WebUIKeywordMain.runKeyword(WebUIKeywordMain.groovy:20)
	at com.kms.katalon.core.webui.keyword.builtin.ClickKeyword.click(ClickKeyword.groovy:74)
	at com.kms.katalon.core.webui.keyword.builtin.ClickKeyword.execute(ClickKeyword.groovy:40)
	at com.kms.katalon.core.keyword.internal.KeywordExecutor.executeKeywordForPlatform(KeywordExecutor.groovy:74)
	at com.kms.katalon.core.webui.keyword.WebUiBuiltInKeywords.click(WebUiBuiltInKeywords.groovy:620)
	at com.kms.katalon.core.webui.keyword.WebUiBuiltInKeywords$click$2.call(Unknown Source)
	at Script1691414039919.run(Script1691414039919.groovy:41)
	... 13 more
)

2023-08-29 10:35:31 - [MESSAGE][INFO] - Unable to find the element located by 'By.xpath: (//span[@class='mdc-tab__ripple mdc-ripple-upgraded'])[2]'. Please recheck the objects properties to make sure the desired element is located. 

2023-08-29 10:35:31 - [MESSAGE][FAILED] - Unable to click on object 'Object Repository/AccountManagement/clickNcollect_address_AM' (Root cause: com.kms.katalon.core.exception.StepFailedException: Unable to click on object 'Object Repository/AccountManagement/clickNcollect_address_AM'
	at com.kms.katalon.core.webui.keyword.internal.WebUIKeywordMain.stepFailed(WebUIKeywordMain.groovy:64)
	at com.kms.katalon.core.webui.keyword.internal.WebUIKeywordMain.runKeyword(WebUIKeywordMain.groovy:26)
	at com.kms.katalon.core.webui.keyword.builtin.ClickKeyword.click(ClickKeyword.groovy:74)
	at com.kms.katalon.core.webui.keyword.builtin.ClickKeyword.execute(ClickKeyword.groovy:40)
	at com.kms.katalon.core.keyword.internal.KeywordExecutor.executeKeywordForPlatform(KeywordExecutor.groovy:74)
	at com.kms.katalon.core.webui.keyword.WebUiBuiltInKeywords.click(WebUiBuiltInKeywords.groovy:620)
	at com.kms.katalon.core.webui.keyword.WebUiBuiltInKeywords$click$2.call(Unknown Source)
	at TS_SMOKE_SUITE_023.run(TS_SMOKE_SUITE_023:41)
	at com.kms.katalon.core.main.ScriptEngine.run(ScriptEngine.java:194)
	at com.kms.katalon.core.main.ScriptEngine.runScriptAsRawText(ScriptEngine.java:119)
	at com.kms.katalon.core.main.TestCaseExecutor.runScript(TestCaseExecutor.java:448)
	at com.kms.katalon.core.main.TestCaseExecutor.doExecute(TestCaseExecutor.java:439)
	at com.kms.katalon.core.main.TestCaseExecutor.processExecutionPhase(TestCaseExecutor.java:418)
	at com.kms.katalon.core.main.TestCaseExecutor.accessMainPhase(TestCaseExecutor.java:410)
	at com.kms.katalon.core.main.TestCaseExecutor.execute(TestCaseExecutor.java:285)
	at com.kms.katalon.core.common.CommonExecutor.accessTestCaseMainPhase(CommonExecutor.java:65)
	at com.kms.katalon.core.main.TestSuiteExecutor.accessTestSuiteMainPhase(TestSuiteExecutor.java:148)
	at com.kms.katalon.core.main.TestSuiteExecutor.execute(TestSuiteExecutor.java:106)
	at com.kms.katalon.core.main.TestCaseMain.startTestSuite(TestCaseMain.java:187)
	at com.kms.katalon.core.main.TestCaseMain$startTestSuite$0.call(Unknown Source)
	at TempTestSuite1693284812317.run(TempTestSuite1693284812317.groovy:36)
Caused by: com.kms.katalon.core.webui.exception.WebElementNotFoundException: Web element with id: 'Object Repository/AccountManagement/clickNcollect_address_AM' located by '(//span[@class='mdc-tab__ripple mdc-ripple-upgraded'])[2]' not found
	at com.kms.katalon.core.webui.common.WebUiCommonHelper.findWebElement(WebUiCommonHelper.java:1381)
	at com.kms.katalon.core.webui.keyword.internal.WebUIAbstractKeyword.findWebElement(WebUIAbstractKeyword.groovy:27)
	at com.kms.katalon.core.webui.keyword.builtin.ClickKeyword$_click_closure1.doCall(ClickKeyword.groovy:65)
	at com.kms.katalon.core.webui.keyword.builtin.ClickKeyword$_click_closure1.call(ClickKeyword.groovy)
	at com.kms.katalon.core.webui.keyword.internal.WebUIKeywordMain.runKeyword(WebUIKeywordMain.groovy:20)
	at com.kms.katalon.core.webui.keyword.builtin.ClickKeyword.click(ClickKeyword.groovy:74)
	at com.kms.katalon.core.webui.keyword.builtin.ClickKeyword.execute(ClickKeyword.groovy:40)
	at com.kms.katalon.core.keyword.internal.KeywordExecutor.executeKeywordForPlatform(KeywordExecutor.groovy:74)
	at com.kms.katalon.core.webui.keyword.WebUiBuiltInKeywords.click(WebUiBuiltInKeywords.groovy:620)
	at com.kms.katalon.core.webui.keyword.WebUiBuiltInKeywords$click$2.call(Unknown Source)
	at Script1691414039919.run(Script1691414039919.groovy:41)
	... 13 more
)
[[ATTACHMENT|D:\\backup\\LiverpoolProject_SmokeSuite\\Reports\\20230829_080249\\SmokeSuite_AllModules\\20230829_102332\\1693285531058.png]]]]></system-out>
         <system-err><![CDATA[2023-08-29 10:32:47 - [TEST_CASE][FAILED] - Test Cases/AccountManagement/TS_SMOKE_SUITE_023: Test Cases/AccountManagement/TS_SMOKE_SUITE_023 FAILED.
Reason:
com.kms.katalon.core.exception.StepFailedException: Unable to click on object 'Object Repository/AccountManagement/clickNcollect_address_AM'
	at com.kms.katalon.core.webui.keyword.internal.WebUIKeywordMain.stepFailed(WebUIKeywordMain.groovy:64)
	at com.kms.katalon.core.webui.keyword.internal.WebUIKeywordMain.runKeyword(WebUIKeywordMain.groovy:26)
	at com.kms.katalon.core.webui.keyword.builtin.ClickKeyword.click(ClickKeyword.groovy:74)
	at com.kms.katalon.core.webui.keyword.builtin.ClickKeyword.execute(ClickKeyword.groovy:40)
	at com.kms.katalon.core.keyword.internal.KeywordExecutor.executeKeywordForPlatform(KeywordExecutor.groovy:74)
	at com.kms.katalon.core.webui.keyword.WebUiBuiltInKeywords.click(WebUiBuiltInKeywords.groovy:620)
	at com.kms.katalon.core.webui.keyword.WebUiBuiltInKeywords$click$2.call(Unknown Source)
	at TS_SMOKE_SUITE_023.run(TS_SMOKE_SUITE_023:41)
	at com.kms.katalon.core.main.ScriptEngine.run(ScriptEngine.java:194)
	at com.kms.katalon.core.main.ScriptEngine.runScriptAsRawText(ScriptEngine.java:119)
	at com.kms.katalon.core.main.TestCaseExecutor.runScript(TestCaseExecutor.java:448)
	at com.kms.katalon.core.main.TestCaseExecutor.doExecute(TestCaseExecutor.java:439)
	at com.kms.katalon.core.main.TestCaseExecutor.processExecutionPhase(TestCaseExecutor.java:418)
	at com.kms.katalon.core.main.TestCaseExecutor.accessMainPhase(TestCaseExecutor.java:410)
	at com.kms.katalon.core.main.TestCaseExecutor.execute(TestCaseExecutor.java:285)
	at com.kms.katalon.core.common.CommonExecutor.accessTestCaseMainPhase(CommonExecutor.java:65)
	at com.kms.katalon.core.main.TestSuiteExecutor.accessTestSuiteMainPhase(TestSuiteExecutor.java:148)
	at com.kms.katalon.core.main.TestSuiteExecutor.execute(TestSuiteExecutor.java:106)
	at com.kms.katalon.core.main.TestCaseMain.startTestSuite(TestCaseMain.java:187)
	at com.kms.katalon.core.main.TestCaseMain$startTestSuite$0.call(Unknown Source)
	at TempTestSuite1693284812317.run(TempTestSuite1693284812317.groovy:36)
Caused by: com.kms.katalon.core.webui.exception.WebElementNotFoundException: Web element with id: 'Object Repository/AccountManagement/clickNcollect_address_AM' located by '(//span[@class='mdc-tab__ripple mdc-ripple-upgraded'])[2]' not found
	at com.kms.katalon.core.webui.common.WebUiCommonHelper.findWebElement(WebUiCommonHelper.java:1381)
	at com.kms.katalon.core.webui.keyword.internal.WebUIAbstractKeyword.findWebElement(WebUIAbstractKeyword.groovy:27)
	at com.kms.katalon.core.webui.keyword.builtin.ClickKeyword$_click_closure1.doCall(ClickKeyword.groovy:65)
	at com.kms.katalon.core.webui.keyword.builtin.ClickKeyword$_click_closure1.call(ClickKeyword.groovy)
	at com.kms.katalon.core.webui.keyword.internal.WebUIKeywordMain.runKeyword(WebUIKeywordMain.groovy:20)
	... 19 more]]></system-err>
      </testcase>
      <testcase name="Test Cases/AccountManagement/TS_SMOKE_SUITE_024" time="93.505" classname="Test Cases/AccountManagement/TS_SMOKE_SUITE_024" status="FAILED">
         <failure type="FAILED" message="Test Cases/AccountManagement/TS_SMOKE_SUITE_024 FAILED.
Reason:
com.kms.katalon.core.exception.StepFailedException: Unable to accept alert
	at com.kms.katalon.core.webui.keyword.internal.WebUIKeywordMain.stepFailed(WebUIKeywordMain.groovy:64)
	at com.kms.katalon.core.webui.keyword.internal.WebUIKeywordMain.runKeyword(WebUIKeywordMain.groovy:26)
	at com.kms.katalon.core.webui.keyword.builtin.AcceptAlertKeyword.acceptAlert(AcceptAlertKeyword.groovy:71)
	at com.kms.katalon.core.webui.keyword.builtin.AcceptAlertKeyword.execute(AcceptAlertKeyword.groovy:66)
	at com.kms.katalon.core.keyword.internal.KeywordExecutor.executeKeywordForPlatform(KeywordExecutor.groovy:74)
	at com.kms.katalon.core.webui.keyword.WebUiBuiltInKeywords.acceptAlert(WebUiBuiltInKeywords.groovy:1522)
	at com.kms.katalon.core.webui.keyword.WebUiBuiltInKeywords$acceptAlert$14.call(Unknown Source)
	at TS_SMOKE_SUITE_024.run(TS_SMOKE_SUITE_024:34)
	at com.kms.katalon.core.main.ScriptEngine.run(ScriptEngine.java:194)
	at com.kms.katalon.core.main.ScriptEngine.runScriptAsRawText(ScriptEngine.java:119)
	at com.kms.katalon.core.main.TestCaseExecutor.runScript(TestCaseExecutor.java:448)
	at com.kms.katalon.core.main.TestCaseExecutor.doExecute(TestCaseExecutor.java:439)
	at com.kms.katalon.core.main.TestCaseExecutor.processExecutionPhase(TestCaseExecutor.java:418)
	at com.kms.katalon.core.main.TestCaseExecutor.accessMainPhase(TestCaseExecutor.java:410)
	at com.kms.katalon.core.main.TestCaseExecutor.execute(TestCaseExecutor.java:285)
	at com.kms.katalon.core.common.CommonExecutor.accessTestCaseMainPhase(CommonExecutor.java:65)
	at com.kms.katalon.core.main.TestSuiteExecutor.accessTestSuiteMainPhase(TestSuiteExecutor.java:148)
	at com.kms.katalon.core.main.TestSuiteExecutor.execute(TestSuiteExecutor.java:106)
	at com.kms.katalon.core.main.TestCaseMain.startTestSuite(TestCaseMain.java:187)
	at com.kms.katalon.core.main.TestCaseMain$startTestSuite$0.call(Unknown Source)
	at TempTestSuite1693284812317.run(TempTestSuite1693284812317.groovy:36)
Caused by: com.kms.katalon.core.exception.StepFailedException: No alert found
	at com.kms.katalon.core.webui.keyword.internal.WebUIKeywordMain.stepFailed(WebUIKeywordMain.groovy:64)
	at com.kms.katalon.core.webui.keyword.builtin.AcceptAlertKeyword$_acceptAlert_closure1.doCall(AcceptAlertKeyword.groovy:78)
	at com.kms.katalon.core.webui.keyword.builtin.AcceptAlertKeyword$_acceptAlert_closure1.call(AcceptAlertKeyword.groovy)
	at com.kms.katalon.core.webui.keyword.internal.WebUIKeywordMain.runKeyword(WebUIKeywordMain.groovy:20)
	... 19 more
"/>
         <system-out><![CDATA[2023-08-29 10:35:31 - [TEST_CASE][FAILED] - Test Cases/AccountManagement/TS_SMOKE_SUITE_024: Test Cases/AccountManagement/TS_SMOKE_SUITE_024 FAILED.
Reason:
com.kms.katalon.core.exception.StepFailedException: Unable to accept alert
	at com.kms.katalon.core.webui.keyword.internal.WebUIKeywordMain.stepFailed(WebUIKeywordMain.groovy:64)
	at com.kms.katalon.core.webui.keyword.internal.WebUIKeywordMain.runKeyword(WebUIKeywordMain.groovy:26)
	at com.kms.katalon.core.webui.keyword.builtin.AcceptAlertKeyword.acceptAlert(AcceptAlertKeyword.groovy:71)
	at com.kms.katalon.core.webui.keyword.builtin.AcceptAlertKeyword.execute(AcceptAlertKeyword.groovy:66)
	at com.kms.katalon.core.keyword.internal.KeywordExecutor.executeKeywordForPlatform(KeywordExecutor.groovy:74)
	at com.kms.katalon.core.webui.keyword.WebUiBuiltInKeywords.acceptAlert(WebUiBuiltInKeywords.groovy:1522)
	at com.kms.katalon.core.webui.keyword.WebUiBuiltInKeywords$acceptAlert$14.call(Unknown Source)
	at TS_SMOKE_SUITE_024.run(TS_SMOKE_SUITE_024:34)
	at com.kms.katalon.core.main.ScriptEngine.run(ScriptEngine.java:194)
	at com.kms.katalon.core.main.ScriptEngine.runScriptAsRawText(ScriptEngine.java:119)
	at com.kms.katalon.core.main.TestCaseExecutor.runScript(TestCaseExecutor.java:448)
	at com.kms.katalon.core.main.TestCaseExecutor.doExecute(TestCaseExecutor.java:439)
	at com.kms.katalon.core.main.TestCaseExecutor.processExecutionPhase(TestCaseExecutor.java:418)
	at com.kms.katalon.core.main.TestCaseExecutor.accessMainPhase(TestCaseExecutor.java:410)
	at com.kms.katalon.core.main.TestCaseExecutor.execute(TestCaseExecutor.java:285)
	at com.kms.katalon.core.common.CommonExecutor.accessTestCaseMainPhase(CommonExecutor.java:65)
	at com.kms.katalon.core.main.TestSuiteExecutor.accessTestSuiteMainPhase(TestSuiteExecutor.java:148)
	at com.kms.katalon.core.main.TestSuiteExecutor.execute(TestSuiteExecutor.java:106)
	at com.kms.katalon.core.main.TestCaseMain.startTestSuite(TestCaseMain.java:187)
	at com.kms.katalon.core.main.TestCaseMain$startTestSuite$0.call(Unknown Source)
	at TempTestSuite1693284812317.run(TempTestSuite1693284812317.groovy:36)
Caused by: com.kms.katalon.core.exception.StepFailedException: No alert found
	at com.kms.katalon.core.webui.keyword.internal.WebUIKeywordMain.stepFailed(WebUIKeywordMain.groovy:64)
	at com.kms.katalon.core.webui.keyword.builtin.AcceptAlertKeyword$_acceptAlert_closure1.doCall(AcceptAlertKeyword.groovy:78)
	at com.kms.katalon.core.webui.keyword.builtin.AcceptAlertKeyword$_acceptAlert_closure1.call(AcceptAlertKeyword.groovy)
	at com.kms.katalon.core.webui.keyword.internal.WebUIKeywordMain.runKeyword(WebUIKeywordMain.groovy:20)
	... 19 more


2023-08-29 10:35:31 - [TEST_STEP][PASSED] - openBrowser(""): Browser is opened with url: ''

2023-08-29 10:35:31 - [MESSAGE][WARNING] - A browser is already opened. Closing browser and opening a new one

2023-08-29 10:35:32 - [MESSAGE][INFO] - Starting 'Chrome' driver

2023-08-29 10:35:32 - [MESSAGE][INFO] - Action delay is set to 0 milliseconds

2023-08-29 10:35:34 - [MESSAGE][PASSED] - Browser is opened with url: ''

2023-08-29 10:35:34 - [TEST_STEP][PASSED] - navigateToUrl(URL): Navigate to 'https://odtaqaa.liverpool.com.mx/tienda/home' successfully

2023-08-29 10:36:39 - [MESSAGE][PASSED] - Navigate to 'https://odtaqaa.liverpool.com.mx/tienda/home' successfully

2023-08-29 10:36:39 - [TEST_STEP][PASSED] - maximizeWindow(): Current window maximized

2023-08-29 10:36:40 - [MESSAGE][PASSED] - Current window maximized

2023-08-29 10:36:40 - [TEST_STEP][PASSED] - click(findTestObject("HomePage/Iniciar sesion")): Object: 'Object Repository/HomePage/Iniciar sesion' is clicked on

2023-08-29 10:36:41 - [MESSAGE][PASSED] - Object: 'Object Repository/HomePage/Iniciar sesion' is clicked on

2023-08-29 10:36:41 - [TEST_STEP][PASSED] - callTestCase(findTestCase("CommonMethods/loginFromHomePage"), ["username":AMUsername, "password":AMpassword], STOP_ON_FAILURE): Call Test Case 'Test Cases/CommonMethods/loginFromHomePage' successfully

2023-08-29 10:36:41 - [TEST_CASE][PASSED] - Test Cases/CommonMethods/loginFromHomePage: Test Cases/CommonMethods/loginFromHomePage

2023-08-29 10:36:41 - [TEST_STEP][PASSED] - delay(3): Delayed 3 second(s)

2023-08-29 10:36:44 - [MESSAGE][PASSED] - Delayed 3 second(s)

2023-08-29 10:36:44 - [TEST_STEP][PASSED] - click(findTestObject("HomePage/EnterUsername_LP")): Object: 'Object Repository/HomePage/EnterUsername_LP' is clicked on

2023-08-29 10:36:54 - [MESSAGE][PASSED] - Object: 'Object Repository/HomePage/EnterUsername_LP' is clicked on

2023-08-29 10:36:54 - [TEST_STEP][PASSED] - setText(findTestObject("HomePage/EnterUsername_LP"), username): Text 'sjagtap@digisprint.com' is set on object 'Object Repository/HomePage/EnterUsername_LP'

2023-08-29 10:36:55 - [MESSAGE][PASSED] - Text 'sjagtap@digisprint.com' is set on object 'Object Repository/HomePage/EnterUsername_LP'

2023-08-29 10:36:55 - [TEST_STEP][PASSED] - click(findTestObject("HomePage/EnterPassword_LP")): Object: 'Object Repository/HomePage/EnterPassword_LP' is clicked on

2023-08-29 10:36:56 - [MESSAGE][PASSED] - Object: 'Object Repository/HomePage/EnterPassword_LP' is clicked on

2023-08-29 10:36:56 - [TEST_STEP][PASSED] - setText(findTestObject("HomePage/EnterPassword_LP"), password): Text 'Shubham@123' is set on object 'Object Repository/HomePage/EnterPassword_LP'

2023-08-29 10:36:56 - [MESSAGE][PASSED] - Text 'Shubham@123' is set on object 'Object Repository/HomePage/EnterPassword_LP'

2023-08-29 10:36:56 - [TEST_STEP][PASSED] - click(findTestObject("HomePage/inciar")): Object: 'Object Repository/HomePage/inciar' is clicked on

2023-08-29 10:37:04 - [MESSAGE][PASSED] - Object: 'Object Repository/HomePage/inciar' is clicked on

2023-08-29 10:37:04 - [MESSAGE][PASSED] - Call Test Case 'Test Cases/CommonMethods/loginFromHomePage' successfully

2023-08-29 10:37:04 - [TEST_STEP][PASSED] - waitForPageLoad(0): Wait for page load successfully

2023-08-29 10:37:04 - [MESSAGE][WARNING] - Timeout '0' is invalid. Using default page load timeout: '30'

2023-08-29 10:37:04 - [MESSAGE][PASSED] - Wait for page load successfully

2023-08-29 10:37:04 - [TEST_STEP][FAILED] - acceptAlert(): Unable to accept alert (Root cause: com.kms.katalon.core.exception.StepFailedException: Unable to accept alert
	at com.kms.katalon.core.webui.keyword.internal.WebUIKeywordMain.stepFailed(WebUIKeywordMain.groovy:64)
	at com.kms.katalon.core.webui.keyword.internal.WebUIKeywordMain.runKeyword(WebUIKeywordMain.groovy:26)
	at com.kms.katalon.core.webui.keyword.builtin.AcceptAlertKeyword.acceptAlert(AcceptAlertKeyword.groovy:71)
	at com.kms.katalon.core.webui.keyword.builtin.AcceptAlertKeyword.execute(AcceptAlertKeyword.groovy:66)
	at com.kms.katalon.core.keyword.internal.KeywordExecutor.executeKeywordForPlatform(KeywordExecutor.groovy:74)
	at com.kms.katalon.core.webui.keyword.WebUiBuiltInKeywords.acceptAlert(WebUiBuiltInKeywords.groovy:1522)
	at com.kms.katalon.core.webui.keyword.WebUiBuiltInKeywords$acceptAlert$14.call(Unknown Source)
	at TS_SMOKE_SUITE_024.run(TS_SMOKE_SUITE_024:34)
	at com.kms.katalon.core.main.ScriptEngine.run(ScriptEngine.java:194)
	at com.kms.katalon.core.main.ScriptEngine.runScriptAsRawText(ScriptEngine.java:119)
	at com.kms.katalon.core.main.TestCaseExecutor.runScript(TestCaseExecutor.java:448)
	at com.kms.katalon.core.main.TestCaseExecutor.doExecute(TestCaseExecutor.java:439)
	at com.kms.katalon.core.main.TestCaseExecutor.processExecutionPhase(TestCaseExecutor.java:418)
	at com.kms.katalon.core.main.TestCaseExecutor.accessMainPhase(TestCaseExecutor.java:410)
	at com.kms.katalon.core.main.TestCaseExecutor.execute(TestCaseExecutor.java:285)
	at com.kms.katalon.core.common.CommonExecutor.accessTestCaseMainPhase(CommonExecutor.java:65)
	at com.kms.katalon.core.main.TestSuiteExecutor.accessTestSuiteMainPhase(TestSuiteExecutor.java:148)
	at com.kms.katalon.core.main.TestSuiteExecutor.execute(TestSuiteExecutor.java:106)
	at com.kms.katalon.core.main.TestCaseMain.startTestSuite(TestCaseMain.java:187)
	at com.kms.katalon.core.main.TestCaseMain$startTestSuite$0.call(Unknown Source)
	at TempTestSuite1693284812317.run(TempTestSuite1693284812317.groovy:36)
Caused by: com.kms.katalon.core.exception.StepFailedException: No alert found
	at com.kms.katalon.core.webui.keyword.internal.WebUIKeywordMain.stepFailed(WebUIKeywordMain.groovy:64)
	at com.kms.katalon.core.webui.keyword.builtin.AcceptAlertKeyword$_acceptAlert_closure1.doCall(AcceptAlertKeyword.groovy:78)
	at com.kms.katalon.core.webui.keyword.builtin.AcceptAlertKeyword$_acceptAlert_closure1.call(AcceptAlertKeyword.groovy)
	at com.kms.katalon.core.webui.keyword.internal.WebUIKeywordMain.runKeyword(WebUIKeywordMain.groovy:20)
	... 19 more
)

2023-08-29 10:37:04 - [MESSAGE][FAILED] - No alert found (Root cause: com.kms.katalon.core.exception.StepFailedException: No alert found
	at com.kms.katalon.core.webui.keyword.internal.WebUIKeywordMain.stepFailed(WebUIKeywordMain.groovy:64)
	at com.kms.katalon.core.webui.keyword.builtin.AcceptAlertKeyword$_acceptAlert_closure1.doCall(AcceptAlertKeyword.groovy:78)
	at com.kms.katalon.core.webui.keyword.builtin.AcceptAlertKeyword$_acceptAlert_closure1.call(AcceptAlertKeyword.groovy)
	at com.kms.katalon.core.webui.keyword.internal.WebUIKeywordMain.runKeyword(WebUIKeywordMain.groovy:20)
	at com.kms.katalon.core.webui.keyword.builtin.AcceptAlertKeyword.acceptAlert(AcceptAlertKeyword.groovy:71)
	at com.kms.katalon.core.webui.keyword.builtin.AcceptAlertKeyword.execute(AcceptAlertKeyword.groovy:66)
	at com.kms.katalon.core.keyword.internal.KeywordExecutor.executeKeywordForPlatform(KeywordExecutor.groovy:74)
	at com.kms.katalon.core.webui.keyword.WebUiBuiltInKeywords.acceptAlert(WebUiBuiltInKeywords.groovy:1522)
	at com.kms.katalon.core.webui.keyword.WebUiBuiltInKeywords$acceptAlert$14.call(Unknown Source)
	at TS_SMOKE_SUITE_024.run(TS_SMOKE_SUITE_024:34)
	at com.kms.katalon.core.main.ScriptEngine.run(ScriptEngine.java:194)
	at com.kms.katalon.core.main.ScriptEngine.runScriptAsRawText(ScriptEngine.java:119)
	at com.kms.katalon.core.main.TestCaseExecutor.runScript(TestCaseExecutor.java:448)
	at com.kms.katalon.core.main.TestCaseExecutor.doExecute(TestCaseExecutor.java:439)
	at com.kms.katalon.core.main.TestCaseExecutor.processExecutionPhase(TestCaseExecutor.java:418)
	at com.kms.katalon.core.main.TestCaseExecutor.accessMainPhase(TestCaseExecutor.java:410)
	at com.kms.katalon.core.main.TestCaseExecutor.execute(TestCaseExecutor.java:285)
	at com.kms.katalon.core.common.CommonExecutor.accessTestCaseMainPhase(CommonExecutor.java:65)
	at com.kms.katalon.core.main.TestSuiteExecutor.accessTestSuiteMainPhase(TestSuiteExecutor.java:148)
	at com.kms.katalon.core.main.TestSuiteExecutor.execute(TestSuiteExecutor.java:106)
	at com.kms.katalon.core.main.TestCaseMain.startTestSuite(TestCaseMain.java:187)
	at com.kms.katalon.core.main.TestCaseMain$startTestSuite$0.call(Unknown Source)
	at TempTestSuite1693284812317.run(TempTestSuite1693284812317.groovy:36)
)
[[ATTACHMENT|D:\\backup\\LiverpoolProject_SmokeSuite\\Reports\\20230829_080249\\SmokeSuite_AllModules\\20230829_102332\\1693285624299.png]]

2023-08-29 10:37:04 - [MESSAGE][FAILED] - Unable to accept alert (Root cause: com.kms.katalon.core.exception.StepFailedException: Unable to accept alert
	at com.kms.katalon.core.webui.keyword.internal.WebUIKeywordMain.stepFailed(WebUIKeywordMain.groovy:64)
	at com.kms.katalon.core.webui.keyword.internal.WebUIKeywordMain.runKeyword(WebUIKeywordMain.groovy:26)
	at com.kms.katalon.core.webui.keyword.builtin.AcceptAlertKeyword.acceptAlert(AcceptAlertKeyword.groovy:71)
	at com.kms.katalon.core.webui.keyword.builtin.AcceptAlertKeyword.execute(AcceptAlertKeyword.groovy:66)
	at com.kms.katalon.core.keyword.internal.KeywordExecutor.executeKeywordForPlatform(KeywordExecutor.groovy:74)
	at com.kms.katalon.core.webui.keyword.WebUiBuiltInKeywords.acceptAlert(WebUiBuiltInKeywords.groovy:1522)
	at com.kms.katalon.core.webui.keyword.WebUiBuiltInKeywords$acceptAlert$14.call(Unknown Source)
	at TS_SMOKE_SUITE_024.run(TS_SMOKE_SUITE_024:34)
	at com.kms.katalon.core.main.ScriptEngine.run(ScriptEngine.java:194)
	at com.kms.katalon.core.main.ScriptEngine.runScriptAsRawText(ScriptEngine.java:119)
	at com.kms.katalon.core.main.TestCaseExecutor.runScript(TestCaseExecutor.java:448)
	at com.kms.katalon.core.main.TestCaseExecutor.doExecute(TestCaseExecutor.java:439)
	at com.kms.katalon.core.main.TestCaseExecutor.processExecutionPhase(TestCaseExecutor.java:418)
	at com.kms.katalon.core.main.TestCaseExecutor.accessMainPhase(TestCaseExecutor.java:410)
	at com.kms.katalon.core.main.TestCaseExecutor.execute(TestCaseExecutor.java:285)
	at com.kms.katalon.core.common.CommonExecutor.accessTestCaseMainPhase(CommonExecutor.java:65)
	at com.kms.katalon.core.main.TestSuiteExecutor.accessTestSuiteMainPhase(TestSuiteExecutor.java:148)
	at com.kms.katalon.core.main.TestSuiteExecutor.execute(TestSuiteExecutor.java:106)
	at com.kms.katalon.core.main.TestCaseMain.startTestSuite(TestCaseMain.java:187)
	at com.kms.katalon.core.main.TestCaseMain$startTestSuite$0.call(Unknown Source)
	at TempTestSuite1693284812317.run(TempTestSuite1693284812317.groovy:36)
Caused by: com.kms.katalon.core.exception.StepFailedException: No alert found
	at com.kms.katalon.core.webui.keyword.internal.WebUIKeywordMain.stepFailed(WebUIKeywordMain.groovy:64)
	at com.kms.katalon.core.webui.keyword.builtin.AcceptAlertKeyword$_acceptAlert_closure1.doCall(AcceptAlertKeyword.groovy:78)
	at com.kms.katalon.core.webui.keyword.builtin.AcceptAlertKeyword$_acceptAlert_closure1.call(AcceptAlertKeyword.groovy)
	at com.kms.katalon.core.webui.keyword.internal.WebUIKeywordMain.runKeyword(WebUIKeywordMain.groovy:20)
	... 19 more
)
[[ATTACHMENT|D:\\backup\\LiverpoolProject_SmokeSuite\\Reports\\20230829_080249\\SmokeSuite_AllModules\\20230829_102332\\1693285624505.png]]]]></system-out>
         <system-err><![CDATA[2023-08-29 10:35:31 - [TEST_CASE][FAILED] - Test Cases/AccountManagement/TS_SMOKE_SUITE_024: Test Cases/AccountManagement/TS_SMOKE_SUITE_024 FAILED.
Reason:
com.kms.katalon.core.exception.StepFailedException: Unable to accept alert
	at com.kms.katalon.core.webui.keyword.internal.WebUIKeywordMain.stepFailed(WebUIKeywordMain.groovy:64)
	at com.kms.katalon.core.webui.keyword.internal.WebUIKeywordMain.runKeyword(WebUIKeywordMain.groovy:26)
	at com.kms.katalon.core.webui.keyword.builtin.AcceptAlertKeyword.acceptAlert(AcceptAlertKeyword.groovy:71)
	at com.kms.katalon.core.webui.keyword.builtin.AcceptAlertKeyword.execute(AcceptAlertKeyword.groovy:66)
	at com.kms.katalon.core.keyword.internal.KeywordExecutor.executeKeywordForPlatform(KeywordExecutor.groovy:74)
	at com.kms.katalon.core.webui.keyword.WebUiBuiltInKeywords.acceptAlert(WebUiBuiltInKeywords.groovy:1522)
	at com.kms.katalon.core.webui.keyword.WebUiBuiltInKeywords$acceptAlert$14.call(Unknown Source)
	at TS_SMOKE_SUITE_024.run(TS_SMOKE_SUITE_024:34)
	at com.kms.katalon.core.main.ScriptEngine.run(ScriptEngine.java:194)
	at com.kms.katalon.core.main.ScriptEngine.runScriptAsRawText(ScriptEngine.java:119)
	at com.kms.katalon.core.main.TestCaseExecutor.runScript(TestCaseExecutor.java:448)
	at com.kms.katalon.core.main.TestCaseExecutor.doExecute(TestCaseExecutor.java:439)
	at com.kms.katalon.core.main.TestCaseExecutor.processExecutionPhase(TestCaseExecutor.java:418)
	at com.kms.katalon.core.main.TestCaseExecutor.accessMainPhase(TestCaseExecutor.java:410)
	at com.kms.katalon.core.main.TestCaseExecutor.execute(TestCaseExecutor.java:285)
	at com.kms.katalon.core.common.CommonExecutor.accessTestCaseMainPhase(CommonExecutor.java:65)
	at com.kms.katalon.core.main.TestSuiteExecutor.accessTestSuiteMainPhase(TestSuiteExecutor.java:148)
	at com.kms.katalon.core.main.TestSuiteExecutor.execute(TestSuiteExecutor.java:106)
	at com.kms.katalon.core.main.TestCaseMain.startTestSuite(TestCaseMain.java:187)
	at com.kms.katalon.core.main.TestCaseMain$startTestSuite$0.call(Unknown Source)
	at TempTestSuite1693284812317.run(TempTestSuite1693284812317.groovy:36)
Caused by: com.kms.katalon.core.exception.StepFailedException: No alert found
	at com.kms.katalon.core.webui.keyword.internal.WebUIKeywordMain.stepFailed(WebUIKeywordMain.groovy:64)
	at com.kms.katalon.core.webui.keyword.builtin.AcceptAlertKeyword$_acceptAlert_closure1.doCall(AcceptAlertKeyword.groovy:78)
	at com.kms.katalon.core.webui.keyword.builtin.AcceptAlertKeyword$_acceptAlert_closure1.call(AcceptAlertKeyword.groovy)
	at com.kms.katalon.core.webui.keyword.internal.WebUIKeywordMain.runKeyword(WebUIKeywordMain.groovy:20)
	... 19 more]]></system-err>
      </testcase>
      <testcase name="Test Cases/Checkout/TS_SMOKE_SUITE_077" time="260.079" classname="Test Cases/Checkout/TS_SMOKE_SUITE_077" status="FAILED">
         <failure type="FAILED" message="Test Cases/Checkout/TS_SMOKE_SUITE_077 FAILED.
Reason:
com.kms.katalon.core.exception.StepFailedException: Call Test Case 'Test Cases/CommonMethods/create_new_CARD_OPC' failed
	at com.kms.katalon.core.keyword.builtin.CallTestCaseKeyword$_callTestCase_closure1.doCall(CallTestCaseKeyword.groovy:63)
	at com.kms.katalon.core.keyword.builtin.CallTestCaseKeyword$_callTestCase_closure1.call(CallTestCaseKeyword.groovy)
	at com.kms.katalon.core.keyword.internal.KeywordMain.runKeyword(KeywordMain.groovy:75)
	at com.kms.katalon.core.keyword.builtin.CallTestCaseKeyword.callTestCase(CallTestCaseKeyword.groovy:81)
	at com.kms.katalon.core.keyword.builtin.CallTestCaseKeyword.execute(CallTestCaseKeyword.groovy:44)
	at com.kms.katalon.core.keyword.internal.KeywordExecutor.executeKeywordForPlatform(KeywordExecutor.groovy:74)
	at com.kms.katalon.core.keyword.BuiltinKeywords.callTestCase(BuiltinKeywords.groovy:310)
	at TS_SMOKE_SUITE_077.run(TS_SMOKE_SUITE_077:48)
	at com.kms.katalon.core.main.ScriptEngine.run(ScriptEngine.java:194)
	at com.kms.katalon.core.main.ScriptEngine.runScriptAsRawText(ScriptEngine.java:119)
	at com.kms.katalon.core.main.TestCaseExecutor.runScript(TestCaseExecutor.java:448)
	at com.kms.katalon.core.main.TestCaseExecutor.doExecute(TestCaseExecutor.java:439)
	at com.kms.katalon.core.main.TestCaseExecutor.processExecutionPhase(TestCaseExecutor.java:418)
	at com.kms.katalon.core.main.TestCaseExecutor.accessMainPhase(TestCaseExecutor.java:410)
	at com.kms.katalon.core.main.TestCaseExecutor.execute(TestCaseExecutor.java:285)
	at com.kms.katalon.core.common.CommonExecutor.accessTestCaseMainPhase(CommonExecutor.java:65)
	at com.kms.katalon.core.main.TestSuiteExecutor.accessTestSuiteMainPhase(TestSuiteExecutor.java:148)
	at com.kms.katalon.core.main.TestSuiteExecutor.execute(TestSuiteExecutor.java:106)
	at com.kms.katalon.core.main.TestCaseMain.startTestSuite(TestCaseMain.java:187)
	at com.kms.katalon.core.main.TestCaseMain$startTestSuite$0.call(Unknown Source)
	at TempTestSuite1693284812317.run(TempTestSuite1693284812317.groovy:36)
Caused by: com.kms.katalon.core.exception.StepFailedException: Unable to click on object 'Object Repository/OPCPage/selectAddress_Card_create_popup'
	at com.kms.katalon.core.webui.keyword.internal.WebUIKeywordMain.stepFailed(WebUIKeywordMain.groovy:64)
	at com.kms.katalon.core.webui.keyword.internal.WebUIKeywordMain.runKeyword(WebUIKeywordMain.groovy:26)
	at com.kms.katalon.core.webui.keyword.builtin.ClickKeyword.click(ClickKeyword.groovy:74)
	at com.kms.katalon.core.webui.keyword.builtin.ClickKeyword.execute(ClickKeyword.groovy:40)
	at com.kms.katalon.core.keyword.internal.KeywordExecutor.executeKeywordForPlatform(KeywordExecutor.groovy:74)
	at com.kms.katalon.core.webui.keyword.WebUiBuiltInKeywords.click(WebUiBuiltInKeywords.groovy:620)
	at com.kms.katalon.core.webui.keyword.WebUiBuiltInKeywords$click$2.call(Unknown Source)
	at create_new_CARD_OPC.run(create_new_CARD_OPC:44)
	at com.kms.katalon.core.main.ScriptEngine.run(ScriptEngine.java:194)
	at com.kms.katalon.core.main.ScriptEngine.runScriptAsRawText(ScriptEngine.java:119)
	at com.kms.katalon.core.main.TestCaseExecutor.runScript(TestCaseExecutor.java:448)
	at com.kms.katalon.core.main.TestCaseExecutor.doExecute(TestCaseExecutor.java:439)
	at com.kms.katalon.core.main.TestCaseExecutor.processExecutionPhase(TestCaseExecutor.java:418)
	at com.kms.katalon.core.main.TestCaseExecutor.accessMainPhase(TestCaseExecutor.java:410)
	at com.kms.katalon.core.main.TestCaseExecutor.execute(TestCaseExecutor.java:285)
	at com.kms.katalon.core.main.TestCaseMain.runTestCase(TestCaseMain.java:144)
	at com.kms.katalon.core.keyword.builtin.CallTestCaseKeyword$_callTestCase_closure1.doCall(CallTestCaseKeyword.groovy:59)
	... 20 more
Caused by: com.kms.katalon.core.webui.exception.WebElementNotFoundException: Web element with id: 'Object Repository/OPCPage/selectAddress_Card_create_popup' located by '//input[@id='card_3676340658']' not found
	at com.kms.katalon.core.webui.common.WebUiCommonHelper.findWebElement(WebUiCommonHelper.java:1381)
	at com.kms.katalon.core.webui.keyword.internal.WebUIAbstractKeyword.findWebElement(WebUIAbstractKeyword.groovy:27)
	at com.kms.katalon.core.webui.keyword.builtin.ClickKeyword$_click_closure1.doCall(ClickKeyword.groovy:65)
	at com.kms.katalon.core.webui.keyword.builtin.ClickKeyword$_click_closure1.call(ClickKeyword.groovy)
	at com.kms.katalon.core.webui.keyword.internal.WebUIKeywordMain.runKeyword(WebUIKeywordMain.groovy:20)
	... 35 more
"/>
         <system-out><![CDATA[2023-08-29 10:37:04 - [TEST_CASE][FAILED] - Test Cases/Checkout/TS_SMOKE_SUITE_077: Test Cases/Checkout/TS_SMOKE_SUITE_077 FAILED.
Reason:
com.kms.katalon.core.exception.StepFailedException: Call Test Case 'Test Cases/CommonMethods/create_new_CARD_OPC' failed
	at com.kms.katalon.core.keyword.builtin.CallTestCaseKeyword$_callTestCase_closure1.doCall(CallTestCaseKeyword.groovy:63)
	at com.kms.katalon.core.keyword.builtin.CallTestCaseKeyword$_callTestCase_closure1.call(CallTestCaseKeyword.groovy)
	at com.kms.katalon.core.keyword.internal.KeywordMain.runKeyword(KeywordMain.groovy:75)
	at com.kms.katalon.core.keyword.builtin.CallTestCaseKeyword.callTestCase(CallTestCaseKeyword.groovy:81)
	at com.kms.katalon.core.keyword.builtin.CallTestCaseKeyword.execute(CallTestCaseKeyword.groovy:44)
	at com.kms.katalon.core.keyword.internal.KeywordExecutor.executeKeywordForPlatform(KeywordExecutor.groovy:74)
	at com.kms.katalon.core.keyword.BuiltinKeywords.callTestCase(BuiltinKeywords.groovy:310)
	at TS_SMOKE_SUITE_077.run(TS_SMOKE_SUITE_077:48)
	at com.kms.katalon.core.main.ScriptEngine.run(ScriptEngine.java:194)
	at com.kms.katalon.core.main.ScriptEngine.runScriptAsRawText(ScriptEngine.java:119)
	at com.kms.katalon.core.main.TestCaseExecutor.runScript(TestCaseExecutor.java:448)
	at com.kms.katalon.core.main.TestCaseExecutor.doExecute(TestCaseExecutor.java:439)
	at com.kms.katalon.core.main.TestCaseExecutor.processExecutionPhase(TestCaseExecutor.java:418)
	at com.kms.katalon.core.main.TestCaseExecutor.accessMainPhase(TestCaseExecutor.java:410)
	at com.kms.katalon.core.main.TestCaseExecutor.execute(TestCaseExecutor.java:285)
	at com.kms.katalon.core.common.CommonExecutor.accessTestCaseMainPhase(CommonExecutor.java:65)
	at com.kms.katalon.core.main.TestSuiteExecutor.accessTestSuiteMainPhase(TestSuiteExecutor.java:148)
	at com.kms.katalon.core.main.TestSuiteExecutor.execute(TestSuiteExecutor.java:106)
	at com.kms.katalon.core.main.TestCaseMain.startTestSuite(TestCaseMain.java:187)
	at com.kms.katalon.core.main.TestCaseMain$startTestSuite$0.call(Unknown Source)
	at TempTestSuite1693284812317.run(TempTestSuite1693284812317.groovy:36)
Caused by: com.kms.katalon.core.exception.StepFailedException: Unable to click on object 'Object Repository/OPCPage/selectAddress_Card_create_popup'
	at com.kms.katalon.core.webui.keyword.internal.WebUIKeywordMain.stepFailed(WebUIKeywordMain.groovy:64)
	at com.kms.katalon.core.webui.keyword.internal.WebUIKeywordMain.runKeyword(WebUIKeywordMain.groovy:26)
	at com.kms.katalon.core.webui.keyword.builtin.ClickKeyword.click(ClickKeyword.groovy:74)
	at com.kms.katalon.core.webui.keyword.builtin.ClickKeyword.execute(ClickKeyword.groovy:40)
	at com.kms.katalon.core.keyword.internal.KeywordExecutor.executeKeywordForPlatform(KeywordExecutor.groovy:74)
	at com.kms.katalon.core.webui.keyword.WebUiBuiltInKeywords.click(WebUiBuiltInKeywords.groovy:620)
	at com.kms.katalon.core.webui.keyword.WebUiBuiltInKeywords$click$2.call(Unknown Source)
	at create_new_CARD_OPC.run(create_new_CARD_OPC:44)
	at com.kms.katalon.core.main.ScriptEngine.run(ScriptEngine.java:194)
	at com.kms.katalon.core.main.ScriptEngine.runScriptAsRawText(ScriptEngine.java:119)
	at com.kms.katalon.core.main.TestCaseExecutor.runScript(TestCaseExecutor.java:448)
	at com.kms.katalon.core.main.TestCaseExecutor.doExecute(TestCaseExecutor.java:439)
	at com.kms.katalon.core.main.TestCaseExecutor.processExecutionPhase(TestCaseExecutor.java:418)
	at com.kms.katalon.core.main.TestCaseExecutor.accessMainPhase(TestCaseExecutor.java:410)
	at com.kms.katalon.core.main.TestCaseExecutor.execute(TestCaseExecutor.java:285)
	at com.kms.katalon.core.main.TestCaseMain.runTestCase(TestCaseMain.java:144)
	at com.kms.katalon.core.keyword.builtin.CallTestCaseKeyword$_callTestCase_closure1.doCall(CallTestCaseKeyword.groovy:59)
	... 20 more
Caused by: com.kms.katalon.core.webui.exception.WebElementNotFoundException: Web element with id: 'Object Repository/OPCPage/selectAddress_Card_create_popup' located by '//input[@id='card_3676340658']' not found
	at com.kms.katalon.core.webui.common.WebUiCommonHelper.findWebElement(WebUiCommonHelper.java:1381)
	at com.kms.katalon.core.webui.keyword.internal.WebUIAbstractKeyword.findWebElement(WebUIAbstractKeyword.groovy:27)
	at com.kms.katalon.core.webui.keyword.builtin.ClickKeyword$_click_closure1.doCall(ClickKeyword.groovy:65)
	at com.kms.katalon.core.webui.keyword.builtin.ClickKeyword$_click_closure1.call(ClickKeyword.groovy)
	at com.kms.katalon.core.webui.keyword.internal.WebUIKeywordMain.runKeyword(WebUIKeywordMain.groovy:20)
	... 35 more


2023-08-29 10:37:05 - [TEST_STEP][PASSED] - openBrowser(""): Browser is opened with url: ''

2023-08-29 10:37:05 - [MESSAGE][WARNING] - A browser is already opened. Closing browser and opening a new one

2023-08-29 10:37:05 - [MESSAGE][INFO] - Starting 'Chrome' driver

2023-08-29 10:37:05 - [MESSAGE][INFO] - Action delay is set to 0 milliseconds

2023-08-29 10:37:07 - [MESSAGE][PASSED] - Browser is opened with url: ''

2023-08-29 10:37:07 - [TEST_STEP][PASSED] - navigateToUrl(URL): Navigate to 'https://odtaqaa.liverpool.com.mx/tienda/home' successfully

2023-08-29 10:37:57 - [MESSAGE][PASSED] - Navigate to 'https://odtaqaa.liverpool.com.mx/tienda/home' successfully

2023-08-29 10:37:57 - [TEST_STEP][PASSED] - maximizeWindow(): Current window maximized

2023-08-29 10:37:57 - [MESSAGE][PASSED] - Current window maximized

2023-08-29 10:37:57 - [TEST_STEP][PASSED] - click(findTestObject("HomePage/Iniciar sesion")): Object: 'Object Repository/HomePage/Iniciar sesion' is clicked on

2023-08-29 10:37:58 - [MESSAGE][PASSED] - Object: 'Object Repository/HomePage/Iniciar sesion' is clicked on

2023-08-29 10:37:58 - [TEST_STEP][PASSED] - callTestCase(findTestCase("CommonMethods/loginFromHomePage"), ["username":Username, "password":Password], STOP_ON_FAILURE): Call Test Case 'Test Cases/CommonMethods/loginFromHomePage' successfully

2023-08-29 10:37:58 - [TEST_CASE][PASSED] - Test Cases/CommonMethods/loginFromHomePage: Test Cases/CommonMethods/loginFromHomePage

2023-08-29 10:37:58 - [TEST_STEP][PASSED] - delay(3): Delayed 3 second(s)

2023-08-29 10:38:01 - [MESSAGE][PASSED] - Delayed 3 second(s)

2023-08-29 10:38:01 - [TEST_STEP][PASSED] - click(findTestObject("HomePage/EnterUsername_LP")): Object: 'Object Repository/HomePage/EnterUsername_LP' is clicked on

2023-08-29 10:38:19 - [MESSAGE][PASSED] - Object: 'Object Repository/HomePage/EnterUsername_LP' is clicked on

2023-08-29 10:38:19 - [TEST_STEP][PASSED] - setText(findTestObject("HomePage/EnterUsername_LP"), username): Text 'hcheruvu29@digisprint.com' is set on object 'Object Repository/HomePage/EnterUsername_LP'

2023-08-29 10:38:20 - [MESSAGE][PASSED] - Text 'hcheruvu29@digisprint.com' is set on object 'Object Repository/HomePage/EnterUsername_LP'

2023-08-29 10:38:20 - [TEST_STEP][PASSED] - click(findTestObject("HomePage/EnterPassword_LP")): Object: 'Object Repository/HomePage/EnterPassword_LP' is clicked on

2023-08-29 10:38:21 - [MESSAGE][PASSED] - Object: 'Object Repository/HomePage/EnterPassword_LP' is clicked on

2023-08-29 10:38:21 - [TEST_STEP][PASSED] - setText(findTestObject("HomePage/EnterPassword_LP"), password): Text 'Test@12345' is set on object 'Object Repository/HomePage/EnterPassword_LP'

2023-08-29 10:38:21 - [MESSAGE][PASSED] - Text 'Test@12345' is set on object 'Object Repository/HomePage/EnterPassword_LP'

2023-08-29 10:38:21 - [TEST_STEP][PASSED] - click(findTestObject("HomePage/inciar")): Object: 'Object Repository/HomePage/inciar' is clicked on

2023-08-29 10:38:37 - [MESSAGE][PASSED] - Object: 'Object Repository/HomePage/inciar' is clicked on

2023-08-29 10:38:37 - [MESSAGE][PASSED] - Call Test Case 'Test Cases/CommonMethods/loginFromHomePage' successfully

2023-08-29 10:38:37 - [TEST_STEP][PASSED] - waitForPageLoad(0): Wait for page load successfully

2023-08-29 10:38:37 - [MESSAGE][WARNING] - Timeout '0' is invalid. Using default page load timeout: '30'

2023-08-29 10:38:37 - [MESSAGE][PASSED] - Wait for page load successfully

2023-08-29 10:38:37 - [TEST_STEP][PASSED] - callTestCase(findTestCase("CommonMethods/EmptyCart_RunAt_HP"), [:], OPTIONAL): Unable to call Test Case 'Test Cases/CommonMethods/EmptyCart_RunAt_HP' (Root cause: com.kms.katalon.core.exception.StepErrorException: Call Test Case 'Test Cases/CommonMethods/EmptyCart_RunAt_HP' failed because of error(s)
	at com.kms.katalon.core.keyword.builtin.CallTestCaseKeyword$_callTestCase_closure1.doCall(CallTestCaseKeyword.groovy:66)
	at com.kms.katalon.core.keyword.builtin.CallTestCaseKeyword$_callTestCase_closure1.call(CallTestCaseKeyword.groovy)
	at com.kms.katalon.core.keyword.internal.KeywordMain.runKeyword(KeywordMain.groovy:75)
	at com.kms.katalon.core.keyword.builtin.CallTestCaseKeyword.callTestCase(CallTestCaseKeyword.groovy:81)
	at com.kms.katalon.core.keyword.builtin.CallTestCaseKeyword.execute(CallTestCaseKeyword.groovy:44)
	at com.kms.katalon.core.keyword.internal.KeywordExecutor.executeKeywordForPlatform(KeywordExecutor.groovy:74)
	at com.kms.katalon.core.keyword.BuiltinKeywords.callTestCase(BuiltinKeywords.groovy:310)
	at TS_SMOKE_SUITE_077.run(TS_SMOKE_SUITE_077:33)
	at com.kms.katalon.core.main.ScriptEngine.run(ScriptEngine.java:194)
	at com.kms.katalon.core.main.ScriptEngine.runScriptAsRawText(ScriptEngine.java:119)
	at com.kms.katalon.core.main.TestCaseExecutor.runScript(TestCaseExecutor.java:448)
	at com.kms.katalon.core.main.TestCaseExecutor.doExecute(TestCaseExecutor.java:439)
	at com.kms.katalon.core.main.TestCaseExecutor.processExecutionPhase(TestCaseExecutor.java:418)
	at com.kms.katalon.core.main.TestCaseExecutor.accessMainPhase(TestCaseExecutor.java:410)
	at com.kms.katalon.core.main.TestCaseExecutor.execute(TestCaseExecutor.java:285)
	at com.kms.katalon.core.common.CommonExecutor.accessTestCaseMainPhase(CommonExecutor.java:65)
	at com.kms.katalon.core.main.TestSuiteExecutor.accessTestSuiteMainPhase(TestSuiteExecutor.java:148)
	at com.kms.katalon.core.main.TestSuiteExecutor.execute(TestSuiteExecutor.java:106)
	at com.kms.katalon.core.main.TestCaseMain.startTestSuite(TestCaseMain.java:187)
	at com.kms.katalon.core.main.TestCaseMain$startTestSuite$0.call(Unknown Source)
	at TempTestSuite1693284812317.run(TempTestSuite1693284812317.groovy:36)
Caused by: java.lang.NullPointerException
	at com.kms.katalon.core.webui.common.WebUiCommonHelper.findElementsBySelectedMethod(WebUiCommonHelper.java:896)
	at com.kms.katalon.core.webui.common.WebUiCommonHelper.findElementsByDefault(WebUiCommonHelper.java:892)
	at com.kms.katalon.core.webui.common.WebUiCommonHelper.findWebElements(WebUiCommonHelper.java:720)
	at com.kms.katalon.core.webui.keyword.internal.WebUIAbstractKeyword.findWebElements(WebUIAbstractKeyword.groovy:32)
	at com.kms.katalon.core.webui.keyword.WebUiBuiltInKeywords.findWebElements(WebUiBuiltInKeywords.groovy:2860)
	at com.kms.katalon.core.webui.keyword.WebUiBuiltInKeywords$findWebElements$16.call(Unknown Source)
	at EmptyCart_RunAt_HP.run(EmptyCart_RunAt_HP:39)
	at com.kms.katalon.core.main.ScriptEngine.run(ScriptEngine.java:194)
	at com.kms.katalon.core.main.ScriptEngine.runScriptAsRawText(ScriptEngine.java:119)
	at com.kms.katalon.core.main.TestCaseExecutor.runScript(TestCaseExecutor.java:448)
	at com.kms.katalon.core.main.TestCaseExecutor.doExecute(TestCaseExecutor.java:439)
	at com.kms.katalon.core.main.TestCaseExecutor.processExecutionPhase(TestCaseExecutor.java:418)
	at com.kms.katalon.core.main.TestCaseExecutor.accessMainPhase(TestCaseExecutor.java:410)
	at com.kms.katalon.core.main.TestCaseExecutor.execute(TestCaseExecutor.java:285)
	at com.kms.katalon.core.main.TestCaseMain.runTestCase(TestCaseMain.java:144)
	at com.kms.katalon.core.keyword.builtin.CallTestCaseKeyword$_callTestCase_closure1.doCall(CallTestCaseKeyword.groovy:59)
	... 20 more
)

2023-08-29 10:38:37 - [TEST_CASE][ERROR] - Test Cases/CommonMethods/EmptyCart_RunAt_HP: Test Cases/CommonMethods/EmptyCart_RunAt_HP FAILED.
Reason:
java.lang.NullPointerException
	at com.kms.katalon.core.webui.common.WebUiCommonHelper.findElementsBySelectedMethod(WebUiCommonHelper.java:896)
	at com.kms.katalon.core.webui.common.WebUiCommonHelper.findElementsByDefault(WebUiCommonHelper.java:892)
	at com.kms.katalon.core.webui.common.WebUiCommonHelper.findWebElements(WebUiCommonHelper.java:720)
	at com.kms.katalon.core.webui.keyword.internal.WebUIAbstractKeyword.findWebElements(WebUIAbstractKeyword.groovy:32)
	at com.kms.katalon.core.webui.keyword.WebUiBuiltInKeywords.findWebElements(WebUiBuiltInKeywords.groovy:2860)
	at com.kms.katalon.core.webui.keyword.WebUiBuiltInKeywords$findWebElements$16.call(Unknown Source)
	at EmptyCart_RunAt_HP.run(EmptyCart_RunAt_HP:39)
	at com.kms.katalon.core.main.ScriptEngine.run(ScriptEngine.java:194)
	at com.kms.katalon.core.main.ScriptEngine.runScriptAsRawText(ScriptEngine.java:119)
	at com.kms.katalon.core.main.TestCaseExecutor.runScript(TestCaseExecutor.java:448)
	at com.kms.katalon.core.main.TestCaseExecutor.doExecute(TestCaseExecutor.java:439)
	at com.kms.katalon.core.main.TestCaseExecutor.processExecutionPhase(TestCaseExecutor.java:418)
	at com.kms.katalon.core.main.TestCaseExecutor.accessMainPhase(TestCaseExecutor.java:410)
	at com.kms.katalon.core.main.TestCaseExecutor.execute(TestCaseExecutor.java:285)
	at com.kms.katalon.core.main.TestCaseMain.runTestCase(TestCaseMain.java:144)
	at com.kms.katalon.core.keyword.builtin.CallTestCaseKeyword$_callTestCase_closure1.doCall(CallTestCaseKeyword.groovy:59)
	at com.kms.katalon.core.keyword.builtin.CallTestCaseKeyword$_callTestCase_closure1.call(CallTestCaseKeyword.groovy)
	at com.kms.katalon.core.keyword.internal.KeywordMain.runKeyword(KeywordMain.groovy:75)
	at com.kms.katalon.core.keyword.builtin.CallTestCaseKeyword.callTestCase(CallTestCaseKeyword.groovy:81)
	at com.kms.katalon.core.keyword.builtin.CallTestCaseKeyword.execute(CallTestCaseKeyword.groovy:44)
	at com.kms.katalon.core.keyword.internal.KeywordExecutor.executeKeywordForPlatform(KeywordExecutor.groovy:74)
	at com.kms.katalon.core.keyword.BuiltinKeywords.callTestCase(BuiltinKeywords.groovy:310)
	at TS_SMOKE_SUITE_077.run(TS_SMOKE_SUITE_077:33)
	at com.kms.katalon.core.main.ScriptEngine.run(ScriptEngine.java:194)
	at com.kms.katalon.core.main.ScriptEngine.runScriptAsRawText(ScriptEngine.java:119)
	at com.kms.katalon.core.main.TestCaseExecutor.runScript(TestCaseExecutor.java:448)
	at com.kms.katalon.core.main.TestCaseExecutor.doExecute(TestCaseExecutor.java:439)
	at com.kms.katalon.core.main.TestCaseExecutor.processExecutionPhase(TestCaseExecutor.java:418)
	at com.kms.katalon.core.main.TestCaseExecutor.accessMainPhase(TestCaseExecutor.java:410)
	at com.kms.katalon.core.main.TestCaseExecutor.execute(TestCaseExecutor.java:285)
	at com.kms.katalon.core.common.CommonExecutor.accessTestCaseMainPhase(CommonExecutor.java:65)
	at com.kms.katalon.core.main.TestSuiteExecutor.accessTestSuiteMainPhase(TestSuiteExecutor.java:148)
	at com.kms.katalon.core.main.TestSuiteExecutor.execute(TestSuiteExecutor.java:106)
	at com.kms.katalon.core.main.TestCaseMain.startTestSuite(TestCaseMain.java:187)
	at com.kms.katalon.core.main.TestCaseMain$startTestSuite$0.call(Unknown Source)
	at TempTestSuite1693284812317.run(TempTestSuite1693284812317.groovy:36)


2023-08-29 10:38:37 - [TEST_STEP][PASSED] - delay(2, OPTIONAL): Delayed 2 second(s)

2023-08-29 10:38:39 - [MESSAGE][PASSED] - Delayed 2 second(s)

2023-08-29 10:38:39 - [TEST_STEP][PASSED] - click(findTestObject("HomePage/bag_header_HP"), OPTIONAL): Object: 'Object Repository/HomePage/bag_header_HP' is clicked on

2023-08-29 10:39:27 - [MESSAGE][PASSED] - Object: 'Object Repository/HomePage/bag_header_HP' is clicked on

2023-08-29 10:39:27 - [TEST_STEP][ERROR] - listElement = findWebElements(findTestObject("CartPage/Product1_remove_cart"), 2): Test Cases/CommonMethods/EmptyCart_RunAt_HP FAILED.
Reason:
java.lang.NullPointerException
	at com.kms.katalon.core.webui.common.WebUiCommonHelper.findElementsBySelectedMethod(WebUiCommonHelper.java:896)
	at com.kms.katalon.core.webui.common.WebUiCommonHelper.findElementsByDefault(WebUiCommonHelper.java:892)
	at com.kms.katalon.core.webui.common.WebUiCommonHelper.findWebElements(WebUiCommonHelper.java:720)
	at com.kms.katalon.core.webui.keyword.internal.WebUIAbstractKeyword.findWebElements(WebUIAbstractKeyword.groovy:32)
	at com.kms.katalon.core.webui.keyword.WebUiBuiltInKeywords.findWebElements(WebUiBuiltInKeywords.groovy:2860)
	at com.kms.katalon.core.webui.keyword.WebUiBuiltInKeywords$findWebElements$16.call(Unknown Source)
	at EmptyCart_RunAt_HP.run(EmptyCart_RunAt_HP:39)
	at com.kms.katalon.core.main.ScriptEngine.run(ScriptEngine.java:194)
	at com.kms.katalon.core.main.ScriptEngine.runScriptAsRawText(ScriptEngine.java:119)
	at com.kms.katalon.core.main.TestCaseExecutor.runScript(TestCaseExecutor.java:448)
	at com.kms.katalon.core.main.TestCaseExecutor.doExecute(TestCaseExecutor.java:439)
	at com.kms.katalon.core.main.TestCaseExecutor.processExecutionPhase(TestCaseExecutor.java:418)
	at com.kms.katalon.core.main.TestCaseExecutor.accessMainPhase(TestCaseExecutor.java:410)
	at com.kms.katalon.core.main.TestCaseExecutor.execute(TestCaseExecutor.java:285)
	at com.kms.katalon.core.main.TestCaseMain.runTestCase(TestCaseMain.java:144)
	at com.kms.katalon.core.keyword.builtin.CallTestCaseKeyword$_callTestCase_closure1.doCall(CallTestCaseKeyword.groovy:59)
	at com.kms.katalon.core.keyword.builtin.CallTestCaseKeyword$_callTestCase_closure1.call(CallTestCaseKeyword.groovy)
	at com.kms.katalon.core.keyword.internal.KeywordMain.runKeyword(KeywordMain.groovy:75)
	at com.kms.katalon.core.keyword.builtin.CallTestCaseKeyword.callTestCase(CallTestCaseKeyword.groovy:81)
	at com.kms.katalon.core.keyword.builtin.CallTestCaseKeyword.execute(CallTestCaseKeyword.groovy:44)
	at com.kms.katalon.core.keyword.internal.KeywordExecutor.executeKeywordForPlatform(KeywordExecutor.groovy:74)
	at com.kms.katalon.core.keyword.BuiltinKeywords.callTestCase(BuiltinKeywords.groovy:310)
	at TS_SMOKE_SUITE_077.run(TS_SMOKE_SUITE_077:33)
	at com.kms.katalon.core.main.ScriptEngine.run(ScriptEngine.java:194)
	at com.kms.katalon.core.main.ScriptEngine.runScriptAsRawText(ScriptEngine.java:119)
	at com.kms.katalon.core.main.TestCaseExecutor.runScript(TestCaseExecutor.java:448)
	at com.kms.katalon.core.main.TestCaseExecutor.doExecute(TestCaseExecutor.java:439)
	at com.kms.katalon.core.main.TestCaseExecutor.processExecutionPhase(TestCaseExecutor.java:418)
	at com.kms.katalon.core.main.TestCaseExecutor.accessMainPhase(TestCaseExecutor.java:410)
	at com.kms.katalon.core.main.TestCaseExecutor.execute(TestCaseExecutor.java:285)
	at com.kms.katalon.core.common.CommonExecutor.accessTestCaseMainPhase(CommonExecutor.java:65)
	at com.kms.katalon.core.main.TestSuiteExecutor.accessTestSuiteMainPhase(TestSuiteExecutor.java:148)
	at com.kms.katalon.core.main.TestSuiteExecutor.execute(TestSuiteExecutor.java:106)
	at com.kms.katalon.core.main.TestCaseMain.startTestSuite(TestCaseMain.java:187)
	at com.kms.katalon.core.main.TestCaseMain$startTestSuite$0.call(Unknown Source)
	at TempTestSuite1693284812317.run(TempTestSuite1693284812317.groovy:36)


2023-08-29 10:39:27 - [MESSAGE][WARNING] - Test object with id 'Object Repository/CartPage/Product1_remove_cart' does not exist

2023-08-29 10:39:27 - [MESSAGE][ERROR] - Test Cases/CommonMethods/EmptyCart_RunAt_HP FAILED.
Reason:
java.lang.NullPointerException
	at com.kms.katalon.core.webui.common.WebUiCommonHelper.findElementsBySelectedMethod(WebUiCommonHelper.java:896)
	at com.kms.katalon.core.webui.common.WebUiCommonHelper.findElementsByDefault(WebUiCommonHelper.java:892)
	at com.kms.katalon.core.webui.common.WebUiCommonHelper.findWebElements(WebUiCommonHelper.java:720)
	at com.kms.katalon.core.webui.keyword.internal.WebUIAbstractKeyword.findWebElements(WebUIAbstractKeyword.groovy:32)
	at com.kms.katalon.core.webui.keyword.WebUiBuiltInKeywords.findWebElements(WebUiBuiltInKeywords.groovy:2860)
	at com.kms.katalon.core.webui.keyword.WebUiBuiltInKeywords$findWebElements$16.call(Unknown Source)
	at EmptyCart_RunAt_HP.run(EmptyCart_RunAt_HP:39)
	at com.kms.katalon.core.main.ScriptEngine.run(ScriptEngine.java:194)
	at com.kms.katalon.core.main.ScriptEngine.runScriptAsRawText(ScriptEngine.java:119)
	at com.kms.katalon.core.main.TestCaseExecutor.runScript(TestCaseExecutor.java:448)
	at com.kms.katalon.core.main.TestCaseExecutor.doExecute(TestCaseExecutor.java:439)
	at com.kms.katalon.core.main.TestCaseExecutor.processExecutionPhase(TestCaseExecutor.java:418)
	at com.kms.katalon.core.main.TestCaseExecutor.accessMainPhase(TestCaseExecutor.java:410)
	at com.kms.katalon.core.main.TestCaseExecutor.execute(TestCaseExecutor.java:285)
	at com.kms.katalon.core.main.TestCaseMain.runTestCase(TestCaseMain.java:144)
	at com.kms.katalon.core.keyword.builtin.CallTestCaseKeyword$_callTestCase_closure1.doCall(CallTestCaseKeyword.groovy:59)
	at com.kms.katalon.core.keyword.builtin.CallTestCaseKeyword$_callTestCase_closure1.call(CallTestCaseKeyword.groovy)
	at com.kms.katalon.core.keyword.internal.KeywordMain.runKeyword(KeywordMain.groovy:75)
	at com.kms.katalon.core.keyword.builtin.CallTestCaseKeyword.callTestCase(CallTestCaseKeyword.groovy:81)
	at com.kms.katalon.core.keyword.builtin.CallTestCaseKeyword.execute(CallTestCaseKeyword.groovy:44)
	at com.kms.katalon.core.keyword.internal.KeywordExecutor.executeKeywordForPlatform(KeywordExecutor.groovy:74)
	at com.kms.katalon.core.keyword.BuiltinKeywords.callTestCase(BuiltinKeywords.groovy:310)
	at TS_SMOKE_SUITE_077.run(TS_SMOKE_SUITE_077:33)
	at com.kms.katalon.core.main.ScriptEngine.run(ScriptEngine.java:194)
	at com.kms.katalon.core.main.ScriptEngine.runScriptAsRawText(ScriptEngine.java:119)
	at com.kms.katalon.core.main.TestCaseExecutor.runScript(TestCaseExecutor.java:448)
	at com.kms.katalon.core.main.TestCaseExecutor.doExecute(TestCaseExecutor.java:439)
	at com.kms.katalon.core.main.TestCaseExecutor.processExecutionPhase(TestCaseExecutor.java:418)
	at com.kms.katalon.core.main.TestCaseExecutor.accessMainPhase(TestCaseExecutor.java:410)
	at com.kms.katalon.core.main.TestCaseExecutor.execute(TestCaseExecutor.java:285)
	at com.kms.katalon.core.common.CommonExecutor.accessTestCaseMainPhase(CommonExecutor.java:65)
	at com.kms.katalon.core.main.TestSuiteExecutor.accessTestSuiteMainPhase(TestSuiteExecutor.java:148)
	at com.kms.katalon.core.main.TestSuiteExecutor.execute(TestSuiteExecutor.java:106)
	at com.kms.katalon.core.main.TestCaseMain.startTestSuite(TestCaseMain.java:187)
	at com.kms.katalon.core.main.TestCaseMain$startTestSuite$0.call(Unknown Source)
	at TempTestSuite1693284812317.run(TempTestSuite1693284812317.groovy:36)


2023-08-29 10:39:27 - [MESSAGE][WARNING] - Unable to call Test Case 'Test Cases/CommonMethods/EmptyCart_RunAt_HP' (Root cause: com.kms.katalon.core.exception.StepErrorException: Call Test Case 'Test Cases/CommonMethods/EmptyCart_RunAt_HP' failed because of error(s)
	at com.kms.katalon.core.keyword.builtin.CallTestCaseKeyword$_callTestCase_closure1.doCall(CallTestCaseKeyword.groovy:66)
	at com.kms.katalon.core.keyword.builtin.CallTestCaseKeyword$_callTestCase_closure1.call(CallTestCaseKeyword.groovy)
	at com.kms.katalon.core.keyword.internal.KeywordMain.runKeyword(KeywordMain.groovy:75)
	at com.kms.katalon.core.keyword.builtin.CallTestCaseKeyword.callTestCase(CallTestCaseKeyword.groovy:81)
	at com.kms.katalon.core.keyword.builtin.CallTestCaseKeyword.execute(CallTestCaseKeyword.groovy:44)
	at com.kms.katalon.core.keyword.internal.KeywordExecutor.executeKeywordForPlatform(KeywordExecutor.groovy:74)
	at com.kms.katalon.core.keyword.BuiltinKeywords.callTestCase(BuiltinKeywords.groovy:310)
	at TS_SMOKE_SUITE_077.run(TS_SMOKE_SUITE_077:33)
	at com.kms.katalon.core.main.ScriptEngine.run(ScriptEngine.java:194)
	at com.kms.katalon.core.main.ScriptEngine.runScriptAsRawText(ScriptEngine.java:119)
	at com.kms.katalon.core.main.TestCaseExecutor.runScript(TestCaseExecutor.java:448)
	at com.kms.katalon.core.main.TestCaseExecutor.doExecute(TestCaseExecutor.java:439)
	at com.kms.katalon.core.main.TestCaseExecutor.processExecutionPhase(TestCaseExecutor.java:418)
	at com.kms.katalon.core.main.TestCaseExecutor.accessMainPhase(TestCaseExecutor.java:410)
	at com.kms.katalon.core.main.TestCaseExecutor.execute(TestCaseExecutor.java:285)
	at com.kms.katalon.core.common.CommonExecutor.accessTestCaseMainPhase(CommonExecutor.java:65)
	at com.kms.katalon.core.main.TestSuiteExecutor.accessTestSuiteMainPhase(TestSuiteExecutor.java:148)
	at com.kms.katalon.core.main.TestSuiteExecutor.execute(TestSuiteExecutor.java:106)
	at com.kms.katalon.core.main.TestCaseMain.startTestSuite(TestCaseMain.java:187)
	at com.kms.katalon.core.main.TestCaseMain$startTestSuite$0.call(Unknown Source)
	at TempTestSuite1693284812317.run(TempTestSuite1693284812317.groovy:36)
Caused by: java.lang.NullPointerException
	at com.kms.katalon.core.webui.common.WebUiCommonHelper.findElementsBySelectedMethod(WebUiCommonHelper.java:896)
	at com.kms.katalon.core.webui.common.WebUiCommonHelper.findElementsByDefault(WebUiCommonHelper.java:892)
	at com.kms.katalon.core.webui.common.WebUiCommonHelper.findWebElements(WebUiCommonHelper.java:720)
	at com.kms.katalon.core.webui.keyword.internal.WebUIAbstractKeyword.findWebElements(WebUIAbstractKeyword.groovy:32)
	at com.kms.katalon.core.webui.keyword.WebUiBuiltInKeywords.findWebElements(WebUiBuiltInKeywords.groovy:2860)
	at com.kms.katalon.core.webui.keyword.WebUiBuiltInKeywords$findWebElements$16.call(Unknown Source)
	at EmptyCart_RunAt_HP.run(EmptyCart_RunAt_HP:39)
	at com.kms.katalon.core.main.ScriptEngine.run(ScriptEngine.java:194)
	at com.kms.katalon.core.main.ScriptEngine.runScriptAsRawText(ScriptEngine.java:119)
	at com.kms.katalon.core.main.TestCaseExecutor.runScript(TestCaseExecutor.java:448)
	at com.kms.katalon.core.main.TestCaseExecutor.doExecute(TestCaseExecutor.java:439)
	at com.kms.katalon.core.main.TestCaseExecutor.processExecutionPhase(TestCaseExecutor.java:418)
	at com.kms.katalon.core.main.TestCaseExecutor.accessMainPhase(TestCaseExecutor.java:410)
	at com.kms.katalon.core.main.TestCaseExecutor.execute(TestCaseExecutor.java:285)
	at com.kms.katalon.core.main.TestCaseMain.runTestCase(TestCaseMain.java:144)
	at com.kms.katalon.core.keyword.builtin.CallTestCaseKeyword$_callTestCase_closure1.doCall(CallTestCaseKeyword.groovy:59)
	... 20 more
)

2023-08-29 10:39:27 - [TEST_STEP][PASSED] - click(findTestObject("HomePage/Logo_hp")): Object: 'Object Repository/HomePage/Logo_hp' is clicked on

2023-08-29 10:39:28 - [MESSAGE][PASSED] - Object: 'Object Repository/HomePage/Logo_hp' is clicked on

2023-08-29 10:39:28 - [TEST_STEP][PASSED] - callTestCase(findTestCase("CommonMethods/SearchForAProduct_search"), ["searchTerm":SLProduct], STOP_ON_FAILURE): Call Test Case 'Test Cases/CommonMethods/SearchForAProduct_search' successfully

2023-08-29 10:39:28 - [TEST_CASE][PASSED] - Test Cases/CommonMethods/SearchForAProduct_search: Test Cases/CommonMethods/SearchForAProduct_search

2023-08-29 10:39:29 - [TEST_STEP][PASSED] - click(findTestObject("HomePage/Buscar1"), STOP_ON_FAILURE): Object: 'Object Repository/HomePage/Buscar1' is clicked on

2023-08-29 10:39:30 - [MESSAGE][PASSED] - Object: 'Object Repository/HomePage/Buscar1' is clicked on

2023-08-29 10:39:30 - [TEST_STEP][PASSED] - delay(3): Delayed 3 second(s)

2023-08-29 10:39:33 - [MESSAGE][PASSED] - Delayed 3 second(s)

2023-08-29 10:39:33 - [TEST_STEP][PASSED] - setText(findTestObject("HomePage/Buscar1"), searchTerm): Text 'can
' is set on object 'Object Repository/HomePage/Buscar1'

2023-08-29 10:39:33 - [MESSAGE][PASSED] - Text 'can
' is set on object 'Object Repository/HomePage/Buscar1'

2023-08-29 10:39:33 - [TEST_STEP][PASSED] - delay(3): Delayed 3 second(s)

2023-08-29 10:39:36 - [MESSAGE][PASSED] - Delayed 3 second(s)

2023-08-29 10:39:36 - [TEST_STEP][PASSED] - sendKeys(findTestObject("HomePage/Seach_TextBox_hp"), Keys.chord(ENTER)): Keys 'ENTER + ' sent to object: 'Object Repository/HomePage/Seach_TextBox_hp'

2023-08-29 10:40:02 - [MESSAGE][PASSED] - Keys 'ENTER + ' sent to object: 'Object Repository/HomePage/Seach_TextBox_hp'

2023-08-29 10:40:02 - [MESSAGE][PASSED] - Call Test Case 'Test Cases/CommonMethods/SearchForAProduct_search' successfully

2023-08-29 10:40:02 - [TEST_STEP][PASSED] - click(findTestObject("PLPPage/product1_PLP"), OPTIONAL): Object: 'Object Repository/PLPPage/product1_PLP' is clicked on

2023-08-29 10:40:03 - [MESSAGE][PASSED] - Object: 'Object Repository/PLPPage/product1_PLP' is clicked on

2023-08-29 10:40:03 - [TEST_STEP][PASSED] - click(findTestObject("PDPPage/AddToCart_PDP")): Object: 'Object Repository/PDPPage/AddToCart_PDP' is clicked on

2023-08-29 10:40:23 - [MESSAGE][PASSED] - Object: 'Object Repository/PDPPage/AddToCart_PDP' is clicked on

2023-08-29 10:40:23 - [TEST_STEP][PASSED] - click(findTestObject("HomePage/bag_header_HP")): Object: 'Object Repository/HomePage/bag_header_HP' is clicked on

2023-08-29 10:40:27 - [MESSAGE][PASSED] - Object: 'Object Repository/HomePage/bag_header_HP' is clicked on

2023-08-29 10:40:27 - [TEST_STEP][PASSED] - click(findTestObject("CartPage/BuyButton_Cart")): Object: 'Object Repository/CartPage/BuyButton_Cart' is clicked on

2023-08-29 10:40:31 - [MESSAGE][PASSED] - Object: 'Object Repository/CartPage/BuyButton_Cart' is clicked on

2023-08-29 10:40:31 - [TEST_STEP][FAILED] - callTestCase(findTestCase("CommonMethods/create_new_CARD_OPC"), [:], STOP_ON_FAILURE): Unable to call Test Case 'Test Cases/CommonMethods/create_new_CARD_OPC' (Root cause: com.kms.katalon.core.exception.StepFailedException: Call Test Case 'Test Cases/CommonMethods/create_new_CARD_OPC' failed
	at com.kms.katalon.core.keyword.builtin.CallTestCaseKeyword$_callTestCase_closure1.doCall(CallTestCaseKeyword.groovy:63)
	at com.kms.katalon.core.keyword.builtin.CallTestCaseKeyword$_callTestCase_closure1.call(CallTestCaseKeyword.groovy)
	at com.kms.katalon.core.keyword.internal.KeywordMain.runKeyword(KeywordMain.groovy:75)
	at com.kms.katalon.core.keyword.builtin.CallTestCaseKeyword.callTestCase(CallTestCaseKeyword.groovy:81)
	at com.kms.katalon.core.keyword.builtin.CallTestCaseKeyword.execute(CallTestCaseKeyword.groovy:44)
	at com.kms.katalon.core.keyword.internal.KeywordExecutor.executeKeywordForPlatform(KeywordExecutor.groovy:74)
	at com.kms.katalon.core.keyword.BuiltinKeywords.callTestCase(BuiltinKeywords.groovy:310)
	at TS_SMOKE_SUITE_077.run(TS_SMOKE_SUITE_077:48)
	at com.kms.katalon.core.main.ScriptEngine.run(ScriptEngine.java:194)
	at com.kms.katalon.core.main.ScriptEngine.runScriptAsRawText(ScriptEngine.java:119)
	at com.kms.katalon.core.main.TestCaseExecutor.runScript(TestCaseExecutor.java:448)
	at com.kms.katalon.core.main.TestCaseExecutor.doExecute(TestCaseExecutor.java:439)
	at com.kms.katalon.core.main.TestCaseExecutor.processExecutionPhase(TestCaseExecutor.java:418)
	at com.kms.katalon.core.main.TestCaseExecutor.accessMainPhase(TestCaseExecutor.java:410)
	at com.kms.katalon.core.main.TestCaseExecutor.execute(TestCaseExecutor.java:285)
	at com.kms.katalon.core.common.CommonExecutor.accessTestCaseMainPhase(CommonExecutor.java:65)
	at com.kms.katalon.core.main.TestSuiteExecutor.accessTestSuiteMainPhase(TestSuiteExecutor.java:148)
	at com.kms.katalon.core.main.TestSuiteExecutor.execute(TestSuiteExecutor.java:106)
	at com.kms.katalon.core.main.TestCaseMain.startTestSuite(TestCaseMain.java:187)
	at com.kms.katalon.core.main.TestCaseMain$startTestSuite$0.call(Unknown Source)
	at TempTestSuite1693284812317.run(TempTestSuite1693284812317.groovy:36)
Caused by: com.kms.katalon.core.exception.StepFailedException: Unable to click on object 'Object Repository/OPCPage/selectAddress_Card_create_popup'
	at com.kms.katalon.core.webui.keyword.internal.WebUIKeywordMain.stepFailed(WebUIKeywordMain.groovy:64)
	at com.kms.katalon.core.webui.keyword.internal.WebUIKeywordMain.runKeyword(WebUIKeywordMain.groovy:26)
	at com.kms.katalon.core.webui.keyword.builtin.ClickKeyword.click(ClickKeyword.groovy:74)
	at com.kms.katalon.core.webui.keyword.builtin.ClickKeyword.execute(ClickKeyword.groovy:40)
	at com.kms.katalon.core.keyword.internal.KeywordExecutor.executeKeywordForPlatform(KeywordExecutor.groovy:74)
	at com.kms.katalon.core.webui.keyword.WebUiBuiltInKeywords.click(WebUiBuiltInKeywords.groovy:620)
	at com.kms.katalon.core.webui.keyword.WebUiBuiltInKeywords$click$2.call(Unknown Source)
	at create_new_CARD_OPC.run(create_new_CARD_OPC:44)
	at com.kms.katalon.core.main.ScriptEngine.run(ScriptEngine.java:194)
	at com.kms.katalon.core.main.ScriptEngine.runScriptAsRawText(ScriptEngine.java:119)
	at com.kms.katalon.core.main.TestCaseExecutor.runScript(TestCaseExecutor.java:448)
	at com.kms.katalon.core.main.TestCaseExecutor.doExecute(TestCaseExecutor.java:439)
	at com.kms.katalon.core.main.TestCaseExecutor.processExecutionPhase(TestCaseExecutor.java:418)
	at com.kms.katalon.core.main.TestCaseExecutor.accessMainPhase(TestCaseExecutor.java:410)
	at com.kms.katalon.core.main.TestCaseExecutor.execute(TestCaseExecutor.java:285)
	at com.kms.katalon.core.main.TestCaseMain.runTestCase(TestCaseMain.java:144)
	at com.kms.katalon.core.keyword.builtin.CallTestCaseKeyword$_callTestCase_closure1.doCall(CallTestCaseKeyword.groovy:59)
	... 20 more
Caused by: com.kms.katalon.core.webui.exception.WebElementNotFoundException: Web element with id: 'Object Repository/OPCPage/selectAddress_Card_create_popup' located by '//input[@id='card_3676340658']' not found
	at com.kms.katalon.core.webui.common.WebUiCommonHelper.findWebElement(WebUiCommonHelper.java:1381)
	at com.kms.katalon.core.webui.keyword.internal.WebUIAbstractKeyword.findWebElement(WebUIAbstractKeyword.groovy:27)
	at com.kms.katalon.core.webui.keyword.builtin.ClickKeyword$_click_closure1.doCall(ClickKeyword.groovy:65)
	at com.kms.katalon.core.webui.keyword.builtin.ClickKeyword$_click_closure1.call(ClickKeyword.groovy)
	at com.kms.katalon.core.webui.keyword.internal.WebUIKeywordMain.runKeyword(WebUIKeywordMain.groovy:20)
	... 35 more
)

2023-08-29 10:40:31 - [TEST_CASE][FAILED] - Test Cases/CommonMethods/create_new_CARD_OPC: Test Cases/CommonMethods/create_new_CARD_OPC FAILED.
Reason:
com.kms.katalon.core.exception.StepFailedException: Unable to click on object 'Object Repository/OPCPage/selectAddress_Card_create_popup'
	at com.kms.katalon.core.webui.keyword.internal.WebUIKeywordMain.stepFailed(WebUIKeywordMain.groovy:64)
	at com.kms.katalon.core.webui.keyword.internal.WebUIKeywordMain.runKeyword(WebUIKeywordMain.groovy:26)
	at com.kms.katalon.core.webui.keyword.builtin.ClickKeyword.click(ClickKeyword.groovy:74)
	at com.kms.katalon.core.webui.keyword.builtin.ClickKeyword.execute(ClickKeyword.groovy:40)
	at com.kms.katalon.core.keyword.internal.KeywordExecutor.executeKeywordForPlatform(KeywordExecutor.groovy:74)
	at com.kms.katalon.core.webui.keyword.WebUiBuiltInKeywords.click(WebUiBuiltInKeywords.groovy:620)
	at com.kms.katalon.core.webui.keyword.WebUiBuiltInKeywords$click$2.call(Unknown Source)
	at create_new_CARD_OPC.run(create_new_CARD_OPC:44)
	at com.kms.katalon.core.main.ScriptEngine.run(ScriptEngine.java:194)
	at com.kms.katalon.core.main.ScriptEngine.runScriptAsRawText(ScriptEngine.java:119)
	at com.kms.katalon.core.main.TestCaseExecutor.runScript(TestCaseExecutor.java:448)
	at com.kms.katalon.core.main.TestCaseExecutor.doExecute(TestCaseExecutor.java:439)
	at com.kms.katalon.core.main.TestCaseExecutor.processExecutionPhase(TestCaseExecutor.java:418)
	at com.kms.katalon.core.main.TestCaseExecutor.accessMainPhase(TestCaseExecutor.java:410)
	at com.kms.katalon.core.main.TestCaseExecutor.execute(TestCaseExecutor.java:285)
	at com.kms.katalon.core.main.TestCaseMain.runTestCase(TestCaseMain.java:144)
	at com.kms.katalon.core.keyword.builtin.CallTestCaseKeyword$_callTestCase_closure1.doCall(CallTestCaseKeyword.groovy:59)
	at com.kms.katalon.core.keyword.builtin.CallTestCaseKeyword$_callTestCase_closure1.call(CallTestCaseKeyword.groovy)
	at com.kms.katalon.core.keyword.internal.KeywordMain.runKeyword(KeywordMain.groovy:75)
	at com.kms.katalon.core.keyword.builtin.CallTestCaseKeyword.callTestCase(CallTestCaseKeyword.groovy:81)
	at com.kms.katalon.core.keyword.builtin.CallTestCaseKeyword.execute(CallTestCaseKeyword.groovy:44)
	at com.kms.katalon.core.keyword.internal.KeywordExecutor.executeKeywordForPlatform(KeywordExecutor.groovy:74)
	at com.kms.katalon.core.keyword.BuiltinKeywords.callTestCase(BuiltinKeywords.groovy:310)
	at TS_SMOKE_SUITE_077.run(TS_SMOKE_SUITE_077:48)
	at com.kms.katalon.core.main.ScriptEngine.run(ScriptEngine.java:194)
	at com.kms.katalon.core.main.ScriptEngine.runScriptAsRawText(ScriptEngine.java:119)
	at com.kms.katalon.core.main.TestCaseExecutor.runScript(TestCaseExecutor.java:448)
	at com.kms.katalon.core.main.TestCaseExecutor.doExecute(TestCaseExecutor.java:439)
	at com.kms.katalon.core.main.TestCaseExecutor.processExecutionPhase(TestCaseExecutor.java:418)
	at com.kms.katalon.core.main.TestCaseExecutor.accessMainPhase(TestCaseExecutor.java:410)
	at com.kms.katalon.core.main.TestCaseExecutor.execute(TestCaseExecutor.java:285)
	at com.kms.katalon.core.common.CommonExecutor.accessTestCaseMainPhase(CommonExecutor.java:65)
	at com.kms.katalon.core.main.TestSuiteExecutor.accessTestSuiteMainPhase(TestSuiteExecutor.java:148)
	at com.kms.katalon.core.main.TestSuiteExecutor.execute(TestSuiteExecutor.java:106)
	at com.kms.katalon.core.main.TestCaseMain.startTestSuite(TestCaseMain.java:187)
	at com.kms.katalon.core.main.TestCaseMain$startTestSuite$0.call(Unknown Source)
	at TempTestSuite1693284812317.run(TempTestSuite1693284812317.groovy:36)
Caused by: com.kms.katalon.core.webui.exception.WebElementNotFoundException: Web element with id: 'Object Repository/OPCPage/selectAddress_Card_create_popup' located by '//input[@id='card_3676340658']' not found
	at com.kms.katalon.core.webui.common.WebUiCommonHelper.findWebElement(WebUiCommonHelper.java:1381)
	at com.kms.katalon.core.webui.keyword.internal.WebUIAbstractKeyword.findWebElement(WebUIAbstractKeyword.groovy:27)
	at com.kms.katalon.core.webui.keyword.builtin.ClickKeyword$_click_closure1.doCall(ClickKeyword.groovy:65)
	at com.kms.katalon.core.webui.keyword.builtin.ClickKeyword$_click_closure1.call(ClickKeyword.groovy)
	at com.kms.katalon.core.webui.keyword.internal.WebUIKeywordMain.runKeyword(WebUIKeywordMain.groovy:20)
	... 35 more


2023-08-29 10:40:31 - [TEST_STEP][PASSED] - click(findTestObject("OPCPage/paymentMethod_change_OPC"), OPTIONAL): Object: 'Object Repository/OPCPage/paymentMethod_change_OPC' is clicked on

2023-08-29 10:40:42 - [MESSAGE][PASSED] - Object: 'Object Repository/OPCPage/paymentMethod_change_OPC' is clicked on

2023-08-29 10:40:42 - [TEST_STEP][PASSED] - click(findTestObject("OPCPage/Payment_Method_Card_OPC"), OPTIONAL): Object: 'Object Repository/OPCPage/Payment_Method_Card_OPC' is clicked on

2023-08-29 10:40:45 - [MESSAGE][PASSED] - Object: 'Object Repository/OPCPage/Payment_Method_Card_OPC' is clicked on

2023-08-29 10:40:45 - [TEST_STEP][PASSED] - click(findTestObject("OPCPage/addnewcard_Popup_OPC"), OPTIONAL): Object: 'Object Repository/OPCPage/addnewcard_Popup_OPC' is clicked on

2023-08-29 10:40:45 - [MESSAGE][PASSED] - Object: 'Object Repository/OPCPage/addnewcard_Popup_OPC' is clicked on

2023-08-29 10:40:45 - [TEST_STEP][PASSED] - cardnumber = "4111111" + RandomStringUtils.randomNumeric(9): null

2023-08-29 10:40:45 - [TEST_STEP][PASSED] - out.println(cardnumber): null

2023-08-29 10:40:45 - [TEST_STEP][PASSED] - cardname = RandomStringUtils.randomAlphabetic(8): null

2023-08-29 10:40:45 - [TEST_STEP][PASSED] - setText(findTestObject("OPCPage/newCardNumber_OPC"), cardnumber): Text '4111111422091686' is set on object 'Object Repository/OPCPage/newCardNumber_OPC'

2023-08-29 10:40:48 - [MESSAGE][PASSED] - Text '4111111422091686' is set on object 'Object Repository/OPCPage/newCardNumber_OPC'

2023-08-29 10:40:48 - [TEST_STEP][PASSED] - setText(findTestObject("OPCPage/EnterCardAlias_OPC"), cardname): Text 'GWmKAwfa' is set on object 'Object Repository/OPCPage/EnterCardAlias_OPC'

2023-08-29 10:40:50 - [MESSAGE][PASSED] - Text 'GWmKAwfa' is set on object 'Object Repository/OPCPage/EnterCardAlias_OPC'

2023-08-29 10:40:50 - [TEST_STEP][PASSED] - setText(findTestObject("OPCPage/enterCardName_OPC"), "vedant"): Text 'vedant' is set on object 'Object Repository/OPCPage/enterCardName_OPC'

2023-08-29 10:40:51 - [MESSAGE][PASSED] - Text 'vedant' is set on object 'Object Repository/OPCPage/enterCardName_OPC'

2023-08-29 10:40:51 - [TEST_STEP][PASSED] - setText(findTestObject("OPCPage/newCard_expireDATE_POPup_Addcard_OPC"), "12/24"): Text '12/24' is set on object 'Object Repository/OPCPage/newCard_expireDATE_POPup_Addcard_OPC'

2023-08-29 10:40:52 - [MESSAGE][PASSED] - Text '12/24' is set on object 'Object Repository/OPCPage/newCard_expireDATE_POPup_Addcard_OPC'

2023-08-29 10:40:52 - [TEST_STEP][PASSED] - setText(findTestObject("OPCPage/enterCardCVV_OPC"), "123"): Text '123' is set on object 'Object Repository/OPCPage/enterCardCVV_OPC'

2023-08-29 10:40:53 - [MESSAGE][PASSED] - Text '123' is set on object 'Object Repository/OPCPage/enterCardCVV_OPC'

2023-08-29 10:40:53 - [TEST_STEP][FAILED] - click(findTestObject("OPCPage/selectAddress_Card_create_popup")): Unable to click on object 'Object Repository/OPCPage/selectAddress_Card_create_popup' (Root cause: com.kms.katalon.core.exception.StepFailedException: Unable to click on object 'Object Repository/OPCPage/selectAddress_Card_create_popup'
	at com.kms.katalon.core.webui.keyword.internal.WebUIKeywordMain.stepFailed(WebUIKeywordMain.groovy:64)
	at com.kms.katalon.core.webui.keyword.internal.WebUIKeywordMain.runKeyword(WebUIKeywordMain.groovy:26)
	at com.kms.katalon.core.webui.keyword.builtin.ClickKeyword.click(ClickKeyword.groovy:74)
	at com.kms.katalon.core.webui.keyword.builtin.ClickKeyword.execute(ClickKeyword.groovy:40)
	at com.kms.katalon.core.keyword.internal.KeywordExecutor.executeKeywordForPlatform(KeywordExecutor.groovy:74)
	at com.kms.katalon.core.webui.keyword.WebUiBuiltInKeywords.click(WebUiBuiltInKeywords.groovy:620)
	at com.kms.katalon.core.webui.keyword.WebUiBuiltInKeywords$click$2.call(Unknown Source)
	at create_new_CARD_OPC.run(create_new_CARD_OPC:44)
	at com.kms.katalon.core.main.ScriptEngine.run(ScriptEngine.java:194)
	at com.kms.katalon.core.main.ScriptEngine.runScriptAsRawText(ScriptEngine.java:119)
	at com.kms.katalon.core.main.TestCaseExecutor.runScript(TestCaseExecutor.java:448)
	at com.kms.katalon.core.main.TestCaseExecutor.doExecute(TestCaseExecutor.java:439)
	at com.kms.katalon.core.main.TestCaseExecutor.processExecutionPhase(TestCaseExecutor.java:418)
	at com.kms.katalon.core.main.TestCaseExecutor.accessMainPhase(TestCaseExecutor.java:410)
	at com.kms.katalon.core.main.TestCaseExecutor.execute(TestCaseExecutor.java:285)
	at com.kms.katalon.core.main.TestCaseMain.runTestCase(TestCaseMain.java:144)
	at com.kms.katalon.core.keyword.builtin.CallTestCaseKeyword$_callTestCase_closure1.doCall(CallTestCaseKeyword.groovy:59)
	at com.kms.katalon.core.keyword.builtin.CallTestCaseKeyword$_callTestCase_closure1.call(CallTestCaseKeyword.groovy)
	at com.kms.katalon.core.keyword.internal.KeywordMain.runKeyword(KeywordMain.groovy:75)
	at com.kms.katalon.core.keyword.builtin.CallTestCaseKeyword.callTestCase(CallTestCaseKeyword.groovy:81)
	at com.kms.katalon.core.keyword.builtin.CallTestCaseKeyword.execute(CallTestCaseKeyword.groovy:44)
	at com.kms.katalon.core.keyword.internal.KeywordExecutor.executeKeywordForPlatform(KeywordExecutor.groovy:74)
	at com.kms.katalon.core.keyword.BuiltinKeywords.callTestCase(BuiltinKeywords.groovy:310)
	at TS_SMOKE_SUITE_077.run(TS_SMOKE_SUITE_077:48)
	at com.kms.katalon.core.main.ScriptEngine.run(ScriptEngine.java:194)
	at com.kms.katalon.core.main.ScriptEngine.runScriptAsRawText(ScriptEngine.java:119)
	at com.kms.katalon.core.main.TestCaseExecutor.runScript(TestCaseExecutor.java:448)
	at com.kms.katalon.core.main.TestCaseExecutor.doExecute(TestCaseExecutor.java:439)
	at com.kms.katalon.core.main.TestCaseExecutor.processExecutionPhase(TestCaseExecutor.java:418)
	at com.kms.katalon.core.main.TestCaseExecutor.accessMainPhase(TestCaseExecutor.java:410)
	at com.kms.katalon.core.main.TestCaseExecutor.execute(TestCaseExecutor.java:285)
	at com.kms.katalon.core.common.CommonExecutor.accessTestCaseMainPhase(CommonExecutor.java:65)
	at com.kms.katalon.core.main.TestSuiteExecutor.accessTestSuiteMainPhase(TestSuiteExecutor.java:148)
	at com.kms.katalon.core.main.TestSuiteExecutor.execute(TestSuiteExecutor.java:106)
	at com.kms.katalon.core.main.TestCaseMain.startTestSuite(TestCaseMain.java:187)
	at com.kms.katalon.core.main.TestCaseMain$startTestSuite$0.call(Unknown Source)
	at TempTestSuite1693284812317.run(TempTestSuite1693284812317.groovy:36)
Caused by: com.kms.katalon.core.webui.exception.WebElementNotFoundException: Web element with id: 'Object Repository/OPCPage/selectAddress_Card_create_popup' located by '//input[@id='card_3676340658']' not found
	at com.kms.katalon.core.webui.common.WebUiCommonHelper.findWebElement(WebUiCommonHelper.java:1381)
	at com.kms.katalon.core.webui.keyword.internal.WebUIAbstractKeyword.findWebElement(WebUIAbstractKeyword.groovy:27)
	at com.kms.katalon.core.webui.keyword.builtin.ClickKeyword$_click_closure1.doCall(ClickKeyword.groovy:65)
	at com.kms.katalon.core.webui.keyword.builtin.ClickKeyword$_click_closure1.call(ClickKeyword.groovy)
	at com.kms.katalon.core.webui.keyword.internal.WebUIKeywordMain.runKeyword(WebUIKeywordMain.groovy:20)
	at com.kms.katalon.core.webui.keyword.builtin.ClickKeyword.click(ClickKeyword.groovy:74)
	at com.kms.katalon.core.webui.keyword.builtin.ClickKeyword.execute(ClickKeyword.groovy:40)
	at com.kms.katalon.core.keyword.internal.KeywordExecutor.executeKeywordForPlatform(KeywordExecutor.groovy:74)
	at com.kms.katalon.core.webui.keyword.WebUiBuiltInKeywords.click(WebUiBuiltInKeywords.groovy:620)
	at com.kms.katalon.core.webui.keyword.WebUiBuiltInKeywords$click$2.call(Unknown Source)
	at Script1684101683596.run(Script1684101683596.groovy:44)
	at com.kms.katalon.core.main.ScriptEngine.run(ScriptEngine.java:194)
	at com.kms.katalon.core.main.ScriptEngine.runScriptAsRawText(ScriptEngine.java:119)
	at com.kms.katalon.core.main.TestCaseExecutor.runScript(TestCaseExecutor.java:448)
	at com.kms.katalon.core.main.TestCaseExecutor.doExecute(TestCaseExecutor.java:439)
	at com.kms.katalon.core.main.TestCaseExecutor.processExecutionPhase(TestCaseExecutor.java:418)
	at com.kms.katalon.core.main.TestCaseExecutor.accessMainPhase(TestCaseExecutor.java:410)
	at com.kms.katalon.core.main.TestCaseExecutor.execute(TestCaseExecutor.java:285)
	at com.kms.katalon.core.main.TestCaseMain.runTestCase(TestCaseMain.java:144)
	at com.kms.katalon.core.keyword.builtin.CallTestCaseKeyword$_callTestCase_closure1.doCall(CallTestCaseKeyword.groovy:59)
	at com.kms.katalon.core.keyword.builtin.CallTestCaseKeyword$_callTestCase_closure1.call(CallTestCaseKeyword.groovy)
	at com.kms.katalon.core.keyword.internal.KeywordMain.runKeyword(KeywordMain.groovy:75)
	at com.kms.katalon.core.keyword.builtin.CallTestCaseKeyword.callTestCase(CallTestCaseKeyword.groovy:81)
	at com.kms.katalon.core.keyword.builtin.CallTestCaseKeyword.execute(CallTestCaseKeyword.groovy:44)
	at com.kms.katalon.core.keyword.internal.KeywordExecutor.executeKeywordForPlatform(KeywordExecutor.groovy:74)
	at com.kms.katalon.core.keyword.BuiltinKeywords.callTestCase(BuiltinKeywords.groovy:310)
	at Script1691525490171.run(Script1691525490171.groovy:48)
	... 13 more
)

2023-08-29 10:41:24 - [MESSAGE][INFO] - Unable to find the element located by 'By.xpath: //input[@id='card_3676340658']'. Please recheck the objects properties to make sure the desired element is located. 

2023-08-29 10:41:24 - [MESSAGE][FAILED] - Unable to click on object 'Object Repository/OPCPage/selectAddress_Card_create_popup' (Root cause: com.kms.katalon.core.exception.StepFailedException: Unable to click on object 'Object Repository/OPCPage/selectAddress_Card_create_popup'
	at com.kms.katalon.core.webui.keyword.internal.WebUIKeywordMain.stepFailed(WebUIKeywordMain.groovy:64)
	at com.kms.katalon.core.webui.keyword.internal.WebUIKeywordMain.runKeyword(WebUIKeywordMain.groovy:26)
	at com.kms.katalon.core.webui.keyword.builtin.ClickKeyword.click(ClickKeyword.groovy:74)
	at com.kms.katalon.core.webui.keyword.builtin.ClickKeyword.execute(ClickKeyword.groovy:40)
	at com.kms.katalon.core.keyword.internal.KeywordExecutor.executeKeywordForPlatform(KeywordExecutor.groovy:74)
	at com.kms.katalon.core.webui.keyword.WebUiBuiltInKeywords.click(WebUiBuiltInKeywords.groovy:620)
	at com.kms.katalon.core.webui.keyword.WebUiBuiltInKeywords$click$2.call(Unknown Source)
	at create_new_CARD_OPC.run(create_new_CARD_OPC:44)
	at com.kms.katalon.core.main.ScriptEngine.run(ScriptEngine.java:194)
	at com.kms.katalon.core.main.ScriptEngine.runScriptAsRawText(ScriptEngine.java:119)
	at com.kms.katalon.core.main.TestCaseExecutor.runScript(TestCaseExecutor.java:448)
	at com.kms.katalon.core.main.TestCaseExecutor.doExecute(TestCaseExecutor.java:439)
	at com.kms.katalon.core.main.TestCaseExecutor.processExecutionPhase(TestCaseExecutor.java:418)
	at com.kms.katalon.core.main.TestCaseExecutor.accessMainPhase(TestCaseExecutor.java:410)
	at com.kms.katalon.core.main.TestCaseExecutor.execute(TestCaseExecutor.java:285)
	at com.kms.katalon.core.main.TestCaseMain.runTestCase(TestCaseMain.java:144)
	at com.kms.katalon.core.keyword.builtin.CallTestCaseKeyword$_callTestCase_closure1.doCall(CallTestCaseKeyword.groovy:59)
	at com.kms.katalon.core.keyword.builtin.CallTestCaseKeyword$_callTestCase_closure1.call(CallTestCaseKeyword.groovy)
	at com.kms.katalon.core.keyword.internal.KeywordMain.runKeyword(KeywordMain.groovy:75)
	at com.kms.katalon.core.keyword.builtin.CallTestCaseKeyword.callTestCase(CallTestCaseKeyword.groovy:81)
	at com.kms.katalon.core.keyword.builtin.CallTestCaseKeyword.execute(CallTestCaseKeyword.groovy:44)
	at com.kms.katalon.core.keyword.internal.KeywordExecutor.executeKeywordForPlatform(KeywordExecutor.groovy:74)
	at com.kms.katalon.core.keyword.BuiltinKeywords.callTestCase(BuiltinKeywords.groovy:310)
	at TS_SMOKE_SUITE_077.run(TS_SMOKE_SUITE_077:48)
	at com.kms.katalon.core.main.ScriptEngine.run(ScriptEngine.java:194)
	at com.kms.katalon.core.main.ScriptEngine.runScriptAsRawText(ScriptEngine.java:119)
	at com.kms.katalon.core.main.TestCaseExecutor.runScript(TestCaseExecutor.java:448)
	at com.kms.katalon.core.main.TestCaseExecutor.doExecute(TestCaseExecutor.java:439)
	at com.kms.katalon.core.main.TestCaseExecutor.processExecutionPhase(TestCaseExecutor.java:418)
	at com.kms.katalon.core.main.TestCaseExecutor.accessMainPhase(TestCaseExecutor.java:410)
	at com.kms.katalon.core.main.TestCaseExecutor.execute(TestCaseExecutor.java:285)
	at com.kms.katalon.core.common.CommonExecutor.accessTestCaseMainPhase(CommonExecutor.java:65)
	at com.kms.katalon.core.main.TestSuiteExecutor.accessTestSuiteMainPhase(TestSuiteExecutor.java:148)
	at com.kms.katalon.core.main.TestSuiteExecutor.execute(TestSuiteExecutor.java:106)
	at com.kms.katalon.core.main.TestCaseMain.startTestSuite(TestCaseMain.java:187)
	at com.kms.katalon.core.main.TestCaseMain$startTestSuite$0.call(Unknown Source)
	at TempTestSuite1693284812317.run(TempTestSuite1693284812317.groovy:36)
Caused by: com.kms.katalon.core.webui.exception.WebElementNotFoundException: Web element with id: 'Object Repository/OPCPage/selectAddress_Card_create_popup' located by '//input[@id='card_3676340658']' not found
	at com.kms.katalon.core.webui.common.WebUiCommonHelper.findWebElement(WebUiCommonHelper.java:1381)
	at com.kms.katalon.core.webui.keyword.internal.WebUIAbstractKeyword.findWebElement(WebUIAbstractKeyword.groovy:27)
	at com.kms.katalon.core.webui.keyword.builtin.ClickKeyword$_click_closure1.doCall(ClickKeyword.groovy:65)
	at com.kms.katalon.core.webui.keyword.builtin.ClickKeyword$_click_closure1.call(ClickKeyword.groovy)
	at com.kms.katalon.core.webui.keyword.internal.WebUIKeywordMain.runKeyword(WebUIKeywordMain.groovy:20)
	at com.kms.katalon.core.webui.keyword.builtin.ClickKeyword.click(ClickKeyword.groovy:74)
	at com.kms.katalon.core.webui.keyword.builtin.ClickKeyword.execute(ClickKeyword.groovy:40)
	at com.kms.katalon.core.keyword.internal.KeywordExecutor.executeKeywordForPlatform(KeywordExecutor.groovy:74)
	at com.kms.katalon.core.webui.keyword.WebUiBuiltInKeywords.click(WebUiBuiltInKeywords.groovy:620)
	at com.kms.katalon.core.webui.keyword.WebUiBuiltInKeywords$click$2.call(Unknown Source)
	at Script1684101683596.run(Script1684101683596.groovy:44)
	at com.kms.katalon.core.main.ScriptEngine.run(ScriptEngine.java:194)
	at com.kms.katalon.core.main.ScriptEngine.runScriptAsRawText(ScriptEngine.java:119)
	at com.kms.katalon.core.main.TestCaseExecutor.runScript(TestCaseExecutor.java:448)
	at com.kms.katalon.core.main.TestCaseExecutor.doExecute(TestCaseExecutor.java:439)
	at com.kms.katalon.core.main.TestCaseExecutor.processExecutionPhase(TestCaseExecutor.java:418)
	at com.kms.katalon.core.main.TestCaseExecutor.accessMainPhase(TestCaseExecutor.java:410)
	at com.kms.katalon.core.main.TestCaseExecutor.execute(TestCaseExecutor.java:285)
	at com.kms.katalon.core.main.TestCaseMain.runTestCase(TestCaseMain.java:144)
	at com.kms.katalon.core.keyword.builtin.CallTestCaseKeyword$_callTestCase_closure1.doCall(CallTestCaseKeyword.groovy:59)
	at com.kms.katalon.core.keyword.builtin.CallTestCaseKeyword$_callTestCase_closure1.call(CallTestCaseKeyword.groovy)
	at com.kms.katalon.core.keyword.internal.KeywordMain.runKeyword(KeywordMain.groovy:75)
	at com.kms.katalon.core.keyword.builtin.CallTestCaseKeyword.callTestCase(CallTestCaseKeyword.groovy:81)
	at com.kms.katalon.core.keyword.builtin.CallTestCaseKeyword.execute(CallTestCaseKeyword.groovy:44)
	at com.kms.katalon.core.keyword.internal.KeywordExecutor.executeKeywordForPlatform(KeywordExecutor.groovy:74)
	at com.kms.katalon.core.keyword.BuiltinKeywords.callTestCase(BuiltinKeywords.groovy:310)
	at Script1691525490171.run(Script1691525490171.groovy:48)
	... 13 more
)
[[ATTACHMENT|D:\\backup\\LiverpoolProject_SmokeSuite\\Reports\\20230829_080249\\SmokeSuite_AllModules\\20230829_102332\\1693285884505.png]]

2023-08-29 10:41:24 - [MESSAGE][FAILED] - Unable to call Test Case 'Test Cases/CommonMethods/create_new_CARD_OPC' (Root cause: com.kms.katalon.core.exception.StepFailedException: Call Test Case 'Test Cases/CommonMethods/create_new_CARD_OPC' failed
	at com.kms.katalon.core.keyword.builtin.CallTestCaseKeyword$_callTestCase_closure1.doCall(CallTestCaseKeyword.groovy:63)
	at com.kms.katalon.core.keyword.builtin.CallTestCaseKeyword$_callTestCase_closure1.call(CallTestCaseKeyword.groovy)
	at com.kms.katalon.core.keyword.internal.KeywordMain.runKeyword(KeywordMain.groovy:75)
	at com.kms.katalon.core.keyword.builtin.CallTestCaseKeyword.callTestCase(CallTestCaseKeyword.groovy:81)
	at com.kms.katalon.core.keyword.builtin.CallTestCaseKeyword.execute(CallTestCaseKeyword.groovy:44)
	at com.kms.katalon.core.keyword.internal.KeywordExecutor.executeKeywordForPlatform(KeywordExecutor.groovy:74)
	at com.kms.katalon.core.keyword.BuiltinKeywords.callTestCase(BuiltinKeywords.groovy:310)
	at TS_SMOKE_SUITE_077.run(TS_SMOKE_SUITE_077:48)
	at com.kms.katalon.core.main.ScriptEngine.run(ScriptEngine.java:194)
	at com.kms.katalon.core.main.ScriptEngine.runScriptAsRawText(ScriptEngine.java:119)
	at com.kms.katalon.core.main.TestCaseExecutor.runScript(TestCaseExecutor.java:448)
	at com.kms.katalon.core.main.TestCaseExecutor.doExecute(TestCaseExecutor.java:439)
	at com.kms.katalon.core.main.TestCaseExecutor.processExecutionPhase(TestCaseExecutor.java:418)
	at com.kms.katalon.core.main.TestCaseExecutor.accessMainPhase(TestCaseExecutor.java:410)
	at com.kms.katalon.core.main.TestCaseExecutor.execute(TestCaseExecutor.java:285)
	at com.kms.katalon.core.common.CommonExecutor.accessTestCaseMainPhase(CommonExecutor.java:65)
	at com.kms.katalon.core.main.TestSuiteExecutor.accessTestSuiteMainPhase(TestSuiteExecutor.java:148)
	at com.kms.katalon.core.main.TestSuiteExecutor.execute(TestSuiteExecutor.java:106)
	at com.kms.katalon.core.main.TestCaseMain.startTestSuite(TestCaseMain.java:187)
	at com.kms.katalon.core.main.TestCaseMain$startTestSuite$0.call(Unknown Source)
	at TempTestSuite1693284812317.run(TempTestSuite1693284812317.groovy:36)
Caused by: com.kms.katalon.core.exception.StepFailedException: Unable to click on object 'Object Repository/OPCPage/selectAddress_Card_create_popup'
	at com.kms.katalon.core.webui.keyword.internal.WebUIKeywordMain.stepFailed(WebUIKeywordMain.groovy:64)
	at com.kms.katalon.core.webui.keyword.internal.WebUIKeywordMain.runKeyword(WebUIKeywordMain.groovy:26)
	at com.kms.katalon.core.webui.keyword.builtin.ClickKeyword.click(ClickKeyword.groovy:74)
	at com.kms.katalon.core.webui.keyword.builtin.ClickKeyword.execute(ClickKeyword.groovy:40)
	at com.kms.katalon.core.keyword.internal.KeywordExecutor.executeKeywordForPlatform(KeywordExecutor.groovy:74)
	at com.kms.katalon.core.webui.keyword.WebUiBuiltInKeywords.click(WebUiBuiltInKeywords.groovy:620)
	at com.kms.katalon.core.webui.keyword.WebUiBuiltInKeywords$click$2.call(Unknown Source)
	at create_new_CARD_OPC.run(create_new_CARD_OPC:44)
	at com.kms.katalon.core.main.ScriptEngine.run(ScriptEngine.java:194)
	at com.kms.katalon.core.main.ScriptEngine.runScriptAsRawText(ScriptEngine.java:119)
	at com.kms.katalon.core.main.TestCaseExecutor.runScript(TestCaseExecutor.java:448)
	at com.kms.katalon.core.main.TestCaseExecutor.doExecute(TestCaseExecutor.java:439)
	at com.kms.katalon.core.main.TestCaseExecutor.processExecutionPhase(TestCaseExecutor.java:418)
	at com.kms.katalon.core.main.TestCaseExecutor.accessMainPhase(TestCaseExecutor.java:410)
	at com.kms.katalon.core.main.TestCaseExecutor.execute(TestCaseExecutor.java:285)
	at com.kms.katalon.core.main.TestCaseMain.runTestCase(TestCaseMain.java:144)
	at com.kms.katalon.core.keyword.builtin.CallTestCaseKeyword$_callTestCase_closure1.doCall(CallTestCaseKeyword.groovy:59)
	... 20 more
Caused by: com.kms.katalon.core.webui.exception.WebElementNotFoundException: Web element with id: 'Object Repository/OPCPage/selectAddress_Card_create_popup' located by '//input[@id='card_3676340658']' not found
	at com.kms.katalon.core.webui.common.WebUiCommonHelper.findWebElement(WebUiCommonHelper.java:1381)
	at com.kms.katalon.core.webui.keyword.internal.WebUIAbstractKeyword.findWebElement(WebUIAbstractKeyword.groovy:27)
	at com.kms.katalon.core.webui.keyword.builtin.ClickKeyword$_click_closure1.doCall(ClickKeyword.groovy:65)
	at com.kms.katalon.core.webui.keyword.builtin.ClickKeyword$_click_closure1.call(ClickKeyword.groovy)
	at com.kms.katalon.core.webui.keyword.internal.WebUIKeywordMain.runKeyword(WebUIKeywordMain.groovy:20)
	... 35 more
)]]></system-out>
         <system-err><![CDATA[2023-08-29 10:37:04 - [TEST_CASE][FAILED] - Test Cases/Checkout/TS_SMOKE_SUITE_077: Test Cases/Checkout/TS_SMOKE_SUITE_077 FAILED.
Reason:
com.kms.katalon.core.exception.StepFailedException: Call Test Case 'Test Cases/CommonMethods/create_new_CARD_OPC' failed
	at com.kms.katalon.core.keyword.builtin.CallTestCaseKeyword$_callTestCase_closure1.doCall(CallTestCaseKeyword.groovy:63)
	at com.kms.katalon.core.keyword.builtin.CallTestCaseKeyword$_callTestCase_closure1.call(CallTestCaseKeyword.groovy)
	at com.kms.katalon.core.keyword.internal.KeywordMain.runKeyword(KeywordMain.groovy:75)
	at com.kms.katalon.core.keyword.builtin.CallTestCaseKeyword.callTestCase(CallTestCaseKeyword.groovy:81)
	at com.kms.katalon.core.keyword.builtin.CallTestCaseKeyword.execute(CallTestCaseKeyword.groovy:44)
	at com.kms.katalon.core.keyword.internal.KeywordExecutor.executeKeywordForPlatform(KeywordExecutor.groovy:74)
	at com.kms.katalon.core.keyword.BuiltinKeywords.callTestCase(BuiltinKeywords.groovy:310)
	at TS_SMOKE_SUITE_077.run(TS_SMOKE_SUITE_077:48)
	at com.kms.katalon.core.main.ScriptEngine.run(ScriptEngine.java:194)
	at com.kms.katalon.core.main.ScriptEngine.runScriptAsRawText(ScriptEngine.java:119)
	at com.kms.katalon.core.main.TestCaseExecutor.runScript(TestCaseExecutor.java:448)
	at com.kms.katalon.core.main.TestCaseExecutor.doExecute(TestCaseExecutor.java:439)
	at com.kms.katalon.core.main.TestCaseExecutor.processExecutionPhase(TestCaseExecutor.java:418)
	at com.kms.katalon.core.main.TestCaseExecutor.accessMainPhase(TestCaseExecutor.java:410)
	at com.kms.katalon.core.main.TestCaseExecutor.execute(TestCaseExecutor.java:285)
	at com.kms.katalon.core.common.CommonExecutor.accessTestCaseMainPhase(CommonExecutor.java:65)
	at com.kms.katalon.core.main.TestSuiteExecutor.accessTestSuiteMainPhase(TestSuiteExecutor.java:148)
	at com.kms.katalon.core.main.TestSuiteExecutor.execute(TestSuiteExecutor.java:106)
	at com.kms.katalon.core.main.TestCaseMain.startTestSuite(TestCaseMain.java:187)
	at com.kms.katalon.core.main.TestCaseMain$startTestSuite$0.call(Unknown Source)
	at TempTestSuite1693284812317.run(TempTestSuite1693284812317.groovy:36)
Caused by: com.kms.katalon.core.exception.StepFailedException: Unable to click on object 'Object Repository/OPCPage/selectAddress_Card_create_popup'
	at com.kms.katalon.core.webui.keyword.internal.WebUIKeywordMain.stepFailed(WebUIKeywordMain.groovy:64)
	at com.kms.katalon.core.webui.keyword.internal.WebUIKeywordMain.runKeyword(WebUIKeywordMain.groovy:26)
	at com.kms.katalon.core.webui.keyword.builtin.ClickKeyword.click(ClickKeyword.groovy:74)
	at com.kms.katalon.core.webui.keyword.builtin.ClickKeyword.execute(ClickKeyword.groovy:40)
	at com.kms.katalon.core.keyword.internal.KeywordExecutor.executeKeywordForPlatform(KeywordExecutor.groovy:74)
	at com.kms.katalon.core.webui.keyword.WebUiBuiltInKeywords.click(WebUiBuiltInKeywords.groovy:620)
	at com.kms.katalon.core.webui.keyword.WebUiBuiltInKeywords$click$2.call(Unknown Source)
	at create_new_CARD_OPC.run(create_new_CARD_OPC:44)
	at com.kms.katalon.core.main.ScriptEngine.run(ScriptEngine.java:194)
	at com.kms.katalon.core.main.ScriptEngine.runScriptAsRawText(ScriptEngine.java:119)
	at com.kms.katalon.core.main.TestCaseExecutor.runScript(TestCaseExecutor.java:448)
	at com.kms.katalon.core.main.TestCaseExecutor.doExecute(TestCaseExecutor.java:439)
	at com.kms.katalon.core.main.TestCaseExecutor.processExecutionPhase(TestCaseExecutor.java:418)
	at com.kms.katalon.core.main.TestCaseExecutor.accessMainPhase(TestCaseExecutor.java:410)
	at com.kms.katalon.core.main.TestCaseExecutor.execute(TestCaseExecutor.java:285)
	at com.kms.katalon.core.main.TestCaseMain.runTestCase(TestCaseMain.java:144)
	at com.kms.katalon.core.keyword.builtin.CallTestCaseKeyword$_callTestCase_closure1.doCall(CallTestCaseKeyword.groovy:59)
	... 20 more
Caused by: com.kms.katalon.core.webui.exception.WebElementNotFoundException: Web element with id: 'Object Repository/OPCPage/selectAddress_Card_create_popup' located by '//input[@id='card_3676340658']' not found
	at com.kms.katalon.core.webui.common.WebUiCommonHelper.findWebElement(WebUiCommonHelper.java:1381)
	at com.kms.katalon.core.webui.keyword.internal.WebUIAbstractKeyword.findWebElement(WebUIAbstractKeyword.groovy:27)
	at com.kms.katalon.core.webui.keyword.builtin.ClickKeyword$_click_closure1.doCall(ClickKeyword.groovy:65)
	at com.kms.katalon.core.webui.keyword.builtin.ClickKeyword$_click_closure1.call(ClickKeyword.groovy)
	at com.kms.katalon.core.webui.keyword.internal.WebUIKeywordMain.runKeyword(WebUIKeywordMain.groovy:20)
	... 35 more]]></system-err>
      </testcase>
      <testcase name="Test Cases/Checkout/TS_SMOKE_SUITE_080" time="208.083" classname="Test Cases/Checkout/TS_SMOKE_SUITE_080" status="PASSED">
         <system-out><![CDATA[2023-08-29 10:41:24 - [TEST_CASE][PASSED] - Test Cases/Checkout/TS_SMOKE_SUITE_080: Test Cases/Checkout/TS_SMOKE_SUITE_080

2023-08-29 10:41:25 - [TEST_STEP][PASSED] - openBrowser(""): Browser is opened with url: ''

2023-08-29 10:41:25 - [MESSAGE][WARNING] - A browser is already opened. Closing browser and opening a new one

2023-08-29 10:41:26 - [MESSAGE][INFO] - Starting 'Chrome' driver

2023-08-29 10:41:26 - [MESSAGE][INFO] - Action delay is set to 0 milliseconds

2023-08-29 10:41:27 - [MESSAGE][PASSED] - Browser is opened with url: ''

2023-08-29 10:41:27 - [TEST_STEP][PASSED] - navigateToUrl(URL): Navigate to 'https://odtaqaa.liverpool.com.mx/tienda/home' successfully

2023-08-29 10:42:15 - [MESSAGE][PASSED] - Navigate to 'https://odtaqaa.liverpool.com.mx/tienda/home' successfully

2023-08-29 10:42:15 - [TEST_STEP][PASSED] - maximizeWindow(): Current window maximized

2023-08-29 10:42:15 - [MESSAGE][PASSED] - Current window maximized

2023-08-29 10:42:15 - [TEST_STEP][PASSED] - click(findTestObject("HomePage/Iniciar sesion")): Object: 'Object Repository/HomePage/Iniciar sesion' is clicked on

2023-08-29 10:42:16 - [MESSAGE][PASSED] - Object: 'Object Repository/HomePage/Iniciar sesion' is clicked on

2023-08-29 10:42:16 - [TEST_STEP][PASSED] - callTestCase(findTestCase("CommonMethods/login_odtaqab"), [:], STOP_ON_FAILURE): Call Test Case 'Test Cases/CommonMethods/login_odtaqab' successfully

2023-08-29 10:42:16 - [TEST_CASE][PASSED] - Test Cases/CommonMethods/login_odtaqab: Test Cases/CommonMethods/login_odtaqab

2023-08-29 10:42:16 - [TEST_STEP][PASSED] - click(findTestObject("HomePage/Iniciar sesion")): Object: 'Object Repository/HomePage/Iniciar sesion' is clicked on

2023-08-29 10:42:17 - [MESSAGE][PASSED] - Object: 'Object Repository/HomePage/Iniciar sesion' is clicked on

2023-08-29 10:42:17 - [TEST_STEP][PASSED] - enhancedClick(findTestObject("HomePage/EnterUsername_LP")): Object: 'Object Repository/HomePage/EnterUsername_LP' is clicked on

2023-08-29 10:42:34 - [MESSAGE][PASSED] - Object: 'Object Repository/HomePage/EnterUsername_LP' is clicked on

2023-08-29 10:42:34 - [TEST_STEP][PASSED] - setText(findTestObject("HomePage/EnterUsername_LP"), username): Text 'hcheruvu29@digisprint.com' is set on object 'Object Repository/HomePage/EnterUsername_LP'

2023-08-29 10:42:36 - [MESSAGE][PASSED] - Text 'hcheruvu29@digisprint.com' is set on object 'Object Repository/HomePage/EnterUsername_LP'

2023-08-29 10:42:36 - [TEST_STEP][PASSED] - delay(2): Delayed 2 second(s)

2023-08-29 10:42:38 - [MESSAGE][PASSED] - Delayed 2 second(s)

2023-08-29 10:42:38 - [TEST_STEP][PASSED] - enhancedClick(findTestObject("HomePage/EnterPassword_LP")): Object: 'Object Repository/HomePage/EnterPassword_LP' is clicked on

2023-08-29 10:42:38 - [MESSAGE][PASSED] - Object: 'Object Repository/HomePage/EnterPassword_LP' is clicked on

2023-08-29 10:42:38 - [TEST_STEP][PASSED] - delay(2): Delayed 2 second(s)

2023-08-29 10:42:40 - [MESSAGE][PASSED] - Delayed 2 second(s)

2023-08-29 10:42:40 - [TEST_STEP][PASSED] - setText(findTestObject("HomePage/EnterPassword_LP"), password): Text 'Test@12345' is set on object 'Object Repository/HomePage/EnterPassword_LP'

2023-08-29 10:42:41 - [MESSAGE][PASSED] - Text 'Test@12345' is set on object 'Object Repository/HomePage/EnterPassword_LP'

2023-08-29 10:42:41 - [TEST_STEP][PASSED] - click(findTestObject("HomePage/inciar")): Object: 'Object Repository/HomePage/inciar' is clicked on

2023-08-29 10:42:55 - [MESSAGE][PASSED] - Object: 'Object Repository/HomePage/inciar' is clicked on

2023-08-29 10:42:55 - [MESSAGE][PASSED] - Call Test Case 'Test Cases/CommonMethods/login_odtaqab' successfully

2023-08-29 10:42:55 - [TEST_STEP][PASSED] - callTestCase(findTestCase("CommonMethods/SearchForAProduct_search"), ["searchTerm":SLProduct], STOP_ON_FAILURE): Call Test Case 'Test Cases/CommonMethods/SearchForAProduct_search' successfully

2023-08-29 10:42:55 - [TEST_CASE][PASSED] - Test Cases/CommonMethods/SearchForAProduct_search: Test Cases/CommonMethods/SearchForAProduct_search

2023-08-29 10:42:55 - [TEST_STEP][PASSED] - click(findTestObject("HomePage/Buscar1"), STOP_ON_FAILURE): Object: 'Object Repository/HomePage/Buscar1' is clicked on

2023-08-29 10:43:37 - [MESSAGE][PASSED] - Object: 'Object Repository/HomePage/Buscar1' is clicked on

2023-08-29 10:43:37 - [TEST_STEP][PASSED] - delay(3): Delayed 3 second(s)

2023-08-29 10:43:40 - [MESSAGE][PASSED] - Delayed 3 second(s)

2023-08-29 10:43:40 - [TEST_STEP][PASSED] - setText(findTestObject("HomePage/Buscar1"), searchTerm): Text 'can
' is set on object 'Object Repository/HomePage/Buscar1'

2023-08-29 10:43:41 - [MESSAGE][PASSED] - Text 'can
' is set on object 'Object Repository/HomePage/Buscar1'

2023-08-29 10:43:41 - [TEST_STEP][PASSED] - delay(3): Delayed 3 second(s)

2023-08-29 10:43:44 - [MESSAGE][PASSED] - Delayed 3 second(s)

2023-08-29 10:43:44 - [TEST_STEP][PASSED] - sendKeys(findTestObject("HomePage/Seach_TextBox_hp"), Keys.chord(ENTER)): Keys 'ENTER + ' sent to object: 'Object Repository/HomePage/Seach_TextBox_hp'

2023-08-29 10:44:00 - [MESSAGE][PASSED] - Keys 'ENTER + ' sent to object: 'Object Repository/HomePage/Seach_TextBox_hp'

2023-08-29 10:44:00 - [MESSAGE][PASSED] - Call Test Case 'Test Cases/CommonMethods/SearchForAProduct_search' successfully

2023-08-29 10:44:00 - [TEST_STEP][PASSED] - waitForPageLoad(0): Wait for page load successfully

2023-08-29 10:44:00 - [MESSAGE][WARNING] - Timeout '0' is invalid. Using default page load timeout: '30'

2023-08-29 10:44:00 - [MESSAGE][PASSED] - Wait for page load successfully

2023-08-29 10:44:00 - [TEST_STEP][PASSED] - click(findTestObject("PLPPage/product2_cardPrice_PLP")): Object: 'Object Repository/PLPPage/product2_cardPrice_PLP' is clicked on

2023-08-29 10:44:00 - [MESSAGE][PASSED] - Object: 'Object Repository/PLPPage/product2_cardPrice_PLP' is clicked on

2023-08-29 10:44:00 - [TEST_STEP][PASSED] - click(findTestObject("PDPPage/AddToCart_PDP")): Object: 'Object Repository/PDPPage/AddToCart_PDP' is clicked on

2023-08-29 10:44:17 - [MESSAGE][PASSED] - Object: 'Object Repository/PDPPage/AddToCart_PDP' is clicked on

2023-08-29 10:44:17 - [TEST_STEP][PASSED] - click(findTestObject("HomePage/bag_header_HP")): Object: 'Object Repository/HomePage/bag_header_HP' is clicked on

2023-08-29 10:44:21 - [MESSAGE][PASSED] - Object: 'Object Repository/HomePage/bag_header_HP' is clicked on

2023-08-29 10:44:21 - [TEST_STEP][PASSED] - click(findTestObject("CartPage/BuyButton_Cart")): Object: 'Object Repository/CartPage/BuyButton_Cart' is clicked on

2023-08-29 10:44:26 - [MESSAGE][PASSED] - Object: 'Object Repository/CartPage/BuyButton_Cart' is clicked on

2023-08-29 10:44:26 - [TEST_STEP][PASSED] - click(findTestObject("OPCPage/paymentMethod_change_OPC"), OPTIONAL): Object: 'Object Repository/OPCPage/paymentMethod_change_OPC' is clicked on

2023-08-29 10:44:36 - [MESSAGE][PASSED] - Object: 'Object Repository/OPCPage/paymentMethod_change_OPC' is clicked on

2023-08-29 10:44:36 - [TEST_STEP][PASSED] - click(findTestObject("OPCPage/paymentMethod_button1_OPC"), OPTIONAL): Object: 'Object Repository/OPCPage/paymentMethod_button1_OPC' is clicked on

2023-08-29 10:44:38 - [MESSAGE][PASSED] - Object: 'Object Repository/OPCPage/paymentMethod_button1_OPC' is clicked on

2023-08-29 10:44:38 - [TEST_STEP][PASSED] - setText(findTestObject("OPCPage/enterCardCVV_OPC"), "413", OPTIONAL): Text '413' is set on object 'Object Repository/OPCPage/enterCardCVV_OPC'

2023-08-29 10:44:39 - [MESSAGE][PASSED] - Text '413' is set on object 'Object Repository/OPCPage/enterCardCVV_OPC'

2023-08-29 10:44:39 - [TEST_STEP][PASSED] - setText(findTestObject("OPCPage/enterCardExpire_OPC"), "1225", OPTIONAL): Text '1225' is set on object 'Object Repository/OPCPage/enterCardExpire_OPC'

2023-08-29 10:44:40 - [MESSAGE][PASSED] - Text '1225' is set on object 'Object Repository/OPCPage/enterCardExpire_OPC'

2023-08-29 10:44:40 - [TEST_STEP][PASSED] - click(findTestObject("OPCPage/cardContinue_checkout_popUP"), OPTIONAL): Object: 'Object Repository/OPCPage/cardContinue_checkout_popUP' is clicked on

2023-08-29 10:44:41 - [MESSAGE][PASSED] - Object: 'Object Repository/OPCPage/cardContinue_checkout_popUP' is clicked on

2023-08-29 10:44:41 - [TEST_STEP][PASSED] - j = getText(findTestObject("OPCPage/Page_/TotalPrice_opc")): Text of object 'Object Repository/OPCPage/Page_/TotalPrice_opc' is: '$346.50'

2023-08-29 10:44:44 - [MESSAGE][PASSED] - Text of object 'Object Repository/OPCPage/Page_/TotalPrice_opc' is: '$346.50'

2023-08-29 10:44:44 - [TEST_STEP][PASSED] - j1 = replace("$", "").replace(",", ""): null

2023-08-29 10:44:44 - [TEST_STEP][PASSED] - a = getText(findTestObject("OPCPage/coupon_pricevalue_OPC")): Text of object 'Object Repository/OPCPage/coupon_pricevalue_OPC' is: '$0.00'

2023-08-29 10:44:44 - [MESSAGE][PASSED] - Text of object 'Object Repository/OPCPage/coupon_pricevalue_OPC' is: '$0.00'

2023-08-29 10:44:44 - [TEST_STEP][PASSED] - a1 = replace("$", "").replace(",", ""): null

2023-08-29 10:44:44 - [TEST_STEP][PASSED] - click(findTestObject("OPCPage/coupon_button_OPC")): Object: 'Object Repository/OPCPage/coupon_button_OPC' is clicked on

2023-08-29 10:44:45 - [MESSAGE][PASSED] - Object: 'Object Repository/OPCPage/coupon_button_OPC' is clicked on

2023-08-29 10:44:45 - [TEST_STEP][PASSED] - click(findTestObject("OPCPage/couon1_utilize_OPC")): Object: 'Object Repository/OPCPage/couon1_utilize_OPC' is clicked on

2023-08-29 10:44:45 - [MESSAGE][PASSED] - Object: 'Object Repository/OPCPage/couon1_utilize_OPC' is clicked on

2023-08-29 10:44:45 - [TEST_STEP][PASSED] - b = getText(findTestObject("OPCPage/coupon_pricevalue_OPC")): Text of object 'Object Repository/OPCPage/coupon_pricevalue_OPC' is: '$17.32'

2023-08-29 10:44:52 - [MESSAGE][PASSED] - Text of object 'Object Repository/OPCPage/coupon_pricevalue_OPC' is: '$17.32'

2023-08-29 10:44:52 - [TEST_STEP][PASSED] - b1 = replace("$", "").replace(",", ""): null

2023-08-29 10:44:52 - [TEST_STEP][PASSED] - out.println(a1): null

2023-08-29 10:44:52 - [TEST_STEP][PASSED] - out.println(b1): null

2023-08-29 10:44:52 - [TEST_STEP][PASSED] - if (a1 != b1): null

2023-08-29 10:44:52 - [TEST_STEP][PASSED] - out.println("coupon applied"): null

2023-08-29 10:44:52 - [TEST_STEP][PASSED] - k = getText(findTestObject("OPCPage/Page_/TotalPrice_opc")): Text of object 'Object Repository/OPCPage/Page_/TotalPrice_opc' is: '$329.18'

2023-08-29 10:44:52 - [MESSAGE][PASSED] - Text of object 'Object Repository/OPCPage/Page_/TotalPrice_opc' is: '$329.18'

2023-08-29 10:44:52 - [TEST_STEP][PASSED] - k1 = replace("$", "").replace(",", ""): null

2023-08-29 10:44:52 - [TEST_STEP][PASSED] - out.println(j1): null

2023-08-29 10:44:52 - [TEST_STEP][PASSED] - out.println(k1): null

2023-08-29 10:44:52 - [TEST_STEP][PASSED] - if (j1 >= k1): null

2023-08-29 10:44:52 - [TEST_STEP][PASSED] - out.println("coupon applied"): null

2023-08-29 10:44:52 - [TEST_STEP][PASSED] - click(findTestObject("OPCPage/Final_comparar_OPC")): Object: 'Object Repository/OPCPage/Final_comparar_OPC' is clicked on

2023-08-29 10:44:52 - [MESSAGE][PASSED] - Object: 'Object Repository/OPCPage/Final_comparar_OPC' is clicked on]]></system-out>
         <system-err><![CDATA[]]></system-err>
      </testcase>
      <testcase name="Test Cases/Checkout/TS_SMOKE_SUITE_082" time="245.217" classname="Test Cases/Checkout/TS_SMOKE_SUITE_082" status="FAILED">
         <failure type="FAILED" message="Test Cases/Checkout/TS_SMOKE_SUITE_082 FAILED.
Reason:
com.kms.katalon.core.exception.StepFailedException: Unable to click on object 'Object Repository/OPCPage/cardContinue_checkout_popUP'
	at com.kms.katalon.core.webui.keyword.internal.WebUIKeywordMain.stepFailed(WebUIKeywordMain.groovy:64)
	at com.kms.katalon.core.webui.keyword.internal.WebUIKeywordMain.runKeyword(WebUIKeywordMain.groovy:26)
	at com.kms.katalon.core.webui.keyword.builtin.ClickKeyword.click(ClickKeyword.groovy:74)
	at com.kms.katalon.core.webui.keyword.builtin.ClickKeyword.execute(ClickKeyword.groovy:40)
	at com.kms.katalon.core.keyword.internal.KeywordExecutor.executeKeywordForPlatform(KeywordExecutor.groovy:74)
	at com.kms.katalon.core.webui.keyword.WebUiBuiltInKeywords.click(WebUiBuiltInKeywords.groovy:620)
	at com.kms.katalon.core.webui.keyword.WebUiBuiltInKeywords$click$2.call(Unknown Source)
	at TS_SMOKE_SUITE_082.run(TS_SMOKE_SUITE_082:83)
	at com.kms.katalon.core.main.ScriptEngine.run(ScriptEngine.java:194)
	at com.kms.katalon.core.main.ScriptEngine.runScriptAsRawText(ScriptEngine.java:119)
	at com.kms.katalon.core.main.TestCaseExecutor.runScript(TestCaseExecutor.java:448)
	at com.kms.katalon.core.main.TestCaseExecutor.doExecute(TestCaseExecutor.java:439)
	at com.kms.katalon.core.main.TestCaseExecutor.processExecutionPhase(TestCaseExecutor.java:418)
	at com.kms.katalon.core.main.TestCaseExecutor.accessMainPhase(TestCaseExecutor.java:410)
	at com.kms.katalon.core.main.TestCaseExecutor.execute(TestCaseExecutor.java:285)
	at com.kms.katalon.core.common.CommonExecutor.accessTestCaseMainPhase(CommonExecutor.java:65)
	at com.kms.katalon.core.main.TestSuiteExecutor.accessTestSuiteMainPhase(TestSuiteExecutor.java:148)
	at com.kms.katalon.core.main.TestSuiteExecutor.execute(TestSuiteExecutor.java:106)
	at com.kms.katalon.core.main.TestCaseMain.startTestSuite(TestCaseMain.java:187)
	at com.kms.katalon.core.main.TestCaseMain$startTestSuite$0.call(Unknown Source)
	at TempTestSuite1693284812317.run(TempTestSuite1693284812317.groovy:36)
Caused by: com.kms.katalon.core.webui.exception.WebElementNotFoundException: Web element with id: 'Object Repository/OPCPage/cardContinue_checkout_popUP' located by '//div[@class='opc_continuarModalloggedInCC isAndroid']//button' not found
	at com.kms.katalon.core.webui.common.WebUiCommonHelper.findWebElement(WebUiCommonHelper.java:1381)
	at com.kms.katalon.core.webui.keyword.internal.WebUIAbstractKeyword.findWebElement(WebUIAbstractKeyword.groovy:27)
	at com.kms.katalon.core.webui.keyword.builtin.ClickKeyword$_click_closure1.doCall(ClickKeyword.groovy:65)
	at com.kms.katalon.core.webui.keyword.builtin.ClickKeyword$_click_closure1.call(ClickKeyword.groovy)
	at com.kms.katalon.core.webui.keyword.internal.WebUIKeywordMain.runKeyword(WebUIKeywordMain.groovy:20)
	... 19 more
"/>
         <system-out><![CDATA[2023-08-29 10:44:52 - [TEST_CASE][FAILED] - Test Cases/Checkout/TS_SMOKE_SUITE_082: Test Cases/Checkout/TS_SMOKE_SUITE_082 FAILED.
Reason:
com.kms.katalon.core.exception.StepFailedException: Unable to click on object 'Object Repository/OPCPage/cardContinue_checkout_popUP'
	at com.kms.katalon.core.webui.keyword.internal.WebUIKeywordMain.stepFailed(WebUIKeywordMain.groovy:64)
	at com.kms.katalon.core.webui.keyword.internal.WebUIKeywordMain.runKeyword(WebUIKeywordMain.groovy:26)
	at com.kms.katalon.core.webui.keyword.builtin.ClickKeyword.click(ClickKeyword.groovy:74)
	at com.kms.katalon.core.webui.keyword.builtin.ClickKeyword.execute(ClickKeyword.groovy:40)
	at com.kms.katalon.core.keyword.internal.KeywordExecutor.executeKeywordForPlatform(KeywordExecutor.groovy:74)
	at com.kms.katalon.core.webui.keyword.WebUiBuiltInKeywords.click(WebUiBuiltInKeywords.groovy:620)
	at com.kms.katalon.core.webui.keyword.WebUiBuiltInKeywords$click$2.call(Unknown Source)
	at TS_SMOKE_SUITE_082.run(TS_SMOKE_SUITE_082:83)
	at com.kms.katalon.core.main.ScriptEngine.run(ScriptEngine.java:194)
	at com.kms.katalon.core.main.ScriptEngine.runScriptAsRawText(ScriptEngine.java:119)
	at com.kms.katalon.core.main.TestCaseExecutor.runScript(TestCaseExecutor.java:448)
	at com.kms.katalon.core.main.TestCaseExecutor.doExecute(TestCaseExecutor.java:439)
	at com.kms.katalon.core.main.TestCaseExecutor.processExecutionPhase(TestCaseExecutor.java:418)
	at com.kms.katalon.core.main.TestCaseExecutor.accessMainPhase(TestCaseExecutor.java:410)
	at com.kms.katalon.core.main.TestCaseExecutor.execute(TestCaseExecutor.java:285)
	at com.kms.katalon.core.common.CommonExecutor.accessTestCaseMainPhase(CommonExecutor.java:65)
	at com.kms.katalon.core.main.TestSuiteExecutor.accessTestSuiteMainPhase(TestSuiteExecutor.java:148)
	at com.kms.katalon.core.main.TestSuiteExecutor.execute(TestSuiteExecutor.java:106)
	at com.kms.katalon.core.main.TestCaseMain.startTestSuite(TestCaseMain.java:187)
	at com.kms.katalon.core.main.TestCaseMain$startTestSuite$0.call(Unknown Source)
	at TempTestSuite1693284812317.run(TempTestSuite1693284812317.groovy:36)
Caused by: com.kms.katalon.core.webui.exception.WebElementNotFoundException: Web element with id: 'Object Repository/OPCPage/cardContinue_checkout_popUP' located by '//div[@class='opc_continuarModalloggedInCC isAndroid']//button' not found
	at com.kms.katalon.core.webui.common.WebUiCommonHelper.findWebElement(WebUiCommonHelper.java:1381)
	at com.kms.katalon.core.webui.keyword.internal.WebUIAbstractKeyword.findWebElement(WebUIAbstractKeyword.groovy:27)
	at com.kms.katalon.core.webui.keyword.builtin.ClickKeyword$_click_closure1.doCall(ClickKeyword.groovy:65)
	at com.kms.katalon.core.webui.keyword.builtin.ClickKeyword$_click_closure1.call(ClickKeyword.groovy)
	at com.kms.katalon.core.webui.keyword.internal.WebUIKeywordMain.runKeyword(WebUIKeywordMain.groovy:20)
	... 19 more


2023-08-29 10:44:53 - [TEST_STEP][PASSED] - openBrowser(""): Browser is opened with url: ''

2023-08-29 10:44:53 - [MESSAGE][WARNING] - A browser is already opened. Closing browser and opening a new one

2023-08-29 10:44:54 - [MESSAGE][INFO] - Starting 'Chrome' driver

2023-08-29 10:44:54 - [MESSAGE][INFO] - Action delay is set to 0 milliseconds

2023-08-29 10:44:56 - [MESSAGE][PASSED] - Browser is opened with url: ''

2023-08-29 10:44:56 - [TEST_STEP][PASSED] - navigateToUrl(URL): Navigate to 'https://odtaqaa.liverpool.com.mx/tienda/home' successfully

2023-08-29 10:45:52 - [MESSAGE][PASSED] - Navigate to 'https://odtaqaa.liverpool.com.mx/tienda/home' successfully

2023-08-29 10:45:52 - [TEST_STEP][PASSED] - maximizeWindow(): Current window maximized

2023-08-29 10:45:52 - [MESSAGE][PASSED] - Current window maximized

2023-08-29 10:45:52 - [TEST_STEP][PASSED] - click(findTestObject("HomePage/Iniciar sesion")): Object: 'Object Repository/HomePage/Iniciar sesion' is clicked on

2023-08-29 10:45:53 - [MESSAGE][PASSED] - Object: 'Object Repository/HomePage/Iniciar sesion' is clicked on

2023-08-29 10:45:53 - [TEST_STEP][PASSED] - callTestCase(findTestCase("CommonMethods/loginFromHomePage"), ["username":Username, "password":Password], STOP_ON_FAILURE): Call Test Case 'Test Cases/CommonMethods/loginFromHomePage' successfully

2023-08-29 10:45:53 - [TEST_CASE][PASSED] - Test Cases/CommonMethods/loginFromHomePage: Test Cases/CommonMethods/loginFromHomePage

2023-08-29 10:45:53 - [TEST_STEP][PASSED] - delay(3): Delayed 3 second(s)

2023-08-29 10:45:56 - [MESSAGE][PASSED] - Delayed 3 second(s)

2023-08-29 10:45:56 - [TEST_STEP][PASSED] - click(findTestObject("HomePage/EnterUsername_LP")): Object: 'Object Repository/HomePage/EnterUsername_LP' is clicked on

2023-08-29 10:46:05 - [MESSAGE][PASSED] - Object: 'Object Repository/HomePage/EnterUsername_LP' is clicked on

2023-08-29 10:46:05 - [TEST_STEP][PASSED] - setText(findTestObject("HomePage/EnterUsername_LP"), username): Text 'hcheruvu29@digisprint.com' is set on object 'Object Repository/HomePage/EnterUsername_LP'

2023-08-29 10:46:06 - [MESSAGE][PASSED] - Text 'hcheruvu29@digisprint.com' is set on object 'Object Repository/HomePage/EnterUsername_LP'

2023-08-29 10:46:06 - [TEST_STEP][PASSED] - click(findTestObject("HomePage/EnterPassword_LP")): Object: 'Object Repository/HomePage/EnterPassword_LP' is clicked on

2023-08-29 10:46:06 - [MESSAGE][PASSED] - Object: 'Object Repository/HomePage/EnterPassword_LP' is clicked on

2023-08-29 10:46:06 - [TEST_STEP][PASSED] - setText(findTestObject("HomePage/EnterPassword_LP"), password): Text 'Test@12345' is set on object 'Object Repository/HomePage/EnterPassword_LP'

2023-08-29 10:46:07 - [MESSAGE][PASSED] - Text 'Test@12345' is set on object 'Object Repository/HomePage/EnterPassword_LP'

2023-08-29 10:46:07 - [TEST_STEP][PASSED] - click(findTestObject("HomePage/inciar")): Object: 'Object Repository/HomePage/inciar' is clicked on

2023-08-29 10:46:46 - [MESSAGE][PASSED] - Object: 'Object Repository/HomePage/inciar' is clicked on

2023-08-29 10:46:46 - [MESSAGE][PASSED] - Call Test Case 'Test Cases/CommonMethods/loginFromHomePage' successfully

2023-08-29 10:46:46 - [TEST_STEP][PASSED] - callTestCase(findTestCase("CommonMethods/EmptyCart_RunAt_HP"), [:], OPTIONAL): Unable to call Test Case 'Test Cases/CommonMethods/EmptyCart_RunAt_HP' (Root cause: com.kms.katalon.core.exception.StepErrorException: Call Test Case 'Test Cases/CommonMethods/EmptyCart_RunAt_HP' failed because of error(s)
	at com.kms.katalon.core.keyword.builtin.CallTestCaseKeyword$_callTestCase_closure1.doCall(CallTestCaseKeyword.groovy:66)
	at com.kms.katalon.core.keyword.builtin.CallTestCaseKeyword$_callTestCase_closure1.call(CallTestCaseKeyword.groovy)
	at com.kms.katalon.core.keyword.internal.KeywordMain.runKeyword(KeywordMain.groovy:75)
	at com.kms.katalon.core.keyword.builtin.CallTestCaseKeyword.callTestCase(CallTestCaseKeyword.groovy:81)
	at com.kms.katalon.core.keyword.builtin.CallTestCaseKeyword.execute(CallTestCaseKeyword.groovy:44)
	at com.kms.katalon.core.keyword.internal.KeywordExecutor.executeKeywordForPlatform(KeywordExecutor.groovy:74)
	at com.kms.katalon.core.keyword.BuiltinKeywords.callTestCase(BuiltinKeywords.groovy:310)
	at TS_SMOKE_SUITE_082.run(TS_SMOKE_SUITE_082:31)
	at com.kms.katalon.core.main.ScriptEngine.run(ScriptEngine.java:194)
	at com.kms.katalon.core.main.ScriptEngine.runScriptAsRawText(ScriptEngine.java:119)
	at com.kms.katalon.core.main.TestCaseExecutor.runScript(TestCaseExecutor.java:448)
	at com.kms.katalon.core.main.TestCaseExecutor.doExecute(TestCaseExecutor.java:439)
	at com.kms.katalon.core.main.TestCaseExecutor.processExecutionPhase(TestCaseExecutor.java:418)
	at com.kms.katalon.core.main.TestCaseExecutor.accessMainPhase(TestCaseExecutor.java:410)
	at com.kms.katalon.core.main.TestCaseExecutor.execute(TestCaseExecutor.java:285)
	at com.kms.katalon.core.common.CommonExecutor.accessTestCaseMainPhase(CommonExecutor.java:65)
	at com.kms.katalon.core.main.TestSuiteExecutor.accessTestSuiteMainPhase(TestSuiteExecutor.java:148)
	at com.kms.katalon.core.main.TestSuiteExecutor.execute(TestSuiteExecutor.java:106)
	at com.kms.katalon.core.main.TestCaseMain.startTestSuite(TestCaseMain.java:187)
	at com.kms.katalon.core.main.TestCaseMain$startTestSuite$0.call(Unknown Source)
	at TempTestSuite1693284812317.run(TempTestSuite1693284812317.groovy:36)
Caused by: java.lang.NullPointerException
	at com.kms.katalon.core.webui.common.WebUiCommonHelper.findElementsBySelectedMethod(WebUiCommonHelper.java:896)
	at com.kms.katalon.core.webui.common.WebUiCommonHelper.findElementsByDefault(WebUiCommonHelper.java:892)
	at com.kms.katalon.core.webui.common.WebUiCommonHelper.findWebElements(WebUiCommonHelper.java:720)
	at com.kms.katalon.core.webui.keyword.internal.WebUIAbstractKeyword.findWebElements(WebUIAbstractKeyword.groovy:32)
	at com.kms.katalon.core.webui.keyword.WebUiBuiltInKeywords.findWebElements(WebUiBuiltInKeywords.groovy:2860)
	at com.kms.katalon.core.webui.keyword.WebUiBuiltInKeywords$findWebElements$16.call(Unknown Source)
	at EmptyCart_RunAt_HP.run(EmptyCart_RunAt_HP:39)
	at com.kms.katalon.core.main.ScriptEngine.run(ScriptEngine.java:194)
	at com.kms.katalon.core.main.ScriptEngine.runScriptAsRawText(ScriptEngine.java:119)
	at com.kms.katalon.core.main.TestCaseExecutor.runScript(TestCaseExecutor.java:448)
	at com.kms.katalon.core.main.TestCaseExecutor.doExecute(TestCaseExecutor.java:439)
	at com.kms.katalon.core.main.TestCaseExecutor.processExecutionPhase(TestCaseExecutor.java:418)
	at com.kms.katalon.core.main.TestCaseExecutor.accessMainPhase(TestCaseExecutor.java:410)
	at com.kms.katalon.core.main.TestCaseExecutor.execute(TestCaseExecutor.java:285)
	at com.kms.katalon.core.main.TestCaseMain.runTestCase(TestCaseMain.java:144)
	at com.kms.katalon.core.keyword.builtin.CallTestCaseKeyword$_callTestCase_closure1.doCall(CallTestCaseKeyword.groovy:59)
	... 20 more
)

2023-08-29 10:46:46 - [TEST_CASE][ERROR] - Test Cases/CommonMethods/EmptyCart_RunAt_HP: Test Cases/CommonMethods/EmptyCart_RunAt_HP FAILED.
Reason:
java.lang.NullPointerException
	at com.kms.katalon.core.webui.common.WebUiCommonHelper.findElementsBySelectedMethod(WebUiCommonHelper.java:896)
	at com.kms.katalon.core.webui.common.WebUiCommonHelper.findElementsByDefault(WebUiCommonHelper.java:892)
	at com.kms.katalon.core.webui.common.WebUiCommonHelper.findWebElements(WebUiCommonHelper.java:720)
	at com.kms.katalon.core.webui.keyword.internal.WebUIAbstractKeyword.findWebElements(WebUIAbstractKeyword.groovy:32)
	at com.kms.katalon.core.webui.keyword.WebUiBuiltInKeywords.findWebElements(WebUiBuiltInKeywords.groovy:2860)
	at com.kms.katalon.core.webui.keyword.WebUiBuiltInKeywords$findWebElements$16.call(Unknown Source)
	at EmptyCart_RunAt_HP.run(EmptyCart_RunAt_HP:39)
	at com.kms.katalon.core.main.ScriptEngine.run(ScriptEngine.java:194)
	at com.kms.katalon.core.main.ScriptEngine.runScriptAsRawText(ScriptEngine.java:119)
	at com.kms.katalon.core.main.TestCaseExecutor.runScript(TestCaseExecutor.java:448)
	at com.kms.katalon.core.main.TestCaseExecutor.doExecute(TestCaseExecutor.java:439)
	at com.kms.katalon.core.main.TestCaseExecutor.processExecutionPhase(TestCaseExecutor.java:418)
	at com.kms.katalon.core.main.TestCaseExecutor.accessMainPhase(TestCaseExecutor.java:410)
	at com.kms.katalon.core.main.TestCaseExecutor.execute(TestCaseExecutor.java:285)
	at com.kms.katalon.core.main.TestCaseMain.runTestCase(TestCaseMain.java:144)
	at com.kms.katalon.core.keyword.builtin.CallTestCaseKeyword$_callTestCase_closure1.doCall(CallTestCaseKeyword.groovy:59)
	at com.kms.katalon.core.keyword.builtin.CallTestCaseKeyword$_callTestCase_closure1.call(CallTestCaseKeyword.groovy)
	at com.kms.katalon.core.keyword.internal.KeywordMain.runKeyword(KeywordMain.groovy:75)
	at com.kms.katalon.core.keyword.builtin.CallTestCaseKeyword.callTestCase(CallTestCaseKeyword.groovy:81)
	at com.kms.katalon.core.keyword.builtin.CallTestCaseKeyword.execute(CallTestCaseKeyword.groovy:44)
	at com.kms.katalon.core.keyword.internal.KeywordExecutor.executeKeywordForPlatform(KeywordExecutor.groovy:74)
	at com.kms.katalon.core.keyword.BuiltinKeywords.callTestCase(BuiltinKeywords.groovy:310)
	at TS_SMOKE_SUITE_082.run(TS_SMOKE_SUITE_082:31)
	at com.kms.katalon.core.main.ScriptEngine.run(ScriptEngine.java:194)
	at com.kms.katalon.core.main.ScriptEngine.runScriptAsRawText(ScriptEngine.java:119)
	at com.kms.katalon.core.main.TestCaseExecutor.runScript(TestCaseExecutor.java:448)
	at com.kms.katalon.core.main.TestCaseExecutor.doExecute(TestCaseExecutor.java:439)
	at com.kms.katalon.core.main.TestCaseExecutor.processExecutionPhase(TestCaseExecutor.java:418)
	at com.kms.katalon.core.main.TestCaseExecutor.accessMainPhase(TestCaseExecutor.java:410)
	at com.kms.katalon.core.main.TestCaseExecutor.execute(TestCaseExecutor.java:285)
	at com.kms.katalon.core.common.CommonExecutor.accessTestCaseMainPhase(CommonExecutor.java:65)
	at com.kms.katalon.core.main.TestSuiteExecutor.accessTestSuiteMainPhase(TestSuiteExecutor.java:148)
	at com.kms.katalon.core.main.TestSuiteExecutor.execute(TestSuiteExecutor.java:106)
	at com.kms.katalon.core.main.TestCaseMain.startTestSuite(TestCaseMain.java:187)
	at com.kms.katalon.core.main.TestCaseMain$startTestSuite$0.call(Unknown Source)
	at TempTestSuite1693284812317.run(TempTestSuite1693284812317.groovy:36)


2023-08-29 10:46:46 - [TEST_STEP][PASSED] - delay(2, OPTIONAL): Delayed 2 second(s)

2023-08-29 10:46:48 - [MESSAGE][PASSED] - Delayed 2 second(s)

2023-08-29 10:46:48 - [TEST_STEP][PASSED] - click(findTestObject("HomePage/bag_header_HP"), OPTIONAL): Object: 'Object Repository/HomePage/bag_header_HP' is clicked on

2023-08-29 10:46:50 - [MESSAGE][PASSED] - Object: 'Object Repository/HomePage/bag_header_HP' is clicked on

2023-08-29 10:46:50 - [TEST_STEP][ERROR] - listElement = findWebElements(findTestObject("CartPage/Product1_remove_cart"), 2): Test Cases/CommonMethods/EmptyCart_RunAt_HP FAILED.
Reason:
java.lang.NullPointerException
	at com.kms.katalon.core.webui.common.WebUiCommonHelper.findElementsBySelectedMethod(WebUiCommonHelper.java:896)
	at com.kms.katalon.core.webui.common.WebUiCommonHelper.findElementsByDefault(WebUiCommonHelper.java:892)
	at com.kms.katalon.core.webui.common.WebUiCommonHelper.findWebElements(WebUiCommonHelper.java:720)
	at com.kms.katalon.core.webui.keyword.internal.WebUIAbstractKeyword.findWebElements(WebUIAbstractKeyword.groovy:32)
	at com.kms.katalon.core.webui.keyword.WebUiBuiltInKeywords.findWebElements(WebUiBuiltInKeywords.groovy:2860)
	at com.kms.katalon.core.webui.keyword.WebUiBuiltInKeywords$findWebElements$16.call(Unknown Source)
	at EmptyCart_RunAt_HP.run(EmptyCart_RunAt_HP:39)
	at com.kms.katalon.core.main.ScriptEngine.run(ScriptEngine.java:194)
	at com.kms.katalon.core.main.ScriptEngine.runScriptAsRawText(ScriptEngine.java:119)
	at com.kms.katalon.core.main.TestCaseExecutor.runScript(TestCaseExecutor.java:448)
	at com.kms.katalon.core.main.TestCaseExecutor.doExecute(TestCaseExecutor.java:439)
	at com.kms.katalon.core.main.TestCaseExecutor.processExecutionPhase(TestCaseExecutor.java:418)
	at com.kms.katalon.core.main.TestCaseExecutor.accessMainPhase(TestCaseExecutor.java:410)
	at com.kms.katalon.core.main.TestCaseExecutor.execute(TestCaseExecutor.java:285)
	at com.kms.katalon.core.main.TestCaseMain.runTestCase(TestCaseMain.java:144)
	at com.kms.katalon.core.keyword.builtin.CallTestCaseKeyword$_callTestCase_closure1.doCall(CallTestCaseKeyword.groovy:59)
	at com.kms.katalon.core.keyword.builtin.CallTestCaseKeyword$_callTestCase_closure1.call(CallTestCaseKeyword.groovy)
	at com.kms.katalon.core.keyword.internal.KeywordMain.runKeyword(KeywordMain.groovy:75)
	at com.kms.katalon.core.keyword.builtin.CallTestCaseKeyword.callTestCase(CallTestCaseKeyword.groovy:81)
	at com.kms.katalon.core.keyword.builtin.CallTestCaseKeyword.execute(CallTestCaseKeyword.groovy:44)
	at com.kms.katalon.core.keyword.internal.KeywordExecutor.executeKeywordForPlatform(KeywordExecutor.groovy:74)
	at com.kms.katalon.core.keyword.BuiltinKeywords.callTestCase(BuiltinKeywords.groovy:310)
	at TS_SMOKE_SUITE_082.run(TS_SMOKE_SUITE_082:31)
	at com.kms.katalon.core.main.ScriptEngine.run(ScriptEngine.java:194)
	at com.kms.katalon.core.main.ScriptEngine.runScriptAsRawText(ScriptEngine.java:119)
	at com.kms.katalon.core.main.TestCaseExecutor.runScript(TestCaseExecutor.java:448)
	at com.kms.katalon.core.main.TestCaseExecutor.doExecute(TestCaseExecutor.java:439)
	at com.kms.katalon.core.main.TestCaseExecutor.processExecutionPhase(TestCaseExecutor.java:418)
	at com.kms.katalon.core.main.TestCaseExecutor.accessMainPhase(TestCaseExecutor.java:410)
	at com.kms.katalon.core.main.TestCaseExecutor.execute(TestCaseExecutor.java:285)
	at com.kms.katalon.core.common.CommonExecutor.accessTestCaseMainPhase(CommonExecutor.java:65)
	at com.kms.katalon.core.main.TestSuiteExecutor.accessTestSuiteMainPhase(TestSuiteExecutor.java:148)
	at com.kms.katalon.core.main.TestSuiteExecutor.execute(TestSuiteExecutor.java:106)
	at com.kms.katalon.core.main.TestCaseMain.startTestSuite(TestCaseMain.java:187)
	at com.kms.katalon.core.main.TestCaseMain$startTestSuite$0.call(Unknown Source)
	at TempTestSuite1693284812317.run(TempTestSuite1693284812317.groovy:36)


2023-08-29 10:46:50 - [MESSAGE][WARNING] - Test object with id 'Object Repository/CartPage/Product1_remove_cart' does not exist

2023-08-29 10:46:50 - [MESSAGE][ERROR] - Test Cases/CommonMethods/EmptyCart_RunAt_HP FAILED.
Reason:
java.lang.NullPointerException
	at com.kms.katalon.core.webui.common.WebUiCommonHelper.findElementsBySelectedMethod(WebUiCommonHelper.java:896)
	at com.kms.katalon.core.webui.common.WebUiCommonHelper.findElementsByDefault(WebUiCommonHelper.java:892)
	at com.kms.katalon.core.webui.common.WebUiCommonHelper.findWebElements(WebUiCommonHelper.java:720)
	at com.kms.katalon.core.webui.keyword.internal.WebUIAbstractKeyword.findWebElements(WebUIAbstractKeyword.groovy:32)
	at com.kms.katalon.core.webui.keyword.WebUiBuiltInKeywords.findWebElements(WebUiBuiltInKeywords.groovy:2860)
	at com.kms.katalon.core.webui.keyword.WebUiBuiltInKeywords$findWebElements$16.call(Unknown Source)
	at EmptyCart_RunAt_HP.run(EmptyCart_RunAt_HP:39)
	at com.kms.katalon.core.main.ScriptEngine.run(ScriptEngine.java:194)
	at com.kms.katalon.core.main.ScriptEngine.runScriptAsRawText(ScriptEngine.java:119)
	at com.kms.katalon.core.main.TestCaseExecutor.runScript(TestCaseExecutor.java:448)
	at com.kms.katalon.core.main.TestCaseExecutor.doExecute(TestCaseExecutor.java:439)
	at com.kms.katalon.core.main.TestCaseExecutor.processExecutionPhase(TestCaseExecutor.java:418)
	at com.kms.katalon.core.main.TestCaseExecutor.accessMainPhase(TestCaseExecutor.java:410)
	at com.kms.katalon.core.main.TestCaseExecutor.execute(TestCaseExecutor.java:285)
	at com.kms.katalon.core.main.TestCaseMain.runTestCase(TestCaseMain.java:144)
	at com.kms.katalon.core.keyword.builtin.CallTestCaseKeyword$_callTestCase_closure1.doCall(CallTestCaseKeyword.groovy:59)
	at com.kms.katalon.core.keyword.builtin.CallTestCaseKeyword$_callTestCase_closure1.call(CallTestCaseKeyword.groovy)
	at com.kms.katalon.core.keyword.internal.KeywordMain.runKeyword(KeywordMain.groovy:75)
	at com.kms.katalon.core.keyword.builtin.CallTestCaseKeyword.callTestCase(CallTestCaseKeyword.groovy:81)
	at com.kms.katalon.core.keyword.builtin.CallTestCaseKeyword.execute(CallTestCaseKeyword.groovy:44)
	at com.kms.katalon.core.keyword.internal.KeywordExecutor.executeKeywordForPlatform(KeywordExecutor.groovy:74)
	at com.kms.katalon.core.keyword.BuiltinKeywords.callTestCase(BuiltinKeywords.groovy:310)
	at TS_SMOKE_SUITE_082.run(TS_SMOKE_SUITE_082:31)
	at com.kms.katalon.core.main.ScriptEngine.run(ScriptEngine.java:194)
	at com.kms.katalon.core.main.ScriptEngine.runScriptAsRawText(ScriptEngine.java:119)
	at com.kms.katalon.core.main.TestCaseExecutor.runScript(TestCaseExecutor.java:448)
	at com.kms.katalon.core.main.TestCaseExecutor.doExecute(TestCaseExecutor.java:439)
	at com.kms.katalon.core.main.TestCaseExecutor.processExecutionPhase(TestCaseExecutor.java:418)
	at com.kms.katalon.core.main.TestCaseExecutor.accessMainPhase(TestCaseExecutor.java:410)
	at com.kms.katalon.core.main.TestCaseExecutor.execute(TestCaseExecutor.java:285)
	at com.kms.katalon.core.common.CommonExecutor.accessTestCaseMainPhase(CommonExecutor.java:65)
	at com.kms.katalon.core.main.TestSuiteExecutor.accessTestSuiteMainPhase(TestSuiteExecutor.java:148)
	at com.kms.katalon.core.main.TestSuiteExecutor.execute(TestSuiteExecutor.java:106)
	at com.kms.katalon.core.main.TestCaseMain.startTestSuite(TestCaseMain.java:187)
	at com.kms.katalon.core.main.TestCaseMain$startTestSuite$0.call(Unknown Source)
	at TempTestSuite1693284812317.run(TempTestSuite1693284812317.groovy:36)


2023-08-29 10:46:50 - [MESSAGE][WARNING] - Unable to call Test Case 'Test Cases/CommonMethods/EmptyCart_RunAt_HP' (Root cause: com.kms.katalon.core.exception.StepErrorException: Call Test Case 'Test Cases/CommonMethods/EmptyCart_RunAt_HP' failed because of error(s)
	at com.kms.katalon.core.keyword.builtin.CallTestCaseKeyword$_callTestCase_closure1.doCall(CallTestCaseKeyword.groovy:66)
	at com.kms.katalon.core.keyword.builtin.CallTestCaseKeyword$_callTestCase_closure1.call(CallTestCaseKeyword.groovy)
	at com.kms.katalon.core.keyword.internal.KeywordMain.runKeyword(KeywordMain.groovy:75)
	at com.kms.katalon.core.keyword.builtin.CallTestCaseKeyword.callTestCase(CallTestCaseKeyword.groovy:81)
	at com.kms.katalon.core.keyword.builtin.CallTestCaseKeyword.execute(CallTestCaseKeyword.groovy:44)
	at com.kms.katalon.core.keyword.internal.KeywordExecutor.executeKeywordForPlatform(KeywordExecutor.groovy:74)
	at com.kms.katalon.core.keyword.BuiltinKeywords.callTestCase(BuiltinKeywords.groovy:310)
	at TS_SMOKE_SUITE_082.run(TS_SMOKE_SUITE_082:31)
	at com.kms.katalon.core.main.ScriptEngine.run(ScriptEngine.java:194)
	at com.kms.katalon.core.main.ScriptEngine.runScriptAsRawText(ScriptEngine.java:119)
	at com.kms.katalon.core.main.TestCaseExecutor.runScript(TestCaseExecutor.java:448)
	at com.kms.katalon.core.main.TestCaseExecutor.doExecute(TestCaseExecutor.java:439)
	at com.kms.katalon.core.main.TestCaseExecutor.processExecutionPhase(TestCaseExecutor.java:418)
	at com.kms.katalon.core.main.TestCaseExecutor.accessMainPhase(TestCaseExecutor.java:410)
	at com.kms.katalon.core.main.TestCaseExecutor.execute(TestCaseExecutor.java:285)
	at com.kms.katalon.core.common.CommonExecutor.accessTestCaseMainPhase(CommonExecutor.java:65)
	at com.kms.katalon.core.main.TestSuiteExecutor.accessTestSuiteMainPhase(TestSuiteExecutor.java:148)
	at com.kms.katalon.core.main.TestSuiteExecutor.execute(TestSuiteExecutor.java:106)
	at com.kms.katalon.core.main.TestCaseMain.startTestSuite(TestCaseMain.java:187)
	at com.kms.katalon.core.main.TestCaseMain$startTestSuite$0.call(Unknown Source)
	at TempTestSuite1693284812317.run(TempTestSuite1693284812317.groovy:36)
Caused by: java.lang.NullPointerException
	at com.kms.katalon.core.webui.common.WebUiCommonHelper.findElementsBySelectedMethod(WebUiCommonHelper.java:896)
	at com.kms.katalon.core.webui.common.WebUiCommonHelper.findElementsByDefault(WebUiCommonHelper.java:892)
	at com.kms.katalon.core.webui.common.WebUiCommonHelper.findWebElements(WebUiCommonHelper.java:720)
	at com.kms.katalon.core.webui.keyword.internal.WebUIAbstractKeyword.findWebElements(WebUIAbstractKeyword.groovy:32)
	at com.kms.katalon.core.webui.keyword.WebUiBuiltInKeywords.findWebElements(WebUiBuiltInKeywords.groovy:2860)
	at com.kms.katalon.core.webui.keyword.WebUiBuiltInKeywords$findWebElements$16.call(Unknown Source)
	at EmptyCart_RunAt_HP.run(EmptyCart_RunAt_HP:39)
	at com.kms.katalon.core.main.ScriptEngine.run(ScriptEngine.java:194)
	at com.kms.katalon.core.main.ScriptEngine.runScriptAsRawText(ScriptEngine.java:119)
	at com.kms.katalon.core.main.TestCaseExecutor.runScript(TestCaseExecutor.java:448)
	at com.kms.katalon.core.main.TestCaseExecutor.doExecute(TestCaseExecutor.java:439)
	at com.kms.katalon.core.main.TestCaseExecutor.processExecutionPhase(TestCaseExecutor.java:418)
	at com.kms.katalon.core.main.TestCaseExecutor.accessMainPhase(TestCaseExecutor.java:410)
	at com.kms.katalon.core.main.TestCaseExecutor.execute(TestCaseExecutor.java:285)
	at com.kms.katalon.core.main.TestCaseMain.runTestCase(TestCaseMain.java:144)
	at com.kms.katalon.core.keyword.builtin.CallTestCaseKeyword$_callTestCase_closure1.doCall(CallTestCaseKeyword.groovy:59)
	... 20 more
)

2023-08-29 10:46:50 - [TEST_STEP][PASSED] - click(findTestObject("HomePage/Logo_hp")): Object: 'Object Repository/HomePage/Logo_hp' is clicked on

2023-08-29 10:46:51 - [MESSAGE][PASSED] - Object: 'Object Repository/HomePage/Logo_hp' is clicked on

2023-08-29 10:46:51 - [TEST_STEP][PASSED] - callTestCase(findTestCase("CommonMethods/SearchForAProduct_search"), ["searchTerm":SLProduct], STOP_ON_FAILURE): Call Test Case 'Test Cases/CommonMethods/SearchForAProduct_search' successfully

2023-08-29 10:46:51 - [TEST_CASE][PASSED] - Test Cases/CommonMethods/SearchForAProduct_search: Test Cases/CommonMethods/SearchForAProduct_search

2023-08-29 10:46:51 - [TEST_STEP][PASSED] - click(findTestObject("HomePage/Buscar1"), STOP_ON_FAILURE): Object: 'Object Repository/HomePage/Buscar1' is clicked on

2023-08-29 10:46:52 - [MESSAGE][PASSED] - Object: 'Object Repository/HomePage/Buscar1' is clicked on

2023-08-29 10:46:52 - [TEST_STEP][PASSED] - delay(3): Delayed 3 second(s)

2023-08-29 10:46:55 - [MESSAGE][PASSED] - Delayed 3 second(s)

2023-08-29 10:46:55 - [TEST_STEP][PASSED] - setText(findTestObject("HomePage/Buscar1"), searchTerm): Text 'can
' is set on object 'Object Repository/HomePage/Buscar1'

2023-08-29 10:47:08 - [MESSAGE][PASSED] - Text 'can
' is set on object 'Object Repository/HomePage/Buscar1'

2023-08-29 10:47:08 - [TEST_STEP][PASSED] - delay(3): Delayed 3 second(s)

2023-08-29 10:47:11 - [MESSAGE][PASSED] - Delayed 3 second(s)

2023-08-29 10:47:11 - [TEST_STEP][PASSED] - sendKeys(findTestObject("HomePage/Seach_TextBox_hp"), Keys.chord(ENTER)): Keys 'ENTER + ' sent to object: 'Object Repository/HomePage/Seach_TextBox_hp'

2023-08-29 10:47:14 - [MESSAGE][PASSED] - Keys 'ENTER + ' sent to object: 'Object Repository/HomePage/Seach_TextBox_hp'

2023-08-29 10:47:14 - [MESSAGE][PASSED] - Call Test Case 'Test Cases/CommonMethods/SearchForAProduct_search' successfully

2023-08-29 10:47:14 - [TEST_STEP][PASSED] - waitForPageLoad(0): Wait for page load successfully

2023-08-29 10:47:14 - [MESSAGE][WARNING] - Timeout '0' is invalid. Using default page load timeout: '30'

2023-08-29 10:47:14 - [MESSAGE][PASSED] - Wait for page load successfully

2023-08-29 10:47:14 - [TEST_STEP][PASSED] - click(findTestObject("PLPPage/product1_PLP"), OPTIONAL): Object: 'Object Repository/PLPPage/product1_PLP' is clicked on

2023-08-29 10:47:15 - [MESSAGE][PASSED] - Object: 'Object Repository/PLPPage/product1_PLP' is clicked on

2023-08-29 10:47:15 - [TEST_STEP][PASSED] - click(findTestObject("PDPPage/AddToCart_PDP")): Object: 'Object Repository/PDPPage/AddToCart_PDP' is clicked on

2023-08-29 10:47:44 - [MESSAGE][PASSED] - Object: 'Object Repository/PDPPage/AddToCart_PDP' is clicked on

2023-08-29 10:47:44 - [TEST_STEP][PASSED] - click(findTestObject("HomePage/bag_header_HP")): Object: 'Object Repository/HomePage/bag_header_HP' is clicked on

2023-08-29 10:47:48 - [MESSAGE][PASSED] - Object: 'Object Repository/HomePage/bag_header_HP' is clicked on

2023-08-29 10:47:48 - [TEST_STEP][PASSED] - click(findTestObject("CartPage/BuyButton_Cart")): Object: 'Object Repository/CartPage/BuyButton_Cart' is clicked on

2023-08-29 10:47:51 - [MESSAGE][PASSED] - Object: 'Object Repository/CartPage/BuyButton_Cart' is clicked on

2023-08-29 10:47:51 - [TEST_STEP][PASSED] - click(findTestObject("OPCPage/paymentMethod_change_OPC")): Object: 'Object Repository/OPCPage/paymentMethod_change_OPC' is clicked on

2023-08-29 10:48:00 - [MESSAGE][PASSED] - Object: 'Object Repository/OPCPage/paymentMethod_change_OPC' is clicked on

2023-08-29 10:48:00 - [TEST_STEP][PASSED] - scrollToElement(findTestObject("OPCPage/card3_Option_OPC"), 0): Scroll to object 'Object Repository/OPCPage/card3_Option_OPC' successfully

2023-08-29 10:48:00 - [MESSAGE][WARNING] - Timeout '0' is invalid. Using default page load timeout: '30'

2023-08-29 10:48:02 - [MESSAGE][PASSED] - Scroll to object 'Object Repository/OPCPage/card3_Option_OPC' successfully

2023-08-29 10:48:02 - [TEST_STEP][PASSED] - delay(3): Delayed 3 second(s)

2023-08-29 10:48:05 - [MESSAGE][PASSED] - Delayed 3 second(s)

2023-08-29 10:48:05 - [TEST_STEP][PASSED] - click(findTestObject("OPCPage/card3_Option_OPC")): Object: 'Object Repository/OPCPage/card3_Option_OPC' is clicked on

2023-08-29 10:48:05 - [MESSAGE][PASSED] - Object: 'Object Repository/OPCPage/card3_Option_OPC' is clicked on

2023-08-29 10:48:05 - [TEST_STEP][PASSED] - delay(3): Delayed 3 second(s)

2023-08-29 10:48:08 - [MESSAGE][PASSED] - Delayed 3 second(s)

2023-08-29 10:48:08 - [TEST_STEP][PASSED] - click(findTestObject("OPCPage/option2DropDown_editos_card_OPC")): Object: 'Object Repository/OPCPage/option2DropDown_editos_card_OPC' is clicked on

2023-08-29 10:48:09 - [MESSAGE][PASSED] - Object: 'Object Repository/OPCPage/option2DropDown_editos_card_OPC' is clicked on

2023-08-29 10:48:09 - [TEST_STEP][PASSED] - sendKeys(findTestObject("OPCPage/AddressSection_card_popup_enterPINCODE_OPC"), Keys.chord(CONTROL, "a")): Keys 'CONTROL + a' sent to object: 'Object Repository/OPCPage/AddressSection_card_popup_enterPINCODE_OPC'

2023-08-29 10:48:14 - [MESSAGE][PASSED] - Keys 'CONTROL + a' sent to object: 'Object Repository/OPCPage/AddressSection_card_popup_enterPINCODE_OPC'

2023-08-29 10:48:14 - [TEST_STEP][PASSED] - delay(5): Delayed 5 second(s)

2023-08-29 10:48:19 - [MESSAGE][PASSED] - Delayed 5 second(s)

2023-08-29 10:48:19 - [TEST_STEP][PASSED] - sendKeys(findTestObject("OPCPage/AddressSection_card_popup_enterPINCODE_OPC"), Keys.chord(BACK_SPACE)): Keys 'BACK_SPACE + ' sent to object: 'Object Repository/OPCPage/AddressSection_card_popup_enterPINCODE_OPC'

2023-08-29 10:48:19 - [MESSAGE][PASSED] - Keys 'BACK_SPACE + ' sent to object: 'Object Repository/OPCPage/AddressSection_card_popup_enterPINCODE_OPC'

2023-08-29 10:48:19 - [TEST_STEP][PASSED] - clearText(findTestObject("OPCPage/AddressSection_card_popup_enterPINCODE_OPC"), STOP_ON_FAILURE): Text of object 'Object Repository/OPCPage/AddressSection_card_popup_enterPINCODE_OPC' is cleared

2023-08-29 10:48:20 - [MESSAGE][PASSED] - Text of object 'Object Repository/OPCPage/AddressSection_card_popup_enterPINCODE_OPC' is cleared

2023-08-29 10:48:20 - [TEST_STEP][PASSED] - delay(5): Delayed 5 second(s)

2023-08-29 10:48:25 - [MESSAGE][PASSED] - Delayed 5 second(s)

2023-08-29 10:48:25 - [TEST_STEP][PASSED] - cpCode1 = "12000": null

2023-08-29 10:48:25 - [TEST_STEP][PASSED] - cpCode2 = "11100": null

2023-08-29 10:48:25 - [TEST_STEP][PASSED] - cpCode = getText(findTestObject("OPCPage/AddressSection_card_popup_enterPINCODE_OPC"), STOP_ON_FAILURE): Text of object 'Object Repository/OPCPage/AddressSection_card_popup_enterPINCODE_OPC' is: ''

2023-08-29 10:48:25 - [MESSAGE][PASSED] - Text of object 'Object Repository/OPCPage/AddressSection_card_popup_enterPINCODE_OPC' is: ''

2023-08-29 10:48:25 - [TEST_STEP][PASSED] - if (cpCode == cpCode1): null

2023-08-29 10:48:25 - [TEST_STEP][PASSED] - else: Text '11100' is set on object 'Object Repository/OPCPage/AddressSection_card_popup_enterPINCODE_OPC'

2023-08-29 10:48:25 - [TEST_STEP][PASSED] - setText(findTestObject("OPCPage/AddressSection_card_popup_enterPINCODE_OPC"), cpCode2): Text '11100' is set on object 'Object Repository/OPCPage/AddressSection_card_popup_enterPINCODE_OPC'

2023-08-29 10:48:26 - [MESSAGE][PASSED] - Text '11100' is set on object 'Object Repository/OPCPage/AddressSection_card_popup_enterPINCODE_OPC'

2023-08-29 10:48:26 - [TEST_STEP][FAILED] - click(findTestObject("OPCPage/cardContinue_checkout_popUP")): Unable to click on object 'Object Repository/OPCPage/cardContinue_checkout_popUP' (Root cause: com.kms.katalon.core.exception.StepFailedException: Unable to click on object 'Object Repository/OPCPage/cardContinue_checkout_popUP'
	at com.kms.katalon.core.webui.keyword.internal.WebUIKeywordMain.stepFailed(WebUIKeywordMain.groovy:64)
	at com.kms.katalon.core.webui.keyword.internal.WebUIKeywordMain.runKeyword(WebUIKeywordMain.groovy:26)
	at com.kms.katalon.core.webui.keyword.builtin.ClickKeyword.click(ClickKeyword.groovy:74)
	at com.kms.katalon.core.webui.keyword.builtin.ClickKeyword.execute(ClickKeyword.groovy:40)
	at com.kms.katalon.core.keyword.internal.KeywordExecutor.executeKeywordForPlatform(KeywordExecutor.groovy:74)
	at com.kms.katalon.core.webui.keyword.WebUiBuiltInKeywords.click(WebUiBuiltInKeywords.groovy:620)
	at com.kms.katalon.core.webui.keyword.WebUiBuiltInKeywords$click$2.call(Unknown Source)
	at TS_SMOKE_SUITE_082.run(TS_SMOKE_SUITE_082:83)
	at com.kms.katalon.core.main.ScriptEngine.run(ScriptEngine.java:194)
	at com.kms.katalon.core.main.ScriptEngine.runScriptAsRawText(ScriptEngine.java:119)
	at com.kms.katalon.core.main.TestCaseExecutor.runScript(TestCaseExecutor.java:448)
	at com.kms.katalon.core.main.TestCaseExecutor.doExecute(TestCaseExecutor.java:439)
	at com.kms.katalon.core.main.TestCaseExecutor.processExecutionPhase(TestCaseExecutor.java:418)
	at com.kms.katalon.core.main.TestCaseExecutor.accessMainPhase(TestCaseExecutor.java:410)
	at com.kms.katalon.core.main.TestCaseExecutor.execute(TestCaseExecutor.java:285)
	at com.kms.katalon.core.common.CommonExecutor.accessTestCaseMainPhase(CommonExecutor.java:65)
	at com.kms.katalon.core.main.TestSuiteExecutor.accessTestSuiteMainPhase(TestSuiteExecutor.java:148)
	at com.kms.katalon.core.main.TestSuiteExecutor.execute(TestSuiteExecutor.java:106)
	at com.kms.katalon.core.main.TestCaseMain.startTestSuite(TestCaseMain.java:187)
	at com.kms.katalon.core.main.TestCaseMain$startTestSuite$0.call(Unknown Source)
	at TempTestSuite1693284812317.run(TempTestSuite1693284812317.groovy:36)
Caused by: com.kms.katalon.core.webui.exception.WebElementNotFoundException: Web element with id: 'Object Repository/OPCPage/cardContinue_checkout_popUP' located by '//div[@class='opc_continuarModalloggedInCC isAndroid']//button' not found
	at com.kms.katalon.core.webui.common.WebUiCommonHelper.findWebElement(WebUiCommonHelper.java:1381)
	at com.kms.katalon.core.webui.keyword.internal.WebUIAbstractKeyword.findWebElement(WebUIAbstractKeyword.groovy:27)
	at com.kms.katalon.core.webui.keyword.builtin.ClickKeyword$_click_closure1.doCall(ClickKeyword.groovy:65)
	at com.kms.katalon.core.webui.keyword.builtin.ClickKeyword$_click_closure1.call(ClickKeyword.groovy)
	at com.kms.katalon.core.webui.keyword.internal.WebUIKeywordMain.runKeyword(WebUIKeywordMain.groovy:20)
	at com.kms.katalon.core.webui.keyword.builtin.ClickKeyword.click(ClickKeyword.groovy:74)
	at com.kms.katalon.core.webui.keyword.builtin.ClickKeyword.execute(ClickKeyword.groovy:40)
	at com.kms.katalon.core.keyword.internal.KeywordExecutor.executeKeywordForPlatform(KeywordExecutor.groovy:74)
	at com.kms.katalon.core.webui.keyword.WebUiBuiltInKeywords.click(WebUiBuiltInKeywords.groovy:620)
	at com.kms.katalon.core.webui.keyword.WebUiBuiltInKeywords$click$2.call(Unknown Source)
	at Script1691553342759.run(Script1691553342759.groovy:83)
	... 13 more
)

2023-08-29 10:48:57 - [MESSAGE][INFO] - Unable to find the element located by 'By.xpath: //div[@class='opc_continuarModalloggedInCC isAndroid']//button'. Please recheck the objects properties to make sure the desired element is located. 

2023-08-29 10:48:58 - [MESSAGE][FAILED] - Unable to click on object 'Object Repository/OPCPage/cardContinue_checkout_popUP' (Root cause: com.kms.katalon.core.exception.StepFailedException: Unable to click on object 'Object Repository/OPCPage/cardContinue_checkout_popUP'
	at com.kms.katalon.core.webui.keyword.internal.WebUIKeywordMain.stepFailed(WebUIKeywordMain.groovy:64)
	at com.kms.katalon.core.webui.keyword.internal.WebUIKeywordMain.runKeyword(WebUIKeywordMain.groovy:26)
	at com.kms.katalon.core.webui.keyword.builtin.ClickKeyword.click(ClickKeyword.groovy:74)
	at com.kms.katalon.core.webui.keyword.builtin.ClickKeyword.execute(ClickKeyword.groovy:40)
	at com.kms.katalon.core.keyword.internal.KeywordExecutor.executeKeywordForPlatform(KeywordExecutor.groovy:74)
	at com.kms.katalon.core.webui.keyword.WebUiBuiltInKeywords.click(WebUiBuiltInKeywords.groovy:620)
	at com.kms.katalon.core.webui.keyword.WebUiBuiltInKeywords$click$2.call(Unknown Source)
	at TS_SMOKE_SUITE_082.run(TS_SMOKE_SUITE_082:83)
	at com.kms.katalon.core.main.ScriptEngine.run(ScriptEngine.java:194)
	at com.kms.katalon.core.main.ScriptEngine.runScriptAsRawText(ScriptEngine.java:119)
	at com.kms.katalon.core.main.TestCaseExecutor.runScript(TestCaseExecutor.java:448)
	at com.kms.katalon.core.main.TestCaseExecutor.doExecute(TestCaseExecutor.java:439)
	at com.kms.katalon.core.main.TestCaseExecutor.processExecutionPhase(TestCaseExecutor.java:418)
	at com.kms.katalon.core.main.TestCaseExecutor.accessMainPhase(TestCaseExecutor.java:410)
	at com.kms.katalon.core.main.TestCaseExecutor.execute(TestCaseExecutor.java:285)
	at com.kms.katalon.core.common.CommonExecutor.accessTestCaseMainPhase(CommonExecutor.java:65)
	at com.kms.katalon.core.main.TestSuiteExecutor.accessTestSuiteMainPhase(TestSuiteExecutor.java:148)
	at com.kms.katalon.core.main.TestSuiteExecutor.execute(TestSuiteExecutor.java:106)
	at com.kms.katalon.core.main.TestCaseMain.startTestSuite(TestCaseMain.java:187)
	at com.kms.katalon.core.main.TestCaseMain$startTestSuite$0.call(Unknown Source)
	at TempTestSuite1693284812317.run(TempTestSuite1693284812317.groovy:36)
Caused by: com.kms.katalon.core.webui.exception.WebElementNotFoundException: Web element with id: 'Object Repository/OPCPage/cardContinue_checkout_popUP' located by '//div[@class='opc_continuarModalloggedInCC isAndroid']//button' not found
	at com.kms.katalon.core.webui.common.WebUiCommonHelper.findWebElement(WebUiCommonHelper.java:1381)
	at com.kms.katalon.core.webui.keyword.internal.WebUIAbstractKeyword.findWebElement(WebUIAbstractKeyword.groovy:27)
	at com.kms.katalon.core.webui.keyword.builtin.ClickKeyword$_click_closure1.doCall(ClickKeyword.groovy:65)
	at com.kms.katalon.core.webui.keyword.builtin.ClickKeyword$_click_closure1.call(ClickKeyword.groovy)
	at com.kms.katalon.core.webui.keyword.internal.WebUIKeywordMain.runKeyword(WebUIKeywordMain.groovy:20)
	at com.kms.katalon.core.webui.keyword.builtin.ClickKeyword.click(ClickKeyword.groovy:74)
	at com.kms.katalon.core.webui.keyword.builtin.ClickKeyword.execute(ClickKeyword.groovy:40)
	at com.kms.katalon.core.keyword.internal.KeywordExecutor.executeKeywordForPlatform(KeywordExecutor.groovy:74)
	at com.kms.katalon.core.webui.keyword.WebUiBuiltInKeywords.click(WebUiBuiltInKeywords.groovy:620)
	at com.kms.katalon.core.webui.keyword.WebUiBuiltInKeywords$click$2.call(Unknown Source)
	at Script1691553342759.run(Script1691553342759.groovy:83)
	... 13 more
)
[[ATTACHMENT|D:\\backup\\LiverpoolProject_SmokeSuite\\Reports\\20230829_080249\\SmokeSuite_AllModules\\20230829_102332\\1693286337876.png]]]]></system-out>
         <system-err><![CDATA[2023-08-29 10:44:52 - [TEST_CASE][FAILED] - Test Cases/Checkout/TS_SMOKE_SUITE_082: Test Cases/Checkout/TS_SMOKE_SUITE_082 FAILED.
Reason:
com.kms.katalon.core.exception.StepFailedException: Unable to click on object 'Object Repository/OPCPage/cardContinue_checkout_popUP'
	at com.kms.katalon.core.webui.keyword.internal.WebUIKeywordMain.stepFailed(WebUIKeywordMain.groovy:64)
	at com.kms.katalon.core.webui.keyword.internal.WebUIKeywordMain.runKeyword(WebUIKeywordMain.groovy:26)
	at com.kms.katalon.core.webui.keyword.builtin.ClickKeyword.click(ClickKeyword.groovy:74)
	at com.kms.katalon.core.webui.keyword.builtin.ClickKeyword.execute(ClickKeyword.groovy:40)
	at com.kms.katalon.core.keyword.internal.KeywordExecutor.executeKeywordForPlatform(KeywordExecutor.groovy:74)
	at com.kms.katalon.core.webui.keyword.WebUiBuiltInKeywords.click(WebUiBuiltInKeywords.groovy:620)
	at com.kms.katalon.core.webui.keyword.WebUiBuiltInKeywords$click$2.call(Unknown Source)
	at TS_SMOKE_SUITE_082.run(TS_SMOKE_SUITE_082:83)
	at com.kms.katalon.core.main.ScriptEngine.run(ScriptEngine.java:194)
	at com.kms.katalon.core.main.ScriptEngine.runScriptAsRawText(ScriptEngine.java:119)
	at com.kms.katalon.core.main.TestCaseExecutor.runScript(TestCaseExecutor.java:448)
	at com.kms.katalon.core.main.TestCaseExecutor.doExecute(TestCaseExecutor.java:439)
	at com.kms.katalon.core.main.TestCaseExecutor.processExecutionPhase(TestCaseExecutor.java:418)
	at com.kms.katalon.core.main.TestCaseExecutor.accessMainPhase(TestCaseExecutor.java:410)
	at com.kms.katalon.core.main.TestCaseExecutor.execute(TestCaseExecutor.java:285)
	at com.kms.katalon.core.common.CommonExecutor.accessTestCaseMainPhase(CommonExecutor.java:65)
	at com.kms.katalon.core.main.TestSuiteExecutor.accessTestSuiteMainPhase(TestSuiteExecutor.java:148)
	at com.kms.katalon.core.main.TestSuiteExecutor.execute(TestSuiteExecutor.java:106)
	at com.kms.katalon.core.main.TestCaseMain.startTestSuite(TestCaseMain.java:187)
	at com.kms.katalon.core.main.TestCaseMain$startTestSuite$0.call(Unknown Source)
	at TempTestSuite1693284812317.run(TempTestSuite1693284812317.groovy:36)
Caused by: com.kms.katalon.core.webui.exception.WebElementNotFoundException: Web element with id: 'Object Repository/OPCPage/cardContinue_checkout_popUP' located by '//div[@class='opc_continuarModalloggedInCC isAndroid']//button' not found
	at com.kms.katalon.core.webui.common.WebUiCommonHelper.findWebElement(WebUiCommonHelper.java:1381)
	at com.kms.katalon.core.webui.keyword.internal.WebUIAbstractKeyword.findWebElement(WebUIAbstractKeyword.groovy:27)
	at com.kms.katalon.core.webui.keyword.builtin.ClickKeyword$_click_closure1.doCall(ClickKeyword.groovy:65)
	at com.kms.katalon.core.webui.keyword.builtin.ClickKeyword$_click_closure1.call(ClickKeyword.groovy)
	at com.kms.katalon.core.webui.keyword.internal.WebUIKeywordMain.runKeyword(WebUIKeywordMain.groovy:20)
	... 19 more]]></system-err>
      </testcase>
      <testcase name="Test Cases/Checkout/TS_SMOKE_SUITE_083" time="240.127" classname="Test Cases/Checkout/TS_SMOKE_SUITE_083" status="FAILED">
         <failure type="FAILED" message="Test Cases/Checkout/TS_SMOKE_SUITE_083 FAILED.
Reason:
com.kms.katalon.core.exception.StepFailedException: Unable to verify object 'Object Repository/OPCPage/ConfirmOrder_Checkout' is present
	at com.kms.katalon.core.webui.keyword.internal.WebUIKeywordMain.stepFailed(WebUIKeywordMain.groovy:64)
	at com.kms.katalon.core.webui.keyword.internal.WebUIKeywordMain.runKeyword(WebUIKeywordMain.groovy:26)
	at com.kms.katalon.core.webui.keyword.builtin.VerifyElementPresentKeyword.verifyElementPresent(VerifyElementPresentKeyword.groovy:92)
	at com.kms.katalon.core.webui.keyword.builtin.VerifyElementPresentKeyword.execute(VerifyElementPresentKeyword.groovy:68)
	at com.kms.katalon.core.keyword.internal.KeywordExecutor.executeKeywordForPlatform(KeywordExecutor.groovy:74)
	at com.kms.katalon.core.webui.keyword.WebUiBuiltInKeywords.verifyElementPresent(WebUiBuiltInKeywords.groovy:1464)
	at com.kms.katalon.core.webui.keyword.WebUiBuiltInKeywords$verifyElementPresent$6.call(Unknown Source)
	at TS_SMOKE_SUITE_083.run(TS_SMOKE_SUITE_083:45)
	at com.kms.katalon.core.main.ScriptEngine.run(ScriptEngine.java:194)
	at com.kms.katalon.core.main.ScriptEngine.runScriptAsRawText(ScriptEngine.java:119)
	at com.kms.katalon.core.main.TestCaseExecutor.runScript(TestCaseExecutor.java:448)
	at com.kms.katalon.core.main.TestCaseExecutor.doExecute(TestCaseExecutor.java:439)
	at com.kms.katalon.core.main.TestCaseExecutor.processExecutionPhase(TestCaseExecutor.java:418)
	at com.kms.katalon.core.main.TestCaseExecutor.accessMainPhase(TestCaseExecutor.java:410)
	at com.kms.katalon.core.main.TestCaseExecutor.execute(TestCaseExecutor.java:285)
	at com.kms.katalon.core.common.CommonExecutor.accessTestCaseMainPhase(CommonExecutor.java:65)
	at com.kms.katalon.core.main.TestSuiteExecutor.accessTestSuiteMainPhase(TestSuiteExecutor.java:148)
	at com.kms.katalon.core.main.TestSuiteExecutor.execute(TestSuiteExecutor.java:106)
	at com.kms.katalon.core.main.TestCaseMain.startTestSuite(TestCaseMain.java:187)
	at com.kms.katalon.core.main.TestCaseMain$startTestSuite$0.call(Unknown Source)
	at TempTestSuite1693284812317.run(TempTestSuite1693284812317.groovy:36)
Caused by: com.kms.katalon.core.exception.StepFailedException: com.kms.katalon.core.webui.exception.WebElementNotFoundException: Web element with id: 'Object Repository/OPCPage/ConfirmOrder_Checkout' located by '//div[@class='confirmation-section__gratitude']' not found
	at com.kms.katalon.core.webui.keyword.internal.WebUIKeywordMain.stepFailed(WebUIKeywordMain.groovy:64)
	at com.kms.katalon.core.webui.keyword.builtin.VerifyElementPresentKeyword$_verifyElementPresent_closure1.doCall(VerifyElementPresentKeyword.groovy:85)
	at com.kms.katalon.core.webui.keyword.builtin.VerifyElementPresentKeyword$_verifyElementPresent_closure1.call(VerifyElementPresentKeyword.groovy)
	at com.kms.katalon.core.webui.keyword.internal.WebUIKeywordMain.runKeyword(WebUIKeywordMain.groovy:20)
	... 19 more
"/>
         <system-out><![CDATA[2023-08-29 10:48:58 - [TEST_CASE][FAILED] - Test Cases/Checkout/TS_SMOKE_SUITE_083: Test Cases/Checkout/TS_SMOKE_SUITE_083 FAILED.
Reason:
com.kms.katalon.core.exception.StepFailedException: Unable to verify object 'Object Repository/OPCPage/ConfirmOrder_Checkout' is present
	at com.kms.katalon.core.webui.keyword.internal.WebUIKeywordMain.stepFailed(WebUIKeywordMain.groovy:64)
	at com.kms.katalon.core.webui.keyword.internal.WebUIKeywordMain.runKeyword(WebUIKeywordMain.groovy:26)
	at com.kms.katalon.core.webui.keyword.builtin.VerifyElementPresentKeyword.verifyElementPresent(VerifyElementPresentKeyword.groovy:92)
	at com.kms.katalon.core.webui.keyword.builtin.VerifyElementPresentKeyword.execute(VerifyElementPresentKeyword.groovy:68)
	at com.kms.katalon.core.keyword.internal.KeywordExecutor.executeKeywordForPlatform(KeywordExecutor.groovy:74)
	at com.kms.katalon.core.webui.keyword.WebUiBuiltInKeywords.verifyElementPresent(WebUiBuiltInKeywords.groovy:1464)
	at com.kms.katalon.core.webui.keyword.WebUiBuiltInKeywords$verifyElementPresent$6.call(Unknown Source)
	at TS_SMOKE_SUITE_083.run(TS_SMOKE_SUITE_083:45)
	at com.kms.katalon.core.main.ScriptEngine.run(ScriptEngine.java:194)
	at com.kms.katalon.core.main.ScriptEngine.runScriptAsRawText(ScriptEngine.java:119)
	at com.kms.katalon.core.main.TestCaseExecutor.runScript(TestCaseExecutor.java:448)
	at com.kms.katalon.core.main.TestCaseExecutor.doExecute(TestCaseExecutor.java:439)
	at com.kms.katalon.core.main.TestCaseExecutor.processExecutionPhase(TestCaseExecutor.java:418)
	at com.kms.katalon.core.main.TestCaseExecutor.accessMainPhase(TestCaseExecutor.java:410)
	at com.kms.katalon.core.main.TestCaseExecutor.execute(TestCaseExecutor.java:285)
	at com.kms.katalon.core.common.CommonExecutor.accessTestCaseMainPhase(CommonExecutor.java:65)
	at com.kms.katalon.core.main.TestSuiteExecutor.accessTestSuiteMainPhase(TestSuiteExecutor.java:148)
	at com.kms.katalon.core.main.TestSuiteExecutor.execute(TestSuiteExecutor.java:106)
	at com.kms.katalon.core.main.TestCaseMain.startTestSuite(TestCaseMain.java:187)
	at com.kms.katalon.core.main.TestCaseMain$startTestSuite$0.call(Unknown Source)
	at TempTestSuite1693284812317.run(TempTestSuite1693284812317.groovy:36)
Caused by: com.kms.katalon.core.exception.StepFailedException: com.kms.katalon.core.webui.exception.WebElementNotFoundException: Web element with id: 'Object Repository/OPCPage/ConfirmOrder_Checkout' located by '//div[@class='confirmation-section__gratitude']' not found
	at com.kms.katalon.core.webui.keyword.internal.WebUIKeywordMain.stepFailed(WebUIKeywordMain.groovy:64)
	at com.kms.katalon.core.webui.keyword.builtin.VerifyElementPresentKeyword$_verifyElementPresent_closure1.doCall(VerifyElementPresentKeyword.groovy:85)
	at com.kms.katalon.core.webui.keyword.builtin.VerifyElementPresentKeyword$_verifyElementPresent_closure1.call(VerifyElementPresentKeyword.groovy)
	at com.kms.katalon.core.webui.keyword.internal.WebUIKeywordMain.runKeyword(WebUIKeywordMain.groovy:20)
	... 19 more


2023-08-29 10:48:58 - [TEST_STEP][PASSED] - openBrowser(""): Browser is opened with url: ''

2023-08-29 10:48:58 - [MESSAGE][WARNING] - A browser is already opened. Closing browser and opening a new one

2023-08-29 10:48:59 - [MESSAGE][INFO] - Starting 'Chrome' driver

2023-08-29 10:48:59 - [MESSAGE][INFO] - Action delay is set to 0 milliseconds

2023-08-29 10:49:01 - [MESSAGE][PASSED] - Browser is opened with url: ''

2023-08-29 10:49:01 - [TEST_STEP][PASSED] - navigateToUrl(URL): Navigate to 'https://odtaqaa.liverpool.com.mx/tienda/home' successfully

2023-08-29 10:50:10 - [MESSAGE][PASSED] - Navigate to 'https://odtaqaa.liverpool.com.mx/tienda/home' successfully

2023-08-29 10:50:10 - [TEST_STEP][PASSED] - maximizeWindow(): Current window maximized

2023-08-29 10:50:10 - [MESSAGE][PASSED] - Current window maximized

2023-08-29 10:50:10 - [TEST_STEP][PASSED] - click(findTestObject("HomePage/Iniciar sesion")): Object: 'Object Repository/HomePage/Iniciar sesion' is clicked on

2023-08-29 10:50:11 - [MESSAGE][PASSED] - Object: 'Object Repository/HomePage/Iniciar sesion' is clicked on

2023-08-29 10:50:11 - [TEST_STEP][PASSED] - callTestCase(findTestCase("CommonMethods/login_odtaqab"), [:], STOP_ON_FAILURE): Call Test Case 'Test Cases/CommonMethods/login_odtaqab' successfully

2023-08-29 10:50:11 - [TEST_CASE][PASSED] - Test Cases/CommonMethods/login_odtaqab: Test Cases/CommonMethods/login_odtaqab

2023-08-29 10:50:11 - [TEST_STEP][PASSED] - click(findTestObject("HomePage/Iniciar sesion")): Object: 'Object Repository/HomePage/Iniciar sesion' is clicked on

2023-08-29 10:50:13 - [MESSAGE][PASSED] - Object: 'Object Repository/HomePage/Iniciar sesion' is clicked on

2023-08-29 10:50:13 - [TEST_STEP][PASSED] - enhancedClick(findTestObject("HomePage/EnterUsername_LP")): Object: 'Object Repository/HomePage/EnterUsername_LP' is clicked on

2023-08-29 10:50:25 - [MESSAGE][PASSED] - Object: 'Object Repository/HomePage/EnterUsername_LP' is clicked on

2023-08-29 10:50:25 - [TEST_STEP][PASSED] - setText(findTestObject("HomePage/EnterUsername_LP"), username): Text 'hcheruvu29@digisprint.com' is set on object 'Object Repository/HomePage/EnterUsername_LP'

2023-08-29 10:50:27 - [MESSAGE][PASSED] - Text 'hcheruvu29@digisprint.com' is set on object 'Object Repository/HomePage/EnterUsername_LP'

2023-08-29 10:50:27 - [TEST_STEP][PASSED] - delay(2): Delayed 2 second(s)

2023-08-29 10:50:29 - [MESSAGE][PASSED] - Delayed 2 second(s)

2023-08-29 10:50:29 - [TEST_STEP][PASSED] - enhancedClick(findTestObject("HomePage/EnterPassword_LP")): Object: 'Object Repository/HomePage/EnterPassword_LP' is clicked on

2023-08-29 10:50:29 - [MESSAGE][PASSED] - Object: 'Object Repository/HomePage/EnterPassword_LP' is clicked on

2023-08-29 10:50:29 - [TEST_STEP][PASSED] - delay(2): Delayed 2 second(s)

2023-08-29 10:50:31 - [MESSAGE][PASSED] - Delayed 2 second(s)

2023-08-29 10:50:31 - [TEST_STEP][PASSED] - setText(findTestObject("HomePage/EnterPassword_LP"), password): Text 'Test@12345' is set on object 'Object Repository/HomePage/EnterPassword_LP'

2023-08-29 10:50:32 - [MESSAGE][PASSED] - Text 'Test@12345' is set on object 'Object Repository/HomePage/EnterPassword_LP'

2023-08-29 10:50:32 - [TEST_STEP][PASSED] - click(findTestObject("HomePage/inciar")): Object: 'Object Repository/HomePage/inciar' is clicked on

2023-08-29 10:50:42 - [MESSAGE][PASSED] - Object: 'Object Repository/HomePage/inciar' is clicked on

2023-08-29 10:50:42 - [MESSAGE][PASSED] - Call Test Case 'Test Cases/CommonMethods/login_odtaqab' successfully

2023-08-29 10:50:42 - [TEST_STEP][PASSED] - callTestCase(findTestCase("CommonMethods/SearchForAProduct_search"), ["searchTerm":SLProduct], STOP_ON_FAILURE): Call Test Case 'Test Cases/CommonMethods/SearchForAProduct_search' successfully

2023-08-29 10:50:42 - [TEST_CASE][PASSED] - Test Cases/CommonMethods/SearchForAProduct_search: Test Cases/CommonMethods/SearchForAProduct_search

2023-08-29 10:50:42 - [TEST_STEP][PASSED] - click(findTestObject("HomePage/Buscar1"), STOP_ON_FAILURE): Object: 'Object Repository/HomePage/Buscar1' is clicked on

2023-08-29 10:51:27 - [MESSAGE][PASSED] - Object: 'Object Repository/HomePage/Buscar1' is clicked on

2023-08-29 10:51:27 - [TEST_STEP][PASSED] - delay(3): Delayed 3 second(s)

2023-08-29 10:51:30 - [MESSAGE][PASSED] - Delayed 3 second(s)

2023-08-29 10:51:30 - [TEST_STEP][PASSED] - setText(findTestObject("HomePage/Buscar1"), searchTerm): Text 'can
' is set on object 'Object Repository/HomePage/Buscar1'

2023-08-29 10:51:31 - [MESSAGE][PASSED] - Text 'can
' is set on object 'Object Repository/HomePage/Buscar1'

2023-08-29 10:51:31 - [TEST_STEP][PASSED] - delay(3): Delayed 3 second(s)

2023-08-29 10:51:34 - [MESSAGE][PASSED] - Delayed 3 second(s)

2023-08-29 10:51:34 - [TEST_STEP][PASSED] - sendKeys(findTestObject("HomePage/Seach_TextBox_hp"), Keys.chord(ENTER)): Keys 'ENTER + ' sent to object: 'Object Repository/HomePage/Seach_TextBox_hp'

2023-08-29 10:51:50 - [MESSAGE][PASSED] - Keys 'ENTER + ' sent to object: 'Object Repository/HomePage/Seach_TextBox_hp'

2023-08-29 10:51:50 - [MESSAGE][PASSED] - Call Test Case 'Test Cases/CommonMethods/SearchForAProduct_search' successfully

2023-08-29 10:51:50 - [TEST_STEP][PASSED] - waitForPageLoad(0): Wait for page load successfully

2023-08-29 10:51:50 - [MESSAGE][WARNING] - Timeout '0' is invalid. Using default page load timeout: '30'

2023-08-29 10:51:50 - [MESSAGE][PASSED] - Wait for page load successfully

2023-08-29 10:51:50 - [TEST_STEP][PASSED] - click(findTestObject("PLPPage/product2_cardPrice_PLP"), OPTIONAL): Object: 'Object Repository/PLPPage/product2_cardPrice_PLP' is clicked on

2023-08-29 10:51:50 - [MESSAGE][PASSED] - Object: 'Object Repository/PLPPage/product2_cardPrice_PLP' is clicked on

2023-08-29 10:51:50 - [TEST_STEP][PASSED] - click(findTestObject("PDPPage/AddToCart_PDP")): Object: 'Object Repository/PDPPage/AddToCart_PDP' is clicked on

2023-08-29 10:52:07 - [MESSAGE][PASSED] - Object: 'Object Repository/PDPPage/AddToCart_PDP' is clicked on

2023-08-29 10:52:07 - [TEST_STEP][PASSED] - click(findTestObject("HomePage/bag_header_HP")): Object: 'Object Repository/HomePage/bag_header_HP' is clicked on

2023-08-29 10:52:11 - [MESSAGE][PASSED] - Object: 'Object Repository/HomePage/bag_header_HP' is clicked on

2023-08-29 10:52:11 - [TEST_STEP][PASSED] - click(findTestObject("CartPage/BuyButton_Cart")): Object: 'Object Repository/CartPage/BuyButton_Cart' is clicked on

2023-08-29 10:52:16 - [MESSAGE][PASSED] - Object: 'Object Repository/CartPage/BuyButton_Cart' is clicked on

2023-08-29 10:52:16 - [TEST_STEP][PASSED] - click(findTestObject("OPCPage/Final_comparar_OPC")): Object: 'Object Repository/OPCPage/Final_comparar_OPC' is clicked on

2023-08-29 10:52:26 - [MESSAGE][PASSED] - Object: 'Object Repository/OPCPage/Final_comparar_OPC' is clicked on

2023-08-29 10:52:26 - [TEST_STEP][FAILED] - verifyElementPresent(findTestObject("OPCPage/ConfirmOrder_Checkout"), 0): Unable to verify object 'Object Repository/OPCPage/ConfirmOrder_Checkout' is present (Root cause: com.kms.katalon.core.exception.StepFailedException: Unable to verify object 'Object Repository/OPCPage/ConfirmOrder_Checkout' is present
	at com.kms.katalon.core.webui.keyword.internal.WebUIKeywordMain.stepFailed(WebUIKeywordMain.groovy:64)
	at com.kms.katalon.core.webui.keyword.internal.WebUIKeywordMain.runKeyword(WebUIKeywordMain.groovy:26)
	at com.kms.katalon.core.webui.keyword.builtin.VerifyElementPresentKeyword.verifyElementPresent(VerifyElementPresentKeyword.groovy:92)
	at com.kms.katalon.core.webui.keyword.builtin.VerifyElementPresentKeyword.execute(VerifyElementPresentKeyword.groovy:68)
	at com.kms.katalon.core.keyword.internal.KeywordExecutor.executeKeywordForPlatform(KeywordExecutor.groovy:74)
	at com.kms.katalon.core.webui.keyword.WebUiBuiltInKeywords.verifyElementPresent(WebUiBuiltInKeywords.groovy:1464)
	at com.kms.katalon.core.webui.keyword.WebUiBuiltInKeywords$verifyElementPresent$6.call(Unknown Source)
	at TS_SMOKE_SUITE_083.run(TS_SMOKE_SUITE_083:45)
	at com.kms.katalon.core.main.ScriptEngine.run(ScriptEngine.java:194)
	at com.kms.katalon.core.main.ScriptEngine.runScriptAsRawText(ScriptEngine.java:119)
	at com.kms.katalon.core.main.TestCaseExecutor.runScript(TestCaseExecutor.java:448)
	at com.kms.katalon.core.main.TestCaseExecutor.doExecute(TestCaseExecutor.java:439)
	at com.kms.katalon.core.main.TestCaseExecutor.processExecutionPhase(TestCaseExecutor.java:418)
	at com.kms.katalon.core.main.TestCaseExecutor.accessMainPhase(TestCaseExecutor.java:410)
	at com.kms.katalon.core.main.TestCaseExecutor.execute(TestCaseExecutor.java:285)
	at com.kms.katalon.core.common.CommonExecutor.accessTestCaseMainPhase(CommonExecutor.java:65)
	at com.kms.katalon.core.main.TestSuiteExecutor.accessTestSuiteMainPhase(TestSuiteExecutor.java:148)
	at com.kms.katalon.core.main.TestSuiteExecutor.execute(TestSuiteExecutor.java:106)
	at com.kms.katalon.core.main.TestCaseMain.startTestSuite(TestCaseMain.java:187)
	at com.kms.katalon.core.main.TestCaseMain$startTestSuite$0.call(Unknown Source)
	at TempTestSuite1693284812317.run(TempTestSuite1693284812317.groovy:36)
Caused by: com.kms.katalon.core.exception.StepFailedException: com.kms.katalon.core.webui.exception.WebElementNotFoundException: Web element with id: 'Object Repository/OPCPage/ConfirmOrder_Checkout' located by '//div[@class='confirmation-section__gratitude']' not found
	at com.kms.katalon.core.webui.keyword.internal.WebUIKeywordMain.stepFailed(WebUIKeywordMain.groovy:64)
	at com.kms.katalon.core.webui.keyword.builtin.VerifyElementPresentKeyword$_verifyElementPresent_closure1.doCall(VerifyElementPresentKeyword.groovy:85)
	at com.kms.katalon.core.webui.keyword.builtin.VerifyElementPresentKeyword$_verifyElementPresent_closure1.call(VerifyElementPresentKeyword.groovy)
	at com.kms.katalon.core.webui.keyword.internal.WebUIKeywordMain.runKeyword(WebUIKeywordMain.groovy:20)
	... 19 more
)

2023-08-29 10:52:26 - [MESSAGE][WARNING] - Timeout '0' is invalid. Using default page load timeout: '30'

2023-08-29 10:52:57 - [MESSAGE][INFO] - Unable to find the element located by 'By.xpath: //div[@class='confirmation-section__gratitude']'. Please recheck the objects properties to make sure the desired element is located. 

2023-08-29 10:52:58 - [MESSAGE][FAILED] - com.kms.katalon.core.webui.exception.WebElementNotFoundException: Web element with id: 'Object Repository/OPCPage/ConfirmOrder_Checkout' located by '//div[@class='confirmation-section__gratitude']' not found (Root cause: com.kms.katalon.core.exception.StepFailedException: com.kms.katalon.core.webui.exception.WebElementNotFoundException: Web element with id: 'Object Repository/OPCPage/ConfirmOrder_Checkout' located by '//div[@class='confirmation-section__gratitude']' not found
	at com.kms.katalon.core.webui.keyword.internal.WebUIKeywordMain.stepFailed(WebUIKeywordMain.groovy:64)
	at com.kms.katalon.core.webui.keyword.builtin.VerifyElementPresentKeyword$_verifyElementPresent_closure1.doCall(VerifyElementPresentKeyword.groovy:85)
	at com.kms.katalon.core.webui.keyword.builtin.VerifyElementPresentKeyword$_verifyElementPresent_closure1.call(VerifyElementPresentKeyword.groovy)
	at com.kms.katalon.core.webui.keyword.internal.WebUIKeywordMain.runKeyword(WebUIKeywordMain.groovy:20)
	at com.kms.katalon.core.webui.keyword.builtin.VerifyElementPresentKeyword.verifyElementPresent(VerifyElementPresentKeyword.groovy:92)
	at com.kms.katalon.core.webui.keyword.builtin.VerifyElementPresentKeyword.execute(VerifyElementPresentKeyword.groovy:68)
	at com.kms.katalon.core.keyword.internal.KeywordExecutor.executeKeywordForPlatform(KeywordExecutor.groovy:74)
	at com.kms.katalon.core.webui.keyword.WebUiBuiltInKeywords.verifyElementPresent(WebUiBuiltInKeywords.groovy:1464)
	at com.kms.katalon.core.webui.keyword.WebUiBuiltInKeywords$verifyElementPresent$6.call(Unknown Source)
	at TS_SMOKE_SUITE_083.run(TS_SMOKE_SUITE_083:45)
	at com.kms.katalon.core.main.ScriptEngine.run(ScriptEngine.java:194)
	at com.kms.katalon.core.main.ScriptEngine.runScriptAsRawText(ScriptEngine.java:119)
	at com.kms.katalon.core.main.TestCaseExecutor.runScript(TestCaseExecutor.java:448)
	at com.kms.katalon.core.main.TestCaseExecutor.doExecute(TestCaseExecutor.java:439)
	at com.kms.katalon.core.main.TestCaseExecutor.processExecutionPhase(TestCaseExecutor.java:418)
	at com.kms.katalon.core.main.TestCaseExecutor.accessMainPhase(TestCaseExecutor.java:410)
	at com.kms.katalon.core.main.TestCaseExecutor.execute(TestCaseExecutor.java:285)
	at com.kms.katalon.core.common.CommonExecutor.accessTestCaseMainPhase(CommonExecutor.java:65)
	at com.kms.katalon.core.main.TestSuiteExecutor.accessTestSuiteMainPhase(TestSuiteExecutor.java:148)
	at com.kms.katalon.core.main.TestSuiteExecutor.execute(TestSuiteExecutor.java:106)
	at com.kms.katalon.core.main.TestCaseMain.startTestSuite(TestCaseMain.java:187)
	at com.kms.katalon.core.main.TestCaseMain$startTestSuite$0.call(Unknown Source)
	at TempTestSuite1693284812317.run(TempTestSuite1693284812317.groovy:36)
)
[[ATTACHMENT|D:\\backup\\LiverpoolProject_SmokeSuite\\Reports\\20230829_080249\\SmokeSuite_AllModules\\20230829_102332\\1693286577775.png]]

2023-08-29 10:52:58 - [MESSAGE][FAILED] - Unable to verify object 'Object Repository/OPCPage/ConfirmOrder_Checkout' is present (Root cause: com.kms.katalon.core.exception.StepFailedException: Unable to verify object 'Object Repository/OPCPage/ConfirmOrder_Checkout' is present
	at com.kms.katalon.core.webui.keyword.internal.WebUIKeywordMain.stepFailed(WebUIKeywordMain.groovy:64)
	at com.kms.katalon.core.webui.keyword.internal.WebUIKeywordMain.runKeyword(WebUIKeywordMain.groovy:26)
	at com.kms.katalon.core.webui.keyword.builtin.VerifyElementPresentKeyword.verifyElementPresent(VerifyElementPresentKeyword.groovy:92)
	at com.kms.katalon.core.webui.keyword.builtin.VerifyElementPresentKeyword.execute(VerifyElementPresentKeyword.groovy:68)
	at com.kms.katalon.core.keyword.internal.KeywordExecutor.executeKeywordForPlatform(KeywordExecutor.groovy:74)
	at com.kms.katalon.core.webui.keyword.WebUiBuiltInKeywords.verifyElementPresent(WebUiBuiltInKeywords.groovy:1464)
	at com.kms.katalon.core.webui.keyword.WebUiBuiltInKeywords$verifyElementPresent$6.call(Unknown Source)
	at TS_SMOKE_SUITE_083.run(TS_SMOKE_SUITE_083:45)
	at com.kms.katalon.core.main.ScriptEngine.run(ScriptEngine.java:194)
	at com.kms.katalon.core.main.ScriptEngine.runScriptAsRawText(ScriptEngine.java:119)
	at com.kms.katalon.core.main.TestCaseExecutor.runScript(TestCaseExecutor.java:448)
	at com.kms.katalon.core.main.TestCaseExecutor.doExecute(TestCaseExecutor.java:439)
	at com.kms.katalon.core.main.TestCaseExecutor.processExecutionPhase(TestCaseExecutor.java:418)
	at com.kms.katalon.core.main.TestCaseExecutor.accessMainPhase(TestCaseExecutor.java:410)
	at com.kms.katalon.core.main.TestCaseExecutor.execute(TestCaseExecutor.java:285)
	at com.kms.katalon.core.common.CommonExecutor.accessTestCaseMainPhase(CommonExecutor.java:65)
	at com.kms.katalon.core.main.TestSuiteExecutor.accessTestSuiteMainPhase(TestSuiteExecutor.java:148)
	at com.kms.katalon.core.main.TestSuiteExecutor.execute(TestSuiteExecutor.java:106)
	at com.kms.katalon.core.main.TestCaseMain.startTestSuite(TestCaseMain.java:187)
	at com.kms.katalon.core.main.TestCaseMain$startTestSuite$0.call(Unknown Source)
	at TempTestSuite1693284812317.run(TempTestSuite1693284812317.groovy:36)
Caused by: com.kms.katalon.core.exception.StepFailedException: com.kms.katalon.core.webui.exception.WebElementNotFoundException: Web element with id: 'Object Repository/OPCPage/ConfirmOrder_Checkout' located by '//div[@class='confirmation-section__gratitude']' not found
	at com.kms.katalon.core.webui.keyword.internal.WebUIKeywordMain.stepFailed(WebUIKeywordMain.groovy:64)
	at com.kms.katalon.core.webui.keyword.builtin.VerifyElementPresentKeyword$_verifyElementPresent_closure1.doCall(VerifyElementPresentKeyword.groovy:85)
	at com.kms.katalon.core.webui.keyword.builtin.VerifyElementPresentKeyword$_verifyElementPresent_closure1.call(VerifyElementPresentKeyword.groovy)
	at com.kms.katalon.core.webui.keyword.internal.WebUIKeywordMain.runKeyword(WebUIKeywordMain.groovy:20)
	... 19 more
)
[[ATTACHMENT|D:\\backup\\LiverpoolProject_SmokeSuite\\Reports\\20230829_080249\\SmokeSuite_AllModules\\20230829_102332\\1693286578028.png]]]]></system-out>
         <system-err><![CDATA[2023-08-29 10:48:58 - [TEST_CASE][FAILED] - Test Cases/Checkout/TS_SMOKE_SUITE_083: Test Cases/Checkout/TS_SMOKE_SUITE_083 FAILED.
Reason:
com.kms.katalon.core.exception.StepFailedException: Unable to verify object 'Object Repository/OPCPage/ConfirmOrder_Checkout' is present
	at com.kms.katalon.core.webui.keyword.internal.WebUIKeywordMain.stepFailed(WebUIKeywordMain.groovy:64)
	at com.kms.katalon.core.webui.keyword.internal.WebUIKeywordMain.runKeyword(WebUIKeywordMain.groovy:26)
	at com.kms.katalon.core.webui.keyword.builtin.VerifyElementPresentKeyword.verifyElementPresent(VerifyElementPresentKeyword.groovy:92)
	at com.kms.katalon.core.webui.keyword.builtin.VerifyElementPresentKeyword.execute(VerifyElementPresentKeyword.groovy:68)
	at com.kms.katalon.core.keyword.internal.KeywordExecutor.executeKeywordForPlatform(KeywordExecutor.groovy:74)
	at com.kms.katalon.core.webui.keyword.WebUiBuiltInKeywords.verifyElementPresent(WebUiBuiltInKeywords.groovy:1464)
	at com.kms.katalon.core.webui.keyword.WebUiBuiltInKeywords$verifyElementPresent$6.call(Unknown Source)
	at TS_SMOKE_SUITE_083.run(TS_SMOKE_SUITE_083:45)
	at com.kms.katalon.core.main.ScriptEngine.run(ScriptEngine.java:194)
	at com.kms.katalon.core.main.ScriptEngine.runScriptAsRawText(ScriptEngine.java:119)
	at com.kms.katalon.core.main.TestCaseExecutor.runScript(TestCaseExecutor.java:448)
	at com.kms.katalon.core.main.TestCaseExecutor.doExecute(TestCaseExecutor.java:439)
	at com.kms.katalon.core.main.TestCaseExecutor.processExecutionPhase(TestCaseExecutor.java:418)
	at com.kms.katalon.core.main.TestCaseExecutor.accessMainPhase(TestCaseExecutor.java:410)
	at com.kms.katalon.core.main.TestCaseExecutor.execute(TestCaseExecutor.java:285)
	at com.kms.katalon.core.common.CommonExecutor.accessTestCaseMainPhase(CommonExecutor.java:65)
	at com.kms.katalon.core.main.TestSuiteExecutor.accessTestSuiteMainPhase(TestSuiteExecutor.java:148)
	at com.kms.katalon.core.main.TestSuiteExecutor.execute(TestSuiteExecutor.java:106)
	at com.kms.katalon.core.main.TestCaseMain.startTestSuite(TestCaseMain.java:187)
	at com.kms.katalon.core.main.TestCaseMain$startTestSuite$0.call(Unknown Source)
	at TempTestSuite1693284812317.run(TempTestSuite1693284812317.groovy:36)
Caused by: com.kms.katalon.core.exception.StepFailedException: com.kms.katalon.core.webui.exception.WebElementNotFoundException: Web element with id: 'Object Repository/OPCPage/ConfirmOrder_Checkout' located by '//div[@class='confirmation-section__gratitude']' not found
	at com.kms.katalon.core.webui.keyword.internal.WebUIKeywordMain.stepFailed(WebUIKeywordMain.groovy:64)
	at com.kms.katalon.core.webui.keyword.builtin.VerifyElementPresentKeyword$_verifyElementPresent_closure1.doCall(VerifyElementPresentKeyword.groovy:85)
	at com.kms.katalon.core.webui.keyword.builtin.VerifyElementPresentKeyword$_verifyElementPresent_closure1.call(VerifyElementPresentKeyword.groovy)
	at com.kms.katalon.core.webui.keyword.internal.WebUIKeywordMain.runKeyword(WebUIKeywordMain.groovy:20)
	... 19 more]]></system-err>
      </testcase>
      <testcase name="Test Cases/Checkout/TS_SMOKE_SUITE_086" time="317.431" classname="Test Cases/Checkout/TS_SMOKE_SUITE_086" status="FAILED">
         <failure type="FAILED" message="Test Cases/Checkout/TS_SMOKE_SUITE_086 FAILED.
Reason:
com.kms.katalon.core.exception.StepFailedException: Unable to verify object 'Object Repository/OPCPage/ConfirmOrder_Checkout' is present
	at com.kms.katalon.core.webui.keyword.internal.WebUIKeywordMain.stepFailed(WebUIKeywordMain.groovy:64)
	at com.kms.katalon.core.webui.keyword.internal.WebUIKeywordMain.runKeyword(WebUIKeywordMain.groovy:26)
	at com.kms.katalon.core.webui.keyword.builtin.VerifyElementPresentKeyword.verifyElementPresent(VerifyElementPresentKeyword.groovy:92)
	at com.kms.katalon.core.webui.keyword.builtin.VerifyElementPresentKeyword.execute(VerifyElementPresentKeyword.groovy:68)
	at com.kms.katalon.core.keyword.internal.KeywordExecutor.executeKeywordForPlatform(KeywordExecutor.groovy:74)
	at com.kms.katalon.core.webui.keyword.WebUiBuiltInKeywords.verifyElementPresent(WebUiBuiltInKeywords.groovy:1464)
	at com.kms.katalon.core.webui.keyword.WebUiBuiltInKeywords$verifyElementPresent$6.call(Unknown Source)
	at TS_SMOKE_SUITE_086.run(TS_SMOKE_SUITE_086:51)
	at com.kms.katalon.core.main.ScriptEngine.run(ScriptEngine.java:194)
	at com.kms.katalon.core.main.ScriptEngine.runScriptAsRawText(ScriptEngine.java:119)
	at com.kms.katalon.core.main.TestCaseExecutor.runScript(TestCaseExecutor.java:448)
	at com.kms.katalon.core.main.TestCaseExecutor.doExecute(TestCaseExecutor.java:439)
	at com.kms.katalon.core.main.TestCaseExecutor.processExecutionPhase(TestCaseExecutor.java:418)
	at com.kms.katalon.core.main.TestCaseExecutor.accessMainPhase(TestCaseExecutor.java:410)
	at com.kms.katalon.core.main.TestCaseExecutor.execute(TestCaseExecutor.java:285)
	at com.kms.katalon.core.common.CommonExecutor.accessTestCaseMainPhase(CommonExecutor.java:65)
	at com.kms.katalon.core.main.TestSuiteExecutor.accessTestSuiteMainPhase(TestSuiteExecutor.java:148)
	at com.kms.katalon.core.main.TestSuiteExecutor.execute(TestSuiteExecutor.java:106)
	at com.kms.katalon.core.main.TestCaseMain.startTestSuite(TestCaseMain.java:187)
	at com.kms.katalon.core.main.TestCaseMain$startTestSuite$0.call(Unknown Source)
	at TempTestSuite1693284812317.run(TempTestSuite1693284812317.groovy:36)
Caused by: com.kms.katalon.core.exception.StepFailedException: com.kms.katalon.core.webui.exception.WebElementNotFoundException: Web element with id: 'Object Repository/OPCPage/ConfirmOrder_Checkout' located by '//div[@class='confirmation-section__gratitude']' not found
	at com.kms.katalon.core.webui.keyword.internal.WebUIKeywordMain.stepFailed(WebUIKeywordMain.groovy:64)
	at com.kms.katalon.core.webui.keyword.builtin.VerifyElementPresentKeyword$_verifyElementPresent_closure1.doCall(VerifyElementPresentKeyword.groovy:85)
	at com.kms.katalon.core.webui.keyword.builtin.VerifyElementPresentKeyword$_verifyElementPresent_closure1.call(VerifyElementPresentKeyword.groovy)
	at com.kms.katalon.core.webui.keyword.internal.WebUIKeywordMain.runKeyword(WebUIKeywordMain.groovy:20)
	... 19 more
"/>
         <system-out><![CDATA[2023-08-29 10:52:58 - [TEST_CASE][FAILED] - Test Cases/Checkout/TS_SMOKE_SUITE_086: Test Cases/Checkout/TS_SMOKE_SUITE_086 FAILED.
Reason:
com.kms.katalon.core.exception.StepFailedException: Unable to verify object 'Object Repository/OPCPage/ConfirmOrder_Checkout' is present
	at com.kms.katalon.core.webui.keyword.internal.WebUIKeywordMain.stepFailed(WebUIKeywordMain.groovy:64)
	at com.kms.katalon.core.webui.keyword.internal.WebUIKeywordMain.runKeyword(WebUIKeywordMain.groovy:26)
	at com.kms.katalon.core.webui.keyword.builtin.VerifyElementPresentKeyword.verifyElementPresent(VerifyElementPresentKeyword.groovy:92)
	at com.kms.katalon.core.webui.keyword.builtin.VerifyElementPresentKeyword.execute(VerifyElementPresentKeyword.groovy:68)
	at com.kms.katalon.core.keyword.internal.KeywordExecutor.executeKeywordForPlatform(KeywordExecutor.groovy:74)
	at com.kms.katalon.core.webui.keyword.WebUiBuiltInKeywords.verifyElementPresent(WebUiBuiltInKeywords.groovy:1464)
	at com.kms.katalon.core.webui.keyword.WebUiBuiltInKeywords$verifyElementPresent$6.call(Unknown Source)
	at TS_SMOKE_SUITE_086.run(TS_SMOKE_SUITE_086:51)
	at com.kms.katalon.core.main.ScriptEngine.run(ScriptEngine.java:194)
	at com.kms.katalon.core.main.ScriptEngine.runScriptAsRawText(ScriptEngine.java:119)
	at com.kms.katalon.core.main.TestCaseExecutor.runScript(TestCaseExecutor.java:448)
	at com.kms.katalon.core.main.TestCaseExecutor.doExecute(TestCaseExecutor.java:439)
	at com.kms.katalon.core.main.TestCaseExecutor.processExecutionPhase(TestCaseExecutor.java:418)
	at com.kms.katalon.core.main.TestCaseExecutor.accessMainPhase(TestCaseExecutor.java:410)
	at com.kms.katalon.core.main.TestCaseExecutor.execute(TestCaseExecutor.java:285)
	at com.kms.katalon.core.common.CommonExecutor.accessTestCaseMainPhase(CommonExecutor.java:65)
	at com.kms.katalon.core.main.TestSuiteExecutor.accessTestSuiteMainPhase(TestSuiteExecutor.java:148)
	at com.kms.katalon.core.main.TestSuiteExecutor.execute(TestSuiteExecutor.java:106)
	at com.kms.katalon.core.main.TestCaseMain.startTestSuite(TestCaseMain.java:187)
	at com.kms.katalon.core.main.TestCaseMain$startTestSuite$0.call(Unknown Source)
	at TempTestSuite1693284812317.run(TempTestSuite1693284812317.groovy:36)
Caused by: com.kms.katalon.core.exception.StepFailedException: com.kms.katalon.core.webui.exception.WebElementNotFoundException: Web element with id: 'Object Repository/OPCPage/ConfirmOrder_Checkout' located by '//div[@class='confirmation-section__gratitude']' not found
	at com.kms.katalon.core.webui.keyword.internal.WebUIKeywordMain.stepFailed(WebUIKeywordMain.groovy:64)
	at com.kms.katalon.core.webui.keyword.builtin.VerifyElementPresentKeyword$_verifyElementPresent_closure1.doCall(VerifyElementPresentKeyword.groovy:85)
	at com.kms.katalon.core.webui.keyword.builtin.VerifyElementPresentKeyword$_verifyElementPresent_closure1.call(VerifyElementPresentKeyword.groovy)
	at com.kms.katalon.core.webui.keyword.internal.WebUIKeywordMain.runKeyword(WebUIKeywordMain.groovy:20)
	... 19 more


2023-08-29 10:52:58 - [TEST_STEP][PASSED] - openBrowser(""): Browser is opened with url: ''

2023-08-29 10:52:58 - [MESSAGE][WARNING] - A browser is already opened. Closing browser and opening a new one

2023-08-29 10:52:59 - [MESSAGE][INFO] - Starting 'Chrome' driver

2023-08-29 10:52:59 - [MESSAGE][INFO] - Action delay is set to 0 milliseconds

2023-08-29 10:53:01 - [MESSAGE][PASSED] - Browser is opened with url: ''

2023-08-29 10:53:01 - [TEST_STEP][PASSED] - navigateToUrl(URL): Navigate to 'https://odtaqaa.liverpool.com.mx/tienda/home' successfully

2023-08-29 10:53:58 - [MESSAGE][PASSED] - Navigate to 'https://odtaqaa.liverpool.com.mx/tienda/home' successfully

2023-08-29 10:53:58 - [TEST_STEP][PASSED] - callTestCase(findTestCase("CommonMethods/login_odtaqab"), [:], OPTIONAL): Call Test Case 'Test Cases/CommonMethods/login_odtaqab' successfully

2023-08-29 10:53:58 - [TEST_CASE][PASSED] - Test Cases/CommonMethods/login_odtaqab: Test Cases/CommonMethods/login_odtaqab

2023-08-29 10:53:58 - [TEST_STEP][PASSED] - click(findTestObject("HomePage/Iniciar sesion")): Object: 'Object Repository/HomePage/Iniciar sesion' is clicked on

2023-08-29 10:53:58 - [MESSAGE][PASSED] - Object: 'Object Repository/HomePage/Iniciar sesion' is clicked on

2023-08-29 10:53:58 - [TEST_STEP][PASSED] - enhancedClick(findTestObject("HomePage/EnterUsername_LP")): Object: 'Object Repository/HomePage/EnterUsername_LP' is clicked on

2023-08-29 10:54:22 - [MESSAGE][PASSED] - Object: 'Object Repository/HomePage/EnterUsername_LP' is clicked on

2023-08-29 10:54:22 - [TEST_STEP][PASSED] - setText(findTestObject("HomePage/EnterUsername_LP"), username): Text 'hcheruvu29@digisprint.com' is set on object 'Object Repository/HomePage/EnterUsername_LP'

2023-08-29 10:54:22 - [MESSAGE][PASSED] - Text 'hcheruvu29@digisprint.com' is set on object 'Object Repository/HomePage/EnterUsername_LP'

2023-08-29 10:54:22 - [TEST_STEP][PASSED] - delay(2): Delayed 2 second(s)

2023-08-29 10:54:24 - [MESSAGE][PASSED] - Delayed 2 second(s)

2023-08-29 10:54:24 - [TEST_STEP][PASSED] - enhancedClick(findTestObject("HomePage/EnterPassword_LP")): Object: 'Object Repository/HomePage/EnterPassword_LP' is clicked on

2023-08-29 10:54:25 - [MESSAGE][PASSED] - Object: 'Object Repository/HomePage/EnterPassword_LP' is clicked on

2023-08-29 10:54:25 - [TEST_STEP][PASSED] - delay(2): Delayed 2 second(s)

2023-08-29 10:54:27 - [MESSAGE][PASSED] - Delayed 2 second(s)

2023-08-29 10:54:27 - [TEST_STEP][PASSED] - setText(findTestObject("HomePage/EnterPassword_LP"), password): Text 'Test@12345' is set on object 'Object Repository/HomePage/EnterPassword_LP'

2023-08-29 10:54:27 - [MESSAGE][PASSED] - Text 'Test@12345' is set on object 'Object Repository/HomePage/EnterPassword_LP'

2023-08-29 10:54:27 - [TEST_STEP][PASSED] - click(findTestObject("HomePage/inciar")): Object: 'Object Repository/HomePage/inciar' is clicked on

2023-08-29 10:54:38 - [MESSAGE][PASSED] - Object: 'Object Repository/HomePage/inciar' is clicked on

2023-08-29 10:54:38 - [MESSAGE][PASSED] - Call Test Case 'Test Cases/CommonMethods/login_odtaqab' successfully

2023-08-29 10:54:38 - [TEST_STEP][PASSED] - callTestCase(findTestCase("CommonMethods/SearchForAProduct_search"), ["searchTerm":SLProduct], STOP_ON_FAILURE): Call Test Case 'Test Cases/CommonMethods/SearchForAProduct_search' successfully

2023-08-29 10:54:38 - [TEST_CASE][PASSED] - Test Cases/CommonMethods/SearchForAProduct_search: Test Cases/CommonMethods/SearchForAProduct_search

2023-08-29 10:54:38 - [TEST_STEP][PASSED] - click(findTestObject("HomePage/Buscar1"), STOP_ON_FAILURE): Object: 'Object Repository/HomePage/Buscar1' is clicked on

2023-08-29 10:55:17 - [MESSAGE][PASSED] - Object: 'Object Repository/HomePage/Buscar1' is clicked on

2023-08-29 10:55:17 - [TEST_STEP][PASSED] - delay(3): Delayed 3 second(s)

2023-08-29 10:55:20 - [MESSAGE][PASSED] - Delayed 3 second(s)

2023-08-29 10:55:20 - [TEST_STEP][PASSED] - setText(findTestObject("HomePage/Buscar1"), searchTerm): Text 'can
' is set on object 'Object Repository/HomePage/Buscar1'

2023-08-29 10:55:21 - [MESSAGE][PASSED] - Text 'can
' is set on object 'Object Repository/HomePage/Buscar1'

2023-08-29 10:55:21 - [TEST_STEP][PASSED] - delay(3): Delayed 3 second(s)

2023-08-29 10:55:24 - [MESSAGE][PASSED] - Delayed 3 second(s)

2023-08-29 10:55:24 - [TEST_STEP][PASSED] - sendKeys(findTestObject("HomePage/Seach_TextBox_hp"), Keys.chord(ENTER)): Keys 'ENTER + ' sent to object: 'Object Repository/HomePage/Seach_TextBox_hp'

2023-08-29 10:55:45 - [MESSAGE][PASSED] - Keys 'ENTER + ' sent to object: 'Object Repository/HomePage/Seach_TextBox_hp'

2023-08-29 10:55:45 - [MESSAGE][PASSED] - Call Test Case 'Test Cases/CommonMethods/SearchForAProduct_search' successfully

2023-08-29 10:55:45 - [TEST_STEP][PASSED] - waitForPageLoad(0): Wait for page load successfully

2023-08-29 10:55:45 - [MESSAGE][WARNING] - Timeout '0' is invalid. Using default page load timeout: '30'

2023-08-29 10:55:45 - [MESSAGE][PASSED] - Wait for page load successfully

2023-08-29 10:55:45 - [TEST_STEP][PASSED] - click(findTestObject("PLPPage/product2_cardPrice_PLP"), OPTIONAL): Object: 'Object Repository/PLPPage/product2_cardPrice_PLP' is clicked on

2023-08-29 10:55:57 - [MESSAGE][PASSED] - Object: 'Object Repository/PLPPage/product2_cardPrice_PLP' is clicked on

2023-08-29 10:55:57 - [TEST_STEP][PASSED] - click(findTestObject("PDPPage/AddToCart_PDP")): Object: 'Object Repository/PDPPage/AddToCart_PDP' is clicked on

2023-08-29 10:56:00 - [MESSAGE][PASSED] - Object: 'Object Repository/PDPPage/AddToCart_PDP' is clicked on

2023-08-29 10:56:00 - [TEST_STEP][PASSED] - click(findTestObject("HomePage/bag_header_HP")): Object: 'Object Repository/HomePage/bag_header_HP' is clicked on

2023-08-29 10:56:05 - [MESSAGE][PASSED] - Object: 'Object Repository/HomePage/bag_header_HP' is clicked on

2023-08-29 10:56:05 - [TEST_STEP][PASSED] - click(findTestObject("CartPage/BuyButton_Cart")): Object: 'Object Repository/CartPage/BuyButton_Cart' is clicked on

2023-08-29 10:56:09 - [MESSAGE][PASSED] - Object: 'Object Repository/CartPage/BuyButton_Cart' is clicked on

2023-08-29 10:56:09 - [TEST_STEP][PASSED] - click(findTestObject("OPCPage/paymentMethod_change_OPC")): Object: 'Object Repository/OPCPage/paymentMethod_change_OPC' is clicked on

2023-08-29 10:56:18 - [MESSAGE][PASSED] - Object: 'Object Repository/OPCPage/paymentMethod_change_OPC' is clicked on

2023-08-29 10:56:18 - [TEST_STEP][PASSED] - click(findTestObject("OPCPage/paymentMethod_button2_OPC")): Object: 'Object Repository/OPCPage/paymentMethod_button2_OPC' is clicked on

2023-08-29 10:56:21 - [MESSAGE][PASSED] - Object: 'Object Repository/OPCPage/paymentMethod_button2_OPC' is clicked on

2023-08-29 10:56:21 - [TEST_STEP][PASSED] - click(findTestObject("OPCPage/label_Cambiar_payment_opc"), OPTIONAL): Unable to click on object 'Object Repository/OPCPage/label_Cambiar_payment_opc' (Root cause: com.kms.katalon.core.exception.StepFailedException: Unable to click on object 'Object Repository/OPCPage/label_Cambiar_payment_opc'
	at com.kms.katalon.core.webui.keyword.internal.WebUIKeywordMain.stepFailed(WebUIKeywordMain.groovy:64)
	at com.kms.katalon.core.webui.keyword.internal.WebUIKeywordMain.runKeyword(WebUIKeywordMain.groovy:26)
	at com.kms.katalon.core.webui.keyword.builtin.ClickKeyword.click(ClickKeyword.groovy:74)
	at com.kms.katalon.core.webui.keyword.builtin.ClickKeyword.execute(ClickKeyword.groovy:40)
	at com.kms.katalon.core.keyword.internal.KeywordExecutor.executeKeywordForPlatform(KeywordExecutor.groovy:74)
	at com.kms.katalon.core.webui.keyword.WebUiBuiltInKeywords.click(WebUiBuiltInKeywords.groovy:608)
	at com.kms.katalon.core.webui.keyword.WebUiBuiltInKeywords$click$15.call(Unknown Source)
	at TS_SMOKE_SUITE_086.run(TS_SMOKE_SUITE_086:43)
	at com.kms.katalon.core.main.ScriptEngine.run(ScriptEngine.java:194)
	at com.kms.katalon.core.main.ScriptEngine.runScriptAsRawText(ScriptEngine.java:119)
	at com.kms.katalon.core.main.TestCaseExecutor.runScript(TestCaseExecutor.java:448)
	at com.kms.katalon.core.main.TestCaseExecutor.doExecute(TestCaseExecutor.java:439)
	at com.kms.katalon.core.main.TestCaseExecutor.processExecutionPhase(TestCaseExecutor.java:418)
	at com.kms.katalon.core.main.TestCaseExecutor.accessMainPhase(TestCaseExecutor.java:410)
	at com.kms.katalon.core.main.TestCaseExecutor.execute(TestCaseExecutor.java:285)
	at com.kms.katalon.core.common.CommonExecutor.accessTestCaseMainPhase(CommonExecutor.java:65)
	at com.kms.katalon.core.main.TestSuiteExecutor.accessTestSuiteMainPhase(TestSuiteExecutor.java:148)
	at com.kms.katalon.core.main.TestSuiteExecutor.execute(TestSuiteExecutor.java:106)
	at com.kms.katalon.core.main.TestCaseMain.startTestSuite(TestCaseMain.java:187)
	at com.kms.katalon.core.main.TestCaseMain$startTestSuite$0.call(Unknown Source)
	at TempTestSuite1693284812317.run(TempTestSuite1693284812317.groovy:36)
Caused by: org.openqa.selenium.ElementClickInterceptedException: element click intercepted: Element <div class="a-box__accordionIcon float-right">...</div> is not clickable at point (633, 304). Other element would receive the click: <b class="a-paypalInfo__heading">...</b>
  (Session info: chrome=116.0.5845.111)
Build info: version: '3.141.59', revision: 'e82be7d358', time: '2018-11-14T08:25:53'
System info: host: 'DESKTOP-L51QJLB', ip: '172.22.45.157', os.name: 'Windows 10', os.arch: 'amd64', os.version: '10.0', java.version: '1.8.0_282'
Driver info: com.kms.katalon.selenium.driver.CChromeDriver
Capabilities {acceptInsecureCerts: false, browserName: chrome, browserVersion: 116.0.5845.111, chrome: {chromedriverVersion: 116.0.5845.96 (1a3918166880..., userDataDir: C:\Users\DELL\AppData\Local...}, fedcm:accounts: true, goog:chromeOptions: {debuggerAddress: localhost:60846}, javascriptEnabled: true, networkConnectionEnabled: false, pageLoadStrategy: normal, platform: WINDOWS, platformName: WINDOWS, proxy: Proxy(), setWindowRect: true, strictFileInteractability: false, timeouts: {implicit: 0, pageLoad: 300000, script: 30000}, unhandledPromptBehavior: dismiss and notify, webauthn:extension:credBlob: true, webauthn:extension:largeBlob: true, webauthn:extension:minPinLength: true, webauthn:extension:prf: true, webauthn:virtualAuthenticators: true}
Session ID: 09d220866fcfb9737c7b4a7978050a69
	at org.openqa.selenium.remote.http.W3CHttpResponseCodec.createException(W3CHttpResponseCodec.java:187)
	at org.openqa.selenium.remote.http.W3CHttpResponseCodec.decode(W3CHttpResponseCodec.java:122)
	at org.openqa.selenium.remote.http.W3CHttpResponseCodec.decode(W3CHttpResponseCodec.java:49)
	at org.openqa.selenium.remote.HttpCommandExecutor.execute(HttpCommandExecutor.java:158)
	at org.openqa.selenium.remote.service.DriverCommandExecutor.execute(DriverCommandExecutor.java:83)
	at org.openqa.selenium.remote.RemoteWebDriver.execute(RemoteWebDriver.java:552)
	at com.kms.katalon.selenium.driver.CChromeDriver.execute(CChromeDriver.java:19)
	at org.openqa.selenium.remote.RemoteWebElement.execute(RemoteWebElement.java:285)
	at org.openqa.selenium.remote.RemoteWebElement.click(RemoteWebElement.java:84)
	at org.openqa.selenium.support.events.EventFiringWebDriver$EventFiringWebElement.lambda$new$0(EventFiringWebDriver.java:404)
	at com.sun.proxy.$Proxy11.click(Unknown Source)
	at org.openqa.selenium.support.events.EventFiringWebDriver$EventFiringWebElement.click(EventFiringWebDriver.java:417)
	at org.openqa.selenium.WebElement$click.call(Unknown Source)
	at com.kms.katalon.core.webui.keyword.builtin.ClickKeyword.clickUntilSuccessWithTimeout(ClickKeyword.groovy:81)
	at com.kms.katalon.core.webui.keyword.builtin.ClickKeyword.clickUntilSuccessWithTimeout(ClickKeyword.groovy)
	at com.kms.katalon.core.webui.keyword.builtin.ClickKeyword$_click_closure1.doCall(ClickKeyword.groovy:67)
	at com.kms.katalon.core.webui.keyword.builtin.ClickKeyword$_click_closure1.call(ClickKeyword.groovy)
	at com.kms.katalon.core.webui.keyword.internal.WebUIKeywordMain.runKeyword(WebUIKeywordMain.groovy:20)
	at com.kms.katalon.core.webui.keyword.builtin.ClickKeyword.click(ClickKeyword.groovy:74)
	at com.kms.katalon.core.webui.keyword.builtin.ClickKeyword.execute(ClickKeyword.groovy:40)
	at com.kms.katalon.core.keyword.internal.KeywordExecutor.executeKeywordForPlatform(KeywordExecutor.groovy:74)
	at com.kms.katalon.core.webui.keyword.WebUiBuiltInKeywords.click(WebUiBuiltInKeywords.groovy:608)
	at com.kms.katalon.core.webui.keyword.WebUiBuiltInKeywords$click$15.call(Unknown Source)
	at Script1691572246319.run(Script1691572246319.groovy:43)
	... 13 more
)

2023-08-29 10:56:55 - [MESSAGE][WARNING] - Unable to click on object 'Object Repository/OPCPage/label_Cambiar_payment_opc' (Root cause: com.kms.katalon.core.exception.StepFailedException: Unable to click on object 'Object Repository/OPCPage/label_Cambiar_payment_opc'
	at com.kms.katalon.core.webui.keyword.internal.WebUIKeywordMain.stepFailed(WebUIKeywordMain.groovy:64)
	at com.kms.katalon.core.webui.keyword.internal.WebUIKeywordMain.runKeyword(WebUIKeywordMain.groovy:26)
	at com.kms.katalon.core.webui.keyword.builtin.ClickKeyword.click(ClickKeyword.groovy:74)
	at com.kms.katalon.core.webui.keyword.builtin.ClickKeyword.execute(ClickKeyword.groovy:40)
	at com.kms.katalon.core.keyword.internal.KeywordExecutor.executeKeywordForPlatform(KeywordExecutor.groovy:74)
	at com.kms.katalon.core.webui.keyword.WebUiBuiltInKeywords.click(WebUiBuiltInKeywords.groovy:608)
	at com.kms.katalon.core.webui.keyword.WebUiBuiltInKeywords$click$15.call(Unknown Source)
	at TS_SMOKE_SUITE_086.run(TS_SMOKE_SUITE_086:43)
	at com.kms.katalon.core.main.ScriptEngine.run(ScriptEngine.java:194)
	at com.kms.katalon.core.main.ScriptEngine.runScriptAsRawText(ScriptEngine.java:119)
	at com.kms.katalon.core.main.TestCaseExecutor.runScript(TestCaseExecutor.java:448)
	at com.kms.katalon.core.main.TestCaseExecutor.doExecute(TestCaseExecutor.java:439)
	at com.kms.katalon.core.main.TestCaseExecutor.processExecutionPhase(TestCaseExecutor.java:418)
	at com.kms.katalon.core.main.TestCaseExecutor.accessMainPhase(TestCaseExecutor.java:410)
	at com.kms.katalon.core.main.TestCaseExecutor.execute(TestCaseExecutor.java:285)
	at com.kms.katalon.core.common.CommonExecutor.accessTestCaseMainPhase(CommonExecutor.java:65)
	at com.kms.katalon.core.main.TestSuiteExecutor.accessTestSuiteMainPhase(TestSuiteExecutor.java:148)
	at com.kms.katalon.core.main.TestSuiteExecutor.execute(TestSuiteExecutor.java:106)
	at com.kms.katalon.core.main.TestCaseMain.startTestSuite(TestCaseMain.java:187)
	at com.kms.katalon.core.main.TestCaseMain$startTestSuite$0.call(Unknown Source)
	at TempTestSuite1693284812317.run(TempTestSuite1693284812317.groovy:36)
Caused by: org.openqa.selenium.ElementClickInterceptedException: element click intercepted: Element <div class="a-box__accordionIcon float-right">...</div> is not clickable at point (633, 304). Other element would receive the click: <b class="a-paypalInfo__heading">...</b>
  (Session info: chrome=116.0.5845.111)
Build info: version: '3.141.59', revision: 'e82be7d358', time: '2018-11-14T08:25:53'
System info: host: 'DESKTOP-L51QJLB', ip: '172.22.45.157', os.name: 'Windows 10', os.arch: 'amd64', os.version: '10.0', java.version: '1.8.0_282'
Driver info: com.kms.katalon.selenium.driver.CChromeDriver
Capabilities {acceptInsecureCerts: false, browserName: chrome, browserVersion: 116.0.5845.111, chrome: {chromedriverVersion: 116.0.5845.96 (1a3918166880..., userDataDir: C:\Users\DELL\AppData\Local...}, fedcm:accounts: true, goog:chromeOptions: {debuggerAddress: localhost:60846}, javascriptEnabled: true, networkConnectionEnabled: false, pageLoadStrategy: normal, platform: WINDOWS, platformName: WINDOWS, proxy: Proxy(), setWindowRect: true, strictFileInteractability: false, timeouts: {implicit: 0, pageLoad: 300000, script: 30000}, unhandledPromptBehavior: dismiss and notify, webauthn:extension:credBlob: true, webauthn:extension:largeBlob: true, webauthn:extension:minPinLength: true, webauthn:extension:prf: true, webauthn:virtualAuthenticators: true}
Session ID: 09d220866fcfb9737c7b4a7978050a69
	at org.openqa.selenium.remote.http.W3CHttpResponseCodec.createException(W3CHttpResponseCodec.java:187)
	at org.openqa.selenium.remote.http.W3CHttpResponseCodec.decode(W3CHttpResponseCodec.java:122)
	at org.openqa.selenium.remote.http.W3CHttpResponseCodec.decode(W3CHttpResponseCodec.java:49)
	at org.openqa.selenium.remote.HttpCommandExecutor.execute(HttpCommandExecutor.java:158)
	at org.openqa.selenium.remote.service.DriverCommandExecutor.execute(DriverCommandExecutor.java:83)
	at org.openqa.selenium.remote.RemoteWebDriver.execute(RemoteWebDriver.java:552)
	at com.kms.katalon.selenium.driver.CChromeDriver.execute(CChromeDriver.java:19)
	at org.openqa.selenium.remote.RemoteWebElement.execute(RemoteWebElement.java:285)
	at org.openqa.selenium.remote.RemoteWebElement.click(RemoteWebElement.java:84)
	at org.openqa.selenium.support.events.EventFiringWebDriver$EventFiringWebElement.lambda$new$0(EventFiringWebDriver.java:404)
	at com.sun.proxy.$Proxy11.click(Unknown Source)
	at org.openqa.selenium.support.events.EventFiringWebDriver$EventFiringWebElement.click(EventFiringWebDriver.java:417)
	at org.openqa.selenium.WebElement$click.call(Unknown Source)
	at com.kms.katalon.core.webui.keyword.builtin.ClickKeyword.clickUntilSuccessWithTimeout(ClickKeyword.groovy:81)
	at com.kms.katalon.core.webui.keyword.builtin.ClickKeyword.clickUntilSuccessWithTimeout(ClickKeyword.groovy)
	at com.kms.katalon.core.webui.keyword.builtin.ClickKeyword$_click_closure1.doCall(ClickKeyword.groovy:67)
	at com.kms.katalon.core.webui.keyword.builtin.ClickKeyword$_click_closure1.call(ClickKeyword.groovy)
	at com.kms.katalon.core.webui.keyword.internal.WebUIKeywordMain.runKeyword(WebUIKeywordMain.groovy:20)
	at com.kms.katalon.core.webui.keyword.builtin.ClickKeyword.click(ClickKeyword.groovy:74)
	at com.kms.katalon.core.webui.keyword.builtin.ClickKeyword.execute(ClickKeyword.groovy:40)
	at com.kms.katalon.core.keyword.internal.KeywordExecutor.executeKeywordForPlatform(KeywordExecutor.groovy:74)
	at com.kms.katalon.core.webui.keyword.WebUiBuiltInKeywords.click(WebUiBuiltInKeywords.groovy:608)
	at com.kms.katalon.core.webui.keyword.WebUiBuiltInKeywords$click$15.call(Unknown Source)
	at Script1691572246319.run(Script1691572246319.groovy:43)
	... 13 more
)
[[ATTACHMENT|D:\\backup\\LiverpoolProject_SmokeSuite\\Reports\\20230829_080249\\SmokeSuite_AllModules\\20230829_102332\\1693286815590.png]]

2023-08-29 10:56:55 - [TEST_STEP][PASSED] - callTestCase(findTestCase("CommonMethods/paypal(changepaymentmethod)pay"), [:], OPTIONAL): Unable to call Test Case 'Test Cases/CommonMethods/paypal(changepaymentmethod)pay' (Root cause: com.kms.katalon.core.exception.StepFailedException: Call Test Case 'Test Cases/CommonMethods/paypal(changepaymentmethod)pay' failed
	at com.kms.katalon.core.keyword.builtin.CallTestCaseKeyword$_callTestCase_closure1.doCall(CallTestCaseKeyword.groovy:63)
	at com.kms.katalon.core.keyword.builtin.CallTestCaseKeyword$_callTestCase_closure1.call(CallTestCaseKeyword.groovy)
	at com.kms.katalon.core.keyword.internal.KeywordMain.runKeyword(KeywordMain.groovy:75)
	at com.kms.katalon.core.keyword.builtin.CallTestCaseKeyword.callTestCase(CallTestCaseKeyword.groovy:81)
	at com.kms.katalon.core.keyword.builtin.CallTestCaseKeyword.execute(CallTestCaseKeyword.groovy:44)
	at com.kms.katalon.core.keyword.internal.KeywordExecutor.executeKeywordForPlatform(KeywordExecutor.groovy:74)
	at com.kms.katalon.core.keyword.BuiltinKeywords.callTestCase(BuiltinKeywords.groovy:310)
	at TS_SMOKE_SUITE_086.run(TS_SMOKE_SUITE_086:45)
	at com.kms.katalon.core.main.ScriptEngine.run(ScriptEngine.java:194)
	at com.kms.katalon.core.main.ScriptEngine.runScriptAsRawText(ScriptEngine.java:119)
	at com.kms.katalon.core.main.TestCaseExecutor.runScript(TestCaseExecutor.java:448)
	at com.kms.katalon.core.main.TestCaseExecutor.doExecute(TestCaseExecutor.java:439)
	at com.kms.katalon.core.main.TestCaseExecutor.processExecutionPhase(TestCaseExecutor.java:418)
	at com.kms.katalon.core.main.TestCaseExecutor.accessMainPhase(TestCaseExecutor.java:410)
	at com.kms.katalon.core.main.TestCaseExecutor.execute(TestCaseExecutor.java:285)
	at com.kms.katalon.core.common.CommonExecutor.accessTestCaseMainPhase(CommonExecutor.java:65)
	at com.kms.katalon.core.main.TestSuiteExecutor.accessTestSuiteMainPhase(TestSuiteExecutor.java:148)
	at com.kms.katalon.core.main.TestSuiteExecutor.execute(TestSuiteExecutor.java:106)
	at com.kms.katalon.core.main.TestCaseMain.startTestSuite(TestCaseMain.java:187)
	at com.kms.katalon.core.main.TestCaseMain$startTestSuite$0.call(Unknown Source)
	at TempTestSuite1693284812317.run(TempTestSuite1693284812317.groovy:36)
Caused by: com.kms.katalon.core.exception.StepFailedException: Unable to switch to window with title: 'Log in to your PayPal account'
	at com.kms.katalon.core.webui.keyword.internal.WebUIKeywordMain.stepFailed(WebUIKeywordMain.groovy:64)
	at com.kms.katalon.core.webui.keyword.internal.WebUIKeywordMain.runKeyword(WebUIKeywordMain.groovy:26)
	at com.kms.katalon.core.webui.keyword.builtin.SwitchToWindowTitleKeyword.switchToWindowTitle(SwitchToWindowTitleKeyword.groovy:84)
	at com.kms.katalon.core.webui.keyword.builtin.SwitchToWindowTitleKeyword.execute(SwitchToWindowTitleKeyword.groovy:67)
	at com.kms.katalon.core.keyword.internal.KeywordExecutor.executeKeywordForPlatform(KeywordExecutor.groovy:74)
	at com.kms.katalon.core.webui.keyword.WebUiBuiltInKeywords.switchToWindowTitle(WebUiBuiltInKeywords.groovy:1783)
	at com.kms.katalon.core.webui.keyword.WebUiBuiltInKeywords$switchToWindowTitle$19.call(Unknown Source)
	at paypal(changepaymentmethod)pay.run(paypal(changepaymentmethod)pay:20)
	at com.kms.katalon.core.main.ScriptEngine.run(ScriptEngine.java:194)
	at com.kms.katalon.core.main.ScriptEngine.runScriptAsRawText(ScriptEngine.java:119)
	at com.kms.katalon.core.main.TestCaseExecutor.runScript(TestCaseExecutor.java:448)
	at com.kms.katalon.core.main.TestCaseExecutor.doExecute(TestCaseExecutor.java:439)
	at com.kms.katalon.core.main.TestCaseExecutor.processExecutionPhase(TestCaseExecutor.java:418)
	at com.kms.katalon.core.main.TestCaseExecutor.accessMainPhase(TestCaseExecutor.java:410)
	at com.kms.katalon.core.main.TestCaseExecutor.execute(TestCaseExecutor.java:285)
	at com.kms.katalon.core.main.TestCaseMain.runTestCase(TestCaseMain.java:144)
	at com.kms.katalon.core.keyword.builtin.CallTestCaseKeyword$_callTestCase_closure1.doCall(CallTestCaseKeyword.groovy:59)
	... 20 more
Caused by: com.kms.katalon.core.exception.StepFailedException: Cannot find window with title: 'Log in to your PayPal account'
	at com.kms.katalon.core.webui.keyword.internal.WebUIKeywordMain.stepFailed(WebUIKeywordMain.groovy:64)
	at com.kms.katalon.core.webui.keyword.builtin.SwitchToWindowTitleKeyword$_switchToWindowTitle_closure1.doCall(SwitchToWindowTitleKeyword.groovy:82)
	at com.kms.katalon.core.webui.keyword.builtin.SwitchToWindowTitleKeyword$_switchToWindowTitle_closure1.call(SwitchToWindowTitleKeyword.groovy)
	at com.kms.katalon.core.webui.keyword.internal.WebUIKeywordMain.runKeyword(WebUIKeywordMain.groovy:20)
	... 35 more
)

2023-08-29 10:56:55 - [TEST_CASE][FAILED] - Test Cases/CommonMethods/paypal(changepaymentmethod)pay: Test Cases/CommonMethods/paypal(changepaymentmethod)pay FAILED.
Reason:
com.kms.katalon.core.exception.StepFailedException: Unable to switch to window with title: 'Log in to your PayPal account'
	at com.kms.katalon.core.webui.keyword.internal.WebUIKeywordMain.stepFailed(WebUIKeywordMain.groovy:64)
	at com.kms.katalon.core.webui.keyword.internal.WebUIKeywordMain.runKeyword(WebUIKeywordMain.groovy:26)
	at com.kms.katalon.core.webui.keyword.builtin.SwitchToWindowTitleKeyword.switchToWindowTitle(SwitchToWindowTitleKeyword.groovy:84)
	at com.kms.katalon.core.webui.keyword.builtin.SwitchToWindowTitleKeyword.execute(SwitchToWindowTitleKeyword.groovy:67)
	at com.kms.katalon.core.keyword.internal.KeywordExecutor.executeKeywordForPlatform(KeywordExecutor.groovy:74)
	at com.kms.katalon.core.webui.keyword.WebUiBuiltInKeywords.switchToWindowTitle(WebUiBuiltInKeywords.groovy:1783)
	at com.kms.katalon.core.webui.keyword.WebUiBuiltInKeywords$switchToWindowTitle$19.call(Unknown Source)
	at paypal(changepaymentmethod)pay.run(paypal(changepaymentmethod)pay:20)
	at com.kms.katalon.core.main.ScriptEngine.run(ScriptEngine.java:194)
	at com.kms.katalon.core.main.ScriptEngine.runScriptAsRawText(ScriptEngine.java:119)
	at com.kms.katalon.core.main.TestCaseExecutor.runScript(TestCaseExecutor.java:448)
	at com.kms.katalon.core.main.TestCaseExecutor.doExecute(TestCaseExecutor.java:439)
	at com.kms.katalon.core.main.TestCaseExecutor.processExecutionPhase(TestCaseExecutor.java:418)
	at com.kms.katalon.core.main.TestCaseExecutor.accessMainPhase(TestCaseExecutor.java:410)
	at com.kms.katalon.core.main.TestCaseExecutor.execute(TestCaseExecutor.java:285)
	at com.kms.katalon.core.main.TestCaseMain.runTestCase(TestCaseMain.java:144)
	at com.kms.katalon.core.keyword.builtin.CallTestCaseKeyword$_callTestCase_closure1.doCall(CallTestCaseKeyword.groovy:59)
	at com.kms.katalon.core.keyword.builtin.CallTestCaseKeyword$_callTestCase_closure1.call(CallTestCaseKeyword.groovy)
	at com.kms.katalon.core.keyword.internal.KeywordMain.runKeyword(KeywordMain.groovy:75)
	at com.kms.katalon.core.keyword.builtin.CallTestCaseKeyword.callTestCase(CallTestCaseKeyword.groovy:81)
	at com.kms.katalon.core.keyword.builtin.CallTestCaseKeyword.execute(CallTestCaseKeyword.groovy:44)
	at com.kms.katalon.core.keyword.internal.KeywordExecutor.executeKeywordForPlatform(KeywordExecutor.groovy:74)
	at com.kms.katalon.core.keyword.BuiltinKeywords.callTestCase(BuiltinKeywords.groovy:310)
	at TS_SMOKE_SUITE_086.run(TS_SMOKE_SUITE_086:45)
	at com.kms.katalon.core.main.ScriptEngine.run(ScriptEngine.java:194)
	at com.kms.katalon.core.main.ScriptEngine.runScriptAsRawText(ScriptEngine.java:119)
	at com.kms.katalon.core.main.TestCaseExecutor.runScript(TestCaseExecutor.java:448)
	at com.kms.katalon.core.main.TestCaseExecutor.doExecute(TestCaseExecutor.java:439)
	at com.kms.katalon.core.main.TestCaseExecutor.processExecutionPhase(TestCaseExecutor.java:418)
	at com.kms.katalon.core.main.TestCaseExecutor.accessMainPhase(TestCaseExecutor.java:410)
	at com.kms.katalon.core.main.TestCaseExecutor.execute(TestCaseExecutor.java:285)
	at com.kms.katalon.core.common.CommonExecutor.accessTestCaseMainPhase(CommonExecutor.java:65)
	at com.kms.katalon.core.main.TestSuiteExecutor.accessTestSuiteMainPhase(TestSuiteExecutor.java:148)
	at com.kms.katalon.core.main.TestSuiteExecutor.execute(TestSuiteExecutor.java:106)
	at com.kms.katalon.core.main.TestCaseMain.startTestSuite(TestCaseMain.java:187)
	at com.kms.katalon.core.main.TestCaseMain$startTestSuite$0.call(Unknown Source)
	at TempTestSuite1693284812317.run(TempTestSuite1693284812317.groovy:36)
Caused by: com.kms.katalon.core.exception.StepFailedException: Cannot find window with title: 'Log in to your PayPal account'
	at com.kms.katalon.core.webui.keyword.internal.WebUIKeywordMain.stepFailed(WebUIKeywordMain.groovy:64)
	at com.kms.katalon.core.webui.keyword.builtin.SwitchToWindowTitleKeyword$_switchToWindowTitle_closure1.doCall(SwitchToWindowTitleKeyword.groovy:82)
	at com.kms.katalon.core.webui.keyword.builtin.SwitchToWindowTitleKeyword$_switchToWindowTitle_closure1.call(SwitchToWindowTitleKeyword.groovy)
	at com.kms.katalon.core.webui.keyword.internal.WebUIKeywordMain.runKeyword(WebUIKeywordMain.groovy:20)
	... 35 more


2023-08-29 10:56:56 - [TEST_STEP][FAILED] - switchToWindowTitle("Log in to your PayPal account"): Unable to switch to window with title: 'Log in to your PayPal account' (Root cause: com.kms.katalon.core.exception.StepFailedException: Unable to switch to window with title: 'Log in to your PayPal account'
	at com.kms.katalon.core.webui.keyword.internal.WebUIKeywordMain.stepFailed(WebUIKeywordMain.groovy:64)
	at com.kms.katalon.core.webui.keyword.internal.WebUIKeywordMain.runKeyword(WebUIKeywordMain.groovy:26)
	at com.kms.katalon.core.webui.keyword.builtin.SwitchToWindowTitleKeyword.switchToWindowTitle(SwitchToWindowTitleKeyword.groovy:84)
	at com.kms.katalon.core.webui.keyword.builtin.SwitchToWindowTitleKeyword.execute(SwitchToWindowTitleKeyword.groovy:67)
	at com.kms.katalon.core.keyword.internal.KeywordExecutor.executeKeywordForPlatform(KeywordExecutor.groovy:74)
	at com.kms.katalon.core.webui.keyword.WebUiBuiltInKeywords.switchToWindowTitle(WebUiBuiltInKeywords.groovy:1783)
	at com.kms.katalon.core.webui.keyword.WebUiBuiltInKeywords$switchToWindowTitle$19.call(Unknown Source)
	at paypal(changepaymentmethod)pay.run(paypal(changepaymentmethod)pay:20)
	at com.kms.katalon.core.main.ScriptEngine.run(ScriptEngine.java:194)
	at com.kms.katalon.core.main.ScriptEngine.runScriptAsRawText(ScriptEngine.java:119)
	at com.kms.katalon.core.main.TestCaseExecutor.runScript(TestCaseExecutor.java:448)
	at com.kms.katalon.core.main.TestCaseExecutor.doExecute(TestCaseExecutor.java:439)
	at com.kms.katalon.core.main.TestCaseExecutor.processExecutionPhase(TestCaseExecutor.java:418)
	at com.kms.katalon.core.main.TestCaseExecutor.accessMainPhase(TestCaseExecutor.java:410)
	at com.kms.katalon.core.main.TestCaseExecutor.execute(TestCaseExecutor.java:285)
	at com.kms.katalon.core.main.TestCaseMain.runTestCase(TestCaseMain.java:144)
	at com.kms.katalon.core.keyword.builtin.CallTestCaseKeyword$_callTestCase_closure1.doCall(CallTestCaseKeyword.groovy:59)
	at com.kms.katalon.core.keyword.builtin.CallTestCaseKeyword$_callTestCase_closure1.call(CallTestCaseKeyword.groovy)
	at com.kms.katalon.core.keyword.internal.KeywordMain.runKeyword(KeywordMain.groovy:75)
	at com.kms.katalon.core.keyword.builtin.CallTestCaseKeyword.callTestCase(CallTestCaseKeyword.groovy:81)
	at com.kms.katalon.core.keyword.builtin.CallTestCaseKeyword.execute(CallTestCaseKeyword.groovy:44)
	at com.kms.katalon.core.keyword.internal.KeywordExecutor.executeKeywordForPlatform(KeywordExecutor.groovy:74)
	at com.kms.katalon.core.keyword.BuiltinKeywords.callTestCase(BuiltinKeywords.groovy:310)
	at TS_SMOKE_SUITE_086.run(TS_SMOKE_SUITE_086:45)
	at com.kms.katalon.core.main.ScriptEngine.run(ScriptEngine.java:194)
	at com.kms.katalon.core.main.ScriptEngine.runScriptAsRawText(ScriptEngine.java:119)
	at com.kms.katalon.core.main.TestCaseExecutor.runScript(TestCaseExecutor.java:448)
	at com.kms.katalon.core.main.TestCaseExecutor.doExecute(TestCaseExecutor.java:439)
	at com.kms.katalon.core.main.TestCaseExecutor.processExecutionPhase(TestCaseExecutor.java:418)
	at com.kms.katalon.core.main.TestCaseExecutor.accessMainPhase(TestCaseExecutor.java:410)
	at com.kms.katalon.core.main.TestCaseExecutor.execute(TestCaseExecutor.java:285)
	at com.kms.katalon.core.common.CommonExecutor.accessTestCaseMainPhase(CommonExecutor.java:65)
	at com.kms.katalon.core.main.TestSuiteExecutor.accessTestSuiteMainPhase(TestSuiteExecutor.java:148)
	at com.kms.katalon.core.main.TestSuiteExecutor.execute(TestSuiteExecutor.java:106)
	at com.kms.katalon.core.main.TestCaseMain.startTestSuite(TestCaseMain.java:187)
	at com.kms.katalon.core.main.TestCaseMain$startTestSuite$0.call(Unknown Source)
	at TempTestSuite1693284812317.run(TempTestSuite1693284812317.groovy:36)
Caused by: com.kms.katalon.core.exception.StepFailedException: Cannot find window with title: 'Log in to your PayPal account'
	at com.kms.katalon.core.webui.keyword.internal.WebUIKeywordMain.stepFailed(WebUIKeywordMain.groovy:64)
	at com.kms.katalon.core.webui.keyword.builtin.SwitchToWindowTitleKeyword$_switchToWindowTitle_closure1.doCall(SwitchToWindowTitleKeyword.groovy:82)
	at com.kms.katalon.core.webui.keyword.builtin.SwitchToWindowTitleKeyword$_switchToWindowTitle_closure1.call(SwitchToWindowTitleKeyword.groovy)
	at com.kms.katalon.core.webui.keyword.internal.WebUIKeywordMain.runKeyword(WebUIKeywordMain.groovy:20)
	... 35 more
)

2023-08-29 10:57:31 - [MESSAGE][FAILED] - Cannot find window with title: 'Log in to your PayPal account' (Root cause: com.kms.katalon.core.exception.StepFailedException: Cannot find window with title: 'Log in to your PayPal account'
	at com.kms.katalon.core.webui.keyword.internal.WebUIKeywordMain.stepFailed(WebUIKeywordMain.groovy:64)
	at com.kms.katalon.core.webui.keyword.builtin.SwitchToWindowTitleKeyword$_switchToWindowTitle_closure1.doCall(SwitchToWindowTitleKeyword.groovy:82)
	at com.kms.katalon.core.webui.keyword.builtin.SwitchToWindowTitleKeyword$_switchToWindowTitle_closure1.call(SwitchToWindowTitleKeyword.groovy)
	at com.kms.katalon.core.webui.keyword.internal.WebUIKeywordMain.runKeyword(WebUIKeywordMain.groovy:20)
	at com.kms.katalon.core.webui.keyword.builtin.SwitchToWindowTitleKeyword.switchToWindowTitle(SwitchToWindowTitleKeyword.groovy:84)
	at com.kms.katalon.core.webui.keyword.builtin.SwitchToWindowTitleKeyword.execute(SwitchToWindowTitleKeyword.groovy:67)
	at com.kms.katalon.core.keyword.internal.KeywordExecutor.executeKeywordForPlatform(KeywordExecutor.groovy:74)
	at com.kms.katalon.core.webui.keyword.WebUiBuiltInKeywords.switchToWindowTitle(WebUiBuiltInKeywords.groovy:1783)
	at com.kms.katalon.core.webui.keyword.WebUiBuiltInKeywords$switchToWindowTitle$19.call(Unknown Source)
	at paypal(changepaymentmethod)pay.run(paypal(changepaymentmethod)pay:20)
	at com.kms.katalon.core.main.ScriptEngine.run(ScriptEngine.java:194)
	at com.kms.katalon.core.main.ScriptEngine.runScriptAsRawText(ScriptEngine.java:119)
	at com.kms.katalon.core.main.TestCaseExecutor.runScript(TestCaseExecutor.java:448)
	at com.kms.katalon.core.main.TestCaseExecutor.doExecute(TestCaseExecutor.java:439)
	at com.kms.katalon.core.main.TestCaseExecutor.processExecutionPhase(TestCaseExecutor.java:418)
	at com.kms.katalon.core.main.TestCaseExecutor.accessMainPhase(TestCaseExecutor.java:410)
	at com.kms.katalon.core.main.TestCaseExecutor.execute(TestCaseExecutor.java:285)
	at com.kms.katalon.core.main.TestCaseMain.runTestCase(TestCaseMain.java:144)
	at com.kms.katalon.core.keyword.builtin.CallTestCaseKeyword$_callTestCase_closure1.doCall(CallTestCaseKeyword.groovy:59)
	at com.kms.katalon.core.keyword.builtin.CallTestCaseKeyword$_callTestCase_closure1.call(CallTestCaseKeyword.groovy)
	at com.kms.katalon.core.keyword.internal.KeywordMain.runKeyword(KeywordMain.groovy:75)
	at com.kms.katalon.core.keyword.builtin.CallTestCaseKeyword.callTestCase(CallTestCaseKeyword.groovy:81)
	at com.kms.katalon.core.keyword.builtin.CallTestCaseKeyword.execute(CallTestCaseKeyword.groovy:44)
	at com.kms.katalon.core.keyword.internal.KeywordExecutor.executeKeywordForPlatform(KeywordExecutor.groovy:74)
	at com.kms.katalon.core.keyword.BuiltinKeywords.callTestCase(BuiltinKeywords.groovy:310)
	at TS_SMOKE_SUITE_086.run(TS_SMOKE_SUITE_086:45)
	at com.kms.katalon.core.main.ScriptEngine.run(ScriptEngine.java:194)
	at com.kms.katalon.core.main.ScriptEngine.runScriptAsRawText(ScriptEngine.java:119)
	at com.kms.katalon.core.main.TestCaseExecutor.runScript(TestCaseExecutor.java:448)
	at com.kms.katalon.core.main.TestCaseExecutor.doExecute(TestCaseExecutor.java:439)
	at com.kms.katalon.core.main.TestCaseExecutor.processExecutionPhase(TestCaseExecutor.java:418)
	at com.kms.katalon.core.main.TestCaseExecutor.accessMainPhase(TestCaseExecutor.java:410)
	at com.kms.katalon.core.main.TestCaseExecutor.execute(TestCaseExecutor.java:285)
	at com.kms.katalon.core.common.CommonExecutor.accessTestCaseMainPhase(CommonExecutor.java:65)
	at com.kms.katalon.core.main.TestSuiteExecutor.accessTestSuiteMainPhase(TestSuiteExecutor.java:148)
	at com.kms.katalon.core.main.TestSuiteExecutor.execute(TestSuiteExecutor.java:106)
	at com.kms.katalon.core.main.TestCaseMain.startTestSuite(TestCaseMain.java:187)
	at com.kms.katalon.core.main.TestCaseMain$startTestSuite$0.call(Unknown Source)
	at TempTestSuite1693284812317.run(TempTestSuite1693284812317.groovy:36)
)
[[ATTACHMENT|D:\\backup\\LiverpoolProject_SmokeSuite\\Reports\\20230829_080249\\SmokeSuite_AllModules\\20230829_102332\\1693286851608.png]]

2023-08-29 10:57:31 - [MESSAGE][FAILED] - Unable to switch to window with title: 'Log in to your PayPal account' (Root cause: com.kms.katalon.core.exception.StepFailedException: Unable to switch to window with title: 'Log in to your PayPal account'
	at com.kms.katalon.core.webui.keyword.internal.WebUIKeywordMain.stepFailed(WebUIKeywordMain.groovy:64)
	at com.kms.katalon.core.webui.keyword.internal.WebUIKeywordMain.runKeyword(WebUIKeywordMain.groovy:26)
	at com.kms.katalon.core.webui.keyword.builtin.SwitchToWindowTitleKeyword.switchToWindowTitle(SwitchToWindowTitleKeyword.groovy:84)
	at com.kms.katalon.core.webui.keyword.builtin.SwitchToWindowTitleKeyword.execute(SwitchToWindowTitleKeyword.groovy:67)
	at com.kms.katalon.core.keyword.internal.KeywordExecutor.executeKeywordForPlatform(KeywordExecutor.groovy:74)
	at com.kms.katalon.core.webui.keyword.WebUiBuiltInKeywords.switchToWindowTitle(WebUiBuiltInKeywords.groovy:1783)
	at com.kms.katalon.core.webui.keyword.WebUiBuiltInKeywords$switchToWindowTitle$19.call(Unknown Source)
	at paypal(changepaymentmethod)pay.run(paypal(changepaymentmethod)pay:20)
	at com.kms.katalon.core.main.ScriptEngine.run(ScriptEngine.java:194)
	at com.kms.katalon.core.main.ScriptEngine.runScriptAsRawText(ScriptEngine.java:119)
	at com.kms.katalon.core.main.TestCaseExecutor.runScript(TestCaseExecutor.java:448)
	at com.kms.katalon.core.main.TestCaseExecutor.doExecute(TestCaseExecutor.java:439)
	at com.kms.katalon.core.main.TestCaseExecutor.processExecutionPhase(TestCaseExecutor.java:418)
	at com.kms.katalon.core.main.TestCaseExecutor.accessMainPhase(TestCaseExecutor.java:410)
	at com.kms.katalon.core.main.TestCaseExecutor.execute(TestCaseExecutor.java:285)
	at com.kms.katalon.core.main.TestCaseMain.runTestCase(TestCaseMain.java:144)
	at com.kms.katalon.core.keyword.builtin.CallTestCaseKeyword$_callTestCase_closure1.doCall(CallTestCaseKeyword.groovy:59)
	at com.kms.katalon.core.keyword.builtin.CallTestCaseKeyword$_callTestCase_closure1.call(CallTestCaseKeyword.groovy)
	at com.kms.katalon.core.keyword.internal.KeywordMain.runKeyword(KeywordMain.groovy:75)
	at com.kms.katalon.core.keyword.builtin.CallTestCaseKeyword.callTestCase(CallTestCaseKeyword.groovy:81)
	at com.kms.katalon.core.keyword.builtin.CallTestCaseKeyword.execute(CallTestCaseKeyword.groovy:44)
	at com.kms.katalon.core.keyword.internal.KeywordExecutor.executeKeywordForPlatform(KeywordExecutor.groovy:74)
	at com.kms.katalon.core.keyword.BuiltinKeywords.callTestCase(BuiltinKeywords.groovy:310)
	at TS_SMOKE_SUITE_086.run(TS_SMOKE_SUITE_086:45)
	at com.kms.katalon.core.main.ScriptEngine.run(ScriptEngine.java:194)
	at com.kms.katalon.core.main.ScriptEngine.runScriptAsRawText(ScriptEngine.java:119)
	at com.kms.katalon.core.main.TestCaseExecutor.runScript(TestCaseExecutor.java:448)
	at com.kms.katalon.core.main.TestCaseExecutor.doExecute(TestCaseExecutor.java:439)
	at com.kms.katalon.core.main.TestCaseExecutor.processExecutionPhase(TestCaseExecutor.java:418)
	at com.kms.katalon.core.main.TestCaseExecutor.accessMainPhase(TestCaseExecutor.java:410)
	at com.kms.katalon.core.main.TestCaseExecutor.execute(TestCaseExecutor.java:285)
	at com.kms.katalon.core.common.CommonExecutor.accessTestCaseMainPhase(CommonExecutor.java:65)
	at com.kms.katalon.core.main.TestSuiteExecutor.accessTestSuiteMainPhase(TestSuiteExecutor.java:148)
	at com.kms.katalon.core.main.TestSuiteExecutor.execute(TestSuiteExecutor.java:106)
	at com.kms.katalon.core.main.TestCaseMain.startTestSuite(TestCaseMain.java:187)
	at com.kms.katalon.core.main.TestCaseMain$startTestSuite$0.call(Unknown Source)
	at TempTestSuite1693284812317.run(TempTestSuite1693284812317.groovy:36)
Caused by: com.kms.katalon.core.exception.StepFailedException: Cannot find window with title: 'Log in to your PayPal account'
	at com.kms.katalon.core.webui.keyword.internal.WebUIKeywordMain.stepFailed(WebUIKeywordMain.groovy:64)
	at com.kms.katalon.core.webui.keyword.builtin.SwitchToWindowTitleKeyword$_switchToWindowTitle_closure1.doCall(SwitchToWindowTitleKeyword.groovy:82)
	at com.kms.katalon.core.webui.keyword.builtin.SwitchToWindowTitleKeyword$_switchToWindowTitle_closure1.call(SwitchToWindowTitleKeyword.groovy)
	at com.kms.katalon.core.webui.keyword.internal.WebUIKeywordMain.runKeyword(WebUIKeywordMain.groovy:20)
	... 35 more
)
[[ATTACHMENT|D:\\backup\\LiverpoolProject_SmokeSuite\\Reports\\20230829_080249\\SmokeSuite_AllModules\\20230829_102332\\1693286851801.png]]

2023-08-29 10:57:31 - [MESSAGE][WARNING] - Unable to call Test Case 'Test Cases/CommonMethods/paypal(changepaymentmethod)pay' (Root cause: com.kms.katalon.core.exception.StepFailedException: Call Test Case 'Test Cases/CommonMethods/paypal(changepaymentmethod)pay' failed
	at com.kms.katalon.core.keyword.builtin.CallTestCaseKeyword$_callTestCase_closure1.doCall(CallTestCaseKeyword.groovy:63)
	at com.kms.katalon.core.keyword.builtin.CallTestCaseKeyword$_callTestCase_closure1.call(CallTestCaseKeyword.groovy)
	at com.kms.katalon.core.keyword.internal.KeywordMain.runKeyword(KeywordMain.groovy:75)
	at com.kms.katalon.core.keyword.builtin.CallTestCaseKeyword.callTestCase(CallTestCaseKeyword.groovy:81)
	at com.kms.katalon.core.keyword.builtin.CallTestCaseKeyword.execute(CallTestCaseKeyword.groovy:44)
	at com.kms.katalon.core.keyword.internal.KeywordExecutor.executeKeywordForPlatform(KeywordExecutor.groovy:74)
	at com.kms.katalon.core.keyword.BuiltinKeywords.callTestCase(BuiltinKeywords.groovy:310)
	at TS_SMOKE_SUITE_086.run(TS_SMOKE_SUITE_086:45)
	at com.kms.katalon.core.main.ScriptEngine.run(ScriptEngine.java:194)
	at com.kms.katalon.core.main.ScriptEngine.runScriptAsRawText(ScriptEngine.java:119)
	at com.kms.katalon.core.main.TestCaseExecutor.runScript(TestCaseExecutor.java:448)
	at com.kms.katalon.core.main.TestCaseExecutor.doExecute(TestCaseExecutor.java:439)
	at com.kms.katalon.core.main.TestCaseExecutor.processExecutionPhase(TestCaseExecutor.java:418)
	at com.kms.katalon.core.main.TestCaseExecutor.accessMainPhase(TestCaseExecutor.java:410)
	at com.kms.katalon.core.main.TestCaseExecutor.execute(TestCaseExecutor.java:285)
	at com.kms.katalon.core.common.CommonExecutor.accessTestCaseMainPhase(CommonExecutor.java:65)
	at com.kms.katalon.core.main.TestSuiteExecutor.accessTestSuiteMainPhase(TestSuiteExecutor.java:148)
	at com.kms.katalon.core.main.TestSuiteExecutor.execute(TestSuiteExecutor.java:106)
	at com.kms.katalon.core.main.TestCaseMain.startTestSuite(TestCaseMain.java:187)
	at com.kms.katalon.core.main.TestCaseMain$startTestSuite$0.call(Unknown Source)
	at TempTestSuite1693284812317.run(TempTestSuite1693284812317.groovy:36)
Caused by: com.kms.katalon.core.exception.StepFailedException: Unable to switch to window with title: 'Log in to your PayPal account'
	at com.kms.katalon.core.webui.keyword.internal.WebUIKeywordMain.stepFailed(WebUIKeywordMain.groovy:64)
	at com.kms.katalon.core.webui.keyword.internal.WebUIKeywordMain.runKeyword(WebUIKeywordMain.groovy:26)
	at com.kms.katalon.core.webui.keyword.builtin.SwitchToWindowTitleKeyword.switchToWindowTitle(SwitchToWindowTitleKeyword.groovy:84)
	at com.kms.katalon.core.webui.keyword.builtin.SwitchToWindowTitleKeyword.execute(SwitchToWindowTitleKeyword.groovy:67)
	at com.kms.katalon.core.keyword.internal.KeywordExecutor.executeKeywordForPlatform(KeywordExecutor.groovy:74)
	at com.kms.katalon.core.webui.keyword.WebUiBuiltInKeywords.switchToWindowTitle(WebUiBuiltInKeywords.groovy:1783)
	at com.kms.katalon.core.webui.keyword.WebUiBuiltInKeywords$switchToWindowTitle$19.call(Unknown Source)
	at paypal(changepaymentmethod)pay.run(paypal(changepaymentmethod)pay:20)
	at com.kms.katalon.core.main.ScriptEngine.run(ScriptEngine.java:194)
	at com.kms.katalon.core.main.ScriptEngine.runScriptAsRawText(ScriptEngine.java:119)
	at com.kms.katalon.core.main.TestCaseExecutor.runScript(TestCaseExecutor.java:448)
	at com.kms.katalon.core.main.TestCaseExecutor.doExecute(TestCaseExecutor.java:439)
	at com.kms.katalon.core.main.TestCaseExecutor.processExecutionPhase(TestCaseExecutor.java:418)
	at com.kms.katalon.core.main.TestCaseExecutor.accessMainPhase(TestCaseExecutor.java:410)
	at com.kms.katalon.core.main.TestCaseExecutor.execute(TestCaseExecutor.java:285)
	at com.kms.katalon.core.main.TestCaseMain.runTestCase(TestCaseMain.java:144)
	at com.kms.katalon.core.keyword.builtin.CallTestCaseKeyword$_callTestCase_closure1.doCall(CallTestCaseKeyword.groovy:59)
	... 20 more
Caused by: com.kms.katalon.core.exception.StepFailedException: Cannot find window with title: 'Log in to your PayPal account'
	at com.kms.katalon.core.webui.keyword.internal.WebUIKeywordMain.stepFailed(WebUIKeywordMain.groovy:64)
	at com.kms.katalon.core.webui.keyword.builtin.SwitchToWindowTitleKeyword$_switchToWindowTitle_closure1.doCall(SwitchToWindowTitleKeyword.groovy:82)
	at com.kms.katalon.core.webui.keyword.builtin.SwitchToWindowTitleKeyword$_switchToWindowTitle_closure1.call(SwitchToWindowTitleKeyword.groovy)
	at com.kms.katalon.core.webui.keyword.internal.WebUIKeywordMain.runKeyword(WebUIKeywordMain.groovy:20)
	... 35 more
)

2023-08-29 10:57:32 - [TEST_STEP][PASSED] - click(findTestObject("OPCPage/button_Continuar_payment_opc")): Object: 'Object Repository/OPCPage/button_Continuar_payment_opc' is clicked on

2023-08-29 10:57:32 - [MESSAGE][PASSED] - Object: 'Object Repository/OPCPage/button_Continuar_payment_opc' is clicked on

2023-08-29 10:57:32 - [TEST_STEP][PASSED] - click(findTestObject("OPCPage/Final_paypal_final(terminar)_OPC")): Object: 'Object Repository/OPCPage/Final_paypal_final(terminar)_OPC' is clicked on

2023-08-29 10:57:44 - [MESSAGE][PASSED] - Object: 'Object Repository/OPCPage/Final_paypal_final(terminar)_OPC' is clicked on

2023-08-29 10:57:44 - [TEST_STEP][FAILED] - verifyElementPresent(findTestObject("OPCPage/ConfirmOrder_Checkout"), 0): Unable to verify object 'Object Repository/OPCPage/ConfirmOrder_Checkout' is present (Root cause: com.kms.katalon.core.exception.StepFailedException: Unable to verify object 'Object Repository/OPCPage/ConfirmOrder_Checkout' is present
	at com.kms.katalon.core.webui.keyword.internal.WebUIKeywordMain.stepFailed(WebUIKeywordMain.groovy:64)
	at com.kms.katalon.core.webui.keyword.internal.WebUIKeywordMain.runKeyword(WebUIKeywordMain.groovy:26)
	at com.kms.katalon.core.webui.keyword.builtin.VerifyElementPresentKeyword.verifyElementPresent(VerifyElementPresentKeyword.groovy:92)
	at com.kms.katalon.core.webui.keyword.builtin.VerifyElementPresentKeyword.execute(VerifyElementPresentKeyword.groovy:68)
	at com.kms.katalon.core.keyword.internal.KeywordExecutor.executeKeywordForPlatform(KeywordExecutor.groovy:74)
	at com.kms.katalon.core.webui.keyword.WebUiBuiltInKeywords.verifyElementPresent(WebUiBuiltInKeywords.groovy:1464)
	at com.kms.katalon.core.webui.keyword.WebUiBuiltInKeywords$verifyElementPresent$6.call(Unknown Source)
	at TS_SMOKE_SUITE_086.run(TS_SMOKE_SUITE_086:51)
	at com.kms.katalon.core.main.ScriptEngine.run(ScriptEngine.java:194)
	at com.kms.katalon.core.main.ScriptEngine.runScriptAsRawText(ScriptEngine.java:119)
	at com.kms.katalon.core.main.TestCaseExecutor.runScript(TestCaseExecutor.java:448)
	at com.kms.katalon.core.main.TestCaseExecutor.doExecute(TestCaseExecutor.java:439)
	at com.kms.katalon.core.main.TestCaseExecutor.processExecutionPhase(TestCaseExecutor.java:418)
	at com.kms.katalon.core.main.TestCaseExecutor.accessMainPhase(TestCaseExecutor.java:410)
	at com.kms.katalon.core.main.TestCaseExecutor.execute(TestCaseExecutor.java:285)
	at com.kms.katalon.core.common.CommonExecutor.accessTestCaseMainPhase(CommonExecutor.java:65)
	at com.kms.katalon.core.main.TestSuiteExecutor.accessTestSuiteMainPhase(TestSuiteExecutor.java:148)
	at com.kms.katalon.core.main.TestSuiteExecutor.execute(TestSuiteExecutor.java:106)
	at com.kms.katalon.core.main.TestCaseMain.startTestSuite(TestCaseMain.java:187)
	at com.kms.katalon.core.main.TestCaseMain$startTestSuite$0.call(Unknown Source)
	at TempTestSuite1693284812317.run(TempTestSuite1693284812317.groovy:36)
Caused by: com.kms.katalon.core.exception.StepFailedException: com.kms.katalon.core.webui.exception.WebElementNotFoundException: Web element with id: 'Object Repository/OPCPage/ConfirmOrder_Checkout' located by '//div[@class='confirmation-section__gratitude']' not found
	at com.kms.katalon.core.webui.keyword.internal.WebUIKeywordMain.stepFailed(WebUIKeywordMain.groovy:64)
	at com.kms.katalon.core.webui.keyword.builtin.VerifyElementPresentKeyword$_verifyElementPresent_closure1.doCall(VerifyElementPresentKeyword.groovy:85)
	at com.kms.katalon.core.webui.keyword.builtin.VerifyElementPresentKeyword$_verifyElementPresent_closure1.call(VerifyElementPresentKeyword.groovy)
	at com.kms.katalon.core.webui.keyword.internal.WebUIKeywordMain.runKeyword(WebUIKeywordMain.groovy:20)
	... 19 more
)

2023-08-29 10:57:44 - [MESSAGE][WARNING] - Timeout '0' is invalid. Using default page load timeout: '30'

2023-08-29 10:58:15 - [MESSAGE][INFO] - Unable to find the element located by 'By.xpath: //div[@class='confirmation-section__gratitude']'. Please recheck the objects properties to make sure the desired element is located. 

2023-08-29 10:58:15 - [MESSAGE][FAILED] - com.kms.katalon.core.webui.exception.WebElementNotFoundException: Web element with id: 'Object Repository/OPCPage/ConfirmOrder_Checkout' located by '//div[@class='confirmation-section__gratitude']' not found (Root cause: com.kms.katalon.core.exception.StepFailedException: com.kms.katalon.core.webui.exception.WebElementNotFoundException: Web element with id: 'Object Repository/OPCPage/ConfirmOrder_Checkout' located by '//div[@class='confirmation-section__gratitude']' not found
	at com.kms.katalon.core.webui.keyword.internal.WebUIKeywordMain.stepFailed(WebUIKeywordMain.groovy:64)
	at com.kms.katalon.core.webui.keyword.builtin.VerifyElementPresentKeyword$_verifyElementPresent_closure1.doCall(VerifyElementPresentKeyword.groovy:85)
	at com.kms.katalon.core.webui.keyword.builtin.VerifyElementPresentKeyword$_verifyElementPresent_closure1.call(VerifyElementPresentKeyword.groovy)
	at com.kms.katalon.core.webui.keyword.internal.WebUIKeywordMain.runKeyword(WebUIKeywordMain.groovy:20)
	at com.kms.katalon.core.webui.keyword.builtin.VerifyElementPresentKeyword.verifyElementPresent(VerifyElementPresentKeyword.groovy:92)
	at com.kms.katalon.core.webui.keyword.builtin.VerifyElementPresentKeyword.execute(VerifyElementPresentKeyword.groovy:68)
	at com.kms.katalon.core.keyword.internal.KeywordExecutor.executeKeywordForPlatform(KeywordExecutor.groovy:74)
	at com.kms.katalon.core.webui.keyword.WebUiBuiltInKeywords.verifyElementPresent(WebUiBuiltInKeywords.groovy:1464)
	at com.kms.katalon.core.webui.keyword.WebUiBuiltInKeywords$verifyElementPresent$6.call(Unknown Source)
	at TS_SMOKE_SUITE_086.run(TS_SMOKE_SUITE_086:51)
	at com.kms.katalon.core.main.ScriptEngine.run(ScriptEngine.java:194)
	at com.kms.katalon.core.main.ScriptEngine.runScriptAsRawText(ScriptEngine.java:119)
	at com.kms.katalon.core.main.TestCaseExecutor.runScript(TestCaseExecutor.java:448)
	at com.kms.katalon.core.main.TestCaseExecutor.doExecute(TestCaseExecutor.java:439)
	at com.kms.katalon.core.main.TestCaseExecutor.processExecutionPhase(TestCaseExecutor.java:418)
	at com.kms.katalon.core.main.TestCaseExecutor.accessMainPhase(TestCaseExecutor.java:410)
	at com.kms.katalon.core.main.TestCaseExecutor.execute(TestCaseExecutor.java:285)
	at com.kms.katalon.core.common.CommonExecutor.accessTestCaseMainPhase(CommonExecutor.java:65)
	at com.kms.katalon.core.main.TestSuiteExecutor.accessTestSuiteMainPhase(TestSuiteExecutor.java:148)
	at com.kms.katalon.core.main.TestSuiteExecutor.execute(TestSuiteExecutor.java:106)
	at com.kms.katalon.core.main.TestCaseMain.startTestSuite(TestCaseMain.java:187)
	at com.kms.katalon.core.main.TestCaseMain$startTestSuite$0.call(Unknown Source)
	at TempTestSuite1693284812317.run(TempTestSuite1693284812317.groovy:36)
)
[[ATTACHMENT|D:\\backup\\LiverpoolProject_SmokeSuite\\Reports\\20230829_080249\\SmokeSuite_AllModules\\20230829_102332\\1693286895289.png]]

2023-08-29 10:58:15 - [MESSAGE][FAILED] - Unable to verify object 'Object Repository/OPCPage/ConfirmOrder_Checkout' is present (Root cause: com.kms.katalon.core.exception.StepFailedException: Unable to verify object 'Object Repository/OPCPage/ConfirmOrder_Checkout' is present
	at com.kms.katalon.core.webui.keyword.internal.WebUIKeywordMain.stepFailed(WebUIKeywordMain.groovy:64)
	at com.kms.katalon.core.webui.keyword.internal.WebUIKeywordMain.runKeyword(WebUIKeywordMain.groovy:26)
	at com.kms.katalon.core.webui.keyword.builtin.VerifyElementPresentKeyword.verifyElementPresent(VerifyElementPresentKeyword.groovy:92)
	at com.kms.katalon.core.webui.keyword.builtin.VerifyElementPresentKeyword.execute(VerifyElementPresentKeyword.groovy:68)
	at com.kms.katalon.core.keyword.internal.KeywordExecutor.executeKeywordForPlatform(KeywordExecutor.groovy:74)
	at com.kms.katalon.core.webui.keyword.WebUiBuiltInKeywords.verifyElementPresent(WebUiBuiltInKeywords.groovy:1464)
	at com.kms.katalon.core.webui.keyword.WebUiBuiltInKeywords$verifyElementPresent$6.call(Unknown Source)
	at TS_SMOKE_SUITE_086.run(TS_SMOKE_SUITE_086:51)
	at com.kms.katalon.core.main.ScriptEngine.run(ScriptEngine.java:194)
	at com.kms.katalon.core.main.ScriptEngine.runScriptAsRawText(ScriptEngine.java:119)
	at com.kms.katalon.core.main.TestCaseExecutor.runScript(TestCaseExecutor.java:448)
	at com.kms.katalon.core.main.TestCaseExecutor.doExecute(TestCaseExecutor.java:439)
	at com.kms.katalon.core.main.TestCaseExecutor.processExecutionPhase(TestCaseExecutor.java:418)
	at com.kms.katalon.core.main.TestCaseExecutor.accessMainPhase(TestCaseExecutor.java:410)
	at com.kms.katalon.core.main.TestCaseExecutor.execute(TestCaseExecutor.java:285)
	at com.kms.katalon.core.common.CommonExecutor.accessTestCaseMainPhase(CommonExecutor.java:65)
	at com.kms.katalon.core.main.TestSuiteExecutor.accessTestSuiteMainPhase(TestSuiteExecutor.java:148)
	at com.kms.katalon.core.main.TestSuiteExecutor.execute(TestSuiteExecutor.java:106)
	at com.kms.katalon.core.main.TestCaseMain.startTestSuite(TestCaseMain.java:187)
	at com.kms.katalon.core.main.TestCaseMain$startTestSuite$0.call(Unknown Source)
	at TempTestSuite1693284812317.run(TempTestSuite1693284812317.groovy:36)
Caused by: com.kms.katalon.core.exception.StepFailedException: com.kms.katalon.core.webui.exception.WebElementNotFoundException: Web element with id: 'Object Repository/OPCPage/ConfirmOrder_Checkout' located by '//div[@class='confirmation-section__gratitude']' not found
	at com.kms.katalon.core.webui.keyword.internal.WebUIKeywordMain.stepFailed(WebUIKeywordMain.groovy:64)
	at com.kms.katalon.core.webui.keyword.builtin.VerifyElementPresentKeyword$_verifyElementPresent_closure1.doCall(VerifyElementPresentKeyword.groovy:85)
	at com.kms.katalon.core.webui.keyword.builtin.VerifyElementPresentKeyword$_verifyElementPresent_closure1.call(VerifyElementPresentKeyword.groovy)
	at com.kms.katalon.core.webui.keyword.internal.WebUIKeywordMain.runKeyword(WebUIKeywordMain.groovy:20)
	... 19 more
)
[[ATTACHMENT|D:\\backup\\LiverpoolProject_SmokeSuite\\Reports\\20230829_080249\\SmokeSuite_AllModules\\20230829_102332\\1693286895512.png]]]]></system-out>
         <system-err><![CDATA[2023-08-29 10:52:58 - [TEST_CASE][FAILED] - Test Cases/Checkout/TS_SMOKE_SUITE_086: Test Cases/Checkout/TS_SMOKE_SUITE_086 FAILED.
Reason:
com.kms.katalon.core.exception.StepFailedException: Unable to verify object 'Object Repository/OPCPage/ConfirmOrder_Checkout' is present
	at com.kms.katalon.core.webui.keyword.internal.WebUIKeywordMain.stepFailed(WebUIKeywordMain.groovy:64)
	at com.kms.katalon.core.webui.keyword.internal.WebUIKeywordMain.runKeyword(WebUIKeywordMain.groovy:26)
	at com.kms.katalon.core.webui.keyword.builtin.VerifyElementPresentKeyword.verifyElementPresent(VerifyElementPresentKeyword.groovy:92)
	at com.kms.katalon.core.webui.keyword.builtin.VerifyElementPresentKeyword.execute(VerifyElementPresentKeyword.groovy:68)
	at com.kms.katalon.core.keyword.internal.KeywordExecutor.executeKeywordForPlatform(KeywordExecutor.groovy:74)
	at com.kms.katalon.core.webui.keyword.WebUiBuiltInKeywords.verifyElementPresent(WebUiBuiltInKeywords.groovy:1464)
	at com.kms.katalon.core.webui.keyword.WebUiBuiltInKeywords$verifyElementPresent$6.call(Unknown Source)
	at TS_SMOKE_SUITE_086.run(TS_SMOKE_SUITE_086:51)
	at com.kms.katalon.core.main.ScriptEngine.run(ScriptEngine.java:194)
	at com.kms.katalon.core.main.ScriptEngine.runScriptAsRawText(ScriptEngine.java:119)
	at com.kms.katalon.core.main.TestCaseExecutor.runScript(TestCaseExecutor.java:448)
	at com.kms.katalon.core.main.TestCaseExecutor.doExecute(TestCaseExecutor.java:439)
	at com.kms.katalon.core.main.TestCaseExecutor.processExecutionPhase(TestCaseExecutor.java:418)
	at com.kms.katalon.core.main.TestCaseExecutor.accessMainPhase(TestCaseExecutor.java:410)
	at com.kms.katalon.core.main.TestCaseExecutor.execute(TestCaseExecutor.java:285)
	at com.kms.katalon.core.common.CommonExecutor.accessTestCaseMainPhase(CommonExecutor.java:65)
	at com.kms.katalon.core.main.TestSuiteExecutor.accessTestSuiteMainPhase(TestSuiteExecutor.java:148)
	at com.kms.katalon.core.main.TestSuiteExecutor.execute(TestSuiteExecutor.java:106)
	at com.kms.katalon.core.main.TestCaseMain.startTestSuite(TestCaseMain.java:187)
	at com.kms.katalon.core.main.TestCaseMain$startTestSuite$0.call(Unknown Source)
	at TempTestSuite1693284812317.run(TempTestSuite1693284812317.groovy:36)
Caused by: com.kms.katalon.core.exception.StepFailedException: com.kms.katalon.core.webui.exception.WebElementNotFoundException: Web element with id: 'Object Repository/OPCPage/ConfirmOrder_Checkout' located by '//div[@class='confirmation-section__gratitude']' not found
	at com.kms.katalon.core.webui.keyword.internal.WebUIKeywordMain.stepFailed(WebUIKeywordMain.groovy:64)
	at com.kms.katalon.core.webui.keyword.builtin.VerifyElementPresentKeyword$_verifyElementPresent_closure1.doCall(VerifyElementPresentKeyword.groovy:85)
	at com.kms.katalon.core.webui.keyword.builtin.VerifyElementPresentKeyword$_verifyElementPresent_closure1.call(VerifyElementPresentKeyword.groovy)
	at com.kms.katalon.core.webui.keyword.internal.WebUIKeywordMain.runKeyword(WebUIKeywordMain.groovy:20)
	... 19 more]]></system-err>
      </testcase>
      <testcase name="Test Cases/Checkout/TS_SMOKE_SUITE_087" time="239.289" classname="Test Cases/Checkout/TS_SMOKE_SUITE_087" status="FAILED">
         <failure type="FAILED" message="Test Cases/Checkout/TS_SMOKE_SUITE_087 FAILED.
Reason:
com.kms.katalon.core.exception.StepFailedException: Unable to verify object 'Object Repository/OPCPage/ConfirmOrder_Checkout' is present
	at com.kms.katalon.core.webui.keyword.internal.WebUIKeywordMain.stepFailed(WebUIKeywordMain.groovy:64)
	at com.kms.katalon.core.webui.keyword.internal.WebUIKeywordMain.runKeyword(WebUIKeywordMain.groovy:26)
	at com.kms.katalon.core.webui.keyword.builtin.VerifyElementPresentKeyword.verifyElementPresent(VerifyElementPresentKeyword.groovy:92)
	at com.kms.katalon.core.webui.keyword.builtin.VerifyElementPresentKeyword.execute(VerifyElementPresentKeyword.groovy:68)
	at com.kms.katalon.core.keyword.internal.KeywordExecutor.executeKeywordForPlatform(KeywordExecutor.groovy:74)
	at com.kms.katalon.core.webui.keyword.WebUiBuiltInKeywords.verifyElementPresent(WebUiBuiltInKeywords.groovy:1464)
	at com.kms.katalon.core.webui.keyword.WebUiBuiltInKeywords$verifyElementPresent$6.call(Unknown Source)
	at TS_SMOKE_SUITE_087.run(TS_SMOKE_SUITE_087:55)
	at com.kms.katalon.core.main.ScriptEngine.run(ScriptEngine.java:194)
	at com.kms.katalon.core.main.ScriptEngine.runScriptAsRawText(ScriptEngine.java:119)
	at com.kms.katalon.core.main.TestCaseExecutor.runScript(TestCaseExecutor.java:448)
	at com.kms.katalon.core.main.TestCaseExecutor.doExecute(TestCaseExecutor.java:439)
	at com.kms.katalon.core.main.TestCaseExecutor.processExecutionPhase(TestCaseExecutor.java:418)
	at com.kms.katalon.core.main.TestCaseExecutor.accessMainPhase(TestCaseExecutor.java:410)
	at com.kms.katalon.core.main.TestCaseExecutor.execute(TestCaseExecutor.java:285)
	at com.kms.katalon.core.common.CommonExecutor.accessTestCaseMainPhase(CommonExecutor.java:65)
	at com.kms.katalon.core.main.TestSuiteExecutor.accessTestSuiteMainPhase(TestSuiteExecutor.java:148)
	at com.kms.katalon.core.main.TestSuiteExecutor.execute(TestSuiteExecutor.java:106)
	at com.kms.katalon.core.main.TestCaseMain.startTestSuite(TestCaseMain.java:187)
	at com.kms.katalon.core.main.TestCaseMain$startTestSuite$0.call(Unknown Source)
	at TempTestSuite1693284812317.run(TempTestSuite1693284812317.groovy:36)
Caused by: com.kms.katalon.core.exception.StepFailedException: com.kms.katalon.core.webui.exception.WebElementNotFoundException: Web element with id: 'Object Repository/OPCPage/ConfirmOrder_Checkout' located by '//div[@class='confirmation-section__gratitude']' not found
	at com.kms.katalon.core.webui.keyword.internal.WebUIKeywordMain.stepFailed(WebUIKeywordMain.groovy:64)
	at com.kms.katalon.core.webui.keyword.builtin.VerifyElementPresentKeyword$_verifyElementPresent_closure1.doCall(VerifyElementPresentKeyword.groovy:85)
	at com.kms.katalon.core.webui.keyword.builtin.VerifyElementPresentKeyword$_verifyElementPresent_closure1.call(VerifyElementPresentKeyword.groovy)
	at com.kms.katalon.core.webui.keyword.internal.WebUIKeywordMain.runKeyword(WebUIKeywordMain.groovy:20)
	... 19 more
"/>
         <system-out><![CDATA[2023-08-29 10:58:15 - [TEST_CASE][FAILED] - Test Cases/Checkout/TS_SMOKE_SUITE_087: Test Cases/Checkout/TS_SMOKE_SUITE_087 FAILED.
Reason:
com.kms.katalon.core.exception.StepFailedException: Unable to verify object 'Object Repository/OPCPage/ConfirmOrder_Checkout' is present
	at com.kms.katalon.core.webui.keyword.internal.WebUIKeywordMain.stepFailed(WebUIKeywordMain.groovy:64)
	at com.kms.katalon.core.webui.keyword.internal.WebUIKeywordMain.runKeyword(WebUIKeywordMain.groovy:26)
	at com.kms.katalon.core.webui.keyword.builtin.VerifyElementPresentKeyword.verifyElementPresent(VerifyElementPresentKeyword.groovy:92)
	at com.kms.katalon.core.webui.keyword.builtin.VerifyElementPresentKeyword.execute(VerifyElementPresentKeyword.groovy:68)
	at com.kms.katalon.core.keyword.internal.KeywordExecutor.executeKeywordForPlatform(KeywordExecutor.groovy:74)
	at com.kms.katalon.core.webui.keyword.WebUiBuiltInKeywords.verifyElementPresent(WebUiBuiltInKeywords.groovy:1464)
	at com.kms.katalon.core.webui.keyword.WebUiBuiltInKeywords$verifyElementPresent$6.call(Unknown Source)
	at TS_SMOKE_SUITE_087.run(TS_SMOKE_SUITE_087:55)
	at com.kms.katalon.core.main.ScriptEngine.run(ScriptEngine.java:194)
	at com.kms.katalon.core.main.ScriptEngine.runScriptAsRawText(ScriptEngine.java:119)
	at com.kms.katalon.core.main.TestCaseExecutor.runScript(TestCaseExecutor.java:448)
	at com.kms.katalon.core.main.TestCaseExecutor.doExecute(TestCaseExecutor.java:439)
	at com.kms.katalon.core.main.TestCaseExecutor.processExecutionPhase(TestCaseExecutor.java:418)
	at com.kms.katalon.core.main.TestCaseExecutor.accessMainPhase(TestCaseExecutor.java:410)
	at com.kms.katalon.core.main.TestCaseExecutor.execute(TestCaseExecutor.java:285)
	at com.kms.katalon.core.common.CommonExecutor.accessTestCaseMainPhase(CommonExecutor.java:65)
	at com.kms.katalon.core.main.TestSuiteExecutor.accessTestSuiteMainPhase(TestSuiteExecutor.java:148)
	at com.kms.katalon.core.main.TestSuiteExecutor.execute(TestSuiteExecutor.java:106)
	at com.kms.katalon.core.main.TestCaseMain.startTestSuite(TestCaseMain.java:187)
	at com.kms.katalon.core.main.TestCaseMain$startTestSuite$0.call(Unknown Source)
	at TempTestSuite1693284812317.run(TempTestSuite1693284812317.groovy:36)
Caused by: com.kms.katalon.core.exception.StepFailedException: com.kms.katalon.core.webui.exception.WebElementNotFoundException: Web element with id: 'Object Repository/OPCPage/ConfirmOrder_Checkout' located by '//div[@class='confirmation-section__gratitude']' not found
	at com.kms.katalon.core.webui.keyword.internal.WebUIKeywordMain.stepFailed(WebUIKeywordMain.groovy:64)
	at com.kms.katalon.core.webui.keyword.builtin.VerifyElementPresentKeyword$_verifyElementPresent_closure1.doCall(VerifyElementPresentKeyword.groovy:85)
	at com.kms.katalon.core.webui.keyword.builtin.VerifyElementPresentKeyword$_verifyElementPresent_closure1.call(VerifyElementPresentKeyword.groovy)
	at com.kms.katalon.core.webui.keyword.internal.WebUIKeywordMain.runKeyword(WebUIKeywordMain.groovy:20)
	... 19 more


2023-08-29 10:58:16 - [TEST_STEP][PASSED] - openBrowser(""): Browser is opened with url: ''

2023-08-29 10:58:16 - [MESSAGE][WARNING] - A browser is already opened. Closing browser and opening a new one

2023-08-29 10:58:16 - [MESSAGE][INFO] - Starting 'Chrome' driver

2023-08-29 10:58:16 - [MESSAGE][INFO] - Action delay is set to 0 milliseconds

2023-08-29 10:58:18 - [MESSAGE][PASSED] - Browser is opened with url: ''

2023-08-29 10:58:18 - [TEST_STEP][PASSED] - navigateToUrl(URL): Navigate to 'https://odtaqaa.liverpool.com.mx/tienda/home' successfully

2023-08-29 10:59:05 - [MESSAGE][PASSED] - Navigate to 'https://odtaqaa.liverpool.com.mx/tienda/home' successfully

2023-08-29 10:59:05 - [TEST_STEP][PASSED] - maximizeWindow(): Current window maximized

2023-08-29 10:59:06 - [MESSAGE][PASSED] - Current window maximized

2023-08-29 10:59:06 - [TEST_STEP][PASSED] - click(findTestObject("HomePage/Iniciar sesion")): Object: 'Object Repository/HomePage/Iniciar sesion' is clicked on

2023-08-29 10:59:07 - [MESSAGE][PASSED] - Object: 'Object Repository/HomePage/Iniciar sesion' is clicked on

2023-08-29 10:59:07 - [TEST_STEP][PASSED] - callTestCase(findTestCase("CommonMethods/login_odtaqab"), [:], STOP_ON_FAILURE): Call Test Case 'Test Cases/CommonMethods/login_odtaqab' successfully

2023-08-29 10:59:07 - [TEST_CASE][PASSED] - Test Cases/CommonMethods/login_odtaqab: Test Cases/CommonMethods/login_odtaqab

2023-08-29 10:59:07 - [TEST_STEP][PASSED] - click(findTestObject("HomePage/Iniciar sesion")): Object: 'Object Repository/HomePage/Iniciar sesion' is clicked on

2023-08-29 10:59:08 - [MESSAGE][PASSED] - Object: 'Object Repository/HomePage/Iniciar sesion' is clicked on

2023-08-29 10:59:08 - [TEST_STEP][PASSED] - enhancedClick(findTestObject("HomePage/EnterUsername_LP")): Object: 'Object Repository/HomePage/EnterUsername_LP' is clicked on

2023-08-29 10:59:28 - [MESSAGE][PASSED] - Object: 'Object Repository/HomePage/EnterUsername_LP' is clicked on

2023-08-29 10:59:28 - [TEST_STEP][PASSED] - setText(findTestObject("HomePage/EnterUsername_LP"), username): Text 'hcheruvu29@digisprint.com' is set on object 'Object Repository/HomePage/EnterUsername_LP'

2023-08-29 10:59:29 - [MESSAGE][PASSED] - Text 'hcheruvu29@digisprint.com' is set on object 'Object Repository/HomePage/EnterUsername_LP'

2023-08-29 10:59:29 - [TEST_STEP][PASSED] - delay(2): Delayed 2 second(s)

2023-08-29 10:59:31 - [MESSAGE][PASSED] - Delayed 2 second(s)

2023-08-29 10:59:31 - [TEST_STEP][PASSED] - enhancedClick(findTestObject("HomePage/EnterPassword_LP")): Object: 'Object Repository/HomePage/EnterPassword_LP' is clicked on

2023-08-29 10:59:31 - [MESSAGE][PASSED] - Object: 'Object Repository/HomePage/EnterPassword_LP' is clicked on

2023-08-29 10:59:31 - [TEST_STEP][PASSED] - delay(2): Delayed 2 second(s)

2023-08-29 10:59:33 - [MESSAGE][PASSED] - Delayed 2 second(s)

2023-08-29 10:59:33 - [TEST_STEP][PASSED] - setText(findTestObject("HomePage/EnterPassword_LP"), password): Text 'Test@12345' is set on object 'Object Repository/HomePage/EnterPassword_LP'

2023-08-29 10:59:34 - [MESSAGE][PASSED] - Text 'Test@12345' is set on object 'Object Repository/HomePage/EnterPassword_LP'

2023-08-29 10:59:34 - [TEST_STEP][PASSED] - click(findTestObject("HomePage/inciar")): Object: 'Object Repository/HomePage/inciar' is clicked on

2023-08-29 10:59:43 - [MESSAGE][PASSED] - Object: 'Object Repository/HomePage/inciar' is clicked on

2023-08-29 10:59:43 - [MESSAGE][PASSED] - Call Test Case 'Test Cases/CommonMethods/login_odtaqab' successfully

2023-08-29 10:59:43 - [TEST_STEP][PASSED] - callTestCase(findTestCase("CommonMethods/SearchForAProduct_search"), ["searchTerm":SLProduct], STOP_ON_FAILURE): Call Test Case 'Test Cases/CommonMethods/SearchForAProduct_search' successfully

2023-08-29 10:59:43 - [TEST_CASE][PASSED] - Test Cases/CommonMethods/SearchForAProduct_search: Test Cases/CommonMethods/SearchForAProduct_search

2023-08-29 10:59:43 - [TEST_STEP][PASSED] - click(findTestObject("HomePage/Buscar1"), STOP_ON_FAILURE): Object: 'Object Repository/HomePage/Buscar1' is clicked on

2023-08-29 11:00:38 - [MESSAGE][PASSED] - Object: 'Object Repository/HomePage/Buscar1' is clicked on

2023-08-29 11:00:38 - [TEST_STEP][PASSED] - delay(3): Delayed 3 second(s)

2023-08-29 11:00:41 - [MESSAGE][PASSED] - Delayed 3 second(s)

2023-08-29 11:00:41 - [TEST_STEP][PASSED] - setText(findTestObject("HomePage/Buscar1"), searchTerm): Text 'can
' is set on object 'Object Repository/HomePage/Buscar1'

2023-08-29 11:00:42 - [MESSAGE][PASSED] - Text 'can
' is set on object 'Object Repository/HomePage/Buscar1'

2023-08-29 11:00:42 - [TEST_STEP][PASSED] - delay(3): Delayed 3 second(s)

2023-08-29 11:00:45 - [MESSAGE][PASSED] - Delayed 3 second(s)

2023-08-29 11:00:45 - [TEST_STEP][PASSED] - sendKeys(findTestObject("HomePage/Seach_TextBox_hp"), Keys.chord(ENTER)): Keys 'ENTER + ' sent to object: 'Object Repository/HomePage/Seach_TextBox_hp'

2023-08-29 11:01:05 - [MESSAGE][PASSED] - Keys 'ENTER + ' sent to object: 'Object Repository/HomePage/Seach_TextBox_hp'

2023-08-29 11:01:05 - [MESSAGE][PASSED] - Call Test Case 'Test Cases/CommonMethods/SearchForAProduct_search' successfully

2023-08-29 11:01:05 - [TEST_STEP][PASSED] - waitForPageLoad(0): Wait for page load successfully

2023-08-29 11:01:05 - [MESSAGE][WARNING] - Timeout '0' is invalid. Using default page load timeout: '30'

2023-08-29 11:01:05 - [MESSAGE][PASSED] - Wait for page load successfully

2023-08-29 11:01:05 - [TEST_STEP][PASSED] - click(findTestObject("PLPPage/product2_cardPrice_PLP"), OPTIONAL): Object: 'Object Repository/PLPPage/product2_cardPrice_PLP' is clicked on

2023-08-29 11:01:06 - [MESSAGE][PASSED] - Object: 'Object Repository/PLPPage/product2_cardPrice_PLP' is clicked on

2023-08-29 11:01:06 - [TEST_STEP][PASSED] - click(findTestObject("PDPPage/AddToCart_PDP")): Object: 'Object Repository/PDPPage/AddToCart_PDP' is clicked on

2023-08-29 11:01:17 - [MESSAGE][PASSED] - Object: 'Object Repository/PDPPage/AddToCart_PDP' is clicked on

2023-08-29 11:01:17 - [TEST_STEP][PASSED] - click(findTestObject("HomePage/bag_header_HP")): Object: 'Object Repository/HomePage/bag_header_HP' is clicked on

2023-08-29 11:01:21 - [MESSAGE][PASSED] - Object: 'Object Repository/HomePage/bag_header_HP' is clicked on

2023-08-29 11:01:21 - [TEST_STEP][PASSED] - click(findTestObject("CartPage/BuyButton_Cart")): Object: 'Object Repository/CartPage/BuyButton_Cart' is clicked on

2023-08-29 11:01:26 - [MESSAGE][PASSED] - Object: 'Object Repository/CartPage/BuyButton_Cart' is clicked on

2023-08-29 11:01:26 - [TEST_STEP][PASSED] - click(findTestObject("OPCPage/paymentMethod_change_OPC"), OPTIONAL): Object: 'Object Repository/OPCPage/paymentMethod_change_OPC' is clicked on

2023-08-29 11:01:35 - [MESSAGE][PASSED] - Object: 'Object Repository/OPCPage/paymentMethod_change_OPC' is clicked on

2023-08-29 11:01:35 - [TEST_STEP][PASSED] - click(findTestObject("OPCPage/paymentMethod_button1_OPC"), OPTIONAL): Object: 'Object Repository/OPCPage/paymentMethod_button1_OPC' is clicked on

2023-08-29 11:01:37 - [MESSAGE][PASSED] - Object: 'Object Repository/OPCPage/paymentMethod_button1_OPC' is clicked on

2023-08-29 11:01:37 - [TEST_STEP][PASSED] - setText(findTestObject("OPCPage/enterCardCVV_OPC"), "413", OPTIONAL): Text '413' is set on object 'Object Repository/OPCPage/enterCardCVV_OPC'

2023-08-29 11:01:38 - [MESSAGE][PASSED] - Text '413' is set on object 'Object Repository/OPCPage/enterCardCVV_OPC'

2023-08-29 11:01:38 - [TEST_STEP][PASSED] - setText(findTestObject("OPCPage/enterCardExpire_OPC"), "1225", OPTIONAL): Text '1225' is set on object 'Object Repository/OPCPage/enterCardExpire_OPC'

2023-08-29 11:01:39 - [MESSAGE][PASSED] - Text '1225' is set on object 'Object Repository/OPCPage/enterCardExpire_OPC'

2023-08-29 11:01:39 - [TEST_STEP][PASSED] - click(findTestObject("OPCPage/cardContinue_checkout_popUP"), OPTIONAL): Object: 'Object Repository/OPCPage/cardContinue_checkout_popUP' is clicked on

2023-08-29 11:01:39 - [MESSAGE][PASSED] - Object: 'Object Repository/OPCPage/cardContinue_checkout_popUP' is clicked on

2023-08-29 11:01:39 - [TEST_STEP][PASSED] - click(findTestObject("OPCPage/Final_comparar_OPC")): Object: 'Object Repository/OPCPage/Final_comparar_OPC' is clicked on

2023-08-29 11:01:43 - [MESSAGE][PASSED] - Object: 'Object Repository/OPCPage/Final_comparar_OPC' is clicked on

2023-08-29 11:01:43 - [TEST_STEP][FAILED] - verifyElementPresent(findTestObject("OPCPage/ConfirmOrder_Checkout"), 0): Unable to verify object 'Object Repository/OPCPage/ConfirmOrder_Checkout' is present (Root cause: com.kms.katalon.core.exception.StepFailedException: Unable to verify object 'Object Repository/OPCPage/ConfirmOrder_Checkout' is present
	at com.kms.katalon.core.webui.keyword.internal.WebUIKeywordMain.stepFailed(WebUIKeywordMain.groovy:64)
	at com.kms.katalon.core.webui.keyword.internal.WebUIKeywordMain.runKeyword(WebUIKeywordMain.groovy:26)
	at com.kms.katalon.core.webui.keyword.builtin.VerifyElementPresentKeyword.verifyElementPresent(VerifyElementPresentKeyword.groovy:92)
	at com.kms.katalon.core.webui.keyword.builtin.VerifyElementPresentKeyword.execute(VerifyElementPresentKeyword.groovy:68)
	at com.kms.katalon.core.keyword.internal.KeywordExecutor.executeKeywordForPlatform(KeywordExecutor.groovy:74)
	at com.kms.katalon.core.webui.keyword.WebUiBuiltInKeywords.verifyElementPresent(WebUiBuiltInKeywords.groovy:1464)
	at com.kms.katalon.core.webui.keyword.WebUiBuiltInKeywords$verifyElementPresent$6.call(Unknown Source)
	at TS_SMOKE_SUITE_087.run(TS_SMOKE_SUITE_087:55)
	at com.kms.katalon.core.main.ScriptEngine.run(ScriptEngine.java:194)
	at com.kms.katalon.core.main.ScriptEngine.runScriptAsRawText(ScriptEngine.java:119)
	at com.kms.katalon.core.main.TestCaseExecutor.runScript(TestCaseExecutor.java:448)
	at com.kms.katalon.core.main.TestCaseExecutor.doExecute(TestCaseExecutor.java:439)
	at com.kms.katalon.core.main.TestCaseExecutor.processExecutionPhase(TestCaseExecutor.java:418)
	at com.kms.katalon.core.main.TestCaseExecutor.accessMainPhase(TestCaseExecutor.java:410)
	at com.kms.katalon.core.main.TestCaseExecutor.execute(TestCaseExecutor.java:285)
	at com.kms.katalon.core.common.CommonExecutor.accessTestCaseMainPhase(CommonExecutor.java:65)
	at com.kms.katalon.core.main.TestSuiteExecutor.accessTestSuiteMainPhase(TestSuiteExecutor.java:148)
	at com.kms.katalon.core.main.TestSuiteExecutor.execute(TestSuiteExecutor.java:106)
	at com.kms.katalon.core.main.TestCaseMain.startTestSuite(TestCaseMain.java:187)
	at com.kms.katalon.core.main.TestCaseMain$startTestSuite$0.call(Unknown Source)
	at TempTestSuite1693284812317.run(TempTestSuite1693284812317.groovy:36)
Caused by: com.kms.katalon.core.exception.StepFailedException: com.kms.katalon.core.webui.exception.WebElementNotFoundException: Web element with id: 'Object Repository/OPCPage/ConfirmOrder_Checkout' located by '//div[@class='confirmation-section__gratitude']' not found
	at com.kms.katalon.core.webui.keyword.internal.WebUIKeywordMain.stepFailed(WebUIKeywordMain.groovy:64)
	at com.kms.katalon.core.webui.keyword.builtin.VerifyElementPresentKeyword$_verifyElementPresent_closure1.doCall(VerifyElementPresentKeyword.groovy:85)
	at com.kms.katalon.core.webui.keyword.builtin.VerifyElementPresentKeyword$_verifyElementPresent_closure1.call(VerifyElementPresentKeyword.groovy)
	at com.kms.katalon.core.webui.keyword.internal.WebUIKeywordMain.runKeyword(WebUIKeywordMain.groovy:20)
	... 19 more
)

2023-08-29 11:01:43 - [MESSAGE][WARNING] - Timeout '0' is invalid. Using default page load timeout: '30'

2023-08-29 11:02:14 - [MESSAGE][INFO] - Unable to find the element located by 'By.xpath: //div[@class='confirmation-section__gratitude']'. Please recheck the objects properties to make sure the desired element is located. 

2023-08-29 11:02:14 - [MESSAGE][FAILED] - com.kms.katalon.core.webui.exception.WebElementNotFoundException: Web element with id: 'Object Repository/OPCPage/ConfirmOrder_Checkout' located by '//div[@class='confirmation-section__gratitude']' not found (Root cause: com.kms.katalon.core.exception.StepFailedException: com.kms.katalon.core.webui.exception.WebElementNotFoundException: Web element with id: 'Object Repository/OPCPage/ConfirmOrder_Checkout' located by '//div[@class='confirmation-section__gratitude']' not found
	at com.kms.katalon.core.webui.keyword.internal.WebUIKeywordMain.stepFailed(WebUIKeywordMain.groovy:64)
	at com.kms.katalon.core.webui.keyword.builtin.VerifyElementPresentKeyword$_verifyElementPresent_closure1.doCall(VerifyElementPresentKeyword.groovy:85)
	at com.kms.katalon.core.webui.keyword.builtin.VerifyElementPresentKeyword$_verifyElementPresent_closure1.call(VerifyElementPresentKeyword.groovy)
	at com.kms.katalon.core.webui.keyword.internal.WebUIKeywordMain.runKeyword(WebUIKeywordMain.groovy:20)
	at com.kms.katalon.core.webui.keyword.builtin.VerifyElementPresentKeyword.verifyElementPresent(VerifyElementPresentKeyword.groovy:92)
	at com.kms.katalon.core.webui.keyword.builtin.VerifyElementPresentKeyword.execute(VerifyElementPresentKeyword.groovy:68)
	at com.kms.katalon.core.keyword.internal.KeywordExecutor.executeKeywordForPlatform(KeywordExecutor.groovy:74)
	at com.kms.katalon.core.webui.keyword.WebUiBuiltInKeywords.verifyElementPresent(WebUiBuiltInKeywords.groovy:1464)
	at com.kms.katalon.core.webui.keyword.WebUiBuiltInKeywords$verifyElementPresent$6.call(Unknown Source)
	at TS_SMOKE_SUITE_087.run(TS_SMOKE_SUITE_087:55)
	at com.kms.katalon.core.main.ScriptEngine.run(ScriptEngine.java:194)
	at com.kms.katalon.core.main.ScriptEngine.runScriptAsRawText(ScriptEngine.java:119)
	at com.kms.katalon.core.main.TestCaseExecutor.runScript(TestCaseExecutor.java:448)
	at com.kms.katalon.core.main.TestCaseExecutor.doExecute(TestCaseExecutor.java:439)
	at com.kms.katalon.core.main.TestCaseExecutor.processExecutionPhase(TestCaseExecutor.java:418)
	at com.kms.katalon.core.main.TestCaseExecutor.accessMainPhase(TestCaseExecutor.java:410)
	at com.kms.katalon.core.main.TestCaseExecutor.execute(TestCaseExecutor.java:285)
	at com.kms.katalon.core.common.CommonExecutor.accessTestCaseMainPhase(CommonExecutor.java:65)
	at com.kms.katalon.core.main.TestSuiteExecutor.accessTestSuiteMainPhase(TestSuiteExecutor.java:148)
	at com.kms.katalon.core.main.TestSuiteExecutor.execute(TestSuiteExecutor.java:106)
	at com.kms.katalon.core.main.TestCaseMain.startTestSuite(TestCaseMain.java:187)
	at com.kms.katalon.core.main.TestCaseMain$startTestSuite$0.call(Unknown Source)
	at TempTestSuite1693284812317.run(TempTestSuite1693284812317.groovy:36)
)
[[ATTACHMENT|D:\\backup\\LiverpoolProject_SmokeSuite\\Reports\\20230829_080249\\SmokeSuite_AllModules\\20230829_102332\\1693287134561.png]]

2023-08-29 11:02:15 - [MESSAGE][FAILED] - Unable to verify object 'Object Repository/OPCPage/ConfirmOrder_Checkout' is present (Root cause: com.kms.katalon.core.exception.StepFailedException: Unable to verify object 'Object Repository/OPCPage/ConfirmOrder_Checkout' is present
	at com.kms.katalon.core.webui.keyword.internal.WebUIKeywordMain.stepFailed(WebUIKeywordMain.groovy:64)
	at com.kms.katalon.core.webui.keyword.internal.WebUIKeywordMain.runKeyword(WebUIKeywordMain.groovy:26)
	at com.kms.katalon.core.webui.keyword.builtin.VerifyElementPresentKeyword.verifyElementPresent(VerifyElementPresentKeyword.groovy:92)
	at com.kms.katalon.core.webui.keyword.builtin.VerifyElementPresentKeyword.execute(VerifyElementPresentKeyword.groovy:68)
	at com.kms.katalon.core.keyword.internal.KeywordExecutor.executeKeywordForPlatform(KeywordExecutor.groovy:74)
	at com.kms.katalon.core.webui.keyword.WebUiBuiltInKeywords.verifyElementPresent(WebUiBuiltInKeywords.groovy:1464)
	at com.kms.katalon.core.webui.keyword.WebUiBuiltInKeywords$verifyElementPresent$6.call(Unknown Source)
	at TS_SMOKE_SUITE_087.run(TS_SMOKE_SUITE_087:55)
	at com.kms.katalon.core.main.ScriptEngine.run(ScriptEngine.java:194)
	at com.kms.katalon.core.main.ScriptEngine.runScriptAsRawText(ScriptEngine.java:119)
	at com.kms.katalon.core.main.TestCaseExecutor.runScript(TestCaseExecutor.java:448)
	at com.kms.katalon.core.main.TestCaseExecutor.doExecute(TestCaseExecutor.java:439)
	at com.kms.katalon.core.main.TestCaseExecutor.processExecutionPhase(TestCaseExecutor.java:418)
	at com.kms.katalon.core.main.TestCaseExecutor.accessMainPhase(TestCaseExecutor.java:410)
	at com.kms.katalon.core.main.TestCaseExecutor.execute(TestCaseExecutor.java:285)
	at com.kms.katalon.core.common.CommonExecutor.accessTestCaseMainPhase(CommonExecutor.java:65)
	at com.kms.katalon.core.main.TestSuiteExecutor.accessTestSuiteMainPhase(TestSuiteExecutor.java:148)
	at com.kms.katalon.core.main.TestSuiteExecutor.execute(TestSuiteExecutor.java:106)
	at com.kms.katalon.core.main.TestCaseMain.startTestSuite(TestCaseMain.java:187)
	at com.kms.katalon.core.main.TestCaseMain$startTestSuite$0.call(Unknown Source)
	at TempTestSuite1693284812317.run(TempTestSuite1693284812317.groovy:36)
Caused by: com.kms.katalon.core.exception.StepFailedException: com.kms.katalon.core.webui.exception.WebElementNotFoundException: Web element with id: 'Object Repository/OPCPage/ConfirmOrder_Checkout' located by '//div[@class='confirmation-section__gratitude']' not found
	at com.kms.katalon.core.webui.keyword.internal.WebUIKeywordMain.stepFailed(WebUIKeywordMain.groovy:64)
	at com.kms.katalon.core.webui.keyword.builtin.VerifyElementPresentKeyword$_verifyElementPresent_closure1.doCall(VerifyElementPresentKeyword.groovy:85)
	at com.kms.katalon.core.webui.keyword.builtin.VerifyElementPresentKeyword$_verifyElementPresent_closure1.call(VerifyElementPresentKeyword.groovy)
	at com.kms.katalon.core.webui.keyword.internal.WebUIKeywordMain.runKeyword(WebUIKeywordMain.groovy:20)
	... 19 more
)
[[ATTACHMENT|D:\\backup\\LiverpoolProject_SmokeSuite\\Reports\\20230829_080249\\SmokeSuite_AllModules\\20230829_102332\\1693287134790.png]]]]></system-out>
         <system-err><![CDATA[2023-08-29 10:58:15 - [TEST_CASE][FAILED] - Test Cases/Checkout/TS_SMOKE_SUITE_087: Test Cases/Checkout/TS_SMOKE_SUITE_087 FAILED.
Reason:
com.kms.katalon.core.exception.StepFailedException: Unable to verify object 'Object Repository/OPCPage/ConfirmOrder_Checkout' is present
	at com.kms.katalon.core.webui.keyword.internal.WebUIKeywordMain.stepFailed(WebUIKeywordMain.groovy:64)
	at com.kms.katalon.core.webui.keyword.internal.WebUIKeywordMain.runKeyword(WebUIKeywordMain.groovy:26)
	at com.kms.katalon.core.webui.keyword.builtin.VerifyElementPresentKeyword.verifyElementPresent(VerifyElementPresentKeyword.groovy:92)
	at com.kms.katalon.core.webui.keyword.builtin.VerifyElementPresentKeyword.execute(VerifyElementPresentKeyword.groovy:68)
	at com.kms.katalon.core.keyword.internal.KeywordExecutor.executeKeywordForPlatform(KeywordExecutor.groovy:74)
	at com.kms.katalon.core.webui.keyword.WebUiBuiltInKeywords.verifyElementPresent(WebUiBuiltInKeywords.groovy:1464)
	at com.kms.katalon.core.webui.keyword.WebUiBuiltInKeywords$verifyElementPresent$6.call(Unknown Source)
	at TS_SMOKE_SUITE_087.run(TS_SMOKE_SUITE_087:55)
	at com.kms.katalon.core.main.ScriptEngine.run(ScriptEngine.java:194)
	at com.kms.katalon.core.main.ScriptEngine.runScriptAsRawText(ScriptEngine.java:119)
	at com.kms.katalon.core.main.TestCaseExecutor.runScript(TestCaseExecutor.java:448)
	at com.kms.katalon.core.main.TestCaseExecutor.doExecute(TestCaseExecutor.java:439)
	at com.kms.katalon.core.main.TestCaseExecutor.processExecutionPhase(TestCaseExecutor.java:418)
	at com.kms.katalon.core.main.TestCaseExecutor.accessMainPhase(TestCaseExecutor.java:410)
	at com.kms.katalon.core.main.TestCaseExecutor.execute(TestCaseExecutor.java:285)
	at com.kms.katalon.core.common.CommonExecutor.accessTestCaseMainPhase(CommonExecutor.java:65)
	at com.kms.katalon.core.main.TestSuiteExecutor.accessTestSuiteMainPhase(TestSuiteExecutor.java:148)
	at com.kms.katalon.core.main.TestSuiteExecutor.execute(TestSuiteExecutor.java:106)
	at com.kms.katalon.core.main.TestCaseMain.startTestSuite(TestCaseMain.java:187)
	at com.kms.katalon.core.main.TestCaseMain$startTestSuite$0.call(Unknown Source)
	at TempTestSuite1693284812317.run(TempTestSuite1693284812317.groovy:36)
Caused by: com.kms.katalon.core.exception.StepFailedException: com.kms.katalon.core.webui.exception.WebElementNotFoundException: Web element with id: 'Object Repository/OPCPage/ConfirmOrder_Checkout' located by '//div[@class='confirmation-section__gratitude']' not found
	at com.kms.katalon.core.webui.keyword.internal.WebUIKeywordMain.stepFailed(WebUIKeywordMain.groovy:64)
	at com.kms.katalon.core.webui.keyword.builtin.VerifyElementPresentKeyword$_verifyElementPresent_closure1.doCall(VerifyElementPresentKeyword.groovy:85)
	at com.kms.katalon.core.webui.keyword.builtin.VerifyElementPresentKeyword$_verifyElementPresent_closure1.call(VerifyElementPresentKeyword.groovy)
	at com.kms.katalon.core.webui.keyword.internal.WebUIKeywordMain.runKeyword(WebUIKeywordMain.groovy:20)
	... 19 more]]></system-err>
      </testcase>
      <testcase name="Test Cases/Checkout/TS_SMOKE_SUITE_088" time="132.309" classname="Test Cases/Checkout/TS_SMOKE_SUITE_088" status="FAILED">
         <failure type="FAILED" message="Test Cases/Checkout/TS_SMOKE_SUITE_088 FAILED.
Reason:
com.kms.katalon.core.exception.StepFailedException: Unable to scroll to object 'Object Repository/AccountManagement/Tiempo_aire_MyAccount'
	at com.kms.katalon.core.webui.keyword.internal.WebUIKeywordMain.stepFailed(WebUIKeywordMain.groovy:64)
	at com.kms.katalon.core.webui.keyword.internal.WebUIKeywordMain.runKeyword(WebUIKeywordMain.groovy:26)
	at com.kms.katalon.core.webui.keyword.builtin.ScrollToElementKeyword.scrollToElement(ScrollToElementKeyword.groovy:88)
	at com.kms.katalon.core.webui.keyword.builtin.ScrollToElementKeyword.execute(ScrollToElementKeyword.groovy:68)
	at com.kms.katalon.core.keyword.internal.KeywordExecutor.executeKeywordForPlatform(KeywordExecutor.groovy:74)
	at com.kms.katalon.core.webui.keyword.WebUiBuiltInKeywords.scrollToElement(WebUiBuiltInKeywords.groovy:4061)
	at com.kms.katalon.core.webui.keyword.WebUiBuiltInKeywords$scrollToElement$12.call(Unknown Source)
	at TS_SMOKE_SUITE_088.run(TS_SMOKE_SUITE_088:36)
	at com.kms.katalon.core.main.ScriptEngine.run(ScriptEngine.java:194)
	at com.kms.katalon.core.main.ScriptEngine.runScriptAsRawText(ScriptEngine.java:119)
	at com.kms.katalon.core.main.TestCaseExecutor.runScript(TestCaseExecutor.java:448)
	at com.kms.katalon.core.main.TestCaseExecutor.doExecute(TestCaseExecutor.java:439)
	at com.kms.katalon.core.main.TestCaseExecutor.processExecutionPhase(TestCaseExecutor.java:418)
	at com.kms.katalon.core.main.TestCaseExecutor.accessMainPhase(TestCaseExecutor.java:410)
	at com.kms.katalon.core.main.TestCaseExecutor.execute(TestCaseExecutor.java:285)
	at com.kms.katalon.core.common.CommonExecutor.accessTestCaseMainPhase(CommonExecutor.java:65)
	at com.kms.katalon.core.main.TestSuiteExecutor.accessTestSuiteMainPhase(TestSuiteExecutor.java:148)
	at com.kms.katalon.core.main.TestSuiteExecutor.execute(TestSuiteExecutor.java:106)
	at com.kms.katalon.core.main.TestCaseMain.startTestSuite(TestCaseMain.java:187)
	at com.kms.katalon.core.main.TestCaseMain$startTestSuite$0.call(Unknown Source)
	at TempTestSuite1693284812317.run(TempTestSuite1693284812317.groovy:36)
Caused by: org.openqa.selenium.StaleElementReferenceException: stale element reference: stale element not found
  (Session info: chrome=116.0.5845.111)
For documentation on this error, please visit: https://www.seleniumhq.org/exceptions/stale_element_reference.html
Build info: version: '3.141.59', revision: 'e82be7d358', time: '2018-11-14T08:25:53'
System info: host: 'DESKTOP-L51QJLB', ip: '172.22.45.157', os.name: 'Windows 10', os.arch: 'amd64', os.version: '10.0', java.version: '1.8.0_282'
Driver info: com.kms.katalon.selenium.driver.CChromeDriver
Capabilities {acceptInsecureCerts: false, browserName: chrome, browserVersion: 116.0.5845.111, chrome: {chromedriverVersion: 116.0.5845.96 (1a3918166880..., userDataDir: C:\Users\DELL\AppData\Local...}, fedcm:accounts: true, goog:chromeOptions: {debuggerAddress: localhost:61246}, javascriptEnabled: true, networkConnectionEnabled: false, pageLoadStrategy: normal, platform: WINDOWS, platformName: WINDOWS, proxy: Proxy(), setWindowRect: true, strictFileInteractability: false, timeouts: {implicit: 0, pageLoad: 300000, script: 30000}, unhandledPromptBehavior: dismiss and notify, webauthn:extension:credBlob: true, webauthn:extension:largeBlob: true, webauthn:extension:minPinLength: true, webauthn:extension:prf: true, webauthn:virtualAuthenticators: true}
Session ID: 48aaa20ea9398499654fef91dffa647d
	at org.openqa.selenium.remote.http.W3CHttpResponseCodec.createException(W3CHttpResponseCodec.java:187)
	at org.openqa.selenium.remote.http.W3CHttpResponseCodec.decode(W3CHttpResponseCodec.java:122)
	at org.openqa.selenium.remote.http.W3CHttpResponseCodec.decode(W3CHttpResponseCodec.java:49)
	at org.openqa.selenium.remote.HttpCommandExecutor.execute(HttpCommandExecutor.java:158)
	at org.openqa.selenium.remote.service.DriverCommandExecutor.execute(DriverCommandExecutor.java:83)
	at org.openqa.selenium.remote.RemoteWebDriver.execute(RemoteWebDriver.java:552)
	at com.kms.katalon.selenium.driver.CChromeDriver.execute(CChromeDriver.java:19)
	at org.openqa.selenium.remote.RemoteWebDriver.executeScript(RemoteWebDriver.java:489)
	at org.openqa.selenium.support.events.EventFiringWebDriver.lambda$new$1(EventFiringWebDriver.java:105)
	at com.sun.proxy.$Proxy10.executeScript(Unknown Source)
	at org.openqa.selenium.support.events.EventFiringWebDriver.executeScript(EventFiringWebDriver.java:229)
	at com.kms.katalon.core.webui.keyword.builtin.ScrollToElementKeyword$_scrollToElement_closure1.doCall(ScrollToElementKeyword.groovy:81)
	at com.kms.katalon.core.webui.keyword.builtin.ScrollToElementKeyword$_scrollToElement_closure1.call(ScrollToElementKeyword.groovy)
	at com.kms.katalon.core.webui.keyword.internal.WebUIKeywordMain.runKeyword(WebUIKeywordMain.groovy:20)
	... 19 more
"/>
         <system-out><![CDATA[2023-08-29 11:02:15 - [TEST_CASE][FAILED] - Test Cases/Checkout/TS_SMOKE_SUITE_088: Test Cases/Checkout/TS_SMOKE_SUITE_088 FAILED.
Reason:
com.kms.katalon.core.exception.StepFailedException: Unable to scroll to object 'Object Repository/AccountManagement/Tiempo_aire_MyAccount'
	at com.kms.katalon.core.webui.keyword.internal.WebUIKeywordMain.stepFailed(WebUIKeywordMain.groovy:64)
	at com.kms.katalon.core.webui.keyword.internal.WebUIKeywordMain.runKeyword(WebUIKeywordMain.groovy:26)
	at com.kms.katalon.core.webui.keyword.builtin.ScrollToElementKeyword.scrollToElement(ScrollToElementKeyword.groovy:88)
	at com.kms.katalon.core.webui.keyword.builtin.ScrollToElementKeyword.execute(ScrollToElementKeyword.groovy:68)
	at com.kms.katalon.core.keyword.internal.KeywordExecutor.executeKeywordForPlatform(KeywordExecutor.groovy:74)
	at com.kms.katalon.core.webui.keyword.WebUiBuiltInKeywords.scrollToElement(WebUiBuiltInKeywords.groovy:4061)
	at com.kms.katalon.core.webui.keyword.WebUiBuiltInKeywords$scrollToElement$12.call(Unknown Source)
	at TS_SMOKE_SUITE_088.run(TS_SMOKE_SUITE_088:36)
	at com.kms.katalon.core.main.ScriptEngine.run(ScriptEngine.java:194)
	at com.kms.katalon.core.main.ScriptEngine.runScriptAsRawText(ScriptEngine.java:119)
	at com.kms.katalon.core.main.TestCaseExecutor.runScript(TestCaseExecutor.java:448)
	at com.kms.katalon.core.main.TestCaseExecutor.doExecute(TestCaseExecutor.java:439)
	at com.kms.katalon.core.main.TestCaseExecutor.processExecutionPhase(TestCaseExecutor.java:418)
	at com.kms.katalon.core.main.TestCaseExecutor.accessMainPhase(TestCaseExecutor.java:410)
	at com.kms.katalon.core.main.TestCaseExecutor.execute(TestCaseExecutor.java:285)
	at com.kms.katalon.core.common.CommonExecutor.accessTestCaseMainPhase(CommonExecutor.java:65)
	at com.kms.katalon.core.main.TestSuiteExecutor.accessTestSuiteMainPhase(TestSuiteExecutor.java:148)
	at com.kms.katalon.core.main.TestSuiteExecutor.execute(TestSuiteExecutor.java:106)
	at com.kms.katalon.core.main.TestCaseMain.startTestSuite(TestCaseMain.java:187)
	at com.kms.katalon.core.main.TestCaseMain$startTestSuite$0.call(Unknown Source)
	at TempTestSuite1693284812317.run(TempTestSuite1693284812317.groovy:36)
Caused by: org.openqa.selenium.StaleElementReferenceException: stale element reference: stale element not found
  (Session info: chrome=116.0.5845.111)
For documentation on this error, please visit: https://www.seleniumhq.org/exceptions/stale_element_reference.html
Build info: version: '3.141.59', revision: 'e82be7d358', time: '2018-11-14T08:25:53'
System info: host: 'DESKTOP-L51QJLB', ip: '172.22.45.157', os.name: 'Windows 10', os.arch: 'amd64', os.version: '10.0', java.version: '1.8.0_282'
Driver info: com.kms.katalon.selenium.driver.CChromeDriver
Capabilities {acceptInsecureCerts: false, browserName: chrome, browserVersion: 116.0.5845.111, chrome: {chromedriverVersion: 116.0.5845.96 (1a3918166880..., userDataDir: C:\Users\DELL\AppData\Local...}, fedcm:accounts: true, goog:chromeOptions: {debuggerAddress: localhost:61246}, javascriptEnabled: true, networkConnectionEnabled: false, pageLoadStrategy: normal, platform: WINDOWS, platformName: WINDOWS, proxy: Proxy(), setWindowRect: true, strictFileInteractability: false, timeouts: {implicit: 0, pageLoad: 300000, script: 30000}, unhandledPromptBehavior: dismiss and notify, webauthn:extension:credBlob: true, webauthn:extension:largeBlob: true, webauthn:extension:minPinLength: true, webauthn:extension:prf: true, webauthn:virtualAuthenticators: true}
Session ID: 48aaa20ea9398499654fef91dffa647d
	at org.openqa.selenium.remote.http.W3CHttpResponseCodec.createException(W3CHttpResponseCodec.java:187)
	at org.openqa.selenium.remote.http.W3CHttpResponseCodec.decode(W3CHttpResponseCodec.java:122)
	at org.openqa.selenium.remote.http.W3CHttpResponseCodec.decode(W3CHttpResponseCodec.java:49)
	at org.openqa.selenium.remote.HttpCommandExecutor.execute(HttpCommandExecutor.java:158)
	at org.openqa.selenium.remote.service.DriverCommandExecutor.execute(DriverCommandExecutor.java:83)
	at org.openqa.selenium.remote.RemoteWebDriver.execute(RemoteWebDriver.java:552)
	at com.kms.katalon.selenium.driver.CChromeDriver.execute(CChromeDriver.java:19)
	at org.openqa.selenium.remote.RemoteWebDriver.executeScript(RemoteWebDriver.java:489)
	at org.openqa.selenium.support.events.EventFiringWebDriver.lambda$new$1(EventFiringWebDriver.java:105)
	at com.sun.proxy.$Proxy10.executeScript(Unknown Source)
	at org.openqa.selenium.support.events.EventFiringWebDriver.executeScript(EventFiringWebDriver.java:229)
	at com.kms.katalon.core.webui.keyword.builtin.ScrollToElementKeyword$_scrollToElement_closure1.doCall(ScrollToElementKeyword.groovy:81)
	at com.kms.katalon.core.webui.keyword.builtin.ScrollToElementKeyword$_scrollToElement_closure1.call(ScrollToElementKeyword.groovy)
	at com.kms.katalon.core.webui.keyword.internal.WebUIKeywordMain.runKeyword(WebUIKeywordMain.groovy:20)
	... 19 more


2023-08-29 11:02:15 - [TEST_STEP][PASSED] - openBrowser(""): Browser is opened with url: ''

2023-08-29 11:02:15 - [MESSAGE][WARNING] - A browser is already opened. Closing browser and opening a new one

2023-08-29 11:02:16 - [MESSAGE][INFO] - Starting 'Chrome' driver

2023-08-29 11:02:16 - [MESSAGE][INFO] - Action delay is set to 0 milliseconds

2023-08-29 11:02:18 - [MESSAGE][PASSED] - Browser is opened with url: ''

2023-08-29 11:02:18 - [TEST_STEP][PASSED] - navigateToUrl(URL): Navigate to 'https://odtaqaa.liverpool.com.mx/tienda/home' successfully

2023-08-29 11:03:01 - [MESSAGE][PASSED] - Navigate to 'https://odtaqaa.liverpool.com.mx/tienda/home' successfully

2023-08-29 11:03:01 - [TEST_STEP][PASSED] - maximizeWindow(): Current window maximized

2023-08-29 11:03:02 - [MESSAGE][PASSED] - Current window maximized

2023-08-29 11:03:02 - [TEST_STEP][PASSED] - click(findTestObject("HomePage/Iniciar sesion")): Object: 'Object Repository/HomePage/Iniciar sesion' is clicked on

2023-08-29 11:03:03 - [MESSAGE][PASSED] - Object: 'Object Repository/HomePage/Iniciar sesion' is clicked on

2023-08-29 11:03:03 - [TEST_STEP][PASSED] - callTestCase(findTestCase("CommonMethods/login_odtaqab"), [:], STOP_ON_FAILURE): Call Test Case 'Test Cases/CommonMethods/login_odtaqab' successfully

2023-08-29 11:03:03 - [TEST_CASE][PASSED] - Test Cases/CommonMethods/login_odtaqab: Test Cases/CommonMethods/login_odtaqab

2023-08-29 11:03:03 - [TEST_STEP][PASSED] - click(findTestObject("HomePage/Iniciar sesion")): Object: 'Object Repository/HomePage/Iniciar sesion' is clicked on

2023-08-29 11:03:04 - [MESSAGE][PASSED] - Object: 'Object Repository/HomePage/Iniciar sesion' is clicked on

2023-08-29 11:03:04 - [TEST_STEP][PASSED] - enhancedClick(findTestObject("HomePage/EnterUsername_LP")): Object: 'Object Repository/HomePage/EnterUsername_LP' is clicked on

2023-08-29 11:03:27 - [MESSAGE][PASSED] - Object: 'Object Repository/HomePage/EnterUsername_LP' is clicked on

2023-08-29 11:03:27 - [TEST_STEP][PASSED] - setText(findTestObject("HomePage/EnterUsername_LP"), username): Text 'hcheruvu29@digisprint.com' is set on object 'Object Repository/HomePage/EnterUsername_LP'

2023-08-29 11:03:28 - [MESSAGE][PASSED] - Text 'hcheruvu29@digisprint.com' is set on object 'Object Repository/HomePage/EnterUsername_LP'

2023-08-29 11:03:28 - [TEST_STEP][PASSED] - delay(2): Delayed 2 second(s)

2023-08-29 11:03:30 - [MESSAGE][PASSED] - Delayed 2 second(s)

2023-08-29 11:03:30 - [TEST_STEP][PASSED] - enhancedClick(findTestObject("HomePage/EnterPassword_LP")): Object: 'Object Repository/HomePage/EnterPassword_LP' is clicked on

2023-08-29 11:03:31 - [MESSAGE][PASSED] - Object: 'Object Repository/HomePage/EnterPassword_LP' is clicked on

2023-08-29 11:03:31 - [TEST_STEP][PASSED] - delay(2): Delayed 2 second(s)

2023-08-29 11:03:33 - [MESSAGE][PASSED] - Delayed 2 second(s)

2023-08-29 11:03:33 - [TEST_STEP][PASSED] - setText(findTestObject("HomePage/EnterPassword_LP"), password): Text 'Test@12345' is set on object 'Object Repository/HomePage/EnterPassword_LP'

2023-08-29 11:03:34 - [MESSAGE][PASSED] - Text 'Test@12345' is set on object 'Object Repository/HomePage/EnterPassword_LP'

2023-08-29 11:03:34 - [TEST_STEP][PASSED] - click(findTestObject("HomePage/inciar")): Object: 'Object Repository/HomePage/inciar' is clicked on

2023-08-29 11:03:45 - [MESSAGE][PASSED] - Object: 'Object Repository/HomePage/inciar' is clicked on

2023-08-29 11:03:45 - [MESSAGE][PASSED] - Call Test Case 'Test Cases/CommonMethods/login_odtaqab' successfully

2023-08-29 11:03:45 - [TEST_STEP][PASSED] - waitForPageLoad(0): Wait for page load successfully

2023-08-29 11:03:45 - [MESSAGE][WARNING] - Timeout '0' is invalid. Using default page load timeout: '30'

2023-08-29 11:03:45 - [MESSAGE][PASSED] - Wait for page load successfully

2023-08-29 11:03:45 - [TEST_STEP][PASSED] - click(findTestObject("HomePage/header_Hola_text_HP")): Object: 'Object Repository/HomePage/header_Hola_text_HP' is clicked on

2023-08-29 11:04:23 - [MESSAGE][PASSED] - Object: 'Object Repository/HomePage/header_Hola_text_HP' is clicked on

2023-08-29 11:04:23 - [TEST_STEP][PASSED] - click(findTestObject("HomePage/a_Mis Compras")): Object: 'Object Repository/HomePage/a_Mis Compras' is clicked on

2023-08-29 11:04:24 - [MESSAGE][PASSED] - Object: 'Object Repository/HomePage/a_Mis Compras' is clicked on

2023-08-29 11:04:24 - [TEST_STEP][FAILED] - scrollToElement(findTestObject("AccountManagement/Tiempo_aire_MyAccount"), 0): Unable to scroll to object 'Object Repository/AccountManagement/Tiempo_aire_MyAccount' (Root cause: com.kms.katalon.core.exception.StepFailedException: Unable to scroll to object 'Object Repository/AccountManagement/Tiempo_aire_MyAccount'
	at com.kms.katalon.core.webui.keyword.internal.WebUIKeywordMain.stepFailed(WebUIKeywordMain.groovy:64)
	at com.kms.katalon.core.webui.keyword.internal.WebUIKeywordMain.runKeyword(WebUIKeywordMain.groovy:26)
	at com.kms.katalon.core.webui.keyword.builtin.ScrollToElementKeyword.scrollToElement(ScrollToElementKeyword.groovy:88)
	at com.kms.katalon.core.webui.keyword.builtin.ScrollToElementKeyword.execute(ScrollToElementKeyword.groovy:68)
	at com.kms.katalon.core.keyword.internal.KeywordExecutor.executeKeywordForPlatform(KeywordExecutor.groovy:74)
	at com.kms.katalon.core.webui.keyword.WebUiBuiltInKeywords.scrollToElement(WebUiBuiltInKeywords.groovy:4061)
	at com.kms.katalon.core.webui.keyword.WebUiBuiltInKeywords$scrollToElement$12.call(Unknown Source)
	at TS_SMOKE_SUITE_088.run(TS_SMOKE_SUITE_088:36)
	at com.kms.katalon.core.main.ScriptEngine.run(ScriptEngine.java:194)
	at com.kms.katalon.core.main.ScriptEngine.runScriptAsRawText(ScriptEngine.java:119)
	at com.kms.katalon.core.main.TestCaseExecutor.runScript(TestCaseExecutor.java:448)
	at com.kms.katalon.core.main.TestCaseExecutor.doExecute(TestCaseExecutor.java:439)
	at com.kms.katalon.core.main.TestCaseExecutor.processExecutionPhase(TestCaseExecutor.java:418)
	at com.kms.katalon.core.main.TestCaseExecutor.accessMainPhase(TestCaseExecutor.java:410)
	at com.kms.katalon.core.main.TestCaseExecutor.execute(TestCaseExecutor.java:285)
	at com.kms.katalon.core.common.CommonExecutor.accessTestCaseMainPhase(CommonExecutor.java:65)
	at com.kms.katalon.core.main.TestSuiteExecutor.accessTestSuiteMainPhase(TestSuiteExecutor.java:148)
	at com.kms.katalon.core.main.TestSuiteExecutor.execute(TestSuiteExecutor.java:106)
	at com.kms.katalon.core.main.TestCaseMain.startTestSuite(TestCaseMain.java:187)
	at com.kms.katalon.core.main.TestCaseMain$startTestSuite$0.call(Unknown Source)
	at TempTestSuite1693284812317.run(TempTestSuite1693284812317.groovy:36)
Caused by: org.openqa.selenium.StaleElementReferenceException: stale element reference: stale element not found
  (Session info: chrome=116.0.5845.111)
For documentation on this error, please visit: https://www.seleniumhq.org/exceptions/stale_element_reference.html
Build info: version: '3.141.59', revision: 'e82be7d358', time: '2018-11-14T08:25:53'
System info: host: 'DESKTOP-L51QJLB', ip: '172.22.45.157', os.name: 'Windows 10', os.arch: 'amd64', os.version: '10.0', java.version: '1.8.0_282'
Driver info: com.kms.katalon.selenium.driver.CChromeDriver
Capabilities {acceptInsecureCerts: false, browserName: chrome, browserVersion: 116.0.5845.111, chrome: {chromedriverVersion: 116.0.5845.96 (1a3918166880..., userDataDir: C:\Users\DELL\AppData\Local...}, fedcm:accounts: true, goog:chromeOptions: {debuggerAddress: localhost:61246}, javascriptEnabled: true, networkConnectionEnabled: false, pageLoadStrategy: normal, platform: WINDOWS, platformName: WINDOWS, proxy: Proxy(), setWindowRect: true, strictFileInteractability: false, timeouts: {implicit: 0, pageLoad: 300000, script: 30000}, unhandledPromptBehavior: dismiss and notify, webauthn:extension:credBlob: true, webauthn:extension:largeBlob: true, webauthn:extension:minPinLength: true, webauthn:extension:prf: true, webauthn:virtualAuthenticators: true}
Session ID: 48aaa20ea9398499654fef91dffa647d
	at org.openqa.selenium.remote.http.W3CHttpResponseCodec.createException(W3CHttpResponseCodec.java:187)
	at org.openqa.selenium.remote.http.W3CHttpResponseCodec.decode(W3CHttpResponseCodec.java:122)
	at org.openqa.selenium.remote.http.W3CHttpResponseCodec.decode(W3CHttpResponseCodec.java:49)
	at org.openqa.selenium.remote.HttpCommandExecutor.execute(HttpCommandExecutor.java:158)
	at org.openqa.selenium.remote.service.DriverCommandExecutor.execute(DriverCommandExecutor.java:83)
	at org.openqa.selenium.remote.RemoteWebDriver.execute(RemoteWebDriver.java:552)
	at com.kms.katalon.selenium.driver.CChromeDriver.execute(CChromeDriver.java:19)
	at org.openqa.selenium.remote.RemoteWebDriver.executeScript(RemoteWebDriver.java:489)
	at org.openqa.selenium.support.events.EventFiringWebDriver.lambda$new$1(EventFiringWebDriver.java:105)
	at com.sun.proxy.$Proxy10.executeScript(Unknown Source)
	at org.openqa.selenium.support.events.EventFiringWebDriver.executeScript(EventFiringWebDriver.java:229)
	at com.kms.katalon.core.webui.keyword.builtin.ScrollToElementKeyword$_scrollToElement_closure1.doCall(ScrollToElementKeyword.groovy:81)
	at com.kms.katalon.core.webui.keyword.builtin.ScrollToElementKeyword$_scrollToElement_closure1.call(ScrollToElementKeyword.groovy)
	at com.kms.katalon.core.webui.keyword.internal.WebUIKeywordMain.runKeyword(WebUIKeywordMain.groovy:20)
	at com.kms.katalon.core.webui.keyword.builtin.ScrollToElementKeyword.scrollToElement(ScrollToElementKeyword.groovy:88)
	at com.kms.katalon.core.webui.keyword.builtin.ScrollToElementKeyword.execute(ScrollToElementKeyword.groovy:68)
	at com.kms.katalon.core.keyword.internal.KeywordExecutor.executeKeywordForPlatform(KeywordExecutor.groovy:74)
	at com.kms.katalon.core.webui.keyword.WebUiBuiltInKeywords.scrollToElement(WebUiBuiltInKeywords.groovy:4061)
	at com.kms.katalon.core.webui.keyword.WebUiBuiltInKeywords$scrollToElement$12.call(Unknown Source)
	at Script1691582190496.run(Script1691582190496.groovy:36)
	... 13 more
)

2023-08-29 11:04:24 - [MESSAGE][WARNING] - Timeout '0' is invalid. Using default page load timeout: '30'

2023-08-29 11:04:27 - [MESSAGE][FAILED] - Unable to scroll to object 'Object Repository/AccountManagement/Tiempo_aire_MyAccount' (Root cause: com.kms.katalon.core.exception.StepFailedException: Unable to scroll to object 'Object Repository/AccountManagement/Tiempo_aire_MyAccount'
	at com.kms.katalon.core.webui.keyword.internal.WebUIKeywordMain.stepFailed(WebUIKeywordMain.groovy:64)
	at com.kms.katalon.core.webui.keyword.internal.WebUIKeywordMain.runKeyword(WebUIKeywordMain.groovy:26)
	at com.kms.katalon.core.webui.keyword.builtin.ScrollToElementKeyword.scrollToElement(ScrollToElementKeyword.groovy:88)
	at com.kms.katalon.core.webui.keyword.builtin.ScrollToElementKeyword.execute(ScrollToElementKeyword.groovy:68)
	at com.kms.katalon.core.keyword.internal.KeywordExecutor.executeKeywordForPlatform(KeywordExecutor.groovy:74)
	at com.kms.katalon.core.webui.keyword.WebUiBuiltInKeywords.scrollToElement(WebUiBuiltInKeywords.groovy:4061)
	at com.kms.katalon.core.webui.keyword.WebUiBuiltInKeywords$scrollToElement$12.call(Unknown Source)
	at TS_SMOKE_SUITE_088.run(TS_SMOKE_SUITE_088:36)
	at com.kms.katalon.core.main.ScriptEngine.run(ScriptEngine.java:194)
	at com.kms.katalon.core.main.ScriptEngine.runScriptAsRawText(ScriptEngine.java:119)
	at com.kms.katalon.core.main.TestCaseExecutor.runScript(TestCaseExecutor.java:448)
	at com.kms.katalon.core.main.TestCaseExecutor.doExecute(TestCaseExecutor.java:439)
	at com.kms.katalon.core.main.TestCaseExecutor.processExecutionPhase(TestCaseExecutor.java:418)
	at com.kms.katalon.core.main.TestCaseExecutor.accessMainPhase(TestCaseExecutor.java:410)
	at com.kms.katalon.core.main.TestCaseExecutor.execute(TestCaseExecutor.java:285)
	at com.kms.katalon.core.common.CommonExecutor.accessTestCaseMainPhase(CommonExecutor.java:65)
	at com.kms.katalon.core.main.TestSuiteExecutor.accessTestSuiteMainPhase(TestSuiteExecutor.java:148)
	at com.kms.katalon.core.main.TestSuiteExecutor.execute(TestSuiteExecutor.java:106)
	at com.kms.katalon.core.main.TestCaseMain.startTestSuite(TestCaseMain.java:187)
	at com.kms.katalon.core.main.TestCaseMain$startTestSuite$0.call(Unknown Source)
	at TempTestSuite1693284812317.run(TempTestSuite1693284812317.groovy:36)
Caused by: org.openqa.selenium.StaleElementReferenceException: stale element reference: stale element not found
  (Session info: chrome=116.0.5845.111)
For documentation on this error, please visit: https://www.seleniumhq.org/exceptions/stale_element_reference.html
Build info: version: '3.141.59', revision: 'e82be7d358', time: '2018-11-14T08:25:53'
System info: host: 'DESKTOP-L51QJLB', ip: '172.22.45.157', os.name: 'Windows 10', os.arch: 'amd64', os.version: '10.0', java.version: '1.8.0_282'
Driver info: com.kms.katalon.selenium.driver.CChromeDriver
Capabilities {acceptInsecureCerts: false, browserName: chrome, browserVersion: 116.0.5845.111, chrome: {chromedriverVersion: 116.0.5845.96 (1a3918166880..., userDataDir: C:\Users\DELL\AppData\Local...}, fedcm:accounts: true, goog:chromeOptions: {debuggerAddress: localhost:61246}, javascriptEnabled: true, networkConnectionEnabled: false, pageLoadStrategy: normal, platform: WINDOWS, platformName: WINDOWS, proxy: Proxy(), setWindowRect: true, strictFileInteractability: false, timeouts: {implicit: 0, pageLoad: 300000, script: 30000}, unhandledPromptBehavior: dismiss and notify, webauthn:extension:credBlob: true, webauthn:extension:largeBlob: true, webauthn:extension:minPinLength: true, webauthn:extension:prf: true, webauthn:virtualAuthenticators: true}
Session ID: 48aaa20ea9398499654fef91dffa647d
	at org.openqa.selenium.remote.http.W3CHttpResponseCodec.createException(W3CHttpResponseCodec.java:187)
	at org.openqa.selenium.remote.http.W3CHttpResponseCodec.decode(W3CHttpResponseCodec.java:122)
	at org.openqa.selenium.remote.http.W3CHttpResponseCodec.decode(W3CHttpResponseCodec.java:49)
	at org.openqa.selenium.remote.HttpCommandExecutor.execute(HttpCommandExecutor.java:158)
	at org.openqa.selenium.remote.service.DriverCommandExecutor.execute(DriverCommandExecutor.java:83)
	at org.openqa.selenium.remote.RemoteWebDriver.execute(RemoteWebDriver.java:552)
	at com.kms.katalon.selenium.driver.CChromeDriver.execute(CChromeDriver.java:19)
	at org.openqa.selenium.remote.RemoteWebDriver.executeScript(RemoteWebDriver.java:489)
	at org.openqa.selenium.support.events.EventFiringWebDriver.lambda$new$1(EventFiringWebDriver.java:105)
	at com.sun.proxy.$Proxy10.executeScript(Unknown Source)
	at org.openqa.selenium.support.events.EventFiringWebDriver.executeScript(EventFiringWebDriver.java:229)
	at com.kms.katalon.core.webui.keyword.builtin.ScrollToElementKeyword$_scrollToElement_closure1.doCall(ScrollToElementKeyword.groovy:81)
	at com.kms.katalon.core.webui.keyword.builtin.ScrollToElementKeyword$_scrollToElement_closure1.call(ScrollToElementKeyword.groovy)
	at com.kms.katalon.core.webui.keyword.internal.WebUIKeywordMain.runKeyword(WebUIKeywordMain.groovy:20)
	at com.kms.katalon.core.webui.keyword.builtin.ScrollToElementKeyword.scrollToElement(ScrollToElementKeyword.groovy:88)
	at com.kms.katalon.core.webui.keyword.builtin.ScrollToElementKeyword.execute(ScrollToElementKeyword.groovy:68)
	at com.kms.katalon.core.keyword.internal.KeywordExecutor.executeKeywordForPlatform(KeywordExecutor.groovy:74)
	at com.kms.katalon.core.webui.keyword.WebUiBuiltInKeywords.scrollToElement(WebUiBuiltInKeywords.groovy:4061)
	at com.kms.katalon.core.webui.keyword.WebUiBuiltInKeywords$scrollToElement$12.call(Unknown Source)
	at Script1691582190496.run(Script1691582190496.groovy:36)
	... 13 more
)
[[ATTACHMENT|D:\\backup\\LiverpoolProject_SmokeSuite\\Reports\\20230829_080249\\SmokeSuite_AllModules\\20230829_102332\\1693287267135.png]]]]></system-out>
         <system-err><![CDATA[2023-08-29 11:02:15 - [TEST_CASE][FAILED] - Test Cases/Checkout/TS_SMOKE_SUITE_088: Test Cases/Checkout/TS_SMOKE_SUITE_088 FAILED.
Reason:
com.kms.katalon.core.exception.StepFailedException: Unable to scroll to object 'Object Repository/AccountManagement/Tiempo_aire_MyAccount'
	at com.kms.katalon.core.webui.keyword.internal.WebUIKeywordMain.stepFailed(WebUIKeywordMain.groovy:64)
	at com.kms.katalon.core.webui.keyword.internal.WebUIKeywordMain.runKeyword(WebUIKeywordMain.groovy:26)
	at com.kms.katalon.core.webui.keyword.builtin.ScrollToElementKeyword.scrollToElement(ScrollToElementKeyword.groovy:88)
	at com.kms.katalon.core.webui.keyword.builtin.ScrollToElementKeyword.execute(ScrollToElementKeyword.groovy:68)
	at com.kms.katalon.core.keyword.internal.KeywordExecutor.executeKeywordForPlatform(KeywordExecutor.groovy:74)
	at com.kms.katalon.core.webui.keyword.WebUiBuiltInKeywords.scrollToElement(WebUiBuiltInKeywords.groovy:4061)
	at com.kms.katalon.core.webui.keyword.WebUiBuiltInKeywords$scrollToElement$12.call(Unknown Source)
	at TS_SMOKE_SUITE_088.run(TS_SMOKE_SUITE_088:36)
	at com.kms.katalon.core.main.ScriptEngine.run(ScriptEngine.java:194)
	at com.kms.katalon.core.main.ScriptEngine.runScriptAsRawText(ScriptEngine.java:119)
	at com.kms.katalon.core.main.TestCaseExecutor.runScript(TestCaseExecutor.java:448)
	at com.kms.katalon.core.main.TestCaseExecutor.doExecute(TestCaseExecutor.java:439)
	at com.kms.katalon.core.main.TestCaseExecutor.processExecutionPhase(TestCaseExecutor.java:418)
	at com.kms.katalon.core.main.TestCaseExecutor.accessMainPhase(TestCaseExecutor.java:410)
	at com.kms.katalon.core.main.TestCaseExecutor.execute(TestCaseExecutor.java:285)
	at com.kms.katalon.core.common.CommonExecutor.accessTestCaseMainPhase(CommonExecutor.java:65)
	at com.kms.katalon.core.main.TestSuiteExecutor.accessTestSuiteMainPhase(TestSuiteExecutor.java:148)
	at com.kms.katalon.core.main.TestSuiteExecutor.execute(TestSuiteExecutor.java:106)
	at com.kms.katalon.core.main.TestCaseMain.startTestSuite(TestCaseMain.java:187)
	at com.kms.katalon.core.main.TestCaseMain$startTestSuite$0.call(Unknown Source)
	at TempTestSuite1693284812317.run(TempTestSuite1693284812317.groovy:36)
Caused by: org.openqa.selenium.StaleElementReferenceException: stale element reference: stale element not found
  (Session info: chrome=116.0.5845.111)
For documentation on this error, please visit: https://www.seleniumhq.org/exceptions/stale_element_reference.html
Build info: version: '3.141.59', revision: 'e82be7d358', time: '2018-11-14T08:25:53'
System info: host: 'DESKTOP-L51QJLB', ip: '172.22.45.157', os.name: 'Windows 10', os.arch: 'amd64', os.version: '10.0', java.version: '1.8.0_282'
Driver info: com.kms.katalon.selenium.driver.CChromeDriver
Capabilities {acceptInsecureCerts: false, browserName: chrome, browserVersion: 116.0.5845.111, chrome: {chromedriverVersion: 116.0.5845.96 (1a3918166880..., userDataDir: C:\Users\DELL\AppData\Local...}, fedcm:accounts: true, goog:chromeOptions: {debuggerAddress: localhost:61246}, javascriptEnabled: true, networkConnectionEnabled: false, pageLoadStrategy: normal, platform: WINDOWS, platformName: WINDOWS, proxy: Proxy(), setWindowRect: true, strictFileInteractability: false, timeouts: {implicit: 0, pageLoad: 300000, script: 30000}, unhandledPromptBehavior: dismiss and notify, webauthn:extension:credBlob: true, webauthn:extension:largeBlob: true, webauthn:extension:minPinLength: true, webauthn:extension:prf: true, webauthn:virtualAuthenticators: true}
Session ID: 48aaa20ea9398499654fef91dffa647d
	at org.openqa.selenium.remote.http.W3CHttpResponseCodec.createException(W3CHttpResponseCodec.java:187)
	at org.openqa.selenium.remote.http.W3CHttpResponseCodec.decode(W3CHttpResponseCodec.java:122)
	at org.openqa.selenium.remote.http.W3CHttpResponseCodec.decode(W3CHttpResponseCodec.java:49)
	at org.openqa.selenium.remote.HttpCommandExecutor.execute(HttpCommandExecutor.java:158)
	at org.openqa.selenium.remote.service.DriverCommandExecutor.execute(DriverCommandExecutor.java:83)
	at org.openqa.selenium.remote.RemoteWebDriver.execute(RemoteWebDriver.java:552)
	at com.kms.katalon.selenium.driver.CChromeDriver.execute(CChromeDriver.java:19)
	at org.openqa.selenium.remote.RemoteWebDriver.executeScript(RemoteWebDriver.java:489)
	at org.openqa.selenium.support.events.EventFiringWebDriver.lambda$new$1(EventFiringWebDriver.java:105)
	at com.sun.proxy.$Proxy10.executeScript(Unknown Source)
	at org.openqa.selenium.support.events.EventFiringWebDriver.executeScript(EventFiringWebDriver.java:229)
	at com.kms.katalon.core.webui.keyword.builtin.ScrollToElementKeyword$_scrollToElement_closure1.doCall(ScrollToElementKeyword.groovy:81)
	at com.kms.katalon.core.webui.keyword.builtin.ScrollToElementKeyword$_scrollToElement_closure1.call(ScrollToElementKeyword.groovy)
	at com.kms.katalon.core.webui.keyword.internal.WebUIKeywordMain.runKeyword(WebUIKeywordMain.groovy:20)
	... 19 more]]></system-err>
      </testcase>
      <testcase name="Test Cases/HomePage/TS_SMOKE_SUITE_015" time="151.69" classname="Test Cases/HomePage/TS_SMOKE_SUITE_015" status="PASSED">
         <system-out><![CDATA[2023-08-29 11:04:27 - [TEST_CASE][PASSED] - Test Cases/HomePage/TS_SMOKE_SUITE_015: Test Cases/HomePage/TS_SMOKE_SUITE_015

2023-08-29 11:04:27 - [TEST_STEP][PASSED] - openBrowser(""): Browser is opened with url: ''

2023-08-29 11:04:27 - [MESSAGE][WARNING] - A browser is already opened. Closing browser and opening a new one

2023-08-29 11:04:28 - [MESSAGE][INFO] - Starting 'Chrome' driver

2023-08-29 11:04:28 - [MESSAGE][INFO] - Action delay is set to 0 milliseconds

2023-08-29 11:04:29 - [MESSAGE][PASSED] - Browser is opened with url: ''

2023-08-29 11:04:29 - [TEST_STEP][PASSED] - navigateToUrl(URL): Navigate to 'https://odtaqaa.liverpool.com.mx/tienda/home' successfully

2023-08-29 11:05:12 - [MESSAGE][PASSED] - Navigate to 'https://odtaqaa.liverpool.com.mx/tienda/home' successfully

2023-08-29 11:05:12 - [TEST_STEP][PASSED] - maximizeWindow(): Current window maximized

2023-08-29 11:05:12 - [MESSAGE][PASSED] - Current window maximized

2023-08-29 11:05:12 - [TEST_STEP][PASSED] - callTestCase(findTestCase("CommonMethods/login_odtaqab"), [:], OPTIONAL): Call Test Case 'Test Cases/CommonMethods/login_odtaqab' successfully

2023-08-29 11:05:12 - [TEST_CASE][PASSED] - Test Cases/CommonMethods/login_odtaqab: Test Cases/CommonMethods/login_odtaqab

2023-08-29 11:05:12 - [TEST_STEP][PASSED] - click(findTestObject("HomePage/Iniciar sesion")): Object: 'Object Repository/HomePage/Iniciar sesion' is clicked on

2023-08-29 11:05:13 - [MESSAGE][PASSED] - Object: 'Object Repository/HomePage/Iniciar sesion' is clicked on

2023-08-29 11:05:13 - [TEST_STEP][PASSED] - enhancedClick(findTestObject("HomePage/EnterUsername_LP")): Object: 'Object Repository/HomePage/EnterUsername_LP' is clicked on

2023-08-29 11:05:33 - [MESSAGE][PASSED] - Object: 'Object Repository/HomePage/EnterUsername_LP' is clicked on

2023-08-29 11:05:33 - [TEST_STEP][PASSED] - setText(findTestObject("HomePage/EnterUsername_LP"), username): Text 'hcheruvu29@digisprint.com' is set on object 'Object Repository/HomePage/EnterUsername_LP'

2023-08-29 11:05:34 - [MESSAGE][PASSED] - Text 'hcheruvu29@digisprint.com' is set on object 'Object Repository/HomePage/EnterUsername_LP'

2023-08-29 11:05:34 - [TEST_STEP][PASSED] - delay(2): Delayed 2 second(s)

2023-08-29 11:05:36 - [MESSAGE][PASSED] - Delayed 2 second(s)

2023-08-29 11:05:36 - [TEST_STEP][PASSED] - enhancedClick(findTestObject("HomePage/EnterPassword_LP")): Object: 'Object Repository/HomePage/EnterPassword_LP' is clicked on

2023-08-29 11:05:37 - [MESSAGE][PASSED] - Object: 'Object Repository/HomePage/EnterPassword_LP' is clicked on

2023-08-29 11:05:37 - [TEST_STEP][PASSED] - delay(2): Delayed 2 second(s)

2023-08-29 11:05:39 - [MESSAGE][PASSED] - Delayed 2 second(s)

2023-08-29 11:05:39 - [TEST_STEP][PASSED] - setText(findTestObject("HomePage/EnterPassword_LP"), password): Text 'Test@12345' is set on object 'Object Repository/HomePage/EnterPassword_LP'

2023-08-29 11:05:39 - [MESSAGE][PASSED] - Text 'Test@12345' is set on object 'Object Repository/HomePage/EnterPassword_LP'

2023-08-29 11:05:39 - [TEST_STEP][PASSED] - click(findTestObject("HomePage/inciar")): Object: 'Object Repository/HomePage/inciar' is clicked on

2023-08-29 11:05:58 - [MESSAGE][PASSED] - Object: 'Object Repository/HomePage/inciar' is clicked on

2023-08-29 11:05:58 - [MESSAGE][PASSED] - Call Test Case 'Test Cases/CommonMethods/login_odtaqab' successfully

2023-08-29 11:05:58 - [TEST_STEP][PASSED] - mouseOver(findTestObject("HomePage/header_Hola_text_HP"), STOP_ON_FAILURE): Object: 'Object Repository/HomePage/header_Hola_text_HP' is hovered

2023-08-29 11:06:55 - [MESSAGE][PASSED] - Object: 'Object Repository/HomePage/header_Hola_text_HP' is hovered

2023-08-29 11:06:55 - [TEST_STEP][PASSED] - verifyElementPresent(findTestObject("HomePage/a_Mis Compras"), 0): Object 'Object Repository/HomePage/a_Mis Compras' is present

2023-08-29 11:06:56 - [MESSAGE][WARNING] - Timeout '0' is invalid. Using default page load timeout: '30'

2023-08-29 11:06:56 - [MESSAGE][PASSED] - Object 'Object Repository/HomePage/a_Mis Compras' is present

2023-08-29 11:06:56 - [TEST_STEP][PASSED] - verifyElementPresent(findTestObject("HomePage/a_Mi Cuenta"), 0): Object 'Object Repository/HomePage/a_Mi Cuenta' is present

2023-08-29 11:06:56 - [MESSAGE][WARNING] - Timeout '0' is invalid. Using default page load timeout: '30'

2023-08-29 11:06:56 - [MESSAGE][PASSED] - Object 'Object Repository/HomePage/a_Mi Cuenta' is present

2023-08-29 11:06:56 - [TEST_STEP][PASSED] - verifyElementPresent(findTestObject("HomePage/a_Mi tiempo aire"), 0): Object 'Object Repository/HomePage/a_Mi tiempo aire' is present

2023-08-29 11:06:56 - [MESSAGE][WARNING] - Timeout '0' is invalid. Using default page load timeout: '30'

2023-08-29 11:06:57 - [MESSAGE][PASSED] - Object 'Object Repository/HomePage/a_Mi tiempo aire' is present

2023-08-29 11:06:57 - [TEST_STEP][PASSED] - verifyElementPresent(findTestObject("HomePage/a_Mis tarjetas"), 0): Object 'Object Repository/HomePage/a_Mis tarjetas' is present

2023-08-29 11:06:57 - [MESSAGE][WARNING] - Timeout '0' is invalid. Using default page load timeout: '30'

2023-08-29 11:06:57 - [MESSAGE][PASSED] - Object 'Object Repository/HomePage/a_Mis tarjetas' is present

2023-08-29 11:06:57 - [TEST_STEP][PASSED] - verifyElementPresent(findTestObject("HomePage/a_Cerrar sesin_hp"), 0): Object 'Object Repository/HomePage/a_Cerrar sesin_hp' is present

2023-08-29 11:06:57 - [MESSAGE][WARNING] - Timeout '0' is invalid. Using default page load timeout: '30'

2023-08-29 11:06:58 - [MESSAGE][PASSED] - Object 'Object Repository/HomePage/a_Cerrar sesin_hp' is present

2023-08-29 11:06:58 - [TEST_STEP][PASSED] - closeBrowser(): Browser is closed

2023-08-29 11:06:59 - [MESSAGE][PASSED] - Browser is closed]]></system-out>
         <system-err><![CDATA[]]></system-err>
      </testcase>
      <testcase name="Test Cases/ShoppingCart/TS_SMOKE_SUITE_027" time="154.053" classname="Test Cases/ShoppingCart/TS_SMOKE_SUITE_027" status="FAILED">
         <failure type="FAILED" message="Test Cases/ShoppingCart/TS_SMOKE_SUITE_027 FAILED.
Reason:
com.kms.katalon.core.exception.StepFailedException: Unable to click on object 'Object Repository/CartPage/BuyButton_Cart'
	at com.kms.katalon.core.webui.keyword.internal.WebUIKeywordMain.stepFailed(WebUIKeywordMain.groovy:64)
	at com.kms.katalon.core.webui.keyword.internal.WebUIKeywordMain.runKeyword(WebUIKeywordMain.groovy:26)
	at com.kms.katalon.core.webui.keyword.builtin.ClickKeyword.click(ClickKeyword.groovy:74)
	at com.kms.katalon.core.webui.keyword.builtin.ClickKeyword.execute(ClickKeyword.groovy:40)
	at com.kms.katalon.core.keyword.internal.KeywordExecutor.executeKeywordForPlatform(KeywordExecutor.groovy:74)
	at com.kms.katalon.core.webui.keyword.WebUiBuiltInKeywords.click(WebUiBuiltInKeywords.groovy:620)
	at com.kms.katalon.core.webui.keyword.WebUiBuiltInKeywords$click$2.call(Unknown Source)
	at TS_SMOKE_SUITE_027.run(TS_SMOKE_SUITE_027:54)
	at com.kms.katalon.core.main.ScriptEngine.run(ScriptEngine.java:194)
	at com.kms.katalon.core.main.ScriptEngine.runScriptAsRawText(ScriptEngine.java:119)
	at com.kms.katalon.core.main.TestCaseExecutor.runScript(TestCaseExecutor.java:448)
	at com.kms.katalon.core.main.TestCaseExecutor.doExecute(TestCaseExecutor.java:439)
	at com.kms.katalon.core.main.TestCaseExecutor.processExecutionPhase(TestCaseExecutor.java:418)
	at com.kms.katalon.core.main.TestCaseExecutor.accessMainPhase(TestCaseExecutor.java:410)
	at com.kms.katalon.core.main.TestCaseExecutor.execute(TestCaseExecutor.java:285)
	at com.kms.katalon.core.common.CommonExecutor.accessTestCaseMainPhase(CommonExecutor.java:65)
	at com.kms.katalon.core.main.TestSuiteExecutor.accessTestSuiteMainPhase(TestSuiteExecutor.java:148)
	at com.kms.katalon.core.main.TestSuiteExecutor.execute(TestSuiteExecutor.java:106)
	at com.kms.katalon.core.main.TestCaseMain.startTestSuite(TestCaseMain.java:187)
	at com.kms.katalon.core.main.TestCaseMain$startTestSuite$0.call(Unknown Source)
	at TempTestSuite1693284812317.run(TempTestSuite1693284812317.groovy:36)
Caused by: com.kms.katalon.core.webui.exception.WebElementNotFoundException: Web element with id: 'Object Repository/CartPage/BuyButton_Cart' located by '//div[@class='t-myBag__toBuy']' not found
	at com.kms.katalon.core.webui.common.WebUiCommonHelper.findWebElement(WebUiCommonHelper.java:1381)
	at com.kms.katalon.core.webui.keyword.internal.WebUIAbstractKeyword.findWebElement(WebUIAbstractKeyword.groovy:27)
	at com.kms.katalon.core.webui.keyword.builtin.ClickKeyword$_click_closure1.doCall(ClickKeyword.groovy:65)
	at com.kms.katalon.core.webui.keyword.builtin.ClickKeyword$_click_closure1.call(ClickKeyword.groovy)
	at com.kms.katalon.core.webui.keyword.internal.WebUIKeywordMain.runKeyword(WebUIKeywordMain.groovy:20)
	... 19 more
"/>
         <system-out><![CDATA[2023-08-29 11:06:59 - [TEST_CASE][FAILED] - Test Cases/ShoppingCart/TS_SMOKE_SUITE_027: Test Cases/ShoppingCart/TS_SMOKE_SUITE_027 FAILED.
Reason:
com.kms.katalon.core.exception.StepFailedException: Unable to click on object 'Object Repository/CartPage/BuyButton_Cart'
	at com.kms.katalon.core.webui.keyword.internal.WebUIKeywordMain.stepFailed(WebUIKeywordMain.groovy:64)
	at com.kms.katalon.core.webui.keyword.internal.WebUIKeywordMain.runKeyword(WebUIKeywordMain.groovy:26)
	at com.kms.katalon.core.webui.keyword.builtin.ClickKeyword.click(ClickKeyword.groovy:74)
	at com.kms.katalon.core.webui.keyword.builtin.ClickKeyword.execute(ClickKeyword.groovy:40)
	at com.kms.katalon.core.keyword.internal.KeywordExecutor.executeKeywordForPlatform(KeywordExecutor.groovy:74)
	at com.kms.katalon.core.webui.keyword.WebUiBuiltInKeywords.click(WebUiBuiltInKeywords.groovy:620)
	at com.kms.katalon.core.webui.keyword.WebUiBuiltInKeywords$click$2.call(Unknown Source)
	at TS_SMOKE_SUITE_027.run(TS_SMOKE_SUITE_027:54)
	at com.kms.katalon.core.main.ScriptEngine.run(ScriptEngine.java:194)
	at com.kms.katalon.core.main.ScriptEngine.runScriptAsRawText(ScriptEngine.java:119)
	at com.kms.katalon.core.main.TestCaseExecutor.runScript(TestCaseExecutor.java:448)
	at com.kms.katalon.core.main.TestCaseExecutor.doExecute(TestCaseExecutor.java:439)
	at com.kms.katalon.core.main.TestCaseExecutor.processExecutionPhase(TestCaseExecutor.java:418)
	at com.kms.katalon.core.main.TestCaseExecutor.accessMainPhase(TestCaseExecutor.java:410)
	at com.kms.katalon.core.main.TestCaseExecutor.execute(TestCaseExecutor.java:285)
	at com.kms.katalon.core.common.CommonExecutor.accessTestCaseMainPhase(CommonExecutor.java:65)
	at com.kms.katalon.core.main.TestSuiteExecutor.accessTestSuiteMainPhase(TestSuiteExecutor.java:148)
	at com.kms.katalon.core.main.TestSuiteExecutor.execute(TestSuiteExecutor.java:106)
	at com.kms.katalon.core.main.TestCaseMain.startTestSuite(TestCaseMain.java:187)
	at com.kms.katalon.core.main.TestCaseMain$startTestSuite$0.call(Unknown Source)
	at TempTestSuite1693284812317.run(TempTestSuite1693284812317.groovy:36)
Caused by: com.kms.katalon.core.webui.exception.WebElementNotFoundException: Web element with id: 'Object Repository/CartPage/BuyButton_Cart' located by '//div[@class='t-myBag__toBuy']' not found
	at com.kms.katalon.core.webui.common.WebUiCommonHelper.findWebElement(WebUiCommonHelper.java:1381)
	at com.kms.katalon.core.webui.keyword.internal.WebUIAbstractKeyword.findWebElement(WebUIAbstractKeyword.groovy:27)
	at com.kms.katalon.core.webui.keyword.builtin.ClickKeyword$_click_closure1.doCall(ClickKeyword.groovy:65)
	at com.kms.katalon.core.webui.keyword.builtin.ClickKeyword$_click_closure1.call(ClickKeyword.groovy)
	at com.kms.katalon.core.webui.keyword.internal.WebUIKeywordMain.runKeyword(WebUIKeywordMain.groovy:20)
	... 19 more


2023-08-29 11:06:59 - [TEST_STEP][PASSED] - openBrowser(""): Browser is opened with url: ''

2023-08-29 11:06:59 - [MESSAGE][INFO] - Starting 'Chrome' driver

2023-08-29 11:06:59 - [MESSAGE][INFO] - Action delay is set to 0 milliseconds

2023-08-29 11:07:00 - [MESSAGE][PASSED] - Browser is opened with url: ''

2023-08-29 11:07:00 - [TEST_STEP][PASSED] - navigateToUrl(URL): Navigate to 'https://odtaqaa.liverpool.com.mx/tienda/home' successfully

2023-08-29 11:07:47 - [MESSAGE][PASSED] - Navigate to 'https://odtaqaa.liverpool.com.mx/tienda/home' successfully

2023-08-29 11:07:47 - [TEST_STEP][PASSED] - maximizeWindow(): Current window maximized

2023-08-29 11:07:47 - [MESSAGE][PASSED] - Current window maximized

2023-08-29 11:07:47 - [TEST_STEP][PASSED] - callTestCase(findTestCase("CommonMethods/SearchForAProduct_search"), ["searchTerm":SL], STOP_ON_FAILURE): Call Test Case 'Test Cases/CommonMethods/SearchForAProduct_search' successfully

2023-08-29 11:07:47 - [TEST_CASE][PASSED] - Test Cases/CommonMethods/SearchForAProduct_search: Test Cases/CommonMethods/SearchForAProduct_search

2023-08-29 11:07:47 - [TEST_STEP][PASSED] - click(findTestObject("HomePage/Buscar1"), STOP_ON_FAILURE): Object: 'Object Repository/HomePage/Buscar1' is clicked on

2023-08-29 11:07:48 - [MESSAGE][PASSED] - Object: 'Object Repository/HomePage/Buscar1' is clicked on

2023-08-29 11:07:48 - [TEST_STEP][PASSED] - delay(3): Delayed 3 second(s)

2023-08-29 11:07:51 - [MESSAGE][PASSED] - Delayed 3 second(s)

2023-08-29 11:07:51 - [TEST_STEP][PASSED] - setText(findTestObject("HomePage/Buscar1"), searchTerm): Text 'MAC' is set on object 'Object Repository/HomePage/Buscar1'

2023-08-29 11:07:52 - [MESSAGE][PASSED] - Text 'MAC' is set on object 'Object Repository/HomePage/Buscar1'

2023-08-29 11:07:52 - [TEST_STEP][PASSED] - delay(3): Delayed 3 second(s)

2023-08-29 11:07:55 - [MESSAGE][PASSED] - Delayed 3 second(s)

2023-08-29 11:07:55 - [TEST_STEP][PASSED] - sendKeys(findTestObject("HomePage/Seach_TextBox_hp"), Keys.chord(ENTER)): Keys 'ENTER + ' sent to object: 'Object Repository/HomePage/Seach_TextBox_hp'

2023-08-29 11:07:55 - [MESSAGE][PASSED] - Keys 'ENTER + ' sent to object: 'Object Repository/HomePage/Seach_TextBox_hp'

2023-08-29 11:07:55 - [MESSAGE][PASSED] - Call Test Case 'Test Cases/CommonMethods/SearchForAProduct_search' successfully

2023-08-29 11:07:55 - [TEST_STEP][PASSED] - click(findTestObject("HomePage/FirstProduct_plp")): Object: 'Object Repository/HomePage/FirstProduct_plp' is clicked on

2023-08-29 11:08:35 - [MESSAGE][PASSED] - Object: 'Object Repository/HomePage/FirstProduct_plp' is clicked on

2023-08-29 11:08:35 - [TEST_STEP][PASSED] - click(findTestObject("PDPPage/AddToCart_pdp")): Object: 'Object Repository/PDPPage/AddToCart_pdp' is clicked on

2023-08-29 11:08:56 - [MESSAGE][PASSED] - Object: 'Object Repository/PDPPage/AddToCart_pdp' is clicked on

2023-08-29 11:08:56 - [TEST_STEP][NOT_RUN] - click(findTestObject("PLPPage/ProtectYourPurchase_plp")): NOT_RUN: click(findTestObject("PLPPage/ProtectYourPurchase_plp"))

2023-08-29 11:08:56 - [MESSAGE][NOT_RUN] - NOT_RUN: click(findTestObject("PLPPage/ProtectYourPurchase_plp"))

2023-08-29 11:08:56 - [TEST_STEP][PASSED] - click(findTestObject("HomePage/Cart_header")): Object: 'Object Repository/HomePage/Cart_header' is clicked on

2023-08-29 11:09:01 - [MESSAGE][PASSED] - Object: 'Object Repository/HomePage/Cart_header' is clicked on

2023-08-29 11:09:01 - [TEST_STEP][FAILED] - click(findTestObject("CartPage/BuyButton_Cart")): Unable to click on object 'Object Repository/CartPage/BuyButton_Cart' (Root cause: com.kms.katalon.core.exception.StepFailedException: Unable to click on object 'Object Repository/CartPage/BuyButton_Cart'
	at com.kms.katalon.core.webui.keyword.internal.WebUIKeywordMain.stepFailed(WebUIKeywordMain.groovy:64)
	at com.kms.katalon.core.webui.keyword.internal.WebUIKeywordMain.runKeyword(WebUIKeywordMain.groovy:26)
	at com.kms.katalon.core.webui.keyword.builtin.ClickKeyword.click(ClickKeyword.groovy:74)
	at com.kms.katalon.core.webui.keyword.builtin.ClickKeyword.execute(ClickKeyword.groovy:40)
	at com.kms.katalon.core.keyword.internal.KeywordExecutor.executeKeywordForPlatform(KeywordExecutor.groovy:74)
	at com.kms.katalon.core.webui.keyword.WebUiBuiltInKeywords.click(WebUiBuiltInKeywords.groovy:620)
	at com.kms.katalon.core.webui.keyword.WebUiBuiltInKeywords$click$2.call(Unknown Source)
	at TS_SMOKE_SUITE_027.run(TS_SMOKE_SUITE_027:54)
	at com.kms.katalon.core.main.ScriptEngine.run(ScriptEngine.java:194)
	at com.kms.katalon.core.main.ScriptEngine.runScriptAsRawText(ScriptEngine.java:119)
	at com.kms.katalon.core.main.TestCaseExecutor.runScript(TestCaseExecutor.java:448)
	at com.kms.katalon.core.main.TestCaseExecutor.doExecute(TestCaseExecutor.java:439)
	at com.kms.katalon.core.main.TestCaseExecutor.processExecutionPhase(TestCaseExecutor.java:418)
	at com.kms.katalon.core.main.TestCaseExecutor.accessMainPhase(TestCaseExecutor.java:410)
	at com.kms.katalon.core.main.TestCaseExecutor.execute(TestCaseExecutor.java:285)
	at com.kms.katalon.core.common.CommonExecutor.accessTestCaseMainPhase(CommonExecutor.java:65)
	at com.kms.katalon.core.main.TestSuiteExecutor.accessTestSuiteMainPhase(TestSuiteExecutor.java:148)
	at com.kms.katalon.core.main.TestSuiteExecutor.execute(TestSuiteExecutor.java:106)
	at com.kms.katalon.core.main.TestCaseMain.startTestSuite(TestCaseMain.java:187)
	at com.kms.katalon.core.main.TestCaseMain$startTestSuite$0.call(Unknown Source)
	at TempTestSuite1693284812317.run(TempTestSuite1693284812317.groovy:36)
Caused by: com.kms.katalon.core.webui.exception.WebElementNotFoundException: Web element with id: 'Object Repository/CartPage/BuyButton_Cart' located by '//div[@class='t-myBag__toBuy']' not found
	at com.kms.katalon.core.webui.common.WebUiCommonHelper.findWebElement(WebUiCommonHelper.java:1381)
	at com.kms.katalon.core.webui.keyword.internal.WebUIAbstractKeyword.findWebElement(WebUIAbstractKeyword.groovy:27)
	at com.kms.katalon.core.webui.keyword.builtin.ClickKeyword$_click_closure1.doCall(ClickKeyword.groovy:65)
	at com.kms.katalon.core.webui.keyword.builtin.ClickKeyword$_click_closure1.call(ClickKeyword.groovy)
	at com.kms.katalon.core.webui.keyword.internal.WebUIKeywordMain.runKeyword(WebUIKeywordMain.groovy:20)
	at com.kms.katalon.core.webui.keyword.builtin.ClickKeyword.click(ClickKeyword.groovy:74)
	at com.kms.katalon.core.webui.keyword.builtin.ClickKeyword.execute(ClickKeyword.groovy:40)
	at com.kms.katalon.core.keyword.internal.KeywordExecutor.executeKeywordForPlatform(KeywordExecutor.groovy:74)
	at com.kms.katalon.core.webui.keyword.WebUiBuiltInKeywords.click(WebUiBuiltInKeywords.groovy:620)
	at com.kms.katalon.core.webui.keyword.WebUiBuiltInKeywords$click$2.call(Unknown Source)
	at Script1691042427681.run(Script1691042427681.groovy:54)
	... 13 more
)

2023-08-29 11:09:32 - [MESSAGE][INFO] - Unable to find the element located by 'By.xpath: //div[@class='t-myBag__toBuy']'. Please recheck the objects properties to make sure the desired element is located. 

2023-08-29 11:09:33 - [MESSAGE][FAILED] - Unable to click on object 'Object Repository/CartPage/BuyButton_Cart' (Root cause: com.kms.katalon.core.exception.StepFailedException: Unable to click on object 'Object Repository/CartPage/BuyButton_Cart'
	at com.kms.katalon.core.webui.keyword.internal.WebUIKeywordMain.stepFailed(WebUIKeywordMain.groovy:64)
	at com.kms.katalon.core.webui.keyword.internal.WebUIKeywordMain.runKeyword(WebUIKeywordMain.groovy:26)
	at com.kms.katalon.core.webui.keyword.builtin.ClickKeyword.click(ClickKeyword.groovy:74)
	at com.kms.katalon.core.webui.keyword.builtin.ClickKeyword.execute(ClickKeyword.groovy:40)
	at com.kms.katalon.core.keyword.internal.KeywordExecutor.executeKeywordForPlatform(KeywordExecutor.groovy:74)
	at com.kms.katalon.core.webui.keyword.WebUiBuiltInKeywords.click(WebUiBuiltInKeywords.groovy:620)
	at com.kms.katalon.core.webui.keyword.WebUiBuiltInKeywords$click$2.call(Unknown Source)
	at TS_SMOKE_SUITE_027.run(TS_SMOKE_SUITE_027:54)
	at com.kms.katalon.core.main.ScriptEngine.run(ScriptEngine.java:194)
	at com.kms.katalon.core.main.ScriptEngine.runScriptAsRawText(ScriptEngine.java:119)
	at com.kms.katalon.core.main.TestCaseExecutor.runScript(TestCaseExecutor.java:448)
	at com.kms.katalon.core.main.TestCaseExecutor.doExecute(TestCaseExecutor.java:439)
	at com.kms.katalon.core.main.TestCaseExecutor.processExecutionPhase(TestCaseExecutor.java:418)
	at com.kms.katalon.core.main.TestCaseExecutor.accessMainPhase(TestCaseExecutor.java:410)
	at com.kms.katalon.core.main.TestCaseExecutor.execute(TestCaseExecutor.java:285)
	at com.kms.katalon.core.common.CommonExecutor.accessTestCaseMainPhase(CommonExecutor.java:65)
	at com.kms.katalon.core.main.TestSuiteExecutor.accessTestSuiteMainPhase(TestSuiteExecutor.java:148)
	at com.kms.katalon.core.main.TestSuiteExecutor.execute(TestSuiteExecutor.java:106)
	at com.kms.katalon.core.main.TestCaseMain.startTestSuite(TestCaseMain.java:187)
	at com.kms.katalon.core.main.TestCaseMain$startTestSuite$0.call(Unknown Source)
	at TempTestSuite1693284812317.run(TempTestSuite1693284812317.groovy:36)
Caused by: com.kms.katalon.core.webui.exception.WebElementNotFoundException: Web element with id: 'Object Repository/CartPage/BuyButton_Cart' located by '//div[@class='t-myBag__toBuy']' not found
	at com.kms.katalon.core.webui.common.WebUiCommonHelper.findWebElement(WebUiCommonHelper.java:1381)
	at com.kms.katalon.core.webui.keyword.internal.WebUIAbstractKeyword.findWebElement(WebUIAbstractKeyword.groovy:27)
	at com.kms.katalon.core.webui.keyword.builtin.ClickKeyword$_click_closure1.doCall(ClickKeyword.groovy:65)
	at com.kms.katalon.core.webui.keyword.builtin.ClickKeyword$_click_closure1.call(ClickKeyword.groovy)
	at com.kms.katalon.core.webui.keyword.internal.WebUIKeywordMain.runKeyword(WebUIKeywordMain.groovy:20)
	at com.kms.katalon.core.webui.keyword.builtin.ClickKeyword.click(ClickKeyword.groovy:74)
	at com.kms.katalon.core.webui.keyword.builtin.ClickKeyword.execute(ClickKeyword.groovy:40)
	at com.kms.katalon.core.keyword.internal.KeywordExecutor.executeKeywordForPlatform(KeywordExecutor.groovy:74)
	at com.kms.katalon.core.webui.keyword.WebUiBuiltInKeywords.click(WebUiBuiltInKeywords.groovy:620)
	at com.kms.katalon.core.webui.keyword.WebUiBuiltInKeywords$click$2.call(Unknown Source)
	at Script1691042427681.run(Script1691042427681.groovy:54)
	... 13 more
)
[[ATTACHMENT|D:\\backup\\LiverpoolProject_SmokeSuite\\Reports\\20230829_080249\\SmokeSuite_AllModules\\20230829_102332\\1693287572923.png]]]]></system-out>
         <system-err><![CDATA[2023-08-29 11:06:59 - [TEST_CASE][FAILED] - Test Cases/ShoppingCart/TS_SMOKE_SUITE_027: Test Cases/ShoppingCart/TS_SMOKE_SUITE_027 FAILED.
Reason:
com.kms.katalon.core.exception.StepFailedException: Unable to click on object 'Object Repository/CartPage/BuyButton_Cart'
	at com.kms.katalon.core.webui.keyword.internal.WebUIKeywordMain.stepFailed(WebUIKeywordMain.groovy:64)
	at com.kms.katalon.core.webui.keyword.internal.WebUIKeywordMain.runKeyword(WebUIKeywordMain.groovy:26)
	at com.kms.katalon.core.webui.keyword.builtin.ClickKeyword.click(ClickKeyword.groovy:74)
	at com.kms.katalon.core.webui.keyword.builtin.ClickKeyword.execute(ClickKeyword.groovy:40)
	at com.kms.katalon.core.keyword.internal.KeywordExecutor.executeKeywordForPlatform(KeywordExecutor.groovy:74)
	at com.kms.katalon.core.webui.keyword.WebUiBuiltInKeywords.click(WebUiBuiltInKeywords.groovy:620)
	at com.kms.katalon.core.webui.keyword.WebUiBuiltInKeywords$click$2.call(Unknown Source)
	at TS_SMOKE_SUITE_027.run(TS_SMOKE_SUITE_027:54)
	at com.kms.katalon.core.main.ScriptEngine.run(ScriptEngine.java:194)
	at com.kms.katalon.core.main.ScriptEngine.runScriptAsRawText(ScriptEngine.java:119)
	at com.kms.katalon.core.main.TestCaseExecutor.runScript(TestCaseExecutor.java:448)
	at com.kms.katalon.core.main.TestCaseExecutor.doExecute(TestCaseExecutor.java:439)
	at com.kms.katalon.core.main.TestCaseExecutor.processExecutionPhase(TestCaseExecutor.java:418)
	at com.kms.katalon.core.main.TestCaseExecutor.accessMainPhase(TestCaseExecutor.java:410)
	at com.kms.katalon.core.main.TestCaseExecutor.execute(TestCaseExecutor.java:285)
	at com.kms.katalon.core.common.CommonExecutor.accessTestCaseMainPhase(CommonExecutor.java:65)
	at com.kms.katalon.core.main.TestSuiteExecutor.accessTestSuiteMainPhase(TestSuiteExecutor.java:148)
	at com.kms.katalon.core.main.TestSuiteExecutor.execute(TestSuiteExecutor.java:106)
	at com.kms.katalon.core.main.TestCaseMain.startTestSuite(TestCaseMain.java:187)
	at com.kms.katalon.core.main.TestCaseMain$startTestSuite$0.call(Unknown Source)
	at TempTestSuite1693284812317.run(TempTestSuite1693284812317.groovy:36)
Caused by: com.kms.katalon.core.webui.exception.WebElementNotFoundException: Web element with id: 'Object Repository/CartPage/BuyButton_Cart' located by '//div[@class='t-myBag__toBuy']' not found
	at com.kms.katalon.core.webui.common.WebUiCommonHelper.findWebElement(WebUiCommonHelper.java:1381)
	at com.kms.katalon.core.webui.keyword.internal.WebUIAbstractKeyword.findWebElement(WebUIAbstractKeyword.groovy:27)
	at com.kms.katalon.core.webui.keyword.builtin.ClickKeyword$_click_closure1.doCall(ClickKeyword.groovy:65)
	at com.kms.katalon.core.webui.keyword.builtin.ClickKeyword$_click_closure1.call(ClickKeyword.groovy)
	at com.kms.katalon.core.webui.keyword.internal.WebUIKeywordMain.runKeyword(WebUIKeywordMain.groovy:20)
	... 19 more]]></system-err>
      </testcase>
      <testcase name="Test Cases/ShoppingCart/TS_SMOKE_SUITE_028" time="136.831" classname="Test Cases/ShoppingCart/TS_SMOKE_SUITE_028" status="PASSED">
         <system-out><![CDATA[2023-08-29 11:09:33 - [TEST_CASE][PASSED] - Test Cases/ShoppingCart/TS_SMOKE_SUITE_028: Test Cases/ShoppingCart/TS_SMOKE_SUITE_028

2023-08-29 11:09:33 - [TEST_STEP][PASSED] - openBrowser(""): Browser is opened with url: ''

2023-08-29 11:09:33 - [MESSAGE][WARNING] - A browser is already opened. Closing browser and opening a new one

2023-08-29 11:09:34 - [MESSAGE][INFO] - Starting 'Chrome' driver

2023-08-29 11:09:34 - [MESSAGE][INFO] - Action delay is set to 0 milliseconds

2023-08-29 11:09:35 - [MESSAGE][PASSED] - Browser is opened with url: ''

2023-08-29 11:09:35 - [TEST_STEP][PASSED] - navigateToUrl(URL): Navigate to 'https://odtaqaa.liverpool.com.mx/tienda/home' successfully

2023-08-29 11:10:22 - [MESSAGE][PASSED] - Navigate to 'https://odtaqaa.liverpool.com.mx/tienda/home' successfully

2023-08-29 11:10:22 - [TEST_STEP][PASSED] - maximizeWindow(): Current window maximized

2023-08-29 11:10:23 - [MESSAGE][PASSED] - Current window maximized

2023-08-29 11:10:23 - [TEST_STEP][PASSED] - callTestCase(findTestCase("CommonMethods/SearchForAProduct_search"), ["searchTerm":SL], STOP_ON_FAILURE): Call Test Case 'Test Cases/CommonMethods/SearchForAProduct_search' successfully

2023-08-29 11:10:23 - [TEST_CASE][PASSED] - Test Cases/CommonMethods/SearchForAProduct_search: Test Cases/CommonMethods/SearchForAProduct_search

2023-08-29 11:10:23 - [TEST_STEP][PASSED] - click(findTestObject("HomePage/Buscar1"), STOP_ON_FAILURE): Object: 'Object Repository/HomePage/Buscar1' is clicked on

2023-08-29 11:10:24 - [MESSAGE][PASSED] - Object: 'Object Repository/HomePage/Buscar1' is clicked on

2023-08-29 11:10:24 - [TEST_STEP][PASSED] - delay(3): Delayed 3 second(s)

2023-08-29 11:10:27 - [MESSAGE][PASSED] - Delayed 3 second(s)

2023-08-29 11:10:27 - [TEST_STEP][PASSED] - setText(findTestObject("HomePage/Buscar1"), searchTerm): Text 'MAC' is set on object 'Object Repository/HomePage/Buscar1'

2023-08-29 11:10:28 - [MESSAGE][PASSED] - Text 'MAC' is set on object 'Object Repository/HomePage/Buscar1'

2023-08-29 11:10:28 - [TEST_STEP][PASSED] - delay(3): Delayed 3 second(s)

2023-08-29 11:10:31 - [MESSAGE][PASSED] - Delayed 3 second(s)

2023-08-29 11:10:31 - [TEST_STEP][PASSED] - sendKeys(findTestObject("HomePage/Seach_TextBox_hp"), Keys.chord(ENTER)): Keys 'ENTER + ' sent to object: 'Object Repository/HomePage/Seach_TextBox_hp'

2023-08-29 11:10:34 - [MESSAGE][PASSED] - Keys 'ENTER + ' sent to object: 'Object Repository/HomePage/Seach_TextBox_hp'

2023-08-29 11:10:34 - [MESSAGE][PASSED] - Call Test Case 'Test Cases/CommonMethods/SearchForAProduct_search' successfully

2023-08-29 11:10:34 - [TEST_STEP][PASSED] - click(findTestObject("HomePage/FirstProduct_plp")): Object: 'Object Repository/HomePage/FirstProduct_plp' is clicked on

2023-08-29 11:11:09 - [MESSAGE][PASSED] - Object: 'Object Repository/HomePage/FirstProduct_plp' is clicked on

2023-08-29 11:11:09 - [TEST_STEP][PASSED] - click(findTestObject("PDPPage/AddToCart_pdp")): Object: 'Object Repository/PDPPage/AddToCart_pdp' is clicked on

2023-08-29 11:11:21 - [MESSAGE][PASSED] - Object: 'Object Repository/PDPPage/AddToCart_pdp' is clicked on

2023-08-29 11:11:21 - [TEST_STEP][NOT_RUN] - click(findTestObject("PLPPage/ProtectYourPurchase_plp")): NOT_RUN: click(findTestObject("PLPPage/ProtectYourPurchase_plp"))

2023-08-29 11:11:21 - [MESSAGE][NOT_RUN] - NOT_RUN: click(findTestObject("PLPPage/ProtectYourPurchase_plp"))

2023-08-29 11:11:21 - [TEST_STEP][PASSED] - click(findTestObject("HomePage/Cart_header")): Object: 'Object Repository/HomePage/Cart_header' is clicked on

2023-08-29 11:11:25 - [MESSAGE][PASSED] - Object: 'Object Repository/HomePage/Cart_header' is clicked on

2023-08-29 11:11:25 - [TEST_STEP][PASSED] - click(findTestObject("CartPage/BuyButton_Cart")): Object: 'Object Repository/CartPage/BuyButton_Cart' is clicked on

2023-08-29 11:11:39 - [MESSAGE][PASSED] - Object: 'Object Repository/CartPage/BuyButton_Cart' is clicked on

2023-08-29 11:11:39 - [TEST_STEP][PASSED] - verifyElementPresent(findTestObject("HomePage/LoginPage_hp"), 0): Object 'Object Repository/HomePage/LoginPage_hp' is present

2023-08-29 11:11:39 - [MESSAGE][WARNING] - Timeout '0' is invalid. Using default page load timeout: '30'

2023-08-29 11:11:49 - [MESSAGE][PASSED] - Object 'Object Repository/HomePage/LoginPage_hp' is present

2023-08-29 11:11:49 - [TEST_STEP][PASSED] - closeBrowser(): Browser is closed

2023-08-29 11:11:49 - [MESSAGE][PASSED] - Browser is closed]]></system-out>
         <system-err><![CDATA[]]></system-err>
      </testcase>
      <system-out><![CDATA[2023-08-29 10:23:37 - [TEST_SUITE][FAILED] - SmokeSuite_AllModules: Test Cases/AccountManagement/TS_SMOKE_SUITE_018 FAILED.
Reason:
com.kms.katalon.core.exception.StepFailedException: Unable to click on object 'Object Repository/AccountManagement/ClickAndCollectStores_accounts'
	at com.kms.katalon.core.webui.keyword.internal.WebUIKeywordMain.stepFailed(WebUIKeywordMain.groovy:64)
	at com.kms.katalon.core.webui.keyword.internal.WebUIKeywordMain.runKeyword(WebUIKeywordMain.groovy:26)
	at com.kms.katalon.core.webui.keyword.builtin.ClickKeyword.click(ClickKeyword.groovy:74)
	at com.kms.katalon.core.webui.keyword.builtin.ClickKeyword.execute(ClickKeyword.groovy:40)
	at com.kms.katalon.core.keyword.internal.KeywordExecutor.executeKeywordForPlatform(KeywordExecutor.groovy:74)
	at com.kms.katalon.core.webui.keyword.WebUiBuiltInKeywords.click(WebUiBuiltInKeywords.groovy:620)
	at com.kms.katalon.core.webui.keyword.WebUiBuiltInKeywords$click$2.call(Unknown Source)
	at TS_SMOKE_SUITE_018.run(TS_SMOKE_SUITE_018:56)
	at com.kms.katalon.core.main.ScriptEngine.run(ScriptEngine.java:194)
	at com.kms.katalon.core.main.ScriptEngine.runScriptAsRawText(ScriptEngine.java:119)
	at com.kms.katalon.core.main.TestCaseExecutor.runScript(TestCaseExecutor.java:448)
	at com.kms.katalon.core.main.TestCaseExecutor.doExecute(TestCaseExecutor.java:439)
	at com.kms.katalon.core.main.TestCaseExecutor.processExecutionPhase(TestCaseExecutor.java:418)
	at com.kms.katalon.core.main.TestCaseExecutor.accessMainPhase(TestCaseExecutor.java:410)
	at com.kms.katalon.core.main.TestCaseExecutor.execute(TestCaseExecutor.java:285)
	at com.kms.katalon.core.common.CommonExecutor.accessTestCaseMainPhase(CommonExecutor.java:65)
	at com.kms.katalon.core.main.TestSuiteExecutor.accessTestSuiteMainPhase(TestSuiteExecutor.java:148)
	at com.kms.katalon.core.main.TestSuiteExecutor.execute(TestSuiteExecutor.java:106)
	at com.kms.katalon.core.main.TestCaseMain.startTestSuite(TestCaseMain.java:187)
	at com.kms.katalon.core.main.TestCaseMain$startTestSuite$0.call(Unknown Source)
	at TempTestSuite1693284812317.run(TempTestSuite1693284812317.groovy:36)
Caused by: com.kms.katalon.core.webui.exception.WebElementNotFoundException: Web element with id: 'Object Repository/AccountManagement/ClickAndCollectStores_accounts' located by '(//span[@class='mdc-tab__ripple mdc-ripple-upgraded'])[2]' not found
	at com.kms.katalon.core.webui.common.WebUiCommonHelper.findWebElement(WebUiCommonHelper.java:1381)
	at com.kms.katalon.core.webui.keyword.internal.WebUIAbstractKeyword.findWebElement(WebUIAbstractKeyword.groovy:27)
	at com.kms.katalon.core.webui.keyword.builtin.ClickKeyword$_click_closure1.doCall(ClickKeyword.groovy:65)
	at com.kms.katalon.core.webui.keyword.builtin.ClickKeyword$_click_closure1.call(ClickKeyword.groovy)
	at com.kms.katalon.core.webui.keyword.internal.WebUIKeywordMain.runKeyword(WebUIKeywordMain.groovy:20)
	... 19 more]]></system-out>
      <system-err><![CDATA[2023-08-29 10:23:37 - [TEST_SUITE][FAILED] - SmokeSuite_AllModules: Test Cases/AccountManagement/TS_SMOKE_SUITE_018 FAILED.
Reason:
com.kms.katalon.core.exception.StepFailedException: Unable to click on object 'Object Repository/AccountManagement/ClickAndCollectStores_accounts'
	at com.kms.katalon.core.webui.keyword.internal.WebUIKeywordMain.stepFailed(WebUIKeywordMain.groovy:64)
	at com.kms.katalon.core.webui.keyword.internal.WebUIKeywordMain.runKeyword(WebUIKeywordMain.groovy:26)
	at com.kms.katalon.core.webui.keyword.builtin.ClickKeyword.click(ClickKeyword.groovy:74)
	at com.kms.katalon.core.webui.keyword.builtin.ClickKeyword.execute(ClickKeyword.groovy:40)
	at com.kms.katalon.core.keyword.internal.KeywordExecutor.executeKeywordForPlatform(KeywordExecutor.groovy:74)
	at com.kms.katalon.core.webui.keyword.WebUiBuiltInKeywords.click(WebUiBuiltInKeywords.groovy:620)
	at com.kms.katalon.core.webui.keyword.WebUiBuiltInKeywords$click$2.call(Unknown Source)
	at TS_SMOKE_SUITE_018.run(TS_SMOKE_SUITE_018:56)
	at com.kms.katalon.core.main.ScriptEngine.run(ScriptEngine.java:194)
	at com.kms.katalon.core.main.ScriptEngine.runScriptAsRawText(ScriptEngine.java:119)
	at com.kms.katalon.core.main.TestCaseExecutor.runScript(TestCaseExecutor.java:448)
	at com.kms.katalon.core.main.TestCaseExecutor.doExecute(TestCaseExecutor.java:439)
	at com.kms.katalon.core.main.TestCaseExecutor.processExecutionPhase(TestCaseExecutor.java:418)
	at com.kms.katalon.core.main.TestCaseExecutor.accessMainPhase(TestCaseExecutor.java:410)
	at com.kms.katalon.core.main.TestCaseExecutor.execute(TestCaseExecutor.java:285)
	at com.kms.katalon.core.common.CommonExecutor.accessTestCaseMainPhase(CommonExecutor.java:65)
	at com.kms.katalon.core.main.TestSuiteExecutor.accessTestSuiteMainPhase(TestSuiteExecutor.java:148)
	at com.kms.katalon.core.main.TestSuiteExecutor.execute(TestSuiteExecutor.java:106)
	at com.kms.katalon.core.main.TestCaseMain.startTestSuite(TestCaseMain.java:187)
	at com.kms.katalon.core.main.TestCaseMain$startTestSuite$0.call(Unknown Source)
	at TempTestSuite1693284812317.run(TempTestSuite1693284812317.groovy:36)
Caused by: com.kms.katalon.core.webui.exception.WebElementNotFoundException: Web element with id: 'Object Repository/AccountManagement/ClickAndCollectStores_accounts' located by '(//span[@class='mdc-tab__ripple mdc-ripple-upgraded'])[2]' not found
	at com.kms.katalon.core.webui.common.WebUiCommonHelper.findWebElement(WebUiCommonHelper.java:1381)
	at com.kms.katalon.core.webui.keyword.internal.WebUIAbstractKeyword.findWebElement(WebUIAbstractKeyword.groovy:27)
	at com.kms.katalon.core.webui.keyword.builtin.ClickKeyword$_click_closure1.doCall(ClickKeyword.groovy:65)
	at com.kms.katalon.core.webui.keyword.builtin.ClickKeyword$_click_closure1.call(ClickKeyword.groovy)
	at com.kms.katalon.core.webui.keyword.internal.WebUIKeywordMain.runKeyword(WebUIKeywordMain.groovy:20)
	... 19 more]]></system-err>
   </testsuite>
</testsuites>
