<?xml version="1.0" encoding="UTF-8"?>
<testsuites name="SmokeSuite_AllModules" time="5942.938" tests="56" failures="12" errors="11">
   <testsuite name="SmokeSuite_AllModules" tests="56" failures="12" errors="11" time="5942.938" skipped="0" timestamp="2023-08-22 08:30:11" hostname="DELL - DESKTOP-L51QJLB" id="Test Suites/SmokeSuite_AllModules">
      <properties>
         <property name="deviceName" value=""/>
         <property name="devicePlatform" value=""/>
         <property name="logFolder" value="D:\\backup\\LiverpoolProject_SmokeSuite\\Reports\\20230822_083007\\SmokeSuite_AllModules\\20230822_083007"/>
         <property name="logFiles" value="D:\\backup\\LiverpoolProject_SmokeSuite\\Reports\\20230822_083007\\SmokeSuite_AllModules\\20230822_083007\\execution0.log"/>
         <property name="attachments" value="D:\\backup\\LiverpoolProject_SmokeSuite\\Reports\\20230822_083007\\SmokeSuite_AllModules\\20230822_083007\\1692673359482.png, D:\\backup\\LiverpoolProject_SmokeSuite\\Reports\\20230822_083007\\SmokeSuite_AllModules\\20230822_083007\\1692673527933.png, D:\\backup\\LiverpoolProject_SmokeSuite\\Reports\\20230822_083007\\SmokeSuite_AllModules\\20230822_083007\\1692673723898.png, D:\\backup\\LiverpoolProject_SmokeSuite\\Reports\\20230822_083007\\SmokeSuite_AllModules\\20230822_083007\\1692673851587.png, D:\\backup\\LiverpoolProject_SmokeSuite\\Reports\\20230822_083007\\SmokeSuite_AllModules\\20230822_083007\\1692675644116.png, D:\\backup\\LiverpoolProject_SmokeSuite\\Reports\\20230822_083007\\SmokeSuite_AllModules\\20230822_083007\\1692675649112.png, D:\\backup\\LiverpoolProject_SmokeSuite\\Reports\\20230822_083007\\SmokeSuite_AllModules\\20230822_083007\\1692676295228.png, D:\\backup\\LiverpoolProject_SmokeSuite\\Reports\\20230822_083007\\SmokeSuite_AllModules\\20230822_083007\\1692676733673.png, D:\\backup\\LiverpoolProject_SmokeSuite\\Reports\\20230822_083007\\SmokeSuite_AllModules\\20230822_083007\\1692677137114.png, D:\\backup\\LiverpoolProject_SmokeSuite\\Reports\\20230822_083007\\SmokeSuite_AllModules\\20230822_083007\\1692677137267.png, D:\\backup\\LiverpoolProject_SmokeSuite\\Reports\\20230822_083007\\SmokeSuite_AllModules\\20230822_083007\\1692678083683.png, D:\\backup\\LiverpoolProject_SmokeSuite\\Reports\\20230822_083007\\SmokeSuite_AllModules\\20230822_083007\\1692678386409.png"/>
         <property name="hostName" value="DELL - DESKTOP-L51QJLB"/>
         <property name="os" value="Windows 10 64bit"/>
         <property name="katalonVersion" value="8.6.5.208"/>
         <property name="browser" value="Chrome 116.0.0.0"/>
         <property name="hostAddress" value="172.22.45.95"/>
         <property name="sessionId" value="c230cb14b1016bee76b8d1ee585031f0"/>
         <property name="seleniumVersion" value="3.141.59"/>
         <property name="proxyInformation" value="ProxyInformation { proxyOption=NO_PROXY, proxyServerType=HTTP, username=, password=********, proxyServerAddress=, proxyServerPort=0, executionList=&quot;&quot;, isApplyToDesiredCapabilities=true }"/>
         <property name="platform" value="Windows 10"/>
      </properties>
      <testcase name="Test Cases/AccountManagement/TS_SMOKE_SUITE_016" time="148.072" classname="Test Cases/AccountManagement/TS_SMOKE_SUITE_016" status="FAILED">
         <failure type="FAILED" message="Test Cases/AccountManagement/TS_SMOKE_SUITE_016 FAILED.
Reason:
com.kms.katalon.core.exception.StepFailedException: Unable to set text 'null' of object 'Object Repository/AccountManagement/UpdatePeronalData_Account'
	at com.kms.katalon.core.webui.keyword.internal.WebUIKeywordMain.stepFailed(WebUIKeywordMain.groovy:64)
	at com.kms.katalon.core.webui.keyword.internal.WebUIKeywordMain.runKeyword(WebUIKeywordMain.groovy:26)
	at com.kms.katalon.core.webui.keyword.builtin.SetTextKeyword.setText(SetTextKeyword.groovy:66)
	at com.kms.katalon.core.webui.keyword.builtin.SetTextKeyword.execute(SetTextKeyword.groovy:37)
	at com.kms.katalon.core.keyword.internal.KeywordExecutor.executeKeywordForPlatform(KeywordExecutor.groovy:74)
	at com.kms.katalon.core.webui.keyword.WebUiBuiltInKeywords.setText(WebUiBuiltInKeywords.groovy:980)
	at com.kms.katalon.core.webui.keyword.WebUiBuiltInKeywords$setText$3.call(Unknown Source)
	at TS_SMOKE_SUITE_016.run(TS_SMOKE_SUITE_016:44)
	at com.kms.katalon.core.main.ScriptEngine.run(ScriptEngine.java:194)
	at com.kms.katalon.core.main.ScriptEngine.runScriptAsRawText(ScriptEngine.java:119)
	at com.kms.katalon.core.main.TestCaseExecutor.runScript(TestCaseExecutor.java:448)
	at com.kms.katalon.core.main.TestCaseExecutor.doExecute(TestCaseExecutor.java:439)
	at com.kms.katalon.core.main.TestCaseExecutor.processExecutionPhase(TestCaseExecutor.java:418)
	at com.kms.katalon.core.main.TestCaseExecutor.accessMainPhase(TestCaseExecutor.java:410)
	at com.kms.katalon.core.main.TestCaseExecutor.execute(TestCaseExecutor.java:285)
	at com.kms.katalon.core.common.CommonExecutor.accessTestCaseMainPhase(CommonExecutor.java:65)
	at com.kms.katalon.core.main.TestSuiteExecutor.accessTestSuiteMainPhase(TestSuiteExecutor.java:148)
	at com.kms.katalon.core.main.TestSuiteExecutor.execute(TestSuiteExecutor.java:106)
	at com.kms.katalon.core.main.TestCaseMain.startTestSuite(TestCaseMain.java:187)
	at com.kms.katalon.core.main.TestCaseMain$startTestSuite$0.call(Unknown Source)
	at TempTestSuite1692673207080.run(TempTestSuite1692673207080.groovy:36)
Caused by: java.lang.IllegalArgumentException: Text is null
	at com.kms.katalon.core.webui.keyword.builtin.SetTextKeyword$_setText_closure1.doCall(SetTextKeyword.groovy:48)
	at com.kms.katalon.core.webui.keyword.builtin.SetTextKeyword$_setText_closure1.call(SetTextKeyword.groovy)
	at com.kms.katalon.core.webui.keyword.internal.WebUIKeywordMain.runKeyword(WebUIKeywordMain.groovy:20)
	... 19 more
"/>
         <system-out><![CDATA[2023-08-22 08:30:11 - [TEST_CASE][FAILED] - Test Cases/AccountManagement/TS_SMOKE_SUITE_016: Test Cases/AccountManagement/TS_SMOKE_SUITE_016 FAILED.
Reason:
com.kms.katalon.core.exception.StepFailedException: Unable to set text 'null' of object 'Object Repository/AccountManagement/UpdatePeronalData_Account'
	at com.kms.katalon.core.webui.keyword.internal.WebUIKeywordMain.stepFailed(WebUIKeywordMain.groovy:64)
	at com.kms.katalon.core.webui.keyword.internal.WebUIKeywordMain.runKeyword(WebUIKeywordMain.groovy:26)
	at com.kms.katalon.core.webui.keyword.builtin.SetTextKeyword.setText(SetTextKeyword.groovy:66)
	at com.kms.katalon.core.webui.keyword.builtin.SetTextKeyword.execute(SetTextKeyword.groovy:37)
	at com.kms.katalon.core.keyword.internal.KeywordExecutor.executeKeywordForPlatform(KeywordExecutor.groovy:74)
	at com.kms.katalon.core.webui.keyword.WebUiBuiltInKeywords.setText(WebUiBuiltInKeywords.groovy:980)
	at com.kms.katalon.core.webui.keyword.WebUiBuiltInKeywords$setText$3.call(Unknown Source)
	at TS_SMOKE_SUITE_016.run(TS_SMOKE_SUITE_016:44)
	at com.kms.katalon.core.main.ScriptEngine.run(ScriptEngine.java:194)
	at com.kms.katalon.core.main.ScriptEngine.runScriptAsRawText(ScriptEngine.java:119)
	at com.kms.katalon.core.main.TestCaseExecutor.runScript(TestCaseExecutor.java:448)
	at com.kms.katalon.core.main.TestCaseExecutor.doExecute(TestCaseExecutor.java:439)
	at com.kms.katalon.core.main.TestCaseExecutor.processExecutionPhase(TestCaseExecutor.java:418)
	at com.kms.katalon.core.main.TestCaseExecutor.accessMainPhase(TestCaseExecutor.java:410)
	at com.kms.katalon.core.main.TestCaseExecutor.execute(TestCaseExecutor.java:285)
	at com.kms.katalon.core.common.CommonExecutor.accessTestCaseMainPhase(CommonExecutor.java:65)
	at com.kms.katalon.core.main.TestSuiteExecutor.accessTestSuiteMainPhase(TestSuiteExecutor.java:148)
	at com.kms.katalon.core.main.TestSuiteExecutor.execute(TestSuiteExecutor.java:106)
	at com.kms.katalon.core.main.TestCaseMain.startTestSuite(TestCaseMain.java:187)
	at com.kms.katalon.core.main.TestCaseMain$startTestSuite$0.call(Unknown Source)
	at TempTestSuite1692673207080.run(TempTestSuite1692673207080.groovy:36)
Caused by: java.lang.IllegalArgumentException: Text is null
	at com.kms.katalon.core.webui.keyword.builtin.SetTextKeyword$_setText_closure1.doCall(SetTextKeyword.groovy:48)
	at com.kms.katalon.core.webui.keyword.builtin.SetTextKeyword$_setText_closure1.call(SetTextKeyword.groovy)
	at com.kms.katalon.core.webui.keyword.internal.WebUIKeywordMain.runKeyword(WebUIKeywordMain.groovy:20)
	... 19 more


2023-08-22 08:30:12 - [TEST_STEP][PASSED] - openBrowser(""): Browser is opened with url: ''

2023-08-22 08:30:12 - [MESSAGE][INFO] - Starting 'Chrome' driver

2023-08-22 08:30:12 - [MESSAGE][INFO] - Action delay is set to 0 milliseconds

2023-08-22 08:30:16 - [MESSAGE][PASSED] - Browser is opened with url: ''

2023-08-22 08:30:16 - [TEST_STEP][PASSED] - navigateToUrl(URL): Navigate to 'https://odtaqaa.liverpool.com.mx/tienda/home' successfully

2023-08-22 08:31:12 - [MESSAGE][PASSED] - Navigate to 'https://odtaqaa.liverpool.com.mx/tienda/home' successfully

2023-08-22 08:31:12 - [TEST_STEP][PASSED] - maximizeWindow(): Current window maximized

2023-08-22 08:31:12 - [MESSAGE][PASSED] - Current window maximized

2023-08-22 08:31:12 - [TEST_STEP][PASSED] - click(findTestObject("HomePage/Iniciar sesion")): Object: 'Object Repository/HomePage/Iniciar sesion' is clicked on

2023-08-22 08:31:13 - [MESSAGE][PASSED] - Object: 'Object Repository/HomePage/Iniciar sesion' is clicked on

2023-08-22 08:31:13 - [TEST_STEP][PASSED] - callTestCase(findTestCase("CommonMethods/loginFromHomePage"), ["username":username, "password":password], STOP_ON_FAILURE): Call Test Case 'Test Cases/CommonMethods/loginFromHomePage' successfully

2023-08-22 08:31:14 - [TEST_CASE][PASSED] - Test Cases/CommonMethods/loginFromHomePage: Test Cases/CommonMethods/loginFromHomePage

2023-08-22 08:31:14 - [TEST_STEP][PASSED] - delay(3): Delayed 3 second(s)

2023-08-22 08:31:17 - [MESSAGE][PASSED] - Delayed 3 second(s)

2023-08-22 08:31:17 - [TEST_STEP][PASSED] - click(findTestObject("HomePage/EnterUsername_LP")): Object: 'Object Repository/HomePage/EnterUsername_LP' is clicked on

2023-08-22 08:31:31 - [MESSAGE][PASSED] - Object: 'Object Repository/HomePage/EnterUsername_LP' is clicked on

2023-08-22 08:31:31 - [TEST_STEP][PASSED] - setText(findTestObject("HomePage/EnterUsername_LP"), username): Text 'hcheruvu29@digisprint.com' is set on object 'Object Repository/HomePage/EnterUsername_LP'

2023-08-22 08:31:32 - [MESSAGE][PASSED] - Text 'hcheruvu29@digisprint.com' is set on object 'Object Repository/HomePage/EnterUsername_LP'

2023-08-22 08:31:32 - [TEST_STEP][PASSED] - click(findTestObject("HomePage/EnterPassword_LP")): Object: 'Object Repository/HomePage/EnterPassword_LP' is clicked on

2023-08-22 08:31:32 - [MESSAGE][PASSED] - Object: 'Object Repository/HomePage/EnterPassword_LP' is clicked on

2023-08-22 08:31:32 - [TEST_STEP][PASSED] - setText(findTestObject("HomePage/EnterPassword_LP"), password): Text 'Test@12345' is set on object 'Object Repository/HomePage/EnterPassword_LP'

2023-08-22 08:31:33 - [MESSAGE][PASSED] - Text 'Test@12345' is set on object 'Object Repository/HomePage/EnterPassword_LP'

2023-08-22 08:31:33 - [TEST_STEP][PASSED] - click(findTestObject("HomePage/inciar")): Object: 'Object Repository/HomePage/inciar' is clicked on

2023-08-22 08:31:42 - [MESSAGE][PASSED] - Object: 'Object Repository/HomePage/inciar' is clicked on

2023-08-22 08:31:42 - [MESSAGE][PASSED] - Call Test Case 'Test Cases/CommonMethods/loginFromHomePage' successfully

2023-08-22 08:31:42 - [TEST_STEP][PASSED] - delay(5): Delayed 5 second(s)

2023-08-22 08:31:47 - [MESSAGE][PASSED] - Delayed 5 second(s)

2023-08-22 08:31:47 - [TEST_STEP][PASSED] - mouseOver(findTestObject("HomePage/AfterLogin_Homepage")): Object: 'Object Repository/HomePage/AfterLogin_Homepage' is hovered

2023-08-22 08:32:32 - [MESSAGE][PASSED] - Object: 'Object Repository/HomePage/AfterLogin_Homepage' is hovered

2023-08-22 08:32:32 - [TEST_STEP][PASSED] - click(findTestObject("AccountManagement/MyAccountButton_Account")): Object: 'Object Repository/AccountManagement/MyAccountButton_Account' is clicked on

2023-08-22 08:32:32 - [MESSAGE][PASSED] - Object: 'Object Repository/AccountManagement/MyAccountButton_Account' is clicked on

2023-08-22 08:32:32 - [TEST_STEP][PASSED] - click(findTestObject("AccountManagement/UpdatePeronalData_Account")): Object: 'Object Repository/AccountManagement/UpdatePeronalData_Account' is clicked on

2023-08-22 08:32:35 - [MESSAGE][PASSED] - Object: 'Object Repository/AccountManagement/UpdatePeronalData_Account' is clicked on

2023-08-22 08:32:35 - [TEST_STEP][PASSED] - verifyElementPresent(findTestObject("AccountManagement/updatePage_Account"), 0): Object 'Object Repository/AccountManagement/updatePage_Account' is present

2023-08-22 08:32:36 - [MESSAGE][WARNING] - Timeout '0' is invalid. Using default page load timeout: '30'

2023-08-22 08:32:39 - [MESSAGE][PASSED] - Object 'Object Repository/AccountManagement/updatePage_Account' is present

2023-08-22 08:32:39 - [TEST_STEP][PASSED] - name = customkeywords.myKeywords.randomString(): customkeywords.myKeywords.randomString is PASSED

2023-08-22 08:32:39 - [MESSAGE][INFO] - 42TV3DL9J

2023-08-22 08:32:39 - [MESSAGE][PASSED] - customkeywords.myKeywords.randomString is PASSED

2023-08-22 08:32:39 - [TEST_STEP][FAILED] - setText(findTestObject("AccountManagement/UpdatePeronalData_Account"), name): Unable to set text 'null' of object 'Object Repository/AccountManagement/UpdatePeronalData_Account' (Root cause: com.kms.katalon.core.exception.StepFailedException: Unable to set text 'null' of object 'Object Repository/AccountManagement/UpdatePeronalData_Account'
	at com.kms.katalon.core.webui.keyword.internal.WebUIKeywordMain.stepFailed(WebUIKeywordMain.groovy:64)
	at com.kms.katalon.core.webui.keyword.internal.WebUIKeywordMain.runKeyword(WebUIKeywordMain.groovy:26)
	at com.kms.katalon.core.webui.keyword.builtin.SetTextKeyword.setText(SetTextKeyword.groovy:66)
	at com.kms.katalon.core.webui.keyword.builtin.SetTextKeyword.execute(SetTextKeyword.groovy:37)
	at com.kms.katalon.core.keyword.internal.KeywordExecutor.executeKeywordForPlatform(KeywordExecutor.groovy:74)
	at com.kms.katalon.core.webui.keyword.WebUiBuiltInKeywords.setText(WebUiBuiltInKeywords.groovy:980)
	at com.kms.katalon.core.webui.keyword.WebUiBuiltInKeywords$setText$3.call(Unknown Source)
	at TS_SMOKE_SUITE_016.run(TS_SMOKE_SUITE_016:44)
	at com.kms.katalon.core.main.ScriptEngine.run(ScriptEngine.java:194)
	at com.kms.katalon.core.main.ScriptEngine.runScriptAsRawText(ScriptEngine.java:119)
	at com.kms.katalon.core.main.TestCaseExecutor.runScript(TestCaseExecutor.java:448)
	at com.kms.katalon.core.main.TestCaseExecutor.doExecute(TestCaseExecutor.java:439)
	at com.kms.katalon.core.main.TestCaseExecutor.processExecutionPhase(TestCaseExecutor.java:418)
	at com.kms.katalon.core.main.TestCaseExecutor.accessMainPhase(TestCaseExecutor.java:410)
	at com.kms.katalon.core.main.TestCaseExecutor.execute(TestCaseExecutor.java:285)
	at com.kms.katalon.core.common.CommonExecutor.accessTestCaseMainPhase(CommonExecutor.java:65)
	at com.kms.katalon.core.main.TestSuiteExecutor.accessTestSuiteMainPhase(TestSuiteExecutor.java:148)
	at com.kms.katalon.core.main.TestSuiteExecutor.execute(TestSuiteExecutor.java:106)
	at com.kms.katalon.core.main.TestCaseMain.startTestSuite(TestCaseMain.java:187)
	at com.kms.katalon.core.main.TestCaseMain$startTestSuite$0.call(Unknown Source)
	at TempTestSuite1692673207080.run(TempTestSuite1692673207080.groovy:36)
Caused by: java.lang.IllegalArgumentException: Text is null
	at com.kms.katalon.core.webui.keyword.builtin.SetTextKeyword$_setText_closure1.doCall(SetTextKeyword.groovy:48)
	at com.kms.katalon.core.webui.keyword.builtin.SetTextKeyword$_setText_closure1.call(SetTextKeyword.groovy)
	at com.kms.katalon.core.webui.keyword.internal.WebUIKeywordMain.runKeyword(WebUIKeywordMain.groovy:20)
	at com.kms.katalon.core.webui.keyword.builtin.SetTextKeyword.setText(SetTextKeyword.groovy:66)
	at com.kms.katalon.core.webui.keyword.builtin.SetTextKeyword.execute(SetTextKeyword.groovy:37)
	at com.kms.katalon.core.keyword.internal.KeywordExecutor.executeKeywordForPlatform(KeywordExecutor.groovy:74)
	at com.kms.katalon.core.webui.keyword.WebUiBuiltInKeywords.setText(WebUiBuiltInKeywords.groovy:980)
	at com.kms.katalon.core.webui.keyword.WebUiBuiltInKeywords$setText$3.call(Unknown Source)
	at Script1691383260845.run(Script1691383260845.groovy:44)
	... 13 more
)

2023-08-22 08:32:39 - [MESSAGE][FAILED] - Unable to set text 'null' of object 'Object Repository/AccountManagement/UpdatePeronalData_Account' (Root cause: com.kms.katalon.core.exception.StepFailedException: Unable to set text 'null' of object 'Object Repository/AccountManagement/UpdatePeronalData_Account'
	at com.kms.katalon.core.webui.keyword.internal.WebUIKeywordMain.stepFailed(WebUIKeywordMain.groovy:64)
	at com.kms.katalon.core.webui.keyword.internal.WebUIKeywordMain.runKeyword(WebUIKeywordMain.groovy:26)
	at com.kms.katalon.core.webui.keyword.builtin.SetTextKeyword.setText(SetTextKeyword.groovy:66)
	at com.kms.katalon.core.webui.keyword.builtin.SetTextKeyword.execute(SetTextKeyword.groovy:37)
	at com.kms.katalon.core.keyword.internal.KeywordExecutor.executeKeywordForPlatform(KeywordExecutor.groovy:74)
	at com.kms.katalon.core.webui.keyword.WebUiBuiltInKeywords.setText(WebUiBuiltInKeywords.groovy:980)
	at com.kms.katalon.core.webui.keyword.WebUiBuiltInKeywords$setText$3.call(Unknown Source)
	at TS_SMOKE_SUITE_016.run(TS_SMOKE_SUITE_016:44)
	at com.kms.katalon.core.main.ScriptEngine.run(ScriptEngine.java:194)
	at com.kms.katalon.core.main.ScriptEngine.runScriptAsRawText(ScriptEngine.java:119)
	at com.kms.katalon.core.main.TestCaseExecutor.runScript(TestCaseExecutor.java:448)
	at com.kms.katalon.core.main.TestCaseExecutor.doExecute(TestCaseExecutor.java:439)
	at com.kms.katalon.core.main.TestCaseExecutor.processExecutionPhase(TestCaseExecutor.java:418)
	at com.kms.katalon.core.main.TestCaseExecutor.accessMainPhase(TestCaseExecutor.java:410)
	at com.kms.katalon.core.main.TestCaseExecutor.execute(TestCaseExecutor.java:285)
	at com.kms.katalon.core.common.CommonExecutor.accessTestCaseMainPhase(CommonExecutor.java:65)
	at com.kms.katalon.core.main.TestSuiteExecutor.accessTestSuiteMainPhase(TestSuiteExecutor.java:148)
	at com.kms.katalon.core.main.TestSuiteExecutor.execute(TestSuiteExecutor.java:106)
	at com.kms.katalon.core.main.TestCaseMain.startTestSuite(TestCaseMain.java:187)
	at com.kms.katalon.core.main.TestCaseMain$startTestSuite$0.call(Unknown Source)
	at TempTestSuite1692673207080.run(TempTestSuite1692673207080.groovy:36)
Caused by: java.lang.IllegalArgumentException: Text is null
	at com.kms.katalon.core.webui.keyword.builtin.SetTextKeyword$_setText_closure1.doCall(SetTextKeyword.groovy:48)
	at com.kms.katalon.core.webui.keyword.builtin.SetTextKeyword$_setText_closure1.call(SetTextKeyword.groovy)
	at com.kms.katalon.core.webui.keyword.internal.WebUIKeywordMain.runKeyword(WebUIKeywordMain.groovy:20)
	at com.kms.katalon.core.webui.keyword.builtin.SetTextKeyword.setText(SetTextKeyword.groovy:66)
	at com.kms.katalon.core.webui.keyword.builtin.SetTextKeyword.execute(SetTextKeyword.groovy:37)
	at com.kms.katalon.core.keyword.internal.KeywordExecutor.executeKeywordForPlatform(KeywordExecutor.groovy:74)
	at com.kms.katalon.core.webui.keyword.WebUiBuiltInKeywords.setText(WebUiBuiltInKeywords.groovy:980)
	at com.kms.katalon.core.webui.keyword.WebUiBuiltInKeywords$setText$3.call(Unknown Source)
	at Script1691383260845.run(Script1691383260845.groovy:44)
	... 13 more
)
[[ATTACHMENT|D:\\backup\\LiverpoolProject_SmokeSuite\\Reports\\20230822_083007\\SmokeSuite_AllModules\\20230822_083007\\1692673359482.png]]]]></system-out>
         <system-err><![CDATA[2023-08-22 08:30:11 - [TEST_CASE][FAILED] - Test Cases/AccountManagement/TS_SMOKE_SUITE_016: Test Cases/AccountManagement/TS_SMOKE_SUITE_016 FAILED.
Reason:
com.kms.katalon.core.exception.StepFailedException: Unable to set text 'null' of object 'Object Repository/AccountManagement/UpdatePeronalData_Account'
	at com.kms.katalon.core.webui.keyword.internal.WebUIKeywordMain.stepFailed(WebUIKeywordMain.groovy:64)
	at com.kms.katalon.core.webui.keyword.internal.WebUIKeywordMain.runKeyword(WebUIKeywordMain.groovy:26)
	at com.kms.katalon.core.webui.keyword.builtin.SetTextKeyword.setText(SetTextKeyword.groovy:66)
	at com.kms.katalon.core.webui.keyword.builtin.SetTextKeyword.execute(SetTextKeyword.groovy:37)
	at com.kms.katalon.core.keyword.internal.KeywordExecutor.executeKeywordForPlatform(KeywordExecutor.groovy:74)
	at com.kms.katalon.core.webui.keyword.WebUiBuiltInKeywords.setText(WebUiBuiltInKeywords.groovy:980)
	at com.kms.katalon.core.webui.keyword.WebUiBuiltInKeywords$setText$3.call(Unknown Source)
	at TS_SMOKE_SUITE_016.run(TS_SMOKE_SUITE_016:44)
	at com.kms.katalon.core.main.ScriptEngine.run(ScriptEngine.java:194)
	at com.kms.katalon.core.main.ScriptEngine.runScriptAsRawText(ScriptEngine.java:119)
	at com.kms.katalon.core.main.TestCaseExecutor.runScript(TestCaseExecutor.java:448)
	at com.kms.katalon.core.main.TestCaseExecutor.doExecute(TestCaseExecutor.java:439)
	at com.kms.katalon.core.main.TestCaseExecutor.processExecutionPhase(TestCaseExecutor.java:418)
	at com.kms.katalon.core.main.TestCaseExecutor.accessMainPhase(TestCaseExecutor.java:410)
	at com.kms.katalon.core.main.TestCaseExecutor.execute(TestCaseExecutor.java:285)
	at com.kms.katalon.core.common.CommonExecutor.accessTestCaseMainPhase(CommonExecutor.java:65)
	at com.kms.katalon.core.main.TestSuiteExecutor.accessTestSuiteMainPhase(TestSuiteExecutor.java:148)
	at com.kms.katalon.core.main.TestSuiteExecutor.execute(TestSuiteExecutor.java:106)
	at com.kms.katalon.core.main.TestCaseMain.startTestSuite(TestCaseMain.java:187)
	at com.kms.katalon.core.main.TestCaseMain$startTestSuite$0.call(Unknown Source)
	at TempTestSuite1692673207080.run(TempTestSuite1692673207080.groovy:36)
Caused by: java.lang.IllegalArgumentException: Text is null
	at com.kms.katalon.core.webui.keyword.builtin.SetTextKeyword$_setText_closure1.doCall(SetTextKeyword.groovy:48)
	at com.kms.katalon.core.webui.keyword.builtin.SetTextKeyword$_setText_closure1.call(SetTextKeyword.groovy)
	at com.kms.katalon.core.webui.keyword.internal.WebUIKeywordMain.runKeyword(WebUIKeywordMain.groovy:20)
	... 19 more]]></system-err>
      </testcase>
      <testcase name="Test Cases/AccountManagement/TS_SMOKE_SUITE_017" time="168.386" classname="Test Cases/AccountManagement/TS_SMOKE_SUITE_017" status="FAILED">
         <failure type="FAILED" message="Test Cases/AccountManagement/TS_SMOKE_SUITE_017 FAILED.
Reason:
com.kms.katalon.core.exception.StepFailedException: Unable to click on object 'Object Repository/OPCPage/AddAddressButtonPopup_checkout'
	at com.kms.katalon.core.webui.keyword.internal.WebUIKeywordMain.stepFailed(WebUIKeywordMain.groovy:64)
	at com.kms.katalon.core.webui.keyword.internal.WebUIKeywordMain.runKeyword(WebUIKeywordMain.groovy:26)
	at com.kms.katalon.core.webui.keyword.builtin.ClickKeyword.click(ClickKeyword.groovy:74)
	at com.kms.katalon.core.webui.keyword.builtin.ClickKeyword.execute(ClickKeyword.groovy:40)
	at com.kms.katalon.core.keyword.internal.KeywordExecutor.executeKeywordForPlatform(KeywordExecutor.groovy:74)
	at com.kms.katalon.core.webui.keyword.WebUiBuiltInKeywords.click(WebUiBuiltInKeywords.groovy:608)
	at com.kms.katalon.core.webui.keyword.WebUiBuiltInKeywords$click$6.call(Unknown Source)
	at TS_SMOKE_SUITE_017.run(TS_SMOKE_SUITE_017:38)
	at com.kms.katalon.core.main.ScriptEngine.run(ScriptEngine.java:194)
	at com.kms.katalon.core.main.ScriptEngine.runScriptAsRawText(ScriptEngine.java:119)
	at com.kms.katalon.core.main.TestCaseExecutor.runScript(TestCaseExecutor.java:448)
	at com.kms.katalon.core.main.TestCaseExecutor.doExecute(TestCaseExecutor.java:439)
	at com.kms.katalon.core.main.TestCaseExecutor.processExecutionPhase(TestCaseExecutor.java:418)
	at com.kms.katalon.core.main.TestCaseExecutor.accessMainPhase(TestCaseExecutor.java:410)
	at com.kms.katalon.core.main.TestCaseExecutor.execute(TestCaseExecutor.java:285)
	at com.kms.katalon.core.common.CommonExecutor.accessTestCaseMainPhase(CommonExecutor.java:65)
	at com.kms.katalon.core.main.TestSuiteExecutor.accessTestSuiteMainPhase(TestSuiteExecutor.java:148)
	at com.kms.katalon.core.main.TestSuiteExecutor.execute(TestSuiteExecutor.java:106)
	at com.kms.katalon.core.main.TestCaseMain.startTestSuite(TestCaseMain.java:187)
	at com.kms.katalon.core.main.TestCaseMain$startTestSuite$0.call(Unknown Source)
	at TempTestSuite1692673207080.run(TempTestSuite1692673207080.groovy:36)
Caused by: com.kms.katalon.core.webui.exception.WebElementNotFoundException: Web element with id: 'Object Repository/OPCPage/AddAddressButtonPopup_checkout' located by '//button[@class='a-btn a-btn--tertiary d-none d-sm-block font-weight-bold'][1]' not found
	at com.kms.katalon.core.webui.common.WebUiCommonHelper.findWebElement(WebUiCommonHelper.java:1381)
	at com.kms.katalon.core.webui.keyword.internal.WebUIAbstractKeyword.findWebElement(WebUIAbstractKeyword.groovy:27)
	at com.kms.katalon.core.webui.keyword.builtin.ClickKeyword$_click_closure1.doCall(ClickKeyword.groovy:65)
	at com.kms.katalon.core.webui.keyword.builtin.ClickKeyword$_click_closure1.call(ClickKeyword.groovy)
	at com.kms.katalon.core.webui.keyword.internal.WebUIKeywordMain.runKeyword(WebUIKeywordMain.groovy:20)
	... 19 more
"/>
         <system-out><![CDATA[2023-08-22 08:32:39 - [TEST_CASE][FAILED] - Test Cases/AccountManagement/TS_SMOKE_SUITE_017: Test Cases/AccountManagement/TS_SMOKE_SUITE_017 FAILED.
Reason:
com.kms.katalon.core.exception.StepFailedException: Unable to click on object 'Object Repository/OPCPage/AddAddressButtonPopup_checkout'
	at com.kms.katalon.core.webui.keyword.internal.WebUIKeywordMain.stepFailed(WebUIKeywordMain.groovy:64)
	at com.kms.katalon.core.webui.keyword.internal.WebUIKeywordMain.runKeyword(WebUIKeywordMain.groovy:26)
	at com.kms.katalon.core.webui.keyword.builtin.ClickKeyword.click(ClickKeyword.groovy:74)
	at com.kms.katalon.core.webui.keyword.builtin.ClickKeyword.execute(ClickKeyword.groovy:40)
	at com.kms.katalon.core.keyword.internal.KeywordExecutor.executeKeywordForPlatform(KeywordExecutor.groovy:74)
	at com.kms.katalon.core.webui.keyword.WebUiBuiltInKeywords.click(WebUiBuiltInKeywords.groovy:608)
	at com.kms.katalon.core.webui.keyword.WebUiBuiltInKeywords$click$6.call(Unknown Source)
	at TS_SMOKE_SUITE_017.run(TS_SMOKE_SUITE_017:38)
	at com.kms.katalon.core.main.ScriptEngine.run(ScriptEngine.java:194)
	at com.kms.katalon.core.main.ScriptEngine.runScriptAsRawText(ScriptEngine.java:119)
	at com.kms.katalon.core.main.TestCaseExecutor.runScript(TestCaseExecutor.java:448)
	at com.kms.katalon.core.main.TestCaseExecutor.doExecute(TestCaseExecutor.java:439)
	at com.kms.katalon.core.main.TestCaseExecutor.processExecutionPhase(TestCaseExecutor.java:418)
	at com.kms.katalon.core.main.TestCaseExecutor.accessMainPhase(TestCaseExecutor.java:410)
	at com.kms.katalon.core.main.TestCaseExecutor.execute(TestCaseExecutor.java:285)
	at com.kms.katalon.core.common.CommonExecutor.accessTestCaseMainPhase(CommonExecutor.java:65)
	at com.kms.katalon.core.main.TestSuiteExecutor.accessTestSuiteMainPhase(TestSuiteExecutor.java:148)
	at com.kms.katalon.core.main.TestSuiteExecutor.execute(TestSuiteExecutor.java:106)
	at com.kms.katalon.core.main.TestCaseMain.startTestSuite(TestCaseMain.java:187)
	at com.kms.katalon.core.main.TestCaseMain$startTestSuite$0.call(Unknown Source)
	at TempTestSuite1692673207080.run(TempTestSuite1692673207080.groovy:36)
Caused by: com.kms.katalon.core.webui.exception.WebElementNotFoundException: Web element with id: 'Object Repository/OPCPage/AddAddressButtonPopup_checkout' located by '//button[@class='a-btn a-btn--tertiary d-none d-sm-block font-weight-bold'][1]' not found
	at com.kms.katalon.core.webui.common.WebUiCommonHelper.findWebElement(WebUiCommonHelper.java:1381)
	at com.kms.katalon.core.webui.keyword.internal.WebUIAbstractKeyword.findWebElement(WebUIAbstractKeyword.groovy:27)
	at com.kms.katalon.core.webui.keyword.builtin.ClickKeyword$_click_closure1.doCall(ClickKeyword.groovy:65)
	at com.kms.katalon.core.webui.keyword.builtin.ClickKeyword$_click_closure1.call(ClickKeyword.groovy)
	at com.kms.katalon.core.webui.keyword.internal.WebUIKeywordMain.runKeyword(WebUIKeywordMain.groovy:20)
	... 19 more


2023-08-22 08:32:40 - [TEST_STEP][PASSED] - openBrowser(""): Browser is opened with url: ''

2023-08-22 08:32:40 - [MESSAGE][WARNING] - A browser is already opened. Closing browser and opening a new one

2023-08-22 08:32:41 - [MESSAGE][INFO] - Starting 'Chrome' driver

2023-08-22 08:32:41 - [MESSAGE][INFO] - Action delay is set to 0 milliseconds

2023-08-22 08:32:42 - [MESSAGE][PASSED] - Browser is opened with url: ''

2023-08-22 08:32:42 - [TEST_STEP][PASSED] - navigateToUrl(URL): Navigate to 'https://odtaqaa.liverpool.com.mx/tienda/home' successfully

2023-08-22 08:33:32 - [MESSAGE][PASSED] - Navigate to 'https://odtaqaa.liverpool.com.mx/tienda/home' successfully

2023-08-22 08:33:32 - [TEST_STEP][PASSED] - maximizeWindow(): Current window maximized

2023-08-22 08:33:32 - [MESSAGE][PASSED] - Current window maximized

2023-08-22 08:33:32 - [TEST_STEP][PASSED] - click(findTestObject("HomePage/Iniciar sesion")): Object: 'Object Repository/HomePage/Iniciar sesion' is clicked on

2023-08-22 08:33:33 - [MESSAGE][PASSED] - Object: 'Object Repository/HomePage/Iniciar sesion' is clicked on

2023-08-22 08:33:33 - [TEST_STEP][PASSED] - callTestCase(findTestCase("CommonMethods/loginFromHomePage"), ["username":username, "password":password], STOP_ON_FAILURE): Call Test Case 'Test Cases/CommonMethods/loginFromHomePage' successfully

2023-08-22 08:33:33 - [TEST_CASE][PASSED] - Test Cases/CommonMethods/loginFromHomePage: Test Cases/CommonMethods/loginFromHomePage

2023-08-22 08:33:33 - [TEST_STEP][PASSED] - delay(3): Delayed 3 second(s)

2023-08-22 08:33:36 - [MESSAGE][PASSED] - Delayed 3 second(s)

2023-08-22 08:33:36 - [TEST_STEP][PASSED] - click(findTestObject("HomePage/EnterUsername_LP")): Object: 'Object Repository/HomePage/EnterUsername_LP' is clicked on

2023-08-22 08:33:44 - [MESSAGE][PASSED] - Object: 'Object Repository/HomePage/EnterUsername_LP' is clicked on

2023-08-22 08:33:44 - [TEST_STEP][PASSED] - setText(findTestObject("HomePage/EnterUsername_LP"), username): Text 'hcheruvu29@digisprint.com' is set on object 'Object Repository/HomePage/EnterUsername_LP'

2023-08-22 08:33:45 - [MESSAGE][PASSED] - Text 'hcheruvu29@digisprint.com' is set on object 'Object Repository/HomePage/EnterUsername_LP'

2023-08-22 08:33:45 - [TEST_STEP][PASSED] - click(findTestObject("HomePage/EnterPassword_LP")): Object: 'Object Repository/HomePage/EnterPassword_LP' is clicked on

2023-08-22 08:33:46 - [MESSAGE][PASSED] - Object: 'Object Repository/HomePage/EnterPassword_LP' is clicked on

2023-08-22 08:33:46 - [TEST_STEP][PASSED] - setText(findTestObject("HomePage/EnterPassword_LP"), password): Text 'Test@12345' is set on object 'Object Repository/HomePage/EnterPassword_LP'

2023-08-22 08:33:46 - [MESSAGE][PASSED] - Text 'Test@12345' is set on object 'Object Repository/HomePage/EnterPassword_LP'

2023-08-22 08:33:46 - [TEST_STEP][PASSED] - click(findTestObject("HomePage/inciar")): Object: 'Object Repository/HomePage/inciar' is clicked on

2023-08-22 08:33:53 - [MESSAGE][PASSED] - Object: 'Object Repository/HomePage/inciar' is clicked on

2023-08-22 08:33:53 - [MESSAGE][PASSED] - Call Test Case 'Test Cases/CommonMethods/loginFromHomePage' successfully

2023-08-22 08:33:53 - [TEST_STEP][PASSED] - mouseOver(findTestObject("HomePage/AfterLogin_Homepage")): Object: 'Object Repository/HomePage/AfterLogin_Homepage' is hovered

2023-08-22 08:34:49 - [MESSAGE][PASSED] - Object: 'Object Repository/HomePage/AfterLogin_Homepage' is hovered

2023-08-22 08:34:49 - [TEST_STEP][PASSED] - click(findTestObject("AccountManagement/MyAccountButton_Account")): Object: 'Object Repository/AccountManagement/MyAccountButton_Account' is clicked on

2023-08-22 08:34:50 - [MESSAGE][PASSED] - Object: 'Object Repository/AccountManagement/MyAccountButton_Account' is clicked on

2023-08-22 08:34:50 - [TEST_STEP][PASSED] - click(findTestObject("AccountManagement/DeliveryAddress_Account")): Object: 'Object Repository/AccountManagement/DeliveryAddress_Account' is clicked on

2023-08-22 08:34:56 - [MESSAGE][PASSED] - Object: 'Object Repository/AccountManagement/DeliveryAddress_Account' is clicked on

2023-08-22 08:34:56 - [TEST_STEP][FAILED] - click(findTestObject("OPCPage/AddAddressButtonPopup_checkout"), STOP_ON_FAILURE): Unable to click on object 'Object Repository/OPCPage/AddAddressButtonPopup_checkout' (Root cause: com.kms.katalon.core.exception.StepFailedException: Unable to click on object 'Object Repository/OPCPage/AddAddressButtonPopup_checkout'
	at com.kms.katalon.core.webui.keyword.internal.WebUIKeywordMain.stepFailed(WebUIKeywordMain.groovy:64)
	at com.kms.katalon.core.webui.keyword.internal.WebUIKeywordMain.runKeyword(WebUIKeywordMain.groovy:26)
	at com.kms.katalon.core.webui.keyword.builtin.ClickKeyword.click(ClickKeyword.groovy:74)
	at com.kms.katalon.core.webui.keyword.builtin.ClickKeyword.execute(ClickKeyword.groovy:40)
	at com.kms.katalon.core.keyword.internal.KeywordExecutor.executeKeywordForPlatform(KeywordExecutor.groovy:74)
	at com.kms.katalon.core.webui.keyword.WebUiBuiltInKeywords.click(WebUiBuiltInKeywords.groovy:608)
	at com.kms.katalon.core.webui.keyword.WebUiBuiltInKeywords$click$6.call(Unknown Source)
	at TS_SMOKE_SUITE_017.run(TS_SMOKE_SUITE_017:38)
	at com.kms.katalon.core.main.ScriptEngine.run(ScriptEngine.java:194)
	at com.kms.katalon.core.main.ScriptEngine.runScriptAsRawText(ScriptEngine.java:119)
	at com.kms.katalon.core.main.TestCaseExecutor.runScript(TestCaseExecutor.java:448)
	at com.kms.katalon.core.main.TestCaseExecutor.doExecute(TestCaseExecutor.java:439)
	at com.kms.katalon.core.main.TestCaseExecutor.processExecutionPhase(TestCaseExecutor.java:418)
	at com.kms.katalon.core.main.TestCaseExecutor.accessMainPhase(TestCaseExecutor.java:410)
	at com.kms.katalon.core.main.TestCaseExecutor.execute(TestCaseExecutor.java:285)
	at com.kms.katalon.core.common.CommonExecutor.accessTestCaseMainPhase(CommonExecutor.java:65)
	at com.kms.katalon.core.main.TestSuiteExecutor.accessTestSuiteMainPhase(TestSuiteExecutor.java:148)
	at com.kms.katalon.core.main.TestSuiteExecutor.execute(TestSuiteExecutor.java:106)
	at com.kms.katalon.core.main.TestCaseMain.startTestSuite(TestCaseMain.java:187)
	at com.kms.katalon.core.main.TestCaseMain$startTestSuite$0.call(Unknown Source)
	at TempTestSuite1692673207080.run(TempTestSuite1692673207080.groovy:36)
Caused by: com.kms.katalon.core.webui.exception.WebElementNotFoundException: Web element with id: 'Object Repository/OPCPage/AddAddressButtonPopup_checkout' located by '//button[@class='a-btn a-btn--tertiary d-none d-sm-block font-weight-bold'][1]' not found
	at com.kms.katalon.core.webui.common.WebUiCommonHelper.findWebElement(WebUiCommonHelper.java:1381)
	at com.kms.katalon.core.webui.keyword.internal.WebUIAbstractKeyword.findWebElement(WebUIAbstractKeyword.groovy:27)
	at com.kms.katalon.core.webui.keyword.builtin.ClickKeyword$_click_closure1.doCall(ClickKeyword.groovy:65)
	at com.kms.katalon.core.webui.keyword.builtin.ClickKeyword$_click_closure1.call(ClickKeyword.groovy)
	at com.kms.katalon.core.webui.keyword.internal.WebUIKeywordMain.runKeyword(WebUIKeywordMain.groovy:20)
	at com.kms.katalon.core.webui.keyword.builtin.ClickKeyword.click(ClickKeyword.groovy:74)
	at com.kms.katalon.core.webui.keyword.builtin.ClickKeyword.execute(ClickKeyword.groovy:40)
	at com.kms.katalon.core.keyword.internal.KeywordExecutor.executeKeywordForPlatform(KeywordExecutor.groovy:74)
	at com.kms.katalon.core.webui.keyword.WebUiBuiltInKeywords.click(WebUiBuiltInKeywords.groovy:608)
	at com.kms.katalon.core.webui.keyword.WebUiBuiltInKeywords$click$6.call(Unknown Source)
	at Script1691386321268.run(Script1691386321268.groovy:38)
	... 13 more
)

2023-08-22 08:35:27 - [MESSAGE][INFO] - Unable to find the element located by 'By.xpath: //button[@class='a-btn a-btn--tertiary d-none d-sm-block font-weight-bold'][1]'. Please recheck the objects properties to make sure the desired element is located. 

2023-08-22 08:35:28 - [MESSAGE][FAILED] - Unable to click on object 'Object Repository/OPCPage/AddAddressButtonPopup_checkout' (Root cause: com.kms.katalon.core.exception.StepFailedException: Unable to click on object 'Object Repository/OPCPage/AddAddressButtonPopup_checkout'
	at com.kms.katalon.core.webui.keyword.internal.WebUIKeywordMain.stepFailed(WebUIKeywordMain.groovy:64)
	at com.kms.katalon.core.webui.keyword.internal.WebUIKeywordMain.runKeyword(WebUIKeywordMain.groovy:26)
	at com.kms.katalon.core.webui.keyword.builtin.ClickKeyword.click(ClickKeyword.groovy:74)
	at com.kms.katalon.core.webui.keyword.builtin.ClickKeyword.execute(ClickKeyword.groovy:40)
	at com.kms.katalon.core.keyword.internal.KeywordExecutor.executeKeywordForPlatform(KeywordExecutor.groovy:74)
	at com.kms.katalon.core.webui.keyword.WebUiBuiltInKeywords.click(WebUiBuiltInKeywords.groovy:608)
	at com.kms.katalon.core.webui.keyword.WebUiBuiltInKeywords$click$6.call(Unknown Source)
	at TS_SMOKE_SUITE_017.run(TS_SMOKE_SUITE_017:38)
	at com.kms.katalon.core.main.ScriptEngine.run(ScriptEngine.java:194)
	at com.kms.katalon.core.main.ScriptEngine.runScriptAsRawText(ScriptEngine.java:119)
	at com.kms.katalon.core.main.TestCaseExecutor.runScript(TestCaseExecutor.java:448)
	at com.kms.katalon.core.main.TestCaseExecutor.doExecute(TestCaseExecutor.java:439)
	at com.kms.katalon.core.main.TestCaseExecutor.processExecutionPhase(TestCaseExecutor.java:418)
	at com.kms.katalon.core.main.TestCaseExecutor.accessMainPhase(TestCaseExecutor.java:410)
	at com.kms.katalon.core.main.TestCaseExecutor.execute(TestCaseExecutor.java:285)
	at com.kms.katalon.core.common.CommonExecutor.accessTestCaseMainPhase(CommonExecutor.java:65)
	at com.kms.katalon.core.main.TestSuiteExecutor.accessTestSuiteMainPhase(TestSuiteExecutor.java:148)
	at com.kms.katalon.core.main.TestSuiteExecutor.execute(TestSuiteExecutor.java:106)
	at com.kms.katalon.core.main.TestCaseMain.startTestSuite(TestCaseMain.java:187)
	at com.kms.katalon.core.main.TestCaseMain$startTestSuite$0.call(Unknown Source)
	at TempTestSuite1692673207080.run(TempTestSuite1692673207080.groovy:36)
Caused by: com.kms.katalon.core.webui.exception.WebElementNotFoundException: Web element with id: 'Object Repository/OPCPage/AddAddressButtonPopup_checkout' located by '//button[@class='a-btn a-btn--tertiary d-none d-sm-block font-weight-bold'][1]' not found
	at com.kms.katalon.core.webui.common.WebUiCommonHelper.findWebElement(WebUiCommonHelper.java:1381)
	at com.kms.katalon.core.webui.keyword.internal.WebUIAbstractKeyword.findWebElement(WebUIAbstractKeyword.groovy:27)
	at com.kms.katalon.core.webui.keyword.builtin.ClickKeyword$_click_closure1.doCall(ClickKeyword.groovy:65)
	at com.kms.katalon.core.webui.keyword.builtin.ClickKeyword$_click_closure1.call(ClickKeyword.groovy)
	at com.kms.katalon.core.webui.keyword.internal.WebUIKeywordMain.runKeyword(WebUIKeywordMain.groovy:20)
	at com.kms.katalon.core.webui.keyword.builtin.ClickKeyword.click(ClickKeyword.groovy:74)
	at com.kms.katalon.core.webui.keyword.builtin.ClickKeyword.execute(ClickKeyword.groovy:40)
	at com.kms.katalon.core.keyword.internal.KeywordExecutor.executeKeywordForPlatform(KeywordExecutor.groovy:74)
	at com.kms.katalon.core.webui.keyword.WebUiBuiltInKeywords.click(WebUiBuiltInKeywords.groovy:608)
	at com.kms.katalon.core.webui.keyword.WebUiBuiltInKeywords$click$6.call(Unknown Source)
	at Script1691386321268.run(Script1691386321268.groovy:38)
	... 13 more
)
[[ATTACHMENT|D:\\backup\\LiverpoolProject_SmokeSuite\\Reports\\20230822_083007\\SmokeSuite_AllModules\\20230822_083007\\1692673527933.png]]]]></system-out>
         <system-err><![CDATA[2023-08-22 08:32:39 - [TEST_CASE][FAILED] - Test Cases/AccountManagement/TS_SMOKE_SUITE_017: Test Cases/AccountManagement/TS_SMOKE_SUITE_017 FAILED.
Reason:
com.kms.katalon.core.exception.StepFailedException: Unable to click on object 'Object Repository/OPCPage/AddAddressButtonPopup_checkout'
	at com.kms.katalon.core.webui.keyword.internal.WebUIKeywordMain.stepFailed(WebUIKeywordMain.groovy:64)
	at com.kms.katalon.core.webui.keyword.internal.WebUIKeywordMain.runKeyword(WebUIKeywordMain.groovy:26)
	at com.kms.katalon.core.webui.keyword.builtin.ClickKeyword.click(ClickKeyword.groovy:74)
	at com.kms.katalon.core.webui.keyword.builtin.ClickKeyword.execute(ClickKeyword.groovy:40)
	at com.kms.katalon.core.keyword.internal.KeywordExecutor.executeKeywordForPlatform(KeywordExecutor.groovy:74)
	at com.kms.katalon.core.webui.keyword.WebUiBuiltInKeywords.click(WebUiBuiltInKeywords.groovy:608)
	at com.kms.katalon.core.webui.keyword.WebUiBuiltInKeywords$click$6.call(Unknown Source)
	at TS_SMOKE_SUITE_017.run(TS_SMOKE_SUITE_017:38)
	at com.kms.katalon.core.main.ScriptEngine.run(ScriptEngine.java:194)
	at com.kms.katalon.core.main.ScriptEngine.runScriptAsRawText(ScriptEngine.java:119)
	at com.kms.katalon.core.main.TestCaseExecutor.runScript(TestCaseExecutor.java:448)
	at com.kms.katalon.core.main.TestCaseExecutor.doExecute(TestCaseExecutor.java:439)
	at com.kms.katalon.core.main.TestCaseExecutor.processExecutionPhase(TestCaseExecutor.java:418)
	at com.kms.katalon.core.main.TestCaseExecutor.accessMainPhase(TestCaseExecutor.java:410)
	at com.kms.katalon.core.main.TestCaseExecutor.execute(TestCaseExecutor.java:285)
	at com.kms.katalon.core.common.CommonExecutor.accessTestCaseMainPhase(CommonExecutor.java:65)
	at com.kms.katalon.core.main.TestSuiteExecutor.accessTestSuiteMainPhase(TestSuiteExecutor.java:148)
	at com.kms.katalon.core.main.TestSuiteExecutor.execute(TestSuiteExecutor.java:106)
	at com.kms.katalon.core.main.TestCaseMain.startTestSuite(TestCaseMain.java:187)
	at com.kms.katalon.core.main.TestCaseMain$startTestSuite$0.call(Unknown Source)
	at TempTestSuite1692673207080.run(TempTestSuite1692673207080.groovy:36)
Caused by: com.kms.katalon.core.webui.exception.WebElementNotFoundException: Web element with id: 'Object Repository/OPCPage/AddAddressButtonPopup_checkout' located by '//button[@class='a-btn a-btn--tertiary d-none d-sm-block font-weight-bold'][1]' not found
	at com.kms.katalon.core.webui.common.WebUiCommonHelper.findWebElement(WebUiCommonHelper.java:1381)
	at com.kms.katalon.core.webui.keyword.internal.WebUIAbstractKeyword.findWebElement(WebUIAbstractKeyword.groovy:27)
	at com.kms.katalon.core.webui.keyword.builtin.ClickKeyword$_click_closure1.doCall(ClickKeyword.groovy:65)
	at com.kms.katalon.core.webui.keyword.builtin.ClickKeyword$_click_closure1.call(ClickKeyword.groovy)
	at com.kms.katalon.core.webui.keyword.internal.WebUIKeywordMain.runKeyword(WebUIKeywordMain.groovy:20)
	... 19 more]]></system-err>
      </testcase>
      <testcase name="Test Cases/AccountManagement/TS_SMOKE_SUITE_018" time="195.964" classname="Test Cases/AccountManagement/TS_SMOKE_SUITE_018" status="FAILED">
         <failure type="FAILED" message="Test Cases/AccountManagement/TS_SMOKE_SUITE_018 FAILED.
Reason:
com.kms.katalon.core.exception.StepFailedException: Unable to click on object 'Object Repository/AccountManagement/SelectStateClickNCollection_Account'
	at com.kms.katalon.core.webui.keyword.internal.WebUIKeywordMain.stepFailed(WebUIKeywordMain.groovy:64)
	at com.kms.katalon.core.webui.keyword.internal.WebUIKeywordMain.runKeyword(WebUIKeywordMain.groovy:26)
	at com.kms.katalon.core.webui.keyword.builtin.ClickKeyword.click(ClickKeyword.groovy:74)
	at com.kms.katalon.core.webui.keyword.builtin.ClickKeyword.execute(ClickKeyword.groovy:40)
	at com.kms.katalon.core.keyword.internal.KeywordExecutor.executeKeywordForPlatform(KeywordExecutor.groovy:74)
	at com.kms.katalon.core.webui.keyword.WebUiBuiltInKeywords.click(WebUiBuiltInKeywords.groovy:620)
	at com.kms.katalon.core.webui.keyword.WebUiBuiltInKeywords$click$2.call(Unknown Source)
	at TS_SMOKE_SUITE_018.run(TS_SMOKE_SUITE_018:40)
	at com.kms.katalon.core.main.ScriptEngine.run(ScriptEngine.java:194)
	at com.kms.katalon.core.main.ScriptEngine.runScriptAsRawText(ScriptEngine.java:119)
	at com.kms.katalon.core.main.TestCaseExecutor.runScript(TestCaseExecutor.java:448)
	at com.kms.katalon.core.main.TestCaseExecutor.doExecute(TestCaseExecutor.java:439)
	at com.kms.katalon.core.main.TestCaseExecutor.processExecutionPhase(TestCaseExecutor.java:418)
	at com.kms.katalon.core.main.TestCaseExecutor.accessMainPhase(TestCaseExecutor.java:410)
	at com.kms.katalon.core.main.TestCaseExecutor.execute(TestCaseExecutor.java:285)
	at com.kms.katalon.core.common.CommonExecutor.accessTestCaseMainPhase(CommonExecutor.java:65)
	at com.kms.katalon.core.main.TestSuiteExecutor.accessTestSuiteMainPhase(TestSuiteExecutor.java:148)
	at com.kms.katalon.core.main.TestSuiteExecutor.execute(TestSuiteExecutor.java:106)
	at com.kms.katalon.core.main.TestCaseMain.startTestSuite(TestCaseMain.java:187)
	at com.kms.katalon.core.main.TestCaseMain$startTestSuite$0.call(Unknown Source)
	at TempTestSuite1692673207080.run(TempTestSuite1692673207080.groovy:36)
Caused by: com.kms.katalon.core.webui.exception.WebElementNotFoundException: Web element with id: 'Object Repository/AccountManagement/SelectStateClickNCollection_Account' located by '//select[@id='o-myAccount__addStore--input']' not found
	at com.kms.katalon.core.webui.common.WebUiCommonHelper.findWebElement(WebUiCommonHelper.java:1381)
	at com.kms.katalon.core.webui.keyword.internal.WebUIAbstractKeyword.findWebElement(WebUIAbstractKeyword.groovy:27)
	at com.kms.katalon.core.webui.keyword.builtin.ClickKeyword$_click_closure1.doCall(ClickKeyword.groovy:65)
	at com.kms.katalon.core.webui.keyword.builtin.ClickKeyword$_click_closure1.call(ClickKeyword.groovy)
	at com.kms.katalon.core.webui.keyword.internal.WebUIKeywordMain.runKeyword(WebUIKeywordMain.groovy:20)
	... 19 more
"/>
         <system-out><![CDATA[2023-08-22 08:35:28 - [TEST_CASE][FAILED] - Test Cases/AccountManagement/TS_SMOKE_SUITE_018: Test Cases/AccountManagement/TS_SMOKE_SUITE_018 FAILED.
Reason:
com.kms.katalon.core.exception.StepFailedException: Unable to click on object 'Object Repository/AccountManagement/SelectStateClickNCollection_Account'
	at com.kms.katalon.core.webui.keyword.internal.WebUIKeywordMain.stepFailed(WebUIKeywordMain.groovy:64)
	at com.kms.katalon.core.webui.keyword.internal.WebUIKeywordMain.runKeyword(WebUIKeywordMain.groovy:26)
	at com.kms.katalon.core.webui.keyword.builtin.ClickKeyword.click(ClickKeyword.groovy:74)
	at com.kms.katalon.core.webui.keyword.builtin.ClickKeyword.execute(ClickKeyword.groovy:40)
	at com.kms.katalon.core.keyword.internal.KeywordExecutor.executeKeywordForPlatform(KeywordExecutor.groovy:74)
	at com.kms.katalon.core.webui.keyword.WebUiBuiltInKeywords.click(WebUiBuiltInKeywords.groovy:620)
	at com.kms.katalon.core.webui.keyword.WebUiBuiltInKeywords$click$2.call(Unknown Source)
	at TS_SMOKE_SUITE_018.run(TS_SMOKE_SUITE_018:40)
	at com.kms.katalon.core.main.ScriptEngine.run(ScriptEngine.java:194)
	at com.kms.katalon.core.main.ScriptEngine.runScriptAsRawText(ScriptEngine.java:119)
	at com.kms.katalon.core.main.TestCaseExecutor.runScript(TestCaseExecutor.java:448)
	at com.kms.katalon.core.main.TestCaseExecutor.doExecute(TestCaseExecutor.java:439)
	at com.kms.katalon.core.main.TestCaseExecutor.processExecutionPhase(TestCaseExecutor.java:418)
	at com.kms.katalon.core.main.TestCaseExecutor.accessMainPhase(TestCaseExecutor.java:410)
	at com.kms.katalon.core.main.TestCaseExecutor.execute(TestCaseExecutor.java:285)
	at com.kms.katalon.core.common.CommonExecutor.accessTestCaseMainPhase(CommonExecutor.java:65)
	at com.kms.katalon.core.main.TestSuiteExecutor.accessTestSuiteMainPhase(TestSuiteExecutor.java:148)
	at com.kms.katalon.core.main.TestSuiteExecutor.execute(TestSuiteExecutor.java:106)
	at com.kms.katalon.core.main.TestCaseMain.startTestSuite(TestCaseMain.java:187)
	at com.kms.katalon.core.main.TestCaseMain$startTestSuite$0.call(Unknown Source)
	at TempTestSuite1692673207080.run(TempTestSuite1692673207080.groovy:36)
Caused by: com.kms.katalon.core.webui.exception.WebElementNotFoundException: Web element with id: 'Object Repository/AccountManagement/SelectStateClickNCollection_Account' located by '//select[@id='o-myAccount__addStore--input']' not found
	at com.kms.katalon.core.webui.common.WebUiCommonHelper.findWebElement(WebUiCommonHelper.java:1381)
	at com.kms.katalon.core.webui.keyword.internal.WebUIAbstractKeyword.findWebElement(WebUIAbstractKeyword.groovy:27)
	at com.kms.katalon.core.webui.keyword.builtin.ClickKeyword$_click_closure1.doCall(ClickKeyword.groovy:65)
	at com.kms.katalon.core.webui.keyword.builtin.ClickKeyword$_click_closure1.call(ClickKeyword.groovy)
	at com.kms.katalon.core.webui.keyword.internal.WebUIKeywordMain.runKeyword(WebUIKeywordMain.groovy:20)
	... 19 more


2023-08-22 08:35:28 - [TEST_STEP][PASSED] - openBrowser(""): Browser is opened with url: ''

2023-08-22 08:35:28 - [MESSAGE][WARNING] - A browser is already opened. Closing browser and opening a new one

2023-08-22 08:35:29 - [MESSAGE][INFO] - Starting 'Chrome' driver

2023-08-22 08:35:29 - [MESSAGE][INFO] - Action delay is set to 0 milliseconds

2023-08-22 08:35:30 - [MESSAGE][PASSED] - Browser is opened with url: ''

2023-08-22 08:35:30 - [TEST_STEP][PASSED] - navigateToUrl(URL): Navigate to 'https://odtaqaa.liverpool.com.mx/tienda/home' successfully

2023-08-22 08:36:29 - [MESSAGE][PASSED] - Navigate to 'https://odtaqaa.liverpool.com.mx/tienda/home' successfully

2023-08-22 08:36:29 - [TEST_STEP][PASSED] - maximizeWindow(): Current window maximized

2023-08-22 08:36:29 - [MESSAGE][PASSED] - Current window maximized

2023-08-22 08:36:29 - [TEST_STEP][PASSED] - click(findTestObject("HomePage/Iniciar sesion")): Object: 'Object Repository/HomePage/Iniciar sesion' is clicked on

2023-08-22 08:36:30 - [MESSAGE][PASSED] - Object: 'Object Repository/HomePage/Iniciar sesion' is clicked on

2023-08-22 08:36:30 - [TEST_STEP][PASSED] - callTestCase(findTestCase("CommonMethods/loginFromHomePage"), ["username":username, "password":password], STOP_ON_FAILURE): Call Test Case 'Test Cases/CommonMethods/loginFromHomePage' successfully

2023-08-22 08:36:30 - [TEST_CASE][PASSED] - Test Cases/CommonMethods/loginFromHomePage: Test Cases/CommonMethods/loginFromHomePage

2023-08-22 08:36:30 - [TEST_STEP][PASSED] - delay(3): Delayed 3 second(s)

2023-08-22 08:36:33 - [MESSAGE][PASSED] - Delayed 3 second(s)

2023-08-22 08:36:33 - [TEST_STEP][PASSED] - click(findTestObject("HomePage/EnterUsername_LP")): Object: 'Object Repository/HomePage/EnterUsername_LP' is clicked on

2023-08-22 08:37:00 - [MESSAGE][PASSED] - Object: 'Object Repository/HomePage/EnterUsername_LP' is clicked on

2023-08-22 08:37:00 - [TEST_STEP][PASSED] - setText(findTestObject("HomePage/EnterUsername_LP"), username): Text 'hcheruvu29@digisprint.com' is set on object 'Object Repository/HomePage/EnterUsername_LP'

2023-08-22 08:37:01 - [MESSAGE][PASSED] - Text 'hcheruvu29@digisprint.com' is set on object 'Object Repository/HomePage/EnterUsername_LP'

2023-08-22 08:37:01 - [TEST_STEP][PASSED] - click(findTestObject("HomePage/EnterPassword_LP")): Object: 'Object Repository/HomePage/EnterPassword_LP' is clicked on

2023-08-22 08:37:01 - [MESSAGE][PASSED] - Object: 'Object Repository/HomePage/EnterPassword_LP' is clicked on

2023-08-22 08:37:01 - [TEST_STEP][PASSED] - setText(findTestObject("HomePage/EnterPassword_LP"), password): Text 'Test@12345' is set on object 'Object Repository/HomePage/EnterPassword_LP'

2023-08-22 08:37:02 - [MESSAGE][PASSED] - Text 'Test@12345' is set on object 'Object Repository/HomePage/EnterPassword_LP'

2023-08-22 08:37:02 - [TEST_STEP][PASSED] - click(findTestObject("HomePage/inciar")): Object: 'Object Repository/HomePage/inciar' is clicked on

2023-08-22 08:37:13 - [MESSAGE][PASSED] - Object: 'Object Repository/HomePage/inciar' is clicked on

2023-08-22 08:37:13 - [MESSAGE][PASSED] - Call Test Case 'Test Cases/CommonMethods/loginFromHomePage' successfully

2023-08-22 08:37:13 - [TEST_STEP][PASSED] - mouseOver(findTestObject("HomePage/AfterLogin_Homepage")): Object: 'Object Repository/HomePage/AfterLogin_Homepage' is hovered

2023-08-22 08:38:02 - [MESSAGE][PASSED] - Object: 'Object Repository/HomePage/AfterLogin_Homepage' is hovered

2023-08-22 08:38:02 - [TEST_STEP][PASSED] - click(findTestObject("AccountManagement/MyAccountButton_Account")): Object: 'Object Repository/AccountManagement/MyAccountButton_Account' is clicked on

2023-08-22 08:38:02 - [MESSAGE][PASSED] - Object: 'Object Repository/AccountManagement/MyAccountButton_Account' is clicked on

2023-08-22 08:38:02 - [TEST_STEP][PASSED] - click(findTestObject("AccountManagement/DeliveryAddress_Account")): Object: 'Object Repository/AccountManagement/DeliveryAddress_Account' is clicked on

2023-08-22 08:38:06 - [MESSAGE][PASSED] - Object: 'Object Repository/AccountManagement/DeliveryAddress_Account' is clicked on

2023-08-22 08:38:06 - [TEST_STEP][PASSED] - click(findTestObject("AccountManagement/ClickAndCollectStores_accounts")): Object: 'Object Repository/AccountManagement/ClickAndCollectStores_accounts' is clicked on

2023-08-22 08:38:12 - [MESSAGE][PASSED] - Object: 'Object Repository/AccountManagement/ClickAndCollectStores_accounts' is clicked on

2023-08-22 08:38:12 - [TEST_STEP][FAILED] - click(findTestObject("AccountManagement/SelectStateClickNCollection_Account")): Unable to click on object 'Object Repository/AccountManagement/SelectStateClickNCollection_Account' (Root cause: com.kms.katalon.core.exception.StepFailedException: Unable to click on object 'Object Repository/AccountManagement/SelectStateClickNCollection_Account'
	at com.kms.katalon.core.webui.keyword.internal.WebUIKeywordMain.stepFailed(WebUIKeywordMain.groovy:64)
	at com.kms.katalon.core.webui.keyword.internal.WebUIKeywordMain.runKeyword(WebUIKeywordMain.groovy:26)
	at com.kms.katalon.core.webui.keyword.builtin.ClickKeyword.click(ClickKeyword.groovy:74)
	at com.kms.katalon.core.webui.keyword.builtin.ClickKeyword.execute(ClickKeyword.groovy:40)
	at com.kms.katalon.core.keyword.internal.KeywordExecutor.executeKeywordForPlatform(KeywordExecutor.groovy:74)
	at com.kms.katalon.core.webui.keyword.WebUiBuiltInKeywords.click(WebUiBuiltInKeywords.groovy:620)
	at com.kms.katalon.core.webui.keyword.WebUiBuiltInKeywords$click$2.call(Unknown Source)
	at TS_SMOKE_SUITE_018.run(TS_SMOKE_SUITE_018:40)
	at com.kms.katalon.core.main.ScriptEngine.run(ScriptEngine.java:194)
	at com.kms.katalon.core.main.ScriptEngine.runScriptAsRawText(ScriptEngine.java:119)
	at com.kms.katalon.core.main.TestCaseExecutor.runScript(TestCaseExecutor.java:448)
	at com.kms.katalon.core.main.TestCaseExecutor.doExecute(TestCaseExecutor.java:439)
	at com.kms.katalon.core.main.TestCaseExecutor.processExecutionPhase(TestCaseExecutor.java:418)
	at com.kms.katalon.core.main.TestCaseExecutor.accessMainPhase(TestCaseExecutor.java:410)
	at com.kms.katalon.core.main.TestCaseExecutor.execute(TestCaseExecutor.java:285)
	at com.kms.katalon.core.common.CommonExecutor.accessTestCaseMainPhase(CommonExecutor.java:65)
	at com.kms.katalon.core.main.TestSuiteExecutor.accessTestSuiteMainPhase(TestSuiteExecutor.java:148)
	at com.kms.katalon.core.main.TestSuiteExecutor.execute(TestSuiteExecutor.java:106)
	at com.kms.katalon.core.main.TestCaseMain.startTestSuite(TestCaseMain.java:187)
	at com.kms.katalon.core.main.TestCaseMain$startTestSuite$0.call(Unknown Source)
	at TempTestSuite1692673207080.run(TempTestSuite1692673207080.groovy:36)
Caused by: com.kms.katalon.core.webui.exception.WebElementNotFoundException: Web element with id: 'Object Repository/AccountManagement/SelectStateClickNCollection_Account' located by '//select[@id='o-myAccount__addStore--input']' not found
	at com.kms.katalon.core.webui.common.WebUiCommonHelper.findWebElement(WebUiCommonHelper.java:1381)
	at com.kms.katalon.core.webui.keyword.internal.WebUIAbstractKeyword.findWebElement(WebUIAbstractKeyword.groovy:27)
	at com.kms.katalon.core.webui.keyword.builtin.ClickKeyword$_click_closure1.doCall(ClickKeyword.groovy:65)
	at com.kms.katalon.core.webui.keyword.builtin.ClickKeyword$_click_closure1.call(ClickKeyword.groovy)
	at com.kms.katalon.core.webui.keyword.internal.WebUIKeywordMain.runKeyword(WebUIKeywordMain.groovy:20)
	at com.kms.katalon.core.webui.keyword.builtin.ClickKeyword.click(ClickKeyword.groovy:74)
	at com.kms.katalon.core.webui.keyword.builtin.ClickKeyword.execute(ClickKeyword.groovy:40)
	at com.kms.katalon.core.keyword.internal.KeywordExecutor.executeKeywordForPlatform(KeywordExecutor.groovy:74)
	at com.kms.katalon.core.webui.keyword.WebUiBuiltInKeywords.click(WebUiBuiltInKeywords.groovy:620)
	at com.kms.katalon.core.webui.keyword.WebUiBuiltInKeywords$click$2.call(Unknown Source)
	at Script1691411262773.run(Script1691411262773.groovy:40)
	... 13 more
)

2023-08-22 08:38:43 - [MESSAGE][INFO] - Unable to find the element located by 'By.xpath: //select[@id='o-myAccount__addStore--input']'. Please recheck the objects properties to make sure the desired element is located. 

2023-08-22 08:38:44 - [MESSAGE][FAILED] - Unable to click on object 'Object Repository/AccountManagement/SelectStateClickNCollection_Account' (Root cause: com.kms.katalon.core.exception.StepFailedException: Unable to click on object 'Object Repository/AccountManagement/SelectStateClickNCollection_Account'
	at com.kms.katalon.core.webui.keyword.internal.WebUIKeywordMain.stepFailed(WebUIKeywordMain.groovy:64)
	at com.kms.katalon.core.webui.keyword.internal.WebUIKeywordMain.runKeyword(WebUIKeywordMain.groovy:26)
	at com.kms.katalon.core.webui.keyword.builtin.ClickKeyword.click(ClickKeyword.groovy:74)
	at com.kms.katalon.core.webui.keyword.builtin.ClickKeyword.execute(ClickKeyword.groovy:40)
	at com.kms.katalon.core.keyword.internal.KeywordExecutor.executeKeywordForPlatform(KeywordExecutor.groovy:74)
	at com.kms.katalon.core.webui.keyword.WebUiBuiltInKeywords.click(WebUiBuiltInKeywords.groovy:620)
	at com.kms.katalon.core.webui.keyword.WebUiBuiltInKeywords$click$2.call(Unknown Source)
	at TS_SMOKE_SUITE_018.run(TS_SMOKE_SUITE_018:40)
	at com.kms.katalon.core.main.ScriptEngine.run(ScriptEngine.java:194)
	at com.kms.katalon.core.main.ScriptEngine.runScriptAsRawText(ScriptEngine.java:119)
	at com.kms.katalon.core.main.TestCaseExecutor.runScript(TestCaseExecutor.java:448)
	at com.kms.katalon.core.main.TestCaseExecutor.doExecute(TestCaseExecutor.java:439)
	at com.kms.katalon.core.main.TestCaseExecutor.processExecutionPhase(TestCaseExecutor.java:418)
	at com.kms.katalon.core.main.TestCaseExecutor.accessMainPhase(TestCaseExecutor.java:410)
	at com.kms.katalon.core.main.TestCaseExecutor.execute(TestCaseExecutor.java:285)
	at com.kms.katalon.core.common.CommonExecutor.accessTestCaseMainPhase(CommonExecutor.java:65)
	at com.kms.katalon.core.main.TestSuiteExecutor.accessTestSuiteMainPhase(TestSuiteExecutor.java:148)
	at com.kms.katalon.core.main.TestSuiteExecutor.execute(TestSuiteExecutor.java:106)
	at com.kms.katalon.core.main.TestCaseMain.startTestSuite(TestCaseMain.java:187)
	at com.kms.katalon.core.main.TestCaseMain$startTestSuite$0.call(Unknown Source)
	at TempTestSuite1692673207080.run(TempTestSuite1692673207080.groovy:36)
Caused by: com.kms.katalon.core.webui.exception.WebElementNotFoundException: Web element with id: 'Object Repository/AccountManagement/SelectStateClickNCollection_Account' located by '//select[@id='o-myAccount__addStore--input']' not found
	at com.kms.katalon.core.webui.common.WebUiCommonHelper.findWebElement(WebUiCommonHelper.java:1381)
	at com.kms.katalon.core.webui.keyword.internal.WebUIAbstractKeyword.findWebElement(WebUIAbstractKeyword.groovy:27)
	at com.kms.katalon.core.webui.keyword.builtin.ClickKeyword$_click_closure1.doCall(ClickKeyword.groovy:65)
	at com.kms.katalon.core.webui.keyword.builtin.ClickKeyword$_click_closure1.call(ClickKeyword.groovy)
	at com.kms.katalon.core.webui.keyword.internal.WebUIKeywordMain.runKeyword(WebUIKeywordMain.groovy:20)
	at com.kms.katalon.core.webui.keyword.builtin.ClickKeyword.click(ClickKeyword.groovy:74)
	at com.kms.katalon.core.webui.keyword.builtin.ClickKeyword.execute(ClickKeyword.groovy:40)
	at com.kms.katalon.core.keyword.internal.KeywordExecutor.executeKeywordForPlatform(KeywordExecutor.groovy:74)
	at com.kms.katalon.core.webui.keyword.WebUiBuiltInKeywords.click(WebUiBuiltInKeywords.groovy:620)
	at com.kms.katalon.core.webui.keyword.WebUiBuiltInKeywords$click$2.call(Unknown Source)
	at Script1691411262773.run(Script1691411262773.groovy:40)
	... 13 more
)
[[ATTACHMENT|D:\\backup\\LiverpoolProject_SmokeSuite\\Reports\\20230822_083007\\SmokeSuite_AllModules\\20230822_083007\\1692673723898.png]]]]></system-out>
         <system-err><![CDATA[2023-08-22 08:35:28 - [TEST_CASE][FAILED] - Test Cases/AccountManagement/TS_SMOKE_SUITE_018: Test Cases/AccountManagement/TS_SMOKE_SUITE_018 FAILED.
Reason:
com.kms.katalon.core.exception.StepFailedException: Unable to click on object 'Object Repository/AccountManagement/SelectStateClickNCollection_Account'
	at com.kms.katalon.core.webui.keyword.internal.WebUIKeywordMain.stepFailed(WebUIKeywordMain.groovy:64)
	at com.kms.katalon.core.webui.keyword.internal.WebUIKeywordMain.runKeyword(WebUIKeywordMain.groovy:26)
	at com.kms.katalon.core.webui.keyword.builtin.ClickKeyword.click(ClickKeyword.groovy:74)
	at com.kms.katalon.core.webui.keyword.builtin.ClickKeyword.execute(ClickKeyword.groovy:40)
	at com.kms.katalon.core.keyword.internal.KeywordExecutor.executeKeywordForPlatform(KeywordExecutor.groovy:74)
	at com.kms.katalon.core.webui.keyword.WebUiBuiltInKeywords.click(WebUiBuiltInKeywords.groovy:620)
	at com.kms.katalon.core.webui.keyword.WebUiBuiltInKeywords$click$2.call(Unknown Source)
	at TS_SMOKE_SUITE_018.run(TS_SMOKE_SUITE_018:40)
	at com.kms.katalon.core.main.ScriptEngine.run(ScriptEngine.java:194)
	at com.kms.katalon.core.main.ScriptEngine.runScriptAsRawText(ScriptEngine.java:119)
	at com.kms.katalon.core.main.TestCaseExecutor.runScript(TestCaseExecutor.java:448)
	at com.kms.katalon.core.main.TestCaseExecutor.doExecute(TestCaseExecutor.java:439)
	at com.kms.katalon.core.main.TestCaseExecutor.processExecutionPhase(TestCaseExecutor.java:418)
	at com.kms.katalon.core.main.TestCaseExecutor.accessMainPhase(TestCaseExecutor.java:410)
	at com.kms.katalon.core.main.TestCaseExecutor.execute(TestCaseExecutor.java:285)
	at com.kms.katalon.core.common.CommonExecutor.accessTestCaseMainPhase(CommonExecutor.java:65)
	at com.kms.katalon.core.main.TestSuiteExecutor.accessTestSuiteMainPhase(TestSuiteExecutor.java:148)
	at com.kms.katalon.core.main.TestSuiteExecutor.execute(TestSuiteExecutor.java:106)
	at com.kms.katalon.core.main.TestCaseMain.startTestSuite(TestCaseMain.java:187)
	at com.kms.katalon.core.main.TestCaseMain$startTestSuite$0.call(Unknown Source)
	at TempTestSuite1692673207080.run(TempTestSuite1692673207080.groovy:36)
Caused by: com.kms.katalon.core.webui.exception.WebElementNotFoundException: Web element with id: 'Object Repository/AccountManagement/SelectStateClickNCollection_Account' located by '//select[@id='o-myAccount__addStore--input']' not found
	at com.kms.katalon.core.webui.common.WebUiCommonHelper.findWebElement(WebUiCommonHelper.java:1381)
	at com.kms.katalon.core.webui.keyword.internal.WebUIAbstractKeyword.findWebElement(WebUIAbstractKeyword.groovy:27)
	at com.kms.katalon.core.webui.keyword.builtin.ClickKeyword$_click_closure1.doCall(ClickKeyword.groovy:65)
	at com.kms.katalon.core.webui.keyword.builtin.ClickKeyword$_click_closure1.call(ClickKeyword.groovy)
	at com.kms.katalon.core.webui.keyword.internal.WebUIKeywordMain.runKeyword(WebUIKeywordMain.groovy:20)
	... 19 more]]></system-err>
      </testcase>
      <testcase name="Test Cases/AccountManagement/TS_SMOKE_SUITE_019" time="127.664" classname="Test Cases/AccountManagement/TS_SMOKE_SUITE_019" status="FAILED">
         <failure type="FAILED" message="Test Cases/AccountManagement/TS_SMOKE_SUITE_019 FAILED.
Reason:
com.kms.katalon.core.exception.StepFailedException: Unable to click on object 'Object Repository/OPCPage/AddAddressButtonPopup_checkout'
	at com.kms.katalon.core.webui.keyword.internal.WebUIKeywordMain.stepFailed(WebUIKeywordMain.groovy:64)
	at com.kms.katalon.core.webui.keyword.internal.WebUIKeywordMain.runKeyword(WebUIKeywordMain.groovy:26)
	at com.kms.katalon.core.webui.keyword.builtin.ClickKeyword.click(ClickKeyword.groovy:74)
	at com.kms.katalon.core.webui.keyword.builtin.ClickKeyword.execute(ClickKeyword.groovy:40)
	at com.kms.katalon.core.keyword.internal.KeywordExecutor.executeKeywordForPlatform(KeywordExecutor.groovy:74)
	at com.kms.katalon.core.webui.keyword.WebUiBuiltInKeywords.click(WebUiBuiltInKeywords.groovy:608)
	at com.kms.katalon.core.webui.keyword.WebUiBuiltInKeywords$click$6.call(Unknown Source)
	at TS_SMOKE_SUITE_019.run(TS_SMOKE_SUITE_019:37)
	at com.kms.katalon.core.main.ScriptEngine.run(ScriptEngine.java:194)
	at com.kms.katalon.core.main.ScriptEngine.runScriptAsRawText(ScriptEngine.java:119)
	at com.kms.katalon.core.main.TestCaseExecutor.runScript(TestCaseExecutor.java:448)
	at com.kms.katalon.core.main.TestCaseExecutor.doExecute(TestCaseExecutor.java:439)
	at com.kms.katalon.core.main.TestCaseExecutor.processExecutionPhase(TestCaseExecutor.java:418)
	at com.kms.katalon.core.main.TestCaseExecutor.accessMainPhase(TestCaseExecutor.java:410)
	at com.kms.katalon.core.main.TestCaseExecutor.execute(TestCaseExecutor.java:285)
	at com.kms.katalon.core.common.CommonExecutor.accessTestCaseMainPhase(CommonExecutor.java:65)
	at com.kms.katalon.core.main.TestSuiteExecutor.accessTestSuiteMainPhase(TestSuiteExecutor.java:148)
	at com.kms.katalon.core.main.TestSuiteExecutor.execute(TestSuiteExecutor.java:106)
	at com.kms.katalon.core.main.TestCaseMain.startTestSuite(TestCaseMain.java:187)
	at com.kms.katalon.core.main.TestCaseMain$startTestSuite$0.call(Unknown Source)
	at TempTestSuite1692673207080.run(TempTestSuite1692673207080.groovy:36)
Caused by: com.kms.katalon.core.webui.exception.WebElementNotFoundException: Web element with id: 'Object Repository/OPCPage/AddAddressButtonPopup_checkout' located by '//button[@class='a-btn a-btn--tertiary d-none d-sm-block font-weight-bold'][1]' not found
	at com.kms.katalon.core.webui.common.WebUiCommonHelper.findWebElement(WebUiCommonHelper.java:1381)
	at com.kms.katalon.core.webui.keyword.internal.WebUIAbstractKeyword.findWebElement(WebUIAbstractKeyword.groovy:27)
	at com.kms.katalon.core.webui.keyword.builtin.ClickKeyword$_click_closure1.doCall(ClickKeyword.groovy:65)
	at com.kms.katalon.core.webui.keyword.builtin.ClickKeyword$_click_closure1.call(ClickKeyword.groovy)
	at com.kms.katalon.core.webui.keyword.internal.WebUIKeywordMain.runKeyword(WebUIKeywordMain.groovy:20)
	... 19 more
"/>
         <system-out><![CDATA[2023-08-22 08:38:44 - [TEST_CASE][FAILED] - Test Cases/AccountManagement/TS_SMOKE_SUITE_019: Test Cases/AccountManagement/TS_SMOKE_SUITE_019 FAILED.
Reason:
com.kms.katalon.core.exception.StepFailedException: Unable to click on object 'Object Repository/OPCPage/AddAddressButtonPopup_checkout'
	at com.kms.katalon.core.webui.keyword.internal.WebUIKeywordMain.stepFailed(WebUIKeywordMain.groovy:64)
	at com.kms.katalon.core.webui.keyword.internal.WebUIKeywordMain.runKeyword(WebUIKeywordMain.groovy:26)
	at com.kms.katalon.core.webui.keyword.builtin.ClickKeyword.click(ClickKeyword.groovy:74)
	at com.kms.katalon.core.webui.keyword.builtin.ClickKeyword.execute(ClickKeyword.groovy:40)
	at com.kms.katalon.core.keyword.internal.KeywordExecutor.executeKeywordForPlatform(KeywordExecutor.groovy:74)
	at com.kms.katalon.core.webui.keyword.WebUiBuiltInKeywords.click(WebUiBuiltInKeywords.groovy:608)
	at com.kms.katalon.core.webui.keyword.WebUiBuiltInKeywords$click$6.call(Unknown Source)
	at TS_SMOKE_SUITE_019.run(TS_SMOKE_SUITE_019:37)
	at com.kms.katalon.core.main.ScriptEngine.run(ScriptEngine.java:194)
	at com.kms.katalon.core.main.ScriptEngine.runScriptAsRawText(ScriptEngine.java:119)
	at com.kms.katalon.core.main.TestCaseExecutor.runScript(TestCaseExecutor.java:448)
	at com.kms.katalon.core.main.TestCaseExecutor.doExecute(TestCaseExecutor.java:439)
	at com.kms.katalon.core.main.TestCaseExecutor.processExecutionPhase(TestCaseExecutor.java:418)
	at com.kms.katalon.core.main.TestCaseExecutor.accessMainPhase(TestCaseExecutor.java:410)
	at com.kms.katalon.core.main.TestCaseExecutor.execute(TestCaseExecutor.java:285)
	at com.kms.katalon.core.common.CommonExecutor.accessTestCaseMainPhase(CommonExecutor.java:65)
	at com.kms.katalon.core.main.TestSuiteExecutor.accessTestSuiteMainPhase(TestSuiteExecutor.java:148)
	at com.kms.katalon.core.main.TestSuiteExecutor.execute(TestSuiteExecutor.java:106)
	at com.kms.katalon.core.main.TestCaseMain.startTestSuite(TestCaseMain.java:187)
	at com.kms.katalon.core.main.TestCaseMain$startTestSuite$0.call(Unknown Source)
	at TempTestSuite1692673207080.run(TempTestSuite1692673207080.groovy:36)
Caused by: com.kms.katalon.core.webui.exception.WebElementNotFoundException: Web element with id: 'Object Repository/OPCPage/AddAddressButtonPopup_checkout' located by '//button[@class='a-btn a-btn--tertiary d-none d-sm-block font-weight-bold'][1]' not found
	at com.kms.katalon.core.webui.common.WebUiCommonHelper.findWebElement(WebUiCommonHelper.java:1381)
	at com.kms.katalon.core.webui.keyword.internal.WebUIAbstractKeyword.findWebElement(WebUIAbstractKeyword.groovy:27)
	at com.kms.katalon.core.webui.keyword.builtin.ClickKeyword$_click_closure1.doCall(ClickKeyword.groovy:65)
	at com.kms.katalon.core.webui.keyword.builtin.ClickKeyword$_click_closure1.call(ClickKeyword.groovy)
	at com.kms.katalon.core.webui.keyword.internal.WebUIKeywordMain.runKeyword(WebUIKeywordMain.groovy:20)
	... 19 more


2023-08-22 08:38:44 - [TEST_STEP][PASSED] - openBrowser(""): Browser is opened with url: ''

2023-08-22 08:38:44 - [MESSAGE][WARNING] - A browser is already opened. Closing browser and opening a new one

2023-08-22 08:38:45 - [MESSAGE][INFO] - Starting 'Chrome' driver

2023-08-22 08:38:45 - [MESSAGE][INFO] - Action delay is set to 0 milliseconds

2023-08-22 08:38:46 - [MESSAGE][PASSED] - Browser is opened with url: ''

2023-08-22 08:38:46 - [TEST_STEP][PASSED] - navigateToUrl(URL): Navigate to 'https://odtaqaa.liverpool.com.mx/tienda/home' successfully

2023-08-22 08:39:25 - [MESSAGE][PASSED] - Navigate to 'https://odtaqaa.liverpool.com.mx/tienda/home' successfully

2023-08-22 08:39:25 - [TEST_STEP][PASSED] - maximizeWindow(): Current window maximized

2023-08-22 08:39:26 - [MESSAGE][PASSED] - Current window maximized

2023-08-22 08:39:26 - [TEST_STEP][PASSED] - click(findTestObject("HomePage/Iniciar sesion")): Object: 'Object Repository/HomePage/Iniciar sesion' is clicked on

2023-08-22 08:39:26 - [MESSAGE][PASSED] - Object: 'Object Repository/HomePage/Iniciar sesion' is clicked on

2023-08-22 08:39:26 - [TEST_STEP][PASSED] - callTestCase(findTestCase("CommonMethods/loginFromHomePage"), ["username":username, "password":password], STOP_ON_FAILURE): Call Test Case 'Test Cases/CommonMethods/loginFromHomePage' successfully

2023-08-22 08:39:26 - [TEST_CASE][PASSED] - Test Cases/CommonMethods/loginFromHomePage: Test Cases/CommonMethods/loginFromHomePage

2023-08-22 08:39:26 - [TEST_STEP][PASSED] - delay(3): Delayed 3 second(s)

2023-08-22 08:39:29 - [MESSAGE][PASSED] - Delayed 3 second(s)

2023-08-22 08:39:29 - [TEST_STEP][PASSED] - click(findTestObject("HomePage/EnterUsername_LP")): Object: 'Object Repository/HomePage/EnterUsername_LP' is clicked on

2023-08-22 08:39:43 - [MESSAGE][PASSED] - Object: 'Object Repository/HomePage/EnterUsername_LP' is clicked on

2023-08-22 08:39:43 - [TEST_STEP][PASSED] - setText(findTestObject("HomePage/EnterUsername_LP"), username): Text 'hcheruvu29@digisprint.com' is set on object 'Object Repository/HomePage/EnterUsername_LP'

2023-08-22 08:39:44 - [MESSAGE][PASSED] - Text 'hcheruvu29@digisprint.com' is set on object 'Object Repository/HomePage/EnterUsername_LP'

2023-08-22 08:39:44 - [TEST_STEP][PASSED] - click(findTestObject("HomePage/EnterPassword_LP")): Object: 'Object Repository/HomePage/EnterPassword_LP' is clicked on

2023-08-22 08:39:44 - [MESSAGE][PASSED] - Object: 'Object Repository/HomePage/EnterPassword_LP' is clicked on

2023-08-22 08:39:44 - [TEST_STEP][PASSED] - setText(findTestObject("HomePage/EnterPassword_LP"), password): Text 'Test@12345' is set on object 'Object Repository/HomePage/EnterPassword_LP'

2023-08-22 08:39:45 - [MESSAGE][PASSED] - Text 'Test@12345' is set on object 'Object Repository/HomePage/EnterPassword_LP'

2023-08-22 08:39:45 - [TEST_STEP][PASSED] - click(findTestObject("HomePage/inciar")): Object: 'Object Repository/HomePage/inciar' is clicked on

2023-08-22 08:40:02 - [MESSAGE][PASSED] - Object: 'Object Repository/HomePage/inciar' is clicked on

2023-08-22 08:40:02 - [MESSAGE][PASSED] - Call Test Case 'Test Cases/CommonMethods/loginFromHomePage' successfully

2023-08-22 08:40:02 - [TEST_STEP][PASSED] - mouseOver(findTestObject("HomePage/AfterLogin_Homepage")): Object: 'Object Repository/HomePage/AfterLogin_Homepage' is hovered

2023-08-22 08:40:15 - [MESSAGE][PASSED] - Object: 'Object Repository/HomePage/AfterLogin_Homepage' is hovered

2023-08-22 08:40:15 - [TEST_STEP][PASSED] - click(findTestObject("AccountManagement/MyAccountButton_Account")): Object: 'Object Repository/AccountManagement/MyAccountButton_Account' is clicked on

2023-08-22 08:40:15 - [MESSAGE][PASSED] - Object: 'Object Repository/AccountManagement/MyAccountButton_Account' is clicked on

2023-08-22 08:40:15 - [TEST_STEP][PASSED] - click(findTestObject("AccountManagement/DeliveryAddress_Account")): Object: 'Object Repository/AccountManagement/DeliveryAddress_Account' is clicked on

2023-08-22 08:40:20 - [MESSAGE][PASSED] - Object: 'Object Repository/AccountManagement/DeliveryAddress_Account' is clicked on

2023-08-22 08:40:20 - [TEST_STEP][FAILED] - click(findTestObject("OPCPage/AddAddressButtonPopup_checkout"), STOP_ON_FAILURE): Unable to click on object 'Object Repository/OPCPage/AddAddressButtonPopup_checkout' (Root cause: com.kms.katalon.core.exception.StepFailedException: Unable to click on object 'Object Repository/OPCPage/AddAddressButtonPopup_checkout'
	at com.kms.katalon.core.webui.keyword.internal.WebUIKeywordMain.stepFailed(WebUIKeywordMain.groovy:64)
	at com.kms.katalon.core.webui.keyword.internal.WebUIKeywordMain.runKeyword(WebUIKeywordMain.groovy:26)
	at com.kms.katalon.core.webui.keyword.builtin.ClickKeyword.click(ClickKeyword.groovy:74)
	at com.kms.katalon.core.webui.keyword.builtin.ClickKeyword.execute(ClickKeyword.groovy:40)
	at com.kms.katalon.core.keyword.internal.KeywordExecutor.executeKeywordForPlatform(KeywordExecutor.groovy:74)
	at com.kms.katalon.core.webui.keyword.WebUiBuiltInKeywords.click(WebUiBuiltInKeywords.groovy:608)
	at com.kms.katalon.core.webui.keyword.WebUiBuiltInKeywords$click$6.call(Unknown Source)
	at TS_SMOKE_SUITE_019.run(TS_SMOKE_SUITE_019:37)
	at com.kms.katalon.core.main.ScriptEngine.run(ScriptEngine.java:194)
	at com.kms.katalon.core.main.ScriptEngine.runScriptAsRawText(ScriptEngine.java:119)
	at com.kms.katalon.core.main.TestCaseExecutor.runScript(TestCaseExecutor.java:448)
	at com.kms.katalon.core.main.TestCaseExecutor.doExecute(TestCaseExecutor.java:439)
	at com.kms.katalon.core.main.TestCaseExecutor.processExecutionPhase(TestCaseExecutor.java:418)
	at com.kms.katalon.core.main.TestCaseExecutor.accessMainPhase(TestCaseExecutor.java:410)
	at com.kms.katalon.core.main.TestCaseExecutor.execute(TestCaseExecutor.java:285)
	at com.kms.katalon.core.common.CommonExecutor.accessTestCaseMainPhase(CommonExecutor.java:65)
	at com.kms.katalon.core.main.TestSuiteExecutor.accessTestSuiteMainPhase(TestSuiteExecutor.java:148)
	at com.kms.katalon.core.main.TestSuiteExecutor.execute(TestSuiteExecutor.java:106)
	at com.kms.katalon.core.main.TestCaseMain.startTestSuite(TestCaseMain.java:187)
	at com.kms.katalon.core.main.TestCaseMain$startTestSuite$0.call(Unknown Source)
	at TempTestSuite1692673207080.run(TempTestSuite1692673207080.groovy:36)
Caused by: com.kms.katalon.core.webui.exception.WebElementNotFoundException: Web element with id: 'Object Repository/OPCPage/AddAddressButtonPopup_checkout' located by '//button[@class='a-btn a-btn--tertiary d-none d-sm-block font-weight-bold'][1]' not found
	at com.kms.katalon.core.webui.common.WebUiCommonHelper.findWebElement(WebUiCommonHelper.java:1381)
	at com.kms.katalon.core.webui.keyword.internal.WebUIAbstractKeyword.findWebElement(WebUIAbstractKeyword.groovy:27)
	at com.kms.katalon.core.webui.keyword.builtin.ClickKeyword$_click_closure1.doCall(ClickKeyword.groovy:65)
	at com.kms.katalon.core.webui.keyword.builtin.ClickKeyword$_click_closure1.call(ClickKeyword.groovy)
	at com.kms.katalon.core.webui.keyword.internal.WebUIKeywordMain.runKeyword(WebUIKeywordMain.groovy:20)
	at com.kms.katalon.core.webui.keyword.builtin.ClickKeyword.click(ClickKeyword.groovy:74)
	at com.kms.katalon.core.webui.keyword.builtin.ClickKeyword.execute(ClickKeyword.groovy:40)
	at com.kms.katalon.core.keyword.internal.KeywordExecutor.executeKeywordForPlatform(KeywordExecutor.groovy:74)
	at com.kms.katalon.core.webui.keyword.WebUiBuiltInKeywords.click(WebUiBuiltInKeywords.groovy:608)
	at com.kms.katalon.core.webui.keyword.WebUiBuiltInKeywords$click$6.call(Unknown Source)
	at Script1691388789470.run(Script1691388789470.groovy:37)
	... 13 more
)

2023-08-22 08:40:51 - [MESSAGE][INFO] - Unable to find the element located by 'By.xpath: //button[@class='a-btn a-btn--tertiary d-none d-sm-block font-weight-bold'][1]'. Please recheck the objects properties to make sure the desired element is located. 

2023-08-22 08:40:51 - [MESSAGE][FAILED] - Unable to click on object 'Object Repository/OPCPage/AddAddressButtonPopup_checkout' (Root cause: com.kms.katalon.core.exception.StepFailedException: Unable to click on object 'Object Repository/OPCPage/AddAddressButtonPopup_checkout'
	at com.kms.katalon.core.webui.keyword.internal.WebUIKeywordMain.stepFailed(WebUIKeywordMain.groovy:64)
	at com.kms.katalon.core.webui.keyword.internal.WebUIKeywordMain.runKeyword(WebUIKeywordMain.groovy:26)
	at com.kms.katalon.core.webui.keyword.builtin.ClickKeyword.click(ClickKeyword.groovy:74)
	at com.kms.katalon.core.webui.keyword.builtin.ClickKeyword.execute(ClickKeyword.groovy:40)
	at com.kms.katalon.core.keyword.internal.KeywordExecutor.executeKeywordForPlatform(KeywordExecutor.groovy:74)
	at com.kms.katalon.core.webui.keyword.WebUiBuiltInKeywords.click(WebUiBuiltInKeywords.groovy:608)
	at com.kms.katalon.core.webui.keyword.WebUiBuiltInKeywords$click$6.call(Unknown Source)
	at TS_SMOKE_SUITE_019.run(TS_SMOKE_SUITE_019:37)
	at com.kms.katalon.core.main.ScriptEngine.run(ScriptEngine.java:194)
	at com.kms.katalon.core.main.ScriptEngine.runScriptAsRawText(ScriptEngine.java:119)
	at com.kms.katalon.core.main.TestCaseExecutor.runScript(TestCaseExecutor.java:448)
	at com.kms.katalon.core.main.TestCaseExecutor.doExecute(TestCaseExecutor.java:439)
	at com.kms.katalon.core.main.TestCaseExecutor.processExecutionPhase(TestCaseExecutor.java:418)
	at com.kms.katalon.core.main.TestCaseExecutor.accessMainPhase(TestCaseExecutor.java:410)
	at com.kms.katalon.core.main.TestCaseExecutor.execute(TestCaseExecutor.java:285)
	at com.kms.katalon.core.common.CommonExecutor.accessTestCaseMainPhase(CommonExecutor.java:65)
	at com.kms.katalon.core.main.TestSuiteExecutor.accessTestSuiteMainPhase(TestSuiteExecutor.java:148)
	at com.kms.katalon.core.main.TestSuiteExecutor.execute(TestSuiteExecutor.java:106)
	at com.kms.katalon.core.main.TestCaseMain.startTestSuite(TestCaseMain.java:187)
	at com.kms.katalon.core.main.TestCaseMain$startTestSuite$0.call(Unknown Source)
	at TempTestSuite1692673207080.run(TempTestSuite1692673207080.groovy:36)
Caused by: com.kms.katalon.core.webui.exception.WebElementNotFoundException: Web element with id: 'Object Repository/OPCPage/AddAddressButtonPopup_checkout' located by '//button[@class='a-btn a-btn--tertiary d-none d-sm-block font-weight-bold'][1]' not found
	at com.kms.katalon.core.webui.common.WebUiCommonHelper.findWebElement(WebUiCommonHelper.java:1381)
	at com.kms.katalon.core.webui.keyword.internal.WebUIAbstractKeyword.findWebElement(WebUIAbstractKeyword.groovy:27)
	at com.kms.katalon.core.webui.keyword.builtin.ClickKeyword$_click_closure1.doCall(ClickKeyword.groovy:65)
	at com.kms.katalon.core.webui.keyword.builtin.ClickKeyword$_click_closure1.call(ClickKeyword.groovy)
	at com.kms.katalon.core.webui.keyword.internal.WebUIKeywordMain.runKeyword(WebUIKeywordMain.groovy:20)
	at com.kms.katalon.core.webui.keyword.builtin.ClickKeyword.click(ClickKeyword.groovy:74)
	at com.kms.katalon.core.webui.keyword.builtin.ClickKeyword.execute(ClickKeyword.groovy:40)
	at com.kms.katalon.core.keyword.internal.KeywordExecutor.executeKeywordForPlatform(KeywordExecutor.groovy:74)
	at com.kms.katalon.core.webui.keyword.WebUiBuiltInKeywords.click(WebUiBuiltInKeywords.groovy:608)
	at com.kms.katalon.core.webui.keyword.WebUiBuiltInKeywords$click$6.call(Unknown Source)
	at Script1691388789470.run(Script1691388789470.groovy:37)
	... 13 more
)
[[ATTACHMENT|D:\\backup\\LiverpoolProject_SmokeSuite\\Reports\\20230822_083007\\SmokeSuite_AllModules\\20230822_083007\\1692673851587.png]]]]></system-out>
         <system-err><![CDATA[2023-08-22 08:38:44 - [TEST_CASE][FAILED] - Test Cases/AccountManagement/TS_SMOKE_SUITE_019: Test Cases/AccountManagement/TS_SMOKE_SUITE_019 FAILED.
Reason:
com.kms.katalon.core.exception.StepFailedException: Unable to click on object 'Object Repository/OPCPage/AddAddressButtonPopup_checkout'
	at com.kms.katalon.core.webui.keyword.internal.WebUIKeywordMain.stepFailed(WebUIKeywordMain.groovy:64)
	at com.kms.katalon.core.webui.keyword.internal.WebUIKeywordMain.runKeyword(WebUIKeywordMain.groovy:26)
	at com.kms.katalon.core.webui.keyword.builtin.ClickKeyword.click(ClickKeyword.groovy:74)
	at com.kms.katalon.core.webui.keyword.builtin.ClickKeyword.execute(ClickKeyword.groovy:40)
	at com.kms.katalon.core.keyword.internal.KeywordExecutor.executeKeywordForPlatform(KeywordExecutor.groovy:74)
	at com.kms.katalon.core.webui.keyword.WebUiBuiltInKeywords.click(WebUiBuiltInKeywords.groovy:608)
	at com.kms.katalon.core.webui.keyword.WebUiBuiltInKeywords$click$6.call(Unknown Source)
	at TS_SMOKE_SUITE_019.run(TS_SMOKE_SUITE_019:37)
	at com.kms.katalon.core.main.ScriptEngine.run(ScriptEngine.java:194)
	at com.kms.katalon.core.main.ScriptEngine.runScriptAsRawText(ScriptEngine.java:119)
	at com.kms.katalon.core.main.TestCaseExecutor.runScript(TestCaseExecutor.java:448)
	at com.kms.katalon.core.main.TestCaseExecutor.doExecute(TestCaseExecutor.java:439)
	at com.kms.katalon.core.main.TestCaseExecutor.processExecutionPhase(TestCaseExecutor.java:418)
	at com.kms.katalon.core.main.TestCaseExecutor.accessMainPhase(TestCaseExecutor.java:410)
	at com.kms.katalon.core.main.TestCaseExecutor.execute(TestCaseExecutor.java:285)
	at com.kms.katalon.core.common.CommonExecutor.accessTestCaseMainPhase(CommonExecutor.java:65)
	at com.kms.katalon.core.main.TestSuiteExecutor.accessTestSuiteMainPhase(TestSuiteExecutor.java:148)
	at com.kms.katalon.core.main.TestSuiteExecutor.execute(TestSuiteExecutor.java:106)
	at com.kms.katalon.core.main.TestCaseMain.startTestSuite(TestCaseMain.java:187)
	at com.kms.katalon.core.main.TestCaseMain$startTestSuite$0.call(Unknown Source)
	at TempTestSuite1692673207080.run(TempTestSuite1692673207080.groovy:36)
Caused by: com.kms.katalon.core.webui.exception.WebElementNotFoundException: Web element with id: 'Object Repository/OPCPage/AddAddressButtonPopup_checkout' located by '//button[@class='a-btn a-btn--tertiary d-none d-sm-block font-weight-bold'][1]' not found
	at com.kms.katalon.core.webui.common.WebUiCommonHelper.findWebElement(WebUiCommonHelper.java:1381)
	at com.kms.katalon.core.webui.keyword.internal.WebUIAbstractKeyword.findWebElement(WebUIAbstractKeyword.groovy:27)
	at com.kms.katalon.core.webui.keyword.builtin.ClickKeyword$_click_closure1.doCall(ClickKeyword.groovy:65)
	at com.kms.katalon.core.webui.keyword.builtin.ClickKeyword$_click_closure1.call(ClickKeyword.groovy)
	at com.kms.katalon.core.webui.keyword.internal.WebUIKeywordMain.runKeyword(WebUIKeywordMain.groovy:20)
	... 19 more]]></system-err>
      </testcase>
      <testcase name="Test Cases/AccountManagement/TS_SMOKE_SUITE_020" time="2.423" classname="Test Cases/AccountManagement/TS_SMOKE_SUITE_020" status="ERROR">
         <error type="ERROR" message="Test Cases/AccountManagement/TS_SMOKE_SUITE_020 FAILED.
Reason:
groovy.lang.MissingPropertyException: No such property: LiverpoolURL for class: internal.GlobalVariable
	at TS_SMOKE_SUITE_020.run(TS_SMOKE_SUITE_020:22)
	at com.kms.katalon.core.main.ScriptEngine.run(ScriptEngine.java:194)
	at com.kms.katalon.core.main.ScriptEngine.runScriptAsRawText(ScriptEngine.java:119)
	at com.kms.katalon.core.main.TestCaseExecutor.runScript(TestCaseExecutor.java:448)
	at com.kms.katalon.core.main.TestCaseExecutor.doExecute(TestCaseExecutor.java:439)
	at com.kms.katalon.core.main.TestCaseExecutor.processExecutionPhase(TestCaseExecutor.java:418)
	at com.kms.katalon.core.main.TestCaseExecutor.accessMainPhase(TestCaseExecutor.java:410)
	at com.kms.katalon.core.main.TestCaseExecutor.execute(TestCaseExecutor.java:285)
	at com.kms.katalon.core.common.CommonExecutor.accessTestCaseMainPhase(CommonExecutor.java:65)
	at com.kms.katalon.core.main.TestSuiteExecutor.accessTestSuiteMainPhase(TestSuiteExecutor.java:148)
	at com.kms.katalon.core.main.TestSuiteExecutor.execute(TestSuiteExecutor.java:106)
	at com.kms.katalon.core.main.TestCaseMain.startTestSuite(TestCaseMain.java:187)
	at com.kms.katalon.core.main.TestCaseMain$startTestSuite$0.call(Unknown Source)
	at TempTestSuite1692673207080.run(TempTestSuite1692673207080.groovy:36)
"/>
         <system-out><![CDATA[2023-08-22 08:40:51 - [TEST_CASE][ERROR] - Test Cases/AccountManagement/TS_SMOKE_SUITE_020: Test Cases/AccountManagement/TS_SMOKE_SUITE_020 FAILED.
Reason:
groovy.lang.MissingPropertyException: No such property: LiverpoolURL for class: internal.GlobalVariable
	at TS_SMOKE_SUITE_020.run(TS_SMOKE_SUITE_020:22)
	at com.kms.katalon.core.main.ScriptEngine.run(ScriptEngine.java:194)
	at com.kms.katalon.core.main.ScriptEngine.runScriptAsRawText(ScriptEngine.java:119)
	at com.kms.katalon.core.main.TestCaseExecutor.runScript(TestCaseExecutor.java:448)
	at com.kms.katalon.core.main.TestCaseExecutor.doExecute(TestCaseExecutor.java:439)
	at com.kms.katalon.core.main.TestCaseExecutor.processExecutionPhase(TestCaseExecutor.java:418)
	at com.kms.katalon.core.main.TestCaseExecutor.accessMainPhase(TestCaseExecutor.java:410)
	at com.kms.katalon.core.main.TestCaseExecutor.execute(TestCaseExecutor.java:285)
	at com.kms.katalon.core.common.CommonExecutor.accessTestCaseMainPhase(CommonExecutor.java:65)
	at com.kms.katalon.core.main.TestSuiteExecutor.accessTestSuiteMainPhase(TestSuiteExecutor.java:148)
	at com.kms.katalon.core.main.TestSuiteExecutor.execute(TestSuiteExecutor.java:106)
	at com.kms.katalon.core.main.TestCaseMain.startTestSuite(TestCaseMain.java:187)
	at com.kms.katalon.core.main.TestCaseMain$startTestSuite$0.call(Unknown Source)
	at TempTestSuite1692673207080.run(TempTestSuite1692673207080.groovy:36)


2023-08-22 08:40:51 - [TEST_STEP][PASSED] - openBrowser(""): Browser is opened with url: ''

2023-08-22 08:40:51 - [MESSAGE][WARNING] - A browser is already opened. Closing browser and opening a new one

2023-08-22 08:40:52 - [MESSAGE][INFO] - Starting 'Chrome' driver

2023-08-22 08:40:52 - [MESSAGE][INFO] - Action delay is set to 0 milliseconds

2023-08-22 08:40:54 - [MESSAGE][PASSED] - Browser is opened with url: ''

2023-08-22 08:40:54 - [TEST_STEP][ERROR] - navigateToUrl(LiverpoolURL): Test Cases/AccountManagement/TS_SMOKE_SUITE_020 FAILED.
Reason:
groovy.lang.MissingPropertyException: No such property: LiverpoolURL for class: internal.GlobalVariable
	at TS_SMOKE_SUITE_020.run(TS_SMOKE_SUITE_020:22)
	at com.kms.katalon.core.main.ScriptEngine.run(ScriptEngine.java:194)
	at com.kms.katalon.core.main.ScriptEngine.runScriptAsRawText(ScriptEngine.java:119)
	at com.kms.katalon.core.main.TestCaseExecutor.runScript(TestCaseExecutor.java:448)
	at com.kms.katalon.core.main.TestCaseExecutor.doExecute(TestCaseExecutor.java:439)
	at com.kms.katalon.core.main.TestCaseExecutor.processExecutionPhase(TestCaseExecutor.java:418)
	at com.kms.katalon.core.main.TestCaseExecutor.accessMainPhase(TestCaseExecutor.java:410)
	at com.kms.katalon.core.main.TestCaseExecutor.execute(TestCaseExecutor.java:285)
	at com.kms.katalon.core.common.CommonExecutor.accessTestCaseMainPhase(CommonExecutor.java:65)
	at com.kms.katalon.core.main.TestSuiteExecutor.accessTestSuiteMainPhase(TestSuiteExecutor.java:148)
	at com.kms.katalon.core.main.TestSuiteExecutor.execute(TestSuiteExecutor.java:106)
	at com.kms.katalon.core.main.TestCaseMain.startTestSuite(TestCaseMain.java:187)
	at com.kms.katalon.core.main.TestCaseMain$startTestSuite$0.call(Unknown Source)
	at TempTestSuite1692673207080.run(TempTestSuite1692673207080.groovy:36)


2023-08-22 08:40:54 - [MESSAGE][ERROR] - Test Cases/AccountManagement/TS_SMOKE_SUITE_020 FAILED.
Reason:
groovy.lang.MissingPropertyException: No such property: LiverpoolURL for class: internal.GlobalVariable
	at TS_SMOKE_SUITE_020.run(TS_SMOKE_SUITE_020:22)
	at com.kms.katalon.core.main.ScriptEngine.run(ScriptEngine.java:194)
	at com.kms.katalon.core.main.ScriptEngine.runScriptAsRawText(ScriptEngine.java:119)
	at com.kms.katalon.core.main.TestCaseExecutor.runScript(TestCaseExecutor.java:448)
	at com.kms.katalon.core.main.TestCaseExecutor.doExecute(TestCaseExecutor.java:439)
	at com.kms.katalon.core.main.TestCaseExecutor.processExecutionPhase(TestCaseExecutor.java:418)
	at com.kms.katalon.core.main.TestCaseExecutor.accessMainPhase(TestCaseExecutor.java:410)
	at com.kms.katalon.core.main.TestCaseExecutor.execute(TestCaseExecutor.java:285)
	at com.kms.katalon.core.common.CommonExecutor.accessTestCaseMainPhase(CommonExecutor.java:65)
	at com.kms.katalon.core.main.TestSuiteExecutor.accessTestSuiteMainPhase(TestSuiteExecutor.java:148)
	at com.kms.katalon.core.main.TestSuiteExecutor.execute(TestSuiteExecutor.java:106)
	at com.kms.katalon.core.main.TestCaseMain.startTestSuite(TestCaseMain.java:187)
	at com.kms.katalon.core.main.TestCaseMain$startTestSuite$0.call(Unknown Source)
	at TempTestSuite1692673207080.run(TempTestSuite1692673207080.groovy:36)]]></system-out>
         <system-err><![CDATA[2023-08-22 08:40:51 - [TEST_CASE][ERROR] - Test Cases/AccountManagement/TS_SMOKE_SUITE_020: Test Cases/AccountManagement/TS_SMOKE_SUITE_020 FAILED.
Reason:
groovy.lang.MissingPropertyException: No such property: LiverpoolURL for class: internal.GlobalVariable
	at TS_SMOKE_SUITE_020.run(TS_SMOKE_SUITE_020:22)
	at com.kms.katalon.core.main.ScriptEngine.run(ScriptEngine.java:194)
	at com.kms.katalon.core.main.ScriptEngine.runScriptAsRawText(ScriptEngine.java:119)
	at com.kms.katalon.core.main.TestCaseExecutor.runScript(TestCaseExecutor.java:448)
	at com.kms.katalon.core.main.TestCaseExecutor.doExecute(TestCaseExecutor.java:439)
	at com.kms.katalon.core.main.TestCaseExecutor.processExecutionPhase(TestCaseExecutor.java:418)
	at com.kms.katalon.core.main.TestCaseExecutor.accessMainPhase(TestCaseExecutor.java:410)
	at com.kms.katalon.core.main.TestCaseExecutor.execute(TestCaseExecutor.java:285)
	at com.kms.katalon.core.common.CommonExecutor.accessTestCaseMainPhase(CommonExecutor.java:65)
	at com.kms.katalon.core.main.TestSuiteExecutor.accessTestSuiteMainPhase(TestSuiteExecutor.java:148)
	at com.kms.katalon.core.main.TestSuiteExecutor.execute(TestSuiteExecutor.java:106)
	at com.kms.katalon.core.main.TestCaseMain.startTestSuite(TestCaseMain.java:187)
	at com.kms.katalon.core.main.TestCaseMain$startTestSuite$0.call(Unknown Source)
	at TempTestSuite1692673207080.run(TempTestSuite1692673207080.groovy:36)]]></system-err>
      </testcase>
      <testcase name="Test Cases/AccountManagement/TS_SMOKE_SUITE_021" time="2.429" classname="Test Cases/AccountManagement/TS_SMOKE_SUITE_021" status="ERROR">
         <error type="ERROR" message="Test Cases/AccountManagement/TS_SMOKE_SUITE_021 FAILED.
Reason:
groovy.lang.MissingPropertyException: No such property: LiverpoolURL for class: internal.GlobalVariable
	at TS_SMOKE_SUITE_021.run(TS_SMOKE_SUITE_021:22)
	at com.kms.katalon.core.main.ScriptEngine.run(ScriptEngine.java:194)
	at com.kms.katalon.core.main.ScriptEngine.runScriptAsRawText(ScriptEngine.java:119)
	at com.kms.katalon.core.main.TestCaseExecutor.runScript(TestCaseExecutor.java:448)
	at com.kms.katalon.core.main.TestCaseExecutor.doExecute(TestCaseExecutor.java:439)
	at com.kms.katalon.core.main.TestCaseExecutor.processExecutionPhase(TestCaseExecutor.java:418)
	at com.kms.katalon.core.main.TestCaseExecutor.accessMainPhase(TestCaseExecutor.java:410)
	at com.kms.katalon.core.main.TestCaseExecutor.execute(TestCaseExecutor.java:285)
	at com.kms.katalon.core.common.CommonExecutor.accessTestCaseMainPhase(CommonExecutor.java:65)
	at com.kms.katalon.core.main.TestSuiteExecutor.accessTestSuiteMainPhase(TestSuiteExecutor.java:148)
	at com.kms.katalon.core.main.TestSuiteExecutor.execute(TestSuiteExecutor.java:106)
	at com.kms.katalon.core.main.TestCaseMain.startTestSuite(TestCaseMain.java:187)
	at com.kms.katalon.core.main.TestCaseMain$startTestSuite$0.call(Unknown Source)
	at TempTestSuite1692673207080.run(TempTestSuite1692673207080.groovy:36)
"/>
         <system-out><![CDATA[2023-08-22 08:40:54 - [TEST_CASE][ERROR] - Test Cases/AccountManagement/TS_SMOKE_SUITE_021: Test Cases/AccountManagement/TS_SMOKE_SUITE_021 FAILED.
Reason:
groovy.lang.MissingPropertyException: No such property: LiverpoolURL for class: internal.GlobalVariable
	at TS_SMOKE_SUITE_021.run(TS_SMOKE_SUITE_021:22)
	at com.kms.katalon.core.main.ScriptEngine.run(ScriptEngine.java:194)
	at com.kms.katalon.core.main.ScriptEngine.runScriptAsRawText(ScriptEngine.java:119)
	at com.kms.katalon.core.main.TestCaseExecutor.runScript(TestCaseExecutor.java:448)
	at com.kms.katalon.core.main.TestCaseExecutor.doExecute(TestCaseExecutor.java:439)
	at com.kms.katalon.core.main.TestCaseExecutor.processExecutionPhase(TestCaseExecutor.java:418)
	at com.kms.katalon.core.main.TestCaseExecutor.accessMainPhase(TestCaseExecutor.java:410)
	at com.kms.katalon.core.main.TestCaseExecutor.execute(TestCaseExecutor.java:285)
	at com.kms.katalon.core.common.CommonExecutor.accessTestCaseMainPhase(CommonExecutor.java:65)
	at com.kms.katalon.core.main.TestSuiteExecutor.accessTestSuiteMainPhase(TestSuiteExecutor.java:148)
	at com.kms.katalon.core.main.TestSuiteExecutor.execute(TestSuiteExecutor.java:106)
	at com.kms.katalon.core.main.TestCaseMain.startTestSuite(TestCaseMain.java:187)
	at com.kms.katalon.core.main.TestCaseMain$startTestSuite$0.call(Unknown Source)
	at TempTestSuite1692673207080.run(TempTestSuite1692673207080.groovy:36)


2023-08-22 08:40:54 - [TEST_STEP][PASSED] - openBrowser(""): Browser is opened with url: ''

2023-08-22 08:40:54 - [MESSAGE][WARNING] - A browser is already opened. Closing browser and opening a new one

2023-08-22 08:40:55 - [MESSAGE][INFO] - Starting 'Chrome' driver

2023-08-22 08:40:55 - [MESSAGE][INFO] - Action delay is set to 0 milliseconds

2023-08-22 08:40:56 - [MESSAGE][PASSED] - Browser is opened with url: ''

2023-08-22 08:40:56 - [TEST_STEP][ERROR] - navigateToUrl(LiverpoolURL): Test Cases/AccountManagement/TS_SMOKE_SUITE_021 FAILED.
Reason:
groovy.lang.MissingPropertyException: No such property: LiverpoolURL for class: internal.GlobalVariable
	at TS_SMOKE_SUITE_021.run(TS_SMOKE_SUITE_021:22)
	at com.kms.katalon.core.main.ScriptEngine.run(ScriptEngine.java:194)
	at com.kms.katalon.core.main.ScriptEngine.runScriptAsRawText(ScriptEngine.java:119)
	at com.kms.katalon.core.main.TestCaseExecutor.runScript(TestCaseExecutor.java:448)
	at com.kms.katalon.core.main.TestCaseExecutor.doExecute(TestCaseExecutor.java:439)
	at com.kms.katalon.core.main.TestCaseExecutor.processExecutionPhase(TestCaseExecutor.java:418)
	at com.kms.katalon.core.main.TestCaseExecutor.accessMainPhase(TestCaseExecutor.java:410)
	at com.kms.katalon.core.main.TestCaseExecutor.execute(TestCaseExecutor.java:285)
	at com.kms.katalon.core.common.CommonExecutor.accessTestCaseMainPhase(CommonExecutor.java:65)
	at com.kms.katalon.core.main.TestSuiteExecutor.accessTestSuiteMainPhase(TestSuiteExecutor.java:148)
	at com.kms.katalon.core.main.TestSuiteExecutor.execute(TestSuiteExecutor.java:106)
	at com.kms.katalon.core.main.TestCaseMain.startTestSuite(TestCaseMain.java:187)
	at com.kms.katalon.core.main.TestCaseMain$startTestSuite$0.call(Unknown Source)
	at TempTestSuite1692673207080.run(TempTestSuite1692673207080.groovy:36)


2023-08-22 08:40:56 - [MESSAGE][ERROR] - Test Cases/AccountManagement/TS_SMOKE_SUITE_021 FAILED.
Reason:
groovy.lang.MissingPropertyException: No such property: LiverpoolURL for class: internal.GlobalVariable
	at TS_SMOKE_SUITE_021.run(TS_SMOKE_SUITE_021:22)
	at com.kms.katalon.core.main.ScriptEngine.run(ScriptEngine.java:194)
	at com.kms.katalon.core.main.ScriptEngine.runScriptAsRawText(ScriptEngine.java:119)
	at com.kms.katalon.core.main.TestCaseExecutor.runScript(TestCaseExecutor.java:448)
	at com.kms.katalon.core.main.TestCaseExecutor.doExecute(TestCaseExecutor.java:439)
	at com.kms.katalon.core.main.TestCaseExecutor.processExecutionPhase(TestCaseExecutor.java:418)
	at com.kms.katalon.core.main.TestCaseExecutor.accessMainPhase(TestCaseExecutor.java:410)
	at com.kms.katalon.core.main.TestCaseExecutor.execute(TestCaseExecutor.java:285)
	at com.kms.katalon.core.common.CommonExecutor.accessTestCaseMainPhase(CommonExecutor.java:65)
	at com.kms.katalon.core.main.TestSuiteExecutor.accessTestSuiteMainPhase(TestSuiteExecutor.java:148)
	at com.kms.katalon.core.main.TestSuiteExecutor.execute(TestSuiteExecutor.java:106)
	at com.kms.katalon.core.main.TestCaseMain.startTestSuite(TestCaseMain.java:187)
	at com.kms.katalon.core.main.TestCaseMain$startTestSuite$0.call(Unknown Source)
	at TempTestSuite1692673207080.run(TempTestSuite1692673207080.groovy:36)]]></system-out>
         <system-err><![CDATA[2023-08-22 08:40:54 - [TEST_CASE][ERROR] - Test Cases/AccountManagement/TS_SMOKE_SUITE_021: Test Cases/AccountManagement/TS_SMOKE_SUITE_021 FAILED.
Reason:
groovy.lang.MissingPropertyException: No such property: LiverpoolURL for class: internal.GlobalVariable
	at TS_SMOKE_SUITE_021.run(TS_SMOKE_SUITE_021:22)
	at com.kms.katalon.core.main.ScriptEngine.run(ScriptEngine.java:194)
	at com.kms.katalon.core.main.ScriptEngine.runScriptAsRawText(ScriptEngine.java:119)
	at com.kms.katalon.core.main.TestCaseExecutor.runScript(TestCaseExecutor.java:448)
	at com.kms.katalon.core.main.TestCaseExecutor.doExecute(TestCaseExecutor.java:439)
	at com.kms.katalon.core.main.TestCaseExecutor.processExecutionPhase(TestCaseExecutor.java:418)
	at com.kms.katalon.core.main.TestCaseExecutor.accessMainPhase(TestCaseExecutor.java:410)
	at com.kms.katalon.core.main.TestCaseExecutor.execute(TestCaseExecutor.java:285)
	at com.kms.katalon.core.common.CommonExecutor.accessTestCaseMainPhase(CommonExecutor.java:65)
	at com.kms.katalon.core.main.TestSuiteExecutor.accessTestSuiteMainPhase(TestSuiteExecutor.java:148)
	at com.kms.katalon.core.main.TestSuiteExecutor.execute(TestSuiteExecutor.java:106)
	at com.kms.katalon.core.main.TestCaseMain.startTestSuite(TestCaseMain.java:187)
	at com.kms.katalon.core.main.TestCaseMain$startTestSuite$0.call(Unknown Source)
	at TempTestSuite1692673207080.run(TempTestSuite1692673207080.groovy:36)]]></system-err>
      </testcase>
      <testcase name="Test Cases/AccountManagement/TS_SMOKE_SUITE_022" time="2.295" classname="Test Cases/AccountManagement/TS_SMOKE_SUITE_022" status="ERROR">
         <error type="ERROR" message="Test Cases/AccountManagement/TS_SMOKE_SUITE_022 FAILED.
Reason:
groovy.lang.MissingPropertyException: No such property: LiverpoolURL for class: internal.GlobalVariable
	at TS_SMOKE_SUITE_022.run(TS_SMOKE_SUITE_022:22)
	at com.kms.katalon.core.main.ScriptEngine.run(ScriptEngine.java:194)
	at com.kms.katalon.core.main.ScriptEngine.runScriptAsRawText(ScriptEngine.java:119)
	at com.kms.katalon.core.main.TestCaseExecutor.runScript(TestCaseExecutor.java:448)
	at com.kms.katalon.core.main.TestCaseExecutor.doExecute(TestCaseExecutor.java:439)
	at com.kms.katalon.core.main.TestCaseExecutor.processExecutionPhase(TestCaseExecutor.java:418)
	at com.kms.katalon.core.main.TestCaseExecutor.accessMainPhase(TestCaseExecutor.java:410)
	at com.kms.katalon.core.main.TestCaseExecutor.execute(TestCaseExecutor.java:285)
	at com.kms.katalon.core.common.CommonExecutor.accessTestCaseMainPhase(CommonExecutor.java:65)
	at com.kms.katalon.core.main.TestSuiteExecutor.accessTestSuiteMainPhase(TestSuiteExecutor.java:148)
	at com.kms.katalon.core.main.TestSuiteExecutor.execute(TestSuiteExecutor.java:106)
	at com.kms.katalon.core.main.TestCaseMain.startTestSuite(TestCaseMain.java:187)
	at com.kms.katalon.core.main.TestCaseMain$startTestSuite$0.call(Unknown Source)
	at TempTestSuite1692673207080.run(TempTestSuite1692673207080.groovy:36)
"/>
         <system-out><![CDATA[2023-08-22 08:40:56 - [TEST_CASE][ERROR] - Test Cases/AccountManagement/TS_SMOKE_SUITE_022: Test Cases/AccountManagement/TS_SMOKE_SUITE_022 FAILED.
Reason:
groovy.lang.MissingPropertyException: No such property: LiverpoolURL for class: internal.GlobalVariable
	at TS_SMOKE_SUITE_022.run(TS_SMOKE_SUITE_022:22)
	at com.kms.katalon.core.main.ScriptEngine.run(ScriptEngine.java:194)
	at com.kms.katalon.core.main.ScriptEngine.runScriptAsRawText(ScriptEngine.java:119)
	at com.kms.katalon.core.main.TestCaseExecutor.runScript(TestCaseExecutor.java:448)
	at com.kms.katalon.core.main.TestCaseExecutor.doExecute(TestCaseExecutor.java:439)
	at com.kms.katalon.core.main.TestCaseExecutor.processExecutionPhase(TestCaseExecutor.java:418)
	at com.kms.katalon.core.main.TestCaseExecutor.accessMainPhase(TestCaseExecutor.java:410)
	at com.kms.katalon.core.main.TestCaseExecutor.execute(TestCaseExecutor.java:285)
	at com.kms.katalon.core.common.CommonExecutor.accessTestCaseMainPhase(CommonExecutor.java:65)
	at com.kms.katalon.core.main.TestSuiteExecutor.accessTestSuiteMainPhase(TestSuiteExecutor.java:148)
	at com.kms.katalon.core.main.TestSuiteExecutor.execute(TestSuiteExecutor.java:106)
	at com.kms.katalon.core.main.TestCaseMain.startTestSuite(TestCaseMain.java:187)
	at com.kms.katalon.core.main.TestCaseMain$startTestSuite$0.call(Unknown Source)
	at TempTestSuite1692673207080.run(TempTestSuite1692673207080.groovy:36)


2023-08-22 08:40:56 - [TEST_STEP][PASSED] - openBrowser(""): Browser is opened with url: ''

2023-08-22 08:40:56 - [MESSAGE][WARNING] - A browser is already opened. Closing browser and opening a new one

2023-08-22 08:40:57 - [MESSAGE][INFO] - Starting 'Chrome' driver

2023-08-22 08:40:57 - [MESSAGE][INFO] - Action delay is set to 0 milliseconds

2023-08-22 08:40:58 - [MESSAGE][PASSED] - Browser is opened with url: ''

2023-08-22 08:40:58 - [TEST_STEP][ERROR] - navigateToUrl(LiverpoolURL): Test Cases/AccountManagement/TS_SMOKE_SUITE_022 FAILED.
Reason:
groovy.lang.MissingPropertyException: No such property: LiverpoolURL for class: internal.GlobalVariable
	at TS_SMOKE_SUITE_022.run(TS_SMOKE_SUITE_022:22)
	at com.kms.katalon.core.main.ScriptEngine.run(ScriptEngine.java:194)
	at com.kms.katalon.core.main.ScriptEngine.runScriptAsRawText(ScriptEngine.java:119)
	at com.kms.katalon.core.main.TestCaseExecutor.runScript(TestCaseExecutor.java:448)
	at com.kms.katalon.core.main.TestCaseExecutor.doExecute(TestCaseExecutor.java:439)
	at com.kms.katalon.core.main.TestCaseExecutor.processExecutionPhase(TestCaseExecutor.java:418)
	at com.kms.katalon.core.main.TestCaseExecutor.accessMainPhase(TestCaseExecutor.java:410)
	at com.kms.katalon.core.main.TestCaseExecutor.execute(TestCaseExecutor.java:285)
	at com.kms.katalon.core.common.CommonExecutor.accessTestCaseMainPhase(CommonExecutor.java:65)
	at com.kms.katalon.core.main.TestSuiteExecutor.accessTestSuiteMainPhase(TestSuiteExecutor.java:148)
	at com.kms.katalon.core.main.TestSuiteExecutor.execute(TestSuiteExecutor.java:106)
	at com.kms.katalon.core.main.TestCaseMain.startTestSuite(TestCaseMain.java:187)
	at com.kms.katalon.core.main.TestCaseMain$startTestSuite$0.call(Unknown Source)
	at TempTestSuite1692673207080.run(TempTestSuite1692673207080.groovy:36)


2023-08-22 08:40:58 - [MESSAGE][ERROR] - Test Cases/AccountManagement/TS_SMOKE_SUITE_022 FAILED.
Reason:
groovy.lang.MissingPropertyException: No such property: LiverpoolURL for class: internal.GlobalVariable
	at TS_SMOKE_SUITE_022.run(TS_SMOKE_SUITE_022:22)
	at com.kms.katalon.core.main.ScriptEngine.run(ScriptEngine.java:194)
	at com.kms.katalon.core.main.ScriptEngine.runScriptAsRawText(ScriptEngine.java:119)
	at com.kms.katalon.core.main.TestCaseExecutor.runScript(TestCaseExecutor.java:448)
	at com.kms.katalon.core.main.TestCaseExecutor.doExecute(TestCaseExecutor.java:439)
	at com.kms.katalon.core.main.TestCaseExecutor.processExecutionPhase(TestCaseExecutor.java:418)
	at com.kms.katalon.core.main.TestCaseExecutor.accessMainPhase(TestCaseExecutor.java:410)
	at com.kms.katalon.core.main.TestCaseExecutor.execute(TestCaseExecutor.java:285)
	at com.kms.katalon.core.common.CommonExecutor.accessTestCaseMainPhase(CommonExecutor.java:65)
	at com.kms.katalon.core.main.TestSuiteExecutor.accessTestSuiteMainPhase(TestSuiteExecutor.java:148)
	at com.kms.katalon.core.main.TestSuiteExecutor.execute(TestSuiteExecutor.java:106)
	at com.kms.katalon.core.main.TestCaseMain.startTestSuite(TestCaseMain.java:187)
	at com.kms.katalon.core.main.TestCaseMain$startTestSuite$0.call(Unknown Source)
	at TempTestSuite1692673207080.run(TempTestSuite1692673207080.groovy:36)]]></system-out>
         <system-err><![CDATA[2023-08-22 08:40:56 - [TEST_CASE][ERROR] - Test Cases/AccountManagement/TS_SMOKE_SUITE_022: Test Cases/AccountManagement/TS_SMOKE_SUITE_022 FAILED.
Reason:
groovy.lang.MissingPropertyException: No such property: LiverpoolURL for class: internal.GlobalVariable
	at TS_SMOKE_SUITE_022.run(TS_SMOKE_SUITE_022:22)
	at com.kms.katalon.core.main.ScriptEngine.run(ScriptEngine.java:194)
	at com.kms.katalon.core.main.ScriptEngine.runScriptAsRawText(ScriptEngine.java:119)
	at com.kms.katalon.core.main.TestCaseExecutor.runScript(TestCaseExecutor.java:448)
	at com.kms.katalon.core.main.TestCaseExecutor.doExecute(TestCaseExecutor.java:439)
	at com.kms.katalon.core.main.TestCaseExecutor.processExecutionPhase(TestCaseExecutor.java:418)
	at com.kms.katalon.core.main.TestCaseExecutor.accessMainPhase(TestCaseExecutor.java:410)
	at com.kms.katalon.core.main.TestCaseExecutor.execute(TestCaseExecutor.java:285)
	at com.kms.katalon.core.common.CommonExecutor.accessTestCaseMainPhase(CommonExecutor.java:65)
	at com.kms.katalon.core.main.TestSuiteExecutor.accessTestSuiteMainPhase(TestSuiteExecutor.java:148)
	at com.kms.katalon.core.main.TestSuiteExecutor.execute(TestSuiteExecutor.java:106)
	at com.kms.katalon.core.main.TestCaseMain.startTestSuite(TestCaseMain.java:187)
	at com.kms.katalon.core.main.TestCaseMain$startTestSuite$0.call(Unknown Source)
	at TempTestSuite1692673207080.run(TempTestSuite1692673207080.groovy:36)]]></system-err>
      </testcase>
      <testcase name="Test Cases/AccountManagement/TS_SMOKE_SUITE_023" time="2.524" classname="Test Cases/AccountManagement/TS_SMOKE_SUITE_023" status="ERROR">
         <error type="ERROR" message="Test Cases/AccountManagement/TS_SMOKE_SUITE_023 FAILED.
Reason:
groovy.lang.MissingPropertyException: No such property: LiverpoolURL for class: internal.GlobalVariable
	at TS_SMOKE_SUITE_023.run(TS_SMOKE_SUITE_023:23)
	at com.kms.katalon.core.main.ScriptEngine.run(ScriptEngine.java:194)
	at com.kms.katalon.core.main.ScriptEngine.runScriptAsRawText(ScriptEngine.java:119)
	at com.kms.katalon.core.main.TestCaseExecutor.runScript(TestCaseExecutor.java:448)
	at com.kms.katalon.core.main.TestCaseExecutor.doExecute(TestCaseExecutor.java:439)
	at com.kms.katalon.core.main.TestCaseExecutor.processExecutionPhase(TestCaseExecutor.java:418)
	at com.kms.katalon.core.main.TestCaseExecutor.accessMainPhase(TestCaseExecutor.java:410)
	at com.kms.katalon.core.main.TestCaseExecutor.execute(TestCaseExecutor.java:285)
	at com.kms.katalon.core.common.CommonExecutor.accessTestCaseMainPhase(CommonExecutor.java:65)
	at com.kms.katalon.core.main.TestSuiteExecutor.accessTestSuiteMainPhase(TestSuiteExecutor.java:148)
	at com.kms.katalon.core.main.TestSuiteExecutor.execute(TestSuiteExecutor.java:106)
	at com.kms.katalon.core.main.TestCaseMain.startTestSuite(TestCaseMain.java:187)
	at com.kms.katalon.core.main.TestCaseMain$startTestSuite$0.call(Unknown Source)
	at TempTestSuite1692673207080.run(TempTestSuite1692673207080.groovy:36)
"/>
         <system-out><![CDATA[2023-08-22 08:40:58 - [TEST_CASE][ERROR] - Test Cases/AccountManagement/TS_SMOKE_SUITE_023: Test Cases/AccountManagement/TS_SMOKE_SUITE_023 FAILED.
Reason:
groovy.lang.MissingPropertyException: No such property: LiverpoolURL for class: internal.GlobalVariable
	at TS_SMOKE_SUITE_023.run(TS_SMOKE_SUITE_023:23)
	at com.kms.katalon.core.main.ScriptEngine.run(ScriptEngine.java:194)
	at com.kms.katalon.core.main.ScriptEngine.runScriptAsRawText(ScriptEngine.java:119)
	at com.kms.katalon.core.main.TestCaseExecutor.runScript(TestCaseExecutor.java:448)
	at com.kms.katalon.core.main.TestCaseExecutor.doExecute(TestCaseExecutor.java:439)
	at com.kms.katalon.core.main.TestCaseExecutor.processExecutionPhase(TestCaseExecutor.java:418)
	at com.kms.katalon.core.main.TestCaseExecutor.accessMainPhase(TestCaseExecutor.java:410)
	at com.kms.katalon.core.main.TestCaseExecutor.execute(TestCaseExecutor.java:285)
	at com.kms.katalon.core.common.CommonExecutor.accessTestCaseMainPhase(CommonExecutor.java:65)
	at com.kms.katalon.core.main.TestSuiteExecutor.accessTestSuiteMainPhase(TestSuiteExecutor.java:148)
	at com.kms.katalon.core.main.TestSuiteExecutor.execute(TestSuiteExecutor.java:106)
	at com.kms.katalon.core.main.TestCaseMain.startTestSuite(TestCaseMain.java:187)
	at com.kms.katalon.core.main.TestCaseMain$startTestSuite$0.call(Unknown Source)
	at TempTestSuite1692673207080.run(TempTestSuite1692673207080.groovy:36)


2023-08-22 08:40:59 - [TEST_STEP][PASSED] - openBrowser(""): Browser is opened with url: ''

2023-08-22 08:40:59 - [MESSAGE][WARNING] - A browser is already opened. Closing browser and opening a new one

2023-08-22 08:41:00 - [MESSAGE][INFO] - Starting 'Chrome' driver

2023-08-22 08:41:00 - [MESSAGE][INFO] - Action delay is set to 0 milliseconds

2023-08-22 08:41:01 - [MESSAGE][PASSED] - Browser is opened with url: ''

2023-08-22 08:41:01 - [TEST_STEP][ERROR] - navigateToUrl(LiverpoolURL): Test Cases/AccountManagement/TS_SMOKE_SUITE_023 FAILED.
Reason:
groovy.lang.MissingPropertyException: No such property: LiverpoolURL for class: internal.GlobalVariable
	at TS_SMOKE_SUITE_023.run(TS_SMOKE_SUITE_023:23)
	at com.kms.katalon.core.main.ScriptEngine.run(ScriptEngine.java:194)
	at com.kms.katalon.core.main.ScriptEngine.runScriptAsRawText(ScriptEngine.java:119)
	at com.kms.katalon.core.main.TestCaseExecutor.runScript(TestCaseExecutor.java:448)
	at com.kms.katalon.core.main.TestCaseExecutor.doExecute(TestCaseExecutor.java:439)
	at com.kms.katalon.core.main.TestCaseExecutor.processExecutionPhase(TestCaseExecutor.java:418)
	at com.kms.katalon.core.main.TestCaseExecutor.accessMainPhase(TestCaseExecutor.java:410)
	at com.kms.katalon.core.main.TestCaseExecutor.execute(TestCaseExecutor.java:285)
	at com.kms.katalon.core.common.CommonExecutor.accessTestCaseMainPhase(CommonExecutor.java:65)
	at com.kms.katalon.core.main.TestSuiteExecutor.accessTestSuiteMainPhase(TestSuiteExecutor.java:148)
	at com.kms.katalon.core.main.TestSuiteExecutor.execute(TestSuiteExecutor.java:106)
	at com.kms.katalon.core.main.TestCaseMain.startTestSuite(TestCaseMain.java:187)
	at com.kms.katalon.core.main.TestCaseMain$startTestSuite$0.call(Unknown Source)
	at TempTestSuite1692673207080.run(TempTestSuite1692673207080.groovy:36)


2023-08-22 08:41:01 - [MESSAGE][ERROR] - Test Cases/AccountManagement/TS_SMOKE_SUITE_023 FAILED.
Reason:
groovy.lang.MissingPropertyException: No such property: LiverpoolURL for class: internal.GlobalVariable
	at TS_SMOKE_SUITE_023.run(TS_SMOKE_SUITE_023:23)
	at com.kms.katalon.core.main.ScriptEngine.run(ScriptEngine.java:194)
	at com.kms.katalon.core.main.ScriptEngine.runScriptAsRawText(ScriptEngine.java:119)
	at com.kms.katalon.core.main.TestCaseExecutor.runScript(TestCaseExecutor.java:448)
	at com.kms.katalon.core.main.TestCaseExecutor.doExecute(TestCaseExecutor.java:439)
	at com.kms.katalon.core.main.TestCaseExecutor.processExecutionPhase(TestCaseExecutor.java:418)
	at com.kms.katalon.core.main.TestCaseExecutor.accessMainPhase(TestCaseExecutor.java:410)
	at com.kms.katalon.core.main.TestCaseExecutor.execute(TestCaseExecutor.java:285)
	at com.kms.katalon.core.common.CommonExecutor.accessTestCaseMainPhase(CommonExecutor.java:65)
	at com.kms.katalon.core.main.TestSuiteExecutor.accessTestSuiteMainPhase(TestSuiteExecutor.java:148)
	at com.kms.katalon.core.main.TestSuiteExecutor.execute(TestSuiteExecutor.java:106)
	at com.kms.katalon.core.main.TestCaseMain.startTestSuite(TestCaseMain.java:187)
	at com.kms.katalon.core.main.TestCaseMain$startTestSuite$0.call(Unknown Source)
	at TempTestSuite1692673207080.run(TempTestSuite1692673207080.groovy:36)]]></system-out>
         <system-err><![CDATA[2023-08-22 08:40:58 - [TEST_CASE][ERROR] - Test Cases/AccountManagement/TS_SMOKE_SUITE_023: Test Cases/AccountManagement/TS_SMOKE_SUITE_023 FAILED.
Reason:
groovy.lang.MissingPropertyException: No such property: LiverpoolURL for class: internal.GlobalVariable
	at TS_SMOKE_SUITE_023.run(TS_SMOKE_SUITE_023:23)
	at com.kms.katalon.core.main.ScriptEngine.run(ScriptEngine.java:194)
	at com.kms.katalon.core.main.ScriptEngine.runScriptAsRawText(ScriptEngine.java:119)
	at com.kms.katalon.core.main.TestCaseExecutor.runScript(TestCaseExecutor.java:448)
	at com.kms.katalon.core.main.TestCaseExecutor.doExecute(TestCaseExecutor.java:439)
	at com.kms.katalon.core.main.TestCaseExecutor.processExecutionPhase(TestCaseExecutor.java:418)
	at com.kms.katalon.core.main.TestCaseExecutor.accessMainPhase(TestCaseExecutor.java:410)
	at com.kms.katalon.core.main.TestCaseExecutor.execute(TestCaseExecutor.java:285)
	at com.kms.katalon.core.common.CommonExecutor.accessTestCaseMainPhase(CommonExecutor.java:65)
	at com.kms.katalon.core.main.TestSuiteExecutor.accessTestSuiteMainPhase(TestSuiteExecutor.java:148)
	at com.kms.katalon.core.main.TestSuiteExecutor.execute(TestSuiteExecutor.java:106)
	at com.kms.katalon.core.main.TestCaseMain.startTestSuite(TestCaseMain.java:187)
	at com.kms.katalon.core.main.TestCaseMain$startTestSuite$0.call(Unknown Source)
	at TempTestSuite1692673207080.run(TempTestSuite1692673207080.groovy:36)]]></system-err>
      </testcase>
      <testcase name="Test Cases/AccountManagement/TS_SMOKE_SUITE_024" time="2.392" classname="Test Cases/AccountManagement/TS_SMOKE_SUITE_024" status="ERROR">
         <error type="ERROR" message="Test Cases/AccountManagement/TS_SMOKE_SUITE_024 FAILED.
Reason:
groovy.lang.MissingPropertyException: No such property: LiverpoolURL for class: internal.GlobalVariable
	at TS_SMOKE_SUITE_024.run(TS_SMOKE_SUITE_024:23)
	at com.kms.katalon.core.main.ScriptEngine.run(ScriptEngine.java:194)
	at com.kms.katalon.core.main.ScriptEngine.runScriptAsRawText(ScriptEngine.java:119)
	at com.kms.katalon.core.main.TestCaseExecutor.runScript(TestCaseExecutor.java:448)
	at com.kms.katalon.core.main.TestCaseExecutor.doExecute(TestCaseExecutor.java:439)
	at com.kms.katalon.core.main.TestCaseExecutor.processExecutionPhase(TestCaseExecutor.java:418)
	at com.kms.katalon.core.main.TestCaseExecutor.accessMainPhase(TestCaseExecutor.java:410)
	at com.kms.katalon.core.main.TestCaseExecutor.execute(TestCaseExecutor.java:285)
	at com.kms.katalon.core.common.CommonExecutor.accessTestCaseMainPhase(CommonExecutor.java:65)
	at com.kms.katalon.core.main.TestSuiteExecutor.accessTestSuiteMainPhase(TestSuiteExecutor.java:148)
	at com.kms.katalon.core.main.TestSuiteExecutor.execute(TestSuiteExecutor.java:106)
	at com.kms.katalon.core.main.TestCaseMain.startTestSuite(TestCaseMain.java:187)
	at com.kms.katalon.core.main.TestCaseMain$startTestSuite$0.call(Unknown Source)
	at TempTestSuite1692673207080.run(TempTestSuite1692673207080.groovy:36)
"/>
         <system-out><![CDATA[2023-08-22 08:41:01 - [TEST_CASE][ERROR] - Test Cases/AccountManagement/TS_SMOKE_SUITE_024: Test Cases/AccountManagement/TS_SMOKE_SUITE_024 FAILED.
Reason:
groovy.lang.MissingPropertyException: No such property: LiverpoolURL for class: internal.GlobalVariable
	at TS_SMOKE_SUITE_024.run(TS_SMOKE_SUITE_024:23)
	at com.kms.katalon.core.main.ScriptEngine.run(ScriptEngine.java:194)
	at com.kms.katalon.core.main.ScriptEngine.runScriptAsRawText(ScriptEngine.java:119)
	at com.kms.katalon.core.main.TestCaseExecutor.runScript(TestCaseExecutor.java:448)
	at com.kms.katalon.core.main.TestCaseExecutor.doExecute(TestCaseExecutor.java:439)
	at com.kms.katalon.core.main.TestCaseExecutor.processExecutionPhase(TestCaseExecutor.java:418)
	at com.kms.katalon.core.main.TestCaseExecutor.accessMainPhase(TestCaseExecutor.java:410)
	at com.kms.katalon.core.main.TestCaseExecutor.execute(TestCaseExecutor.java:285)
	at com.kms.katalon.core.common.CommonExecutor.accessTestCaseMainPhase(CommonExecutor.java:65)
	at com.kms.katalon.core.main.TestSuiteExecutor.accessTestSuiteMainPhase(TestSuiteExecutor.java:148)
	at com.kms.katalon.core.main.TestSuiteExecutor.execute(TestSuiteExecutor.java:106)
	at com.kms.katalon.core.main.TestCaseMain.startTestSuite(TestCaseMain.java:187)
	at com.kms.katalon.core.main.TestCaseMain$startTestSuite$0.call(Unknown Source)
	at TempTestSuite1692673207080.run(TempTestSuite1692673207080.groovy:36)


2023-08-22 08:41:01 - [TEST_STEP][PASSED] - openBrowser(""): Browser is opened with url: ''

2023-08-22 08:41:01 - [MESSAGE][WARNING] - A browser is already opened. Closing browser and opening a new one

2023-08-22 08:41:02 - [MESSAGE][INFO] - Starting 'Chrome' driver

2023-08-22 08:41:02 - [MESSAGE][INFO] - Action delay is set to 0 milliseconds

2023-08-22 08:41:03 - [MESSAGE][PASSED] - Browser is opened with url: ''

2023-08-22 08:41:03 - [TEST_STEP][ERROR] - navigateToUrl(LiverpoolURL): Test Cases/AccountManagement/TS_SMOKE_SUITE_024 FAILED.
Reason:
groovy.lang.MissingPropertyException: No such property: LiverpoolURL for class: internal.GlobalVariable
	at TS_SMOKE_SUITE_024.run(TS_SMOKE_SUITE_024:23)
	at com.kms.katalon.core.main.ScriptEngine.run(ScriptEngine.java:194)
	at com.kms.katalon.core.main.ScriptEngine.runScriptAsRawText(ScriptEngine.java:119)
	at com.kms.katalon.core.main.TestCaseExecutor.runScript(TestCaseExecutor.java:448)
	at com.kms.katalon.core.main.TestCaseExecutor.doExecute(TestCaseExecutor.java:439)
	at com.kms.katalon.core.main.TestCaseExecutor.processExecutionPhase(TestCaseExecutor.java:418)
	at com.kms.katalon.core.main.TestCaseExecutor.accessMainPhase(TestCaseExecutor.java:410)
	at com.kms.katalon.core.main.TestCaseExecutor.execute(TestCaseExecutor.java:285)
	at com.kms.katalon.core.common.CommonExecutor.accessTestCaseMainPhase(CommonExecutor.java:65)
	at com.kms.katalon.core.main.TestSuiteExecutor.accessTestSuiteMainPhase(TestSuiteExecutor.java:148)
	at com.kms.katalon.core.main.TestSuiteExecutor.execute(TestSuiteExecutor.java:106)
	at com.kms.katalon.core.main.TestCaseMain.startTestSuite(TestCaseMain.java:187)
	at com.kms.katalon.core.main.TestCaseMain$startTestSuite$0.call(Unknown Source)
	at TempTestSuite1692673207080.run(TempTestSuite1692673207080.groovy:36)


2023-08-22 08:41:03 - [MESSAGE][ERROR] - Test Cases/AccountManagement/TS_SMOKE_SUITE_024 FAILED.
Reason:
groovy.lang.MissingPropertyException: No such property: LiverpoolURL for class: internal.GlobalVariable
	at TS_SMOKE_SUITE_024.run(TS_SMOKE_SUITE_024:23)
	at com.kms.katalon.core.main.ScriptEngine.run(ScriptEngine.java:194)
	at com.kms.katalon.core.main.ScriptEngine.runScriptAsRawText(ScriptEngine.java:119)
	at com.kms.katalon.core.main.TestCaseExecutor.runScript(TestCaseExecutor.java:448)
	at com.kms.katalon.core.main.TestCaseExecutor.doExecute(TestCaseExecutor.java:439)
	at com.kms.katalon.core.main.TestCaseExecutor.processExecutionPhase(TestCaseExecutor.java:418)
	at com.kms.katalon.core.main.TestCaseExecutor.accessMainPhase(TestCaseExecutor.java:410)
	at com.kms.katalon.core.main.TestCaseExecutor.execute(TestCaseExecutor.java:285)
	at com.kms.katalon.core.common.CommonExecutor.accessTestCaseMainPhase(CommonExecutor.java:65)
	at com.kms.katalon.core.main.TestSuiteExecutor.accessTestSuiteMainPhase(TestSuiteExecutor.java:148)
	at com.kms.katalon.core.main.TestSuiteExecutor.execute(TestSuiteExecutor.java:106)
	at com.kms.katalon.core.main.TestCaseMain.startTestSuite(TestCaseMain.java:187)
	at com.kms.katalon.core.main.TestCaseMain$startTestSuite$0.call(Unknown Source)
	at TempTestSuite1692673207080.run(TempTestSuite1692673207080.groovy:36)]]></system-out>
         <system-err><![CDATA[2023-08-22 08:41:01 - [TEST_CASE][ERROR] - Test Cases/AccountManagement/TS_SMOKE_SUITE_024: Test Cases/AccountManagement/TS_SMOKE_SUITE_024 FAILED.
Reason:
groovy.lang.MissingPropertyException: No such property: LiverpoolURL for class: internal.GlobalVariable
	at TS_SMOKE_SUITE_024.run(TS_SMOKE_SUITE_024:23)
	at com.kms.katalon.core.main.ScriptEngine.run(ScriptEngine.java:194)
	at com.kms.katalon.core.main.ScriptEngine.runScriptAsRawText(ScriptEngine.java:119)
	at com.kms.katalon.core.main.TestCaseExecutor.runScript(TestCaseExecutor.java:448)
	at com.kms.katalon.core.main.TestCaseExecutor.doExecute(TestCaseExecutor.java:439)
	at com.kms.katalon.core.main.TestCaseExecutor.processExecutionPhase(TestCaseExecutor.java:418)
	at com.kms.katalon.core.main.TestCaseExecutor.accessMainPhase(TestCaseExecutor.java:410)
	at com.kms.katalon.core.main.TestCaseExecutor.execute(TestCaseExecutor.java:285)
	at com.kms.katalon.core.common.CommonExecutor.accessTestCaseMainPhase(CommonExecutor.java:65)
	at com.kms.katalon.core.main.TestSuiteExecutor.accessTestSuiteMainPhase(TestSuiteExecutor.java:148)
	at com.kms.katalon.core.main.TestSuiteExecutor.execute(TestSuiteExecutor.java:106)
	at com.kms.katalon.core.main.TestCaseMain.startTestSuite(TestCaseMain.java:187)
	at com.kms.katalon.core.main.TestCaseMain$startTestSuite$0.call(Unknown Source)
	at TempTestSuite1692673207080.run(TempTestSuite1692673207080.groovy:36)]]></system-err>
      </testcase>
      <testcase name="Test Cases/AccountManagement/TS_SMOKE_SUITE_025" time="2.462" classname="Test Cases/AccountManagement/TS_SMOKE_SUITE_025" status="ERROR">
         <error type="ERROR" message="Test Cases/AccountManagement/TS_SMOKE_SUITE_025 FAILED.
Reason:
groovy.lang.MissingPropertyException: No such property: LiverpoolURL for class: internal.GlobalVariable
	at TS_SMOKE_SUITE_025.run(TS_SMOKE_SUITE_025:22)
	at com.kms.katalon.core.main.ScriptEngine.run(ScriptEngine.java:194)
	at com.kms.katalon.core.main.ScriptEngine.runScriptAsRawText(ScriptEngine.java:119)
	at com.kms.katalon.core.main.TestCaseExecutor.runScript(TestCaseExecutor.java:448)
	at com.kms.katalon.core.main.TestCaseExecutor.doExecute(TestCaseExecutor.java:439)
	at com.kms.katalon.core.main.TestCaseExecutor.processExecutionPhase(TestCaseExecutor.java:418)
	at com.kms.katalon.core.main.TestCaseExecutor.accessMainPhase(TestCaseExecutor.java:410)
	at com.kms.katalon.core.main.TestCaseExecutor.execute(TestCaseExecutor.java:285)
	at com.kms.katalon.core.common.CommonExecutor.accessTestCaseMainPhase(CommonExecutor.java:65)
	at com.kms.katalon.core.main.TestSuiteExecutor.accessTestSuiteMainPhase(TestSuiteExecutor.java:148)
	at com.kms.katalon.core.main.TestSuiteExecutor.execute(TestSuiteExecutor.java:106)
	at com.kms.katalon.core.main.TestCaseMain.startTestSuite(TestCaseMain.java:187)
	at com.kms.katalon.core.main.TestCaseMain$startTestSuite$0.call(Unknown Source)
	at TempTestSuite1692673207080.run(TempTestSuite1692673207080.groovy:36)
"/>
         <system-out><![CDATA[2023-08-22 08:41:03 - [TEST_CASE][ERROR] - Test Cases/AccountManagement/TS_SMOKE_SUITE_025: Test Cases/AccountManagement/TS_SMOKE_SUITE_025 FAILED.
Reason:
groovy.lang.MissingPropertyException: No such property: LiverpoolURL for class: internal.GlobalVariable
	at TS_SMOKE_SUITE_025.run(TS_SMOKE_SUITE_025:22)
	at com.kms.katalon.core.main.ScriptEngine.run(ScriptEngine.java:194)
	at com.kms.katalon.core.main.ScriptEngine.runScriptAsRawText(ScriptEngine.java:119)
	at com.kms.katalon.core.main.TestCaseExecutor.runScript(TestCaseExecutor.java:448)
	at com.kms.katalon.core.main.TestCaseExecutor.doExecute(TestCaseExecutor.java:439)
	at com.kms.katalon.core.main.TestCaseExecutor.processExecutionPhase(TestCaseExecutor.java:418)
	at com.kms.katalon.core.main.TestCaseExecutor.accessMainPhase(TestCaseExecutor.java:410)
	at com.kms.katalon.core.main.TestCaseExecutor.execute(TestCaseExecutor.java:285)
	at com.kms.katalon.core.common.CommonExecutor.accessTestCaseMainPhase(CommonExecutor.java:65)
	at com.kms.katalon.core.main.TestSuiteExecutor.accessTestSuiteMainPhase(TestSuiteExecutor.java:148)
	at com.kms.katalon.core.main.TestSuiteExecutor.execute(TestSuiteExecutor.java:106)
	at com.kms.katalon.core.main.TestCaseMain.startTestSuite(TestCaseMain.java:187)
	at com.kms.katalon.core.main.TestCaseMain$startTestSuite$0.call(Unknown Source)
	at TempTestSuite1692673207080.run(TempTestSuite1692673207080.groovy:36)


2023-08-22 08:41:04 - [TEST_STEP][PASSED] - openBrowser(""): Browser is opened with url: ''

2023-08-22 08:41:04 - [MESSAGE][WARNING] - A browser is already opened. Closing browser and opening a new one

2023-08-22 08:41:04 - [MESSAGE][INFO] - Starting 'Chrome' driver

2023-08-22 08:41:04 - [MESSAGE][INFO] - Action delay is set to 0 milliseconds

2023-08-22 08:41:06 - [MESSAGE][PASSED] - Browser is opened with url: ''

2023-08-22 08:41:06 - [TEST_STEP][ERROR] - navigateToUrl(LiverpoolURL): Test Cases/AccountManagement/TS_SMOKE_SUITE_025 FAILED.
Reason:
groovy.lang.MissingPropertyException: No such property: LiverpoolURL for class: internal.GlobalVariable
	at TS_SMOKE_SUITE_025.run(TS_SMOKE_SUITE_025:22)
	at com.kms.katalon.core.main.ScriptEngine.run(ScriptEngine.java:194)
	at com.kms.katalon.core.main.ScriptEngine.runScriptAsRawText(ScriptEngine.java:119)
	at com.kms.katalon.core.main.TestCaseExecutor.runScript(TestCaseExecutor.java:448)
	at com.kms.katalon.core.main.TestCaseExecutor.doExecute(TestCaseExecutor.java:439)
	at com.kms.katalon.core.main.TestCaseExecutor.processExecutionPhase(TestCaseExecutor.java:418)
	at com.kms.katalon.core.main.TestCaseExecutor.accessMainPhase(TestCaseExecutor.java:410)
	at com.kms.katalon.core.main.TestCaseExecutor.execute(TestCaseExecutor.java:285)
	at com.kms.katalon.core.common.CommonExecutor.accessTestCaseMainPhase(CommonExecutor.java:65)
	at com.kms.katalon.core.main.TestSuiteExecutor.accessTestSuiteMainPhase(TestSuiteExecutor.java:148)
	at com.kms.katalon.core.main.TestSuiteExecutor.execute(TestSuiteExecutor.java:106)
	at com.kms.katalon.core.main.TestCaseMain.startTestSuite(TestCaseMain.java:187)
	at com.kms.katalon.core.main.TestCaseMain$startTestSuite$0.call(Unknown Source)
	at TempTestSuite1692673207080.run(TempTestSuite1692673207080.groovy:36)


2023-08-22 08:41:06 - [MESSAGE][ERROR] - Test Cases/AccountManagement/TS_SMOKE_SUITE_025 FAILED.
Reason:
groovy.lang.MissingPropertyException: No such property: LiverpoolURL for class: internal.GlobalVariable
	at TS_SMOKE_SUITE_025.run(TS_SMOKE_SUITE_025:22)
	at com.kms.katalon.core.main.ScriptEngine.run(ScriptEngine.java:194)
	at com.kms.katalon.core.main.ScriptEngine.runScriptAsRawText(ScriptEngine.java:119)
	at com.kms.katalon.core.main.TestCaseExecutor.runScript(TestCaseExecutor.java:448)
	at com.kms.katalon.core.main.TestCaseExecutor.doExecute(TestCaseExecutor.java:439)
	at com.kms.katalon.core.main.TestCaseExecutor.processExecutionPhase(TestCaseExecutor.java:418)
	at com.kms.katalon.core.main.TestCaseExecutor.accessMainPhase(TestCaseExecutor.java:410)
	at com.kms.katalon.core.main.TestCaseExecutor.execute(TestCaseExecutor.java:285)
	at com.kms.katalon.core.common.CommonExecutor.accessTestCaseMainPhase(CommonExecutor.java:65)
	at com.kms.katalon.core.main.TestSuiteExecutor.accessTestSuiteMainPhase(TestSuiteExecutor.java:148)
	at com.kms.katalon.core.main.TestSuiteExecutor.execute(TestSuiteExecutor.java:106)
	at com.kms.katalon.core.main.TestCaseMain.startTestSuite(TestCaseMain.java:187)
	at com.kms.katalon.core.main.TestCaseMain$startTestSuite$0.call(Unknown Source)
	at TempTestSuite1692673207080.run(TempTestSuite1692673207080.groovy:36)]]></system-out>
         <system-err><![CDATA[2023-08-22 08:41:03 - [TEST_CASE][ERROR] - Test Cases/AccountManagement/TS_SMOKE_SUITE_025: Test Cases/AccountManagement/TS_SMOKE_SUITE_025 FAILED.
Reason:
groovy.lang.MissingPropertyException: No such property: LiverpoolURL for class: internal.GlobalVariable
	at TS_SMOKE_SUITE_025.run(TS_SMOKE_SUITE_025:22)
	at com.kms.katalon.core.main.ScriptEngine.run(ScriptEngine.java:194)
	at com.kms.katalon.core.main.ScriptEngine.runScriptAsRawText(ScriptEngine.java:119)
	at com.kms.katalon.core.main.TestCaseExecutor.runScript(TestCaseExecutor.java:448)
	at com.kms.katalon.core.main.TestCaseExecutor.doExecute(TestCaseExecutor.java:439)
	at com.kms.katalon.core.main.TestCaseExecutor.processExecutionPhase(TestCaseExecutor.java:418)
	at com.kms.katalon.core.main.TestCaseExecutor.accessMainPhase(TestCaseExecutor.java:410)
	at com.kms.katalon.core.main.TestCaseExecutor.execute(TestCaseExecutor.java:285)
	at com.kms.katalon.core.common.CommonExecutor.accessTestCaseMainPhase(CommonExecutor.java:65)
	at com.kms.katalon.core.main.TestSuiteExecutor.accessTestSuiteMainPhase(TestSuiteExecutor.java:148)
	at com.kms.katalon.core.main.TestSuiteExecutor.execute(TestSuiteExecutor.java:106)
	at com.kms.katalon.core.main.TestCaseMain.startTestSuite(TestCaseMain.java:187)
	at com.kms.katalon.core.main.TestCaseMain$startTestSuite$0.call(Unknown Source)
	at TempTestSuite1692673207080.run(TempTestSuite1692673207080.groovy:36)]]></system-err>
      </testcase>
      <testcase name="Test Cases/Browse and Shop/TS_SMOKE_SUITE_039" time="87.382" classname="Test Cases/Browse and Shop/TS_SMOKE_SUITE_039" status="PASSED">
         <system-out><![CDATA[2023-08-22 08:41:06 - [TEST_CASE][PASSED] - Test Cases/Browse and Shop/TS_SMOKE_SUITE_039: Test Cases/Browse and Shop/TS_SMOKE_SUITE_039

2023-08-22 08:41:06 - [TEST_STEP][PASSED] - openBrowser(""): Browser is opened with url: ''

2023-08-22 08:41:06 - [MESSAGE][WARNING] - A browser is already opened. Closing browser and opening a new one

2023-08-22 08:41:07 - [MESSAGE][INFO] - Starting 'Chrome' driver

2023-08-22 08:41:07 - [MESSAGE][INFO] - Action delay is set to 0 milliseconds

2023-08-22 08:41:08 - [MESSAGE][PASSED] - Browser is opened with url: ''

2023-08-22 08:41:08 - [TEST_STEP][PASSED] - navigateToUrl(URL): Navigate to 'https://odtaqaa.liverpool.com.mx/tienda/home' successfully

2023-08-22 08:42:03 - [MESSAGE][PASSED] - Navigate to 'https://odtaqaa.liverpool.com.mx/tienda/home' successfully

2023-08-22 08:42:03 - [TEST_STEP][PASSED] - maximizeWindow(): Current window maximized

2023-08-22 08:42:03 - [MESSAGE][PASSED] - Current window maximized

2023-08-22 08:42:03 - [TEST_STEP][PASSED] - mouseOver(findTestObject("HomePage/Departamentos"), STOP_ON_FAILURE): Object: 'Object Repository/HomePage/Departamentos' is hovered

2023-08-22 08:42:04 - [MESSAGE][PASSED] - Object: 'Object Repository/HomePage/Departamentos' is hovered

2023-08-22 08:42:04 - [TEST_STEP][PASSED] - click(findTestObject("HomePage/L1_Category1_HP"), STOP_ON_FAILURE): Object: 'Object Repository/HomePage/L1_Category1_HP' is clicked on

2023-08-22 08:42:04 - [MESSAGE][PASSED] - Object: 'Object Repository/HomePage/L1_Category1_HP' is clicked on

2023-08-22 08:42:04 - [TEST_STEP][PASSED] - verifyElementClickable(findTestObject("CLPPage/breadCrumb_clp")): Object 'Object Repository/CLPPage/breadCrumb_clp' is clickable

2023-08-22 08:42:32 - [MESSAGE][PASSED] - Object 'Object Repository/CLPPage/breadCrumb_clp' is clickable

2023-08-22 08:42:32 - [TEST_STEP][PASSED] - closeBrowser(): Browser is closed

2023-08-22 08:42:33 - [MESSAGE][PASSED] - Browser is closed

2023-08-22 08:42:33 - [TEST_STEP][PASSED] - closeBrowser(): Browser is closed

2023-08-22 08:42:33 - [MESSAGE][PASSED] - Browser is closed]]></system-out>
         <system-err><![CDATA[]]></system-err>
      </testcase>
      <testcase name="Test Cases/Browse and Shop/TS_SMOKE_SUITE_047" time="72.057" classname="Test Cases/Browse and Shop/TS_SMOKE_SUITE_047" status="PASSED">
         <system-out><![CDATA[2023-08-22 08:42:33 - [TEST_CASE][PASSED] - Test Cases/Browse and Shop/TS_SMOKE_SUITE_047: Test Cases/Browse and Shop/TS_SMOKE_SUITE_047

2023-08-22 08:42:33 - [TEST_STEP][PASSED] - openBrowser(""): Browser is opened with url: ''

2023-08-22 08:42:33 - [MESSAGE][INFO] - Starting 'Chrome' driver

2023-08-22 08:42:33 - [MESSAGE][INFO] - Action delay is set to 0 milliseconds

2023-08-22 08:42:35 - [MESSAGE][PASSED] - Browser is opened with url: ''

2023-08-22 08:42:35 - [TEST_STEP][PASSED] - navigateToUrl(URL): Navigate to 'https://odtaqaa.liverpool.com.mx/tienda/home' successfully

2023-08-22 08:43:19 - [MESSAGE][PASSED] - Navigate to 'https://odtaqaa.liverpool.com.mx/tienda/home' successfully

2023-08-22 08:43:19 - [TEST_STEP][PASSED] - maximizeWindow(): Current window maximized

2023-08-22 08:43:19 - [MESSAGE][PASSED] - Current window maximized

2023-08-22 08:43:19 - [TEST_STEP][PASSED] - mouseOver(findTestObject("HomePage/Departamentos"), STOP_ON_FAILURE): Object: 'Object Repository/HomePage/Departamentos' is hovered

2023-08-22 08:43:20 - [MESSAGE][PASSED] - Object: 'Object Repository/HomePage/Departamentos' is hovered

2023-08-22 08:43:20 - [TEST_STEP][PASSED] - click(findTestObject("HomePage/L1_Category1_HP"), STOP_ON_FAILURE): Object: 'Object Repository/HomePage/L1_Category1_HP' is clicked on

2023-08-22 08:43:21 - [MESSAGE][PASSED] - Object: 'Object Repository/HomePage/L1_Category1_HP' is clicked on

2023-08-22 08:43:21 - [TEST_STEP][PASSED] - click(findTestObject("CLPPage/SubCategory2_leftmenu_CLP"), STOP_ON_FAILURE): Object: 'Object Repository/CLPPage/SubCategory2_leftmenu_CLP' is clicked on

2023-08-22 08:43:30 - [MESSAGE][PASSED] - Object: 'Object Repository/CLPPage/SubCategory2_leftmenu_CLP' is clicked on

2023-08-22 08:43:30 - [TEST_STEP][PASSED] - click(findTestObject("CLPPage/SubCategory1_leftmenu_CLP"), STOP_ON_FAILURE): Object: 'Object Repository/CLPPage/SubCategory1_leftmenu_CLP' is clicked on

2023-08-22 08:43:33 - [MESSAGE][PASSED] - Object: 'Object Repository/CLPPage/SubCategory1_leftmenu_CLP' is clicked on

2023-08-22 08:43:33 - [TEST_STEP][PASSED] - verifyElementClickable(findTestObject("CLPPage/breadCrumb_clp")): Object 'Object Repository/CLPPage/breadCrumb_clp' is clickable

2023-08-22 08:43:42 - [MESSAGE][PASSED] - Object 'Object Repository/CLPPage/breadCrumb_clp' is clickable

2023-08-22 08:43:42 - [TEST_STEP][PASSED] - verifyElementPresent(findTestObject("PLPPage/facetes/CategoríasTitleFacet_PLP"), 0): Object 'Object Repository/PLPPage/facetes/CategoríasTitleFacet_PLP' is present

2023-08-22 08:43:42 - [MESSAGE][WARNING] - Timeout '0' is invalid. Using default page load timeout: '30'

2023-08-22 08:43:42 - [MESSAGE][PASSED] - Object 'Object Repository/PLPPage/facetes/CategoríasTitleFacet_PLP' is present

2023-08-22 08:43:42 - [TEST_STEP][PASSED] - verifyElementPresent(findTestObject("PLPPage/facetes/DescontousTitleFacet_PLP"), 0): Object 'Object Repository/PLPPage/facetes/DescontousTitleFacet_PLP' is present

2023-08-22 08:43:42 - [MESSAGE][WARNING] - Timeout '0' is invalid. Using default page load timeout: '30'

2023-08-22 08:43:43 - [MESSAGE][PASSED] - Object 'Object Repository/PLPPage/facetes/DescontousTitleFacet_PLP' is present

2023-08-22 08:43:43 - [TEST_STEP][PASSED] - verifyElementPresent(findTestObject("PLPPage/facetes/TamanoTitleFacet_PLP"), 0): Object 'Object Repository/PLPPage/facetes/TamanoTitleFacet_PLP' is present

2023-08-22 08:43:43 - [MESSAGE][WARNING] - Timeout '0' is invalid. Using default page load timeout: '30'

2023-08-22 08:43:43 - [MESSAGE][PASSED] - Object 'Object Repository/PLPPage/facetes/TamanoTitleFacet_PLP' is present

2023-08-22 08:43:43 - [TEST_STEP][PASSED] - verifyElementPresent(findTestObject("PLPPage/facetes/MarcasTitleFacet_PLP"), 0): Object 'Object Repository/PLPPage/facetes/MarcasTitleFacet_PLP' is present

2023-08-22 08:43:43 - [MESSAGE][WARNING] - Timeout '0' is invalid. Using default page load timeout: '30'

2023-08-22 08:43:43 - [MESSAGE][PASSED] - Object 'Object Repository/PLPPage/facetes/MarcasTitleFacet_PLP' is present

2023-08-22 08:43:43 - [TEST_STEP][PASSED] - verifyElementPresent(findTestObject("PLPPage/facetes/VendidoTitleFacet_PLP"), 0): Object 'Object Repository/PLPPage/facetes/VendidoTitleFacet_PLP' is present

2023-08-22 08:43:44 - [MESSAGE][WARNING] - Timeout '0' is invalid. Using default page load timeout: '30'

2023-08-22 08:43:44 - [MESSAGE][PASSED] - Object 'Object Repository/PLPPage/facetes/VendidoTitleFacet_PLP' is present

2023-08-22 08:43:44 - [TEST_STEP][PASSED] - verifyElementPresent(findTestObject("PLPPage/facetes/PreciosTitleFacet_PLP"), 0): Object 'Object Repository/PLPPage/facetes/PreciosTitleFacet_PLP' is present

2023-08-22 08:43:44 - [MESSAGE][WARNING] - Timeout '0' is invalid. Using default page load timeout: '30'

2023-08-22 08:43:44 - [MESSAGE][PASSED] - Object 'Object Repository/PLPPage/facetes/PreciosTitleFacet_PLP' is present

2023-08-22 08:43:44 - [TEST_STEP][PASSED] - verifyElementPresent(findTestObject("PLPPage/facetes/ColorTitleFacet_PLP"), 0): Object 'Object Repository/PLPPage/facetes/ColorTitleFacet_PLP' is present

2023-08-22 08:43:44 - [MESSAGE][WARNING] - Timeout '0' is invalid. Using default page load timeout: '30'

2023-08-22 08:43:44 - [MESSAGE][PASSED] - Object 'Object Repository/PLPPage/facetes/ColorTitleFacet_PLP' is present

2023-08-22 08:43:44 - [TEST_STEP][PASSED] - closeBrowser(): Browser is closed

2023-08-22 08:43:45 - [MESSAGE][PASSED] - Browser is closed]]></system-out>
         <system-err><![CDATA[]]></system-err>
      </testcase>
      <testcase name="Test Cases/Browse and Shop/TS_SMOKE_SUITE_048" time="101.187" classname="Test Cases/Browse and Shop/TS_SMOKE_SUITE_048" status="PASSED">
         <system-out><![CDATA[2023-08-22 08:43:45 - [TEST_CASE][PASSED] - Test Cases/Browse and Shop/TS_SMOKE_SUITE_048: Test Cases/Browse and Shop/TS_SMOKE_SUITE_048

2023-08-22 08:43:46 - [TEST_STEP][PASSED] - openBrowser(""): Browser is opened with url: ''

2023-08-22 08:43:46 - [MESSAGE][INFO] - Starting 'Chrome' driver

2023-08-22 08:43:46 - [MESSAGE][INFO] - Action delay is set to 0 milliseconds

2023-08-22 08:43:47 - [MESSAGE][PASSED] - Browser is opened with url: ''

2023-08-22 08:43:47 - [TEST_STEP][PASSED] - navigateToUrl(URL): Navigate to 'https://odtaqaa.liverpool.com.mx/tienda/home' successfully

2023-08-22 08:44:32 - [MESSAGE][PASSED] - Navigate to 'https://odtaqaa.liverpool.com.mx/tienda/home' successfully

2023-08-22 08:44:32 - [TEST_STEP][PASSED] - maximizeWindow(): Current window maximized

2023-08-22 08:44:32 - [MESSAGE][PASSED] - Current window maximized

2023-08-22 08:44:32 - [TEST_STEP][PASSED] - callTestCase(findTestCase("CommonMethods/SearchForAProduct_search"), ["searchTerm":"mac"], STOP_ON_FAILURE): Call Test Case 'Test Cases/CommonMethods/SearchForAProduct_search' successfully

2023-08-22 08:44:33 - [TEST_CASE][PASSED] - Test Cases/CommonMethods/SearchForAProduct_search: Test Cases/CommonMethods/SearchForAProduct_search

2023-08-22 08:44:33 - [TEST_STEP][PASSED] - click(findTestObject("HomePage/Buscar1"), STOP_ON_FAILURE): Object: 'Object Repository/HomePage/Buscar1' is clicked on

2023-08-22 08:44:34 - [MESSAGE][PASSED] - Object: 'Object Repository/HomePage/Buscar1' is clicked on

2023-08-22 08:44:34 - [TEST_STEP][PASSED] - delay(3): Delayed 3 second(s)

2023-08-22 08:44:37 - [MESSAGE][PASSED] - Delayed 3 second(s)

2023-08-22 08:44:37 - [TEST_STEP][PASSED] - setText(findTestObject("HomePage/Buscar1"), searchTerm): Text 'mac' is set on object 'Object Repository/HomePage/Buscar1'

2023-08-22 08:44:37 - [MESSAGE][PASSED] - Text 'mac' is set on object 'Object Repository/HomePage/Buscar1'

2023-08-22 08:44:37 - [TEST_STEP][PASSED] - delay(3): Delayed 3 second(s)

2023-08-22 08:44:40 - [MESSAGE][PASSED] - Delayed 3 second(s)

2023-08-22 08:44:40 - [TEST_STEP][PASSED] - sendKeys(findTestObject("HomePage/Seach_TextBox_hp"), Keys.chord(ENTER)): Keys 'ENTER + ' sent to object: 'Object Repository/HomePage/Seach_TextBox_hp'

2023-08-22 08:44:43 - [MESSAGE][PASSED] - Keys 'ENTER + ' sent to object: 'Object Repository/HomePage/Seach_TextBox_hp'

2023-08-22 08:44:43 - [MESSAGE][PASSED] - Call Test Case 'Test Cases/CommonMethods/SearchForAProduct_search' successfully

2023-08-22 08:44:43 - [TEST_STEP][PASSED] - click(findTestObject("HomePage/Logo_hp")): Object: 'Object Repository/HomePage/Logo_hp' is clicked on

2023-08-22 08:44:44 - [MESSAGE][PASSED] - Object: 'Object Repository/HomePage/Logo_hp' is clicked on

2023-08-22 08:44:44 - [TEST_STEP][PASSED] - callTestCase(findTestCase("CommonMethods/SearchForAProduct_search"), ["searchTerm":"mac"], STOP_ON_FAILURE): Call Test Case 'Test Cases/CommonMethods/SearchForAProduct_search' successfully

2023-08-22 08:44:44 - [TEST_CASE][PASSED] - Test Cases/CommonMethods/SearchForAProduct_search: Test Cases/CommonMethods/SearchForAProduct_search

2023-08-22 08:44:44 - [TEST_STEP][PASSED] - click(findTestObject("HomePage/Buscar1"), STOP_ON_FAILURE): Object: 'Object Repository/HomePage/Buscar1' is clicked on

2023-08-22 08:44:44 - [MESSAGE][PASSED] - Object: 'Object Repository/HomePage/Buscar1' is clicked on

2023-08-22 08:44:44 - [TEST_STEP][PASSED] - delay(3): Delayed 3 second(s)

2023-08-22 08:44:47 - [MESSAGE][PASSED] - Delayed 3 second(s)

2023-08-22 08:44:47 - [TEST_STEP][PASSED] - setText(findTestObject("HomePage/Buscar1"), searchTerm): Text 'mac' is set on object 'Object Repository/HomePage/Buscar1'

2023-08-22 08:45:07 - [MESSAGE][PASSED] - Text 'mac' is set on object 'Object Repository/HomePage/Buscar1'

2023-08-22 08:45:07 - [TEST_STEP][PASSED] - delay(3): Delayed 3 second(s)

2023-08-22 08:45:10 - [MESSAGE][PASSED] - Delayed 3 second(s)

2023-08-22 08:45:10 - [TEST_STEP][PASSED] - sendKeys(findTestObject("HomePage/Seach_TextBox_hp"), Keys.chord(ENTER)): Keys 'ENTER + ' sent to object: 'Object Repository/HomePage/Seach_TextBox_hp'

2023-08-22 08:45:21 - [MESSAGE][PASSED] - Keys 'ENTER + ' sent to object: 'Object Repository/HomePage/Seach_TextBox_hp'

2023-08-22 08:45:21 - [MESSAGE][PASSED] - Call Test Case 'Test Cases/CommonMethods/SearchForAProduct_search' successfully

2023-08-22 08:45:21 - [TEST_STEP][PASSED] - a = getText(findTestObject("PLPPage/product1_cardPrice_PLP")): Text of object 'Object Repository/PLPPage/product1_cardPrice_PLP' is: '$42500 - $64900'

2023-08-22 08:45:25 - [MESSAGE][PASSED] - Text of object 'Object Repository/PLPPage/product1_cardPrice_PLP' is: '$42500 - $64900'

2023-08-22 08:45:25 - [TEST_STEP][PASSED] - b = getText(findTestObject("PLPPage/product1_discountPrice_PLP")): Text of object 'Object Repository/PLPPage/product1_discountPrice_PLP' is: '$34000 - $51920'

2023-08-22 08:45:26 - [MESSAGE][PASSED] - Text of object 'Object Repository/PLPPage/product1_discountPrice_PLP' is: '$34000 - $51920'

2023-08-22 08:45:26 - [TEST_STEP][PASSED] - a1 = a.contains("-"): null

2023-08-22 08:45:26 - [TEST_STEP][PASSED] - b1 = b.contains("-"): null

2023-08-22 08:45:26 - [TEST_STEP][PASSED] - out.println(a1): null

2023-08-22 08:45:26 - [TEST_STEP][PASSED] - out.println(b1): null

2023-08-22 08:45:26 - [TEST_STEP][PASSED] - if (a1 == true && b1 == true): null

2023-08-22 08:45:26 - [TEST_STEP][PASSED] - out.println("verifed"): null

2023-08-22 08:45:26 - [TEST_STEP][PASSED] - closeBrowser(): Browser is closed

2023-08-22 08:45:26 - [MESSAGE][PASSED] - Browser is closed]]></system-out>
         <system-err><![CDATA[]]></system-err>
      </testcase>
      <testcase name="Test Cases/Browse and Shop/TS_SMOKE_SUITE_049" time="136.613" classname="Test Cases/Browse and Shop/TS_SMOKE_SUITE_049" status="PASSED">
         <system-out><![CDATA[2023-08-22 08:45:27 - [TEST_CASE][PASSED] - Test Cases/Browse and Shop/TS_SMOKE_SUITE_049: Test Cases/Browse and Shop/TS_SMOKE_SUITE_049

2023-08-22 08:45:27 - [TEST_STEP][PASSED] - openBrowser(""): Browser is opened with url: ''

2023-08-22 08:45:27 - [MESSAGE][INFO] - Starting 'Chrome' driver

2023-08-22 08:45:27 - [MESSAGE][INFO] - Action delay is set to 0 milliseconds

2023-08-22 08:45:28 - [MESSAGE][PASSED] - Browser is opened with url: ''

2023-08-22 08:45:28 - [TEST_STEP][PASSED] - navigateToUrl(URL): Navigate to 'https://odtaqaa.liverpool.com.mx/tienda/home' successfully

2023-08-22 08:46:17 - [MESSAGE][PASSED] - Navigate to 'https://odtaqaa.liverpool.com.mx/tienda/home' successfully

2023-08-22 08:46:17 - [TEST_STEP][PASSED] - maximizeWindow(): Current window maximized

2023-08-22 08:46:17 - [MESSAGE][PASSED] - Current window maximized

2023-08-22 08:46:17 - [TEST_STEP][PASSED] - delay(5): Delayed 5 second(s)

2023-08-22 08:46:22 - [MESSAGE][PASSED] - Delayed 5 second(s)

2023-08-22 08:46:22 - [TEST_STEP][PASSED] - callTestCase(findTestCase("CommonMethods/SearchForAProduct_search"), ["searchTerm":"jean"], STOP_ON_FAILURE): Call Test Case 'Test Cases/CommonMethods/SearchForAProduct_search' successfully

2023-08-22 08:46:22 - [TEST_CASE][PASSED] - Test Cases/CommonMethods/SearchForAProduct_search: Test Cases/CommonMethods/SearchForAProduct_search

2023-08-22 08:46:22 - [TEST_STEP][PASSED] - click(findTestObject("HomePage/Buscar1"), STOP_ON_FAILURE): Object: 'Object Repository/HomePage/Buscar1' is clicked on

2023-08-22 08:46:22 - [MESSAGE][PASSED] - Object: 'Object Repository/HomePage/Buscar1' is clicked on

2023-08-22 08:46:22 - [TEST_STEP][PASSED] - delay(3): Delayed 3 second(s)

2023-08-22 08:46:25 - [MESSAGE][PASSED] - Delayed 3 second(s)

2023-08-22 08:46:25 - [TEST_STEP][PASSED] - setText(findTestObject("HomePage/Buscar1"), searchTerm): Text 'jean' is set on object 'Object Repository/HomePage/Buscar1'

2023-08-22 08:46:26 - [MESSAGE][PASSED] - Text 'jean' is set on object 'Object Repository/HomePage/Buscar1'

2023-08-22 08:46:26 - [TEST_STEP][PASSED] - delay(3): Delayed 3 second(s)

2023-08-22 08:46:29 - [MESSAGE][PASSED] - Delayed 3 second(s)

2023-08-22 08:46:29 - [TEST_STEP][PASSED] - sendKeys(findTestObject("HomePage/Seach_TextBox_hp"), Keys.chord(ENTER)): Keys 'ENTER + ' sent to object: 'Object Repository/HomePage/Seach_TextBox_hp'

2023-08-22 08:46:33 - [MESSAGE][PASSED] - Keys 'ENTER + ' sent to object: 'Object Repository/HomePage/Seach_TextBox_hp'

2023-08-22 08:46:33 - [MESSAGE][PASSED] - Call Test Case 'Test Cases/CommonMethods/SearchForAProduct_search' successfully

2023-08-22 08:46:33 - [TEST_STEP][PASSED] - delay(5): Delayed 5 second(s)

2023-08-22 08:46:38 - [MESSAGE][PASSED] - Delayed 5 second(s)

2023-08-22 08:46:38 - [TEST_STEP][PASSED] - verifyElementVisible(findTestObject("PLPPage/product1_cardPrice_PLP")): Object 'Object Repository/PLPPage/product1_cardPrice_PLP' is visible

2023-08-22 08:47:42 - [MESSAGE][PASSED] - Object 'Object Repository/PLPPage/product1_cardPrice_PLP' is visible

2023-08-22 08:47:42 - [TEST_STEP][PASSED] - verifyElementVisible(findTestObject("PLPPage/product1_discountPrice_PLP")): Object 'Object Repository/PLPPage/product1_discountPrice_PLP' is visible

2023-08-22 08:47:42 - [MESSAGE][PASSED] - Object 'Object Repository/PLPPage/product1_discountPrice_PLP' is visible

2023-08-22 08:47:42 - [TEST_STEP][PASSED] - closeBrowser(): Browser is closed

2023-08-22 08:47:43 - [MESSAGE][PASSED] - Browser is closed]]></system-out>
         <system-err><![CDATA[]]></system-err>
      </testcase>
      <testcase name="Test Cases/Browse and Shop/TS_SMOKE_SUITE_054" time="94.944" classname="Test Cases/Browse and Shop/TS_SMOKE_SUITE_054" status="PASSED">
         <system-out><![CDATA[2023-08-22 08:47:43 - [TEST_CASE][PASSED] - Test Cases/Browse and Shop/TS_SMOKE_SUITE_054: Test Cases/Browse and Shop/TS_SMOKE_SUITE_054

2023-08-22 08:47:43 - [TEST_STEP][PASSED] - openBrowser(""): Browser is opened with url: ''

2023-08-22 08:47:43 - [MESSAGE][INFO] - Starting 'Chrome' driver

2023-08-22 08:47:43 - [MESSAGE][INFO] - Action delay is set to 0 milliseconds

2023-08-22 08:47:45 - [MESSAGE][PASSED] - Browser is opened with url: ''

2023-08-22 08:47:45 - [TEST_STEP][PASSED] - navigateToUrl(URL): Navigate to 'https://odtaqaa.liverpool.com.mx/tienda/home' successfully

2023-08-22 08:48:32 - [MESSAGE][PASSED] - Navigate to 'https://odtaqaa.liverpool.com.mx/tienda/home' successfully

2023-08-22 08:48:32 - [TEST_STEP][PASSED] - maximizeWindow(): Current window maximized

2023-08-22 08:48:32 - [MESSAGE][PASSED] - Current window maximized

2023-08-22 08:48:32 - [TEST_STEP][PASSED] - callTestCase(findTestCase("CommonMethods/SearchForAProduct_search"), ["searchTerm":"80282837"], STOP_ON_FAILURE): Call Test Case 'Test Cases/CommonMethods/SearchForAProduct_search' successfully

2023-08-22 08:48:32 - [TEST_CASE][PASSED] - Test Cases/CommonMethods/SearchForAProduct_search: Test Cases/CommonMethods/SearchForAProduct_search

2023-08-22 08:48:32 - [TEST_STEP][PASSED] - click(findTestObject("HomePage/Buscar1"), STOP_ON_FAILURE): Object: 'Object Repository/HomePage/Buscar1' is clicked on

2023-08-22 08:48:32 - [MESSAGE][PASSED] - Object: 'Object Repository/HomePage/Buscar1' is clicked on

2023-08-22 08:48:32 - [TEST_STEP][PASSED] - delay(3): Delayed 3 second(s)

2023-08-22 08:48:35 - [MESSAGE][PASSED] - Delayed 3 second(s)

2023-08-22 08:48:35 - [TEST_STEP][PASSED] - setText(findTestObject("HomePage/Buscar1"), searchTerm): Text '80282837' is set on object 'Object Repository/HomePage/Buscar1'

2023-08-22 08:48:36 - [MESSAGE][PASSED] - Text '80282837' is set on object 'Object Repository/HomePage/Buscar1'

2023-08-22 08:48:36 - [TEST_STEP][PASSED] - delay(3): Delayed 3 second(s)

2023-08-22 08:48:39 - [MESSAGE][PASSED] - Delayed 3 second(s)

2023-08-22 08:48:39 - [TEST_STEP][PASSED] - sendKeys(findTestObject("HomePage/Seach_TextBox_hp"), Keys.chord(ENTER)): Keys 'ENTER + ' sent to object: 'Object Repository/HomePage/Seach_TextBox_hp'

2023-08-22 08:48:43 - [MESSAGE][PASSED] - Keys 'ENTER + ' sent to object: 'Object Repository/HomePage/Seach_TextBox_hp'

2023-08-22 08:48:43 - [MESSAGE][PASSED] - Call Test Case 'Test Cases/CommonMethods/SearchForAProduct_search' successfully

2023-08-22 08:48:43 - [TEST_STEP][PASSED] - verifyElementNotPresent(findTestObject("PDPPage/Colour2_PDP"), 0): Web element with id: 'Object Repository/PDPPage/Colour2_PDP' located by 'By.xpath: //ul[@id='color-list-mobile']//li[2]' is not present after '30' second(s)

2023-08-22 08:48:43 - [MESSAGE][WARNING] - Timeout '0' is invalid. Using default page load timeout: '30'

2023-08-22 08:48:44 - [MESSAGE][PASSED] - Web element with id: 'Object Repository/PDPPage/Colour2_PDP' located by 'By.xpath: //ul[@id='color-list-mobile']//li[2]' is not present after '30' second(s)

2023-08-22 08:48:44 - [TEST_STEP][PASSED] - verifyElementNotPresent(findTestObject("PDPPage/Size2_PDP"), 0): Web element with id: 'Object Repository/PDPPage/Size2_PDP' located by 'By.xpath: //ul[@class='p-0 m-0 m-product__size dBlock']/li[2]' is not present after '30' second(s)

2023-08-22 08:48:44 - [MESSAGE][WARNING] - Timeout '0' is invalid. Using default page load timeout: '30'

2023-08-22 08:48:45 - [MESSAGE][PASSED] - Web element with id: 'Object Repository/PDPPage/Size2_PDP' located by 'By.xpath: //ul[@class='p-0 m-0 m-product__size dBlock']/li[2]' is not present after '30' second(s)

2023-08-22 08:48:45 - [TEST_STEP][PASSED] - verifyElementPresent(findTestObject("PDPPage/discountPrice_PDP"), 0): Object 'Object Repository/PDPPage/discountPrice_PDP' is present

2023-08-22 08:48:45 - [MESSAGE][WARNING] - Timeout '0' is invalid. Using default page load timeout: '30'

2023-08-22 08:49:16 - [MESSAGE][PASSED] - Object 'Object Repository/PDPPage/discountPrice_PDP' is present

2023-08-22 08:49:16 - [TEST_STEP][PASSED] - verifyElementPresent(findTestObject("PDPPage/cardPrice_PDP"), 0): Object 'Object Repository/PDPPage/cardPrice_PDP' is present

2023-08-22 08:49:16 - [MESSAGE][WARNING] - Timeout '0' is invalid. Using default page load timeout: '30'

2023-08-22 08:49:17 - [MESSAGE][PASSED] - Object 'Object Repository/PDPPage/cardPrice_PDP' is present

2023-08-22 08:49:17 - [TEST_STEP][PASSED] - closeBrowser(): Browser is closed

2023-08-22 08:49:18 - [MESSAGE][PASSED] - Browser is closed]]></system-out>
         <system-err><![CDATA[]]></system-err>
      </testcase>
      <testcase name="Test Cases/Browse and Shop/TS_SMOKE_SUITE_055" time="107.045" classname="Test Cases/Browse and Shop/TS_SMOKE_SUITE_055" status="PASSED">
         <system-out><![CDATA[2023-08-22 08:49:18 - [TEST_CASE][PASSED] - Test Cases/Browse and Shop/TS_SMOKE_SUITE_055: Test Cases/Browse and Shop/TS_SMOKE_SUITE_055

2023-08-22 08:49:18 - [TEST_STEP][PASSED] - openBrowser(""): Browser is opened with url: ''

2023-08-22 08:49:18 - [MESSAGE][INFO] - Starting 'Chrome' driver

2023-08-22 08:49:18 - [MESSAGE][INFO] - Action delay is set to 0 milliseconds

2023-08-22 08:49:20 - [MESSAGE][PASSED] - Browser is opened with url: ''

2023-08-22 08:49:20 - [TEST_STEP][PASSED] - navigateToUrl(URL): Navigate to 'https://odtaqaa.liverpool.com.mx/tienda/home' successfully

2023-08-22 08:50:26 - [MESSAGE][PASSED] - Navigate to 'https://odtaqaa.liverpool.com.mx/tienda/home' successfully

2023-08-22 08:50:26 - [TEST_STEP][PASSED] - maximizeWindow(): Current window maximized

2023-08-22 08:50:27 - [MESSAGE][PASSED] - Current window maximized

2023-08-22 08:50:27 - [TEST_STEP][PASSED] - callTestCase(findTestCase("CommonMethods/SearchForAProduct_search"), ["searchTerm":"1002504924"], STOP_ON_FAILURE): Call Test Case 'Test Cases/CommonMethods/SearchForAProduct_search' successfully

2023-08-22 08:50:27 - [TEST_CASE][PASSED] - Test Cases/CommonMethods/SearchForAProduct_search: Test Cases/CommonMethods/SearchForAProduct_search

2023-08-22 08:50:27 - [TEST_STEP][PASSED] - click(findTestObject("HomePage/Buscar1"), STOP_ON_FAILURE): Object: 'Object Repository/HomePage/Buscar1' is clicked on

2023-08-22 08:50:27 - [MESSAGE][PASSED] - Object: 'Object Repository/HomePage/Buscar1' is clicked on

2023-08-22 08:50:27 - [TEST_STEP][PASSED] - delay(3): Delayed 3 second(s)

2023-08-22 08:50:30 - [MESSAGE][PASSED] - Delayed 3 second(s)

2023-08-22 08:50:30 - [TEST_STEP][PASSED] - setText(findTestObject("HomePage/Buscar1"), searchTerm): Text '1002504924' is set on object 'Object Repository/HomePage/Buscar1'

2023-08-22 08:50:31 - [MESSAGE][PASSED] - Text '1002504924' is set on object 'Object Repository/HomePage/Buscar1'

2023-08-22 08:50:31 - [TEST_STEP][PASSED] - delay(3): Delayed 3 second(s)

2023-08-22 08:50:34 - [MESSAGE][PASSED] - Delayed 3 second(s)

2023-08-22 08:50:34 - [TEST_STEP][PASSED] - sendKeys(findTestObject("HomePage/Seach_TextBox_hp"), Keys.chord(ENTER)): Keys 'ENTER + ' sent to object: 'Object Repository/HomePage/Seach_TextBox_hp'

2023-08-22 08:50:39 - [MESSAGE][PASSED] - Keys 'ENTER + ' sent to object: 'Object Repository/HomePage/Seach_TextBox_hp'

2023-08-22 08:50:39 - [MESSAGE][PASSED] - Call Test Case 'Test Cases/CommonMethods/SearchForAProduct_search' successfully

2023-08-22 08:50:39 - [TEST_STEP][PASSED] - verifyElementPresent(findTestObject("PDPPage/Colour2_PDP"), 0): Object 'Object Repository/PDPPage/Colour2_PDP' is present

2023-08-22 08:50:39 - [MESSAGE][WARNING] - Timeout '0' is invalid. Using default page load timeout: '30'

2023-08-22 08:51:03 - [MESSAGE][PASSED] - Object 'Object Repository/PDPPage/Colour2_PDP' is present

2023-08-22 08:51:03 - [TEST_STEP][PASSED] - verifyElementPresent(findTestObject("PDPPage/minus(-)(priceRange)_PDP"), 0): Object 'Object Repository/PDPPage/minus(-)(priceRange)_PDP' is present

2023-08-22 08:51:03 - [MESSAGE][WARNING] - Timeout '0' is invalid. Using default page load timeout: '30'

2023-08-22 08:51:04 - [MESSAGE][PASSED] - Object 'Object Repository/PDPPage/minus(-)(priceRange)_PDP' is present

2023-08-22 08:51:04 - [TEST_STEP][PASSED] - closeBrowser(): Browser is closed

2023-08-22 08:51:05 - [MESSAGE][PASSED] - Browser is closed]]></system-out>
         <system-err><![CDATA[]]></system-err>
      </testcase>
      <testcase name="Test Cases/Browse and Shop/TS_SMOKE_SUITE_056" time="118.795" classname="Test Cases/Browse and Shop/TS_SMOKE_SUITE_056" status="PASSED">
         <system-out><![CDATA[2023-08-22 08:51:05 - [TEST_CASE][PASSED] - Test Cases/Browse and Shop/TS_SMOKE_SUITE_056: Test Cases/Browse and Shop/TS_SMOKE_SUITE_056

2023-08-22 08:51:05 - [TEST_STEP][PASSED] - openBrowser(""): Browser is opened with url: ''

2023-08-22 08:51:05 - [MESSAGE][INFO] - Starting 'Chrome' driver

2023-08-22 08:51:05 - [MESSAGE][INFO] - Action delay is set to 0 milliseconds

2023-08-22 08:51:07 - [MESSAGE][PASSED] - Browser is opened with url: ''

2023-08-22 08:51:07 - [TEST_STEP][PASSED] - navigateToUrl(URL): Navigate to 'https://odtaqaa.liverpool.com.mx/tienda/home' successfully

2023-08-22 08:51:57 - [MESSAGE][PASSED] - Navigate to 'https://odtaqaa.liverpool.com.mx/tienda/home' successfully

2023-08-22 08:51:57 - [TEST_STEP][PASSED] - maximizeWindow(): Current window maximized

2023-08-22 08:51:57 - [MESSAGE][PASSED] - Current window maximized

2023-08-22 08:51:57 - [TEST_STEP][PASSED] - callTestCase(findTestCase("CommonMethods/SearchForAProduct_search"), ["searchTerm":"set"], STOP_ON_FAILURE): Call Test Case 'Test Cases/CommonMethods/SearchForAProduct_search' successfully

2023-08-22 08:51:57 - [TEST_CASE][PASSED] - Test Cases/CommonMethods/SearchForAProduct_search: Test Cases/CommonMethods/SearchForAProduct_search

2023-08-22 08:51:57 - [TEST_STEP][PASSED] - click(findTestObject("HomePage/Buscar1"), STOP_ON_FAILURE): Object: 'Object Repository/HomePage/Buscar1' is clicked on

2023-08-22 08:51:58 - [MESSAGE][PASSED] - Object: 'Object Repository/HomePage/Buscar1' is clicked on

2023-08-22 08:51:58 - [TEST_STEP][PASSED] - delay(3): Delayed 3 second(s)

2023-08-22 08:52:01 - [MESSAGE][PASSED] - Delayed 3 second(s)

2023-08-22 08:52:01 - [TEST_STEP][PASSED] - setText(findTestObject("HomePage/Buscar1"), searchTerm): Text 'set' is set on object 'Object Repository/HomePage/Buscar1'

2023-08-22 08:52:02 - [MESSAGE][PASSED] - Text 'set' is set on object 'Object Repository/HomePage/Buscar1'

2023-08-22 08:52:02 - [TEST_STEP][PASSED] - delay(3): Delayed 3 second(s)

2023-08-22 08:52:05 - [MESSAGE][PASSED] - Delayed 3 second(s)

2023-08-22 08:52:05 - [TEST_STEP][PASSED] - sendKeys(findTestObject("HomePage/Seach_TextBox_hp"), Keys.chord(ENTER)): Keys 'ENTER + ' sent to object: 'Object Repository/HomePage/Seach_TextBox_hp'

2023-08-22 08:52:06 - [MESSAGE][PASSED] - Keys 'ENTER + ' sent to object: 'Object Repository/HomePage/Seach_TextBox_hp'

2023-08-22 08:52:06 - [MESSAGE][PASSED] - Call Test Case 'Test Cases/CommonMethods/SearchForAProduct_search' successfully

2023-08-22 08:52:06 - [TEST_STEP][PASSED] - a = a.GenerateRandomEmail.generateRandomEmail(): a.GenerateRandomEmail.generateRandomEmail is PASSED

2023-08-22 08:52:07 - [MESSAGE][INFO] - automationJtubUdpd@digisprint.com

2023-08-22 08:52:07 - [MESSAGE][PASSED] - a.GenerateRandomEmail.generateRandomEmail is PASSED

2023-08-22 08:52:07 - [TEST_STEP][PASSED] - out.println(a): null

2023-08-22 08:52:07 - [TEST_STEP][PASSED] - click(findTestObject("PLPPage/product1_PLP")): Object: 'Object Repository/PLPPage/product1_PLP' is clicked on

2023-08-22 08:52:34 - [MESSAGE][PASSED] - Object: 'Object Repository/PLPPage/product1_PLP' is clicked on

2023-08-22 08:52:34 - [TEST_STEP][PASSED] - verifyElementClickable(findTestObject("PDPPage/ProductName_PDP")): Object 'Object Repository/PDPPage/ProductName_PDP' is clickable

2023-08-22 08:53:00 - [MESSAGE][PASSED] - Object 'Object Repository/PDPPage/ProductName_PDP' is clickable

2023-08-22 08:53:00 - [TEST_STEP][PASSED] - verifyElementClickable(findTestObject("PDPPage/ProductID_pdp")): Object 'Object Repository/PDPPage/ProductID_pdp' is clickable

2023-08-22 08:53:01 - [MESSAGE][PASSED] - Object 'Object Repository/PDPPage/ProductID_pdp' is clickable

2023-08-22 08:53:01 - [TEST_STEP][PASSED] - verifyElementClickable(findTestObject("PDPPage/discountPrice_PDP")): Object 'Object Repository/PDPPage/discountPrice_PDP' is clickable

2023-08-22 08:53:01 - [MESSAGE][PASSED] - Object 'Object Repository/PDPPage/discountPrice_PDP' is clickable

2023-08-22 08:53:01 - [TEST_STEP][PASSED] - verifyElementClickable(findTestObject("PDPPage/Colour1_PDP")): Object 'Object Repository/PDPPage/Colour1_PDP' is clickable

2023-08-22 08:53:02 - [MESSAGE][PASSED] - Object 'Object Repository/PDPPage/Colour1_PDP' is clickable

2023-08-22 08:53:02 - [TEST_STEP][PASSED] - verifyElementClickable(findTestObject("PDPPage/Alternate_Img_pdp")): Object 'Object Repository/PDPPage/Alternate_Img_pdp' is clickable

2023-08-22 08:53:02 - [MESSAGE][PASSED] - Object 'Object Repository/PDPPage/Alternate_Img_pdp' is clickable

2023-08-22 08:53:02 - [TEST_STEP][PASSED] - verifyElementClickable(findTestObject("PDPPage/AddToCart_PDP")): Object 'Object Repository/PDPPage/AddToCart_PDP' is clickable

2023-08-22 08:53:02 - [MESSAGE][PASSED] - Object 'Object Repository/PDPPage/AddToCart_PDP' is clickable

2023-08-22 08:53:02 - [TEST_STEP][PASSED] - verifyElementClickable(findTestObject("PDPPage/Detail_PDP")): Object 'Object Repository/PDPPage/Detail_PDP' is clickable

2023-08-22 08:53:03 - [MESSAGE][PASSED] - Object 'Object Repository/PDPPage/Detail_PDP' is clickable

2023-08-22 08:53:03 - [TEST_STEP][PASSED] - verifyElementClickable(findTestObject("PDPPage/breadCrumb_pdp")): Object 'Object Repository/PDPPage/breadCrumb_pdp' is clickable

2023-08-22 08:53:03 - [MESSAGE][PASSED] - Object 'Object Repository/PDPPage/breadCrumb_pdp' is clickable

2023-08-22 08:53:03 - [TEST_STEP][PASSED] - closeBrowser(): Browser is closed

2023-08-22 08:53:04 - [MESSAGE][PASSED] - Browser is closed]]></system-out>
         <system-err><![CDATA[]]></system-err>
      </testcase>
      <testcase name="Test Cases/Browse and Shop/TS_SMOKE_SUITE_057" time="133.11" classname="Test Cases/Browse and Shop/TS_SMOKE_SUITE_057" status="PASSED">
         <system-out><![CDATA[2023-08-22 08:53:04 - [TEST_CASE][PASSED] - Test Cases/Browse and Shop/TS_SMOKE_SUITE_057: Test Cases/Browse and Shop/TS_SMOKE_SUITE_057

2023-08-22 08:53:04 - [TEST_STEP][PASSED] - openBrowser(""): Browser is opened with url: ''

2023-08-22 08:53:04 - [MESSAGE][INFO] - Starting 'Chrome' driver

2023-08-22 08:53:04 - [MESSAGE][INFO] - Action delay is set to 0 milliseconds

2023-08-22 08:53:06 - [MESSAGE][PASSED] - Browser is opened with url: ''

2023-08-22 08:53:06 - [TEST_STEP][PASSED] - navigateToUrl(URL): Navigate to 'https://odtaqaa.liverpool.com.mx/tienda/home' successfully

2023-08-22 08:53:50 - [MESSAGE][PASSED] - Navigate to 'https://odtaqaa.liverpool.com.mx/tienda/home' successfully

2023-08-22 08:53:50 - [TEST_STEP][PASSED] - maximizeWindow(): Current window maximized

2023-08-22 08:53:50 - [MESSAGE][PASSED] - Current window maximized

2023-08-22 08:53:50 - [TEST_STEP][PASSED] - callTestCase(findTestCase("CommonMethods/SearchForAProduct_search"), ["searchTerm":"mac"], STOP_ON_FAILURE): Call Test Case 'Test Cases/CommonMethods/SearchForAProduct_search' successfully

2023-08-22 08:53:50 - [TEST_CASE][PASSED] - Test Cases/CommonMethods/SearchForAProduct_search: Test Cases/CommonMethods/SearchForAProduct_search

2023-08-22 08:53:50 - [TEST_STEP][PASSED] - click(findTestObject("HomePage/Buscar1"), STOP_ON_FAILURE): Object: 'Object Repository/HomePage/Buscar1' is clicked on

2023-08-22 08:53:51 - [MESSAGE][PASSED] - Object: 'Object Repository/HomePage/Buscar1' is clicked on

2023-08-22 08:53:51 - [TEST_STEP][PASSED] - delay(3): Delayed 3 second(s)

2023-08-22 08:53:54 - [MESSAGE][PASSED] - Delayed 3 second(s)

2023-08-22 08:53:54 - [TEST_STEP][PASSED] - setText(findTestObject("HomePage/Buscar1"), searchTerm): Text 'mac' is set on object 'Object Repository/HomePage/Buscar1'

2023-08-22 08:53:55 - [MESSAGE][PASSED] - Text 'mac' is set on object 'Object Repository/HomePage/Buscar1'

2023-08-22 08:53:55 - [TEST_STEP][PASSED] - delay(3): Delayed 3 second(s)

2023-08-22 08:53:58 - [MESSAGE][PASSED] - Delayed 3 second(s)

2023-08-22 08:53:58 - [TEST_STEP][PASSED] - sendKeys(findTestObject("HomePage/Seach_TextBox_hp"), Keys.chord(ENTER)): Keys 'ENTER + ' sent to object: 'Object Repository/HomePage/Seach_TextBox_hp'

2023-08-22 08:54:01 - [MESSAGE][PASSED] - Keys 'ENTER + ' sent to object: 'Object Repository/HomePage/Seach_TextBox_hp'

2023-08-22 08:54:01 - [MESSAGE][PASSED] - Call Test Case 'Test Cases/CommonMethods/SearchForAProduct_search' successfully

2023-08-22 08:54:01 - [TEST_STEP][PASSED] - delay(5): Delayed 5 second(s)

2023-08-22 08:54:06 - [MESSAGE][PASSED] - Delayed 5 second(s)

2023-08-22 08:54:06 - [TEST_STEP][PASSED] - click(findTestObject("HomePage/Logo_hp")): Object: 'Object Repository/HomePage/Logo_hp' is clicked on

2023-08-22 08:54:20 - [MESSAGE][PASSED] - Object: 'Object Repository/HomePage/Logo_hp' is clicked on

2023-08-22 08:54:20 - [TEST_STEP][PASSED] - callTestCase(findTestCase("CommonMethods/SearchForAProduct_search"), ["searchTerm":"mac"], STOP_ON_FAILURE): Call Test Case 'Test Cases/CommonMethods/SearchForAProduct_search' successfully

2023-08-22 08:54:20 - [TEST_CASE][PASSED] - Test Cases/CommonMethods/SearchForAProduct_search: Test Cases/CommonMethods/SearchForAProduct_search

2023-08-22 08:54:20 - [TEST_STEP][PASSED] - click(findTestObject("HomePage/Buscar1"), STOP_ON_FAILURE): Object: 'Object Repository/HomePage/Buscar1' is clicked on

2023-08-22 08:54:21 - [MESSAGE][PASSED] - Object: 'Object Repository/HomePage/Buscar1' is clicked on

2023-08-22 08:54:21 - [TEST_STEP][PASSED] - delay(3): Delayed 3 second(s)

2023-08-22 08:54:24 - [MESSAGE][PASSED] - Delayed 3 second(s)

2023-08-22 08:54:24 - [TEST_STEP][PASSED] - setText(findTestObject("HomePage/Buscar1"), searchTerm): Text 'mac' is set on object 'Object Repository/HomePage/Buscar1'

2023-08-22 08:54:29 - [MESSAGE][PASSED] - Text 'mac' is set on object 'Object Repository/HomePage/Buscar1'

2023-08-22 08:54:29 - [TEST_STEP][PASSED] - delay(3): Delayed 3 second(s)

2023-08-22 08:54:32 - [MESSAGE][PASSED] - Delayed 3 second(s)

2023-08-22 08:54:32 - [TEST_STEP][PASSED] - sendKeys(findTestObject("HomePage/Seach_TextBox_hp"), Keys.chord(ENTER)): Keys 'ENTER + ' sent to object: 'Object Repository/HomePage/Seach_TextBox_hp'

2023-08-22 08:54:32 - [MESSAGE][PASSED] - Keys 'ENTER + ' sent to object: 'Object Repository/HomePage/Seach_TextBox_hp'

2023-08-22 08:54:32 - [MESSAGE][PASSED] - Call Test Case 'Test Cases/CommonMethods/SearchForAProduct_search' successfully

2023-08-22 08:54:32 - [TEST_STEP][PASSED] - click(findTestObject("PLPPage/product1_PLP")): Object: 'Object Repository/PLPPage/product1_PLP' is clicked on

2023-08-22 08:54:55 - [MESSAGE][PASSED] - Object: 'Object Repository/PLPPage/product1_PLP' is clicked on

2023-08-22 08:54:55 - [TEST_STEP][PASSED] - verifyElementClickable(findTestObject("PDPPage/discountPrice_PDP")): Object 'Object Repository/PDPPage/discountPrice_PDP' is clickable

2023-08-22 08:55:12 - [MESSAGE][PASSED] - Object 'Object Repository/PDPPage/discountPrice_PDP' is clickable

2023-08-22 08:55:12 - [TEST_STEP][PASSED] - verifyElementClickable(findTestObject("PDPPage/breadCrumb_pdp")): Object 'Object Repository/PDPPage/breadCrumb_pdp' is clickable

2023-08-22 08:55:13 - [MESSAGE][PASSED] - Object 'Object Repository/PDPPage/breadCrumb_pdp' is clickable

2023-08-22 08:55:13 - [TEST_STEP][PASSED] - verifyElementClickable(findTestObject("PDPPage/Colour1_PDP")): Object 'Object Repository/PDPPage/Colour1_PDP' is clickable

2023-08-22 08:55:14 - [MESSAGE][PASSED] - Object 'Object Repository/PDPPage/Colour1_PDP' is clickable

2023-08-22 08:55:14 - [TEST_STEP][PASSED] - verifyElementClickable(findTestObject("PDPPage/Colour2_PDP")): Object 'Object Repository/PDPPage/Colour2_PDP' is clickable

2023-08-22 08:55:14 - [MESSAGE][PASSED] - Object 'Object Repository/PDPPage/Colour2_PDP' is clickable

2023-08-22 08:55:14 - [TEST_STEP][PASSED] - verifyElementClickable(findTestObject("PDPPage/AddToCart_PDP")): Object 'Object Repository/PDPPage/AddToCart_PDP' is clickable

2023-08-22 08:55:15 - [MESSAGE][PASSED] - Object 'Object Repository/PDPPage/AddToCart_PDP' is clickable

2023-08-22 08:55:15 - [TEST_STEP][PASSED] - verifyElementClickable(findTestObject("PDPPage/Alternate_Img_pdp")): Object 'Object Repository/PDPPage/Alternate_Img_pdp' is clickable

2023-08-22 08:55:15 - [MESSAGE][PASSED] - Object 'Object Repository/PDPPage/Alternate_Img_pdp' is clickable

2023-08-22 08:55:15 - [TEST_STEP][PASSED] - verifyElementClickable(findTestObject("PDPPage/Detail_PDP")): Object 'Object Repository/PDPPage/Detail_PDP' is clickable

2023-08-22 08:55:15 - [MESSAGE][PASSED] - Object 'Object Repository/PDPPage/Detail_PDP' is clickable

2023-08-22 08:55:15 - [TEST_STEP][PASSED] - verifyElementClickable(findTestObject("PDPPage/ProductName_PDP")): Object 'Object Repository/PDPPage/ProductName_PDP' is clickable

2023-08-22 08:55:16 - [MESSAGE][PASSED] - Object 'Object Repository/PDPPage/ProductName_PDP' is clickable

2023-08-22 08:55:16 - [TEST_STEP][PASSED] - verifyElementClickable(findTestObject("PDPPage/ProductID_pdp")): Object 'Object Repository/PDPPage/ProductID_pdp' is clickable

2023-08-22 08:55:16 - [MESSAGE][PASSED] - Object 'Object Repository/PDPPage/ProductID_pdp' is clickable

2023-08-22 08:55:16 - [TEST_STEP][PASSED] - verifyElementClickable(findTestObject("PDPPage/Detail_PDP")): Object 'Object Repository/PDPPage/Detail_PDP' is clickable

2023-08-22 08:55:16 - [MESSAGE][PASSED] - Object 'Object Repository/PDPPage/Detail_PDP' is clickable

2023-08-22 08:55:16 - [TEST_STEP][PASSED] - closeBrowser(): Browser is closed

2023-08-22 08:55:17 - [MESSAGE][PASSED] - Browser is closed]]></system-out>
         <system-err><![CDATA[]]></system-err>
      </testcase>
      <testcase name="Test Cases/Browse and Shop/TS_SMOKE_SUITE_058" time="169.151" classname="Test Cases/Browse and Shop/TS_SMOKE_SUITE_058" status="PASSED">
         <system-out><![CDATA[2023-08-22 08:55:17 - [TEST_CASE][PASSED] - Test Cases/Browse and Shop/TS_SMOKE_SUITE_058: Test Cases/Browse and Shop/TS_SMOKE_SUITE_058

2023-08-22 08:55:17 - [TEST_STEP][PASSED] - openBrowser(""): Browser is opened with url: ''

2023-08-22 08:55:17 - [MESSAGE][INFO] - Starting 'Chrome' driver

2023-08-22 08:55:17 - [MESSAGE][INFO] - Action delay is set to 0 milliseconds

2023-08-22 08:55:19 - [MESSAGE][PASSED] - Browser is opened with url: ''

2023-08-22 08:55:19 - [TEST_STEP][PASSED] - maximizeWindow(): Current window maximized

2023-08-22 08:55:19 - [MESSAGE][PASSED] - Current window maximized

2023-08-22 08:55:19 - [TEST_STEP][PASSED] - navigateToUrl(URL): Navigate to 'https://odtaqaa.liverpool.com.mx/tienda/home' successfully

2023-08-22 08:56:03 - [MESSAGE][PASSED] - Navigate to 'https://odtaqaa.liverpool.com.mx/tienda/home' successfully

2023-08-22 08:56:03 - [TEST_STEP][PASSED] - callTestCase(findTestCase("CommonMethods/login_odtaqab"), [:], STOP_ON_FAILURE): Call Test Case 'Test Cases/CommonMethods/login_odtaqab' successfully

2023-08-22 08:56:03 - [TEST_CASE][PASSED] - Test Cases/CommonMethods/login_odtaqab: Test Cases/CommonMethods/login_odtaqab

2023-08-22 08:56:03 - [TEST_STEP][PASSED] - click(findTestObject("HomePage/Iniciar sesion")): Object: 'Object Repository/HomePage/Iniciar sesion' is clicked on

2023-08-22 08:56:04 - [MESSAGE][PASSED] - Object: 'Object Repository/HomePage/Iniciar sesion' is clicked on

2023-08-22 08:56:04 - [TEST_STEP][PASSED] - click(findTestObject("HomePage/EnterUsername_LP")): Object: 'Object Repository/HomePage/EnterUsername_LP' is clicked on

2023-08-22 08:56:22 - [MESSAGE][PASSED] - Object: 'Object Repository/HomePage/EnterUsername_LP' is clicked on

2023-08-22 08:56:22 - [TEST_STEP][PASSED] - setText(findTestObject("HomePage/EnterUsername_LP"), username): Text 'hcheruvu29@digisprint.com' is set on object 'Object Repository/HomePage/EnterUsername_LP'

2023-08-22 08:56:23 - [MESSAGE][PASSED] - Text 'hcheruvu29@digisprint.com' is set on object 'Object Repository/HomePage/EnterUsername_LP'

2023-08-22 08:56:23 - [TEST_STEP][PASSED] - delay(2): Delayed 2 second(s)

2023-08-22 08:56:25 - [MESSAGE][PASSED] - Delayed 2 second(s)

2023-08-22 08:56:25 - [TEST_STEP][PASSED] - click(findTestObject("HomePage/EnterPassword_LP")): Object: 'Object Repository/HomePage/EnterPassword_LP' is clicked on

2023-08-22 08:56:25 - [MESSAGE][PASSED] - Object: 'Object Repository/HomePage/EnterPassword_LP' is clicked on

2023-08-22 08:56:25 - [TEST_STEP][PASSED] - delay(2): Delayed 2 second(s)

2023-08-22 08:56:27 - [MESSAGE][PASSED] - Delayed 2 second(s)

2023-08-22 08:56:27 - [TEST_STEP][PASSED] - setText(findTestObject("HomePage/EnterPassword_LP"), password): Text 'Test@12345' is set on object 'Object Repository/HomePage/EnterPassword_LP'

2023-08-22 08:56:28 - [MESSAGE][PASSED] - Text 'Test@12345' is set on object 'Object Repository/HomePage/EnterPassword_LP'

2023-08-22 08:56:28 - [TEST_STEP][PASSED] - click(findTestObject("HomePage/inciar")): Object: 'Object Repository/HomePage/inciar' is clicked on

2023-08-22 08:56:44 - [MESSAGE][PASSED] - Object: 'Object Repository/HomePage/inciar' is clicked on

2023-08-22 08:56:44 - [MESSAGE][PASSED] - Call Test Case 'Test Cases/CommonMethods/login_odtaqab' successfully

2023-08-22 08:56:44 - [TEST_STEP][PASSED] - callTestCase(findTestCase("CommonMethods/SearchForAProduct_search"), ["searchTerm":"1000719079"], STOP_ON_FAILURE): Call Test Case 'Test Cases/CommonMethods/SearchForAProduct_search' successfully

2023-08-22 08:56:44 - [TEST_CASE][PASSED] - Test Cases/CommonMethods/SearchForAProduct_search: Test Cases/CommonMethods/SearchForAProduct_search

2023-08-22 08:56:44 - [TEST_STEP][PASSED] - click(findTestObject("HomePage/Buscar1"), STOP_ON_FAILURE): Object: 'Object Repository/HomePage/Buscar1' is clicked on

2023-08-22 08:57:26 - [MESSAGE][PASSED] - Object: 'Object Repository/HomePage/Buscar1' is clicked on

2023-08-22 08:57:26 - [TEST_STEP][PASSED] - delay(3): Delayed 3 second(s)

2023-08-22 08:57:29 - [MESSAGE][PASSED] - Delayed 3 second(s)

2023-08-22 08:57:29 - [TEST_STEP][PASSED] - setText(findTestObject("HomePage/Buscar1"), searchTerm): Text '1000719079' is set on object 'Object Repository/HomePage/Buscar1'

2023-08-22 08:57:30 - [MESSAGE][PASSED] - Text '1000719079' is set on object 'Object Repository/HomePage/Buscar1'

2023-08-22 08:57:30 - [TEST_STEP][PASSED] - delay(3): Delayed 3 second(s)

2023-08-22 08:57:33 - [MESSAGE][PASSED] - Delayed 3 second(s)

2023-08-22 08:57:33 - [TEST_STEP][PASSED] - sendKeys(findTestObject("HomePage/Seach_TextBox_hp"), Keys.chord(ENTER)): Keys 'ENTER + ' sent to object: 'Object Repository/HomePage/Seach_TextBox_hp'

2023-08-22 08:57:38 - [MESSAGE][PASSED] - Keys 'ENTER + ' sent to object: 'Object Repository/HomePage/Seach_TextBox_hp'

2023-08-22 08:57:38 - [MESSAGE][PASSED] - Call Test Case 'Test Cases/CommonMethods/SearchForAProduct_search' successfully

2023-08-22 08:57:38 - [TEST_STEP][PASSED] - verifyElementClickable(findTestObject("PDPPage/mas detalis(more detail)")): Object 'Object Repository/PDPPage/mas detalis(more detail)' is clickable

2023-08-22 08:58:03 - [MESSAGE][PASSED] - Object 'Object Repository/PDPPage/mas detalis(more detail)' is clickable

2023-08-22 08:58:03 - [TEST_STEP][PASSED] - verifyElementClickable(findTestObject("PDPPage/EDD_pdp")): Object 'Object Repository/PDPPage/EDD_pdp' is clickable

2023-08-22 08:58:04 - [MESSAGE][PASSED] - Object 'Object Repository/PDPPage/EDD_pdp' is clickable

2023-08-22 08:58:04 - [TEST_STEP][PASSED] - verifyElementClickable(findTestObject("PDPPage/viewMorePromotion_pdp")): Object 'Object Repository/PDPPage/viewMorePromotion_pdp' is clickable

2023-08-22 08:58:04 - [MESSAGE][PASSED] - Object 'Object Repository/PDPPage/viewMorePromotion_pdp' is clickable

2023-08-22 08:58:04 - [TEST_STEP][PASSED] - verifyElementClickable(findTestObject("PDPPage/Size1_PDP")): Object 'Object Repository/PDPPage/Size1_PDP' is clickable

2023-08-22 08:58:05 - [MESSAGE][PASSED] - Object 'Object Repository/PDPPage/Size1_PDP' is clickable

2023-08-22 08:58:05 - [TEST_STEP][PASSED] - verifyElementClickable(findTestObject("PDPPage/liverpoolCard_promotion_1_PDP")): Object 'Object Repository/PDPPage/liverpoolCard_promotion_1_PDP' is clickable

2023-08-22 08:58:05 - [MESSAGE][PASSED] - Object 'Object Repository/PDPPage/liverpoolCard_promotion_1_PDP' is clickable

2023-08-22 08:58:05 - [TEST_STEP][PASSED] - verifyElementClickable(findTestObject("PDPPage/Card_promotion_1_PDP")): Object 'Object Repository/PDPPage/Card_promotion_1_PDP' is clickable

2023-08-22 08:58:05 - [MESSAGE][PASSED] - Object 'Object Repository/PDPPage/Card_promotion_1_PDP' is clickable

2023-08-22 08:58:05 - [TEST_STEP][PASSED] - closeBrowser(): Browser is closed

2023-08-22 08:58:06 - [MESSAGE][PASSED] - Browser is closed]]></system-out>
         <system-err><![CDATA[]]></system-err>
      </testcase>
      <testcase name="Test Cases/Checkout/TS_SMOKE_SUITE_072" time="245.608" classname="Test Cases/Checkout/TS_SMOKE_SUITE_072" status="PASSED">
         <system-out><![CDATA[2023-08-22 08:58:06 - [TEST_CASE][PASSED] - Test Cases/Checkout/TS_SMOKE_SUITE_072: Test Cases/Checkout/TS_SMOKE_SUITE_072

2023-08-22 08:58:07 - [TEST_STEP][PASSED] - openBrowser(""): Browser is opened with url: ''

2023-08-22 08:58:07 - [MESSAGE][INFO] - Starting 'Chrome' driver

2023-08-22 08:58:07 - [MESSAGE][INFO] - Action delay is set to 0 milliseconds

2023-08-22 08:58:08 - [MESSAGE][PASSED] - Browser is opened with url: ''

2023-08-22 08:58:08 - [TEST_STEP][PASSED] - maximizeWindow(): Current window maximized

2023-08-22 08:58:08 - [MESSAGE][PASSED] - Current window maximized

2023-08-22 08:58:08 - [TEST_STEP][PASSED] - navigateToUrl(URL): Navigate to 'https://odtaqaa.liverpool.com.mx/tienda/home' successfully

2023-08-22 08:58:56 - [MESSAGE][PASSED] - Navigate to 'https://odtaqaa.liverpool.com.mx/tienda/home' successfully

2023-08-22 08:58:56 - [TEST_STEP][PASSED] - click(findTestObject("HomePage/Iniciar sesion")): Object: 'Object Repository/HomePage/Iniciar sesion' is clicked on

2023-08-22 08:58:56 - [MESSAGE][PASSED] - Object: 'Object Repository/HomePage/Iniciar sesion' is clicked on

2023-08-22 08:58:56 - [TEST_STEP][PASSED] - callTestCase(findTestCase("CommonMethods/loginFromHomePage"), ["username":username, "password":password], STOP_ON_FAILURE): Call Test Case 'Test Cases/CommonMethods/loginFromHomePage' successfully

2023-08-22 08:58:56 - [TEST_CASE][PASSED] - Test Cases/CommonMethods/loginFromHomePage: Test Cases/CommonMethods/loginFromHomePage

2023-08-22 08:58:56 - [TEST_STEP][PASSED] - delay(3): Delayed 3 second(s)

2023-08-22 08:58:59 - [MESSAGE][PASSED] - Delayed 3 second(s)

2023-08-22 08:58:59 - [TEST_STEP][PASSED] - click(findTestObject("HomePage/EnterUsername_LP")): Object: 'Object Repository/HomePage/EnterUsername_LP' is clicked on

2023-08-22 08:59:10 - [MESSAGE][PASSED] - Object: 'Object Repository/HomePage/EnterUsername_LP' is clicked on

2023-08-22 08:59:10 - [TEST_STEP][PASSED] - setText(findTestObject("HomePage/EnterUsername_LP"), username): Text 'hcheruvu29@digisprint.com' is set on object 'Object Repository/HomePage/EnterUsername_LP'

2023-08-22 08:59:11 - [MESSAGE][PASSED] - Text 'hcheruvu29@digisprint.com' is set on object 'Object Repository/HomePage/EnterUsername_LP'

2023-08-22 08:59:11 - [TEST_STEP][PASSED] - click(findTestObject("HomePage/EnterPassword_LP")): Object: 'Object Repository/HomePage/EnterPassword_LP' is clicked on

2023-08-22 08:59:11 - [MESSAGE][PASSED] - Object: 'Object Repository/HomePage/EnterPassword_LP' is clicked on

2023-08-22 08:59:11 - [TEST_STEP][PASSED] - setText(findTestObject("HomePage/EnterPassword_LP"), password): Text 'Test@12345' is set on object 'Object Repository/HomePage/EnterPassword_LP'

2023-08-22 08:59:12 - [MESSAGE][PASSED] - Text 'Test@12345' is set on object 'Object Repository/HomePage/EnterPassword_LP'

2023-08-22 08:59:12 - [TEST_STEP][PASSED] - click(findTestObject("HomePage/inciar")): Object: 'Object Repository/HomePage/inciar' is clicked on

2023-08-22 08:59:21 - [MESSAGE][PASSED] - Object: 'Object Repository/HomePage/inciar' is clicked on

2023-08-22 08:59:21 - [MESSAGE][PASSED] - Call Test Case 'Test Cases/CommonMethods/loginFromHomePage' successfully

2023-08-22 08:59:21 - [TEST_STEP][PASSED] - callTestCase(findTestCase("CommonMethods/SearchForAProduct_search"), ["searchTerm":"jeans"], STOP_ON_FAILURE): Call Test Case 'Test Cases/CommonMethods/SearchForAProduct_search' successfully

2023-08-22 08:59:21 - [TEST_CASE][PASSED] - Test Cases/CommonMethods/SearchForAProduct_search: Test Cases/CommonMethods/SearchForAProduct_search

2023-08-22 08:59:21 - [TEST_STEP][PASSED] - click(findTestObject("HomePage/Buscar1"), STOP_ON_FAILURE): Object: 'Object Repository/HomePage/Buscar1' is clicked on

2023-08-22 09:00:21 - [MESSAGE][PASSED] - Object: 'Object Repository/HomePage/Buscar1' is clicked on

2023-08-22 09:00:21 - [TEST_STEP][PASSED] - delay(3): Delayed 3 second(s)

2023-08-22 09:00:24 - [MESSAGE][PASSED] - Delayed 3 second(s)

2023-08-22 09:00:24 - [TEST_STEP][PASSED] - setText(findTestObject("HomePage/Buscar1"), searchTerm): Text 'jeans' is set on object 'Object Repository/HomePage/Buscar1'

2023-08-22 09:00:25 - [MESSAGE][PASSED] - Text 'jeans' is set on object 'Object Repository/HomePage/Buscar1'

2023-08-22 09:00:25 - [TEST_STEP][PASSED] - delay(3): Delayed 3 second(s)

2023-08-22 09:00:28 - [MESSAGE][PASSED] - Delayed 3 second(s)

2023-08-22 09:00:28 - [TEST_STEP][PASSED] - sendKeys(findTestObject("HomePage/Seach_TextBox_hp"), Keys.chord(ENTER)): Keys 'ENTER + ' sent to object: 'Object Repository/HomePage/Seach_TextBox_hp'

2023-08-22 09:00:31 - [MESSAGE][PASSED] - Keys 'ENTER + ' sent to object: 'Object Repository/HomePage/Seach_TextBox_hp'

2023-08-22 09:00:31 - [MESSAGE][PASSED] - Call Test Case 'Test Cases/CommonMethods/SearchForAProduct_search' successfully

2023-08-22 09:00:31 - [TEST_STEP][PASSED] - click(findTestObject("HomePage/FirstProduct_plp"), STOP_ON_FAILURE): Object: 'Object Repository/HomePage/FirstProduct_plp' is clicked on

2023-08-22 09:00:45 - [MESSAGE][PASSED] - Object: 'Object Repository/HomePage/FirstProduct_plp' is clicked on

2023-08-22 09:00:45 - [TEST_STEP][PASSED] - click(findTestObject("PDPPage/Size1_PDP"), OPTIONAL): Object: 'Object Repository/PDPPage/Size1_PDP' is clicked on

2023-08-22 09:00:57 - [MESSAGE][PASSED] - Object: 'Object Repository/PDPPage/Size1_PDP' is clicked on

2023-08-22 09:00:57 - [TEST_STEP][PASSED] - click(findTestObject("PDPPage/AddToCart_pdp")): Object: 'Object Repository/PDPPage/AddToCart_pdp' is clicked on

2023-08-22 09:00:59 - [MESSAGE][PASSED] - Object: 'Object Repository/PDPPage/AddToCart_pdp' is clicked on

2023-08-22 09:00:59 - [TEST_STEP][PASSED] - click(findTestObject("HomePage/Cart_header")): Object: 'Object Repository/HomePage/Cart_header' is clicked on

2023-08-22 09:01:18 - [MESSAGE][PASSED] - Object: 'Object Repository/HomePage/Cart_header' is clicked on

2023-08-22 09:01:18 - [TEST_STEP][PASSED] - click(findTestObject("CartPage/BuyButton_Cart")): Object: 'Object Repository/CartPage/BuyButton_Cart' is clicked on

2023-08-22 09:01:22 - [MESSAGE][PASSED] - Object: 'Object Repository/CartPage/BuyButton_Cart' is clicked on

2023-08-22 09:01:22 - [TEST_STEP][PASSED] - click(findTestObject("OPCPage/ChangeAddress_Checkout")): Object: 'Object Repository/OPCPage/ChangeAddress_Checkout' is clicked on

2023-08-22 09:01:35 - [MESSAGE][PASSED] - Object: 'Object Repository/OPCPage/ChangeAddress_Checkout' is clicked on

2023-08-22 09:01:35 - [TEST_STEP][PASSED] - click(findTestObject("OPCPage/AddAddressButtonPopup_checkout")): Object: 'Object Repository/OPCPage/AddAddressButtonPopup_checkout' is clicked on

2023-08-22 09:01:38 - [MESSAGE][PASSED] - Object: 'Object Repository/OPCPage/AddAddressButtonPopup_checkout' is clicked on

2023-08-22 09:01:38 - [TEST_STEP][PASSED] - StoreValue = "AUTOMATION" + RandomStringUtils.randomAlphabetic(8): null

2023-08-22 09:01:38 - [TEST_STEP][PASSED] - out.println(StoreValue): null

2023-08-22 09:01:38 - [TEST_STEP][PASSED] - setText(findTestObject("OPCPage/shortName_addAddress_opc"), StoreValue): Text 'AUTOMATIONZlwPKqEw' is set on object 'Object Repository/OPCPage/shortName_addAddress_opc'

2023-08-22 09:01:40 - [MESSAGE][PASSED] - Text 'AUTOMATIONZlwPKqEw' is set on object 'Object Repository/OPCPage/shortName_addAddress_opc'

2023-08-22 09:01:40 - [TEST_STEP][PASSED] - setText(findTestObject("OPCPage/mothersLastName_addAddress_opc"), MotherName): Text 'Test
' is set on object 'Object Repository/OPCPage/mothersLastName_addAddress_opc'

2023-08-22 09:01:42 - [MESSAGE][PASSED] - Text 'Test
' is set on object 'Object Repository/OPCPage/mothersLastName_addAddress_opc'

2023-08-22 09:01:42 - [TEST_STEP][PASSED] - setText(findTestObject("OPCPage/postalCode_addAddress_opc"), PostalCode): Text '12000
' is set on object 'Object Repository/OPCPage/postalCode_addAddress_opc'

2023-08-22 09:01:43 - [MESSAGE][PASSED] - Text '12000
' is set on object 'Object Repository/OPCPage/postalCode_addAddress_opc'

2023-08-22 09:01:43 - [TEST_STEP][PASSED] - setText(findTestObject("OPCPage/city_addAddress_opc"), CityAddAddress): Text 'san fransisco' is set on object 'Object Repository/OPCPage/city_addAddress_opc'

2023-08-22 09:01:52 - [MESSAGE][PASSED] - Text 'san fransisco' is set on object 'Object Repository/OPCPage/city_addAddress_opc'

2023-08-22 09:01:52 - [TEST_STEP][PASSED] - click(findTestObject("OPCPage/street_addAddress_opc")): Object: 'Object Repository/OPCPage/street_addAddress_opc' is clicked on

2023-08-22 09:01:53 - [MESSAGE][PASSED] - Object: 'Object Repository/OPCPage/street_addAddress_opc' is clicked on

2023-08-22 09:01:53 - [TEST_STEP][PASSED] - setText(findTestObject("OPCPage/street_addAddress_opc"), StreetAddAddress): Text 'Regina Street' is set on object 'Object Repository/OPCPage/street_addAddress_opc'

2023-08-22 09:01:55 - [MESSAGE][PASSED] - Text 'Regina Street' is set on object 'Object Repository/OPCPage/street_addAddress_opc'

2023-08-22 09:01:55 - [TEST_STEP][PASSED] - setText(findTestObject("OPCPage/noExt_addAddress_opc"), NoExtAddAddress): Text '1231232342' is set on object 'Object Repository/OPCPage/noExt_addAddress_opc'

2023-08-22 09:01:56 - [MESSAGE][PASSED] - Text '1231232342' is set on object 'Object Repository/OPCPage/noExt_addAddress_opc'

2023-08-22 09:01:56 - [TEST_STEP][PASSED] - setText(findTestObject("OPCPage/cellphone_addAddress_opc"), CellPhoneAddAddress): Text '7000000000' is set on object 'Object Repository/OPCPage/cellphone_addAddress_opc'

2023-08-22 09:01:58 - [MESSAGE][PASSED] - Text '7000000000' is set on object 'Object Repository/OPCPage/cellphone_addAddress_opc'

2023-08-22 09:01:58 - [TEST_STEP][PASSED] - setText(findTestObject("OPCPage/LADA_addAddress_opc"), LADAaddAddress): Text '12' is set on object 'Object Repository/OPCPage/LADA_addAddress_opc'

2023-08-22 09:02:02 - [MESSAGE][PASSED] - Text '12' is set on object 'Object Repository/OPCPage/LADA_addAddress_opc'

2023-08-22 09:02:02 - [TEST_STEP][PASSED] - setText(findTestObject("OPCPage/phone_addAddress_opc"), phoneAddAddress): Text '9823958922' is set on object 'Object Repository/OPCPage/phone_addAddress_opc'

2023-08-22 09:02:03 - [MESSAGE][PASSED] - Text '9823958922' is set on object 'Object Repository/OPCPage/phone_addAddress_opc'

2023-08-22 09:02:03 - [TEST_STEP][PASSED] - click(findTestObject("OPCPage/CheckBoxAddAddressPopup_OPC")): Object: 'Object Repository/OPCPage/CheckBoxAddAddressPopup_OPC' is clicked on

2023-08-22 09:02:04 - [MESSAGE][PASSED] - Object: 'Object Repository/OPCPage/CheckBoxAddAddressPopup_OPC' is clicked on

2023-08-22 09:02:04 - [TEST_STEP][PASSED] - click(findTestObject("OPCPage/ContinueButtonAddAddress_Checkout")): Object: 'Object Repository/OPCPage/ContinueButtonAddAddress_Checkout' is clicked on

2023-08-22 09:02:05 - [MESSAGE][PASSED] - Object: 'Object Repository/OPCPage/ContinueButtonAddAddress_Checkout' is clicked on

2023-08-22 09:02:05 - [TEST_STEP][PASSED] - navigateToUrl(CartPageURL): Navigate to 'https://odtaqaa.liverpool.com.mx/tienda/oneCheckout' successfully

2023-08-22 09:02:09 - [MESSAGE][PASSED] - Navigate to 'https://odtaqaa.liverpool.com.mx/tienda/oneCheckout' successfully

2023-08-22 09:02:09 - [TEST_STEP][PASSED] - ShortName = getText(findTestObject("OPCPage/currentDeliveryAddress_OPC"), STOP_ON_FAILURE): Text of object 'Object Repository/OPCPage/currentDeliveryAddress_OPC' is: 'AUTOMATIONPDiJPucW '

2023-08-22 09:02:11 - [MESSAGE][PASSED] - Text of object 'Object Repository/OPCPage/currentDeliveryAddress_OPC' is: 'AUTOMATIONPDiJPucW '

2023-08-22 09:02:11 - [TEST_STEP][PASSED] - if (StoreValue == ShortName): null

2023-08-22 09:02:11 - [TEST_STEP][PASSED] - closeBrowser(): Browser is closed

2023-08-22 09:02:12 - [MESSAGE][PASSED] - Browser is closed]]></system-out>
         <system-err><![CDATA[]]></system-err>
      </testcase>
      <testcase name="Test Cases/Checkout/TS_SMOKE_SUITE_073" time="69.89" classname="Test Cases/Checkout/TS_SMOKE_SUITE_073" status="FAILED">
         <failure type="FAILED" message="Test Cases/Checkout/TS_SMOKE_SUITE_073 FAILED.
Reason:
com.kms.katalon.core.exception.StepFailedException: Call Test Case 'Test Cases/CommonMethods/loginFromHomePage' failed
	at com.kms.katalon.core.keyword.builtin.CallTestCaseKeyword$_callTestCase_closure1.doCall(CallTestCaseKeyword.groovy:63)
	at com.kms.katalon.core.keyword.builtin.CallTestCaseKeyword$_callTestCase_closure1.call(CallTestCaseKeyword.groovy)
	at com.kms.katalon.core.keyword.internal.KeywordMain.runKeyword(KeywordMain.groovy:75)
	at com.kms.katalon.core.keyword.builtin.CallTestCaseKeyword.callTestCase(CallTestCaseKeyword.groovy:81)
	at com.kms.katalon.core.keyword.builtin.CallTestCaseKeyword.execute(CallTestCaseKeyword.groovy:44)
	at com.kms.katalon.core.keyword.internal.KeywordExecutor.executeKeywordForPlatform(KeywordExecutor.groovy:74)
	at com.kms.katalon.core.keyword.BuiltinKeywords.callTestCase(BuiltinKeywords.groovy:310)
	at TS_SMOKE_SUITE_073.run(TS_SMOKE_SUITE_073:28)
	at com.kms.katalon.core.main.ScriptEngine.run(ScriptEngine.java:194)
	at com.kms.katalon.core.main.ScriptEngine.runScriptAsRawText(ScriptEngine.java:119)
	at com.kms.katalon.core.main.TestCaseExecutor.runScript(TestCaseExecutor.java:448)
	at com.kms.katalon.core.main.TestCaseExecutor.doExecute(TestCaseExecutor.java:439)
	at com.kms.katalon.core.main.TestCaseExecutor.processExecutionPhase(TestCaseExecutor.java:418)
	at com.kms.katalon.core.main.TestCaseExecutor.accessMainPhase(TestCaseExecutor.java:410)
	at com.kms.katalon.core.main.TestCaseExecutor.execute(TestCaseExecutor.java:285)
	at com.kms.katalon.core.common.CommonExecutor.accessTestCaseMainPhase(CommonExecutor.java:65)
	at com.kms.katalon.core.main.TestSuiteExecutor.accessTestSuiteMainPhase(TestSuiteExecutor.java:148)
	at com.kms.katalon.core.main.TestSuiteExecutor.execute(TestSuiteExecutor.java:106)
	at com.kms.katalon.core.main.TestCaseMain.startTestSuite(TestCaseMain.java:187)
	at com.kms.katalon.core.main.TestCaseMain$startTestSuite$0.call(Unknown Source)
	at TempTestSuite1692673207080.run(TempTestSuite1692673207080.groovy:36)
Caused by: com.kms.katalon.core.exception.StepFailedException: Unable to click on object 'Object Repository/HomePage/EnterUsername_LP'
	at com.kms.katalon.core.webui.keyword.internal.WebUIKeywordMain.stepFailed(WebUIKeywordMain.groovy:64)
	at com.kms.katalon.core.webui.keyword.internal.WebUIKeywordMain.runKeyword(WebUIKeywordMain.groovy:26)
	at com.kms.katalon.core.webui.keyword.builtin.ClickKeyword.click(ClickKeyword.groovy:74)
	at com.kms.katalon.core.webui.keyword.builtin.ClickKeyword.execute(ClickKeyword.groovy:40)
	at com.kms.katalon.core.keyword.internal.KeywordExecutor.executeKeywordForPlatform(KeywordExecutor.groovy:74)
	at com.kms.katalon.core.webui.keyword.WebUiBuiltInKeywords.click(WebUiBuiltInKeywords.groovy:620)
	at com.kms.katalon.core.webui.keyword.WebUiBuiltInKeywords$click$2.call(Unknown Source)
	at loginFromHomePage.run(loginFromHomePage:22)
	at com.kms.katalon.core.main.ScriptEngine.run(ScriptEngine.java:194)
	at com.kms.katalon.core.main.ScriptEngine.runScriptAsRawText(ScriptEngine.java:119)
	at com.kms.katalon.core.main.TestCaseExecutor.runScript(TestCaseExecutor.java:448)
	at com.kms.katalon.core.main.TestCaseExecutor.doExecute(TestCaseExecutor.java:439)
	at com.kms.katalon.core.main.TestCaseExecutor.processExecutionPhase(TestCaseExecutor.java:418)
	at com.kms.katalon.core.main.TestCaseExecutor.accessMainPhase(TestCaseExecutor.java:410)
	at com.kms.katalon.core.main.TestCaseExecutor.execute(TestCaseExecutor.java:285)
	at com.kms.katalon.core.main.TestCaseMain.runTestCase(TestCaseMain.java:144)
	at com.kms.katalon.core.keyword.builtin.CallTestCaseKeyword$_callTestCase_closure1.doCall(CallTestCaseKeyword.groovy:59)
	... 20 more
Caused by: org.openqa.selenium.NoSuchWindowException: no such window: target window already closed
from unknown error: web view not found
  (Session info: chrome=116.0.5845.97)
Build info: version: '3.141.59', revision: 'e82be7d358', time: '2018-11-14T08:25:53'
System info: host: 'DESKTOP-L51QJLB', ip: '172.22.45.95', os.name: 'Windows 10', os.arch: 'amd64', os.version: '10.0', java.version: '1.8.0_282'
Driver info: com.kms.katalon.selenium.driver.CChromeDriver
Capabilities {acceptInsecureCerts: false, browserName: chrome, browserVersion: 116.0.5845.97, chrome: {chromedriverVersion: 116.0.5845.96 (1a3918166880..., userDataDir: C:\Users\DELL\AppData\Local...}, fedcm:accounts: true, goog:chromeOptions: {debuggerAddress: localhost:59379}, javascriptEnabled: true, networkConnectionEnabled: false, pageLoadStrategy: normal, platform: WINDOWS, platformName: WINDOWS, proxy: Proxy(), setWindowRect: true, strictFileInteractability: false, timeouts: {implicit: 0, pageLoad: 300000, script: 30000}, unhandledPromptBehavior: dismiss and notify, webauthn:extension:credBlob: true, webauthn:extension:largeBlob: true, webauthn:extension:minPinLength: true, webauthn:extension:prf: true, webauthn:virtualAuthenticators: true}
Session ID: 865e4c270c177d5d3f403677444f267e
*** Element info: {Using=xpath, value=//input[@id='username']}
	at org.openqa.selenium.remote.http.W3CHttpResponseCodec.createException(W3CHttpResponseCodec.java:187)
	at org.openqa.selenium.remote.http.W3CHttpResponseCodec.decode(W3CHttpResponseCodec.java:122)
	at org.openqa.selenium.remote.http.W3CHttpResponseCodec.decode(W3CHttpResponseCodec.java:49)
	at org.openqa.selenium.remote.HttpCommandExecutor.execute(HttpCommandExecutor.java:158)
	at org.openqa.selenium.remote.service.DriverCommandExecutor.execute(DriverCommandExecutor.java:83)
	at org.openqa.selenium.remote.RemoteWebDriver.execute(RemoteWebDriver.java:552)
	at com.kms.katalon.selenium.driver.CChromeDriver.execute(CChromeDriver.java:19)
	at org.openqa.selenium.remote.RemoteWebDriver.findElements(RemoteWebDriver.java:353)
	at org.openqa.selenium.remote.RemoteWebDriver.findElementsByXPath(RemoteWebDriver.java:432)
	at org.openqa.selenium.By$ByXPath.findElements(By.java:348)
	at org.openqa.selenium.remote.RemoteWebDriver.findElements(RemoteWebDriver.java:311)
	at org.openqa.selenium.support.events.EventFiringWebDriver.lambda$new$1(EventFiringWebDriver.java:105)
	at com.sun.proxy.$Proxy10.findElements(Unknown Source)
	at org.openqa.selenium.support.events.EventFiringWebDriver.findElements(EventFiringWebDriver.java:182)
	at com.kms.katalon.core.webui.common.WebUiCommonHelper.findElementByNormalMethods(WebUiCommonHelper.java:1027)
	at com.kms.katalon.core.webui.common.WebUiCommonHelper.findElementsBySelectedMethod(WebUiCommonHelper.java:919)
	at com.kms.katalon.core.webui.common.WebUiCommonHelper.findElementsBySelectedMethod(WebUiCommonHelper.java:901)
	at com.kms.katalon.core.webui.common.WebUiCommonHelper.findElementsBySelectedMethod(WebUiCommonHelper.java:896)
	at com.kms.katalon.core.webui.common.WebUiCommonHelper.findElementsByDefault(WebUiCommonHelper.java:892)
	at com.kms.katalon.core.webui.common.WebUiCommonHelper.findWebElements(WebUiCommonHelper.java:720)
	at com.kms.katalon.core.webui.common.WebUiCommonHelper.findWebElement(WebUiCommonHelper.java:1376)
	at com.kms.katalon.core.webui.keyword.internal.WebUIAbstractKeyword.findWebElement(WebUIAbstractKeyword.groovy:27)
	at com.kms.katalon.core.webui.keyword.builtin.ClickKeyword$_click_closure1.doCall(ClickKeyword.groovy:65)
	at com.kms.katalon.core.webui.keyword.builtin.ClickKeyword$_click_closure1.call(ClickKeyword.groovy)
	at com.kms.katalon.core.webui.keyword.internal.WebUIKeywordMain.runKeyword(WebUIKeywordMain.groovy:20)
	... 35 more
"/>
         <system-out><![CDATA[2023-08-22 09:02:12 - [TEST_CASE][FAILED] - Test Cases/Checkout/TS_SMOKE_SUITE_073: Test Cases/Checkout/TS_SMOKE_SUITE_073 FAILED.
Reason:
com.kms.katalon.core.exception.StepFailedException: Call Test Case 'Test Cases/CommonMethods/loginFromHomePage' failed
	at com.kms.katalon.core.keyword.builtin.CallTestCaseKeyword$_callTestCase_closure1.doCall(CallTestCaseKeyword.groovy:63)
	at com.kms.katalon.core.keyword.builtin.CallTestCaseKeyword$_callTestCase_closure1.call(CallTestCaseKeyword.groovy)
	at com.kms.katalon.core.keyword.internal.KeywordMain.runKeyword(KeywordMain.groovy:75)
	at com.kms.katalon.core.keyword.builtin.CallTestCaseKeyword.callTestCase(CallTestCaseKeyword.groovy:81)
	at com.kms.katalon.core.keyword.builtin.CallTestCaseKeyword.execute(CallTestCaseKeyword.groovy:44)
	at com.kms.katalon.core.keyword.internal.KeywordExecutor.executeKeywordForPlatform(KeywordExecutor.groovy:74)
	at com.kms.katalon.core.keyword.BuiltinKeywords.callTestCase(BuiltinKeywords.groovy:310)
	at TS_SMOKE_SUITE_073.run(TS_SMOKE_SUITE_073:28)
	at com.kms.katalon.core.main.ScriptEngine.run(ScriptEngine.java:194)
	at com.kms.katalon.core.main.ScriptEngine.runScriptAsRawText(ScriptEngine.java:119)
	at com.kms.katalon.core.main.TestCaseExecutor.runScript(TestCaseExecutor.java:448)
	at com.kms.katalon.core.main.TestCaseExecutor.doExecute(TestCaseExecutor.java:439)
	at com.kms.katalon.core.main.TestCaseExecutor.processExecutionPhase(TestCaseExecutor.java:418)
	at com.kms.katalon.core.main.TestCaseExecutor.accessMainPhase(TestCaseExecutor.java:410)
	at com.kms.katalon.core.main.TestCaseExecutor.execute(TestCaseExecutor.java:285)
	at com.kms.katalon.core.common.CommonExecutor.accessTestCaseMainPhase(CommonExecutor.java:65)
	at com.kms.katalon.core.main.TestSuiteExecutor.accessTestSuiteMainPhase(TestSuiteExecutor.java:148)
	at com.kms.katalon.core.main.TestSuiteExecutor.execute(TestSuiteExecutor.java:106)
	at com.kms.katalon.core.main.TestCaseMain.startTestSuite(TestCaseMain.java:187)
	at com.kms.katalon.core.main.TestCaseMain$startTestSuite$0.call(Unknown Source)
	at TempTestSuite1692673207080.run(TempTestSuite1692673207080.groovy:36)
Caused by: com.kms.katalon.core.exception.StepFailedException: Unable to click on object 'Object Repository/HomePage/EnterUsername_LP'
	at com.kms.katalon.core.webui.keyword.internal.WebUIKeywordMain.stepFailed(WebUIKeywordMain.groovy:64)
	at com.kms.katalon.core.webui.keyword.internal.WebUIKeywordMain.runKeyword(WebUIKeywordMain.groovy:26)
	at com.kms.katalon.core.webui.keyword.builtin.ClickKeyword.click(ClickKeyword.groovy:74)
	at com.kms.katalon.core.webui.keyword.builtin.ClickKeyword.execute(ClickKeyword.groovy:40)
	at com.kms.katalon.core.keyword.internal.KeywordExecutor.executeKeywordForPlatform(KeywordExecutor.groovy:74)
	at com.kms.katalon.core.webui.keyword.WebUiBuiltInKeywords.click(WebUiBuiltInKeywords.groovy:620)
	at com.kms.katalon.core.webui.keyword.WebUiBuiltInKeywords$click$2.call(Unknown Source)
	at loginFromHomePage.run(loginFromHomePage:22)
	at com.kms.katalon.core.main.ScriptEngine.run(ScriptEngine.java:194)
	at com.kms.katalon.core.main.ScriptEngine.runScriptAsRawText(ScriptEngine.java:119)
	at com.kms.katalon.core.main.TestCaseExecutor.runScript(TestCaseExecutor.java:448)
	at com.kms.katalon.core.main.TestCaseExecutor.doExecute(TestCaseExecutor.java:439)
	at com.kms.katalon.core.main.TestCaseExecutor.processExecutionPhase(TestCaseExecutor.java:418)
	at com.kms.katalon.core.main.TestCaseExecutor.accessMainPhase(TestCaseExecutor.java:410)
	at com.kms.katalon.core.main.TestCaseExecutor.execute(TestCaseExecutor.java:285)
	at com.kms.katalon.core.main.TestCaseMain.runTestCase(TestCaseMain.java:144)
	at com.kms.katalon.core.keyword.builtin.CallTestCaseKeyword$_callTestCase_closure1.doCall(CallTestCaseKeyword.groovy:59)
	... 20 more
Caused by: org.openqa.selenium.NoSuchWindowException: no such window: target window already closed
from unknown error: web view not found
  (Session info: chrome=116.0.5845.97)
Build info: version: '3.141.59', revision: 'e82be7d358', time: '2018-11-14T08:25:53'
System info: host: 'DESKTOP-L51QJLB', ip: '172.22.45.95', os.name: 'Windows 10', os.arch: 'amd64', os.version: '10.0', java.version: '1.8.0_282'
Driver info: com.kms.katalon.selenium.driver.CChromeDriver
Capabilities {acceptInsecureCerts: false, browserName: chrome, browserVersion: 116.0.5845.97, chrome: {chromedriverVersion: 116.0.5845.96 (1a3918166880..., userDataDir: C:\Users\DELL\AppData\Local...}, fedcm:accounts: true, goog:chromeOptions: {debuggerAddress: localhost:59379}, javascriptEnabled: true, networkConnectionEnabled: false, pageLoadStrategy: normal, platform: WINDOWS, platformName: WINDOWS, proxy: Proxy(), setWindowRect: true, strictFileInteractability: false, timeouts: {implicit: 0, pageLoad: 300000, script: 30000}, unhandledPromptBehavior: dismiss and notify, webauthn:extension:credBlob: true, webauthn:extension:largeBlob: true, webauthn:extension:minPinLength: true, webauthn:extension:prf: true, webauthn:virtualAuthenticators: true}
Session ID: 865e4c270c177d5d3f403677444f267e
*** Element info: {Using=xpath, value=//input[@id='username']}
	at org.openqa.selenium.remote.http.W3CHttpResponseCodec.createException(W3CHttpResponseCodec.java:187)
	at org.openqa.selenium.remote.http.W3CHttpResponseCodec.decode(W3CHttpResponseCodec.java:122)
	at org.openqa.selenium.remote.http.W3CHttpResponseCodec.decode(W3CHttpResponseCodec.java:49)
	at org.openqa.selenium.remote.HttpCommandExecutor.execute(HttpCommandExecutor.java:158)
	at org.openqa.selenium.remote.service.DriverCommandExecutor.execute(DriverCommandExecutor.java:83)
	at org.openqa.selenium.remote.RemoteWebDriver.execute(RemoteWebDriver.java:552)
	at com.kms.katalon.selenium.driver.CChromeDriver.execute(CChromeDriver.java:19)
	at org.openqa.selenium.remote.RemoteWebDriver.findElements(RemoteWebDriver.java:353)
	at org.openqa.selenium.remote.RemoteWebDriver.findElementsByXPath(RemoteWebDriver.java:432)
	at org.openqa.selenium.By$ByXPath.findElements(By.java:348)
	at org.openqa.selenium.remote.RemoteWebDriver.findElements(RemoteWebDriver.java:311)
	at org.openqa.selenium.support.events.EventFiringWebDriver.lambda$new$1(EventFiringWebDriver.java:105)
	at com.sun.proxy.$Proxy10.findElements(Unknown Source)
	at org.openqa.selenium.support.events.EventFiringWebDriver.findElements(EventFiringWebDriver.java:182)
	at com.kms.katalon.core.webui.common.WebUiCommonHelper.findElementByNormalMethods(WebUiCommonHelper.java:1027)
	at com.kms.katalon.core.webui.common.WebUiCommonHelper.findElementsBySelectedMethod(WebUiCommonHelper.java:919)
	at com.kms.katalon.core.webui.common.WebUiCommonHelper.findElementsBySelectedMethod(WebUiCommonHelper.java:901)
	at com.kms.katalon.core.webui.common.WebUiCommonHelper.findElementsBySelectedMethod(WebUiCommonHelper.java:896)
	at com.kms.katalon.core.webui.common.WebUiCommonHelper.findElementsByDefault(WebUiCommonHelper.java:892)
	at com.kms.katalon.core.webui.common.WebUiCommonHelper.findWebElements(WebUiCommonHelper.java:720)
	at com.kms.katalon.core.webui.common.WebUiCommonHelper.findWebElement(WebUiCommonHelper.java:1376)
	at com.kms.katalon.core.webui.keyword.internal.WebUIAbstractKeyword.findWebElement(WebUIAbstractKeyword.groovy:27)
	at com.kms.katalon.core.webui.keyword.builtin.ClickKeyword$_click_closure1.doCall(ClickKeyword.groovy:65)
	at com.kms.katalon.core.webui.keyword.builtin.ClickKeyword$_click_closure1.call(ClickKeyword.groovy)
	at com.kms.katalon.core.webui.keyword.internal.WebUIKeywordMain.runKeyword(WebUIKeywordMain.groovy:20)
	... 35 more


2023-08-22 09:02:12 - [TEST_STEP][PASSED] - openBrowser(""): Browser is opened with url: ''

2023-08-22 09:02:12 - [MESSAGE][INFO] - Starting 'Chrome' driver

2023-08-22 09:02:12 - [MESSAGE][INFO] - Action delay is set to 0 milliseconds

2023-08-22 09:02:14 - [MESSAGE][PASSED] - Browser is opened with url: ''

2023-08-22 09:02:14 - [TEST_STEP][PASSED] - navigateToUrl(URL): Navigate to 'https://odtaqaa.liverpool.com.mx/tienda/home' successfully

2023-08-22 09:03:17 - [MESSAGE][PASSED] - Navigate to 'https://odtaqaa.liverpool.com.mx/tienda/home' successfully

2023-08-22 09:03:17 - [TEST_STEP][PASSED] - maximizeWindow(): Current window maximized

2023-08-22 09:03:18 - [MESSAGE][PASSED] - Current window maximized

2023-08-22 09:03:18 - [TEST_STEP][PASSED] - click(findTestObject("HomePage/Iniciar sesion")): Object: 'Object Repository/HomePage/Iniciar sesion' is clicked on

2023-08-22 09:03:19 - [MESSAGE][PASSED] - Object: 'Object Repository/HomePage/Iniciar sesion' is clicked on

2023-08-22 09:03:19 - [TEST_STEP][FAILED] - callTestCase(findTestCase("CommonMethods/loginFromHomePage"), ["username":Username, "password":Password], STOP_ON_FAILURE): Unable to call Test Case 'Test Cases/CommonMethods/loginFromHomePage' (Root cause: com.kms.katalon.core.exception.StepFailedException: Call Test Case 'Test Cases/CommonMethods/loginFromHomePage' failed
	at com.kms.katalon.core.keyword.builtin.CallTestCaseKeyword$_callTestCase_closure1.doCall(CallTestCaseKeyword.groovy:63)
	at com.kms.katalon.core.keyword.builtin.CallTestCaseKeyword$_callTestCase_closure1.call(CallTestCaseKeyword.groovy)
	at com.kms.katalon.core.keyword.internal.KeywordMain.runKeyword(KeywordMain.groovy:75)
	at com.kms.katalon.core.keyword.builtin.CallTestCaseKeyword.callTestCase(CallTestCaseKeyword.groovy:81)
	at com.kms.katalon.core.keyword.builtin.CallTestCaseKeyword.execute(CallTestCaseKeyword.groovy:44)
	at com.kms.katalon.core.keyword.internal.KeywordExecutor.executeKeywordForPlatform(KeywordExecutor.groovy:74)
	at com.kms.katalon.core.keyword.BuiltinKeywords.callTestCase(BuiltinKeywords.groovy:310)
	at TS_SMOKE_SUITE_073.run(TS_SMOKE_SUITE_073:28)
	at com.kms.katalon.core.main.ScriptEngine.run(ScriptEngine.java:194)
	at com.kms.katalon.core.main.ScriptEngine.runScriptAsRawText(ScriptEngine.java:119)
	at com.kms.katalon.core.main.TestCaseExecutor.runScript(TestCaseExecutor.java:448)
	at com.kms.katalon.core.main.TestCaseExecutor.doExecute(TestCaseExecutor.java:439)
	at com.kms.katalon.core.main.TestCaseExecutor.processExecutionPhase(TestCaseExecutor.java:418)
	at com.kms.katalon.core.main.TestCaseExecutor.accessMainPhase(TestCaseExecutor.java:410)
	at com.kms.katalon.core.main.TestCaseExecutor.execute(TestCaseExecutor.java:285)
	at com.kms.katalon.core.common.CommonExecutor.accessTestCaseMainPhase(CommonExecutor.java:65)
	at com.kms.katalon.core.main.TestSuiteExecutor.accessTestSuiteMainPhase(TestSuiteExecutor.java:148)
	at com.kms.katalon.core.main.TestSuiteExecutor.execute(TestSuiteExecutor.java:106)
	at com.kms.katalon.core.main.TestCaseMain.startTestSuite(TestCaseMain.java:187)
	at com.kms.katalon.core.main.TestCaseMain$startTestSuite$0.call(Unknown Source)
	at TempTestSuite1692673207080.run(TempTestSuite1692673207080.groovy:36)
Caused by: com.kms.katalon.core.exception.StepFailedException: Unable to click on object 'Object Repository/HomePage/EnterUsername_LP'
	at com.kms.katalon.core.webui.keyword.internal.WebUIKeywordMain.stepFailed(WebUIKeywordMain.groovy:64)
	at com.kms.katalon.core.webui.keyword.internal.WebUIKeywordMain.runKeyword(WebUIKeywordMain.groovy:26)
	at com.kms.katalon.core.webui.keyword.builtin.ClickKeyword.click(ClickKeyword.groovy:74)
	at com.kms.katalon.core.webui.keyword.builtin.ClickKeyword.execute(ClickKeyword.groovy:40)
	at com.kms.katalon.core.keyword.internal.KeywordExecutor.executeKeywordForPlatform(KeywordExecutor.groovy:74)
	at com.kms.katalon.core.webui.keyword.WebUiBuiltInKeywords.click(WebUiBuiltInKeywords.groovy:620)
	at com.kms.katalon.core.webui.keyword.WebUiBuiltInKeywords$click$2.call(Unknown Source)
	at loginFromHomePage.run(loginFromHomePage:22)
	at com.kms.katalon.core.main.ScriptEngine.run(ScriptEngine.java:194)
	at com.kms.katalon.core.main.ScriptEngine.runScriptAsRawText(ScriptEngine.java:119)
	at com.kms.katalon.core.main.TestCaseExecutor.runScript(TestCaseExecutor.java:448)
	at com.kms.katalon.core.main.TestCaseExecutor.doExecute(TestCaseExecutor.java:439)
	at com.kms.katalon.core.main.TestCaseExecutor.processExecutionPhase(TestCaseExecutor.java:418)
	at com.kms.katalon.core.main.TestCaseExecutor.accessMainPhase(TestCaseExecutor.java:410)
	at com.kms.katalon.core.main.TestCaseExecutor.execute(TestCaseExecutor.java:285)
	at com.kms.katalon.core.main.TestCaseMain.runTestCase(TestCaseMain.java:144)
	at com.kms.katalon.core.keyword.builtin.CallTestCaseKeyword$_callTestCase_closure1.doCall(CallTestCaseKeyword.groovy:59)
	... 20 more
Caused by: org.openqa.selenium.NoSuchWindowException: no such window: target window already closed
from unknown error: web view not found
  (Session info: chrome=116.0.5845.97)
Build info: version: '3.141.59', revision: 'e82be7d358', time: '2018-11-14T08:25:53'
System info: host: 'DESKTOP-L51QJLB', ip: '172.22.45.95', os.name: 'Windows 10', os.arch: 'amd64', os.version: '10.0', java.version: '1.8.0_282'
Driver info: com.kms.katalon.selenium.driver.CChromeDriver
Capabilities {acceptInsecureCerts: false, browserName: chrome, browserVersion: 116.0.5845.97, chrome: {chromedriverVersion: 116.0.5845.96 (1a3918166880..., userDataDir: C:\Users\DELL\AppData\Local...}, fedcm:accounts: true, goog:chromeOptions: {debuggerAddress: localhost:59379}, javascriptEnabled: true, networkConnectionEnabled: false, pageLoadStrategy: normal, platform: WINDOWS, platformName: WINDOWS, proxy: Proxy(), setWindowRect: true, strictFileInteractability: false, timeouts: {implicit: 0, pageLoad: 300000, script: 30000}, unhandledPromptBehavior: dismiss and notify, webauthn:extension:credBlob: true, webauthn:extension:largeBlob: true, webauthn:extension:minPinLength: true, webauthn:extension:prf: true, webauthn:virtualAuthenticators: true}
Session ID: 865e4c270c177d5d3f403677444f267e
*** Element info: {Using=xpath, value=//input[@id='username']}
	at org.openqa.selenium.remote.http.W3CHttpResponseCodec.createException(W3CHttpResponseCodec.java:187)
	at org.openqa.selenium.remote.http.W3CHttpResponseCodec.decode(W3CHttpResponseCodec.java:122)
	at org.openqa.selenium.remote.http.W3CHttpResponseCodec.decode(W3CHttpResponseCodec.java:49)
	at org.openqa.selenium.remote.HttpCommandExecutor.execute(HttpCommandExecutor.java:158)
	at org.openqa.selenium.remote.service.DriverCommandExecutor.execute(DriverCommandExecutor.java:83)
	at org.openqa.selenium.remote.RemoteWebDriver.execute(RemoteWebDriver.java:552)
	at com.kms.katalon.selenium.driver.CChromeDriver.execute(CChromeDriver.java:19)
	at org.openqa.selenium.remote.RemoteWebDriver.findElements(RemoteWebDriver.java:353)
	at org.openqa.selenium.remote.RemoteWebDriver.findElementsByXPath(RemoteWebDriver.java:432)
	at org.openqa.selenium.By$ByXPath.findElements(By.java:348)
	at org.openqa.selenium.remote.RemoteWebDriver.findElements(RemoteWebDriver.java:311)
	at org.openqa.selenium.support.events.EventFiringWebDriver.lambda$new$1(EventFiringWebDriver.java:105)
	at com.sun.proxy.$Proxy10.findElements(Unknown Source)
	at org.openqa.selenium.support.events.EventFiringWebDriver.findElements(EventFiringWebDriver.java:182)
	at com.kms.katalon.core.webui.common.WebUiCommonHelper.findElementByNormalMethods(WebUiCommonHelper.java:1027)
	at com.kms.katalon.core.webui.common.WebUiCommonHelper.findElementsBySelectedMethod(WebUiCommonHelper.java:919)
	at com.kms.katalon.core.webui.common.WebUiCommonHelper.findElementsBySelectedMethod(WebUiCommonHelper.java:901)
	at com.kms.katalon.core.webui.common.WebUiCommonHelper.findElementsBySelectedMethod(WebUiCommonHelper.java:896)
	at com.kms.katalon.core.webui.common.WebUiCommonHelper.findElementsByDefault(WebUiCommonHelper.java:892)
	at com.kms.katalon.core.webui.common.WebUiCommonHelper.findWebElements(WebUiCommonHelper.java:720)
	at com.kms.katalon.core.webui.common.WebUiCommonHelper.findWebElement(WebUiCommonHelper.java:1376)
	at com.kms.katalon.core.webui.keyword.internal.WebUIAbstractKeyword.findWebElement(WebUIAbstractKeyword.groovy:27)
	at com.kms.katalon.core.webui.keyword.builtin.ClickKeyword$_click_closure1.doCall(ClickKeyword.groovy:65)
	at com.kms.katalon.core.webui.keyword.builtin.ClickKeyword$_click_closure1.call(ClickKeyword.groovy)
	at com.kms.katalon.core.webui.keyword.internal.WebUIKeywordMain.runKeyword(WebUIKeywordMain.groovy:20)
	... 35 more
)

2023-08-22 09:03:19 - [TEST_CASE][FAILED] - Test Cases/CommonMethods/loginFromHomePage: Test Cases/CommonMethods/loginFromHomePage FAILED.
Reason:
com.kms.katalon.core.exception.StepFailedException: Unable to click on object 'Object Repository/HomePage/EnterUsername_LP'
	at com.kms.katalon.core.webui.keyword.internal.WebUIKeywordMain.stepFailed(WebUIKeywordMain.groovy:64)
	at com.kms.katalon.core.webui.keyword.internal.WebUIKeywordMain.runKeyword(WebUIKeywordMain.groovy:26)
	at com.kms.katalon.core.webui.keyword.builtin.ClickKeyword.click(ClickKeyword.groovy:74)
	at com.kms.katalon.core.webui.keyword.builtin.ClickKeyword.execute(ClickKeyword.groovy:40)
	at com.kms.katalon.core.keyword.internal.KeywordExecutor.executeKeywordForPlatform(KeywordExecutor.groovy:74)
	at com.kms.katalon.core.webui.keyword.WebUiBuiltInKeywords.click(WebUiBuiltInKeywords.groovy:620)
	at com.kms.katalon.core.webui.keyword.WebUiBuiltInKeywords$click$2.call(Unknown Source)
	at loginFromHomePage.run(loginFromHomePage:22)
	at com.kms.katalon.core.main.ScriptEngine.run(ScriptEngine.java:194)
	at com.kms.katalon.core.main.ScriptEngine.runScriptAsRawText(ScriptEngine.java:119)
	at com.kms.katalon.core.main.TestCaseExecutor.runScript(TestCaseExecutor.java:448)
	at com.kms.katalon.core.main.TestCaseExecutor.doExecute(TestCaseExecutor.java:439)
	at com.kms.katalon.core.main.TestCaseExecutor.processExecutionPhase(TestCaseExecutor.java:418)
	at com.kms.katalon.core.main.TestCaseExecutor.accessMainPhase(TestCaseExecutor.java:410)
	at com.kms.katalon.core.main.TestCaseExecutor.execute(TestCaseExecutor.java:285)
	at com.kms.katalon.core.main.TestCaseMain.runTestCase(TestCaseMain.java:144)
	at com.kms.katalon.core.keyword.builtin.CallTestCaseKeyword$_callTestCase_closure1.doCall(CallTestCaseKeyword.groovy:59)
	at com.kms.katalon.core.keyword.builtin.CallTestCaseKeyword$_callTestCase_closure1.call(CallTestCaseKeyword.groovy)
	at com.kms.katalon.core.keyword.internal.KeywordMain.runKeyword(KeywordMain.groovy:75)
	at com.kms.katalon.core.keyword.builtin.CallTestCaseKeyword.callTestCase(CallTestCaseKeyword.groovy:81)
	at com.kms.katalon.core.keyword.builtin.CallTestCaseKeyword.execute(CallTestCaseKeyword.groovy:44)
	at com.kms.katalon.core.keyword.internal.KeywordExecutor.executeKeywordForPlatform(KeywordExecutor.groovy:74)
	at com.kms.katalon.core.keyword.BuiltinKeywords.callTestCase(BuiltinKeywords.groovy:310)
	at TS_SMOKE_SUITE_073.run(TS_SMOKE_SUITE_073:28)
	at com.kms.katalon.core.main.ScriptEngine.run(ScriptEngine.java:194)
	at com.kms.katalon.core.main.ScriptEngine.runScriptAsRawText(ScriptEngine.java:119)
	at com.kms.katalon.core.main.TestCaseExecutor.runScript(TestCaseExecutor.java:448)
	at com.kms.katalon.core.main.TestCaseExecutor.doExecute(TestCaseExecutor.java:439)
	at com.kms.katalon.core.main.TestCaseExecutor.processExecutionPhase(TestCaseExecutor.java:418)
	at com.kms.katalon.core.main.TestCaseExecutor.accessMainPhase(TestCaseExecutor.java:410)
	at com.kms.katalon.core.main.TestCaseExecutor.execute(TestCaseExecutor.java:285)
	at com.kms.katalon.core.common.CommonExecutor.accessTestCaseMainPhase(CommonExecutor.java:65)
	at com.kms.katalon.core.main.TestSuiteExecutor.accessTestSuiteMainPhase(TestSuiteExecutor.java:148)
	at com.kms.katalon.core.main.TestSuiteExecutor.execute(TestSuiteExecutor.java:106)
	at com.kms.katalon.core.main.TestCaseMain.startTestSuite(TestCaseMain.java:187)
	at com.kms.katalon.core.main.TestCaseMain$startTestSuite$0.call(Unknown Source)
	at TempTestSuite1692673207080.run(TempTestSuite1692673207080.groovy:36)
Caused by: org.openqa.selenium.NoSuchWindowException: no such window: target window already closed
from unknown error: web view not found
  (Session info: chrome=116.0.5845.97)
Build info: version: '3.141.59', revision: 'e82be7d358', time: '2018-11-14T08:25:53'
System info: host: 'DESKTOP-L51QJLB', ip: '172.22.45.95', os.name: 'Windows 10', os.arch: 'amd64', os.version: '10.0', java.version: '1.8.0_282'
Driver info: com.kms.katalon.selenium.driver.CChromeDriver
Capabilities {acceptInsecureCerts: false, browserName: chrome, browserVersion: 116.0.5845.97, chrome: {chromedriverVersion: 116.0.5845.96 (1a3918166880..., userDataDir: C:\Users\DELL\AppData\Local...}, fedcm:accounts: true, goog:chromeOptions: {debuggerAddress: localhost:59379}, javascriptEnabled: true, networkConnectionEnabled: false, pageLoadStrategy: normal, platform: WINDOWS, platformName: WINDOWS, proxy: Proxy(), setWindowRect: true, strictFileInteractability: false, timeouts: {implicit: 0, pageLoad: 300000, script: 30000}, unhandledPromptBehavior: dismiss and notify, webauthn:extension:credBlob: true, webauthn:extension:largeBlob: true, webauthn:extension:minPinLength: true, webauthn:extension:prf: true, webauthn:virtualAuthenticators: true}
Session ID: 865e4c270c177d5d3f403677444f267e
*** Element info: {Using=xpath, value=//input[@id='username']}
	at org.openqa.selenium.remote.http.W3CHttpResponseCodec.createException(W3CHttpResponseCodec.java:187)
	at org.openqa.selenium.remote.http.W3CHttpResponseCodec.decode(W3CHttpResponseCodec.java:122)
	at org.openqa.selenium.remote.http.W3CHttpResponseCodec.decode(W3CHttpResponseCodec.java:49)
	at org.openqa.selenium.remote.HttpCommandExecutor.execute(HttpCommandExecutor.java:158)
	at org.openqa.selenium.remote.service.DriverCommandExecutor.execute(DriverCommandExecutor.java:83)
	at org.openqa.selenium.remote.RemoteWebDriver.execute(RemoteWebDriver.java:552)
	at com.kms.katalon.selenium.driver.CChromeDriver.execute(CChromeDriver.java:19)
	at org.openqa.selenium.remote.RemoteWebDriver.findElements(RemoteWebDriver.java:353)
	at org.openqa.selenium.remote.RemoteWebDriver.findElementsByXPath(RemoteWebDriver.java:432)
	at org.openqa.selenium.By$ByXPath.findElements(By.java:348)
	at org.openqa.selenium.remote.RemoteWebDriver.findElements(RemoteWebDriver.java:311)
	at org.openqa.selenium.support.events.EventFiringWebDriver.lambda$new$1(EventFiringWebDriver.java:105)
	at com.sun.proxy.$Proxy10.findElements(Unknown Source)
	at org.openqa.selenium.support.events.EventFiringWebDriver.findElements(EventFiringWebDriver.java:182)
	at com.kms.katalon.core.webui.common.WebUiCommonHelper.findElementByNormalMethods(WebUiCommonHelper.java:1027)
	at com.kms.katalon.core.webui.common.WebUiCommonHelper.findElementsBySelectedMethod(WebUiCommonHelper.java:919)
	at com.kms.katalon.core.webui.common.WebUiCommonHelper.findElementsBySelectedMethod(WebUiCommonHelper.java:901)
	at com.kms.katalon.core.webui.common.WebUiCommonHelper.findElementsBySelectedMethod(WebUiCommonHelper.java:896)
	at com.kms.katalon.core.webui.common.WebUiCommonHelper.findElementsByDefault(WebUiCommonHelper.java:892)
	at com.kms.katalon.core.webui.common.WebUiCommonHelper.findWebElements(WebUiCommonHelper.java:720)
	at com.kms.katalon.core.webui.common.WebUiCommonHelper.findWebElement(WebUiCommonHelper.java:1376)
	at com.kms.katalon.core.webui.keyword.internal.WebUIAbstractKeyword.findWebElement(WebUIAbstractKeyword.groovy:27)
	at com.kms.katalon.core.webui.keyword.builtin.ClickKeyword$_click_closure1.doCall(ClickKeyword.groovy:65)
	at com.kms.katalon.core.webui.keyword.builtin.ClickKeyword$_click_closure1.call(ClickKeyword.groovy)
	at com.kms.katalon.core.webui.keyword.internal.WebUIKeywordMain.runKeyword(WebUIKeywordMain.groovy:20)
	... 35 more


2023-08-22 09:03:19 - [TEST_STEP][PASSED] - delay(3): Delayed 3 second(s)

2023-08-22 09:03:22 - [MESSAGE][PASSED] - Delayed 3 second(s)

2023-08-22 09:03:22 - [TEST_STEP][FAILED] - click(findTestObject("HomePage/EnterUsername_LP")): Unable to click on object 'Object Repository/HomePage/EnterUsername_LP' (Root cause: com.kms.katalon.core.exception.StepFailedException: Unable to click on object 'Object Repository/HomePage/EnterUsername_LP'
	at com.kms.katalon.core.webui.keyword.internal.WebUIKeywordMain.stepFailed(WebUIKeywordMain.groovy:64)
	at com.kms.katalon.core.webui.keyword.internal.WebUIKeywordMain.runKeyword(WebUIKeywordMain.groovy:26)
	at com.kms.katalon.core.webui.keyword.builtin.ClickKeyword.click(ClickKeyword.groovy:74)
	at com.kms.katalon.core.webui.keyword.builtin.ClickKeyword.execute(ClickKeyword.groovy:40)
	at com.kms.katalon.core.keyword.internal.KeywordExecutor.executeKeywordForPlatform(KeywordExecutor.groovy:74)
	at com.kms.katalon.core.webui.keyword.WebUiBuiltInKeywords.click(WebUiBuiltInKeywords.groovy:620)
	at com.kms.katalon.core.webui.keyword.WebUiBuiltInKeywords$click$2.call(Unknown Source)
	at loginFromHomePage.run(loginFromHomePage:22)
	at com.kms.katalon.core.main.ScriptEngine.run(ScriptEngine.java:194)
	at com.kms.katalon.core.main.ScriptEngine.runScriptAsRawText(ScriptEngine.java:119)
	at com.kms.katalon.core.main.TestCaseExecutor.runScript(TestCaseExecutor.java:448)
	at com.kms.katalon.core.main.TestCaseExecutor.doExecute(TestCaseExecutor.java:439)
	at com.kms.katalon.core.main.TestCaseExecutor.processExecutionPhase(TestCaseExecutor.java:418)
	at com.kms.katalon.core.main.TestCaseExecutor.accessMainPhase(TestCaseExecutor.java:410)
	at com.kms.katalon.core.main.TestCaseExecutor.execute(TestCaseExecutor.java:285)
	at com.kms.katalon.core.main.TestCaseMain.runTestCase(TestCaseMain.java:144)
	at com.kms.katalon.core.keyword.builtin.CallTestCaseKeyword$_callTestCase_closure1.doCall(CallTestCaseKeyword.groovy:59)
	at com.kms.katalon.core.keyword.builtin.CallTestCaseKeyword$_callTestCase_closure1.call(CallTestCaseKeyword.groovy)
	at com.kms.katalon.core.keyword.internal.KeywordMain.runKeyword(KeywordMain.groovy:75)
	at com.kms.katalon.core.keyword.builtin.CallTestCaseKeyword.callTestCase(CallTestCaseKeyword.groovy:81)
	at com.kms.katalon.core.keyword.builtin.CallTestCaseKeyword.execute(CallTestCaseKeyword.groovy:44)
	at com.kms.katalon.core.keyword.internal.KeywordExecutor.executeKeywordForPlatform(KeywordExecutor.groovy:74)
	at com.kms.katalon.core.keyword.BuiltinKeywords.callTestCase(BuiltinKeywords.groovy:310)
	at TS_SMOKE_SUITE_073.run(TS_SMOKE_SUITE_073:28)
	at com.kms.katalon.core.main.ScriptEngine.run(ScriptEngine.java:194)
	at com.kms.katalon.core.main.ScriptEngine.runScriptAsRawText(ScriptEngine.java:119)
	at com.kms.katalon.core.main.TestCaseExecutor.runScript(TestCaseExecutor.java:448)
	at com.kms.katalon.core.main.TestCaseExecutor.doExecute(TestCaseExecutor.java:439)
	at com.kms.katalon.core.main.TestCaseExecutor.processExecutionPhase(TestCaseExecutor.java:418)
	at com.kms.katalon.core.main.TestCaseExecutor.accessMainPhase(TestCaseExecutor.java:410)
	at com.kms.katalon.core.main.TestCaseExecutor.execute(TestCaseExecutor.java:285)
	at com.kms.katalon.core.common.CommonExecutor.accessTestCaseMainPhase(CommonExecutor.java:65)
	at com.kms.katalon.core.main.TestSuiteExecutor.accessTestSuiteMainPhase(TestSuiteExecutor.java:148)
	at com.kms.katalon.core.main.TestSuiteExecutor.execute(TestSuiteExecutor.java:106)
	at com.kms.katalon.core.main.TestCaseMain.startTestSuite(TestCaseMain.java:187)
	at com.kms.katalon.core.main.TestCaseMain$startTestSuite$0.call(Unknown Source)
	at TempTestSuite1692673207080.run(TempTestSuite1692673207080.groovy:36)
Caused by: org.openqa.selenium.NoSuchWindowException: no such window: target window already closed
from unknown error: web view not found
  (Session info: chrome=116.0.5845.97)
Build info: version: '3.141.59', revision: 'e82be7d358', time: '2018-11-14T08:25:53'
System info: host: 'DESKTOP-L51QJLB', ip: '172.22.45.95', os.name: 'Windows 10', os.arch: 'amd64', os.version: '10.0', java.version: '1.8.0_282'
Driver info: com.kms.katalon.selenium.driver.CChromeDriver
Capabilities {acceptInsecureCerts: false, browserName: chrome, browserVersion: 116.0.5845.97, chrome: {chromedriverVersion: 116.0.5845.96 (1a3918166880..., userDataDir: C:\Users\DELL\AppData\Local...}, fedcm:accounts: true, goog:chromeOptions: {debuggerAddress: localhost:59379}, javascriptEnabled: true, networkConnectionEnabled: false, pageLoadStrategy: normal, platform: WINDOWS, platformName: WINDOWS, proxy: Proxy(), setWindowRect: true, strictFileInteractability: false, timeouts: {implicit: 0, pageLoad: 300000, script: 30000}, unhandledPromptBehavior: dismiss and notify, webauthn:extension:credBlob: true, webauthn:extension:largeBlob: true, webauthn:extension:minPinLength: true, webauthn:extension:prf: true, webauthn:virtualAuthenticators: true}
Session ID: 865e4c270c177d5d3f403677444f267e
*** Element info: {Using=xpath, value=//input[@id='username']}
	at org.openqa.selenium.remote.http.W3CHttpResponseCodec.createException(W3CHttpResponseCodec.java:187)
	at org.openqa.selenium.remote.http.W3CHttpResponseCodec.decode(W3CHttpResponseCodec.java:122)
	at org.openqa.selenium.remote.http.W3CHttpResponseCodec.decode(W3CHttpResponseCodec.java:49)
	at org.openqa.selenium.remote.HttpCommandExecutor.execute(HttpCommandExecutor.java:158)
	at org.openqa.selenium.remote.service.DriverCommandExecutor.execute(DriverCommandExecutor.java:83)
	at org.openqa.selenium.remote.RemoteWebDriver.execute(RemoteWebDriver.java:552)
	at com.kms.katalon.selenium.driver.CChromeDriver.execute(CChromeDriver.java:19)
	at org.openqa.selenium.remote.RemoteWebDriver.findElements(RemoteWebDriver.java:353)
	at org.openqa.selenium.remote.RemoteWebDriver.findElementsByXPath(RemoteWebDriver.java:432)
	at org.openqa.selenium.By$ByXPath.findElements(By.java:348)
	at org.openqa.selenium.remote.RemoteWebDriver.findElements(RemoteWebDriver.java:311)
	at org.openqa.selenium.support.events.EventFiringWebDriver.lambda$new$1(EventFiringWebDriver.java:105)
	at com.sun.proxy.$Proxy10.findElements(Unknown Source)
	at org.openqa.selenium.support.events.EventFiringWebDriver.findElements(EventFiringWebDriver.java:182)
	at com.kms.katalon.core.webui.common.WebUiCommonHelper.findElementByNormalMethods(WebUiCommonHelper.java:1027)
	at com.kms.katalon.core.webui.common.WebUiCommonHelper.findElementsBySelectedMethod(WebUiCommonHelper.java:919)
	at com.kms.katalon.core.webui.common.WebUiCommonHelper.findElementsBySelectedMethod(WebUiCommonHelper.java:901)
	at com.kms.katalon.core.webui.common.WebUiCommonHelper.findElementsBySelectedMethod(WebUiCommonHelper.java:896)
	at com.kms.katalon.core.webui.common.WebUiCommonHelper.findElementsByDefault(WebUiCommonHelper.java:892)
	at com.kms.katalon.core.webui.common.WebUiCommonHelper.findWebElements(WebUiCommonHelper.java:720)
	at com.kms.katalon.core.webui.common.WebUiCommonHelper.findWebElement(WebUiCommonHelper.java:1376)
	at com.kms.katalon.core.webui.keyword.internal.WebUIAbstractKeyword.findWebElement(WebUIAbstractKeyword.groovy:27)
	at com.kms.katalon.core.webui.keyword.builtin.ClickKeyword$_click_closure1.doCall(ClickKeyword.groovy:65)
	at com.kms.katalon.core.webui.keyword.builtin.ClickKeyword$_click_closure1.call(ClickKeyword.groovy)
	at com.kms.katalon.core.webui.keyword.internal.WebUIKeywordMain.runKeyword(WebUIKeywordMain.groovy:20)
	at com.kms.katalon.core.webui.keyword.builtin.ClickKeyword.click(ClickKeyword.groovy:74)
	at com.kms.katalon.core.webui.keyword.builtin.ClickKeyword.execute(ClickKeyword.groovy:40)
	at com.kms.katalon.core.keyword.internal.KeywordExecutor.executeKeywordForPlatform(KeywordExecutor.groovy:74)
	at com.kms.katalon.core.webui.keyword.WebUiBuiltInKeywords.click(WebUiBuiltInKeywords.groovy:620)
	at com.kms.katalon.core.webui.keyword.WebUiBuiltInKeywords$click$2.call(Unknown Source)
	at Script1666955866800.run(Script1666955866800.groovy:22)
	at com.kms.katalon.core.main.ScriptEngine.run(ScriptEngine.java:194)
	at com.kms.katalon.core.main.ScriptEngine.runScriptAsRawText(ScriptEngine.java:119)
	at com.kms.katalon.core.main.TestCaseExecutor.runScript(TestCaseExecutor.java:448)
	at com.kms.katalon.core.main.TestCaseExecutor.doExecute(TestCaseExecutor.java:439)
	at com.kms.katalon.core.main.TestCaseExecutor.processExecutionPhase(TestCaseExecutor.java:418)
	at com.kms.katalon.core.main.TestCaseExecutor.accessMainPhase(TestCaseExecutor.java:410)
	at com.kms.katalon.core.main.TestCaseExecutor.execute(TestCaseExecutor.java:285)
	at com.kms.katalon.core.main.TestCaseMain.runTestCase(TestCaseMain.java:144)
	at com.kms.katalon.core.keyword.builtin.CallTestCaseKeyword$_callTestCase_closure1.doCall(CallTestCaseKeyword.groovy:59)
	at com.kms.katalon.core.keyword.builtin.CallTestCaseKeyword$_callTestCase_closure1.call(CallTestCaseKeyword.groovy)
	at com.kms.katalon.core.keyword.internal.KeywordMain.runKeyword(KeywordMain.groovy:75)
	at com.kms.katalon.core.keyword.builtin.CallTestCaseKeyword.callTestCase(CallTestCaseKeyword.groovy:81)
	at com.kms.katalon.core.keyword.builtin.CallTestCaseKeyword.execute(CallTestCaseKeyword.groovy:44)
	at com.kms.katalon.core.keyword.internal.KeywordExecutor.executeKeywordForPlatform(KeywordExecutor.groovy:74)
	at com.kms.katalon.core.keyword.BuiltinKeywords.callTestCase(BuiltinKeywords.groovy:310)
	at Script1691447282623.run(Script1691447282623.groovy:28)
	... 13 more
)

2023-08-22 09:03:22 - [MESSAGE][WARNING] - Cannot take screenshot

2023-08-22 09:03:22 - [MESSAGE][FAILED] - Unable to click on object 'Object Repository/HomePage/EnterUsername_LP' (Root cause: com.kms.katalon.core.exception.StepFailedException: Unable to click on object 'Object Repository/HomePage/EnterUsername_LP'
	at com.kms.katalon.core.webui.keyword.internal.WebUIKeywordMain.stepFailed(WebUIKeywordMain.groovy:64)
	at com.kms.katalon.core.webui.keyword.internal.WebUIKeywordMain.runKeyword(WebUIKeywordMain.groovy:26)
	at com.kms.katalon.core.webui.keyword.builtin.ClickKeyword.click(ClickKeyword.groovy:74)
	at com.kms.katalon.core.webui.keyword.builtin.ClickKeyword.execute(ClickKeyword.groovy:40)
	at com.kms.katalon.core.keyword.internal.KeywordExecutor.executeKeywordForPlatform(KeywordExecutor.groovy:74)
	at com.kms.katalon.core.webui.keyword.WebUiBuiltInKeywords.click(WebUiBuiltInKeywords.groovy:620)
	at com.kms.katalon.core.webui.keyword.WebUiBuiltInKeywords$click$2.call(Unknown Source)
	at loginFromHomePage.run(loginFromHomePage:22)
	at com.kms.katalon.core.main.ScriptEngine.run(ScriptEngine.java:194)
	at com.kms.katalon.core.main.ScriptEngine.runScriptAsRawText(ScriptEngine.java:119)
	at com.kms.katalon.core.main.TestCaseExecutor.runScript(TestCaseExecutor.java:448)
	at com.kms.katalon.core.main.TestCaseExecutor.doExecute(TestCaseExecutor.java:439)
	at com.kms.katalon.core.main.TestCaseExecutor.processExecutionPhase(TestCaseExecutor.java:418)
	at com.kms.katalon.core.main.TestCaseExecutor.accessMainPhase(TestCaseExecutor.java:410)
	at com.kms.katalon.core.main.TestCaseExecutor.execute(TestCaseExecutor.java:285)
	at com.kms.katalon.core.main.TestCaseMain.runTestCase(TestCaseMain.java:144)
	at com.kms.katalon.core.keyword.builtin.CallTestCaseKeyword$_callTestCase_closure1.doCall(CallTestCaseKeyword.groovy:59)
	at com.kms.katalon.core.keyword.builtin.CallTestCaseKeyword$_callTestCase_closure1.call(CallTestCaseKeyword.groovy)
	at com.kms.katalon.core.keyword.internal.KeywordMain.runKeyword(KeywordMain.groovy:75)
	at com.kms.katalon.core.keyword.builtin.CallTestCaseKeyword.callTestCase(CallTestCaseKeyword.groovy:81)
	at com.kms.katalon.core.keyword.builtin.CallTestCaseKeyword.execute(CallTestCaseKeyword.groovy:44)
	at com.kms.katalon.core.keyword.internal.KeywordExecutor.executeKeywordForPlatform(KeywordExecutor.groovy:74)
	at com.kms.katalon.core.keyword.BuiltinKeywords.callTestCase(BuiltinKeywords.groovy:310)
	at TS_SMOKE_SUITE_073.run(TS_SMOKE_SUITE_073:28)
	at com.kms.katalon.core.main.ScriptEngine.run(ScriptEngine.java:194)
	at com.kms.katalon.core.main.ScriptEngine.runScriptAsRawText(ScriptEngine.java:119)
	at com.kms.katalon.core.main.TestCaseExecutor.runScript(TestCaseExecutor.java:448)
	at com.kms.katalon.core.main.TestCaseExecutor.doExecute(TestCaseExecutor.java:439)
	at com.kms.katalon.core.main.TestCaseExecutor.processExecutionPhase(TestCaseExecutor.java:418)
	at com.kms.katalon.core.main.TestCaseExecutor.accessMainPhase(TestCaseExecutor.java:410)
	at com.kms.katalon.core.main.TestCaseExecutor.execute(TestCaseExecutor.java:285)
	at com.kms.katalon.core.common.CommonExecutor.accessTestCaseMainPhase(CommonExecutor.java:65)
	at com.kms.katalon.core.main.TestSuiteExecutor.accessTestSuiteMainPhase(TestSuiteExecutor.java:148)
	at com.kms.katalon.core.main.TestSuiteExecutor.execute(TestSuiteExecutor.java:106)
	at com.kms.katalon.core.main.TestCaseMain.startTestSuite(TestCaseMain.java:187)
	at com.kms.katalon.core.main.TestCaseMain$startTestSuite$0.call(Unknown Source)
	at TempTestSuite1692673207080.run(TempTestSuite1692673207080.groovy:36)
Caused by: org.openqa.selenium.NoSuchWindowException: no such window: target window already closed
from unknown error: web view not found
  (Session info: chrome=116.0.5845.97)
Build info: version: '3.141.59', revision: 'e82be7d358', time: '2018-11-14T08:25:53'
System info: host: 'DESKTOP-L51QJLB', ip: '172.22.45.95', os.name: 'Windows 10', os.arch: 'amd64', os.version: '10.0', java.version: '1.8.0_282'
Driver info: com.kms.katalon.selenium.driver.CChromeDriver
Capabilities {acceptInsecureCerts: false, browserName: chrome, browserVersion: 116.0.5845.97, chrome: {chromedriverVersion: 116.0.5845.96 (1a3918166880..., userDataDir: C:\Users\DELL\AppData\Local...}, fedcm:accounts: true, goog:chromeOptions: {debuggerAddress: localhost:59379}, javascriptEnabled: true, networkConnectionEnabled: false, pageLoadStrategy: normal, platform: WINDOWS, platformName: WINDOWS, proxy: Proxy(), setWindowRect: true, strictFileInteractability: false, timeouts: {implicit: 0, pageLoad: 300000, script: 30000}, unhandledPromptBehavior: dismiss and notify, webauthn:extension:credBlob: true, webauthn:extension:largeBlob: true, webauthn:extension:minPinLength: true, webauthn:extension:prf: true, webauthn:virtualAuthenticators: true}
Session ID: 865e4c270c177d5d3f403677444f267e
*** Element info: {Using=xpath, value=//input[@id='username']}
	at org.openqa.selenium.remote.http.W3CHttpResponseCodec.createException(W3CHttpResponseCodec.java:187)
	at org.openqa.selenium.remote.http.W3CHttpResponseCodec.decode(W3CHttpResponseCodec.java:122)
	at org.openqa.selenium.remote.http.W3CHttpResponseCodec.decode(W3CHttpResponseCodec.java:49)
	at org.openqa.selenium.remote.HttpCommandExecutor.execute(HttpCommandExecutor.java:158)
	at org.openqa.selenium.remote.service.DriverCommandExecutor.execute(DriverCommandExecutor.java:83)
	at org.openqa.selenium.remote.RemoteWebDriver.execute(RemoteWebDriver.java:552)
	at com.kms.katalon.selenium.driver.CChromeDriver.execute(CChromeDriver.java:19)
	at org.openqa.selenium.remote.RemoteWebDriver.findElements(RemoteWebDriver.java:353)
	at org.openqa.selenium.remote.RemoteWebDriver.findElementsByXPath(RemoteWebDriver.java:432)
	at org.openqa.selenium.By$ByXPath.findElements(By.java:348)
	at org.openqa.selenium.remote.RemoteWebDriver.findElements(RemoteWebDriver.java:311)
	at org.openqa.selenium.support.events.EventFiringWebDriver.lambda$new$1(EventFiringWebDriver.java:105)
	at com.sun.proxy.$Proxy10.findElements(Unknown Source)
	at org.openqa.selenium.support.events.EventFiringWebDriver.findElements(EventFiringWebDriver.java:182)
	at com.kms.katalon.core.webui.common.WebUiCommonHelper.findElementByNormalMethods(WebUiCommonHelper.java:1027)
	at com.kms.katalon.core.webui.common.WebUiCommonHelper.findElementsBySelectedMethod(WebUiCommonHelper.java:919)
	at com.kms.katalon.core.webui.common.WebUiCommonHelper.findElementsBySelectedMethod(WebUiCommonHelper.java:901)
	at com.kms.katalon.core.webui.common.WebUiCommonHelper.findElementsBySelectedMethod(WebUiCommonHelper.java:896)
	at com.kms.katalon.core.webui.common.WebUiCommonHelper.findElementsByDefault(WebUiCommonHelper.java:892)
	at com.kms.katalon.core.webui.common.WebUiCommonHelper.findWebElements(WebUiCommonHelper.java:720)
	at com.kms.katalon.core.webui.common.WebUiCommonHelper.findWebElement(WebUiCommonHelper.java:1376)
	at com.kms.katalon.core.webui.keyword.internal.WebUIAbstractKeyword.findWebElement(WebUIAbstractKeyword.groovy:27)
	at com.kms.katalon.core.webui.keyword.builtin.ClickKeyword$_click_closure1.doCall(ClickKeyword.groovy:65)
	at com.kms.katalon.core.webui.keyword.builtin.ClickKeyword$_click_closure1.call(ClickKeyword.groovy)
	at com.kms.katalon.core.webui.keyword.internal.WebUIKeywordMain.runKeyword(WebUIKeywordMain.groovy:20)
	at com.kms.katalon.core.webui.keyword.builtin.ClickKeyword.click(ClickKeyword.groovy:74)
	at com.kms.katalon.core.webui.keyword.builtin.ClickKeyword.execute(ClickKeyword.groovy:40)
	at com.kms.katalon.core.keyword.internal.KeywordExecutor.executeKeywordForPlatform(KeywordExecutor.groovy:74)
	at com.kms.katalon.core.webui.keyword.WebUiBuiltInKeywords.click(WebUiBuiltInKeywords.groovy:620)
	at com.kms.katalon.core.webui.keyword.WebUiBuiltInKeywords$click$2.call(Unknown Source)
	at Script1666955866800.run(Script1666955866800.groovy:22)
	at com.kms.katalon.core.main.ScriptEngine.run(ScriptEngine.java:194)
	at com.kms.katalon.core.main.ScriptEngine.runScriptAsRawText(ScriptEngine.java:119)
	at com.kms.katalon.core.main.TestCaseExecutor.runScript(TestCaseExecutor.java:448)
	at com.kms.katalon.core.main.TestCaseExecutor.doExecute(TestCaseExecutor.java:439)
	at com.kms.katalon.core.main.TestCaseExecutor.processExecutionPhase(TestCaseExecutor.java:418)
	at com.kms.katalon.core.main.TestCaseExecutor.accessMainPhase(TestCaseExecutor.java:410)
	at com.kms.katalon.core.main.TestCaseExecutor.execute(TestCaseExecutor.java:285)
	at com.kms.katalon.core.main.TestCaseMain.runTestCase(TestCaseMain.java:144)
	at com.kms.katalon.core.keyword.builtin.CallTestCaseKeyword$_callTestCase_closure1.doCall(CallTestCaseKeyword.groovy:59)
	at com.kms.katalon.core.keyword.builtin.CallTestCaseKeyword$_callTestCase_closure1.call(CallTestCaseKeyword.groovy)
	at com.kms.katalon.core.keyword.internal.KeywordMain.runKeyword(KeywordMain.groovy:75)
	at com.kms.katalon.core.keyword.builtin.CallTestCaseKeyword.callTestCase(CallTestCaseKeyword.groovy:81)
	at com.kms.katalon.core.keyword.builtin.CallTestCaseKeyword.execute(CallTestCaseKeyword.groovy:44)
	at com.kms.katalon.core.keyword.internal.KeywordExecutor.executeKeywordForPlatform(KeywordExecutor.groovy:74)
	at com.kms.katalon.core.keyword.BuiltinKeywords.callTestCase(BuiltinKeywords.groovy:310)
	at Script1691447282623.run(Script1691447282623.groovy:28)
	... 13 more
)

2023-08-22 09:03:22 - [MESSAGE][FAILED] - Unable to call Test Case 'Test Cases/CommonMethods/loginFromHomePage' (Root cause: com.kms.katalon.core.exception.StepFailedException: Call Test Case 'Test Cases/CommonMethods/loginFromHomePage' failed
	at com.kms.katalon.core.keyword.builtin.CallTestCaseKeyword$_callTestCase_closure1.doCall(CallTestCaseKeyword.groovy:63)
	at com.kms.katalon.core.keyword.builtin.CallTestCaseKeyword$_callTestCase_closure1.call(CallTestCaseKeyword.groovy)
	at com.kms.katalon.core.keyword.internal.KeywordMain.runKeyword(KeywordMain.groovy:75)
	at com.kms.katalon.core.keyword.builtin.CallTestCaseKeyword.callTestCase(CallTestCaseKeyword.groovy:81)
	at com.kms.katalon.core.keyword.builtin.CallTestCaseKeyword.execute(CallTestCaseKeyword.groovy:44)
	at com.kms.katalon.core.keyword.internal.KeywordExecutor.executeKeywordForPlatform(KeywordExecutor.groovy:74)
	at com.kms.katalon.core.keyword.BuiltinKeywords.callTestCase(BuiltinKeywords.groovy:310)
	at TS_SMOKE_SUITE_073.run(TS_SMOKE_SUITE_073:28)
	at com.kms.katalon.core.main.ScriptEngine.run(ScriptEngine.java:194)
	at com.kms.katalon.core.main.ScriptEngine.runScriptAsRawText(ScriptEngine.java:119)
	at com.kms.katalon.core.main.TestCaseExecutor.runScript(TestCaseExecutor.java:448)
	at com.kms.katalon.core.main.TestCaseExecutor.doExecute(TestCaseExecutor.java:439)
	at com.kms.katalon.core.main.TestCaseExecutor.processExecutionPhase(TestCaseExecutor.java:418)
	at com.kms.katalon.core.main.TestCaseExecutor.accessMainPhase(TestCaseExecutor.java:410)
	at com.kms.katalon.core.main.TestCaseExecutor.execute(TestCaseExecutor.java:285)
	at com.kms.katalon.core.common.CommonExecutor.accessTestCaseMainPhase(CommonExecutor.java:65)
	at com.kms.katalon.core.main.TestSuiteExecutor.accessTestSuiteMainPhase(TestSuiteExecutor.java:148)
	at com.kms.katalon.core.main.TestSuiteExecutor.execute(TestSuiteExecutor.java:106)
	at com.kms.katalon.core.main.TestCaseMain.startTestSuite(TestCaseMain.java:187)
	at com.kms.katalon.core.main.TestCaseMain$startTestSuite$0.call(Unknown Source)
	at TempTestSuite1692673207080.run(TempTestSuite1692673207080.groovy:36)
Caused by: com.kms.katalon.core.exception.StepFailedException: Unable to click on object 'Object Repository/HomePage/EnterUsername_LP'
	at com.kms.katalon.core.webui.keyword.internal.WebUIKeywordMain.stepFailed(WebUIKeywordMain.groovy:64)
	at com.kms.katalon.core.webui.keyword.internal.WebUIKeywordMain.runKeyword(WebUIKeywordMain.groovy:26)
	at com.kms.katalon.core.webui.keyword.builtin.ClickKeyword.click(ClickKeyword.groovy:74)
	at com.kms.katalon.core.webui.keyword.builtin.ClickKeyword.execute(ClickKeyword.groovy:40)
	at com.kms.katalon.core.keyword.internal.KeywordExecutor.executeKeywordForPlatform(KeywordExecutor.groovy:74)
	at com.kms.katalon.core.webui.keyword.WebUiBuiltInKeywords.click(WebUiBuiltInKeywords.groovy:620)
	at com.kms.katalon.core.webui.keyword.WebUiBuiltInKeywords$click$2.call(Unknown Source)
	at loginFromHomePage.run(loginFromHomePage:22)
	at com.kms.katalon.core.main.ScriptEngine.run(ScriptEngine.java:194)
	at com.kms.katalon.core.main.ScriptEngine.runScriptAsRawText(ScriptEngine.java:119)
	at com.kms.katalon.core.main.TestCaseExecutor.runScript(TestCaseExecutor.java:448)
	at com.kms.katalon.core.main.TestCaseExecutor.doExecute(TestCaseExecutor.java:439)
	at com.kms.katalon.core.main.TestCaseExecutor.processExecutionPhase(TestCaseExecutor.java:418)
	at com.kms.katalon.core.main.TestCaseExecutor.accessMainPhase(TestCaseExecutor.java:410)
	at com.kms.katalon.core.main.TestCaseExecutor.execute(TestCaseExecutor.java:285)
	at com.kms.katalon.core.main.TestCaseMain.runTestCase(TestCaseMain.java:144)
	at com.kms.katalon.core.keyword.builtin.CallTestCaseKeyword$_callTestCase_closure1.doCall(CallTestCaseKeyword.groovy:59)
	... 20 more
Caused by: org.openqa.selenium.NoSuchWindowException: no such window: target window already closed
from unknown error: web view not found
  (Session info: chrome=116.0.5845.97)
Build info: version: '3.141.59', revision: 'e82be7d358', time: '2018-11-14T08:25:53'
System info: host: 'DESKTOP-L51QJLB', ip: '172.22.45.95', os.name: 'Windows 10', os.arch: 'amd64', os.version: '10.0', java.version: '1.8.0_282'
Driver info: com.kms.katalon.selenium.driver.CChromeDriver
Capabilities {acceptInsecureCerts: false, browserName: chrome, browserVersion: 116.0.5845.97, chrome: {chromedriverVersion: 116.0.5845.96 (1a3918166880..., userDataDir: C:\Users\DELL\AppData\Local...}, fedcm:accounts: true, goog:chromeOptions: {debuggerAddress: localhost:59379}, javascriptEnabled: true, networkConnectionEnabled: false, pageLoadStrategy: normal, platform: WINDOWS, platformName: WINDOWS, proxy: Proxy(), setWindowRect: true, strictFileInteractability: false, timeouts: {implicit: 0, pageLoad: 300000, script: 30000}, unhandledPromptBehavior: dismiss and notify, webauthn:extension:credBlob: true, webauthn:extension:largeBlob: true, webauthn:extension:minPinLength: true, webauthn:extension:prf: true, webauthn:virtualAuthenticators: true}
Session ID: 865e4c270c177d5d3f403677444f267e
*** Element info: {Using=xpath, value=//input[@id='username']}
	at org.openqa.selenium.remote.http.W3CHttpResponseCodec.createException(W3CHttpResponseCodec.java:187)
	at org.openqa.selenium.remote.http.W3CHttpResponseCodec.decode(W3CHttpResponseCodec.java:122)
	at org.openqa.selenium.remote.http.W3CHttpResponseCodec.decode(W3CHttpResponseCodec.java:49)
	at org.openqa.selenium.remote.HttpCommandExecutor.execute(HttpCommandExecutor.java:158)
	at org.openqa.selenium.remote.service.DriverCommandExecutor.execute(DriverCommandExecutor.java:83)
	at org.openqa.selenium.remote.RemoteWebDriver.execute(RemoteWebDriver.java:552)
	at com.kms.katalon.selenium.driver.CChromeDriver.execute(CChromeDriver.java:19)
	at org.openqa.selenium.remote.RemoteWebDriver.findElements(RemoteWebDriver.java:353)
	at org.openqa.selenium.remote.RemoteWebDriver.findElementsByXPath(RemoteWebDriver.java:432)
	at org.openqa.selenium.By$ByXPath.findElements(By.java:348)
	at org.openqa.selenium.remote.RemoteWebDriver.findElements(RemoteWebDriver.java:311)
	at org.openqa.selenium.support.events.EventFiringWebDriver.lambda$new$1(EventFiringWebDriver.java:105)
	at com.sun.proxy.$Proxy10.findElements(Unknown Source)
	at org.openqa.selenium.support.events.EventFiringWebDriver.findElements(EventFiringWebDriver.java:182)
	at com.kms.katalon.core.webui.common.WebUiCommonHelper.findElementByNormalMethods(WebUiCommonHelper.java:1027)
	at com.kms.katalon.core.webui.common.WebUiCommonHelper.findElementsBySelectedMethod(WebUiCommonHelper.java:919)
	at com.kms.katalon.core.webui.common.WebUiCommonHelper.findElementsBySelectedMethod(WebUiCommonHelper.java:901)
	at com.kms.katalon.core.webui.common.WebUiCommonHelper.findElementsBySelectedMethod(WebUiCommonHelper.java:896)
	at com.kms.katalon.core.webui.common.WebUiCommonHelper.findElementsByDefault(WebUiCommonHelper.java:892)
	at com.kms.katalon.core.webui.common.WebUiCommonHelper.findWebElements(WebUiCommonHelper.java:720)
	at com.kms.katalon.core.webui.common.WebUiCommonHelper.findWebElement(WebUiCommonHelper.java:1376)
	at com.kms.katalon.core.webui.keyword.internal.WebUIAbstractKeyword.findWebElement(WebUIAbstractKeyword.groovy:27)
	at com.kms.katalon.core.webui.keyword.builtin.ClickKeyword$_click_closure1.doCall(ClickKeyword.groovy:65)
	at com.kms.katalon.core.webui.keyword.builtin.ClickKeyword$_click_closure1.call(ClickKeyword.groovy)
	at com.kms.katalon.core.webui.keyword.internal.WebUIKeywordMain.runKeyword(WebUIKeywordMain.groovy:20)
	... 35 more
)]]></system-out>
         <system-err><![CDATA[2023-08-22 09:02:12 - [TEST_CASE][FAILED] - Test Cases/Checkout/TS_SMOKE_SUITE_073: Test Cases/Checkout/TS_SMOKE_SUITE_073 FAILED.
Reason:
com.kms.katalon.core.exception.StepFailedException: Call Test Case 'Test Cases/CommonMethods/loginFromHomePage' failed
	at com.kms.katalon.core.keyword.builtin.CallTestCaseKeyword$_callTestCase_closure1.doCall(CallTestCaseKeyword.groovy:63)
	at com.kms.katalon.core.keyword.builtin.CallTestCaseKeyword$_callTestCase_closure1.call(CallTestCaseKeyword.groovy)
	at com.kms.katalon.core.keyword.internal.KeywordMain.runKeyword(KeywordMain.groovy:75)
	at com.kms.katalon.core.keyword.builtin.CallTestCaseKeyword.callTestCase(CallTestCaseKeyword.groovy:81)
	at com.kms.katalon.core.keyword.builtin.CallTestCaseKeyword.execute(CallTestCaseKeyword.groovy:44)
	at com.kms.katalon.core.keyword.internal.KeywordExecutor.executeKeywordForPlatform(KeywordExecutor.groovy:74)
	at com.kms.katalon.core.keyword.BuiltinKeywords.callTestCase(BuiltinKeywords.groovy:310)
	at TS_SMOKE_SUITE_073.run(TS_SMOKE_SUITE_073:28)
	at com.kms.katalon.core.main.ScriptEngine.run(ScriptEngine.java:194)
	at com.kms.katalon.core.main.ScriptEngine.runScriptAsRawText(ScriptEngine.java:119)
	at com.kms.katalon.core.main.TestCaseExecutor.runScript(TestCaseExecutor.java:448)
	at com.kms.katalon.core.main.TestCaseExecutor.doExecute(TestCaseExecutor.java:439)
	at com.kms.katalon.core.main.TestCaseExecutor.processExecutionPhase(TestCaseExecutor.java:418)
	at com.kms.katalon.core.main.TestCaseExecutor.accessMainPhase(TestCaseExecutor.java:410)
	at com.kms.katalon.core.main.TestCaseExecutor.execute(TestCaseExecutor.java:285)
	at com.kms.katalon.core.common.CommonExecutor.accessTestCaseMainPhase(CommonExecutor.java:65)
	at com.kms.katalon.core.main.TestSuiteExecutor.accessTestSuiteMainPhase(TestSuiteExecutor.java:148)
	at com.kms.katalon.core.main.TestSuiteExecutor.execute(TestSuiteExecutor.java:106)
	at com.kms.katalon.core.main.TestCaseMain.startTestSuite(TestCaseMain.java:187)
	at com.kms.katalon.core.main.TestCaseMain$startTestSuite$0.call(Unknown Source)
	at TempTestSuite1692673207080.run(TempTestSuite1692673207080.groovy:36)
Caused by: com.kms.katalon.core.exception.StepFailedException: Unable to click on object 'Object Repository/HomePage/EnterUsername_LP'
	at com.kms.katalon.core.webui.keyword.internal.WebUIKeywordMain.stepFailed(WebUIKeywordMain.groovy:64)
	at com.kms.katalon.core.webui.keyword.internal.WebUIKeywordMain.runKeyword(WebUIKeywordMain.groovy:26)
	at com.kms.katalon.core.webui.keyword.builtin.ClickKeyword.click(ClickKeyword.groovy:74)
	at com.kms.katalon.core.webui.keyword.builtin.ClickKeyword.execute(ClickKeyword.groovy:40)
	at com.kms.katalon.core.keyword.internal.KeywordExecutor.executeKeywordForPlatform(KeywordExecutor.groovy:74)
	at com.kms.katalon.core.webui.keyword.WebUiBuiltInKeywords.click(WebUiBuiltInKeywords.groovy:620)
	at com.kms.katalon.core.webui.keyword.WebUiBuiltInKeywords$click$2.call(Unknown Source)
	at loginFromHomePage.run(loginFromHomePage:22)
	at com.kms.katalon.core.main.ScriptEngine.run(ScriptEngine.java:194)
	at com.kms.katalon.core.main.ScriptEngine.runScriptAsRawText(ScriptEngine.java:119)
	at com.kms.katalon.core.main.TestCaseExecutor.runScript(TestCaseExecutor.java:448)
	at com.kms.katalon.core.main.TestCaseExecutor.doExecute(TestCaseExecutor.java:439)
	at com.kms.katalon.core.main.TestCaseExecutor.processExecutionPhase(TestCaseExecutor.java:418)
	at com.kms.katalon.core.main.TestCaseExecutor.accessMainPhase(TestCaseExecutor.java:410)
	at com.kms.katalon.core.main.TestCaseExecutor.execute(TestCaseExecutor.java:285)
	at com.kms.katalon.core.main.TestCaseMain.runTestCase(TestCaseMain.java:144)
	at com.kms.katalon.core.keyword.builtin.CallTestCaseKeyword$_callTestCase_closure1.doCall(CallTestCaseKeyword.groovy:59)
	... 20 more
Caused by: org.openqa.selenium.NoSuchWindowException: no such window: target window already closed
from unknown error: web view not found
  (Session info: chrome=116.0.5845.97)
Build info: version: '3.141.59', revision: 'e82be7d358', time: '2018-11-14T08:25:53'
System info: host: 'DESKTOP-L51QJLB', ip: '172.22.45.95', os.name: 'Windows 10', os.arch: 'amd64', os.version: '10.0', java.version: '1.8.0_282'
Driver info: com.kms.katalon.selenium.driver.CChromeDriver
Capabilities {acceptInsecureCerts: false, browserName: chrome, browserVersion: 116.0.5845.97, chrome: {chromedriverVersion: 116.0.5845.96 (1a3918166880..., userDataDir: C:\Users\DELL\AppData\Local...}, fedcm:accounts: true, goog:chromeOptions: {debuggerAddress: localhost:59379}, javascriptEnabled: true, networkConnectionEnabled: false, pageLoadStrategy: normal, platform: WINDOWS, platformName: WINDOWS, proxy: Proxy(), setWindowRect: true, strictFileInteractability: false, timeouts: {implicit: 0, pageLoad: 300000, script: 30000}, unhandledPromptBehavior: dismiss and notify, webauthn:extension:credBlob: true, webauthn:extension:largeBlob: true, webauthn:extension:minPinLength: true, webauthn:extension:prf: true, webauthn:virtualAuthenticators: true}
Session ID: 865e4c270c177d5d3f403677444f267e
*** Element info: {Using=xpath, value=//input[@id='username']}
	at org.openqa.selenium.remote.http.W3CHttpResponseCodec.createException(W3CHttpResponseCodec.java:187)
	at org.openqa.selenium.remote.http.W3CHttpResponseCodec.decode(W3CHttpResponseCodec.java:122)
	at org.openqa.selenium.remote.http.W3CHttpResponseCodec.decode(W3CHttpResponseCodec.java:49)
	at org.openqa.selenium.remote.HttpCommandExecutor.execute(HttpCommandExecutor.java:158)
	at org.openqa.selenium.remote.service.DriverCommandExecutor.execute(DriverCommandExecutor.java:83)
	at org.openqa.selenium.remote.RemoteWebDriver.execute(RemoteWebDriver.java:552)
	at com.kms.katalon.selenium.driver.CChromeDriver.execute(CChromeDriver.java:19)
	at org.openqa.selenium.remote.RemoteWebDriver.findElements(RemoteWebDriver.java:353)
	at org.openqa.selenium.remote.RemoteWebDriver.findElementsByXPath(RemoteWebDriver.java:432)
	at org.openqa.selenium.By$ByXPath.findElements(By.java:348)
	at org.openqa.selenium.remote.RemoteWebDriver.findElements(RemoteWebDriver.java:311)
	at org.openqa.selenium.support.events.EventFiringWebDriver.lambda$new$1(EventFiringWebDriver.java:105)
	at com.sun.proxy.$Proxy10.findElements(Unknown Source)
	at org.openqa.selenium.support.events.EventFiringWebDriver.findElements(EventFiringWebDriver.java:182)
	at com.kms.katalon.core.webui.common.WebUiCommonHelper.findElementByNormalMethods(WebUiCommonHelper.java:1027)
	at com.kms.katalon.core.webui.common.WebUiCommonHelper.findElementsBySelectedMethod(WebUiCommonHelper.java:919)
	at com.kms.katalon.core.webui.common.WebUiCommonHelper.findElementsBySelectedMethod(WebUiCommonHelper.java:901)
	at com.kms.katalon.core.webui.common.WebUiCommonHelper.findElementsBySelectedMethod(WebUiCommonHelper.java:896)
	at com.kms.katalon.core.webui.common.WebUiCommonHelper.findElementsByDefault(WebUiCommonHelper.java:892)
	at com.kms.katalon.core.webui.common.WebUiCommonHelper.findWebElements(WebUiCommonHelper.java:720)
	at com.kms.katalon.core.webui.common.WebUiCommonHelper.findWebElement(WebUiCommonHelper.java:1376)
	at com.kms.katalon.core.webui.keyword.internal.WebUIAbstractKeyword.findWebElement(WebUIAbstractKeyword.groovy:27)
	at com.kms.katalon.core.webui.keyword.builtin.ClickKeyword$_click_closure1.doCall(ClickKeyword.groovy:65)
	at com.kms.katalon.core.webui.keyword.builtin.ClickKeyword$_click_closure1.call(ClickKeyword.groovy)
	at com.kms.katalon.core.webui.keyword.internal.WebUIKeywordMain.runKeyword(WebUIKeywordMain.groovy:20)
	... 35 more]]></system-err>
      </testcase>
      <testcase name="Test Cases/Checkout/TS_SMOKE_SUITE_075" time="63.664" classname="Test Cases/Checkout/TS_SMOKE_SUITE_075" status="FAILED">
         <failure type="FAILED" message="Test Cases/Checkout/TS_SMOKE_SUITE_075 FAILED.
Reason:
com.kms.katalon.core.exception.StepFailedException: Call Test Case 'Test Cases/CommonMethods/loginFromHomePage' failed
	at com.kms.katalon.core.keyword.builtin.CallTestCaseKeyword$_callTestCase_closure1.doCall(CallTestCaseKeyword.groovy:63)
	at com.kms.katalon.core.keyword.builtin.CallTestCaseKeyword$_callTestCase_closure1.call(CallTestCaseKeyword.groovy)
	at com.kms.katalon.core.keyword.internal.KeywordMain.runKeyword(KeywordMain.groovy:75)
	at com.kms.katalon.core.keyword.builtin.CallTestCaseKeyword.callTestCase(CallTestCaseKeyword.groovy:81)
	at com.kms.katalon.core.keyword.builtin.CallTestCaseKeyword.execute(CallTestCaseKeyword.groovy:44)
	at com.kms.katalon.core.keyword.internal.KeywordExecutor.executeKeywordForPlatform(KeywordExecutor.groovy:74)
	at com.kms.katalon.core.keyword.BuiltinKeywords.callTestCase(BuiltinKeywords.groovy:310)
	at TS_SMOKE_SUITE_075.run(TS_SMOKE_SUITE_075:28)
	at com.kms.katalon.core.main.ScriptEngine.run(ScriptEngine.java:194)
	at com.kms.katalon.core.main.ScriptEngine.runScriptAsRawText(ScriptEngine.java:119)
	at com.kms.katalon.core.main.TestCaseExecutor.runScript(TestCaseExecutor.java:448)
	at com.kms.katalon.core.main.TestCaseExecutor.doExecute(TestCaseExecutor.java:439)
	at com.kms.katalon.core.main.TestCaseExecutor.processExecutionPhase(TestCaseExecutor.java:418)
	at com.kms.katalon.core.main.TestCaseExecutor.accessMainPhase(TestCaseExecutor.java:410)
	at com.kms.katalon.core.main.TestCaseExecutor.execute(TestCaseExecutor.java:285)
	at com.kms.katalon.core.common.CommonExecutor.accessTestCaseMainPhase(CommonExecutor.java:65)
	at com.kms.katalon.core.main.TestSuiteExecutor.accessTestSuiteMainPhase(TestSuiteExecutor.java:148)
	at com.kms.katalon.core.main.TestSuiteExecutor.execute(TestSuiteExecutor.java:106)
	at com.kms.katalon.core.main.TestCaseMain.startTestSuite(TestCaseMain.java:187)
	at com.kms.katalon.core.main.TestCaseMain$startTestSuite$0.call(Unknown Source)
	at TempTestSuite1692673207080.run(TempTestSuite1692673207080.groovy:36)
Caused by: com.kms.katalon.core.exception.StepFailedException: Unable to click on object 'Object Repository/HomePage/EnterUsername_LP'
	at com.kms.katalon.core.webui.keyword.internal.WebUIKeywordMain.stepFailed(WebUIKeywordMain.groovy:64)
	at com.kms.katalon.core.webui.keyword.internal.WebUIKeywordMain.runKeyword(WebUIKeywordMain.groovy:26)
	at com.kms.katalon.core.webui.keyword.builtin.ClickKeyword.click(ClickKeyword.groovy:74)
	at com.kms.katalon.core.webui.keyword.builtin.ClickKeyword.execute(ClickKeyword.groovy:40)
	at com.kms.katalon.core.keyword.internal.KeywordExecutor.executeKeywordForPlatform(KeywordExecutor.groovy:74)
	at com.kms.katalon.core.webui.keyword.WebUiBuiltInKeywords.click(WebUiBuiltInKeywords.groovy:620)
	at com.kms.katalon.core.webui.keyword.WebUiBuiltInKeywords$click$2.call(Unknown Source)
	at loginFromHomePage.run(loginFromHomePage:22)
	at com.kms.katalon.core.main.ScriptEngine.run(ScriptEngine.java:194)
	at com.kms.katalon.core.main.ScriptEngine.runScriptAsRawText(ScriptEngine.java:119)
	at com.kms.katalon.core.main.TestCaseExecutor.runScript(TestCaseExecutor.java:448)
	at com.kms.katalon.core.main.TestCaseExecutor.doExecute(TestCaseExecutor.java:439)
	at com.kms.katalon.core.main.TestCaseExecutor.processExecutionPhase(TestCaseExecutor.java:418)
	at com.kms.katalon.core.main.TestCaseExecutor.accessMainPhase(TestCaseExecutor.java:410)
	at com.kms.katalon.core.main.TestCaseExecutor.execute(TestCaseExecutor.java:285)
	at com.kms.katalon.core.main.TestCaseMain.runTestCase(TestCaseMain.java:144)
	at com.kms.katalon.core.keyword.builtin.CallTestCaseKeyword$_callTestCase_closure1.doCall(CallTestCaseKeyword.groovy:59)
	... 20 more
Caused by: org.openqa.selenium.NoSuchWindowException: no such window: target window already closed
from unknown error: web view not found
  (Session info: chrome=116.0.5845.97)
Build info: version: '3.141.59', revision: 'e82be7d358', time: '2018-11-14T08:25:53'
System info: host: 'DESKTOP-L51QJLB', ip: '172.22.45.95', os.name: 'Windows 10', os.arch: 'amd64', os.version: '10.0', java.version: '1.8.0_282'
Driver info: com.kms.katalon.selenium.driver.CChromeDriver
Capabilities {acceptInsecureCerts: false, browserName: chrome, browserVersion: 116.0.5845.97, chrome: {chromedriverVersion: 116.0.5845.96 (1a3918166880..., userDataDir: C:\Users\DELL\AppData\Local...}, fedcm:accounts: true, goog:chromeOptions: {debuggerAddress: localhost:59572}, javascriptEnabled: true, networkConnectionEnabled: false, pageLoadStrategy: normal, platform: WINDOWS, platformName: WINDOWS, proxy: Proxy(), setWindowRect: true, strictFileInteractability: false, timeouts: {implicit: 0, pageLoad: 300000, script: 30000}, unhandledPromptBehavior: dismiss and notify, webauthn:extension:credBlob: true, webauthn:extension:largeBlob: true, webauthn:extension:minPinLength: true, webauthn:extension:prf: true, webauthn:virtualAuthenticators: true}
Session ID: 8b05037cf3ab0c2369dc22d8a60ee595
*** Element info: {Using=xpath, value=//input[@id='username']}
	at org.openqa.selenium.remote.http.W3CHttpResponseCodec.createException(W3CHttpResponseCodec.java:187)
	at org.openqa.selenium.remote.http.W3CHttpResponseCodec.decode(W3CHttpResponseCodec.java:122)
	at org.openqa.selenium.remote.http.W3CHttpResponseCodec.decode(W3CHttpResponseCodec.java:49)
	at org.openqa.selenium.remote.HttpCommandExecutor.execute(HttpCommandExecutor.java:158)
	at org.openqa.selenium.remote.service.DriverCommandExecutor.execute(DriverCommandExecutor.java:83)
	at org.openqa.selenium.remote.RemoteWebDriver.execute(RemoteWebDriver.java:552)
	at com.kms.katalon.selenium.driver.CChromeDriver.execute(CChromeDriver.java:19)
	at org.openqa.selenium.remote.RemoteWebDriver.findElements(RemoteWebDriver.java:353)
	at org.openqa.selenium.remote.RemoteWebDriver.findElementsByXPath(RemoteWebDriver.java:432)
	at org.openqa.selenium.By$ByXPath.findElements(By.java:348)
	at org.openqa.selenium.remote.RemoteWebDriver.findElements(RemoteWebDriver.java:311)
	at org.openqa.selenium.support.events.EventFiringWebDriver.lambda$new$1(EventFiringWebDriver.java:105)
	at com.sun.proxy.$Proxy10.findElements(Unknown Source)
	at org.openqa.selenium.support.events.EventFiringWebDriver.findElements(EventFiringWebDriver.java:182)
	at com.kms.katalon.core.webui.common.WebUiCommonHelper.findElementByNormalMethods(WebUiCommonHelper.java:1027)
	at com.kms.katalon.core.webui.common.WebUiCommonHelper.findElementsBySelectedMethod(WebUiCommonHelper.java:919)
	at com.kms.katalon.core.webui.common.WebUiCommonHelper.findElementsBySelectedMethod(WebUiCommonHelper.java:901)
	at com.kms.katalon.core.webui.common.WebUiCommonHelper.findElementsBySelectedMethod(WebUiCommonHelper.java:896)
	at com.kms.katalon.core.webui.common.WebUiCommonHelper.findElementsByDefault(WebUiCommonHelper.java:892)
	at com.kms.katalon.core.webui.common.WebUiCommonHelper.findWebElements(WebUiCommonHelper.java:720)
	at com.kms.katalon.core.webui.common.WebUiCommonHelper.findWebElement(WebUiCommonHelper.java:1376)
	at com.kms.katalon.core.webui.keyword.internal.WebUIAbstractKeyword.findWebElement(WebUIAbstractKeyword.groovy:27)
	at com.kms.katalon.core.webui.keyword.builtin.ClickKeyword$_click_closure1.doCall(ClickKeyword.groovy:65)
	at com.kms.katalon.core.webui.keyword.builtin.ClickKeyword$_click_closure1.call(ClickKeyword.groovy)
	at com.kms.katalon.core.webui.keyword.internal.WebUIKeywordMain.runKeyword(WebUIKeywordMain.groovy:20)
	... 35 more
"/>
         <system-out><![CDATA[2023-08-22 09:03:22 - [TEST_CASE][FAILED] - Test Cases/Checkout/TS_SMOKE_SUITE_075: Test Cases/Checkout/TS_SMOKE_SUITE_075 FAILED.
Reason:
com.kms.katalon.core.exception.StepFailedException: Call Test Case 'Test Cases/CommonMethods/loginFromHomePage' failed
	at com.kms.katalon.core.keyword.builtin.CallTestCaseKeyword$_callTestCase_closure1.doCall(CallTestCaseKeyword.groovy:63)
	at com.kms.katalon.core.keyword.builtin.CallTestCaseKeyword$_callTestCase_closure1.call(CallTestCaseKeyword.groovy)
	at com.kms.katalon.core.keyword.internal.KeywordMain.runKeyword(KeywordMain.groovy:75)
	at com.kms.katalon.core.keyword.builtin.CallTestCaseKeyword.callTestCase(CallTestCaseKeyword.groovy:81)
	at com.kms.katalon.core.keyword.builtin.CallTestCaseKeyword.execute(CallTestCaseKeyword.groovy:44)
	at com.kms.katalon.core.keyword.internal.KeywordExecutor.executeKeywordForPlatform(KeywordExecutor.groovy:74)
	at com.kms.katalon.core.keyword.BuiltinKeywords.callTestCase(BuiltinKeywords.groovy:310)
	at TS_SMOKE_SUITE_075.run(TS_SMOKE_SUITE_075:28)
	at com.kms.katalon.core.main.ScriptEngine.run(ScriptEngine.java:194)
	at com.kms.katalon.core.main.ScriptEngine.runScriptAsRawText(ScriptEngine.java:119)
	at com.kms.katalon.core.main.TestCaseExecutor.runScript(TestCaseExecutor.java:448)
	at com.kms.katalon.core.main.TestCaseExecutor.doExecute(TestCaseExecutor.java:439)
	at com.kms.katalon.core.main.TestCaseExecutor.processExecutionPhase(TestCaseExecutor.java:418)
	at com.kms.katalon.core.main.TestCaseExecutor.accessMainPhase(TestCaseExecutor.java:410)
	at com.kms.katalon.core.main.TestCaseExecutor.execute(TestCaseExecutor.java:285)
	at com.kms.katalon.core.common.CommonExecutor.accessTestCaseMainPhase(CommonExecutor.java:65)
	at com.kms.katalon.core.main.TestSuiteExecutor.accessTestSuiteMainPhase(TestSuiteExecutor.java:148)
	at com.kms.katalon.core.main.TestSuiteExecutor.execute(TestSuiteExecutor.java:106)
	at com.kms.katalon.core.main.TestCaseMain.startTestSuite(TestCaseMain.java:187)
	at com.kms.katalon.core.main.TestCaseMain$startTestSuite$0.call(Unknown Source)
	at TempTestSuite1692673207080.run(TempTestSuite1692673207080.groovy:36)
Caused by: com.kms.katalon.core.exception.StepFailedException: Unable to click on object 'Object Repository/HomePage/EnterUsername_LP'
	at com.kms.katalon.core.webui.keyword.internal.WebUIKeywordMain.stepFailed(WebUIKeywordMain.groovy:64)
	at com.kms.katalon.core.webui.keyword.internal.WebUIKeywordMain.runKeyword(WebUIKeywordMain.groovy:26)
	at com.kms.katalon.core.webui.keyword.builtin.ClickKeyword.click(ClickKeyword.groovy:74)
	at com.kms.katalon.core.webui.keyword.builtin.ClickKeyword.execute(ClickKeyword.groovy:40)
	at com.kms.katalon.core.keyword.internal.KeywordExecutor.executeKeywordForPlatform(KeywordExecutor.groovy:74)
	at com.kms.katalon.core.webui.keyword.WebUiBuiltInKeywords.click(WebUiBuiltInKeywords.groovy:620)
	at com.kms.katalon.core.webui.keyword.WebUiBuiltInKeywords$click$2.call(Unknown Source)
	at loginFromHomePage.run(loginFromHomePage:22)
	at com.kms.katalon.core.main.ScriptEngine.run(ScriptEngine.java:194)
	at com.kms.katalon.core.main.ScriptEngine.runScriptAsRawText(ScriptEngine.java:119)
	at com.kms.katalon.core.main.TestCaseExecutor.runScript(TestCaseExecutor.java:448)
	at com.kms.katalon.core.main.TestCaseExecutor.doExecute(TestCaseExecutor.java:439)
	at com.kms.katalon.core.main.TestCaseExecutor.processExecutionPhase(TestCaseExecutor.java:418)
	at com.kms.katalon.core.main.TestCaseExecutor.accessMainPhase(TestCaseExecutor.java:410)
	at com.kms.katalon.core.main.TestCaseExecutor.execute(TestCaseExecutor.java:285)
	at com.kms.katalon.core.main.TestCaseMain.runTestCase(TestCaseMain.java:144)
	at com.kms.katalon.core.keyword.builtin.CallTestCaseKeyword$_callTestCase_closure1.doCall(CallTestCaseKeyword.groovy:59)
	... 20 more
Caused by: org.openqa.selenium.NoSuchWindowException: no such window: target window already closed
from unknown error: web view not found
  (Session info: chrome=116.0.5845.97)
Build info: version: '3.141.59', revision: 'e82be7d358', time: '2018-11-14T08:25:53'
System info: host: 'DESKTOP-L51QJLB', ip: '172.22.45.95', os.name: 'Windows 10', os.arch: 'amd64', os.version: '10.0', java.version: '1.8.0_282'
Driver info: com.kms.katalon.selenium.driver.CChromeDriver
Capabilities {acceptInsecureCerts: false, browserName: chrome, browserVersion: 116.0.5845.97, chrome: {chromedriverVersion: 116.0.5845.96 (1a3918166880..., userDataDir: C:\Users\DELL\AppData\Local...}, fedcm:accounts: true, goog:chromeOptions: {debuggerAddress: localhost:59572}, javascriptEnabled: true, networkConnectionEnabled: false, pageLoadStrategy: normal, platform: WINDOWS, platformName: WINDOWS, proxy: Proxy(), setWindowRect: true, strictFileInteractability: false, timeouts: {implicit: 0, pageLoad: 300000, script: 30000}, unhandledPromptBehavior: dismiss and notify, webauthn:extension:credBlob: true, webauthn:extension:largeBlob: true, webauthn:extension:minPinLength: true, webauthn:extension:prf: true, webauthn:virtualAuthenticators: true}
Session ID: 8b05037cf3ab0c2369dc22d8a60ee595
*** Element info: {Using=xpath, value=//input[@id='username']}
	at org.openqa.selenium.remote.http.W3CHttpResponseCodec.createException(W3CHttpResponseCodec.java:187)
	at org.openqa.selenium.remote.http.W3CHttpResponseCodec.decode(W3CHttpResponseCodec.java:122)
	at org.openqa.selenium.remote.http.W3CHttpResponseCodec.decode(W3CHttpResponseCodec.java:49)
	at org.openqa.selenium.remote.HttpCommandExecutor.execute(HttpCommandExecutor.java:158)
	at org.openqa.selenium.remote.service.DriverCommandExecutor.execute(DriverCommandExecutor.java:83)
	at org.openqa.selenium.remote.RemoteWebDriver.execute(RemoteWebDriver.java:552)
	at com.kms.katalon.selenium.driver.CChromeDriver.execute(CChromeDriver.java:19)
	at org.openqa.selenium.remote.RemoteWebDriver.findElements(RemoteWebDriver.java:353)
	at org.openqa.selenium.remote.RemoteWebDriver.findElementsByXPath(RemoteWebDriver.java:432)
	at org.openqa.selenium.By$ByXPath.findElements(By.java:348)
	at org.openqa.selenium.remote.RemoteWebDriver.findElements(RemoteWebDriver.java:311)
	at org.openqa.selenium.support.events.EventFiringWebDriver.lambda$new$1(EventFiringWebDriver.java:105)
	at com.sun.proxy.$Proxy10.findElements(Unknown Source)
	at org.openqa.selenium.support.events.EventFiringWebDriver.findElements(EventFiringWebDriver.java:182)
	at com.kms.katalon.core.webui.common.WebUiCommonHelper.findElementByNormalMethods(WebUiCommonHelper.java:1027)
	at com.kms.katalon.core.webui.common.WebUiCommonHelper.findElementsBySelectedMethod(WebUiCommonHelper.java:919)
	at com.kms.katalon.core.webui.common.WebUiCommonHelper.findElementsBySelectedMethod(WebUiCommonHelper.java:901)
	at com.kms.katalon.core.webui.common.WebUiCommonHelper.findElementsBySelectedMethod(WebUiCommonHelper.java:896)
	at com.kms.katalon.core.webui.common.WebUiCommonHelper.findElementsByDefault(WebUiCommonHelper.java:892)
	at com.kms.katalon.core.webui.common.WebUiCommonHelper.findWebElements(WebUiCommonHelper.java:720)
	at com.kms.katalon.core.webui.common.WebUiCommonHelper.findWebElement(WebUiCommonHelper.java:1376)
	at com.kms.katalon.core.webui.keyword.internal.WebUIAbstractKeyword.findWebElement(WebUIAbstractKeyword.groovy:27)
	at com.kms.katalon.core.webui.keyword.builtin.ClickKeyword$_click_closure1.doCall(ClickKeyword.groovy:65)
	at com.kms.katalon.core.webui.keyword.builtin.ClickKeyword$_click_closure1.call(ClickKeyword.groovy)
	at com.kms.katalon.core.webui.keyword.internal.WebUIKeywordMain.runKeyword(WebUIKeywordMain.groovy:20)
	... 35 more


2023-08-22 09:03:22 - [TEST_STEP][PASSED] - openBrowser(""): Browser is opened with url: ''

2023-08-22 09:03:22 - [MESSAGE][WARNING] - A browser is already opened. Closing browser and opening a new one

2023-08-22 09:03:23 - [MESSAGE][INFO] - Starting 'Chrome' driver

2023-08-22 09:03:23 - [MESSAGE][INFO] - Action delay is set to 0 milliseconds

2023-08-22 09:03:26 - [MESSAGE][PASSED] - Browser is opened with url: ''

2023-08-22 09:03:26 - [TEST_STEP][PASSED] - navigateToUrl(URL): Navigate to 'https://odtaqaa.liverpool.com.mx/tienda/home' successfully

2023-08-22 09:04:21 - [MESSAGE][PASSED] - Navigate to 'https://odtaqaa.liverpool.com.mx/tienda/home' successfully

2023-08-22 09:04:21 - [TEST_STEP][PASSED] - maximizeWindow(): Current window maximized

2023-08-22 09:04:21 - [MESSAGE][PASSED] - Current window maximized

2023-08-22 09:04:21 - [TEST_STEP][PASSED] - click(findTestObject("HomePage/Iniciar sesion")): Object: 'Object Repository/HomePage/Iniciar sesion' is clicked on

2023-08-22 09:04:22 - [MESSAGE][PASSED] - Object: 'Object Repository/HomePage/Iniciar sesion' is clicked on

2023-08-22 09:04:22 - [TEST_STEP][FAILED] - callTestCase(findTestCase("CommonMethods/loginFromHomePage"), ["username":Username, "password":Password], STOP_ON_FAILURE): Unable to call Test Case 'Test Cases/CommonMethods/loginFromHomePage' (Root cause: com.kms.katalon.core.exception.StepFailedException: Call Test Case 'Test Cases/CommonMethods/loginFromHomePage' failed
	at com.kms.katalon.core.keyword.builtin.CallTestCaseKeyword$_callTestCase_closure1.doCall(CallTestCaseKeyword.groovy:63)
	at com.kms.katalon.core.keyword.builtin.CallTestCaseKeyword$_callTestCase_closure1.call(CallTestCaseKeyword.groovy)
	at com.kms.katalon.core.keyword.internal.KeywordMain.runKeyword(KeywordMain.groovy:75)
	at com.kms.katalon.core.keyword.builtin.CallTestCaseKeyword.callTestCase(CallTestCaseKeyword.groovy:81)
	at com.kms.katalon.core.keyword.builtin.CallTestCaseKeyword.execute(CallTestCaseKeyword.groovy:44)
	at com.kms.katalon.core.keyword.internal.KeywordExecutor.executeKeywordForPlatform(KeywordExecutor.groovy:74)
	at com.kms.katalon.core.keyword.BuiltinKeywords.callTestCase(BuiltinKeywords.groovy:310)
	at TS_SMOKE_SUITE_075.run(TS_SMOKE_SUITE_075:28)
	at com.kms.katalon.core.main.ScriptEngine.run(ScriptEngine.java:194)
	at com.kms.katalon.core.main.ScriptEngine.runScriptAsRawText(ScriptEngine.java:119)
	at com.kms.katalon.core.main.TestCaseExecutor.runScript(TestCaseExecutor.java:448)
	at com.kms.katalon.core.main.TestCaseExecutor.doExecute(TestCaseExecutor.java:439)
	at com.kms.katalon.core.main.TestCaseExecutor.processExecutionPhase(TestCaseExecutor.java:418)
	at com.kms.katalon.core.main.TestCaseExecutor.accessMainPhase(TestCaseExecutor.java:410)
	at com.kms.katalon.core.main.TestCaseExecutor.execute(TestCaseExecutor.java:285)
	at com.kms.katalon.core.common.CommonExecutor.accessTestCaseMainPhase(CommonExecutor.java:65)
	at com.kms.katalon.core.main.TestSuiteExecutor.accessTestSuiteMainPhase(TestSuiteExecutor.java:148)
	at com.kms.katalon.core.main.TestSuiteExecutor.execute(TestSuiteExecutor.java:106)
	at com.kms.katalon.core.main.TestCaseMain.startTestSuite(TestCaseMain.java:187)
	at com.kms.katalon.core.main.TestCaseMain$startTestSuite$0.call(Unknown Source)
	at TempTestSuite1692673207080.run(TempTestSuite1692673207080.groovy:36)
Caused by: com.kms.katalon.core.exception.StepFailedException: Unable to click on object 'Object Repository/HomePage/EnterUsername_LP'
	at com.kms.katalon.core.webui.keyword.internal.WebUIKeywordMain.stepFailed(WebUIKeywordMain.groovy:64)
	at com.kms.katalon.core.webui.keyword.internal.WebUIKeywordMain.runKeyword(WebUIKeywordMain.groovy:26)
	at com.kms.katalon.core.webui.keyword.builtin.ClickKeyword.click(ClickKeyword.groovy:74)
	at com.kms.katalon.core.webui.keyword.builtin.ClickKeyword.execute(ClickKeyword.groovy:40)
	at com.kms.katalon.core.keyword.internal.KeywordExecutor.executeKeywordForPlatform(KeywordExecutor.groovy:74)
	at com.kms.katalon.core.webui.keyword.WebUiBuiltInKeywords.click(WebUiBuiltInKeywords.groovy:620)
	at com.kms.katalon.core.webui.keyword.WebUiBuiltInKeywords$click$2.call(Unknown Source)
	at loginFromHomePage.run(loginFromHomePage:22)
	at com.kms.katalon.core.main.ScriptEngine.run(ScriptEngine.java:194)
	at com.kms.katalon.core.main.ScriptEngine.runScriptAsRawText(ScriptEngine.java:119)
	at com.kms.katalon.core.main.TestCaseExecutor.runScript(TestCaseExecutor.java:448)
	at com.kms.katalon.core.main.TestCaseExecutor.doExecute(TestCaseExecutor.java:439)
	at com.kms.katalon.core.main.TestCaseExecutor.processExecutionPhase(TestCaseExecutor.java:418)
	at com.kms.katalon.core.main.TestCaseExecutor.accessMainPhase(TestCaseExecutor.java:410)
	at com.kms.katalon.core.main.TestCaseExecutor.execute(TestCaseExecutor.java:285)
	at com.kms.katalon.core.main.TestCaseMain.runTestCase(TestCaseMain.java:144)
	at com.kms.katalon.core.keyword.builtin.CallTestCaseKeyword$_callTestCase_closure1.doCall(CallTestCaseKeyword.groovy:59)
	... 20 more
Caused by: org.openqa.selenium.NoSuchWindowException: no such window: target window already closed
from unknown error: web view not found
  (Session info: chrome=116.0.5845.97)
Build info: version: '3.141.59', revision: 'e82be7d358', time: '2018-11-14T08:25:53'
System info: host: 'DESKTOP-L51QJLB', ip: '172.22.45.95', os.name: 'Windows 10', os.arch: 'amd64', os.version: '10.0', java.version: '1.8.0_282'
Driver info: com.kms.katalon.selenium.driver.CChromeDriver
Capabilities {acceptInsecureCerts: false, browserName: chrome, browserVersion: 116.0.5845.97, chrome: {chromedriverVersion: 116.0.5845.96 (1a3918166880..., userDataDir: C:\Users\DELL\AppData\Local...}, fedcm:accounts: true, goog:chromeOptions: {debuggerAddress: localhost:59572}, javascriptEnabled: true, networkConnectionEnabled: false, pageLoadStrategy: normal, platform: WINDOWS, platformName: WINDOWS, proxy: Proxy(), setWindowRect: true, strictFileInteractability: false, timeouts: {implicit: 0, pageLoad: 300000, script: 30000}, unhandledPromptBehavior: dismiss and notify, webauthn:extension:credBlob: true, webauthn:extension:largeBlob: true, webauthn:extension:minPinLength: true, webauthn:extension:prf: true, webauthn:virtualAuthenticators: true}
Session ID: 8b05037cf3ab0c2369dc22d8a60ee595
*** Element info: {Using=xpath, value=//input[@id='username']}
	at org.openqa.selenium.remote.http.W3CHttpResponseCodec.createException(W3CHttpResponseCodec.java:187)
	at org.openqa.selenium.remote.http.W3CHttpResponseCodec.decode(W3CHttpResponseCodec.java:122)
	at org.openqa.selenium.remote.http.W3CHttpResponseCodec.decode(W3CHttpResponseCodec.java:49)
	at org.openqa.selenium.remote.HttpCommandExecutor.execute(HttpCommandExecutor.java:158)
	at org.openqa.selenium.remote.service.DriverCommandExecutor.execute(DriverCommandExecutor.java:83)
	at org.openqa.selenium.remote.RemoteWebDriver.execute(RemoteWebDriver.java:552)
	at com.kms.katalon.selenium.driver.CChromeDriver.execute(CChromeDriver.java:19)
	at org.openqa.selenium.remote.RemoteWebDriver.findElements(RemoteWebDriver.java:353)
	at org.openqa.selenium.remote.RemoteWebDriver.findElementsByXPath(RemoteWebDriver.java:432)
	at org.openqa.selenium.By$ByXPath.findElements(By.java:348)
	at org.openqa.selenium.remote.RemoteWebDriver.findElements(RemoteWebDriver.java:311)
	at org.openqa.selenium.support.events.EventFiringWebDriver.lambda$new$1(EventFiringWebDriver.java:105)
	at com.sun.proxy.$Proxy10.findElements(Unknown Source)
	at org.openqa.selenium.support.events.EventFiringWebDriver.findElements(EventFiringWebDriver.java:182)
	at com.kms.katalon.core.webui.common.WebUiCommonHelper.findElementByNormalMethods(WebUiCommonHelper.java:1027)
	at com.kms.katalon.core.webui.common.WebUiCommonHelper.findElementsBySelectedMethod(WebUiCommonHelper.java:919)
	at com.kms.katalon.core.webui.common.WebUiCommonHelper.findElementsBySelectedMethod(WebUiCommonHelper.java:901)
	at com.kms.katalon.core.webui.common.WebUiCommonHelper.findElementsBySelectedMethod(WebUiCommonHelper.java:896)
	at com.kms.katalon.core.webui.common.WebUiCommonHelper.findElementsByDefault(WebUiCommonHelper.java:892)
	at com.kms.katalon.core.webui.common.WebUiCommonHelper.findWebElements(WebUiCommonHelper.java:720)
	at com.kms.katalon.core.webui.common.WebUiCommonHelper.findWebElement(WebUiCommonHelper.java:1376)
	at com.kms.katalon.core.webui.keyword.internal.WebUIAbstractKeyword.findWebElement(WebUIAbstractKeyword.groovy:27)
	at com.kms.katalon.core.webui.keyword.builtin.ClickKeyword$_click_closure1.doCall(ClickKeyword.groovy:65)
	at com.kms.katalon.core.webui.keyword.builtin.ClickKeyword$_click_closure1.call(ClickKeyword.groovy)
	at com.kms.katalon.core.webui.keyword.internal.WebUIKeywordMain.runKeyword(WebUIKeywordMain.groovy:20)
	... 35 more
)

2023-08-22 09:04:22 - [TEST_CASE][FAILED] - Test Cases/CommonMethods/loginFromHomePage: Test Cases/CommonMethods/loginFromHomePage FAILED.
Reason:
com.kms.katalon.core.exception.StepFailedException: Unable to click on object 'Object Repository/HomePage/EnterUsername_LP'
	at com.kms.katalon.core.webui.keyword.internal.WebUIKeywordMain.stepFailed(WebUIKeywordMain.groovy:64)
	at com.kms.katalon.core.webui.keyword.internal.WebUIKeywordMain.runKeyword(WebUIKeywordMain.groovy:26)
	at com.kms.katalon.core.webui.keyword.builtin.ClickKeyword.click(ClickKeyword.groovy:74)
	at com.kms.katalon.core.webui.keyword.builtin.ClickKeyword.execute(ClickKeyword.groovy:40)
	at com.kms.katalon.core.keyword.internal.KeywordExecutor.executeKeywordForPlatform(KeywordExecutor.groovy:74)
	at com.kms.katalon.core.webui.keyword.WebUiBuiltInKeywords.click(WebUiBuiltInKeywords.groovy:620)
	at com.kms.katalon.core.webui.keyword.WebUiBuiltInKeywords$click$2.call(Unknown Source)
	at loginFromHomePage.run(loginFromHomePage:22)
	at com.kms.katalon.core.main.ScriptEngine.run(ScriptEngine.java:194)
	at com.kms.katalon.core.main.ScriptEngine.runScriptAsRawText(ScriptEngine.java:119)
	at com.kms.katalon.core.main.TestCaseExecutor.runScript(TestCaseExecutor.java:448)
	at com.kms.katalon.core.main.TestCaseExecutor.doExecute(TestCaseExecutor.java:439)
	at com.kms.katalon.core.main.TestCaseExecutor.processExecutionPhase(TestCaseExecutor.java:418)
	at com.kms.katalon.core.main.TestCaseExecutor.accessMainPhase(TestCaseExecutor.java:410)
	at com.kms.katalon.core.main.TestCaseExecutor.execute(TestCaseExecutor.java:285)
	at com.kms.katalon.core.main.TestCaseMain.runTestCase(TestCaseMain.java:144)
	at com.kms.katalon.core.keyword.builtin.CallTestCaseKeyword$_callTestCase_closure1.doCall(CallTestCaseKeyword.groovy:59)
	at com.kms.katalon.core.keyword.builtin.CallTestCaseKeyword$_callTestCase_closure1.call(CallTestCaseKeyword.groovy)
	at com.kms.katalon.core.keyword.internal.KeywordMain.runKeyword(KeywordMain.groovy:75)
	at com.kms.katalon.core.keyword.builtin.CallTestCaseKeyword.callTestCase(CallTestCaseKeyword.groovy:81)
	at com.kms.katalon.core.keyword.builtin.CallTestCaseKeyword.execute(CallTestCaseKeyword.groovy:44)
	at com.kms.katalon.core.keyword.internal.KeywordExecutor.executeKeywordForPlatform(KeywordExecutor.groovy:74)
	at com.kms.katalon.core.keyword.BuiltinKeywords.callTestCase(BuiltinKeywords.groovy:310)
	at TS_SMOKE_SUITE_075.run(TS_SMOKE_SUITE_075:28)
	at com.kms.katalon.core.main.ScriptEngine.run(ScriptEngine.java:194)
	at com.kms.katalon.core.main.ScriptEngine.runScriptAsRawText(ScriptEngine.java:119)
	at com.kms.katalon.core.main.TestCaseExecutor.runScript(TestCaseExecutor.java:448)
	at com.kms.katalon.core.main.TestCaseExecutor.doExecute(TestCaseExecutor.java:439)
	at com.kms.katalon.core.main.TestCaseExecutor.processExecutionPhase(TestCaseExecutor.java:418)
	at com.kms.katalon.core.main.TestCaseExecutor.accessMainPhase(TestCaseExecutor.java:410)
	at com.kms.katalon.core.main.TestCaseExecutor.execute(TestCaseExecutor.java:285)
	at com.kms.katalon.core.common.CommonExecutor.accessTestCaseMainPhase(CommonExecutor.java:65)
	at com.kms.katalon.core.main.TestSuiteExecutor.accessTestSuiteMainPhase(TestSuiteExecutor.java:148)
	at com.kms.katalon.core.main.TestSuiteExecutor.execute(TestSuiteExecutor.java:106)
	at com.kms.katalon.core.main.TestCaseMain.startTestSuite(TestCaseMain.java:187)
	at com.kms.katalon.core.main.TestCaseMain$startTestSuite$0.call(Unknown Source)
	at TempTestSuite1692673207080.run(TempTestSuite1692673207080.groovy:36)
Caused by: org.openqa.selenium.NoSuchWindowException: no such window: target window already closed
from unknown error: web view not found
  (Session info: chrome=116.0.5845.97)
Build info: version: '3.141.59', revision: 'e82be7d358', time: '2018-11-14T08:25:53'
System info: host: 'DESKTOP-L51QJLB', ip: '172.22.45.95', os.name: 'Windows 10', os.arch: 'amd64', os.version: '10.0', java.version: '1.8.0_282'
Driver info: com.kms.katalon.selenium.driver.CChromeDriver
Capabilities {acceptInsecureCerts: false, browserName: chrome, browserVersion: 116.0.5845.97, chrome: {chromedriverVersion: 116.0.5845.96 (1a3918166880..., userDataDir: C:\Users\DELL\AppData\Local...}, fedcm:accounts: true, goog:chromeOptions: {debuggerAddress: localhost:59572}, javascriptEnabled: true, networkConnectionEnabled: false, pageLoadStrategy: normal, platform: WINDOWS, platformName: WINDOWS, proxy: Proxy(), setWindowRect: true, strictFileInteractability: false, timeouts: {implicit: 0, pageLoad: 300000, script: 30000}, unhandledPromptBehavior: dismiss and notify, webauthn:extension:credBlob: true, webauthn:extension:largeBlob: true, webauthn:extension:minPinLength: true, webauthn:extension:prf: true, webauthn:virtualAuthenticators: true}
Session ID: 8b05037cf3ab0c2369dc22d8a60ee595
*** Element info: {Using=xpath, value=//input[@id='username']}
	at org.openqa.selenium.remote.http.W3CHttpResponseCodec.createException(W3CHttpResponseCodec.java:187)
	at org.openqa.selenium.remote.http.W3CHttpResponseCodec.decode(W3CHttpResponseCodec.java:122)
	at org.openqa.selenium.remote.http.W3CHttpResponseCodec.decode(W3CHttpResponseCodec.java:49)
	at org.openqa.selenium.remote.HttpCommandExecutor.execute(HttpCommandExecutor.java:158)
	at org.openqa.selenium.remote.service.DriverCommandExecutor.execute(DriverCommandExecutor.java:83)
	at org.openqa.selenium.remote.RemoteWebDriver.execute(RemoteWebDriver.java:552)
	at com.kms.katalon.selenium.driver.CChromeDriver.execute(CChromeDriver.java:19)
	at org.openqa.selenium.remote.RemoteWebDriver.findElements(RemoteWebDriver.java:353)
	at org.openqa.selenium.remote.RemoteWebDriver.findElementsByXPath(RemoteWebDriver.java:432)
	at org.openqa.selenium.By$ByXPath.findElements(By.java:348)
	at org.openqa.selenium.remote.RemoteWebDriver.findElements(RemoteWebDriver.java:311)
	at org.openqa.selenium.support.events.EventFiringWebDriver.lambda$new$1(EventFiringWebDriver.java:105)
	at com.sun.proxy.$Proxy10.findElements(Unknown Source)
	at org.openqa.selenium.support.events.EventFiringWebDriver.findElements(EventFiringWebDriver.java:182)
	at com.kms.katalon.core.webui.common.WebUiCommonHelper.findElementByNormalMethods(WebUiCommonHelper.java:1027)
	at com.kms.katalon.core.webui.common.WebUiCommonHelper.findElementsBySelectedMethod(WebUiCommonHelper.java:919)
	at com.kms.katalon.core.webui.common.WebUiCommonHelper.findElementsBySelectedMethod(WebUiCommonHelper.java:901)
	at com.kms.katalon.core.webui.common.WebUiCommonHelper.findElementsBySelectedMethod(WebUiCommonHelper.java:896)
	at com.kms.katalon.core.webui.common.WebUiCommonHelper.findElementsByDefault(WebUiCommonHelper.java:892)
	at com.kms.katalon.core.webui.common.WebUiCommonHelper.findWebElements(WebUiCommonHelper.java:720)
	at com.kms.katalon.core.webui.common.WebUiCommonHelper.findWebElement(WebUiCommonHelper.java:1376)
	at com.kms.katalon.core.webui.keyword.internal.WebUIAbstractKeyword.findWebElement(WebUIAbstractKeyword.groovy:27)
	at com.kms.katalon.core.webui.keyword.builtin.ClickKeyword$_click_closure1.doCall(ClickKeyword.groovy:65)
	at com.kms.katalon.core.webui.keyword.builtin.ClickKeyword$_click_closure1.call(ClickKeyword.groovy)
	at com.kms.katalon.core.webui.keyword.internal.WebUIKeywordMain.runKeyword(WebUIKeywordMain.groovy:20)
	... 35 more


2023-08-22 09:04:22 - [TEST_STEP][PASSED] - delay(3): Delayed 3 second(s)

2023-08-22 09:04:25 - [MESSAGE][PASSED] - Delayed 3 second(s)

2023-08-22 09:04:25 - [TEST_STEP][FAILED] - click(findTestObject("HomePage/EnterUsername_LP")): Unable to click on object 'Object Repository/HomePage/EnterUsername_LP' (Root cause: com.kms.katalon.core.exception.StepFailedException: Unable to click on object 'Object Repository/HomePage/EnterUsername_LP'
	at com.kms.katalon.core.webui.keyword.internal.WebUIKeywordMain.stepFailed(WebUIKeywordMain.groovy:64)
	at com.kms.katalon.core.webui.keyword.internal.WebUIKeywordMain.runKeyword(WebUIKeywordMain.groovy:26)
	at com.kms.katalon.core.webui.keyword.builtin.ClickKeyword.click(ClickKeyword.groovy:74)
	at com.kms.katalon.core.webui.keyword.builtin.ClickKeyword.execute(ClickKeyword.groovy:40)
	at com.kms.katalon.core.keyword.internal.KeywordExecutor.executeKeywordForPlatform(KeywordExecutor.groovy:74)
	at com.kms.katalon.core.webui.keyword.WebUiBuiltInKeywords.click(WebUiBuiltInKeywords.groovy:620)
	at com.kms.katalon.core.webui.keyword.WebUiBuiltInKeywords$click$2.call(Unknown Source)
	at loginFromHomePage.run(loginFromHomePage:22)
	at com.kms.katalon.core.main.ScriptEngine.run(ScriptEngine.java:194)
	at com.kms.katalon.core.main.ScriptEngine.runScriptAsRawText(ScriptEngine.java:119)
	at com.kms.katalon.core.main.TestCaseExecutor.runScript(TestCaseExecutor.java:448)
	at com.kms.katalon.core.main.TestCaseExecutor.doExecute(TestCaseExecutor.java:439)
	at com.kms.katalon.core.main.TestCaseExecutor.processExecutionPhase(TestCaseExecutor.java:418)
	at com.kms.katalon.core.main.TestCaseExecutor.accessMainPhase(TestCaseExecutor.java:410)
	at com.kms.katalon.core.main.TestCaseExecutor.execute(TestCaseExecutor.java:285)
	at com.kms.katalon.core.main.TestCaseMain.runTestCase(TestCaseMain.java:144)
	at com.kms.katalon.core.keyword.builtin.CallTestCaseKeyword$_callTestCase_closure1.doCall(CallTestCaseKeyword.groovy:59)
	at com.kms.katalon.core.keyword.builtin.CallTestCaseKeyword$_callTestCase_closure1.call(CallTestCaseKeyword.groovy)
	at com.kms.katalon.core.keyword.internal.KeywordMain.runKeyword(KeywordMain.groovy:75)
	at com.kms.katalon.core.keyword.builtin.CallTestCaseKeyword.callTestCase(CallTestCaseKeyword.groovy:81)
	at com.kms.katalon.core.keyword.builtin.CallTestCaseKeyword.execute(CallTestCaseKeyword.groovy:44)
	at com.kms.katalon.core.keyword.internal.KeywordExecutor.executeKeywordForPlatform(KeywordExecutor.groovy:74)
	at com.kms.katalon.core.keyword.BuiltinKeywords.callTestCase(BuiltinKeywords.groovy:310)
	at TS_SMOKE_SUITE_075.run(TS_SMOKE_SUITE_075:28)
	at com.kms.katalon.core.main.ScriptEngine.run(ScriptEngine.java:194)
	at com.kms.katalon.core.main.ScriptEngine.runScriptAsRawText(ScriptEngine.java:119)
	at com.kms.katalon.core.main.TestCaseExecutor.runScript(TestCaseExecutor.java:448)
	at com.kms.katalon.core.main.TestCaseExecutor.doExecute(TestCaseExecutor.java:439)
	at com.kms.katalon.core.main.TestCaseExecutor.processExecutionPhase(TestCaseExecutor.java:418)
	at com.kms.katalon.core.main.TestCaseExecutor.accessMainPhase(TestCaseExecutor.java:410)
	at com.kms.katalon.core.main.TestCaseExecutor.execute(TestCaseExecutor.java:285)
	at com.kms.katalon.core.common.CommonExecutor.accessTestCaseMainPhase(CommonExecutor.java:65)
	at com.kms.katalon.core.main.TestSuiteExecutor.accessTestSuiteMainPhase(TestSuiteExecutor.java:148)
	at com.kms.katalon.core.main.TestSuiteExecutor.execute(TestSuiteExecutor.java:106)
	at com.kms.katalon.core.main.TestCaseMain.startTestSuite(TestCaseMain.java:187)
	at com.kms.katalon.core.main.TestCaseMain$startTestSuite$0.call(Unknown Source)
	at TempTestSuite1692673207080.run(TempTestSuite1692673207080.groovy:36)
Caused by: org.openqa.selenium.NoSuchWindowException: no such window: target window already closed
from unknown error: web view not found
  (Session info: chrome=116.0.5845.97)
Build info: version: '3.141.59', revision: 'e82be7d358', time: '2018-11-14T08:25:53'
System info: host: 'DESKTOP-L51QJLB', ip: '172.22.45.95', os.name: 'Windows 10', os.arch: 'amd64', os.version: '10.0', java.version: '1.8.0_282'
Driver info: com.kms.katalon.selenium.driver.CChromeDriver
Capabilities {acceptInsecureCerts: false, browserName: chrome, browserVersion: 116.0.5845.97, chrome: {chromedriverVersion: 116.0.5845.96 (1a3918166880..., userDataDir: C:\Users\DELL\AppData\Local...}, fedcm:accounts: true, goog:chromeOptions: {debuggerAddress: localhost:59572}, javascriptEnabled: true, networkConnectionEnabled: false, pageLoadStrategy: normal, platform: WINDOWS, platformName: WINDOWS, proxy: Proxy(), setWindowRect: true, strictFileInteractability: false, timeouts: {implicit: 0, pageLoad: 300000, script: 30000}, unhandledPromptBehavior: dismiss and notify, webauthn:extension:credBlob: true, webauthn:extension:largeBlob: true, webauthn:extension:minPinLength: true, webauthn:extension:prf: true, webauthn:virtualAuthenticators: true}
Session ID: 8b05037cf3ab0c2369dc22d8a60ee595
*** Element info: {Using=xpath, value=//input[@id='username']}
	at org.openqa.selenium.remote.http.W3CHttpResponseCodec.createException(W3CHttpResponseCodec.java:187)
	at org.openqa.selenium.remote.http.W3CHttpResponseCodec.decode(W3CHttpResponseCodec.java:122)
	at org.openqa.selenium.remote.http.W3CHttpResponseCodec.decode(W3CHttpResponseCodec.java:49)
	at org.openqa.selenium.remote.HttpCommandExecutor.execute(HttpCommandExecutor.java:158)
	at org.openqa.selenium.remote.service.DriverCommandExecutor.execute(DriverCommandExecutor.java:83)
	at org.openqa.selenium.remote.RemoteWebDriver.execute(RemoteWebDriver.java:552)
	at com.kms.katalon.selenium.driver.CChromeDriver.execute(CChromeDriver.java:19)
	at org.openqa.selenium.remote.RemoteWebDriver.findElements(RemoteWebDriver.java:353)
	at org.openqa.selenium.remote.RemoteWebDriver.findElementsByXPath(RemoteWebDriver.java:432)
	at org.openqa.selenium.By$ByXPath.findElements(By.java:348)
	at org.openqa.selenium.remote.RemoteWebDriver.findElements(RemoteWebDriver.java:311)
	at org.openqa.selenium.support.events.EventFiringWebDriver.lambda$new$1(EventFiringWebDriver.java:105)
	at com.sun.proxy.$Proxy10.findElements(Unknown Source)
	at org.openqa.selenium.support.events.EventFiringWebDriver.findElements(EventFiringWebDriver.java:182)
	at com.kms.katalon.core.webui.common.WebUiCommonHelper.findElementByNormalMethods(WebUiCommonHelper.java:1027)
	at com.kms.katalon.core.webui.common.WebUiCommonHelper.findElementsBySelectedMethod(WebUiCommonHelper.java:919)
	at com.kms.katalon.core.webui.common.WebUiCommonHelper.findElementsBySelectedMethod(WebUiCommonHelper.java:901)
	at com.kms.katalon.core.webui.common.WebUiCommonHelper.findElementsBySelectedMethod(WebUiCommonHelper.java:896)
	at com.kms.katalon.core.webui.common.WebUiCommonHelper.findElementsByDefault(WebUiCommonHelper.java:892)
	at com.kms.katalon.core.webui.common.WebUiCommonHelper.findWebElements(WebUiCommonHelper.java:720)
	at com.kms.katalon.core.webui.common.WebUiCommonHelper.findWebElement(WebUiCommonHelper.java:1376)
	at com.kms.katalon.core.webui.keyword.internal.WebUIAbstractKeyword.findWebElement(WebUIAbstractKeyword.groovy:27)
	at com.kms.katalon.core.webui.keyword.builtin.ClickKeyword$_click_closure1.doCall(ClickKeyword.groovy:65)
	at com.kms.katalon.core.webui.keyword.builtin.ClickKeyword$_click_closure1.call(ClickKeyword.groovy)
	at com.kms.katalon.core.webui.keyword.internal.WebUIKeywordMain.runKeyword(WebUIKeywordMain.groovy:20)
	at com.kms.katalon.core.webui.keyword.builtin.ClickKeyword.click(ClickKeyword.groovy:74)
	at com.kms.katalon.core.webui.keyword.builtin.ClickKeyword.execute(ClickKeyword.groovy:40)
	at com.kms.katalon.core.keyword.internal.KeywordExecutor.executeKeywordForPlatform(KeywordExecutor.groovy:74)
	at com.kms.katalon.core.webui.keyword.WebUiBuiltInKeywords.click(WebUiBuiltInKeywords.groovy:620)
	at com.kms.katalon.core.webui.keyword.WebUiBuiltInKeywords$click$2.call(Unknown Source)
	at Script1666955866800.run(Script1666955866800.groovy:22)
	at com.kms.katalon.core.main.ScriptEngine.run(ScriptEngine.java:194)
	at com.kms.katalon.core.main.ScriptEngine.runScriptAsRawText(ScriptEngine.java:119)
	at com.kms.katalon.core.main.TestCaseExecutor.runScript(TestCaseExecutor.java:448)
	at com.kms.katalon.core.main.TestCaseExecutor.doExecute(TestCaseExecutor.java:439)
	at com.kms.katalon.core.main.TestCaseExecutor.processExecutionPhase(TestCaseExecutor.java:418)
	at com.kms.katalon.core.main.TestCaseExecutor.accessMainPhase(TestCaseExecutor.java:410)
	at com.kms.katalon.core.main.TestCaseExecutor.execute(TestCaseExecutor.java:285)
	at com.kms.katalon.core.main.TestCaseMain.runTestCase(TestCaseMain.java:144)
	at com.kms.katalon.core.keyword.builtin.CallTestCaseKeyword$_callTestCase_closure1.doCall(CallTestCaseKeyword.groovy:59)
	at com.kms.katalon.core.keyword.builtin.CallTestCaseKeyword$_callTestCase_closure1.call(CallTestCaseKeyword.groovy)
	at com.kms.katalon.core.keyword.internal.KeywordMain.runKeyword(KeywordMain.groovy:75)
	at com.kms.katalon.core.keyword.builtin.CallTestCaseKeyword.callTestCase(CallTestCaseKeyword.groovy:81)
	at com.kms.katalon.core.keyword.builtin.CallTestCaseKeyword.execute(CallTestCaseKeyword.groovy:44)
	at com.kms.katalon.core.keyword.internal.KeywordExecutor.executeKeywordForPlatform(KeywordExecutor.groovy:74)
	at com.kms.katalon.core.keyword.BuiltinKeywords.callTestCase(BuiltinKeywords.groovy:310)
	at Script1691522696825.run(Script1691522696825.groovy:28)
	... 13 more
)

2023-08-22 09:04:25 - [MESSAGE][WARNING] - Cannot take screenshot

2023-08-22 09:04:25 - [MESSAGE][FAILED] - Unable to click on object 'Object Repository/HomePage/EnterUsername_LP' (Root cause: com.kms.katalon.core.exception.StepFailedException: Unable to click on object 'Object Repository/HomePage/EnterUsername_LP'
	at com.kms.katalon.core.webui.keyword.internal.WebUIKeywordMain.stepFailed(WebUIKeywordMain.groovy:64)
	at com.kms.katalon.core.webui.keyword.internal.WebUIKeywordMain.runKeyword(WebUIKeywordMain.groovy:26)
	at com.kms.katalon.core.webui.keyword.builtin.ClickKeyword.click(ClickKeyword.groovy:74)
	at com.kms.katalon.core.webui.keyword.builtin.ClickKeyword.execute(ClickKeyword.groovy:40)
	at com.kms.katalon.core.keyword.internal.KeywordExecutor.executeKeywordForPlatform(KeywordExecutor.groovy:74)
	at com.kms.katalon.core.webui.keyword.WebUiBuiltInKeywords.click(WebUiBuiltInKeywords.groovy:620)
	at com.kms.katalon.core.webui.keyword.WebUiBuiltInKeywords$click$2.call(Unknown Source)
	at loginFromHomePage.run(loginFromHomePage:22)
	at com.kms.katalon.core.main.ScriptEngine.run(ScriptEngine.java:194)
	at com.kms.katalon.core.main.ScriptEngine.runScriptAsRawText(ScriptEngine.java:119)
	at com.kms.katalon.core.main.TestCaseExecutor.runScript(TestCaseExecutor.java:448)
	at com.kms.katalon.core.main.TestCaseExecutor.doExecute(TestCaseExecutor.java:439)
	at com.kms.katalon.core.main.TestCaseExecutor.processExecutionPhase(TestCaseExecutor.java:418)
	at com.kms.katalon.core.main.TestCaseExecutor.accessMainPhase(TestCaseExecutor.java:410)
	at com.kms.katalon.core.main.TestCaseExecutor.execute(TestCaseExecutor.java:285)
	at com.kms.katalon.core.main.TestCaseMain.runTestCase(TestCaseMain.java:144)
	at com.kms.katalon.core.keyword.builtin.CallTestCaseKeyword$_callTestCase_closure1.doCall(CallTestCaseKeyword.groovy:59)
	at com.kms.katalon.core.keyword.builtin.CallTestCaseKeyword$_callTestCase_closure1.call(CallTestCaseKeyword.groovy)
	at com.kms.katalon.core.keyword.internal.KeywordMain.runKeyword(KeywordMain.groovy:75)
	at com.kms.katalon.core.keyword.builtin.CallTestCaseKeyword.callTestCase(CallTestCaseKeyword.groovy:81)
	at com.kms.katalon.core.keyword.builtin.CallTestCaseKeyword.execute(CallTestCaseKeyword.groovy:44)
	at com.kms.katalon.core.keyword.internal.KeywordExecutor.executeKeywordForPlatform(KeywordExecutor.groovy:74)
	at com.kms.katalon.core.keyword.BuiltinKeywords.callTestCase(BuiltinKeywords.groovy:310)
	at TS_SMOKE_SUITE_075.run(TS_SMOKE_SUITE_075:28)
	at com.kms.katalon.core.main.ScriptEngine.run(ScriptEngine.java:194)
	at com.kms.katalon.core.main.ScriptEngine.runScriptAsRawText(ScriptEngine.java:119)
	at com.kms.katalon.core.main.TestCaseExecutor.runScript(TestCaseExecutor.java:448)
	at com.kms.katalon.core.main.TestCaseExecutor.doExecute(TestCaseExecutor.java:439)
	at com.kms.katalon.core.main.TestCaseExecutor.processExecutionPhase(TestCaseExecutor.java:418)
	at com.kms.katalon.core.main.TestCaseExecutor.accessMainPhase(TestCaseExecutor.java:410)
	at com.kms.katalon.core.main.TestCaseExecutor.execute(TestCaseExecutor.java:285)
	at com.kms.katalon.core.common.CommonExecutor.accessTestCaseMainPhase(CommonExecutor.java:65)
	at com.kms.katalon.core.main.TestSuiteExecutor.accessTestSuiteMainPhase(TestSuiteExecutor.java:148)
	at com.kms.katalon.core.main.TestSuiteExecutor.execute(TestSuiteExecutor.java:106)
	at com.kms.katalon.core.main.TestCaseMain.startTestSuite(TestCaseMain.java:187)
	at com.kms.katalon.core.main.TestCaseMain$startTestSuite$0.call(Unknown Source)
	at TempTestSuite1692673207080.run(TempTestSuite1692673207080.groovy:36)
Caused by: org.openqa.selenium.NoSuchWindowException: no such window: target window already closed
from unknown error: web view not found
  (Session info: chrome=116.0.5845.97)
Build info: version: '3.141.59', revision: 'e82be7d358', time: '2018-11-14T08:25:53'
System info: host: 'DESKTOP-L51QJLB', ip: '172.22.45.95', os.name: 'Windows 10', os.arch: 'amd64', os.version: '10.0', java.version: '1.8.0_282'
Driver info: com.kms.katalon.selenium.driver.CChromeDriver
Capabilities {acceptInsecureCerts: false, browserName: chrome, browserVersion: 116.0.5845.97, chrome: {chromedriverVersion: 116.0.5845.96 (1a3918166880..., userDataDir: C:\Users\DELL\AppData\Local...}, fedcm:accounts: true, goog:chromeOptions: {debuggerAddress: localhost:59572}, javascriptEnabled: true, networkConnectionEnabled: false, pageLoadStrategy: normal, platform: WINDOWS, platformName: WINDOWS, proxy: Proxy(), setWindowRect: true, strictFileInteractability: false, timeouts: {implicit: 0, pageLoad: 300000, script: 30000}, unhandledPromptBehavior: dismiss and notify, webauthn:extension:credBlob: true, webauthn:extension:largeBlob: true, webauthn:extension:minPinLength: true, webauthn:extension:prf: true, webauthn:virtualAuthenticators: true}
Session ID: 8b05037cf3ab0c2369dc22d8a60ee595
*** Element info: {Using=xpath, value=//input[@id='username']}
	at org.openqa.selenium.remote.http.W3CHttpResponseCodec.createException(W3CHttpResponseCodec.java:187)
	at org.openqa.selenium.remote.http.W3CHttpResponseCodec.decode(W3CHttpResponseCodec.java:122)
	at org.openqa.selenium.remote.http.W3CHttpResponseCodec.decode(W3CHttpResponseCodec.java:49)
	at org.openqa.selenium.remote.HttpCommandExecutor.execute(HttpCommandExecutor.java:158)
	at org.openqa.selenium.remote.service.DriverCommandExecutor.execute(DriverCommandExecutor.java:83)
	at org.openqa.selenium.remote.RemoteWebDriver.execute(RemoteWebDriver.java:552)
	at com.kms.katalon.selenium.driver.CChromeDriver.execute(CChromeDriver.java:19)
	at org.openqa.selenium.remote.RemoteWebDriver.findElements(RemoteWebDriver.java:353)
	at org.openqa.selenium.remote.RemoteWebDriver.findElementsByXPath(RemoteWebDriver.java:432)
	at org.openqa.selenium.By$ByXPath.findElements(By.java:348)
	at org.openqa.selenium.remote.RemoteWebDriver.findElements(RemoteWebDriver.java:311)
	at org.openqa.selenium.support.events.EventFiringWebDriver.lambda$new$1(EventFiringWebDriver.java:105)
	at com.sun.proxy.$Proxy10.findElements(Unknown Source)
	at org.openqa.selenium.support.events.EventFiringWebDriver.findElements(EventFiringWebDriver.java:182)
	at com.kms.katalon.core.webui.common.WebUiCommonHelper.findElementByNormalMethods(WebUiCommonHelper.java:1027)
	at com.kms.katalon.core.webui.common.WebUiCommonHelper.findElementsBySelectedMethod(WebUiCommonHelper.java:919)
	at com.kms.katalon.core.webui.common.WebUiCommonHelper.findElementsBySelectedMethod(WebUiCommonHelper.java:901)
	at com.kms.katalon.core.webui.common.WebUiCommonHelper.findElementsBySelectedMethod(WebUiCommonHelper.java:896)
	at com.kms.katalon.core.webui.common.WebUiCommonHelper.findElementsByDefault(WebUiCommonHelper.java:892)
	at com.kms.katalon.core.webui.common.WebUiCommonHelper.findWebElements(WebUiCommonHelper.java:720)
	at com.kms.katalon.core.webui.common.WebUiCommonHelper.findWebElement(WebUiCommonHelper.java:1376)
	at com.kms.katalon.core.webui.keyword.internal.WebUIAbstractKeyword.findWebElement(WebUIAbstractKeyword.groovy:27)
	at com.kms.katalon.core.webui.keyword.builtin.ClickKeyword$_click_closure1.doCall(ClickKeyword.groovy:65)
	at com.kms.katalon.core.webui.keyword.builtin.ClickKeyword$_click_closure1.call(ClickKeyword.groovy)
	at com.kms.katalon.core.webui.keyword.internal.WebUIKeywordMain.runKeyword(WebUIKeywordMain.groovy:20)
	at com.kms.katalon.core.webui.keyword.builtin.ClickKeyword.click(ClickKeyword.groovy:74)
	at com.kms.katalon.core.webui.keyword.builtin.ClickKeyword.execute(ClickKeyword.groovy:40)
	at com.kms.katalon.core.keyword.internal.KeywordExecutor.executeKeywordForPlatform(KeywordExecutor.groovy:74)
	at com.kms.katalon.core.webui.keyword.WebUiBuiltInKeywords.click(WebUiBuiltInKeywords.groovy:620)
	at com.kms.katalon.core.webui.keyword.WebUiBuiltInKeywords$click$2.call(Unknown Source)
	at Script1666955866800.run(Script1666955866800.groovy:22)
	at com.kms.katalon.core.main.ScriptEngine.run(ScriptEngine.java:194)
	at com.kms.katalon.core.main.ScriptEngine.runScriptAsRawText(ScriptEngine.java:119)
	at com.kms.katalon.core.main.TestCaseExecutor.runScript(TestCaseExecutor.java:448)
	at com.kms.katalon.core.main.TestCaseExecutor.doExecute(TestCaseExecutor.java:439)
	at com.kms.katalon.core.main.TestCaseExecutor.processExecutionPhase(TestCaseExecutor.java:418)
	at com.kms.katalon.core.main.TestCaseExecutor.accessMainPhase(TestCaseExecutor.java:410)
	at com.kms.katalon.core.main.TestCaseExecutor.execute(TestCaseExecutor.java:285)
	at com.kms.katalon.core.main.TestCaseMain.runTestCase(TestCaseMain.java:144)
	at com.kms.katalon.core.keyword.builtin.CallTestCaseKeyword$_callTestCase_closure1.doCall(CallTestCaseKeyword.groovy:59)
	at com.kms.katalon.core.keyword.builtin.CallTestCaseKeyword$_callTestCase_closure1.call(CallTestCaseKeyword.groovy)
	at com.kms.katalon.core.keyword.internal.KeywordMain.runKeyword(KeywordMain.groovy:75)
	at com.kms.katalon.core.keyword.builtin.CallTestCaseKeyword.callTestCase(CallTestCaseKeyword.groovy:81)
	at com.kms.katalon.core.keyword.builtin.CallTestCaseKeyword.execute(CallTestCaseKeyword.groovy:44)
	at com.kms.katalon.core.keyword.internal.KeywordExecutor.executeKeywordForPlatform(KeywordExecutor.groovy:74)
	at com.kms.katalon.core.keyword.BuiltinKeywords.callTestCase(BuiltinKeywords.groovy:310)
	at Script1691522696825.run(Script1691522696825.groovy:28)
	... 13 more
)

2023-08-22 09:04:25 - [MESSAGE][FAILED] - Unable to call Test Case 'Test Cases/CommonMethods/loginFromHomePage' (Root cause: com.kms.katalon.core.exception.StepFailedException: Call Test Case 'Test Cases/CommonMethods/loginFromHomePage' failed
	at com.kms.katalon.core.keyword.builtin.CallTestCaseKeyword$_callTestCase_closure1.doCall(CallTestCaseKeyword.groovy:63)
	at com.kms.katalon.core.keyword.builtin.CallTestCaseKeyword$_callTestCase_closure1.call(CallTestCaseKeyword.groovy)
	at com.kms.katalon.core.keyword.internal.KeywordMain.runKeyword(KeywordMain.groovy:75)
	at com.kms.katalon.core.keyword.builtin.CallTestCaseKeyword.callTestCase(CallTestCaseKeyword.groovy:81)
	at com.kms.katalon.core.keyword.builtin.CallTestCaseKeyword.execute(CallTestCaseKeyword.groovy:44)
	at com.kms.katalon.core.keyword.internal.KeywordExecutor.executeKeywordForPlatform(KeywordExecutor.groovy:74)
	at com.kms.katalon.core.keyword.BuiltinKeywords.callTestCase(BuiltinKeywords.groovy:310)
	at TS_SMOKE_SUITE_075.run(TS_SMOKE_SUITE_075:28)
	at com.kms.katalon.core.main.ScriptEngine.run(ScriptEngine.java:194)
	at com.kms.katalon.core.main.ScriptEngine.runScriptAsRawText(ScriptEngine.java:119)
	at com.kms.katalon.core.main.TestCaseExecutor.runScript(TestCaseExecutor.java:448)
	at com.kms.katalon.core.main.TestCaseExecutor.doExecute(TestCaseExecutor.java:439)
	at com.kms.katalon.core.main.TestCaseExecutor.processExecutionPhase(TestCaseExecutor.java:418)
	at com.kms.katalon.core.main.TestCaseExecutor.accessMainPhase(TestCaseExecutor.java:410)
	at com.kms.katalon.core.main.TestCaseExecutor.execute(TestCaseExecutor.java:285)
	at com.kms.katalon.core.common.CommonExecutor.accessTestCaseMainPhase(CommonExecutor.java:65)
	at com.kms.katalon.core.main.TestSuiteExecutor.accessTestSuiteMainPhase(TestSuiteExecutor.java:148)
	at com.kms.katalon.core.main.TestSuiteExecutor.execute(TestSuiteExecutor.java:106)
	at com.kms.katalon.core.main.TestCaseMain.startTestSuite(TestCaseMain.java:187)
	at com.kms.katalon.core.main.TestCaseMain$startTestSuite$0.call(Unknown Source)
	at TempTestSuite1692673207080.run(TempTestSuite1692673207080.groovy:36)
Caused by: com.kms.katalon.core.exception.StepFailedException: Unable to click on object 'Object Repository/HomePage/EnterUsername_LP'
	at com.kms.katalon.core.webui.keyword.internal.WebUIKeywordMain.stepFailed(WebUIKeywordMain.groovy:64)
	at com.kms.katalon.core.webui.keyword.internal.WebUIKeywordMain.runKeyword(WebUIKeywordMain.groovy:26)
	at com.kms.katalon.core.webui.keyword.builtin.ClickKeyword.click(ClickKeyword.groovy:74)
	at com.kms.katalon.core.webui.keyword.builtin.ClickKeyword.execute(ClickKeyword.groovy:40)
	at com.kms.katalon.core.keyword.internal.KeywordExecutor.executeKeywordForPlatform(KeywordExecutor.groovy:74)
	at com.kms.katalon.core.webui.keyword.WebUiBuiltInKeywords.click(WebUiBuiltInKeywords.groovy:620)
	at com.kms.katalon.core.webui.keyword.WebUiBuiltInKeywords$click$2.call(Unknown Source)
	at loginFromHomePage.run(loginFromHomePage:22)
	at com.kms.katalon.core.main.ScriptEngine.run(ScriptEngine.java:194)
	at com.kms.katalon.core.main.ScriptEngine.runScriptAsRawText(ScriptEngine.java:119)
	at com.kms.katalon.core.main.TestCaseExecutor.runScript(TestCaseExecutor.java:448)
	at com.kms.katalon.core.main.TestCaseExecutor.doExecute(TestCaseExecutor.java:439)
	at com.kms.katalon.core.main.TestCaseExecutor.processExecutionPhase(TestCaseExecutor.java:418)
	at com.kms.katalon.core.main.TestCaseExecutor.accessMainPhase(TestCaseExecutor.java:410)
	at com.kms.katalon.core.main.TestCaseExecutor.execute(TestCaseExecutor.java:285)
	at com.kms.katalon.core.main.TestCaseMain.runTestCase(TestCaseMain.java:144)
	at com.kms.katalon.core.keyword.builtin.CallTestCaseKeyword$_callTestCase_closure1.doCall(CallTestCaseKeyword.groovy:59)
	... 20 more
Caused by: org.openqa.selenium.NoSuchWindowException: no such window: target window already closed
from unknown error: web view not found
  (Session info: chrome=116.0.5845.97)
Build info: version: '3.141.59', revision: 'e82be7d358', time: '2018-11-14T08:25:53'
System info: host: 'DESKTOP-L51QJLB', ip: '172.22.45.95', os.name: 'Windows 10', os.arch: 'amd64', os.version: '10.0', java.version: '1.8.0_282'
Driver info: com.kms.katalon.selenium.driver.CChromeDriver
Capabilities {acceptInsecureCerts: false, browserName: chrome, browserVersion: 116.0.5845.97, chrome: {chromedriverVersion: 116.0.5845.96 (1a3918166880..., userDataDir: C:\Users\DELL\AppData\Local...}, fedcm:accounts: true, goog:chromeOptions: {debuggerAddress: localhost:59572}, javascriptEnabled: true, networkConnectionEnabled: false, pageLoadStrategy: normal, platform: WINDOWS, platformName: WINDOWS, proxy: Proxy(), setWindowRect: true, strictFileInteractability: false, timeouts: {implicit: 0, pageLoad: 300000, script: 30000}, unhandledPromptBehavior: dismiss and notify, webauthn:extension:credBlob: true, webauthn:extension:largeBlob: true, webauthn:extension:minPinLength: true, webauthn:extension:prf: true, webauthn:virtualAuthenticators: true}
Session ID: 8b05037cf3ab0c2369dc22d8a60ee595
*** Element info: {Using=xpath, value=//input[@id='username']}
	at org.openqa.selenium.remote.http.W3CHttpResponseCodec.createException(W3CHttpResponseCodec.java:187)
	at org.openqa.selenium.remote.http.W3CHttpResponseCodec.decode(W3CHttpResponseCodec.java:122)
	at org.openqa.selenium.remote.http.W3CHttpResponseCodec.decode(W3CHttpResponseCodec.java:49)
	at org.openqa.selenium.remote.HttpCommandExecutor.execute(HttpCommandExecutor.java:158)
	at org.openqa.selenium.remote.service.DriverCommandExecutor.execute(DriverCommandExecutor.java:83)
	at org.openqa.selenium.remote.RemoteWebDriver.execute(RemoteWebDriver.java:552)
	at com.kms.katalon.selenium.driver.CChromeDriver.execute(CChromeDriver.java:19)
	at org.openqa.selenium.remote.RemoteWebDriver.findElements(RemoteWebDriver.java:353)
	at org.openqa.selenium.remote.RemoteWebDriver.findElementsByXPath(RemoteWebDriver.java:432)
	at org.openqa.selenium.By$ByXPath.findElements(By.java:348)
	at org.openqa.selenium.remote.RemoteWebDriver.findElements(RemoteWebDriver.java:311)
	at org.openqa.selenium.support.events.EventFiringWebDriver.lambda$new$1(EventFiringWebDriver.java:105)
	at com.sun.proxy.$Proxy10.findElements(Unknown Source)
	at org.openqa.selenium.support.events.EventFiringWebDriver.findElements(EventFiringWebDriver.java:182)
	at com.kms.katalon.core.webui.common.WebUiCommonHelper.findElementByNormalMethods(WebUiCommonHelper.java:1027)
	at com.kms.katalon.core.webui.common.WebUiCommonHelper.findElementsBySelectedMethod(WebUiCommonHelper.java:919)
	at com.kms.katalon.core.webui.common.WebUiCommonHelper.findElementsBySelectedMethod(WebUiCommonHelper.java:901)
	at com.kms.katalon.core.webui.common.WebUiCommonHelper.findElementsBySelectedMethod(WebUiCommonHelper.java:896)
	at com.kms.katalon.core.webui.common.WebUiCommonHelper.findElementsByDefault(WebUiCommonHelper.java:892)
	at com.kms.katalon.core.webui.common.WebUiCommonHelper.findWebElements(WebUiCommonHelper.java:720)
	at com.kms.katalon.core.webui.common.WebUiCommonHelper.findWebElement(WebUiCommonHelper.java:1376)
	at com.kms.katalon.core.webui.keyword.internal.WebUIAbstractKeyword.findWebElement(WebUIAbstractKeyword.groovy:27)
	at com.kms.katalon.core.webui.keyword.builtin.ClickKeyword$_click_closure1.doCall(ClickKeyword.groovy:65)
	at com.kms.katalon.core.webui.keyword.builtin.ClickKeyword$_click_closure1.call(ClickKeyword.groovy)
	at com.kms.katalon.core.webui.keyword.internal.WebUIKeywordMain.runKeyword(WebUIKeywordMain.groovy:20)
	... 35 more
)]]></system-out>
         <system-err><![CDATA[2023-08-22 09:03:22 - [TEST_CASE][FAILED] - Test Cases/Checkout/TS_SMOKE_SUITE_075: Test Cases/Checkout/TS_SMOKE_SUITE_075 FAILED.
Reason:
com.kms.katalon.core.exception.StepFailedException: Call Test Case 'Test Cases/CommonMethods/loginFromHomePage' failed
	at com.kms.katalon.core.keyword.builtin.CallTestCaseKeyword$_callTestCase_closure1.doCall(CallTestCaseKeyword.groovy:63)
	at com.kms.katalon.core.keyword.builtin.CallTestCaseKeyword$_callTestCase_closure1.call(CallTestCaseKeyword.groovy)
	at com.kms.katalon.core.keyword.internal.KeywordMain.runKeyword(KeywordMain.groovy:75)
	at com.kms.katalon.core.keyword.builtin.CallTestCaseKeyword.callTestCase(CallTestCaseKeyword.groovy:81)
	at com.kms.katalon.core.keyword.builtin.CallTestCaseKeyword.execute(CallTestCaseKeyword.groovy:44)
	at com.kms.katalon.core.keyword.internal.KeywordExecutor.executeKeywordForPlatform(KeywordExecutor.groovy:74)
	at com.kms.katalon.core.keyword.BuiltinKeywords.callTestCase(BuiltinKeywords.groovy:310)
	at TS_SMOKE_SUITE_075.run(TS_SMOKE_SUITE_075:28)
	at com.kms.katalon.core.main.ScriptEngine.run(ScriptEngine.java:194)
	at com.kms.katalon.core.main.ScriptEngine.runScriptAsRawText(ScriptEngine.java:119)
	at com.kms.katalon.core.main.TestCaseExecutor.runScript(TestCaseExecutor.java:448)
	at com.kms.katalon.core.main.TestCaseExecutor.doExecute(TestCaseExecutor.java:439)
	at com.kms.katalon.core.main.TestCaseExecutor.processExecutionPhase(TestCaseExecutor.java:418)
	at com.kms.katalon.core.main.TestCaseExecutor.accessMainPhase(TestCaseExecutor.java:410)
	at com.kms.katalon.core.main.TestCaseExecutor.execute(TestCaseExecutor.java:285)
	at com.kms.katalon.core.common.CommonExecutor.accessTestCaseMainPhase(CommonExecutor.java:65)
	at com.kms.katalon.core.main.TestSuiteExecutor.accessTestSuiteMainPhase(TestSuiteExecutor.java:148)
	at com.kms.katalon.core.main.TestSuiteExecutor.execute(TestSuiteExecutor.java:106)
	at com.kms.katalon.core.main.TestCaseMain.startTestSuite(TestCaseMain.java:187)
	at com.kms.katalon.core.main.TestCaseMain$startTestSuite$0.call(Unknown Source)
	at TempTestSuite1692673207080.run(TempTestSuite1692673207080.groovy:36)
Caused by: com.kms.katalon.core.exception.StepFailedException: Unable to click on object 'Object Repository/HomePage/EnterUsername_LP'
	at com.kms.katalon.core.webui.keyword.internal.WebUIKeywordMain.stepFailed(WebUIKeywordMain.groovy:64)
	at com.kms.katalon.core.webui.keyword.internal.WebUIKeywordMain.runKeyword(WebUIKeywordMain.groovy:26)
	at com.kms.katalon.core.webui.keyword.builtin.ClickKeyword.click(ClickKeyword.groovy:74)
	at com.kms.katalon.core.webui.keyword.builtin.ClickKeyword.execute(ClickKeyword.groovy:40)
	at com.kms.katalon.core.keyword.internal.KeywordExecutor.executeKeywordForPlatform(KeywordExecutor.groovy:74)
	at com.kms.katalon.core.webui.keyword.WebUiBuiltInKeywords.click(WebUiBuiltInKeywords.groovy:620)
	at com.kms.katalon.core.webui.keyword.WebUiBuiltInKeywords$click$2.call(Unknown Source)
	at loginFromHomePage.run(loginFromHomePage:22)
	at com.kms.katalon.core.main.ScriptEngine.run(ScriptEngine.java:194)
	at com.kms.katalon.core.main.ScriptEngine.runScriptAsRawText(ScriptEngine.java:119)
	at com.kms.katalon.core.main.TestCaseExecutor.runScript(TestCaseExecutor.java:448)
	at com.kms.katalon.core.main.TestCaseExecutor.doExecute(TestCaseExecutor.java:439)
	at com.kms.katalon.core.main.TestCaseExecutor.processExecutionPhase(TestCaseExecutor.java:418)
	at com.kms.katalon.core.main.TestCaseExecutor.accessMainPhase(TestCaseExecutor.java:410)
	at com.kms.katalon.core.main.TestCaseExecutor.execute(TestCaseExecutor.java:285)
	at com.kms.katalon.core.main.TestCaseMain.runTestCase(TestCaseMain.java:144)
	at com.kms.katalon.core.keyword.builtin.CallTestCaseKeyword$_callTestCase_closure1.doCall(CallTestCaseKeyword.groovy:59)
	... 20 more
Caused by: org.openqa.selenium.NoSuchWindowException: no such window: target window already closed
from unknown error: web view not found
  (Session info: chrome=116.0.5845.97)
Build info: version: '3.141.59', revision: 'e82be7d358', time: '2018-11-14T08:25:53'
System info: host: 'DESKTOP-L51QJLB', ip: '172.22.45.95', os.name: 'Windows 10', os.arch: 'amd64', os.version: '10.0', java.version: '1.8.0_282'
Driver info: com.kms.katalon.selenium.driver.CChromeDriver
Capabilities {acceptInsecureCerts: false, browserName: chrome, browserVersion: 116.0.5845.97, chrome: {chromedriverVersion: 116.0.5845.96 (1a3918166880..., userDataDir: C:\Users\DELL\AppData\Local...}, fedcm:accounts: true, goog:chromeOptions: {debuggerAddress: localhost:59572}, javascriptEnabled: true, networkConnectionEnabled: false, pageLoadStrategy: normal, platform: WINDOWS, platformName: WINDOWS, proxy: Proxy(), setWindowRect: true, strictFileInteractability: false, timeouts: {implicit: 0, pageLoad: 300000, script: 30000}, unhandledPromptBehavior: dismiss and notify, webauthn:extension:credBlob: true, webauthn:extension:largeBlob: true, webauthn:extension:minPinLength: true, webauthn:extension:prf: true, webauthn:virtualAuthenticators: true}
Session ID: 8b05037cf3ab0c2369dc22d8a60ee595
*** Element info: {Using=xpath, value=//input[@id='username']}
	at org.openqa.selenium.remote.http.W3CHttpResponseCodec.createException(W3CHttpResponseCodec.java:187)
	at org.openqa.selenium.remote.http.W3CHttpResponseCodec.decode(W3CHttpResponseCodec.java:122)
	at org.openqa.selenium.remote.http.W3CHttpResponseCodec.decode(W3CHttpResponseCodec.java:49)
	at org.openqa.selenium.remote.HttpCommandExecutor.execute(HttpCommandExecutor.java:158)
	at org.openqa.selenium.remote.service.DriverCommandExecutor.execute(DriverCommandExecutor.java:83)
	at org.openqa.selenium.remote.RemoteWebDriver.execute(RemoteWebDriver.java:552)
	at com.kms.katalon.selenium.driver.CChromeDriver.execute(CChromeDriver.java:19)
	at org.openqa.selenium.remote.RemoteWebDriver.findElements(RemoteWebDriver.java:353)
	at org.openqa.selenium.remote.RemoteWebDriver.findElementsByXPath(RemoteWebDriver.java:432)
	at org.openqa.selenium.By$ByXPath.findElements(By.java:348)
	at org.openqa.selenium.remote.RemoteWebDriver.findElements(RemoteWebDriver.java:311)
	at org.openqa.selenium.support.events.EventFiringWebDriver.lambda$new$1(EventFiringWebDriver.java:105)
	at com.sun.proxy.$Proxy10.findElements(Unknown Source)
	at org.openqa.selenium.support.events.EventFiringWebDriver.findElements(EventFiringWebDriver.java:182)
	at com.kms.katalon.core.webui.common.WebUiCommonHelper.findElementByNormalMethods(WebUiCommonHelper.java:1027)
	at com.kms.katalon.core.webui.common.WebUiCommonHelper.findElementsBySelectedMethod(WebUiCommonHelper.java:919)
	at com.kms.katalon.core.webui.common.WebUiCommonHelper.findElementsBySelectedMethod(WebUiCommonHelper.java:901)
	at com.kms.katalon.core.webui.common.WebUiCommonHelper.findElementsBySelectedMethod(WebUiCommonHelper.java:896)
	at com.kms.katalon.core.webui.common.WebUiCommonHelper.findElementsByDefault(WebUiCommonHelper.java:892)
	at com.kms.katalon.core.webui.common.WebUiCommonHelper.findWebElements(WebUiCommonHelper.java:720)
	at com.kms.katalon.core.webui.common.WebUiCommonHelper.findWebElement(WebUiCommonHelper.java:1376)
	at com.kms.katalon.core.webui.keyword.internal.WebUIAbstractKeyword.findWebElement(WebUIAbstractKeyword.groovy:27)
	at com.kms.katalon.core.webui.keyword.builtin.ClickKeyword$_click_closure1.doCall(ClickKeyword.groovy:65)
	at com.kms.katalon.core.webui.keyword.builtin.ClickKeyword$_click_closure1.call(ClickKeyword.groovy)
	at com.kms.katalon.core.webui.keyword.internal.WebUIKeywordMain.runKeyword(WebUIKeywordMain.groovy:20)
	... 35 more]]></system-err>
      </testcase>
      <testcase name="Test Cases/Checkout/TS_SMOKE_SUITE_076" time="192.296" classname="Test Cases/Checkout/TS_SMOKE_SUITE_076" status="PASSED">
         <system-out><![CDATA[2023-08-22 09:04:26 - [TEST_CASE][PASSED] - Test Cases/Checkout/TS_SMOKE_SUITE_076: Test Cases/Checkout/TS_SMOKE_SUITE_076

2023-08-22 09:04:26 - [TEST_STEP][PASSED] - openBrowser(""): Browser is opened with url: ''

2023-08-22 09:04:26 - [MESSAGE][WARNING] - A browser is already opened. Closing browser and opening a new one

2023-08-22 09:04:27 - [MESSAGE][INFO] - Starting 'Chrome' driver

2023-08-22 09:04:27 - [MESSAGE][INFO] - Action delay is set to 0 milliseconds

2023-08-22 09:04:29 - [MESSAGE][PASSED] - Browser is opened with url: ''

2023-08-22 09:04:29 - [TEST_STEP][PASSED] - navigateToUrl(URL): Navigate to 'https://odtaqaa.liverpool.com.mx/tienda/home' successfully

2023-08-22 09:05:25 - [MESSAGE][PASSED] - Navigate to 'https://odtaqaa.liverpool.com.mx/tienda/home' successfully

2023-08-22 09:05:25 - [TEST_STEP][PASSED] - maximizeWindow(): Current window maximized

2023-08-22 09:05:26 - [MESSAGE][PASSED] - Current window maximized

2023-08-22 09:05:26 - [TEST_STEP][PASSED] - click(findTestObject("HomePage/Iniciar sesion")): Object: 'Object Repository/HomePage/Iniciar sesion' is clicked on

2023-08-22 09:05:27 - [MESSAGE][PASSED] - Object: 'Object Repository/HomePage/Iniciar sesion' is clicked on

2023-08-22 09:05:27 - [TEST_STEP][PASSED] - callTestCase(findTestCase("CommonMethods/loginFromHomePage"), ["username":Username, "password":Password], STOP_ON_FAILURE): Call Test Case 'Test Cases/CommonMethods/loginFromHomePage' successfully

2023-08-22 09:05:27 - [TEST_CASE][PASSED] - Test Cases/CommonMethods/loginFromHomePage: Test Cases/CommonMethods/loginFromHomePage

2023-08-22 09:05:27 - [TEST_STEP][PASSED] - delay(3): Delayed 3 second(s)

2023-08-22 09:05:30 - [MESSAGE][PASSED] - Delayed 3 second(s)

2023-08-22 09:05:30 - [TEST_STEP][PASSED] - click(findTestObject("HomePage/EnterUsername_LP")): Object: 'Object Repository/HomePage/EnterUsername_LP' is clicked on

2023-08-22 09:05:52 - [MESSAGE][PASSED] - Object: 'Object Repository/HomePage/EnterUsername_LP' is clicked on

2023-08-22 09:05:52 - [TEST_STEP][PASSED] - setText(findTestObject("HomePage/EnterUsername_LP"), username): Text 'hcheruvu29@digisprint.com' is set on object 'Object Repository/HomePage/EnterUsername_LP'

2023-08-22 09:05:53 - [MESSAGE][PASSED] - Text 'hcheruvu29@digisprint.com' is set on object 'Object Repository/HomePage/EnterUsername_LP'

2023-08-22 09:05:53 - [TEST_STEP][PASSED] - click(findTestObject("HomePage/EnterPassword_LP")): Object: 'Object Repository/HomePage/EnterPassword_LP' is clicked on

2023-08-22 09:05:54 - [MESSAGE][PASSED] - Object: 'Object Repository/HomePage/EnterPassword_LP' is clicked on

2023-08-22 09:05:54 - [TEST_STEP][PASSED] - setText(findTestObject("HomePage/EnterPassword_LP"), password): Text 'Test@12345' is set on object 'Object Repository/HomePage/EnterPassword_LP'

2023-08-22 09:05:54 - [MESSAGE][PASSED] - Text 'Test@12345' is set on object 'Object Repository/HomePage/EnterPassword_LP'

2023-08-22 09:05:54 - [TEST_STEP][PASSED] - click(findTestObject("HomePage/inciar")): Object: 'Object Repository/HomePage/inciar' is clicked on

2023-08-22 09:06:01 - [MESSAGE][PASSED] - Object: 'Object Repository/HomePage/inciar' is clicked on

2023-08-22 09:06:01 - [MESSAGE][PASSED] - Call Test Case 'Test Cases/CommonMethods/loginFromHomePage' successfully

2023-08-22 09:06:01 - [TEST_STEP][PASSED] - callTestCase(findTestCase("CommonMethods/EmptyCart_RunAt_HP"), [:], OPTIONAL): Unable to call Test Case 'Test Cases/CommonMethods/EmptyCart_RunAt_HP' (Root cause: com.kms.katalon.core.exception.StepErrorException: Call Test Case 'Test Cases/CommonMethods/EmptyCart_RunAt_HP' failed because of error(s)
	at com.kms.katalon.core.keyword.builtin.CallTestCaseKeyword$_callTestCase_closure1.doCall(CallTestCaseKeyword.groovy:66)
	at com.kms.katalon.core.keyword.builtin.CallTestCaseKeyword$_callTestCase_closure1.call(CallTestCaseKeyword.groovy)
	at com.kms.katalon.core.keyword.internal.KeywordMain.runKeyword(KeywordMain.groovy:75)
	at com.kms.katalon.core.keyword.builtin.CallTestCaseKeyword.callTestCase(CallTestCaseKeyword.groovy:81)
	at com.kms.katalon.core.keyword.builtin.CallTestCaseKeyword.execute(CallTestCaseKeyword.groovy:44)
	at com.kms.katalon.core.keyword.internal.KeywordExecutor.executeKeywordForPlatform(KeywordExecutor.groovy:74)
	at com.kms.katalon.core.keyword.BuiltinKeywords.callTestCase(BuiltinKeywords.groovy:310)
	at TS_SMOKE_SUITE_076.run(TS_SMOKE_SUITE_076:31)
	at com.kms.katalon.core.main.ScriptEngine.run(ScriptEngine.java:194)
	at com.kms.katalon.core.main.ScriptEngine.runScriptAsRawText(ScriptEngine.java:119)
	at com.kms.katalon.core.main.TestCaseExecutor.runScript(TestCaseExecutor.java:448)
	at com.kms.katalon.core.main.TestCaseExecutor.doExecute(TestCaseExecutor.java:439)
	at com.kms.katalon.core.main.TestCaseExecutor.processExecutionPhase(TestCaseExecutor.java:418)
	at com.kms.katalon.core.main.TestCaseExecutor.accessMainPhase(TestCaseExecutor.java:410)
	at com.kms.katalon.core.main.TestCaseExecutor.execute(TestCaseExecutor.java:285)
	at com.kms.katalon.core.common.CommonExecutor.accessTestCaseMainPhase(CommonExecutor.java:65)
	at com.kms.katalon.core.main.TestSuiteExecutor.accessTestSuiteMainPhase(TestSuiteExecutor.java:148)
	at com.kms.katalon.core.main.TestSuiteExecutor.execute(TestSuiteExecutor.java:106)
	at com.kms.katalon.core.main.TestCaseMain.startTestSuite(TestCaseMain.java:187)
	at com.kms.katalon.core.main.TestCaseMain$startTestSuite$0.call(Unknown Source)
	at TempTestSuite1692673207080.run(TempTestSuite1692673207080.groovy:36)
Caused by: java.lang.NullPointerException
	at com.kms.katalon.core.webui.common.WebUiCommonHelper.findElementsBySelectedMethod(WebUiCommonHelper.java:896)
	at com.kms.katalon.core.webui.common.WebUiCommonHelper.findElementsByDefault(WebUiCommonHelper.java:892)
	at com.kms.katalon.core.webui.common.WebUiCommonHelper.findWebElements(WebUiCommonHelper.java:720)
	at com.kms.katalon.core.webui.keyword.internal.WebUIAbstractKeyword.findWebElements(WebUIAbstractKeyword.groovy:32)
	at com.kms.katalon.core.webui.keyword.WebUiBuiltInKeywords.findWebElements(WebUiBuiltInKeywords.groovy:2860)
	at com.kms.katalon.core.webui.keyword.WebUiBuiltInKeywords$findWebElements$15.call(Unknown Source)
	at EmptyCart_RunAt_HP.run(EmptyCart_RunAt_HP:39)
	at com.kms.katalon.core.main.ScriptEngine.run(ScriptEngine.java:194)
	at com.kms.katalon.core.main.ScriptEngine.runScriptAsRawText(ScriptEngine.java:119)
	at com.kms.katalon.core.main.TestCaseExecutor.runScript(TestCaseExecutor.java:448)
	at com.kms.katalon.core.main.TestCaseExecutor.doExecute(TestCaseExecutor.java:439)
	at com.kms.katalon.core.main.TestCaseExecutor.processExecutionPhase(TestCaseExecutor.java:418)
	at com.kms.katalon.core.main.TestCaseExecutor.accessMainPhase(TestCaseExecutor.java:410)
	at com.kms.katalon.core.main.TestCaseExecutor.execute(TestCaseExecutor.java:285)
	at com.kms.katalon.core.main.TestCaseMain.runTestCase(TestCaseMain.java:144)
	at com.kms.katalon.core.keyword.builtin.CallTestCaseKeyword$_callTestCase_closure1.doCall(CallTestCaseKeyword.groovy:59)
	... 20 more
)

2023-08-22 09:06:01 - [TEST_CASE][ERROR] - Test Cases/CommonMethods/EmptyCart_RunAt_HP: Test Cases/CommonMethods/EmptyCart_RunAt_HP FAILED.
Reason:
java.lang.NullPointerException
	at com.kms.katalon.core.webui.common.WebUiCommonHelper.findElementsBySelectedMethod(WebUiCommonHelper.java:896)
	at com.kms.katalon.core.webui.common.WebUiCommonHelper.findElementsByDefault(WebUiCommonHelper.java:892)
	at com.kms.katalon.core.webui.common.WebUiCommonHelper.findWebElements(WebUiCommonHelper.java:720)
	at com.kms.katalon.core.webui.keyword.internal.WebUIAbstractKeyword.findWebElements(WebUIAbstractKeyword.groovy:32)
	at com.kms.katalon.core.webui.keyword.WebUiBuiltInKeywords.findWebElements(WebUiBuiltInKeywords.groovy:2860)
	at com.kms.katalon.core.webui.keyword.WebUiBuiltInKeywords$findWebElements$15.call(Unknown Source)
	at EmptyCart_RunAt_HP.run(EmptyCart_RunAt_HP:39)
	at com.kms.katalon.core.main.ScriptEngine.run(ScriptEngine.java:194)
	at com.kms.katalon.core.main.ScriptEngine.runScriptAsRawText(ScriptEngine.java:119)
	at com.kms.katalon.core.main.TestCaseExecutor.runScript(TestCaseExecutor.java:448)
	at com.kms.katalon.core.main.TestCaseExecutor.doExecute(TestCaseExecutor.java:439)
	at com.kms.katalon.core.main.TestCaseExecutor.processExecutionPhase(TestCaseExecutor.java:418)
	at com.kms.katalon.core.main.TestCaseExecutor.accessMainPhase(TestCaseExecutor.java:410)
	at com.kms.katalon.core.main.TestCaseExecutor.execute(TestCaseExecutor.java:285)
	at com.kms.katalon.core.main.TestCaseMain.runTestCase(TestCaseMain.java:144)
	at com.kms.katalon.core.keyword.builtin.CallTestCaseKeyword$_callTestCase_closure1.doCall(CallTestCaseKeyword.groovy:59)
	at com.kms.katalon.core.keyword.builtin.CallTestCaseKeyword$_callTestCase_closure1.call(CallTestCaseKeyword.groovy)
	at com.kms.katalon.core.keyword.internal.KeywordMain.runKeyword(KeywordMain.groovy:75)
	at com.kms.katalon.core.keyword.builtin.CallTestCaseKeyword.callTestCase(CallTestCaseKeyword.groovy:81)
	at com.kms.katalon.core.keyword.builtin.CallTestCaseKeyword.execute(CallTestCaseKeyword.groovy:44)
	at com.kms.katalon.core.keyword.internal.KeywordExecutor.executeKeywordForPlatform(KeywordExecutor.groovy:74)
	at com.kms.katalon.core.keyword.BuiltinKeywords.callTestCase(BuiltinKeywords.groovy:310)
	at TS_SMOKE_SUITE_076.run(TS_SMOKE_SUITE_076:31)
	at com.kms.katalon.core.main.ScriptEngine.run(ScriptEngine.java:194)
	at com.kms.katalon.core.main.ScriptEngine.runScriptAsRawText(ScriptEngine.java:119)
	at com.kms.katalon.core.main.TestCaseExecutor.runScript(TestCaseExecutor.java:448)
	at com.kms.katalon.core.main.TestCaseExecutor.doExecute(TestCaseExecutor.java:439)
	at com.kms.katalon.core.main.TestCaseExecutor.processExecutionPhase(TestCaseExecutor.java:418)
	at com.kms.katalon.core.main.TestCaseExecutor.accessMainPhase(TestCaseExecutor.java:410)
	at com.kms.katalon.core.main.TestCaseExecutor.execute(TestCaseExecutor.java:285)
	at com.kms.katalon.core.common.CommonExecutor.accessTestCaseMainPhase(CommonExecutor.java:65)
	at com.kms.katalon.core.main.TestSuiteExecutor.accessTestSuiteMainPhase(TestSuiteExecutor.java:148)
	at com.kms.katalon.core.main.TestSuiteExecutor.execute(TestSuiteExecutor.java:106)
	at com.kms.katalon.core.main.TestCaseMain.startTestSuite(TestCaseMain.java:187)
	at com.kms.katalon.core.main.TestCaseMain$startTestSuite$0.call(Unknown Source)
	at TempTestSuite1692673207080.run(TempTestSuite1692673207080.groovy:36)


2023-08-22 09:06:02 - [TEST_STEP][PASSED] - delay(2, OPTIONAL): Delayed 2 second(s)

2023-08-22 09:06:04 - [MESSAGE][PASSED] - Delayed 2 second(s)

2023-08-22 09:06:04 - [TEST_STEP][PASSED] - click(findTestObject("HomePage/bag_header_HP"), OPTIONAL): Object: 'Object Repository/HomePage/bag_header_HP' is clicked on

2023-08-22 09:06:38 - [MESSAGE][PASSED] - Object: 'Object Repository/HomePage/bag_header_HP' is clicked on

2023-08-22 09:06:38 - [TEST_STEP][ERROR] - listElement = findWebElements(findTestObject("CartPage/Product1_remove_cart"), 2): Test Cases/CommonMethods/EmptyCart_RunAt_HP FAILED.
Reason:
java.lang.NullPointerException
	at com.kms.katalon.core.webui.common.WebUiCommonHelper.findElementsBySelectedMethod(WebUiCommonHelper.java:896)
	at com.kms.katalon.core.webui.common.WebUiCommonHelper.findElementsByDefault(WebUiCommonHelper.java:892)
	at com.kms.katalon.core.webui.common.WebUiCommonHelper.findWebElements(WebUiCommonHelper.java:720)
	at com.kms.katalon.core.webui.keyword.internal.WebUIAbstractKeyword.findWebElements(WebUIAbstractKeyword.groovy:32)
	at com.kms.katalon.core.webui.keyword.WebUiBuiltInKeywords.findWebElements(WebUiBuiltInKeywords.groovy:2860)
	at com.kms.katalon.core.webui.keyword.WebUiBuiltInKeywords$findWebElements$15.call(Unknown Source)
	at EmptyCart_RunAt_HP.run(EmptyCart_RunAt_HP:39)
	at com.kms.katalon.core.main.ScriptEngine.run(ScriptEngine.java:194)
	at com.kms.katalon.core.main.ScriptEngine.runScriptAsRawText(ScriptEngine.java:119)
	at com.kms.katalon.core.main.TestCaseExecutor.runScript(TestCaseExecutor.java:448)
	at com.kms.katalon.core.main.TestCaseExecutor.doExecute(TestCaseExecutor.java:439)
	at com.kms.katalon.core.main.TestCaseExecutor.processExecutionPhase(TestCaseExecutor.java:418)
	at com.kms.katalon.core.main.TestCaseExecutor.accessMainPhase(TestCaseExecutor.java:410)
	at com.kms.katalon.core.main.TestCaseExecutor.execute(TestCaseExecutor.java:285)
	at com.kms.katalon.core.main.TestCaseMain.runTestCase(TestCaseMain.java:144)
	at com.kms.katalon.core.keyword.builtin.CallTestCaseKeyword$_callTestCase_closure1.doCall(CallTestCaseKeyword.groovy:59)
	at com.kms.katalon.core.keyword.builtin.CallTestCaseKeyword$_callTestCase_closure1.call(CallTestCaseKeyword.groovy)
	at com.kms.katalon.core.keyword.internal.KeywordMain.runKeyword(KeywordMain.groovy:75)
	at com.kms.katalon.core.keyword.builtin.CallTestCaseKeyword.callTestCase(CallTestCaseKeyword.groovy:81)
	at com.kms.katalon.core.keyword.builtin.CallTestCaseKeyword.execute(CallTestCaseKeyword.groovy:44)
	at com.kms.katalon.core.keyword.internal.KeywordExecutor.executeKeywordForPlatform(KeywordExecutor.groovy:74)
	at com.kms.katalon.core.keyword.BuiltinKeywords.callTestCase(BuiltinKeywords.groovy:310)
	at TS_SMOKE_SUITE_076.run(TS_SMOKE_SUITE_076:31)
	at com.kms.katalon.core.main.ScriptEngine.run(ScriptEngine.java:194)
	at com.kms.katalon.core.main.ScriptEngine.runScriptAsRawText(ScriptEngine.java:119)
	at com.kms.katalon.core.main.TestCaseExecutor.runScript(TestCaseExecutor.java:448)
	at com.kms.katalon.core.main.TestCaseExecutor.doExecute(TestCaseExecutor.java:439)
	at com.kms.katalon.core.main.TestCaseExecutor.processExecutionPhase(TestCaseExecutor.java:418)
	at com.kms.katalon.core.main.TestCaseExecutor.accessMainPhase(TestCaseExecutor.java:410)
	at com.kms.katalon.core.main.TestCaseExecutor.execute(TestCaseExecutor.java:285)
	at com.kms.katalon.core.common.CommonExecutor.accessTestCaseMainPhase(CommonExecutor.java:65)
	at com.kms.katalon.core.main.TestSuiteExecutor.accessTestSuiteMainPhase(TestSuiteExecutor.java:148)
	at com.kms.katalon.core.main.TestSuiteExecutor.execute(TestSuiteExecutor.java:106)
	at com.kms.katalon.core.main.TestCaseMain.startTestSuite(TestCaseMain.java:187)
	at com.kms.katalon.core.main.TestCaseMain$startTestSuite$0.call(Unknown Source)
	at TempTestSuite1692673207080.run(TempTestSuite1692673207080.groovy:36)


2023-08-22 09:06:38 - [MESSAGE][WARNING] - Test object with id 'Object Repository/CartPage/Product1_remove_cart' does not exist

2023-08-22 09:06:38 - [MESSAGE][ERROR] - Test Cases/CommonMethods/EmptyCart_RunAt_HP FAILED.
Reason:
java.lang.NullPointerException
	at com.kms.katalon.core.webui.common.WebUiCommonHelper.findElementsBySelectedMethod(WebUiCommonHelper.java:896)
	at com.kms.katalon.core.webui.common.WebUiCommonHelper.findElementsByDefault(WebUiCommonHelper.java:892)
	at com.kms.katalon.core.webui.common.WebUiCommonHelper.findWebElements(WebUiCommonHelper.java:720)
	at com.kms.katalon.core.webui.keyword.internal.WebUIAbstractKeyword.findWebElements(WebUIAbstractKeyword.groovy:32)
	at com.kms.katalon.core.webui.keyword.WebUiBuiltInKeywords.findWebElements(WebUiBuiltInKeywords.groovy:2860)
	at com.kms.katalon.core.webui.keyword.WebUiBuiltInKeywords$findWebElements$15.call(Unknown Source)
	at EmptyCart_RunAt_HP.run(EmptyCart_RunAt_HP:39)
	at com.kms.katalon.core.main.ScriptEngine.run(ScriptEngine.java:194)
	at com.kms.katalon.core.main.ScriptEngine.runScriptAsRawText(ScriptEngine.java:119)
	at com.kms.katalon.core.main.TestCaseExecutor.runScript(TestCaseExecutor.java:448)
	at com.kms.katalon.core.main.TestCaseExecutor.doExecute(TestCaseExecutor.java:439)
	at com.kms.katalon.core.main.TestCaseExecutor.processExecutionPhase(TestCaseExecutor.java:418)
	at com.kms.katalon.core.main.TestCaseExecutor.accessMainPhase(TestCaseExecutor.java:410)
	at com.kms.katalon.core.main.TestCaseExecutor.execute(TestCaseExecutor.java:285)
	at com.kms.katalon.core.main.TestCaseMain.runTestCase(TestCaseMain.java:144)
	at com.kms.katalon.core.keyword.builtin.CallTestCaseKeyword$_callTestCase_closure1.doCall(CallTestCaseKeyword.groovy:59)
	at com.kms.katalon.core.keyword.builtin.CallTestCaseKeyword$_callTestCase_closure1.call(CallTestCaseKeyword.groovy)
	at com.kms.katalon.core.keyword.internal.KeywordMain.runKeyword(KeywordMain.groovy:75)
	at com.kms.katalon.core.keyword.builtin.CallTestCaseKeyword.callTestCase(CallTestCaseKeyword.groovy:81)
	at com.kms.katalon.core.keyword.builtin.CallTestCaseKeyword.execute(CallTestCaseKeyword.groovy:44)
	at com.kms.katalon.core.keyword.internal.KeywordExecutor.executeKeywordForPlatform(KeywordExecutor.groovy:74)
	at com.kms.katalon.core.keyword.BuiltinKeywords.callTestCase(BuiltinKeywords.groovy:310)
	at TS_SMOKE_SUITE_076.run(TS_SMOKE_SUITE_076:31)
	at com.kms.katalon.core.main.ScriptEngine.run(ScriptEngine.java:194)
	at com.kms.katalon.core.main.ScriptEngine.runScriptAsRawText(ScriptEngine.java:119)
	at com.kms.katalon.core.main.TestCaseExecutor.runScript(TestCaseExecutor.java:448)
	at com.kms.katalon.core.main.TestCaseExecutor.doExecute(TestCaseExecutor.java:439)
	at com.kms.katalon.core.main.TestCaseExecutor.processExecutionPhase(TestCaseExecutor.java:418)
	at com.kms.katalon.core.main.TestCaseExecutor.accessMainPhase(TestCaseExecutor.java:410)
	at com.kms.katalon.core.main.TestCaseExecutor.execute(TestCaseExecutor.java:285)
	at com.kms.katalon.core.common.CommonExecutor.accessTestCaseMainPhase(CommonExecutor.java:65)
	at com.kms.katalon.core.main.TestSuiteExecutor.accessTestSuiteMainPhase(TestSuiteExecutor.java:148)
	at com.kms.katalon.core.main.TestSuiteExecutor.execute(TestSuiteExecutor.java:106)
	at com.kms.katalon.core.main.TestCaseMain.startTestSuite(TestCaseMain.java:187)
	at com.kms.katalon.core.main.TestCaseMain$startTestSuite$0.call(Unknown Source)
	at TempTestSuite1692673207080.run(TempTestSuite1692673207080.groovy:36)


2023-08-22 09:06:38 - [MESSAGE][WARNING] - Unable to call Test Case 'Test Cases/CommonMethods/EmptyCart_RunAt_HP' (Root cause: com.kms.katalon.core.exception.StepErrorException: Call Test Case 'Test Cases/CommonMethods/EmptyCart_RunAt_HP' failed because of error(s)
	at com.kms.katalon.core.keyword.builtin.CallTestCaseKeyword$_callTestCase_closure1.doCall(CallTestCaseKeyword.groovy:66)
	at com.kms.katalon.core.keyword.builtin.CallTestCaseKeyword$_callTestCase_closure1.call(CallTestCaseKeyword.groovy)
	at com.kms.katalon.core.keyword.internal.KeywordMain.runKeyword(KeywordMain.groovy:75)
	at com.kms.katalon.core.keyword.builtin.CallTestCaseKeyword.callTestCase(CallTestCaseKeyword.groovy:81)
	at com.kms.katalon.core.keyword.builtin.CallTestCaseKeyword.execute(CallTestCaseKeyword.groovy:44)
	at com.kms.katalon.core.keyword.internal.KeywordExecutor.executeKeywordForPlatform(KeywordExecutor.groovy:74)
	at com.kms.katalon.core.keyword.BuiltinKeywords.callTestCase(BuiltinKeywords.groovy:310)
	at TS_SMOKE_SUITE_076.run(TS_SMOKE_SUITE_076:31)
	at com.kms.katalon.core.main.ScriptEngine.run(ScriptEngine.java:194)
	at com.kms.katalon.core.main.ScriptEngine.runScriptAsRawText(ScriptEngine.java:119)
	at com.kms.katalon.core.main.TestCaseExecutor.runScript(TestCaseExecutor.java:448)
	at com.kms.katalon.core.main.TestCaseExecutor.doExecute(TestCaseExecutor.java:439)
	at com.kms.katalon.core.main.TestCaseExecutor.processExecutionPhase(TestCaseExecutor.java:418)
	at com.kms.katalon.core.main.TestCaseExecutor.accessMainPhase(TestCaseExecutor.java:410)
	at com.kms.katalon.core.main.TestCaseExecutor.execute(TestCaseExecutor.java:285)
	at com.kms.katalon.core.common.CommonExecutor.accessTestCaseMainPhase(CommonExecutor.java:65)
	at com.kms.katalon.core.main.TestSuiteExecutor.accessTestSuiteMainPhase(TestSuiteExecutor.java:148)
	at com.kms.katalon.core.main.TestSuiteExecutor.execute(TestSuiteExecutor.java:106)
	at com.kms.katalon.core.main.TestCaseMain.startTestSuite(TestCaseMain.java:187)
	at com.kms.katalon.core.main.TestCaseMain$startTestSuite$0.call(Unknown Source)
	at TempTestSuite1692673207080.run(TempTestSuite1692673207080.groovy:36)
Caused by: java.lang.NullPointerException
	at com.kms.katalon.core.webui.common.WebUiCommonHelper.findElementsBySelectedMethod(WebUiCommonHelper.java:896)
	at com.kms.katalon.core.webui.common.WebUiCommonHelper.findElementsByDefault(WebUiCommonHelper.java:892)
	at com.kms.katalon.core.webui.common.WebUiCommonHelper.findWebElements(WebUiCommonHelper.java:720)
	at com.kms.katalon.core.webui.keyword.internal.WebUIAbstractKeyword.findWebElements(WebUIAbstractKeyword.groovy:32)
	at com.kms.katalon.core.webui.keyword.WebUiBuiltInKeywords.findWebElements(WebUiBuiltInKeywords.groovy:2860)
	at com.kms.katalon.core.webui.keyword.WebUiBuiltInKeywords$findWebElements$15.call(Unknown Source)
	at EmptyCart_RunAt_HP.run(EmptyCart_RunAt_HP:39)
	at com.kms.katalon.core.main.ScriptEngine.run(ScriptEngine.java:194)
	at com.kms.katalon.core.main.ScriptEngine.runScriptAsRawText(ScriptEngine.java:119)
	at com.kms.katalon.core.main.TestCaseExecutor.runScript(TestCaseExecutor.java:448)
	at com.kms.katalon.core.main.TestCaseExecutor.doExecute(TestCaseExecutor.java:439)
	at com.kms.katalon.core.main.TestCaseExecutor.processExecutionPhase(TestCaseExecutor.java:418)
	at com.kms.katalon.core.main.TestCaseExecutor.accessMainPhase(TestCaseExecutor.java:410)
	at com.kms.katalon.core.main.TestCaseExecutor.execute(TestCaseExecutor.java:285)
	at com.kms.katalon.core.main.TestCaseMain.runTestCase(TestCaseMain.java:144)
	at com.kms.katalon.core.keyword.builtin.CallTestCaseKeyword$_callTestCase_closure1.doCall(CallTestCaseKeyword.groovy:59)
	... 20 more
)

2023-08-22 09:06:38 - [TEST_STEP][PASSED] - click(findTestObject("HomePage/Logo_hp")): Object: 'Object Repository/HomePage/Logo_hp' is clicked on

2023-08-22 09:06:39 - [MESSAGE][PASSED] - Object: 'Object Repository/HomePage/Logo_hp' is clicked on

2023-08-22 09:06:39 - [TEST_STEP][PASSED] - callTestCase(findTestCase("CommonMethods/SearchForAProduct_search"), ["searchTerm":SLProduct], STOP_ON_FAILURE): Call Test Case 'Test Cases/CommonMethods/SearchForAProduct_search' successfully

2023-08-22 09:06:39 - [TEST_CASE][PASSED] - Test Cases/CommonMethods/SearchForAProduct_search: Test Cases/CommonMethods/SearchForAProduct_search

2023-08-22 09:06:39 - [TEST_STEP][PASSED] - click(findTestObject("HomePage/Buscar1"), STOP_ON_FAILURE): Object: 'Object Repository/HomePage/Buscar1' is clicked on

2023-08-22 09:06:40 - [MESSAGE][PASSED] - Object: 'Object Repository/HomePage/Buscar1' is clicked on

2023-08-22 09:06:40 - [TEST_STEP][PASSED] - delay(3): Delayed 3 second(s)

2023-08-22 09:06:43 - [MESSAGE][PASSED] - Delayed 3 second(s)

2023-08-22 09:06:43 - [TEST_STEP][PASSED] - setText(findTestObject("HomePage/Buscar1"), searchTerm): Text 'vaso' is set on object 'Object Repository/HomePage/Buscar1'

2023-08-22 09:06:44 - [MESSAGE][PASSED] - Text 'vaso' is set on object 'Object Repository/HomePage/Buscar1'

2023-08-22 09:06:44 - [TEST_STEP][PASSED] - delay(3): Delayed 3 second(s)

2023-08-22 09:06:47 - [MESSAGE][PASSED] - Delayed 3 second(s)

2023-08-22 09:06:47 - [TEST_STEP][PASSED] - sendKeys(findTestObject("HomePage/Seach_TextBox_hp"), Keys.chord(ENTER)): Keys 'ENTER + ' sent to object: 'Object Repository/HomePage/Seach_TextBox_hp'

2023-08-22 09:06:49 - [MESSAGE][PASSED] - Keys 'ENTER + ' sent to object: 'Object Repository/HomePage/Seach_TextBox_hp'

2023-08-22 09:06:49 - [MESSAGE][PASSED] - Call Test Case 'Test Cases/CommonMethods/SearchForAProduct_search' successfully

2023-08-22 09:06:49 - [TEST_STEP][PASSED] - click(findTestObject("PLPPage/product1_PLP"), OPTIONAL): Object: 'Object Repository/PLPPage/product1_PLP' is clicked on

2023-08-22 09:07:00 - [MESSAGE][PASSED] - Object: 'Object Repository/PLPPage/product1_PLP' is clicked on

2023-08-22 09:07:00 - [TEST_STEP][PASSED] - click(findTestObject("PDPPage/AddToCart_PDP")): Object: 'Object Repository/PDPPage/AddToCart_PDP' is clicked on

2023-08-22 09:07:21 - [MESSAGE][PASSED] - Object: 'Object Repository/PDPPage/AddToCart_PDP' is clicked on

2023-08-22 09:07:21 - [TEST_STEP][PASSED] - click(findTestObject("HomePage/bag_header_HP")): Object: 'Object Repository/HomePage/bag_header_HP' is clicked on

2023-08-22 09:07:25 - [MESSAGE][PASSED] - Object: 'Object Repository/HomePage/bag_header_HP' is clicked on

2023-08-22 09:07:25 - [TEST_STEP][PASSED] - click(findTestObject("CartPage/BuyButton_Cart")): Object: 'Object Repository/CartPage/BuyButton_Cart' is clicked on

2023-08-22 09:07:27 - [MESSAGE][PASSED] - Object: 'Object Repository/CartPage/BuyButton_Cart' is clicked on

2023-08-22 09:07:27 - [TEST_STEP][PASSED] - callTestCase(findTestCase("CommonMethods/assert_OPC(CheckoutPage)"), [:], STOP_ON_FAILURE): Call Test Case 'Test Cases/CommonMethods/assert_OPC(CheckoutPage)' successfully

2023-08-22 09:07:27 - [TEST_CASE][PASSED] - Test Cases/CommonMethods/assert_OPC(CheckoutPage): Test Cases/CommonMethods/assert_OPC(CheckoutPage)

2023-08-22 09:07:28 - [TEST_STEP][PASSED] - verifyElementPresent(findTestObject("OPCPage/paymentMethod_title_OPC"), 0): Object 'Object Repository/OPCPage/paymentMethod_title_OPC' is present

2023-08-22 09:07:28 - [MESSAGE][WARNING] - Timeout '0' is invalid. Using default page load timeout: '30'

2023-08-22 09:07:36 - [MESSAGE][PASSED] - Object 'Object Repository/OPCPage/paymentMethod_title_OPC' is present

2023-08-22 09:07:36 - [TEST_STEP][PASSED] - verifyElementPresent(findTestObject("OPCPage/Final_comparar_OPC"), 0): Object 'Object Repository/OPCPage/Final_comparar_OPC' is present

2023-08-22 09:07:36 - [MESSAGE][WARNING] - Timeout '0' is invalid. Using default page load timeout: '30'

2023-08-22 09:07:36 - [MESSAGE][PASSED] - Object 'Object Repository/OPCPage/Final_comparar_OPC' is present

2023-08-22 09:07:36 - [TEST_STEP][PASSED] - verifyElementPresent(findTestObject("OPCPage/Articulos(title)_OPC"), 0): Object 'Object Repository/OPCPage/Articulos(title)_OPC' is present

2023-08-22 09:07:36 - [MESSAGE][WARNING] - Timeout '0' is invalid. Using default page load timeout: '30'

2023-08-22 09:07:37 - [MESSAGE][PASSED] - Object 'Object Repository/OPCPage/Articulos(title)_OPC' is present

2023-08-22 09:07:37 - [MESSAGE][PASSED] - Call Test Case 'Test Cases/CommonMethods/assert_OPC(CheckoutPage)' successfully

2023-08-22 09:07:37 - [TEST_STEP][PASSED] - closeBrowser(): Browser is closed

2023-08-22 09:07:38 - [MESSAGE][PASSED] - Browser is closed]]></system-out>
         <system-err><![CDATA[]]></system-err>
      </testcase>
      <testcase name="Test Cases/Checkout/TS_SMOKE_SUITE_077" time="191.817" classname="Test Cases/Checkout/TS_SMOKE_SUITE_077" status="PASSED">
         <system-out><![CDATA[2023-08-22 09:07:38 - [TEST_CASE][PASSED] - Test Cases/Checkout/TS_SMOKE_SUITE_077: Test Cases/Checkout/TS_SMOKE_SUITE_077

2023-08-22 09:07:39 - [TEST_STEP][PASSED] - openBrowser(""): Browser is opened with url: ''

2023-08-22 09:07:39 - [MESSAGE][INFO] - Starting 'Chrome' driver

2023-08-22 09:07:39 - [MESSAGE][INFO] - Action delay is set to 0 milliseconds

2023-08-22 09:07:41 - [MESSAGE][PASSED] - Browser is opened with url: ''

2023-08-22 09:07:41 - [TEST_STEP][PASSED] - navigateToUrl(URL): Navigate to 'https://odtaqaa.liverpool.com.mx/tienda/home' successfully

2023-08-22 09:08:12 - [MESSAGE][PASSED] - Navigate to 'https://odtaqaa.liverpool.com.mx/tienda/home' successfully

2023-08-22 09:08:12 - [TEST_STEP][PASSED] - maximizeWindow(): Current window maximized

2023-08-22 09:08:13 - [MESSAGE][PASSED] - Current window maximized

2023-08-22 09:08:13 - [TEST_STEP][PASSED] - click(findTestObject("HomePage/Iniciar sesion")): Object: 'Object Repository/HomePage/Iniciar sesion' is clicked on

2023-08-22 09:08:14 - [MESSAGE][PASSED] - Object: 'Object Repository/HomePage/Iniciar sesion' is clicked on

2023-08-22 09:08:14 - [TEST_STEP][PASSED] - callTestCase(findTestCase("CommonMethods/loginFromHomePage"), ["username":Username, "password":Password], STOP_ON_FAILURE): Call Test Case 'Test Cases/CommonMethods/loginFromHomePage' successfully

2023-08-22 09:08:14 - [TEST_CASE][PASSED] - Test Cases/CommonMethods/loginFromHomePage: Test Cases/CommonMethods/loginFromHomePage

2023-08-22 09:08:14 - [TEST_STEP][PASSED] - delay(3): Delayed 3 second(s)

2023-08-22 09:08:17 - [MESSAGE][PASSED] - Delayed 3 second(s)

2023-08-22 09:08:17 - [TEST_STEP][PASSED] - click(findTestObject("HomePage/EnterUsername_LP")): Object: 'Object Repository/HomePage/EnterUsername_LP' is clicked on

2023-08-22 09:08:30 - [MESSAGE][PASSED] - Object: 'Object Repository/HomePage/EnterUsername_LP' is clicked on

2023-08-22 09:08:30 - [TEST_STEP][PASSED] - setText(findTestObject("HomePage/EnterUsername_LP"), username): Text 'hcheruvu29@digisprint.com' is set on object 'Object Repository/HomePage/EnterUsername_LP'

2023-08-22 09:08:30 - [MESSAGE][PASSED] - Text 'hcheruvu29@digisprint.com' is set on object 'Object Repository/HomePage/EnterUsername_LP'

2023-08-22 09:08:30 - [TEST_STEP][PASSED] - click(findTestObject("HomePage/EnterPassword_LP")): Object: 'Object Repository/HomePage/EnterPassword_LP' is clicked on

2023-08-22 09:08:31 - [MESSAGE][PASSED] - Object: 'Object Repository/HomePage/EnterPassword_LP' is clicked on

2023-08-22 09:08:31 - [TEST_STEP][PASSED] - setText(findTestObject("HomePage/EnterPassword_LP"), password): Text 'Test@12345' is set on object 'Object Repository/HomePage/EnterPassword_LP'

2023-08-22 09:08:32 - [MESSAGE][PASSED] - Text 'Test@12345' is set on object 'Object Repository/HomePage/EnterPassword_LP'

2023-08-22 09:08:32 - [TEST_STEP][PASSED] - click(findTestObject("HomePage/inciar")): Object: 'Object Repository/HomePage/inciar' is clicked on

2023-08-22 09:08:41 - [MESSAGE][PASSED] - Object: 'Object Repository/HomePage/inciar' is clicked on

2023-08-22 09:08:41 - [MESSAGE][PASSED] - Call Test Case 'Test Cases/CommonMethods/loginFromHomePage' successfully

2023-08-22 09:08:41 - [TEST_STEP][PASSED] - callTestCase(findTestCase("CommonMethods/EmptyCart_RunAt_HP"), [:], OPTIONAL): Unable to call Test Case 'Test Cases/CommonMethods/EmptyCart_RunAt_HP' (Root cause: com.kms.katalon.core.exception.StepErrorException: Call Test Case 'Test Cases/CommonMethods/EmptyCart_RunAt_HP' failed because of error(s)
	at com.kms.katalon.core.keyword.builtin.CallTestCaseKeyword$_callTestCase_closure1.doCall(CallTestCaseKeyword.groovy:66)
	at com.kms.katalon.core.keyword.builtin.CallTestCaseKeyword$_callTestCase_closure1.call(CallTestCaseKeyword.groovy)
	at com.kms.katalon.core.keyword.internal.KeywordMain.runKeyword(KeywordMain.groovy:75)
	at com.kms.katalon.core.keyword.builtin.CallTestCaseKeyword.callTestCase(CallTestCaseKeyword.groovy:81)
	at com.kms.katalon.core.keyword.builtin.CallTestCaseKeyword.execute(CallTestCaseKeyword.groovy:44)
	at com.kms.katalon.core.keyword.internal.KeywordExecutor.executeKeywordForPlatform(KeywordExecutor.groovy:74)
	at com.kms.katalon.core.keyword.BuiltinKeywords.callTestCase(BuiltinKeywords.groovy:310)
	at TS_SMOKE_SUITE_077.run(TS_SMOKE_SUITE_077:31)
	at com.kms.katalon.core.main.ScriptEngine.run(ScriptEngine.java:194)
	at com.kms.katalon.core.main.ScriptEngine.runScriptAsRawText(ScriptEngine.java:119)
	at com.kms.katalon.core.main.TestCaseExecutor.runScript(TestCaseExecutor.java:448)
	at com.kms.katalon.core.main.TestCaseExecutor.doExecute(TestCaseExecutor.java:439)
	at com.kms.katalon.core.main.TestCaseExecutor.processExecutionPhase(TestCaseExecutor.java:418)
	at com.kms.katalon.core.main.TestCaseExecutor.accessMainPhase(TestCaseExecutor.java:410)
	at com.kms.katalon.core.main.TestCaseExecutor.execute(TestCaseExecutor.java:285)
	at com.kms.katalon.core.common.CommonExecutor.accessTestCaseMainPhase(CommonExecutor.java:65)
	at com.kms.katalon.core.main.TestSuiteExecutor.accessTestSuiteMainPhase(TestSuiteExecutor.java:148)
	at com.kms.katalon.core.main.TestSuiteExecutor.execute(TestSuiteExecutor.java:106)
	at com.kms.katalon.core.main.TestCaseMain.startTestSuite(TestCaseMain.java:187)
	at com.kms.katalon.core.main.TestCaseMain$startTestSuite$0.call(Unknown Source)
	at TempTestSuite1692673207080.run(TempTestSuite1692673207080.groovy:36)
Caused by: java.lang.NullPointerException
	at com.kms.katalon.core.webui.common.WebUiCommonHelper.findElementsBySelectedMethod(WebUiCommonHelper.java:896)
	at com.kms.katalon.core.webui.common.WebUiCommonHelper.findElementsByDefault(WebUiCommonHelper.java:892)
	at com.kms.katalon.core.webui.common.WebUiCommonHelper.findWebElements(WebUiCommonHelper.java:720)
	at com.kms.katalon.core.webui.keyword.internal.WebUIAbstractKeyword.findWebElements(WebUIAbstractKeyword.groovy:32)
	at com.kms.katalon.core.webui.keyword.WebUiBuiltInKeywords.findWebElements(WebUiBuiltInKeywords.groovy:2860)
	at com.kms.katalon.core.webui.keyword.WebUiBuiltInKeywords$findWebElements$15.call(Unknown Source)
	at EmptyCart_RunAt_HP.run(EmptyCart_RunAt_HP:39)
	at com.kms.katalon.core.main.ScriptEngine.run(ScriptEngine.java:194)
	at com.kms.katalon.core.main.ScriptEngine.runScriptAsRawText(ScriptEngine.java:119)
	at com.kms.katalon.core.main.TestCaseExecutor.runScript(TestCaseExecutor.java:448)
	at com.kms.katalon.core.main.TestCaseExecutor.doExecute(TestCaseExecutor.java:439)
	at com.kms.katalon.core.main.TestCaseExecutor.processExecutionPhase(TestCaseExecutor.java:418)
	at com.kms.katalon.core.main.TestCaseExecutor.accessMainPhase(TestCaseExecutor.java:410)
	at com.kms.katalon.core.main.TestCaseExecutor.execute(TestCaseExecutor.java:285)
	at com.kms.katalon.core.main.TestCaseMain.runTestCase(TestCaseMain.java:144)
	at com.kms.katalon.core.keyword.builtin.CallTestCaseKeyword$_callTestCase_closure1.doCall(CallTestCaseKeyword.groovy:59)
	... 20 more
)

2023-08-22 09:08:42 - [TEST_CASE][ERROR] - Test Cases/CommonMethods/EmptyCart_RunAt_HP: Test Cases/CommonMethods/EmptyCart_RunAt_HP FAILED.
Reason:
java.lang.NullPointerException
	at com.kms.katalon.core.webui.common.WebUiCommonHelper.findElementsBySelectedMethod(WebUiCommonHelper.java:896)
	at com.kms.katalon.core.webui.common.WebUiCommonHelper.findElementsByDefault(WebUiCommonHelper.java:892)
	at com.kms.katalon.core.webui.common.WebUiCommonHelper.findWebElements(WebUiCommonHelper.java:720)
	at com.kms.katalon.core.webui.keyword.internal.WebUIAbstractKeyword.findWebElements(WebUIAbstractKeyword.groovy:32)
	at com.kms.katalon.core.webui.keyword.WebUiBuiltInKeywords.findWebElements(WebUiBuiltInKeywords.groovy:2860)
	at com.kms.katalon.core.webui.keyword.WebUiBuiltInKeywords$findWebElements$15.call(Unknown Source)
	at EmptyCart_RunAt_HP.run(EmptyCart_RunAt_HP:39)
	at com.kms.katalon.core.main.ScriptEngine.run(ScriptEngine.java:194)
	at com.kms.katalon.core.main.ScriptEngine.runScriptAsRawText(ScriptEngine.java:119)
	at com.kms.katalon.core.main.TestCaseExecutor.runScript(TestCaseExecutor.java:448)
	at com.kms.katalon.core.main.TestCaseExecutor.doExecute(TestCaseExecutor.java:439)
	at com.kms.katalon.core.main.TestCaseExecutor.processExecutionPhase(TestCaseExecutor.java:418)
	at com.kms.katalon.core.main.TestCaseExecutor.accessMainPhase(TestCaseExecutor.java:410)
	at com.kms.katalon.core.main.TestCaseExecutor.execute(TestCaseExecutor.java:285)
	at com.kms.katalon.core.main.TestCaseMain.runTestCase(TestCaseMain.java:144)
	at com.kms.katalon.core.keyword.builtin.CallTestCaseKeyword$_callTestCase_closure1.doCall(CallTestCaseKeyword.groovy:59)
	at com.kms.katalon.core.keyword.builtin.CallTestCaseKeyword$_callTestCase_closure1.call(CallTestCaseKeyword.groovy)
	at com.kms.katalon.core.keyword.internal.KeywordMain.runKeyword(KeywordMain.groovy:75)
	at com.kms.katalon.core.keyword.builtin.CallTestCaseKeyword.callTestCase(CallTestCaseKeyword.groovy:81)
	at com.kms.katalon.core.keyword.builtin.CallTestCaseKeyword.execute(CallTestCaseKeyword.groovy:44)
	at com.kms.katalon.core.keyword.internal.KeywordExecutor.executeKeywordForPlatform(KeywordExecutor.groovy:74)
	at com.kms.katalon.core.keyword.BuiltinKeywords.callTestCase(BuiltinKeywords.groovy:310)
	at TS_SMOKE_SUITE_077.run(TS_SMOKE_SUITE_077:31)
	at com.kms.katalon.core.main.ScriptEngine.run(ScriptEngine.java:194)
	at com.kms.katalon.core.main.ScriptEngine.runScriptAsRawText(ScriptEngine.java:119)
	at com.kms.katalon.core.main.TestCaseExecutor.runScript(TestCaseExecutor.java:448)
	at com.kms.katalon.core.main.TestCaseExecutor.doExecute(TestCaseExecutor.java:439)
	at com.kms.katalon.core.main.TestCaseExecutor.processExecutionPhase(TestCaseExecutor.java:418)
	at com.kms.katalon.core.main.TestCaseExecutor.accessMainPhase(TestCaseExecutor.java:410)
	at com.kms.katalon.core.main.TestCaseExecutor.execute(TestCaseExecutor.java:285)
	at com.kms.katalon.core.common.CommonExecutor.accessTestCaseMainPhase(CommonExecutor.java:65)
	at com.kms.katalon.core.main.TestSuiteExecutor.accessTestSuiteMainPhase(TestSuiteExecutor.java:148)
	at com.kms.katalon.core.main.TestSuiteExecutor.execute(TestSuiteExecutor.java:106)
	at com.kms.katalon.core.main.TestCaseMain.startTestSuite(TestCaseMain.java:187)
	at com.kms.katalon.core.main.TestCaseMain$startTestSuite$0.call(Unknown Source)
	at TempTestSuite1692673207080.run(TempTestSuite1692673207080.groovy:36)


2023-08-22 09:08:42 - [TEST_STEP][PASSED] - delay(2, OPTIONAL): Delayed 2 second(s)

2023-08-22 09:08:44 - [MESSAGE][PASSED] - Delayed 2 second(s)

2023-08-22 09:08:44 - [TEST_STEP][PASSED] - click(findTestObject("HomePage/bag_header_HP"), OPTIONAL): Object: 'Object Repository/HomePage/bag_header_HP' is clicked on

2023-08-22 09:09:26 - [MESSAGE][PASSED] - Object: 'Object Repository/HomePage/bag_header_HP' is clicked on

2023-08-22 09:09:26 - [TEST_STEP][ERROR] - listElement = findWebElements(findTestObject("CartPage/Product1_remove_cart"), 2): Test Cases/CommonMethods/EmptyCart_RunAt_HP FAILED.
Reason:
java.lang.NullPointerException
	at com.kms.katalon.core.webui.common.WebUiCommonHelper.findElementsBySelectedMethod(WebUiCommonHelper.java:896)
	at com.kms.katalon.core.webui.common.WebUiCommonHelper.findElementsByDefault(WebUiCommonHelper.java:892)
	at com.kms.katalon.core.webui.common.WebUiCommonHelper.findWebElements(WebUiCommonHelper.java:720)
	at com.kms.katalon.core.webui.keyword.internal.WebUIAbstractKeyword.findWebElements(WebUIAbstractKeyword.groovy:32)
	at com.kms.katalon.core.webui.keyword.WebUiBuiltInKeywords.findWebElements(WebUiBuiltInKeywords.groovy:2860)
	at com.kms.katalon.core.webui.keyword.WebUiBuiltInKeywords$findWebElements$15.call(Unknown Source)
	at EmptyCart_RunAt_HP.run(EmptyCart_RunAt_HP:39)
	at com.kms.katalon.core.main.ScriptEngine.run(ScriptEngine.java:194)
	at com.kms.katalon.core.main.ScriptEngine.runScriptAsRawText(ScriptEngine.java:119)
	at com.kms.katalon.core.main.TestCaseExecutor.runScript(TestCaseExecutor.java:448)
	at com.kms.katalon.core.main.TestCaseExecutor.doExecute(TestCaseExecutor.java:439)
	at com.kms.katalon.core.main.TestCaseExecutor.processExecutionPhase(TestCaseExecutor.java:418)
	at com.kms.katalon.core.main.TestCaseExecutor.accessMainPhase(TestCaseExecutor.java:410)
	at com.kms.katalon.core.main.TestCaseExecutor.execute(TestCaseExecutor.java:285)
	at com.kms.katalon.core.main.TestCaseMain.runTestCase(TestCaseMain.java:144)
	at com.kms.katalon.core.keyword.builtin.CallTestCaseKeyword$_callTestCase_closure1.doCall(CallTestCaseKeyword.groovy:59)
	at com.kms.katalon.core.keyword.builtin.CallTestCaseKeyword$_callTestCase_closure1.call(CallTestCaseKeyword.groovy)
	at com.kms.katalon.core.keyword.internal.KeywordMain.runKeyword(KeywordMain.groovy:75)
	at com.kms.katalon.core.keyword.builtin.CallTestCaseKeyword.callTestCase(CallTestCaseKeyword.groovy:81)
	at com.kms.katalon.core.keyword.builtin.CallTestCaseKeyword.execute(CallTestCaseKeyword.groovy:44)
	at com.kms.katalon.core.keyword.internal.KeywordExecutor.executeKeywordForPlatform(KeywordExecutor.groovy:74)
	at com.kms.katalon.core.keyword.BuiltinKeywords.callTestCase(BuiltinKeywords.groovy:310)
	at TS_SMOKE_SUITE_077.run(TS_SMOKE_SUITE_077:31)
	at com.kms.katalon.core.main.ScriptEngine.run(ScriptEngine.java:194)
	at com.kms.katalon.core.main.ScriptEngine.runScriptAsRawText(ScriptEngine.java:119)
	at com.kms.katalon.core.main.TestCaseExecutor.runScript(TestCaseExecutor.java:448)
	at com.kms.katalon.core.main.TestCaseExecutor.doExecute(TestCaseExecutor.java:439)
	at com.kms.katalon.core.main.TestCaseExecutor.processExecutionPhase(TestCaseExecutor.java:418)
	at com.kms.katalon.core.main.TestCaseExecutor.accessMainPhase(TestCaseExecutor.java:410)
	at com.kms.katalon.core.main.TestCaseExecutor.execute(TestCaseExecutor.java:285)
	at com.kms.katalon.core.common.CommonExecutor.accessTestCaseMainPhase(CommonExecutor.java:65)
	at com.kms.katalon.core.main.TestSuiteExecutor.accessTestSuiteMainPhase(TestSuiteExecutor.java:148)
	at com.kms.katalon.core.main.TestSuiteExecutor.execute(TestSuiteExecutor.java:106)
	at com.kms.katalon.core.main.TestCaseMain.startTestSuite(TestCaseMain.java:187)
	at com.kms.katalon.core.main.TestCaseMain$startTestSuite$0.call(Unknown Source)
	at TempTestSuite1692673207080.run(TempTestSuite1692673207080.groovy:36)


2023-08-22 09:09:26 - [MESSAGE][WARNING] - Test object with id 'Object Repository/CartPage/Product1_remove_cart' does not exist

2023-08-22 09:09:26 - [MESSAGE][ERROR] - Test Cases/CommonMethods/EmptyCart_RunAt_HP FAILED.
Reason:
java.lang.NullPointerException
	at com.kms.katalon.core.webui.common.WebUiCommonHelper.findElementsBySelectedMethod(WebUiCommonHelper.java:896)
	at com.kms.katalon.core.webui.common.WebUiCommonHelper.findElementsByDefault(WebUiCommonHelper.java:892)
	at com.kms.katalon.core.webui.common.WebUiCommonHelper.findWebElements(WebUiCommonHelper.java:720)
	at com.kms.katalon.core.webui.keyword.internal.WebUIAbstractKeyword.findWebElements(WebUIAbstractKeyword.groovy:32)
	at com.kms.katalon.core.webui.keyword.WebUiBuiltInKeywords.findWebElements(WebUiBuiltInKeywords.groovy:2860)
	at com.kms.katalon.core.webui.keyword.WebUiBuiltInKeywords$findWebElements$15.call(Unknown Source)
	at EmptyCart_RunAt_HP.run(EmptyCart_RunAt_HP:39)
	at com.kms.katalon.core.main.ScriptEngine.run(ScriptEngine.java:194)
	at com.kms.katalon.core.main.ScriptEngine.runScriptAsRawText(ScriptEngine.java:119)
	at com.kms.katalon.core.main.TestCaseExecutor.runScript(TestCaseExecutor.java:448)
	at com.kms.katalon.core.main.TestCaseExecutor.doExecute(TestCaseExecutor.java:439)
	at com.kms.katalon.core.main.TestCaseExecutor.processExecutionPhase(TestCaseExecutor.java:418)
	at com.kms.katalon.core.main.TestCaseExecutor.accessMainPhase(TestCaseExecutor.java:410)
	at com.kms.katalon.core.main.TestCaseExecutor.execute(TestCaseExecutor.java:285)
	at com.kms.katalon.core.main.TestCaseMain.runTestCase(TestCaseMain.java:144)
	at com.kms.katalon.core.keyword.builtin.CallTestCaseKeyword$_callTestCase_closure1.doCall(CallTestCaseKeyword.groovy:59)
	at com.kms.katalon.core.keyword.builtin.CallTestCaseKeyword$_callTestCase_closure1.call(CallTestCaseKeyword.groovy)
	at com.kms.katalon.core.keyword.internal.KeywordMain.runKeyword(KeywordMain.groovy:75)
	at com.kms.katalon.core.keyword.builtin.CallTestCaseKeyword.callTestCase(CallTestCaseKeyword.groovy:81)
	at com.kms.katalon.core.keyword.builtin.CallTestCaseKeyword.execute(CallTestCaseKeyword.groovy:44)
	at com.kms.katalon.core.keyword.internal.KeywordExecutor.executeKeywordForPlatform(KeywordExecutor.groovy:74)
	at com.kms.katalon.core.keyword.BuiltinKeywords.callTestCase(BuiltinKeywords.groovy:310)
	at TS_SMOKE_SUITE_077.run(TS_SMOKE_SUITE_077:31)
	at com.kms.katalon.core.main.ScriptEngine.run(ScriptEngine.java:194)
	at com.kms.katalon.core.main.ScriptEngine.runScriptAsRawText(ScriptEngine.java:119)
	at com.kms.katalon.core.main.TestCaseExecutor.runScript(TestCaseExecutor.java:448)
	at com.kms.katalon.core.main.TestCaseExecutor.doExecute(TestCaseExecutor.java:439)
	at com.kms.katalon.core.main.TestCaseExecutor.processExecutionPhase(TestCaseExecutor.java:418)
	at com.kms.katalon.core.main.TestCaseExecutor.accessMainPhase(TestCaseExecutor.java:410)
	at com.kms.katalon.core.main.TestCaseExecutor.execute(TestCaseExecutor.java:285)
	at com.kms.katalon.core.common.CommonExecutor.accessTestCaseMainPhase(CommonExecutor.java:65)
	at com.kms.katalon.core.main.TestSuiteExecutor.accessTestSuiteMainPhase(TestSuiteExecutor.java:148)
	at com.kms.katalon.core.main.TestSuiteExecutor.execute(TestSuiteExecutor.java:106)
	at com.kms.katalon.core.main.TestCaseMain.startTestSuite(TestCaseMain.java:187)
	at com.kms.katalon.core.main.TestCaseMain$startTestSuite$0.call(Unknown Source)
	at TempTestSuite1692673207080.run(TempTestSuite1692673207080.groovy:36)


2023-08-22 09:09:26 - [MESSAGE][WARNING] - Unable to call Test Case 'Test Cases/CommonMethods/EmptyCart_RunAt_HP' (Root cause: com.kms.katalon.core.exception.StepErrorException: Call Test Case 'Test Cases/CommonMethods/EmptyCart_RunAt_HP' failed because of error(s)
	at com.kms.katalon.core.keyword.builtin.CallTestCaseKeyword$_callTestCase_closure1.doCall(CallTestCaseKeyword.groovy:66)
	at com.kms.katalon.core.keyword.builtin.CallTestCaseKeyword$_callTestCase_closure1.call(CallTestCaseKeyword.groovy)
	at com.kms.katalon.core.keyword.internal.KeywordMain.runKeyword(KeywordMain.groovy:75)
	at com.kms.katalon.core.keyword.builtin.CallTestCaseKeyword.callTestCase(CallTestCaseKeyword.groovy:81)
	at com.kms.katalon.core.keyword.builtin.CallTestCaseKeyword.execute(CallTestCaseKeyword.groovy:44)
	at com.kms.katalon.core.keyword.internal.KeywordExecutor.executeKeywordForPlatform(KeywordExecutor.groovy:74)
	at com.kms.katalon.core.keyword.BuiltinKeywords.callTestCase(BuiltinKeywords.groovy:310)
	at TS_SMOKE_SUITE_077.run(TS_SMOKE_SUITE_077:31)
	at com.kms.katalon.core.main.ScriptEngine.run(ScriptEngine.java:194)
	at com.kms.katalon.core.main.ScriptEngine.runScriptAsRawText(ScriptEngine.java:119)
	at com.kms.katalon.core.main.TestCaseExecutor.runScript(TestCaseExecutor.java:448)
	at com.kms.katalon.core.main.TestCaseExecutor.doExecute(TestCaseExecutor.java:439)
	at com.kms.katalon.core.main.TestCaseExecutor.processExecutionPhase(TestCaseExecutor.java:418)
	at com.kms.katalon.core.main.TestCaseExecutor.accessMainPhase(TestCaseExecutor.java:410)
	at com.kms.katalon.core.main.TestCaseExecutor.execute(TestCaseExecutor.java:285)
	at com.kms.katalon.core.common.CommonExecutor.accessTestCaseMainPhase(CommonExecutor.java:65)
	at com.kms.katalon.core.main.TestSuiteExecutor.accessTestSuiteMainPhase(TestSuiteExecutor.java:148)
	at com.kms.katalon.core.main.TestSuiteExecutor.execute(TestSuiteExecutor.java:106)
	at com.kms.katalon.core.main.TestCaseMain.startTestSuite(TestCaseMain.java:187)
	at com.kms.katalon.core.main.TestCaseMain$startTestSuite$0.call(Unknown Source)
	at TempTestSuite1692673207080.run(TempTestSuite1692673207080.groovy:36)
Caused by: java.lang.NullPointerException
	at com.kms.katalon.core.webui.common.WebUiCommonHelper.findElementsBySelectedMethod(WebUiCommonHelper.java:896)
	at com.kms.katalon.core.webui.common.WebUiCommonHelper.findElementsByDefault(WebUiCommonHelper.java:892)
	at com.kms.katalon.core.webui.common.WebUiCommonHelper.findWebElements(WebUiCommonHelper.java:720)
	at com.kms.katalon.core.webui.keyword.internal.WebUIAbstractKeyword.findWebElements(WebUIAbstractKeyword.groovy:32)
	at com.kms.katalon.core.webui.keyword.WebUiBuiltInKeywords.findWebElements(WebUiBuiltInKeywords.groovy:2860)
	at com.kms.katalon.core.webui.keyword.WebUiBuiltInKeywords$findWebElements$15.call(Unknown Source)
	at EmptyCart_RunAt_HP.run(EmptyCart_RunAt_HP:39)
	at com.kms.katalon.core.main.ScriptEngine.run(ScriptEngine.java:194)
	at com.kms.katalon.core.main.ScriptEngine.runScriptAsRawText(ScriptEngine.java:119)
	at com.kms.katalon.core.main.TestCaseExecutor.runScript(TestCaseExecutor.java:448)
	at com.kms.katalon.core.main.TestCaseExecutor.doExecute(TestCaseExecutor.java:439)
	at com.kms.katalon.core.main.TestCaseExecutor.processExecutionPhase(TestCaseExecutor.java:418)
	at com.kms.katalon.core.main.TestCaseExecutor.accessMainPhase(TestCaseExecutor.java:410)
	at com.kms.katalon.core.main.TestCaseExecutor.execute(TestCaseExecutor.java:285)
	at com.kms.katalon.core.main.TestCaseMain.runTestCase(TestCaseMain.java:144)
	at com.kms.katalon.core.keyword.builtin.CallTestCaseKeyword$_callTestCase_closure1.doCall(CallTestCaseKeyword.groovy:59)
	... 20 more
)

2023-08-22 09:09:26 - [TEST_STEP][PASSED] - click(findTestObject("HomePage/Logo_hp")): Object: 'Object Repository/HomePage/Logo_hp' is clicked on

2023-08-22 09:09:28 - [MESSAGE][PASSED] - Object: 'Object Repository/HomePage/Logo_hp' is clicked on

2023-08-22 09:09:28 - [TEST_STEP][PASSED] - callTestCase(findTestCase("CommonMethods/SearchForAProduct_search"), ["searchTerm":SLProduct], STOP_ON_FAILURE): Call Test Case 'Test Cases/CommonMethods/SearchForAProduct_search' successfully

2023-08-22 09:09:28 - [TEST_CASE][PASSED] - Test Cases/CommonMethods/SearchForAProduct_search: Test Cases/CommonMethods/SearchForAProduct_search

2023-08-22 09:09:28 - [TEST_STEP][PASSED] - click(findTestObject("HomePage/Buscar1"), STOP_ON_FAILURE): Object: 'Object Repository/HomePage/Buscar1' is clicked on

2023-08-22 09:09:29 - [MESSAGE][PASSED] - Object: 'Object Repository/HomePage/Buscar1' is clicked on

2023-08-22 09:09:29 - [TEST_STEP][PASSED] - delay(3): Delayed 3 second(s)

2023-08-22 09:09:32 - [MESSAGE][PASSED] - Delayed 3 second(s)

2023-08-22 09:09:32 - [TEST_STEP][PASSED] - setText(findTestObject("HomePage/Buscar1"), searchTerm): Text 'vaso' is set on object 'Object Repository/HomePage/Buscar1'

2023-08-22 09:09:33 - [MESSAGE][PASSED] - Text 'vaso' is set on object 'Object Repository/HomePage/Buscar1'

2023-08-22 09:09:33 - [TEST_STEP][PASSED] - delay(3): Delayed 3 second(s)

2023-08-22 09:09:36 - [MESSAGE][PASSED] - Delayed 3 second(s)

2023-08-22 09:09:36 - [TEST_STEP][PASSED] - sendKeys(findTestObject("HomePage/Seach_TextBox_hp"), Keys.chord(ENTER)): Keys 'ENTER + ' sent to object: 'Object Repository/HomePage/Seach_TextBox_hp'

2023-08-22 09:09:39 - [MESSAGE][PASSED] - Keys 'ENTER + ' sent to object: 'Object Repository/HomePage/Seach_TextBox_hp'

2023-08-22 09:09:39 - [MESSAGE][PASSED] - Call Test Case 'Test Cases/CommonMethods/SearchForAProduct_search' successfully

2023-08-22 09:09:39 - [TEST_STEP][PASSED] - click(findTestObject("PLPPage/product1_PLP"), OPTIONAL): Object: 'Object Repository/PLPPage/product1_PLP' is clicked on

2023-08-22 09:09:51 - [MESSAGE][PASSED] - Object: 'Object Repository/PLPPage/product1_PLP' is clicked on

2023-08-22 09:09:51 - [TEST_STEP][PASSED] - click(findTestObject("PDPPage/AddToCart_PDP")): Object: 'Object Repository/PDPPage/AddToCart_PDP' is clicked on

2023-08-22 09:10:12 - [MESSAGE][PASSED] - Object: 'Object Repository/PDPPage/AddToCart_PDP' is clicked on

2023-08-22 09:10:12 - [TEST_STEP][PASSED] - click(findTestObject("HomePage/bag_header_HP")): Object: 'Object Repository/HomePage/bag_header_HP' is clicked on

2023-08-22 09:10:17 - [MESSAGE][PASSED] - Object: 'Object Repository/HomePage/bag_header_HP' is clicked on

2023-08-22 09:10:17 - [TEST_STEP][PASSED] - click(findTestObject("CartPage/BuyButton_Cart")): Object: 'Object Repository/CartPage/BuyButton_Cart' is clicked on

2023-08-22 09:10:21 - [MESSAGE][PASSED] - Object: 'Object Repository/CartPage/BuyButton_Cart' is clicked on

2023-08-22 09:10:21 - [TEST_STEP][PASSED] - callTestCase(findTestCase("CommonMethods/create_new_CARD_OPC"), [:], STOP_ON_FAILURE): Call Test Case 'Test Cases/CommonMethods/create_new_CARD_OPC' successfully

2023-08-22 09:10:21 - [TEST_CASE][PASSED] - Test Cases/CommonMethods/create_new_CARD_OPC: Test Cases/CommonMethods/create_new_CARD_OPC

2023-08-22 09:10:21 - [TEST_STEP][PASSED] - click(findTestObject("OPCPage/paymentMethod_change_OPC"), OPTIONAL): Object: 'Object Repository/OPCPage/paymentMethod_change_OPC' is clicked on

2023-08-22 09:10:28 - [MESSAGE][PASSED] - Object: 'Object Repository/OPCPage/paymentMethod_change_OPC' is clicked on

2023-08-22 09:10:28 - [TEST_STEP][PASSED] - click(findTestObject("OPCPage/Payment_Method_Card_OPC"), OPTIONAL): Object: 'Object Repository/OPCPage/Payment_Method_Card_OPC' is clicked on

2023-08-22 09:10:30 - [MESSAGE][PASSED] - Object: 'Object Repository/OPCPage/Payment_Method_Card_OPC' is clicked on

2023-08-22 09:10:30 - [TEST_STEP][PASSED] - click(findTestObject("OPCPage/addnewcard_Popup_OPC"), OPTIONAL): Object: 'Object Repository/OPCPage/addnewcard_Popup_OPC' is clicked on

2023-08-22 09:10:30 - [MESSAGE][PASSED] - Object: 'Object Repository/OPCPage/addnewcard_Popup_OPC' is clicked on

2023-08-22 09:10:30 - [TEST_STEP][PASSED] - cardnumber = "4111111" + RandomStringUtils.randomNumeric(9): null

2023-08-22 09:10:30 - [TEST_STEP][PASSED] - out.println(cardnumber): null

2023-08-22 09:10:30 - [TEST_STEP][PASSED] - cardname = RandomStringUtils.randomAlphabetic(8): null

2023-08-22 09:10:30 - [TEST_STEP][PASSED] - setText(findTestObject("OPCPage/newCardNumber_OPC"), cardnumber): Text '4111111311123765' is set on object 'Object Repository/OPCPage/newCardNumber_OPC'

2023-08-22 09:10:33 - [MESSAGE][PASSED] - Text '4111111311123765' is set on object 'Object Repository/OPCPage/newCardNumber_OPC'

2023-08-22 09:10:33 - [TEST_STEP][PASSED] - setText(findTestObject("OPCPage/EnterCardAlias_OPC"), cardname): Text 'EtgPvdLN' is set on object 'Object Repository/OPCPage/EnterCardAlias_OPC'

2023-08-22 09:10:35 - [MESSAGE][PASSED] - Text 'EtgPvdLN' is set on object 'Object Repository/OPCPage/EnterCardAlias_OPC'

2023-08-22 09:10:35 - [TEST_STEP][PASSED] - setText(findTestObject("OPCPage/enterCardName_OPC"), "vedant"): Text 'vedant' is set on object 'Object Repository/OPCPage/enterCardName_OPC'

2023-08-22 09:10:36 - [MESSAGE][PASSED] - Text 'vedant' is set on object 'Object Repository/OPCPage/enterCardName_OPC'

2023-08-22 09:10:36 - [TEST_STEP][PASSED] - setText(findTestObject("OPCPage/newCard_expireDATE_POPup_Addcard_OPC"), "12/24"): Text '12/24' is set on object 'Object Repository/OPCPage/newCard_expireDATE_POPup_Addcard_OPC'

2023-08-22 09:10:37 - [MESSAGE][PASSED] - Text '12/24' is set on object 'Object Repository/OPCPage/newCard_expireDATE_POPup_Addcard_OPC'

2023-08-22 09:10:37 - [TEST_STEP][PASSED] - setText(findTestObject("OPCPage/enterCardCVV_OPC"), "123"): Text '123' is set on object 'Object Repository/OPCPage/enterCardCVV_OPC'

2023-08-22 09:10:38 - [MESSAGE][PASSED] - Text '123' is set on object 'Object Repository/OPCPage/enterCardCVV_OPC'

2023-08-22 09:10:38 - [TEST_STEP][PASSED] - click(findTestObject("OPCPage/selectAddress_Card_create_popup")): Object: 'Object Repository/OPCPage/selectAddress_Card_create_popup' is clicked on

2023-08-22 09:10:38 - [MESSAGE][PASSED] - Object: 'Object Repository/OPCPage/selectAddress_Card_create_popup' is clicked on

2023-08-22 09:10:38 - [TEST_STEP][PASSED] - click(findTestObject("OPCPage/AddCard_continue_POPup_OPC")): Object: 'Object Repository/OPCPage/AddCard_continue_POPup_OPC' is clicked on

2023-08-22 09:10:39 - [MESSAGE][PASSED] - Object: 'Object Repository/OPCPage/AddCard_continue_POPup_OPC' is clicked on

2023-08-22 09:10:39 - [TEST_STEP][PASSED] - delay(4): Delayed 4 second(s)

2023-08-22 09:10:43 - [MESSAGE][PASSED] - Delayed 4 second(s)

2023-08-22 09:10:43 - [TEST_STEP][PASSED] - callTestCase(findTestCase("CommonMethods/close any pop up"), [:], OPTIONAL): Unable to call Test Case 'Test Cases/CommonMethods/close any pop up' (Root cause: com.kms.katalon.core.exception.StepFailedException: Call Test Case 'Test Cases/CommonMethods/close any pop up' failed
	at com.kms.katalon.core.keyword.builtin.CallTestCaseKeyword$_callTestCase_closure1.doCall(CallTestCaseKeyword.groovy:63)
	at com.kms.katalon.core.keyword.builtin.CallTestCaseKeyword$_callTestCase_closure1.call(CallTestCaseKeyword.groovy)
	at com.kms.katalon.core.keyword.internal.KeywordMain.runKeyword(KeywordMain.groovy:75)
	at com.kms.katalon.core.keyword.builtin.CallTestCaseKeyword.callTestCase(CallTestCaseKeyword.groovy:81)
	at com.kms.katalon.core.keyword.builtin.CallTestCaseKeyword.execute(CallTestCaseKeyword.groovy:44)
	at com.kms.katalon.core.keyword.internal.KeywordExecutor.executeKeywordForPlatform(KeywordExecutor.groovy:74)
	at com.kms.katalon.core.keyword.BuiltinKeywords.callTestCase(BuiltinKeywords.groovy:310)
	at create_new_CARD_OPC.run(create_new_CARD_OPC:50)
	at com.kms.katalon.core.main.ScriptEngine.run(ScriptEngine.java:194)
	at com.kms.katalon.core.main.ScriptEngine.runScriptAsRawText(ScriptEngine.java:119)
	at com.kms.katalon.core.main.TestCaseExecutor.runScript(TestCaseExecutor.java:448)
	at com.kms.katalon.core.main.TestCaseExecutor.doExecute(TestCaseExecutor.java:439)
	at com.kms.katalon.core.main.TestCaseExecutor.processExecutionPhase(TestCaseExecutor.java:418)
	at com.kms.katalon.core.main.TestCaseExecutor.accessMainPhase(TestCaseExecutor.java:410)
	at com.kms.katalon.core.main.TestCaseExecutor.execute(TestCaseExecutor.java:285)
	at com.kms.katalon.core.main.TestCaseMain.runTestCase(TestCaseMain.java:144)
	at com.kms.katalon.core.keyword.builtin.CallTestCaseKeyword$_callTestCase_closure1.doCall(CallTestCaseKeyword.groovy:59)
	at com.kms.katalon.core.keyword.builtin.CallTestCaseKeyword$_callTestCase_closure1.call(CallTestCaseKeyword.groovy)
	at com.kms.katalon.core.keyword.internal.KeywordMain.runKeyword(KeywordMain.groovy:75)
	at com.kms.katalon.core.keyword.builtin.CallTestCaseKeyword.callTestCase(CallTestCaseKeyword.groovy:81)
	at com.kms.katalon.core.keyword.builtin.CallTestCaseKeyword.execute(CallTestCaseKeyword.groovy:44)
	at com.kms.katalon.core.keyword.internal.KeywordExecutor.executeKeywordForPlatform(KeywordExecutor.groovy:74)
	at com.kms.katalon.core.keyword.BuiltinKeywords.callTestCase(BuiltinKeywords.groovy:310)
	at TS_SMOKE_SUITE_077.run(TS_SMOKE_SUITE_077:46)
	at com.kms.katalon.core.main.ScriptEngine.run(ScriptEngine.java:194)
	at com.kms.katalon.core.main.ScriptEngine.runScriptAsRawText(ScriptEngine.java:119)
	at com.kms.katalon.core.main.TestCaseExecutor.runScript(TestCaseExecutor.java:448)
	at com.kms.katalon.core.main.TestCaseExecutor.doExecute(TestCaseExecutor.java:439)
	at com.kms.katalon.core.main.TestCaseExecutor.processExecutionPhase(TestCaseExecutor.java:418)
	at com.kms.katalon.core.main.TestCaseExecutor.accessMainPhase(TestCaseExecutor.java:410)
	at com.kms.katalon.core.main.TestCaseExecutor.execute(TestCaseExecutor.java:285)
	at com.kms.katalon.core.common.CommonExecutor.accessTestCaseMainPhase(CommonExecutor.java:65)
	at com.kms.katalon.core.main.TestSuiteExecutor.accessTestSuiteMainPhase(TestSuiteExecutor.java:148)
	at com.kms.katalon.core.main.TestSuiteExecutor.execute(TestSuiteExecutor.java:106)
	at com.kms.katalon.core.main.TestCaseMain.startTestSuite(TestCaseMain.java:187)
	at com.kms.katalon.core.main.TestCaseMain$startTestSuite$0.call(Unknown Source)
	at TempTestSuite1692673207080.run(TempTestSuite1692673207080.groovy:36)
Caused by: com.kms.katalon.core.exception.StepFailedException: Unable to click on object 'Object Repository/OPCPage/close_popup_OPC'
	at com.kms.katalon.core.webui.keyword.internal.WebUIKeywordMain.stepFailed(WebUIKeywordMain.groovy:64)
	at com.kms.katalon.core.webui.keyword.internal.WebUIKeywordMain.runKeyword(WebUIKeywordMain.groovy:26)
	at com.kms.katalon.core.webui.keyword.builtin.ClickKeyword.click(ClickKeyword.groovy:74)
	at com.kms.katalon.core.webui.keyword.builtin.ClickKeyword.execute(ClickKeyword.groovy:40)
	at com.kms.katalon.core.keyword.internal.KeywordExecutor.executeKeywordForPlatform(KeywordExecutor.groovy:74)
	at com.kms.katalon.core.webui.keyword.WebUiBuiltInKeywords.click(WebUiBuiltInKeywords.groovy:620)
	at com.kms.katalon.core.webui.keyword.WebUiBuiltInKeywords$click$2.call(Unknown Source)
	at close any pop up.run(close any pop up:20)
	at com.kms.katalon.core.main.ScriptEngine.run(ScriptEngine.java:194)
	at com.kms.katalon.core.main.ScriptEngine.runScriptAsRawText(ScriptEngine.java:119)
	at com.kms.katalon.core.main.TestCaseExecutor.runScript(TestCaseExecutor.java:448)
	at com.kms.katalon.core.main.TestCaseExecutor.doExecute(TestCaseExecutor.java:439)
	at com.kms.katalon.core.main.TestCaseExecutor.processExecutionPhase(TestCaseExecutor.java:418)
	at com.kms.katalon.core.main.TestCaseExecutor.accessMainPhase(TestCaseExecutor.java:410)
	at com.kms.katalon.core.main.TestCaseExecutor.execute(TestCaseExecutor.java:285)
	at com.kms.katalon.core.main.TestCaseMain.runTestCase(TestCaseMain.java:144)
	at com.kms.katalon.core.keyword.builtin.CallTestCaseKeyword$_callTestCase_closure1.doCall(CallTestCaseKeyword.groovy:59)
	... 36 more
Caused by: org.openqa.selenium.ElementNotInteractableException: element not interactable
  (Session info: chrome=116.0.5845.97)
Build info: version: '3.141.59', revision: 'e82be7d358', time: '2018-11-14T08:25:53'
System info: host: 'DESKTOP-L51QJLB', ip: '172.22.45.95', os.name: 'Windows 10', os.arch: 'amd64', os.version: '10.0', java.version: '1.8.0_282'
Driver info: com.kms.katalon.selenium.driver.CChromeDriver
Capabilities {acceptInsecureCerts: false, browserName: chrome, browserVersion: 116.0.5845.97, chrome: {chromedriverVersion: 116.0.5845.96 (1a3918166880..., userDataDir: C:\Users\DELL\AppData\Local...}, fedcm:accounts: true, goog:chromeOptions: {debuggerAddress: localhost:60113}, javascriptEnabled: true, networkConnectionEnabled: false, pageLoadStrategy: normal, platform: WINDOWS, platformName: WINDOWS, proxy: Proxy(), setWindowRect: true, strictFileInteractability: false, timeouts: {implicit: 0, pageLoad: 300000, script: 30000}, unhandledPromptBehavior: dismiss and notify, webauthn:extension:credBlob: true, webauthn:extension:largeBlob: true, webauthn:extension:minPinLength: true, webauthn:extension:prf: true, webauthn:virtualAuthenticators: true}
Session ID: 201c7a0519b0c15c1384c0cc0b760a48
	at org.openqa.selenium.remote.http.W3CHttpResponseCodec.createException(W3CHttpResponseCodec.java:187)
	at org.openqa.selenium.remote.http.W3CHttpResponseCodec.decode(W3CHttpResponseCodec.java:122)
	at org.openqa.selenium.remote.http.W3CHttpResponseCodec.decode(W3CHttpResponseCodec.java:49)
	at org.openqa.selenium.remote.HttpCommandExecutor.execute(HttpCommandExecutor.java:158)
	at org.openqa.selenium.remote.service.DriverCommandExecutor.execute(DriverCommandExecutor.java:83)
	at org.openqa.selenium.remote.RemoteWebDriver.execute(RemoteWebDriver.java:552)
	at com.kms.katalon.selenium.driver.CChromeDriver.execute(CChromeDriver.java:19)
	at org.openqa.selenium.remote.RemoteWebElement.execute(RemoteWebElement.java:285)
	at org.openqa.selenium.remote.RemoteWebElement.click(RemoteWebElement.java:84)
	at org.openqa.selenium.support.events.EventFiringWebDriver$EventFiringWebElement.lambda$new$0(EventFiringWebDriver.java:404)
	at com.sun.proxy.$Proxy11.click(Unknown Source)
	at org.openqa.selenium.support.events.EventFiringWebDriver$EventFiringWebElement.click(EventFiringWebDriver.java:417)
	at org.openqa.selenium.WebElement$click.call(Unknown Source)
	at com.kms.katalon.core.webui.keyword.builtin.ClickKeyword.clickUntilSuccessWithTimeout(ClickKeyword.groovy:81)
	at com.kms.katalon.core.webui.keyword.builtin.ClickKeyword.clickUntilSuccessWithTimeout(ClickKeyword.groovy)
	at com.kms.katalon.core.webui.keyword.builtin.ClickKeyword$_click_closure1.doCall(ClickKeyword.groovy:67)
	at com.kms.katalon.core.webui.keyword.builtin.ClickKeyword$_click_closure1.call(ClickKeyword.groovy)
	at com.kms.katalon.core.webui.keyword.internal.WebUIKeywordMain.runKeyword(WebUIKeywordMain.groovy:20)
	... 51 more
)

2023-08-22 09:10:43 - [TEST_CASE][FAILED] - Test Cases/CommonMethods/close any pop up: Test Cases/CommonMethods/close any pop up FAILED.
Reason:
com.kms.katalon.core.exception.StepFailedException: Unable to click on object 'Object Repository/OPCPage/close_popup_OPC'
	at com.kms.katalon.core.webui.keyword.internal.WebUIKeywordMain.stepFailed(WebUIKeywordMain.groovy:64)
	at com.kms.katalon.core.webui.keyword.internal.WebUIKeywordMain.runKeyword(WebUIKeywordMain.groovy:26)
	at com.kms.katalon.core.webui.keyword.builtin.ClickKeyword.click(ClickKeyword.groovy:74)
	at com.kms.katalon.core.webui.keyword.builtin.ClickKeyword.execute(ClickKeyword.groovy:40)
	at com.kms.katalon.core.keyword.internal.KeywordExecutor.executeKeywordForPlatform(KeywordExecutor.groovy:74)
	at com.kms.katalon.core.webui.keyword.WebUiBuiltInKeywords.click(WebUiBuiltInKeywords.groovy:620)
	at com.kms.katalon.core.webui.keyword.WebUiBuiltInKeywords$click$2.call(Unknown Source)
	at close any pop up.run(close any pop up:20)
	at com.kms.katalon.core.main.ScriptEngine.run(ScriptEngine.java:194)
	at com.kms.katalon.core.main.ScriptEngine.runScriptAsRawText(ScriptEngine.java:119)
	at com.kms.katalon.core.main.TestCaseExecutor.runScript(TestCaseExecutor.java:448)
	at com.kms.katalon.core.main.TestCaseExecutor.doExecute(TestCaseExecutor.java:439)
	at com.kms.katalon.core.main.TestCaseExecutor.processExecutionPhase(TestCaseExecutor.java:418)
	at com.kms.katalon.core.main.TestCaseExecutor.accessMainPhase(TestCaseExecutor.java:410)
	at com.kms.katalon.core.main.TestCaseExecutor.execute(TestCaseExecutor.java:285)
	at com.kms.katalon.core.main.TestCaseMain.runTestCase(TestCaseMain.java:144)
	at com.kms.katalon.core.keyword.builtin.CallTestCaseKeyword$_callTestCase_closure1.doCall(CallTestCaseKeyword.groovy:59)
	at com.kms.katalon.core.keyword.builtin.CallTestCaseKeyword$_callTestCase_closure1.call(CallTestCaseKeyword.groovy)
	at com.kms.katalon.core.keyword.internal.KeywordMain.runKeyword(KeywordMain.groovy:75)
	at com.kms.katalon.core.keyword.builtin.CallTestCaseKeyword.callTestCase(CallTestCaseKeyword.groovy:81)
	at com.kms.katalon.core.keyword.builtin.CallTestCaseKeyword.execute(CallTestCaseKeyword.groovy:44)
	at com.kms.katalon.core.keyword.internal.KeywordExecutor.executeKeywordForPlatform(KeywordExecutor.groovy:74)
	at com.kms.katalon.core.keyword.BuiltinKeywords.callTestCase(BuiltinKeywords.groovy:310)
	at create_new_CARD_OPC.run(create_new_CARD_OPC:50)
	at com.kms.katalon.core.main.ScriptEngine.run(ScriptEngine.java:194)
	at com.kms.katalon.core.main.ScriptEngine.runScriptAsRawText(ScriptEngine.java:119)
	at com.kms.katalon.core.main.TestCaseExecutor.runScript(TestCaseExecutor.java:448)
	at com.kms.katalon.core.main.TestCaseExecutor.doExecute(TestCaseExecutor.java:439)
	at com.kms.katalon.core.main.TestCaseExecutor.processExecutionPhase(TestCaseExecutor.java:418)
	at com.kms.katalon.core.main.TestCaseExecutor.accessMainPhase(TestCaseExecutor.java:410)
	at com.kms.katalon.core.main.TestCaseExecutor.execute(TestCaseExecutor.java:285)
	at com.kms.katalon.core.main.TestCaseMain.runTestCase(TestCaseMain.java:144)
	at com.kms.katalon.core.keyword.builtin.CallTestCaseKeyword$_callTestCase_closure1.doCall(CallTestCaseKeyword.groovy:59)
	at com.kms.katalon.core.keyword.builtin.CallTestCaseKeyword$_callTestCase_closure1.call(CallTestCaseKeyword.groovy)
	at com.kms.katalon.core.keyword.internal.KeywordMain.runKeyword(KeywordMain.groovy:75)
	at com.kms.katalon.core.keyword.builtin.CallTestCaseKeyword.callTestCase(CallTestCaseKeyword.groovy:81)
	at com.kms.katalon.core.keyword.builtin.CallTestCaseKeyword.execute(CallTestCaseKeyword.groovy:44)
	at com.kms.katalon.core.keyword.internal.KeywordExecutor.executeKeywordForPlatform(KeywordExecutor.groovy:74)
	at com.kms.katalon.core.keyword.BuiltinKeywords.callTestCase(BuiltinKeywords.groovy:310)
	at TS_SMOKE_SUITE_077.run(TS_SMOKE_SUITE_077:46)
	at com.kms.katalon.core.main.ScriptEngine.run(ScriptEngine.java:194)
	at com.kms.katalon.core.main.ScriptEngine.runScriptAsRawText(ScriptEngine.java:119)
	at com.kms.katalon.core.main.TestCaseExecutor.runScript(TestCaseExecutor.java:448)
	at com.kms.katalon.core.main.TestCaseExecutor.doExecute(TestCaseExecutor.java:439)
	at com.kms.katalon.core.main.TestCaseExecutor.processExecutionPhase(TestCaseExecutor.java:418)
	at com.kms.katalon.core.main.TestCaseExecutor.accessMainPhase(TestCaseExecutor.java:410)
	at com.kms.katalon.core.main.TestCaseExecutor.execute(TestCaseExecutor.java:285)
	at com.kms.katalon.core.common.CommonExecutor.accessTestCaseMainPhase(CommonExecutor.java:65)
	at com.kms.katalon.core.main.TestSuiteExecutor.accessTestSuiteMainPhase(TestSuiteExecutor.java:148)
	at com.kms.katalon.core.main.TestSuiteExecutor.execute(TestSuiteExecutor.java:106)
	at com.kms.katalon.core.main.TestCaseMain.startTestSuite(TestCaseMain.java:187)
	at com.kms.katalon.core.main.TestCaseMain$startTestSuite$0.call(Unknown Source)
	at TempTestSuite1692673207080.run(TempTestSuite1692673207080.groovy:36)
Caused by: org.openqa.selenium.ElementNotInteractableException: element not interactable
  (Session info: chrome=116.0.5845.97)
Build info: version: '3.141.59', revision: 'e82be7d358', time: '2018-11-14T08:25:53'
System info: host: 'DESKTOP-L51QJLB', ip: '172.22.45.95', os.name: 'Windows 10', os.arch: 'amd64', os.version: '10.0', java.version: '1.8.0_282'
Driver info: com.kms.katalon.selenium.driver.CChromeDriver
Capabilities {acceptInsecureCerts: false, browserName: chrome, browserVersion: 116.0.5845.97, chrome: {chromedriverVersion: 116.0.5845.96 (1a3918166880..., userDataDir: C:\Users\DELL\AppData\Local...}, fedcm:accounts: true, goog:chromeOptions: {debuggerAddress: localhost:60113}, javascriptEnabled: true, networkConnectionEnabled: false, pageLoadStrategy: normal, platform: WINDOWS, platformName: WINDOWS, proxy: Proxy(), setWindowRect: true, strictFileInteractability: false, timeouts: {implicit: 0, pageLoad: 300000, script: 30000}, unhandledPromptBehavior: dismiss and notify, webauthn:extension:credBlob: true, webauthn:extension:largeBlob: true, webauthn:extension:minPinLength: true, webauthn:extension:prf: true, webauthn:virtualAuthenticators: true}
Session ID: 201c7a0519b0c15c1384c0cc0b760a48
	at org.openqa.selenium.remote.http.W3CHttpResponseCodec.createException(W3CHttpResponseCodec.java:187)
	at org.openqa.selenium.remote.http.W3CHttpResponseCodec.decode(W3CHttpResponseCodec.java:122)
	at org.openqa.selenium.remote.http.W3CHttpResponseCodec.decode(W3CHttpResponseCodec.java:49)
	at org.openqa.selenium.remote.HttpCommandExecutor.execute(HttpCommandExecutor.java:158)
	at org.openqa.selenium.remote.service.DriverCommandExecutor.execute(DriverCommandExecutor.java:83)
	at org.openqa.selenium.remote.RemoteWebDriver.execute(RemoteWebDriver.java:552)
	at com.kms.katalon.selenium.driver.CChromeDriver.execute(CChromeDriver.java:19)
	at org.openqa.selenium.remote.RemoteWebElement.execute(RemoteWebElement.java:285)
	at org.openqa.selenium.remote.RemoteWebElement.click(RemoteWebElement.java:84)
	at org.openqa.selenium.support.events.EventFiringWebDriver$EventFiringWebElement.lambda$new$0(EventFiringWebDriver.java:404)
	at com.sun.proxy.$Proxy11.click(Unknown Source)
	at org.openqa.selenium.support.events.EventFiringWebDriver$EventFiringWebElement.click(EventFiringWebDriver.java:417)
	at org.openqa.selenium.WebElement$click.call(Unknown Source)
	at com.kms.katalon.core.webui.keyword.builtin.ClickKeyword.clickUntilSuccessWithTimeout(ClickKeyword.groovy:81)
	at com.kms.katalon.core.webui.keyword.builtin.ClickKeyword.clickUntilSuccessWithTimeout(ClickKeyword.groovy)
	at com.kms.katalon.core.webui.keyword.builtin.ClickKeyword$_click_closure1.doCall(ClickKeyword.groovy:67)
	at com.kms.katalon.core.webui.keyword.builtin.ClickKeyword$_click_closure1.call(ClickKeyword.groovy)
	at com.kms.katalon.core.webui.keyword.internal.WebUIKeywordMain.runKeyword(WebUIKeywordMain.groovy:20)
	... 51 more


2023-08-22 09:10:43 - [TEST_STEP][FAILED] - click(findTestObject("OPCPage/close_popup_OPC")): Unable to click on object 'Object Repository/OPCPage/close_popup_OPC' (Root cause: com.kms.katalon.core.exception.StepFailedException: Unable to click on object 'Object Repository/OPCPage/close_popup_OPC'
	at com.kms.katalon.core.webui.keyword.internal.WebUIKeywordMain.stepFailed(WebUIKeywordMain.groovy:64)
	at com.kms.katalon.core.webui.keyword.internal.WebUIKeywordMain.runKeyword(WebUIKeywordMain.groovy:26)
	at com.kms.katalon.core.webui.keyword.builtin.ClickKeyword.click(ClickKeyword.groovy:74)
	at com.kms.katalon.core.webui.keyword.builtin.ClickKeyword.execute(ClickKeyword.groovy:40)
	at com.kms.katalon.core.keyword.internal.KeywordExecutor.executeKeywordForPlatform(KeywordExecutor.groovy:74)
	at com.kms.katalon.core.webui.keyword.WebUiBuiltInKeywords.click(WebUiBuiltInKeywords.groovy:620)
	at com.kms.katalon.core.webui.keyword.WebUiBuiltInKeywords$click$2.call(Unknown Source)
	at close any pop up.run(close any pop up:20)
	at com.kms.katalon.core.main.ScriptEngine.run(ScriptEngine.java:194)
	at com.kms.katalon.core.main.ScriptEngine.runScriptAsRawText(ScriptEngine.java:119)
	at com.kms.katalon.core.main.TestCaseExecutor.runScript(TestCaseExecutor.java:448)
	at com.kms.katalon.core.main.TestCaseExecutor.doExecute(TestCaseExecutor.java:439)
	at com.kms.katalon.core.main.TestCaseExecutor.processExecutionPhase(TestCaseExecutor.java:418)
	at com.kms.katalon.core.main.TestCaseExecutor.accessMainPhase(TestCaseExecutor.java:410)
	at com.kms.katalon.core.main.TestCaseExecutor.execute(TestCaseExecutor.java:285)
	at com.kms.katalon.core.main.TestCaseMain.runTestCase(TestCaseMain.java:144)
	at com.kms.katalon.core.keyword.builtin.CallTestCaseKeyword$_callTestCase_closure1.doCall(CallTestCaseKeyword.groovy:59)
	at com.kms.katalon.core.keyword.builtin.CallTestCaseKeyword$_callTestCase_closure1.call(CallTestCaseKeyword.groovy)
	at com.kms.katalon.core.keyword.internal.KeywordMain.runKeyword(KeywordMain.groovy:75)
	at com.kms.katalon.core.keyword.builtin.CallTestCaseKeyword.callTestCase(CallTestCaseKeyword.groovy:81)
	at com.kms.katalon.core.keyword.builtin.CallTestCaseKeyword.execute(CallTestCaseKeyword.groovy:44)
	at com.kms.katalon.core.keyword.internal.KeywordExecutor.executeKeywordForPlatform(KeywordExecutor.groovy:74)
	at com.kms.katalon.core.keyword.BuiltinKeywords.callTestCase(BuiltinKeywords.groovy:310)
	at create_new_CARD_OPC.run(create_new_CARD_OPC:50)
	at com.kms.katalon.core.main.ScriptEngine.run(ScriptEngine.java:194)
	at com.kms.katalon.core.main.ScriptEngine.runScriptAsRawText(ScriptEngine.java:119)
	at com.kms.katalon.core.main.TestCaseExecutor.runScript(TestCaseExecutor.java:448)
	at com.kms.katalon.core.main.TestCaseExecutor.doExecute(TestCaseExecutor.java:439)
	at com.kms.katalon.core.main.TestCaseExecutor.processExecutionPhase(TestCaseExecutor.java:418)
	at com.kms.katalon.core.main.TestCaseExecutor.accessMainPhase(TestCaseExecutor.java:410)
	at com.kms.katalon.core.main.TestCaseExecutor.execute(TestCaseExecutor.java:285)
	at com.kms.katalon.core.main.TestCaseMain.runTestCase(TestCaseMain.java:144)
	at com.kms.katalon.core.keyword.builtin.CallTestCaseKeyword$_callTestCase_closure1.doCall(CallTestCaseKeyword.groovy:59)
	at com.kms.katalon.core.keyword.builtin.CallTestCaseKeyword$_callTestCase_closure1.call(CallTestCaseKeyword.groovy)
	at com.kms.katalon.core.keyword.internal.KeywordMain.runKeyword(KeywordMain.groovy:75)
	at com.kms.katalon.core.keyword.builtin.CallTestCaseKeyword.callTestCase(CallTestCaseKeyword.groovy:81)
	at com.kms.katalon.core.keyword.builtin.CallTestCaseKeyword.execute(CallTestCaseKeyword.groovy:44)
	at com.kms.katalon.core.keyword.internal.KeywordExecutor.executeKeywordForPlatform(KeywordExecutor.groovy:74)
	at com.kms.katalon.core.keyword.BuiltinKeywords.callTestCase(BuiltinKeywords.groovy:310)
	at TS_SMOKE_SUITE_077.run(TS_SMOKE_SUITE_077:46)
	at com.kms.katalon.core.main.ScriptEngine.run(ScriptEngine.java:194)
	at com.kms.katalon.core.main.ScriptEngine.runScriptAsRawText(ScriptEngine.java:119)
	at com.kms.katalon.core.main.TestCaseExecutor.runScript(TestCaseExecutor.java:448)
	at com.kms.katalon.core.main.TestCaseExecutor.doExecute(TestCaseExecutor.java:439)
	at com.kms.katalon.core.main.TestCaseExecutor.processExecutionPhase(TestCaseExecutor.java:418)
	at com.kms.katalon.core.main.TestCaseExecutor.accessMainPhase(TestCaseExecutor.java:410)
	at com.kms.katalon.core.main.TestCaseExecutor.execute(TestCaseExecutor.java:285)
	at com.kms.katalon.core.common.CommonExecutor.accessTestCaseMainPhase(CommonExecutor.java:65)
	at com.kms.katalon.core.main.TestSuiteExecutor.accessTestSuiteMainPhase(TestSuiteExecutor.java:148)
	at com.kms.katalon.core.main.TestSuiteExecutor.execute(TestSuiteExecutor.java:106)
	at com.kms.katalon.core.main.TestCaseMain.startTestSuite(TestCaseMain.java:187)
	at com.kms.katalon.core.main.TestCaseMain$startTestSuite$0.call(Unknown Source)
	at TempTestSuite1692673207080.run(TempTestSuite1692673207080.groovy:36)
Caused by: org.openqa.selenium.ElementNotInteractableException: element not interactable
  (Session info: chrome=116.0.5845.97)
Build info: version: '3.141.59', revision: 'e82be7d358', time: '2018-11-14T08:25:53'
System info: host: 'DESKTOP-L51QJLB', ip: '172.22.45.95', os.name: 'Windows 10', os.arch: 'amd64', os.version: '10.0', java.version: '1.8.0_282'
Driver info: com.kms.katalon.selenium.driver.CChromeDriver
Capabilities {acceptInsecureCerts: false, browserName: chrome, browserVersion: 116.0.5845.97, chrome: {chromedriverVersion: 116.0.5845.96 (1a3918166880..., userDataDir: C:\Users\DELL\AppData\Local...}, fedcm:accounts: true, goog:chromeOptions: {debuggerAddress: localhost:60113}, javascriptEnabled: true, networkConnectionEnabled: false, pageLoadStrategy: normal, platform: WINDOWS, platformName: WINDOWS, proxy: Proxy(), setWindowRect: true, strictFileInteractability: false, timeouts: {implicit: 0, pageLoad: 300000, script: 30000}, unhandledPromptBehavior: dismiss and notify, webauthn:extension:credBlob: true, webauthn:extension:largeBlob: true, webauthn:extension:minPinLength: true, webauthn:extension:prf: true, webauthn:virtualAuthenticators: true}
Session ID: 201c7a0519b0c15c1384c0cc0b760a48
	at org.openqa.selenium.remote.http.W3CHttpResponseCodec.createException(W3CHttpResponseCodec.java:187)
	at org.openqa.selenium.remote.http.W3CHttpResponseCodec.decode(W3CHttpResponseCodec.java:122)
	at org.openqa.selenium.remote.http.W3CHttpResponseCodec.decode(W3CHttpResponseCodec.java:49)
	at org.openqa.selenium.remote.HttpCommandExecutor.execute(HttpCommandExecutor.java:158)
	at org.openqa.selenium.remote.service.DriverCommandExecutor.execute(DriverCommandExecutor.java:83)
	at org.openqa.selenium.remote.RemoteWebDriver.execute(RemoteWebDriver.java:552)
	at com.kms.katalon.selenium.driver.CChromeDriver.execute(CChromeDriver.java:19)
	at org.openqa.selenium.remote.RemoteWebElement.execute(RemoteWebElement.java:285)
	at org.openqa.selenium.remote.RemoteWebElement.click(RemoteWebElement.java:84)
	at org.openqa.selenium.support.events.EventFiringWebDriver$EventFiringWebElement.lambda$new$0(EventFiringWebDriver.java:404)
	at com.sun.proxy.$Proxy11.click(Unknown Source)
	at org.openqa.selenium.support.events.EventFiringWebDriver$EventFiringWebElement.click(EventFiringWebDriver.java:417)
	at org.openqa.selenium.WebElement$click.call(Unknown Source)
	at com.kms.katalon.core.webui.keyword.builtin.ClickKeyword.clickUntilSuccessWithTimeout(ClickKeyword.groovy:81)
	at com.kms.katalon.core.webui.keyword.builtin.ClickKeyword.clickUntilSuccessWithTimeout(ClickKeyword.groovy)
	at com.kms.katalon.core.webui.keyword.builtin.ClickKeyword$_click_closure1.doCall(ClickKeyword.groovy:67)
	at com.kms.katalon.core.webui.keyword.builtin.ClickKeyword$_click_closure1.call(ClickKeyword.groovy)
	at com.kms.katalon.core.webui.keyword.internal.WebUIKeywordMain.runKeyword(WebUIKeywordMain.groovy:20)
	at com.kms.katalon.core.webui.keyword.builtin.ClickKeyword.click(ClickKeyword.groovy:74)
	at com.kms.katalon.core.webui.keyword.builtin.ClickKeyword.execute(ClickKeyword.groovy:40)
	at com.kms.katalon.core.keyword.internal.KeywordExecutor.executeKeywordForPlatform(KeywordExecutor.groovy:74)
	at com.kms.katalon.core.webui.keyword.WebUiBuiltInKeywords.click(WebUiBuiltInKeywords.groovy:620)
	at com.kms.katalon.core.webui.keyword.WebUiBuiltInKeywords$click$2.call(Unknown Source)
	at Script1684135793852.run(Script1684135793852.groovy:20)
	at com.kms.katalon.core.main.ScriptEngine.run(ScriptEngine.java:194)
	at com.kms.katalon.core.main.ScriptEngine.runScriptAsRawText(ScriptEngine.java:119)
	at com.kms.katalon.core.main.TestCaseExecutor.runScript(TestCaseExecutor.java:448)
	at com.kms.katalon.core.main.TestCaseExecutor.doExecute(TestCaseExecutor.java:439)
	at com.kms.katalon.core.main.TestCaseExecutor.processExecutionPhase(TestCaseExecutor.java:418)
	at com.kms.katalon.core.main.TestCaseExecutor.accessMainPhase(TestCaseExecutor.java:410)
	at com.kms.katalon.core.main.TestCaseExecutor.execute(TestCaseExecutor.java:285)
	at com.kms.katalon.core.main.TestCaseMain.runTestCase(TestCaseMain.java:144)
	at com.kms.katalon.core.keyword.builtin.CallTestCaseKeyword$_callTestCase_closure1.doCall(CallTestCaseKeyword.groovy:59)
	at com.kms.katalon.core.keyword.builtin.CallTestCaseKeyword$_callTestCase_closure1.call(CallTestCaseKeyword.groovy)
	at com.kms.katalon.core.keyword.internal.KeywordMain.runKeyword(KeywordMain.groovy:75)
	at com.kms.katalon.core.keyword.builtin.CallTestCaseKeyword.callTestCase(CallTestCaseKeyword.groovy:81)
	at com.kms.katalon.core.keyword.builtin.CallTestCaseKeyword.execute(CallTestCaseKeyword.groovy:44)
	at com.kms.katalon.core.keyword.internal.KeywordExecutor.executeKeywordForPlatform(KeywordExecutor.groovy:74)
	at com.kms.katalon.core.keyword.BuiltinKeywords.callTestCase(BuiltinKeywords.groovy:310)
	at Script1684101683596.run(Script1684101683596.groovy:50)
	at com.kms.katalon.core.main.ScriptEngine.run(ScriptEngine.java:194)
	at com.kms.katalon.core.main.ScriptEngine.runScriptAsRawText(ScriptEngine.java:119)
	at com.kms.katalon.core.main.TestCaseExecutor.runScript(TestCaseExecutor.java:448)
	at com.kms.katalon.core.main.TestCaseExecutor.doExecute(TestCaseExecutor.java:439)
	at com.kms.katalon.core.main.TestCaseExecutor.processExecutionPhase(TestCaseExecutor.java:418)
	at com.kms.katalon.core.main.TestCaseExecutor.accessMainPhase(TestCaseExecutor.java:410)
	at com.kms.katalon.core.main.TestCaseExecutor.execute(TestCaseExecutor.java:285)
	at com.kms.katalon.core.main.TestCaseMain.runTestCase(TestCaseMain.java:144)
	at com.kms.katalon.core.keyword.builtin.CallTestCaseKeyword$_callTestCase_closure1.doCall(CallTestCaseKeyword.groovy:59)
	at com.kms.katalon.core.keyword.builtin.CallTestCaseKeyword$_callTestCase_closure1.call(CallTestCaseKeyword.groovy)
	at com.kms.katalon.core.keyword.internal.KeywordMain.runKeyword(KeywordMain.groovy:75)
	at com.kms.katalon.core.keyword.builtin.CallTestCaseKeyword.callTestCase(CallTestCaseKeyword.groovy:81)
	at com.kms.katalon.core.keyword.builtin.CallTestCaseKeyword.execute(CallTestCaseKeyword.groovy:44)
	at com.kms.katalon.core.keyword.internal.KeywordExecutor.executeKeywordForPlatform(KeywordExecutor.groovy:74)
	at com.kms.katalon.core.keyword.BuiltinKeywords.callTestCase(BuiltinKeywords.groovy:310)
	at Script1691525490171.run(Script1691525490171.groovy:46)
	... 13 more
)

2023-08-22 09:10:44 - [MESSAGE][FAILED] - Unable to click on object 'Object Repository/OPCPage/close_popup_OPC' (Root cause: com.kms.katalon.core.exception.StepFailedException: Unable to click on object 'Object Repository/OPCPage/close_popup_OPC'
	at com.kms.katalon.core.webui.keyword.internal.WebUIKeywordMain.stepFailed(WebUIKeywordMain.groovy:64)
	at com.kms.katalon.core.webui.keyword.internal.WebUIKeywordMain.runKeyword(WebUIKeywordMain.groovy:26)
	at com.kms.katalon.core.webui.keyword.builtin.ClickKeyword.click(ClickKeyword.groovy:74)
	at com.kms.katalon.core.webui.keyword.builtin.ClickKeyword.execute(ClickKeyword.groovy:40)
	at com.kms.katalon.core.keyword.internal.KeywordExecutor.executeKeywordForPlatform(KeywordExecutor.groovy:74)
	at com.kms.katalon.core.webui.keyword.WebUiBuiltInKeywords.click(WebUiBuiltInKeywords.groovy:620)
	at com.kms.katalon.core.webui.keyword.WebUiBuiltInKeywords$click$2.call(Unknown Source)
	at close any pop up.run(close any pop up:20)
	at com.kms.katalon.core.main.ScriptEngine.run(ScriptEngine.java:194)
	at com.kms.katalon.core.main.ScriptEngine.runScriptAsRawText(ScriptEngine.java:119)
	at com.kms.katalon.core.main.TestCaseExecutor.runScript(TestCaseExecutor.java:448)
	at com.kms.katalon.core.main.TestCaseExecutor.doExecute(TestCaseExecutor.java:439)
	at com.kms.katalon.core.main.TestCaseExecutor.processExecutionPhase(TestCaseExecutor.java:418)
	at com.kms.katalon.core.main.TestCaseExecutor.accessMainPhase(TestCaseExecutor.java:410)
	at com.kms.katalon.core.main.TestCaseExecutor.execute(TestCaseExecutor.java:285)
	at com.kms.katalon.core.main.TestCaseMain.runTestCase(TestCaseMain.java:144)
	at com.kms.katalon.core.keyword.builtin.CallTestCaseKeyword$_callTestCase_closure1.doCall(CallTestCaseKeyword.groovy:59)
	at com.kms.katalon.core.keyword.builtin.CallTestCaseKeyword$_callTestCase_closure1.call(CallTestCaseKeyword.groovy)
	at com.kms.katalon.core.keyword.internal.KeywordMain.runKeyword(KeywordMain.groovy:75)
	at com.kms.katalon.core.keyword.builtin.CallTestCaseKeyword.callTestCase(CallTestCaseKeyword.groovy:81)
	at com.kms.katalon.core.keyword.builtin.CallTestCaseKeyword.execute(CallTestCaseKeyword.groovy:44)
	at com.kms.katalon.core.keyword.internal.KeywordExecutor.executeKeywordForPlatform(KeywordExecutor.groovy:74)
	at com.kms.katalon.core.keyword.BuiltinKeywords.callTestCase(BuiltinKeywords.groovy:310)
	at create_new_CARD_OPC.run(create_new_CARD_OPC:50)
	at com.kms.katalon.core.main.ScriptEngine.run(ScriptEngine.java:194)
	at com.kms.katalon.core.main.ScriptEngine.runScriptAsRawText(ScriptEngine.java:119)
	at com.kms.katalon.core.main.TestCaseExecutor.runScript(TestCaseExecutor.java:448)
	at com.kms.katalon.core.main.TestCaseExecutor.doExecute(TestCaseExecutor.java:439)
	at com.kms.katalon.core.main.TestCaseExecutor.processExecutionPhase(TestCaseExecutor.java:418)
	at com.kms.katalon.core.main.TestCaseExecutor.accessMainPhase(TestCaseExecutor.java:410)
	at com.kms.katalon.core.main.TestCaseExecutor.execute(TestCaseExecutor.java:285)
	at com.kms.katalon.core.main.TestCaseMain.runTestCase(TestCaseMain.java:144)
	at com.kms.katalon.core.keyword.builtin.CallTestCaseKeyword$_callTestCase_closure1.doCall(CallTestCaseKeyword.groovy:59)
	at com.kms.katalon.core.keyword.builtin.CallTestCaseKeyword$_callTestCase_closure1.call(CallTestCaseKeyword.groovy)
	at com.kms.katalon.core.keyword.internal.KeywordMain.runKeyword(KeywordMain.groovy:75)
	at com.kms.katalon.core.keyword.builtin.CallTestCaseKeyword.callTestCase(CallTestCaseKeyword.groovy:81)
	at com.kms.katalon.core.keyword.builtin.CallTestCaseKeyword.execute(CallTestCaseKeyword.groovy:44)
	at com.kms.katalon.core.keyword.internal.KeywordExecutor.executeKeywordForPlatform(KeywordExecutor.groovy:74)
	at com.kms.katalon.core.keyword.BuiltinKeywords.callTestCase(BuiltinKeywords.groovy:310)
	at TS_SMOKE_SUITE_077.run(TS_SMOKE_SUITE_077:46)
	at com.kms.katalon.core.main.ScriptEngine.run(ScriptEngine.java:194)
	at com.kms.katalon.core.main.ScriptEngine.runScriptAsRawText(ScriptEngine.java:119)
	at com.kms.katalon.core.main.TestCaseExecutor.runScript(TestCaseExecutor.java:448)
	at com.kms.katalon.core.main.TestCaseExecutor.doExecute(TestCaseExecutor.java:439)
	at com.kms.katalon.core.main.TestCaseExecutor.processExecutionPhase(TestCaseExecutor.java:418)
	at com.kms.katalon.core.main.TestCaseExecutor.accessMainPhase(TestCaseExecutor.java:410)
	at com.kms.katalon.core.main.TestCaseExecutor.execute(TestCaseExecutor.java:285)
	at com.kms.katalon.core.common.CommonExecutor.accessTestCaseMainPhase(CommonExecutor.java:65)
	at com.kms.katalon.core.main.TestSuiteExecutor.accessTestSuiteMainPhase(TestSuiteExecutor.java:148)
	at com.kms.katalon.core.main.TestSuiteExecutor.execute(TestSuiteExecutor.java:106)
	at com.kms.katalon.core.main.TestCaseMain.startTestSuite(TestCaseMain.java:187)
	at com.kms.katalon.core.main.TestCaseMain$startTestSuite$0.call(Unknown Source)
	at TempTestSuite1692673207080.run(TempTestSuite1692673207080.groovy:36)
Caused by: org.openqa.selenium.ElementNotInteractableException: element not interactable
  (Session info: chrome=116.0.5845.97)
Build info: version: '3.141.59', revision: 'e82be7d358', time: '2018-11-14T08:25:53'
System info: host: 'DESKTOP-L51QJLB', ip: '172.22.45.95', os.name: 'Windows 10', os.arch: 'amd64', os.version: '10.0', java.version: '1.8.0_282'
Driver info: com.kms.katalon.selenium.driver.CChromeDriver
Capabilities {acceptInsecureCerts: false, browserName: chrome, browserVersion: 116.0.5845.97, chrome: {chromedriverVersion: 116.0.5845.96 (1a3918166880..., userDataDir: C:\Users\DELL\AppData\Local...}, fedcm:accounts: true, goog:chromeOptions: {debuggerAddress: localhost:60113}, javascriptEnabled: true, networkConnectionEnabled: false, pageLoadStrategy: normal, platform: WINDOWS, platformName: WINDOWS, proxy: Proxy(), setWindowRect: true, strictFileInteractability: false, timeouts: {implicit: 0, pageLoad: 300000, script: 30000}, unhandledPromptBehavior: dismiss and notify, webauthn:extension:credBlob: true, webauthn:extension:largeBlob: true, webauthn:extension:minPinLength: true, webauthn:extension:prf: true, webauthn:virtualAuthenticators: true}
Session ID: 201c7a0519b0c15c1384c0cc0b760a48
	at org.openqa.selenium.remote.http.W3CHttpResponseCodec.createException(W3CHttpResponseCodec.java:187)
	at org.openqa.selenium.remote.http.W3CHttpResponseCodec.decode(W3CHttpResponseCodec.java:122)
	at org.openqa.selenium.remote.http.W3CHttpResponseCodec.decode(W3CHttpResponseCodec.java:49)
	at org.openqa.selenium.remote.HttpCommandExecutor.execute(HttpCommandExecutor.java:158)
	at org.openqa.selenium.remote.service.DriverCommandExecutor.execute(DriverCommandExecutor.java:83)
	at org.openqa.selenium.remote.RemoteWebDriver.execute(RemoteWebDriver.java:552)
	at com.kms.katalon.selenium.driver.CChromeDriver.execute(CChromeDriver.java:19)
	at org.openqa.selenium.remote.RemoteWebElement.execute(RemoteWebElement.java:285)
	at org.openqa.selenium.remote.RemoteWebElement.click(RemoteWebElement.java:84)
	at org.openqa.selenium.support.events.EventFiringWebDriver$EventFiringWebElement.lambda$new$0(EventFiringWebDriver.java:404)
	at com.sun.proxy.$Proxy11.click(Unknown Source)
	at org.openqa.selenium.support.events.EventFiringWebDriver$EventFiringWebElement.click(EventFiringWebDriver.java:417)
	at org.openqa.selenium.WebElement$click.call(Unknown Source)
	at com.kms.katalon.core.webui.keyword.builtin.ClickKeyword.clickUntilSuccessWithTimeout(ClickKeyword.groovy:81)
	at com.kms.katalon.core.webui.keyword.builtin.ClickKeyword.clickUntilSuccessWithTimeout(ClickKeyword.groovy)
	at com.kms.katalon.core.webui.keyword.builtin.ClickKeyword$_click_closure1.doCall(ClickKeyword.groovy:67)
	at com.kms.katalon.core.webui.keyword.builtin.ClickKeyword$_click_closure1.call(ClickKeyword.groovy)
	at com.kms.katalon.core.webui.keyword.internal.WebUIKeywordMain.runKeyword(WebUIKeywordMain.groovy:20)
	at com.kms.katalon.core.webui.keyword.builtin.ClickKeyword.click(ClickKeyword.groovy:74)
	at com.kms.katalon.core.webui.keyword.builtin.ClickKeyword.execute(ClickKeyword.groovy:40)
	at com.kms.katalon.core.keyword.internal.KeywordExecutor.executeKeywordForPlatform(KeywordExecutor.groovy:74)
	at com.kms.katalon.core.webui.keyword.WebUiBuiltInKeywords.click(WebUiBuiltInKeywords.groovy:620)
	at com.kms.katalon.core.webui.keyword.WebUiBuiltInKeywords$click$2.call(Unknown Source)
	at Script1684135793852.run(Script1684135793852.groovy:20)
	at com.kms.katalon.core.main.ScriptEngine.run(ScriptEngine.java:194)
	at com.kms.katalon.core.main.ScriptEngine.runScriptAsRawText(ScriptEngine.java:119)
	at com.kms.katalon.core.main.TestCaseExecutor.runScript(TestCaseExecutor.java:448)
	at com.kms.katalon.core.main.TestCaseExecutor.doExecute(TestCaseExecutor.java:439)
	at com.kms.katalon.core.main.TestCaseExecutor.processExecutionPhase(TestCaseExecutor.java:418)
	at com.kms.katalon.core.main.TestCaseExecutor.accessMainPhase(TestCaseExecutor.java:410)
	at com.kms.katalon.core.main.TestCaseExecutor.execute(TestCaseExecutor.java:285)
	at com.kms.katalon.core.main.TestCaseMain.runTestCase(TestCaseMain.java:144)
	at com.kms.katalon.core.keyword.builtin.CallTestCaseKeyword$_callTestCase_closure1.doCall(CallTestCaseKeyword.groovy:59)
	at com.kms.katalon.core.keyword.builtin.CallTestCaseKeyword$_callTestCase_closure1.call(CallTestCaseKeyword.groovy)
	at com.kms.katalon.core.keyword.internal.KeywordMain.runKeyword(KeywordMain.groovy:75)
	at com.kms.katalon.core.keyword.builtin.CallTestCaseKeyword.callTestCase(CallTestCaseKeyword.groovy:81)
	at com.kms.katalon.core.keyword.builtin.CallTestCaseKeyword.execute(CallTestCaseKeyword.groovy:44)
	at com.kms.katalon.core.keyword.internal.KeywordExecutor.executeKeywordForPlatform(KeywordExecutor.groovy:74)
	at com.kms.katalon.core.keyword.BuiltinKeywords.callTestCase(BuiltinKeywords.groovy:310)
	at Script1684101683596.run(Script1684101683596.groovy:50)
	at com.kms.katalon.core.main.ScriptEngine.run(ScriptEngine.java:194)
	at com.kms.katalon.core.main.ScriptEngine.runScriptAsRawText(ScriptEngine.java:119)
	at com.kms.katalon.core.main.TestCaseExecutor.runScript(TestCaseExecutor.java:448)
	at com.kms.katalon.core.main.TestCaseExecutor.doExecute(TestCaseExecutor.java:439)
	at com.kms.katalon.core.main.TestCaseExecutor.processExecutionPhase(TestCaseExecutor.java:418)
	at com.kms.katalon.core.main.TestCaseExecutor.accessMainPhase(TestCaseExecutor.java:410)
	at com.kms.katalon.core.main.TestCaseExecutor.execute(TestCaseExecutor.java:285)
	at com.kms.katalon.core.main.TestCaseMain.runTestCase(TestCaseMain.java:144)
	at com.kms.katalon.core.keyword.builtin.CallTestCaseKeyword$_callTestCase_closure1.doCall(CallTestCaseKeyword.groovy:59)
	at com.kms.katalon.core.keyword.builtin.CallTestCaseKeyword$_callTestCase_closure1.call(CallTestCaseKeyword.groovy)
	at com.kms.katalon.core.keyword.internal.KeywordMain.runKeyword(KeywordMain.groovy:75)
	at com.kms.katalon.core.keyword.builtin.CallTestCaseKeyword.callTestCase(CallTestCaseKeyword.groovy:81)
	at com.kms.katalon.core.keyword.builtin.CallTestCaseKeyword.execute(CallTestCaseKeyword.groovy:44)
	at com.kms.katalon.core.keyword.internal.KeywordExecutor.executeKeywordForPlatform(KeywordExecutor.groovy:74)
	at com.kms.katalon.core.keyword.BuiltinKeywords.callTestCase(BuiltinKeywords.groovy:310)
	at Script1691525490171.run(Script1691525490171.groovy:46)
	... 13 more
)
[[ATTACHMENT|D:\\backup\\LiverpoolProject_SmokeSuite\\Reports\\20230822_083007\\SmokeSuite_AllModules\\20230822_083007\\1692675644116.png]]

2023-08-22 09:10:44 - [MESSAGE][WARNING] - Unable to call Test Case 'Test Cases/CommonMethods/close any pop up' (Root cause: com.kms.katalon.core.exception.StepFailedException: Call Test Case 'Test Cases/CommonMethods/close any pop up' failed
	at com.kms.katalon.core.keyword.builtin.CallTestCaseKeyword$_callTestCase_closure1.doCall(CallTestCaseKeyword.groovy:63)
	at com.kms.katalon.core.keyword.builtin.CallTestCaseKeyword$_callTestCase_closure1.call(CallTestCaseKeyword.groovy)
	at com.kms.katalon.core.keyword.internal.KeywordMain.runKeyword(KeywordMain.groovy:75)
	at com.kms.katalon.core.keyword.builtin.CallTestCaseKeyword.callTestCase(CallTestCaseKeyword.groovy:81)
	at com.kms.katalon.core.keyword.builtin.CallTestCaseKeyword.execute(CallTestCaseKeyword.groovy:44)
	at com.kms.katalon.core.keyword.internal.KeywordExecutor.executeKeywordForPlatform(KeywordExecutor.groovy:74)
	at com.kms.katalon.core.keyword.BuiltinKeywords.callTestCase(BuiltinKeywords.groovy:310)
	at create_new_CARD_OPC.run(create_new_CARD_OPC:50)
	at com.kms.katalon.core.main.ScriptEngine.run(ScriptEngine.java:194)
	at com.kms.katalon.core.main.ScriptEngine.runScriptAsRawText(ScriptEngine.java:119)
	at com.kms.katalon.core.main.TestCaseExecutor.runScript(TestCaseExecutor.java:448)
	at com.kms.katalon.core.main.TestCaseExecutor.doExecute(TestCaseExecutor.java:439)
	at com.kms.katalon.core.main.TestCaseExecutor.processExecutionPhase(TestCaseExecutor.java:418)
	at com.kms.katalon.core.main.TestCaseExecutor.accessMainPhase(TestCaseExecutor.java:410)
	at com.kms.katalon.core.main.TestCaseExecutor.execute(TestCaseExecutor.java:285)
	at com.kms.katalon.core.main.TestCaseMain.runTestCase(TestCaseMain.java:144)
	at com.kms.katalon.core.keyword.builtin.CallTestCaseKeyword$_callTestCase_closure1.doCall(CallTestCaseKeyword.groovy:59)
	at com.kms.katalon.core.keyword.builtin.CallTestCaseKeyword$_callTestCase_closure1.call(CallTestCaseKeyword.groovy)
	at com.kms.katalon.core.keyword.internal.KeywordMain.runKeyword(KeywordMain.groovy:75)
	at com.kms.katalon.core.keyword.builtin.CallTestCaseKeyword.callTestCase(CallTestCaseKeyword.groovy:81)
	at com.kms.katalon.core.keyword.builtin.CallTestCaseKeyword.execute(CallTestCaseKeyword.groovy:44)
	at com.kms.katalon.core.keyword.internal.KeywordExecutor.executeKeywordForPlatform(KeywordExecutor.groovy:74)
	at com.kms.katalon.core.keyword.BuiltinKeywords.callTestCase(BuiltinKeywords.groovy:310)
	at TS_SMOKE_SUITE_077.run(TS_SMOKE_SUITE_077:46)
	at com.kms.katalon.core.main.ScriptEngine.run(ScriptEngine.java:194)
	at com.kms.katalon.core.main.ScriptEngine.runScriptAsRawText(ScriptEngine.java:119)
	at com.kms.katalon.core.main.TestCaseExecutor.runScript(TestCaseExecutor.java:448)
	at com.kms.katalon.core.main.TestCaseExecutor.doExecute(TestCaseExecutor.java:439)
	at com.kms.katalon.core.main.TestCaseExecutor.processExecutionPhase(TestCaseExecutor.java:418)
	at com.kms.katalon.core.main.TestCaseExecutor.accessMainPhase(TestCaseExecutor.java:410)
	at com.kms.katalon.core.main.TestCaseExecutor.execute(TestCaseExecutor.java:285)
	at com.kms.katalon.core.common.CommonExecutor.accessTestCaseMainPhase(CommonExecutor.java:65)
	at com.kms.katalon.core.main.TestSuiteExecutor.accessTestSuiteMainPhase(TestSuiteExecutor.java:148)
	at com.kms.katalon.core.main.TestSuiteExecutor.execute(TestSuiteExecutor.java:106)
	at com.kms.katalon.core.main.TestCaseMain.startTestSuite(TestCaseMain.java:187)
	at com.kms.katalon.core.main.TestCaseMain$startTestSuite$0.call(Unknown Source)
	at TempTestSuite1692673207080.run(TempTestSuite1692673207080.groovy:36)
Caused by: com.kms.katalon.core.exception.StepFailedException: Unable to click on object 'Object Repository/OPCPage/close_popup_OPC'
	at com.kms.katalon.core.webui.keyword.internal.WebUIKeywordMain.stepFailed(WebUIKeywordMain.groovy:64)
	at com.kms.katalon.core.webui.keyword.internal.WebUIKeywordMain.runKeyword(WebUIKeywordMain.groovy:26)
	at com.kms.katalon.core.webui.keyword.builtin.ClickKeyword.click(ClickKeyword.groovy:74)
	at com.kms.katalon.core.webui.keyword.builtin.ClickKeyword.execute(ClickKeyword.groovy:40)
	at com.kms.katalon.core.keyword.internal.KeywordExecutor.executeKeywordForPlatform(KeywordExecutor.groovy:74)
	at com.kms.katalon.core.webui.keyword.WebUiBuiltInKeywords.click(WebUiBuiltInKeywords.groovy:620)
	at com.kms.katalon.core.webui.keyword.WebUiBuiltInKeywords$click$2.call(Unknown Source)
	at close any pop up.run(close any pop up:20)
	at com.kms.katalon.core.main.ScriptEngine.run(ScriptEngine.java:194)
	at com.kms.katalon.core.main.ScriptEngine.runScriptAsRawText(ScriptEngine.java:119)
	at com.kms.katalon.core.main.TestCaseExecutor.runScript(TestCaseExecutor.java:448)
	at com.kms.katalon.core.main.TestCaseExecutor.doExecute(TestCaseExecutor.java:439)
	at com.kms.katalon.core.main.TestCaseExecutor.processExecutionPhase(TestCaseExecutor.java:418)
	at com.kms.katalon.core.main.TestCaseExecutor.accessMainPhase(TestCaseExecutor.java:410)
	at com.kms.katalon.core.main.TestCaseExecutor.execute(TestCaseExecutor.java:285)
	at com.kms.katalon.core.main.TestCaseMain.runTestCase(TestCaseMain.java:144)
	at com.kms.katalon.core.keyword.builtin.CallTestCaseKeyword$_callTestCase_closure1.doCall(CallTestCaseKeyword.groovy:59)
	... 36 more
Caused by: org.openqa.selenium.ElementNotInteractableException: element not interactable
  (Session info: chrome=116.0.5845.97)
Build info: version: '3.141.59', revision: 'e82be7d358', time: '2018-11-14T08:25:53'
System info: host: 'DESKTOP-L51QJLB', ip: '172.22.45.95', os.name: 'Windows 10', os.arch: 'amd64', os.version: '10.0', java.version: '1.8.0_282'
Driver info: com.kms.katalon.selenium.driver.CChromeDriver
Capabilities {acceptInsecureCerts: false, browserName: chrome, browserVersion: 116.0.5845.97, chrome: {chromedriverVersion: 116.0.5845.96 (1a3918166880..., userDataDir: C:\Users\DELL\AppData\Local...}, fedcm:accounts: true, goog:chromeOptions: {debuggerAddress: localhost:60113}, javascriptEnabled: true, networkConnectionEnabled: false, pageLoadStrategy: normal, platform: WINDOWS, platformName: WINDOWS, proxy: Proxy(), setWindowRect: true, strictFileInteractability: false, timeouts: {implicit: 0, pageLoad: 300000, script: 30000}, unhandledPromptBehavior: dismiss and notify, webauthn:extension:credBlob: true, webauthn:extension:largeBlob: true, webauthn:extension:minPinLength: true, webauthn:extension:prf: true, webauthn:virtualAuthenticators: true}
Session ID: 201c7a0519b0c15c1384c0cc0b760a48
	at org.openqa.selenium.remote.http.W3CHttpResponseCodec.createException(W3CHttpResponseCodec.java:187)
	at org.openqa.selenium.remote.http.W3CHttpResponseCodec.decode(W3CHttpResponseCodec.java:122)
	at org.openqa.selenium.remote.http.W3CHttpResponseCodec.decode(W3CHttpResponseCodec.java:49)
	at org.openqa.selenium.remote.HttpCommandExecutor.execute(HttpCommandExecutor.java:158)
	at org.openqa.selenium.remote.service.DriverCommandExecutor.execute(DriverCommandExecutor.java:83)
	at org.openqa.selenium.remote.RemoteWebDriver.execute(RemoteWebDriver.java:552)
	at com.kms.katalon.selenium.driver.CChromeDriver.execute(CChromeDriver.java:19)
	at org.openqa.selenium.remote.RemoteWebElement.execute(RemoteWebElement.java:285)
	at org.openqa.selenium.remote.RemoteWebElement.click(RemoteWebElement.java:84)
	at org.openqa.selenium.support.events.EventFiringWebDriver$EventFiringWebElement.lambda$new$0(EventFiringWebDriver.java:404)
	at com.sun.proxy.$Proxy11.click(Unknown Source)
	at org.openqa.selenium.support.events.EventFiringWebDriver$EventFiringWebElement.click(EventFiringWebDriver.java:417)
	at org.openqa.selenium.WebElement$click.call(Unknown Source)
	at com.kms.katalon.core.webui.keyword.builtin.ClickKeyword.clickUntilSuccessWithTimeout(ClickKeyword.groovy:81)
	at com.kms.katalon.core.webui.keyword.builtin.ClickKeyword.clickUntilSuccessWithTimeout(ClickKeyword.groovy)
	at com.kms.katalon.core.webui.keyword.builtin.ClickKeyword$_click_closure1.doCall(ClickKeyword.groovy:67)
	at com.kms.katalon.core.webui.keyword.builtin.ClickKeyword$_click_closure1.call(ClickKeyword.groovy)
	at com.kms.katalon.core.webui.keyword.internal.WebUIKeywordMain.runKeyword(WebUIKeywordMain.groovy:20)
	... 51 more
)

2023-08-22 09:10:44 - [TEST_STEP][PASSED] - click(findTestObject("OPCPage/paymentMethod_change_OPC")): Object: 'Object Repository/OPCPage/paymentMethod_change_OPC' is clicked on

2023-08-22 09:10:44 - [MESSAGE][PASSED] - Object: 'Object Repository/OPCPage/paymentMethod_change_OPC' is clicked on

2023-08-22 09:10:44 - [TEST_STEP][PASSED] - click(findTestObject("OPCPage/paymentMethod_button1_OPC")): Object: 'Object Repository/OPCPage/paymentMethod_button1_OPC' is clicked on

2023-08-22 09:10:47 - [MESSAGE][PASSED] - Object: 'Object Repository/OPCPage/paymentMethod_button1_OPC' is clicked on

2023-08-22 09:10:47 - [TEST_STEP][PASSED] - verifyTextPresent(cardname, false): Text 'EtgPvdLN' is present on page 

2023-08-22 09:10:48 - [MESSAGE][PASSED] - Text 'EtgPvdLN' is present on page 

2023-08-22 09:10:48 - [TEST_STEP][PASSED] - callTestCase(findTestCase("CommonMethods/close any pop up"), [:], OPTIONAL): Unable to call Test Case 'Test Cases/CommonMethods/close any pop up' (Root cause: com.kms.katalon.core.exception.StepFailedException: Call Test Case 'Test Cases/CommonMethods/close any pop up' failed
	at com.kms.katalon.core.keyword.builtin.CallTestCaseKeyword$_callTestCase_closure1.doCall(CallTestCaseKeyword.groovy:63)
	at com.kms.katalon.core.keyword.builtin.CallTestCaseKeyword$_callTestCase_closure1.call(CallTestCaseKeyword.groovy)
	at com.kms.katalon.core.keyword.internal.KeywordMain.runKeyword(KeywordMain.groovy:75)
	at com.kms.katalon.core.keyword.builtin.CallTestCaseKeyword.callTestCase(CallTestCaseKeyword.groovy:81)
	at com.kms.katalon.core.keyword.builtin.CallTestCaseKeyword.execute(CallTestCaseKeyword.groovy:44)
	at com.kms.katalon.core.keyword.internal.KeywordExecutor.executeKeywordForPlatform(KeywordExecutor.groovy:74)
	at com.kms.katalon.core.keyword.BuiltinKeywords.callTestCase(BuiltinKeywords.groovy:310)
	at create_new_CARD_OPC.run(create_new_CARD_OPC:58)
	at com.kms.katalon.core.main.ScriptEngine.run(ScriptEngine.java:194)
	at com.kms.katalon.core.main.ScriptEngine.runScriptAsRawText(ScriptEngine.java:119)
	at com.kms.katalon.core.main.TestCaseExecutor.runScript(TestCaseExecutor.java:448)
	at com.kms.katalon.core.main.TestCaseExecutor.doExecute(TestCaseExecutor.java:439)
	at com.kms.katalon.core.main.TestCaseExecutor.processExecutionPhase(TestCaseExecutor.java:418)
	at com.kms.katalon.core.main.TestCaseExecutor.accessMainPhase(TestCaseExecutor.java:410)
	at com.kms.katalon.core.main.TestCaseExecutor.execute(TestCaseExecutor.java:285)
	at com.kms.katalon.core.main.TestCaseMain.runTestCase(TestCaseMain.java:144)
	at com.kms.katalon.core.keyword.builtin.CallTestCaseKeyword$_callTestCase_closure1.doCall(CallTestCaseKeyword.groovy:59)
	at com.kms.katalon.core.keyword.builtin.CallTestCaseKeyword$_callTestCase_closure1.call(CallTestCaseKeyword.groovy)
	at com.kms.katalon.core.keyword.internal.KeywordMain.runKeyword(KeywordMain.groovy:75)
	at com.kms.katalon.core.keyword.builtin.CallTestCaseKeyword.callTestCase(CallTestCaseKeyword.groovy:81)
	at com.kms.katalon.core.keyword.builtin.CallTestCaseKeyword.execute(CallTestCaseKeyword.groovy:44)
	at com.kms.katalon.core.keyword.internal.KeywordExecutor.executeKeywordForPlatform(KeywordExecutor.groovy:74)
	at com.kms.katalon.core.keyword.BuiltinKeywords.callTestCase(BuiltinKeywords.groovy:310)
	at TS_SMOKE_SUITE_077.run(TS_SMOKE_SUITE_077:46)
	at com.kms.katalon.core.main.ScriptEngine.run(ScriptEngine.java:194)
	at com.kms.katalon.core.main.ScriptEngine.runScriptAsRawText(ScriptEngine.java:119)
	at com.kms.katalon.core.main.TestCaseExecutor.runScript(TestCaseExecutor.java:448)
	at com.kms.katalon.core.main.TestCaseExecutor.doExecute(TestCaseExecutor.java:439)
	at com.kms.katalon.core.main.TestCaseExecutor.processExecutionPhase(TestCaseExecutor.java:418)
	at com.kms.katalon.core.main.TestCaseExecutor.accessMainPhase(TestCaseExecutor.java:410)
	at com.kms.katalon.core.main.TestCaseExecutor.execute(TestCaseExecutor.java:285)
	at com.kms.katalon.core.common.CommonExecutor.accessTestCaseMainPhase(CommonExecutor.java:65)
	at com.kms.katalon.core.main.TestSuiteExecutor.accessTestSuiteMainPhase(TestSuiteExecutor.java:148)
	at com.kms.katalon.core.main.TestSuiteExecutor.execute(TestSuiteExecutor.java:106)
	at com.kms.katalon.core.main.TestCaseMain.startTestSuite(TestCaseMain.java:187)
	at com.kms.katalon.core.main.TestCaseMain$startTestSuite$0.call(Unknown Source)
	at TempTestSuite1692673207080.run(TempTestSuite1692673207080.groovy:36)
Caused by: com.kms.katalon.core.exception.StepFailedException: Unable to click on object 'Object Repository/OPCPage/close_popup_OPC'
	at com.kms.katalon.core.webui.keyword.internal.WebUIKeywordMain.stepFailed(WebUIKeywordMain.groovy:64)
	at com.kms.katalon.core.webui.keyword.internal.WebUIKeywordMain.runKeyword(WebUIKeywordMain.groovy:26)
	at com.kms.katalon.core.webui.keyword.builtin.ClickKeyword.click(ClickKeyword.groovy:74)
	at com.kms.katalon.core.webui.keyword.builtin.ClickKeyword.execute(ClickKeyword.groovy:40)
	at com.kms.katalon.core.keyword.internal.KeywordExecutor.executeKeywordForPlatform(KeywordExecutor.groovy:74)
	at com.kms.katalon.core.webui.keyword.WebUiBuiltInKeywords.click(WebUiBuiltInKeywords.groovy:620)
	at com.kms.katalon.core.webui.keyword.WebUiBuiltInKeywords$click$2.call(Unknown Source)
	at close any pop up.run(close any pop up:22)
	at com.kms.katalon.core.main.ScriptEngine.run(ScriptEngine.java:194)
	at com.kms.katalon.core.main.ScriptEngine.runScriptAsRawText(ScriptEngine.java:119)
	at com.kms.katalon.core.main.TestCaseExecutor.runScript(TestCaseExecutor.java:448)
	at com.kms.katalon.core.main.TestCaseExecutor.doExecute(TestCaseExecutor.java:439)
	at com.kms.katalon.core.main.TestCaseExecutor.processExecutionPhase(TestCaseExecutor.java:418)
	at com.kms.katalon.core.main.TestCaseExecutor.accessMainPhase(TestCaseExecutor.java:410)
	at com.kms.katalon.core.main.TestCaseExecutor.execute(TestCaseExecutor.java:285)
	at com.kms.katalon.core.main.TestCaseMain.runTestCase(TestCaseMain.java:144)
	at com.kms.katalon.core.keyword.builtin.CallTestCaseKeyword$_callTestCase_closure1.doCall(CallTestCaseKeyword.groovy:59)
	... 36 more
Caused by: org.openqa.selenium.ElementNotInteractableException: element not interactable
  (Session info: chrome=116.0.5845.97)
Build info: version: '3.141.59', revision: 'e82be7d358', time: '2018-11-14T08:25:53'
System info: host: 'DESKTOP-L51QJLB', ip: '172.22.45.95', os.name: 'Windows 10', os.arch: 'amd64', os.version: '10.0', java.version: '1.8.0_282'
Driver info: com.kms.katalon.selenium.driver.CChromeDriver
Capabilities {acceptInsecureCerts: false, browserName: chrome, browserVersion: 116.0.5845.97, chrome: {chromedriverVersion: 116.0.5845.96 (1a3918166880..., userDataDir: C:\Users\DELL\AppData\Local...}, fedcm:accounts: true, goog:chromeOptions: {debuggerAddress: localhost:60113}, javascriptEnabled: true, networkConnectionEnabled: false, pageLoadStrategy: normal, platform: WINDOWS, platformName: WINDOWS, proxy: Proxy(), setWindowRect: true, strictFileInteractability: false, timeouts: {implicit: 0, pageLoad: 300000, script: 30000}, unhandledPromptBehavior: dismiss and notify, webauthn:extension:credBlob: true, webauthn:extension:largeBlob: true, webauthn:extension:minPinLength: true, webauthn:extension:prf: true, webauthn:virtualAuthenticators: true}
Session ID: 201c7a0519b0c15c1384c0cc0b760a48
	at org.openqa.selenium.remote.http.W3CHttpResponseCodec.createException(W3CHttpResponseCodec.java:187)
	at org.openqa.selenium.remote.http.W3CHttpResponseCodec.decode(W3CHttpResponseCodec.java:122)
	at org.openqa.selenium.remote.http.W3CHttpResponseCodec.decode(W3CHttpResponseCodec.java:49)
	at org.openqa.selenium.remote.HttpCommandExecutor.execute(HttpCommandExecutor.java:158)
	at org.openqa.selenium.remote.service.DriverCommandExecutor.execute(DriverCommandExecutor.java:83)
	at org.openqa.selenium.remote.RemoteWebDriver.execute(RemoteWebDriver.java:552)
	at com.kms.katalon.selenium.driver.CChromeDriver.execute(CChromeDriver.java:19)
	at org.openqa.selenium.remote.RemoteWebElement.execute(RemoteWebElement.java:285)
	at org.openqa.selenium.remote.RemoteWebElement.click(RemoteWebElement.java:84)
	at org.openqa.selenium.support.events.EventFiringWebDriver$EventFiringWebElement.lambda$new$0(EventFiringWebDriver.java:404)
	at com.sun.proxy.$Proxy11.click(Unknown Source)
	at org.openqa.selenium.support.events.EventFiringWebDriver$EventFiringWebElement.click(EventFiringWebDriver.java:417)
	at org.openqa.selenium.WebElement$click.call(Unknown Source)
	at com.kms.katalon.core.webui.keyword.builtin.ClickKeyword.clickUntilSuccessWithTimeout(ClickKeyword.groovy:81)
	at com.kms.katalon.core.webui.keyword.builtin.ClickKeyword.clickUntilSuccessWithTimeout(ClickKeyword.groovy)
	at com.kms.katalon.core.webui.keyword.builtin.ClickKeyword$_click_closure1.doCall(ClickKeyword.groovy:67)
	at com.kms.katalon.core.webui.keyword.builtin.ClickKeyword$_click_closure1.call(ClickKeyword.groovy)
	at com.kms.katalon.core.webui.keyword.internal.WebUIKeywordMain.runKeyword(WebUIKeywordMain.groovy:20)
	... 51 more
)

2023-08-22 09:10:48 - [TEST_CASE][FAILED] - Test Cases/CommonMethods/close any pop up: Test Cases/CommonMethods/close any pop up FAILED.
Reason:
com.kms.katalon.core.exception.StepFailedException: Unable to click on object 'Object Repository/OPCPage/close_popup_OPC'
	at com.kms.katalon.core.webui.keyword.internal.WebUIKeywordMain.stepFailed(WebUIKeywordMain.groovy:64)
	at com.kms.katalon.core.webui.keyword.internal.WebUIKeywordMain.runKeyword(WebUIKeywordMain.groovy:26)
	at com.kms.katalon.core.webui.keyword.builtin.ClickKeyword.click(ClickKeyword.groovy:74)
	at com.kms.katalon.core.webui.keyword.builtin.ClickKeyword.execute(ClickKeyword.groovy:40)
	at com.kms.katalon.core.keyword.internal.KeywordExecutor.executeKeywordForPlatform(KeywordExecutor.groovy:74)
	at com.kms.katalon.core.webui.keyword.WebUiBuiltInKeywords.click(WebUiBuiltInKeywords.groovy:620)
	at com.kms.katalon.core.webui.keyword.WebUiBuiltInKeywords$click$2.call(Unknown Source)
	at close any pop up.run(close any pop up:22)
	at com.kms.katalon.core.main.ScriptEngine.run(ScriptEngine.java:194)
	at com.kms.katalon.core.main.ScriptEngine.runScriptAsRawText(ScriptEngine.java:119)
	at com.kms.katalon.core.main.TestCaseExecutor.runScript(TestCaseExecutor.java:448)
	at com.kms.katalon.core.main.TestCaseExecutor.doExecute(TestCaseExecutor.java:439)
	at com.kms.katalon.core.main.TestCaseExecutor.processExecutionPhase(TestCaseExecutor.java:418)
	at com.kms.katalon.core.main.TestCaseExecutor.accessMainPhase(TestCaseExecutor.java:410)
	at com.kms.katalon.core.main.TestCaseExecutor.execute(TestCaseExecutor.java:285)
	at com.kms.katalon.core.main.TestCaseMain.runTestCase(TestCaseMain.java:144)
	at com.kms.katalon.core.keyword.builtin.CallTestCaseKeyword$_callTestCase_closure1.doCall(CallTestCaseKeyword.groovy:59)
	at com.kms.katalon.core.keyword.builtin.CallTestCaseKeyword$_callTestCase_closure1.call(CallTestCaseKeyword.groovy)
	at com.kms.katalon.core.keyword.internal.KeywordMain.runKeyword(KeywordMain.groovy:75)
	at com.kms.katalon.core.keyword.builtin.CallTestCaseKeyword.callTestCase(CallTestCaseKeyword.groovy:81)
	at com.kms.katalon.core.keyword.builtin.CallTestCaseKeyword.execute(CallTestCaseKeyword.groovy:44)
	at com.kms.katalon.core.keyword.internal.KeywordExecutor.executeKeywordForPlatform(KeywordExecutor.groovy:74)
	at com.kms.katalon.core.keyword.BuiltinKeywords.callTestCase(BuiltinKeywords.groovy:310)
	at create_new_CARD_OPC.run(create_new_CARD_OPC:58)
	at com.kms.katalon.core.main.ScriptEngine.run(ScriptEngine.java:194)
	at com.kms.katalon.core.main.ScriptEngine.runScriptAsRawText(ScriptEngine.java:119)
	at com.kms.katalon.core.main.TestCaseExecutor.runScript(TestCaseExecutor.java:448)
	at com.kms.katalon.core.main.TestCaseExecutor.doExecute(TestCaseExecutor.java:439)
	at com.kms.katalon.core.main.TestCaseExecutor.processExecutionPhase(TestCaseExecutor.java:418)
	at com.kms.katalon.core.main.TestCaseExecutor.accessMainPhase(TestCaseExecutor.java:410)
	at com.kms.katalon.core.main.TestCaseExecutor.execute(TestCaseExecutor.java:285)
	at com.kms.katalon.core.main.TestCaseMain.runTestCase(TestCaseMain.java:144)
	at com.kms.katalon.core.keyword.builtin.CallTestCaseKeyword$_callTestCase_closure1.doCall(CallTestCaseKeyword.groovy:59)
	at com.kms.katalon.core.keyword.builtin.CallTestCaseKeyword$_callTestCase_closure1.call(CallTestCaseKeyword.groovy)
	at com.kms.katalon.core.keyword.internal.KeywordMain.runKeyword(KeywordMain.groovy:75)
	at com.kms.katalon.core.keyword.builtin.CallTestCaseKeyword.callTestCase(CallTestCaseKeyword.groovy:81)
	at com.kms.katalon.core.keyword.builtin.CallTestCaseKeyword.execute(CallTestCaseKeyword.groovy:44)
	at com.kms.katalon.core.keyword.internal.KeywordExecutor.executeKeywordForPlatform(KeywordExecutor.groovy:74)
	at com.kms.katalon.core.keyword.BuiltinKeywords.callTestCase(BuiltinKeywords.groovy:310)
	at TS_SMOKE_SUITE_077.run(TS_SMOKE_SUITE_077:46)
	at com.kms.katalon.core.main.ScriptEngine.run(ScriptEngine.java:194)
	at com.kms.katalon.core.main.ScriptEngine.runScriptAsRawText(ScriptEngine.java:119)
	at com.kms.katalon.core.main.TestCaseExecutor.runScript(TestCaseExecutor.java:448)
	at com.kms.katalon.core.main.TestCaseExecutor.doExecute(TestCaseExecutor.java:439)
	at com.kms.katalon.core.main.TestCaseExecutor.processExecutionPhase(TestCaseExecutor.java:418)
	at com.kms.katalon.core.main.TestCaseExecutor.accessMainPhase(TestCaseExecutor.java:410)
	at com.kms.katalon.core.main.TestCaseExecutor.execute(TestCaseExecutor.java:285)
	at com.kms.katalon.core.common.CommonExecutor.accessTestCaseMainPhase(CommonExecutor.java:65)
	at com.kms.katalon.core.main.TestSuiteExecutor.accessTestSuiteMainPhase(TestSuiteExecutor.java:148)
	at com.kms.katalon.core.main.TestSuiteExecutor.execute(TestSuiteExecutor.java:106)
	at com.kms.katalon.core.main.TestCaseMain.startTestSuite(TestCaseMain.java:187)
	at com.kms.katalon.core.main.TestCaseMain$startTestSuite$0.call(Unknown Source)
	at TempTestSuite1692673207080.run(TempTestSuite1692673207080.groovy:36)
Caused by: org.openqa.selenium.ElementNotInteractableException: element not interactable
  (Session info: chrome=116.0.5845.97)
Build info: version: '3.141.59', revision: 'e82be7d358', time: '2018-11-14T08:25:53'
System info: host: 'DESKTOP-L51QJLB', ip: '172.22.45.95', os.name: 'Windows 10', os.arch: 'amd64', os.version: '10.0', java.version: '1.8.0_282'
Driver info: com.kms.katalon.selenium.driver.CChromeDriver
Capabilities {acceptInsecureCerts: false, browserName: chrome, browserVersion: 116.0.5845.97, chrome: {chromedriverVersion: 116.0.5845.96 (1a3918166880..., userDataDir: C:\Users\DELL\AppData\Local...}, fedcm:accounts: true, goog:chromeOptions: {debuggerAddress: localhost:60113}, javascriptEnabled: true, networkConnectionEnabled: false, pageLoadStrategy: normal, platform: WINDOWS, platformName: WINDOWS, proxy: Proxy(), setWindowRect: true, strictFileInteractability: false, timeouts: {implicit: 0, pageLoad: 300000, script: 30000}, unhandledPromptBehavior: dismiss and notify, webauthn:extension:credBlob: true, webauthn:extension:largeBlob: true, webauthn:extension:minPinLength: true, webauthn:extension:prf: true, webauthn:virtualAuthenticators: true}
Session ID: 201c7a0519b0c15c1384c0cc0b760a48
	at org.openqa.selenium.remote.http.W3CHttpResponseCodec.createException(W3CHttpResponseCodec.java:187)
	at org.openqa.selenium.remote.http.W3CHttpResponseCodec.decode(W3CHttpResponseCodec.java:122)
	at org.openqa.selenium.remote.http.W3CHttpResponseCodec.decode(W3CHttpResponseCodec.java:49)
	at org.openqa.selenium.remote.HttpCommandExecutor.execute(HttpCommandExecutor.java:158)
	at org.openqa.selenium.remote.service.DriverCommandExecutor.execute(DriverCommandExecutor.java:83)
	at org.openqa.selenium.remote.RemoteWebDriver.execute(RemoteWebDriver.java:552)
	at com.kms.katalon.selenium.driver.CChromeDriver.execute(CChromeDriver.java:19)
	at org.openqa.selenium.remote.RemoteWebElement.execute(RemoteWebElement.java:285)
	at org.openqa.selenium.remote.RemoteWebElement.click(RemoteWebElement.java:84)
	at org.openqa.selenium.support.events.EventFiringWebDriver$EventFiringWebElement.lambda$new$0(EventFiringWebDriver.java:404)
	at com.sun.proxy.$Proxy11.click(Unknown Source)
	at org.openqa.selenium.support.events.EventFiringWebDriver$EventFiringWebElement.click(EventFiringWebDriver.java:417)
	at org.openqa.selenium.WebElement$click.call(Unknown Source)
	at com.kms.katalon.core.webui.keyword.builtin.ClickKeyword.clickUntilSuccessWithTimeout(ClickKeyword.groovy:81)
	at com.kms.katalon.core.webui.keyword.builtin.ClickKeyword.clickUntilSuccessWithTimeout(ClickKeyword.groovy)
	at com.kms.katalon.core.webui.keyword.builtin.ClickKeyword$_click_closure1.doCall(ClickKeyword.groovy:67)
	at com.kms.katalon.core.webui.keyword.builtin.ClickKeyword$_click_closure1.call(ClickKeyword.groovy)
	at com.kms.katalon.core.webui.keyword.internal.WebUIKeywordMain.runKeyword(WebUIKeywordMain.groovy:20)
	... 51 more


2023-08-22 09:10:48 - [TEST_STEP][PASSED] - click(findTestObject("OPCPage/close_popup_OPC")): Object: 'Object Repository/OPCPage/close_popup_OPC' is clicked on

2023-08-22 09:10:48 - [MESSAGE][PASSED] - Object: 'Object Repository/OPCPage/close_popup_OPC' is clicked on

2023-08-22 09:10:48 - [TEST_STEP][FAILED] - click(findTestObject("OPCPage/close_popup_OPC")): Unable to click on object 'Object Repository/OPCPage/close_popup_OPC' (Root cause: com.kms.katalon.core.exception.StepFailedException: Unable to click on object 'Object Repository/OPCPage/close_popup_OPC'
	at com.kms.katalon.core.webui.keyword.internal.WebUIKeywordMain.stepFailed(WebUIKeywordMain.groovy:64)
	at com.kms.katalon.core.webui.keyword.internal.WebUIKeywordMain.runKeyword(WebUIKeywordMain.groovy:26)
	at com.kms.katalon.core.webui.keyword.builtin.ClickKeyword.click(ClickKeyword.groovy:74)
	at com.kms.katalon.core.webui.keyword.builtin.ClickKeyword.execute(ClickKeyword.groovy:40)
	at com.kms.katalon.core.keyword.internal.KeywordExecutor.executeKeywordForPlatform(KeywordExecutor.groovy:74)
	at com.kms.katalon.core.webui.keyword.WebUiBuiltInKeywords.click(WebUiBuiltInKeywords.groovy:620)
	at com.kms.katalon.core.webui.keyword.WebUiBuiltInKeywords$click$2.call(Unknown Source)
	at close any pop up.run(close any pop up:22)
	at com.kms.katalon.core.main.ScriptEngine.run(ScriptEngine.java:194)
	at com.kms.katalon.core.main.ScriptEngine.runScriptAsRawText(ScriptEngine.java:119)
	at com.kms.katalon.core.main.TestCaseExecutor.runScript(TestCaseExecutor.java:448)
	at com.kms.katalon.core.main.TestCaseExecutor.doExecute(TestCaseExecutor.java:439)
	at com.kms.katalon.core.main.TestCaseExecutor.processExecutionPhase(TestCaseExecutor.java:418)
	at com.kms.katalon.core.main.TestCaseExecutor.accessMainPhase(TestCaseExecutor.java:410)
	at com.kms.katalon.core.main.TestCaseExecutor.execute(TestCaseExecutor.java:285)
	at com.kms.katalon.core.main.TestCaseMain.runTestCase(TestCaseMain.java:144)
	at com.kms.katalon.core.keyword.builtin.CallTestCaseKeyword$_callTestCase_closure1.doCall(CallTestCaseKeyword.groovy:59)
	at com.kms.katalon.core.keyword.builtin.CallTestCaseKeyword$_callTestCase_closure1.call(CallTestCaseKeyword.groovy)
	at com.kms.katalon.core.keyword.internal.KeywordMain.runKeyword(KeywordMain.groovy:75)
	at com.kms.katalon.core.keyword.builtin.CallTestCaseKeyword.callTestCase(CallTestCaseKeyword.groovy:81)
	at com.kms.katalon.core.keyword.builtin.CallTestCaseKeyword.execute(CallTestCaseKeyword.groovy:44)
	at com.kms.katalon.core.keyword.internal.KeywordExecutor.executeKeywordForPlatform(KeywordExecutor.groovy:74)
	at com.kms.katalon.core.keyword.BuiltinKeywords.callTestCase(BuiltinKeywords.groovy:310)
	at create_new_CARD_OPC.run(create_new_CARD_OPC:58)
	at com.kms.katalon.core.main.ScriptEngine.run(ScriptEngine.java:194)
	at com.kms.katalon.core.main.ScriptEngine.runScriptAsRawText(ScriptEngine.java:119)
	at com.kms.katalon.core.main.TestCaseExecutor.runScript(TestCaseExecutor.java:448)
	at com.kms.katalon.core.main.TestCaseExecutor.doExecute(TestCaseExecutor.java:439)
	at com.kms.katalon.core.main.TestCaseExecutor.processExecutionPhase(TestCaseExecutor.java:418)
	at com.kms.katalon.core.main.TestCaseExecutor.accessMainPhase(TestCaseExecutor.java:410)
	at com.kms.katalon.core.main.TestCaseExecutor.execute(TestCaseExecutor.java:285)
	at com.kms.katalon.core.main.TestCaseMain.runTestCase(TestCaseMain.java:144)
	at com.kms.katalon.core.keyword.builtin.CallTestCaseKeyword$_callTestCase_closure1.doCall(CallTestCaseKeyword.groovy:59)
	at com.kms.katalon.core.keyword.builtin.CallTestCaseKeyword$_callTestCase_closure1.call(CallTestCaseKeyword.groovy)
	at com.kms.katalon.core.keyword.internal.KeywordMain.runKeyword(KeywordMain.groovy:75)
	at com.kms.katalon.core.keyword.builtin.CallTestCaseKeyword.callTestCase(CallTestCaseKeyword.groovy:81)
	at com.kms.katalon.core.keyword.builtin.CallTestCaseKeyword.execute(CallTestCaseKeyword.groovy:44)
	at com.kms.katalon.core.keyword.internal.KeywordExecutor.executeKeywordForPlatform(KeywordExecutor.groovy:74)
	at com.kms.katalon.core.keyword.BuiltinKeywords.callTestCase(BuiltinKeywords.groovy:310)
	at TS_SMOKE_SUITE_077.run(TS_SMOKE_SUITE_077:46)
	at com.kms.katalon.core.main.ScriptEngine.run(ScriptEngine.java:194)
	at com.kms.katalon.core.main.ScriptEngine.runScriptAsRawText(ScriptEngine.java:119)
	at com.kms.katalon.core.main.TestCaseExecutor.runScript(TestCaseExecutor.java:448)
	at com.kms.katalon.core.main.TestCaseExecutor.doExecute(TestCaseExecutor.java:439)
	at com.kms.katalon.core.main.TestCaseExecutor.processExecutionPhase(TestCaseExecutor.java:418)
	at com.kms.katalon.core.main.TestCaseExecutor.accessMainPhase(TestCaseExecutor.java:410)
	at com.kms.katalon.core.main.TestCaseExecutor.execute(TestCaseExecutor.java:285)
	at com.kms.katalon.core.common.CommonExecutor.accessTestCaseMainPhase(CommonExecutor.java:65)
	at com.kms.katalon.core.main.TestSuiteExecutor.accessTestSuiteMainPhase(TestSuiteExecutor.java:148)
	at com.kms.katalon.core.main.TestSuiteExecutor.execute(TestSuiteExecutor.java:106)
	at com.kms.katalon.core.main.TestCaseMain.startTestSuite(TestCaseMain.java:187)
	at com.kms.katalon.core.main.TestCaseMain$startTestSuite$0.call(Unknown Source)
	at TempTestSuite1692673207080.run(TempTestSuite1692673207080.groovy:36)
Caused by: org.openqa.selenium.ElementNotInteractableException: element not interactable
  (Session info: chrome=116.0.5845.97)
Build info: version: '3.141.59', revision: 'e82be7d358', time: '2018-11-14T08:25:53'
System info: host: 'DESKTOP-L51QJLB', ip: '172.22.45.95', os.name: 'Windows 10', os.arch: 'amd64', os.version: '10.0', java.version: '1.8.0_282'
Driver info: com.kms.katalon.selenium.driver.CChromeDriver
Capabilities {acceptInsecureCerts: false, browserName: chrome, browserVersion: 116.0.5845.97, chrome: {chromedriverVersion: 116.0.5845.96 (1a3918166880..., userDataDir: C:\Users\DELL\AppData\Local...}, fedcm:accounts: true, goog:chromeOptions: {debuggerAddress: localhost:60113}, javascriptEnabled: true, networkConnectionEnabled: false, pageLoadStrategy: normal, platform: WINDOWS, platformName: WINDOWS, proxy: Proxy(), setWindowRect: true, strictFileInteractability: false, timeouts: {implicit: 0, pageLoad: 300000, script: 30000}, unhandledPromptBehavior: dismiss and notify, webauthn:extension:credBlob: true, webauthn:extension:largeBlob: true, webauthn:extension:minPinLength: true, webauthn:extension:prf: true, webauthn:virtualAuthenticators: true}
Session ID: 201c7a0519b0c15c1384c0cc0b760a48
	at org.openqa.selenium.remote.http.W3CHttpResponseCodec.createException(W3CHttpResponseCodec.java:187)
	at org.openqa.selenium.remote.http.W3CHttpResponseCodec.decode(W3CHttpResponseCodec.java:122)
	at org.openqa.selenium.remote.http.W3CHttpResponseCodec.decode(W3CHttpResponseCodec.java:49)
	at org.openqa.selenium.remote.HttpCommandExecutor.execute(HttpCommandExecutor.java:158)
	at org.openqa.selenium.remote.service.DriverCommandExecutor.execute(DriverCommandExecutor.java:83)
	at org.openqa.selenium.remote.RemoteWebDriver.execute(RemoteWebDriver.java:552)
	at com.kms.katalon.selenium.driver.CChromeDriver.execute(CChromeDriver.java:19)
	at org.openqa.selenium.remote.RemoteWebElement.execute(RemoteWebElement.java:285)
	at org.openqa.selenium.remote.RemoteWebElement.click(RemoteWebElement.java:84)
	at org.openqa.selenium.support.events.EventFiringWebDriver$EventFiringWebElement.lambda$new$0(EventFiringWebDriver.java:404)
	at com.sun.proxy.$Proxy11.click(Unknown Source)
	at org.openqa.selenium.support.events.EventFiringWebDriver$EventFiringWebElement.click(EventFiringWebDriver.java:417)
	at org.openqa.selenium.WebElement$click.call(Unknown Source)
	at com.kms.katalon.core.webui.keyword.builtin.ClickKeyword.clickUntilSuccessWithTimeout(ClickKeyword.groovy:81)
	at com.kms.katalon.core.webui.keyword.builtin.ClickKeyword.clickUntilSuccessWithTimeout(ClickKeyword.groovy)
	at com.kms.katalon.core.webui.keyword.builtin.ClickKeyword$_click_closure1.doCall(ClickKeyword.groovy:67)
	at com.kms.katalon.core.webui.keyword.builtin.ClickKeyword$_click_closure1.call(ClickKeyword.groovy)
	at com.kms.katalon.core.webui.keyword.internal.WebUIKeywordMain.runKeyword(WebUIKeywordMain.groovy:20)
	at com.kms.katalon.core.webui.keyword.builtin.ClickKeyword.click(ClickKeyword.groovy:74)
	at com.kms.katalon.core.webui.keyword.builtin.ClickKeyword.execute(ClickKeyword.groovy:40)
	at com.kms.katalon.core.keyword.internal.KeywordExecutor.executeKeywordForPlatform(KeywordExecutor.groovy:74)
	at com.kms.katalon.core.webui.keyword.WebUiBuiltInKeywords.click(WebUiBuiltInKeywords.groovy:620)
	at com.kms.katalon.core.webui.keyword.WebUiBuiltInKeywords$click$2.call(Unknown Source)
	at Script1684135793852.run(Script1684135793852.groovy:22)
	at com.kms.katalon.core.main.ScriptEngine.run(ScriptEngine.java:194)
	at com.kms.katalon.core.main.ScriptEngine.runScriptAsRawText(ScriptEngine.java:119)
	at com.kms.katalon.core.main.TestCaseExecutor.runScript(TestCaseExecutor.java:448)
	at com.kms.katalon.core.main.TestCaseExecutor.doExecute(TestCaseExecutor.java:439)
	at com.kms.katalon.core.main.TestCaseExecutor.processExecutionPhase(TestCaseExecutor.java:418)
	at com.kms.katalon.core.main.TestCaseExecutor.accessMainPhase(TestCaseExecutor.java:410)
	at com.kms.katalon.core.main.TestCaseExecutor.execute(TestCaseExecutor.java:285)
	at com.kms.katalon.core.main.TestCaseMain.runTestCase(TestCaseMain.java:144)
	at com.kms.katalon.core.keyword.builtin.CallTestCaseKeyword$_callTestCase_closure1.doCall(CallTestCaseKeyword.groovy:59)
	at com.kms.katalon.core.keyword.builtin.CallTestCaseKeyword$_callTestCase_closure1.call(CallTestCaseKeyword.groovy)
	at com.kms.katalon.core.keyword.internal.KeywordMain.runKeyword(KeywordMain.groovy:75)
	at com.kms.katalon.core.keyword.builtin.CallTestCaseKeyword.callTestCase(CallTestCaseKeyword.groovy:81)
	at com.kms.katalon.core.keyword.builtin.CallTestCaseKeyword.execute(CallTestCaseKeyword.groovy:44)
	at com.kms.katalon.core.keyword.internal.KeywordExecutor.executeKeywordForPlatform(KeywordExecutor.groovy:74)
	at com.kms.katalon.core.keyword.BuiltinKeywords.callTestCase(BuiltinKeywords.groovy:310)
	at Script1684101683596.run(Script1684101683596.groovy:58)
	at com.kms.katalon.core.main.ScriptEngine.run(ScriptEngine.java:194)
	at com.kms.katalon.core.main.ScriptEngine.runScriptAsRawText(ScriptEngine.java:119)
	at com.kms.katalon.core.main.TestCaseExecutor.runScript(TestCaseExecutor.java:448)
	at com.kms.katalon.core.main.TestCaseExecutor.doExecute(TestCaseExecutor.java:439)
	at com.kms.katalon.core.main.TestCaseExecutor.processExecutionPhase(TestCaseExecutor.java:418)
	at com.kms.katalon.core.main.TestCaseExecutor.accessMainPhase(TestCaseExecutor.java:410)
	at com.kms.katalon.core.main.TestCaseExecutor.execute(TestCaseExecutor.java:285)
	at com.kms.katalon.core.main.TestCaseMain.runTestCase(TestCaseMain.java:144)
	at com.kms.katalon.core.keyword.builtin.CallTestCaseKeyword$_callTestCase_closure1.doCall(CallTestCaseKeyword.groovy:59)
	at com.kms.katalon.core.keyword.builtin.CallTestCaseKeyword$_callTestCase_closure1.call(CallTestCaseKeyword.groovy)
	at com.kms.katalon.core.keyword.internal.KeywordMain.runKeyword(KeywordMain.groovy:75)
	at com.kms.katalon.core.keyword.builtin.CallTestCaseKeyword.callTestCase(CallTestCaseKeyword.groovy:81)
	at com.kms.katalon.core.keyword.builtin.CallTestCaseKeyword.execute(CallTestCaseKeyword.groovy:44)
	at com.kms.katalon.core.keyword.internal.KeywordExecutor.executeKeywordForPlatform(KeywordExecutor.groovy:74)
	at com.kms.katalon.core.keyword.BuiltinKeywords.callTestCase(BuiltinKeywords.groovy:310)
	at Script1691525490171.run(Script1691525490171.groovy:46)
	... 13 more
)

2023-08-22 09:10:49 - [MESSAGE][FAILED] - Unable to click on object 'Object Repository/OPCPage/close_popup_OPC' (Root cause: com.kms.katalon.core.exception.StepFailedException: Unable to click on object 'Object Repository/OPCPage/close_popup_OPC'
	at com.kms.katalon.core.webui.keyword.internal.WebUIKeywordMain.stepFailed(WebUIKeywordMain.groovy:64)
	at com.kms.katalon.core.webui.keyword.internal.WebUIKeywordMain.runKeyword(WebUIKeywordMain.groovy:26)
	at com.kms.katalon.core.webui.keyword.builtin.ClickKeyword.click(ClickKeyword.groovy:74)
	at com.kms.katalon.core.webui.keyword.builtin.ClickKeyword.execute(ClickKeyword.groovy:40)
	at com.kms.katalon.core.keyword.internal.KeywordExecutor.executeKeywordForPlatform(KeywordExecutor.groovy:74)
	at com.kms.katalon.core.webui.keyword.WebUiBuiltInKeywords.click(WebUiBuiltInKeywords.groovy:620)
	at com.kms.katalon.core.webui.keyword.WebUiBuiltInKeywords$click$2.call(Unknown Source)
	at close any pop up.run(close any pop up:22)
	at com.kms.katalon.core.main.ScriptEngine.run(ScriptEngine.java:194)
	at com.kms.katalon.core.main.ScriptEngine.runScriptAsRawText(ScriptEngine.java:119)
	at com.kms.katalon.core.main.TestCaseExecutor.runScript(TestCaseExecutor.java:448)
	at com.kms.katalon.core.main.TestCaseExecutor.doExecute(TestCaseExecutor.java:439)
	at com.kms.katalon.core.main.TestCaseExecutor.processExecutionPhase(TestCaseExecutor.java:418)
	at com.kms.katalon.core.main.TestCaseExecutor.accessMainPhase(TestCaseExecutor.java:410)
	at com.kms.katalon.core.main.TestCaseExecutor.execute(TestCaseExecutor.java:285)
	at com.kms.katalon.core.main.TestCaseMain.runTestCase(TestCaseMain.java:144)
	at com.kms.katalon.core.keyword.builtin.CallTestCaseKeyword$_callTestCase_closure1.doCall(CallTestCaseKeyword.groovy:59)
	at com.kms.katalon.core.keyword.builtin.CallTestCaseKeyword$_callTestCase_closure1.call(CallTestCaseKeyword.groovy)
	at com.kms.katalon.core.keyword.internal.KeywordMain.runKeyword(KeywordMain.groovy:75)
	at com.kms.katalon.core.keyword.builtin.CallTestCaseKeyword.callTestCase(CallTestCaseKeyword.groovy:81)
	at com.kms.katalon.core.keyword.builtin.CallTestCaseKeyword.execute(CallTestCaseKeyword.groovy:44)
	at com.kms.katalon.core.keyword.internal.KeywordExecutor.executeKeywordForPlatform(KeywordExecutor.groovy:74)
	at com.kms.katalon.core.keyword.BuiltinKeywords.callTestCase(BuiltinKeywords.groovy:310)
	at create_new_CARD_OPC.run(create_new_CARD_OPC:58)
	at com.kms.katalon.core.main.ScriptEngine.run(ScriptEngine.java:194)
	at com.kms.katalon.core.main.ScriptEngine.runScriptAsRawText(ScriptEngine.java:119)
	at com.kms.katalon.core.main.TestCaseExecutor.runScript(TestCaseExecutor.java:448)
	at com.kms.katalon.core.main.TestCaseExecutor.doExecute(TestCaseExecutor.java:439)
	at com.kms.katalon.core.main.TestCaseExecutor.processExecutionPhase(TestCaseExecutor.java:418)
	at com.kms.katalon.core.main.TestCaseExecutor.accessMainPhase(TestCaseExecutor.java:410)
	at com.kms.katalon.core.main.TestCaseExecutor.execute(TestCaseExecutor.java:285)
	at com.kms.katalon.core.main.TestCaseMain.runTestCase(TestCaseMain.java:144)
	at com.kms.katalon.core.keyword.builtin.CallTestCaseKeyword$_callTestCase_closure1.doCall(CallTestCaseKeyword.groovy:59)
	at com.kms.katalon.core.keyword.builtin.CallTestCaseKeyword$_callTestCase_closure1.call(CallTestCaseKeyword.groovy)
	at com.kms.katalon.core.keyword.internal.KeywordMain.runKeyword(KeywordMain.groovy:75)
	at com.kms.katalon.core.keyword.builtin.CallTestCaseKeyword.callTestCase(CallTestCaseKeyword.groovy:81)
	at com.kms.katalon.core.keyword.builtin.CallTestCaseKeyword.execute(CallTestCaseKeyword.groovy:44)
	at com.kms.katalon.core.keyword.internal.KeywordExecutor.executeKeywordForPlatform(KeywordExecutor.groovy:74)
	at com.kms.katalon.core.keyword.BuiltinKeywords.callTestCase(BuiltinKeywords.groovy:310)
	at TS_SMOKE_SUITE_077.run(TS_SMOKE_SUITE_077:46)
	at com.kms.katalon.core.main.ScriptEngine.run(ScriptEngine.java:194)
	at com.kms.katalon.core.main.ScriptEngine.runScriptAsRawText(ScriptEngine.java:119)
	at com.kms.katalon.core.main.TestCaseExecutor.runScript(TestCaseExecutor.java:448)
	at com.kms.katalon.core.main.TestCaseExecutor.doExecute(TestCaseExecutor.java:439)
	at com.kms.katalon.core.main.TestCaseExecutor.processExecutionPhase(TestCaseExecutor.java:418)
	at com.kms.katalon.core.main.TestCaseExecutor.accessMainPhase(TestCaseExecutor.java:410)
	at com.kms.katalon.core.main.TestCaseExecutor.execute(TestCaseExecutor.java:285)
	at com.kms.katalon.core.common.CommonExecutor.accessTestCaseMainPhase(CommonExecutor.java:65)
	at com.kms.katalon.core.main.TestSuiteExecutor.accessTestSuiteMainPhase(TestSuiteExecutor.java:148)
	at com.kms.katalon.core.main.TestSuiteExecutor.execute(TestSuiteExecutor.java:106)
	at com.kms.katalon.core.main.TestCaseMain.startTestSuite(TestCaseMain.java:187)
	at com.kms.katalon.core.main.TestCaseMain$startTestSuite$0.call(Unknown Source)
	at TempTestSuite1692673207080.run(TempTestSuite1692673207080.groovy:36)
Caused by: org.openqa.selenium.ElementNotInteractableException: element not interactable
  (Session info: chrome=116.0.5845.97)
Build info: version: '3.141.59', revision: 'e82be7d358', time: '2018-11-14T08:25:53'
System info: host: 'DESKTOP-L51QJLB', ip: '172.22.45.95', os.name: 'Windows 10', os.arch: 'amd64', os.version: '10.0', java.version: '1.8.0_282'
Driver info: com.kms.katalon.selenium.driver.CChromeDriver
Capabilities {acceptInsecureCerts: false, browserName: chrome, browserVersion: 116.0.5845.97, chrome: {chromedriverVersion: 116.0.5845.96 (1a3918166880..., userDataDir: C:\Users\DELL\AppData\Local...}, fedcm:accounts: true, goog:chromeOptions: {debuggerAddress: localhost:60113}, javascriptEnabled: true, networkConnectionEnabled: false, pageLoadStrategy: normal, platform: WINDOWS, platformName: WINDOWS, proxy: Proxy(), setWindowRect: true, strictFileInteractability: false, timeouts: {implicit: 0, pageLoad: 300000, script: 30000}, unhandledPromptBehavior: dismiss and notify, webauthn:extension:credBlob: true, webauthn:extension:largeBlob: true, webauthn:extension:minPinLength: true, webauthn:extension:prf: true, webauthn:virtualAuthenticators: true}
Session ID: 201c7a0519b0c15c1384c0cc0b760a48
	at org.openqa.selenium.remote.http.W3CHttpResponseCodec.createException(W3CHttpResponseCodec.java:187)
	at org.openqa.selenium.remote.http.W3CHttpResponseCodec.decode(W3CHttpResponseCodec.java:122)
	at org.openqa.selenium.remote.http.W3CHttpResponseCodec.decode(W3CHttpResponseCodec.java:49)
	at org.openqa.selenium.remote.HttpCommandExecutor.execute(HttpCommandExecutor.java:158)
	at org.openqa.selenium.remote.service.DriverCommandExecutor.execute(DriverCommandExecutor.java:83)
	at org.openqa.selenium.remote.RemoteWebDriver.execute(RemoteWebDriver.java:552)
	at com.kms.katalon.selenium.driver.CChromeDriver.execute(CChromeDriver.java:19)
	at org.openqa.selenium.remote.RemoteWebElement.execute(RemoteWebElement.java:285)
	at org.openqa.selenium.remote.RemoteWebElement.click(RemoteWebElement.java:84)
	at org.openqa.selenium.support.events.EventFiringWebDriver$EventFiringWebElement.lambda$new$0(EventFiringWebDriver.java:404)
	at com.sun.proxy.$Proxy11.click(Unknown Source)
	at org.openqa.selenium.support.events.EventFiringWebDriver$EventFiringWebElement.click(EventFiringWebDriver.java:417)
	at org.openqa.selenium.WebElement$click.call(Unknown Source)
	at com.kms.katalon.core.webui.keyword.builtin.ClickKeyword.clickUntilSuccessWithTimeout(ClickKeyword.groovy:81)
	at com.kms.katalon.core.webui.keyword.builtin.ClickKeyword.clickUntilSuccessWithTimeout(ClickKeyword.groovy)
	at com.kms.katalon.core.webui.keyword.builtin.ClickKeyword$_click_closure1.doCall(ClickKeyword.groovy:67)
	at com.kms.katalon.core.webui.keyword.builtin.ClickKeyword$_click_closure1.call(ClickKeyword.groovy)
	at com.kms.katalon.core.webui.keyword.internal.WebUIKeywordMain.runKeyword(WebUIKeywordMain.groovy:20)
	at com.kms.katalon.core.webui.keyword.builtin.ClickKeyword.click(ClickKeyword.groovy:74)
	at com.kms.katalon.core.webui.keyword.builtin.ClickKeyword.execute(ClickKeyword.groovy:40)
	at com.kms.katalon.core.keyword.internal.KeywordExecutor.executeKeywordForPlatform(KeywordExecutor.groovy:74)
	at com.kms.katalon.core.webui.keyword.WebUiBuiltInKeywords.click(WebUiBuiltInKeywords.groovy:620)
	at com.kms.katalon.core.webui.keyword.WebUiBuiltInKeywords$click$2.call(Unknown Source)
	at Script1684135793852.run(Script1684135793852.groovy:22)
	at com.kms.katalon.core.main.ScriptEngine.run(ScriptEngine.java:194)
	at com.kms.katalon.core.main.ScriptEngine.runScriptAsRawText(ScriptEngine.java:119)
	at com.kms.katalon.core.main.TestCaseExecutor.runScript(TestCaseExecutor.java:448)
	at com.kms.katalon.core.main.TestCaseExecutor.doExecute(TestCaseExecutor.java:439)
	at com.kms.katalon.core.main.TestCaseExecutor.processExecutionPhase(TestCaseExecutor.java:418)
	at com.kms.katalon.core.main.TestCaseExecutor.accessMainPhase(TestCaseExecutor.java:410)
	at com.kms.katalon.core.main.TestCaseExecutor.execute(TestCaseExecutor.java:285)
	at com.kms.katalon.core.main.TestCaseMain.runTestCase(TestCaseMain.java:144)
	at com.kms.katalon.core.keyword.builtin.CallTestCaseKeyword$_callTestCase_closure1.doCall(CallTestCaseKeyword.groovy:59)
	at com.kms.katalon.core.keyword.builtin.CallTestCaseKeyword$_callTestCase_closure1.call(CallTestCaseKeyword.groovy)
	at com.kms.katalon.core.keyword.internal.KeywordMain.runKeyword(KeywordMain.groovy:75)
	at com.kms.katalon.core.keyword.builtin.CallTestCaseKeyword.callTestCase(CallTestCaseKeyword.groovy:81)
	at com.kms.katalon.core.keyword.builtin.CallTestCaseKeyword.execute(CallTestCaseKeyword.groovy:44)
	at com.kms.katalon.core.keyword.internal.KeywordExecutor.executeKeywordForPlatform(KeywordExecutor.groovy:74)
	at com.kms.katalon.core.keyword.BuiltinKeywords.callTestCase(BuiltinKeywords.groovy:310)
	at Script1684101683596.run(Script1684101683596.groovy:58)
	at com.kms.katalon.core.main.ScriptEngine.run(ScriptEngine.java:194)
	at com.kms.katalon.core.main.ScriptEngine.runScriptAsRawText(ScriptEngine.java:119)
	at com.kms.katalon.core.main.TestCaseExecutor.runScript(TestCaseExecutor.java:448)
	at com.kms.katalon.core.main.TestCaseExecutor.doExecute(TestCaseExecutor.java:439)
	at com.kms.katalon.core.main.TestCaseExecutor.processExecutionPhase(TestCaseExecutor.java:418)
	at com.kms.katalon.core.main.TestCaseExecutor.accessMainPhase(TestCaseExecutor.java:410)
	at com.kms.katalon.core.main.TestCaseExecutor.execute(TestCaseExecutor.java:285)
	at com.kms.katalon.core.main.TestCaseMain.runTestCase(TestCaseMain.java:144)
	at com.kms.katalon.core.keyword.builtin.CallTestCaseKeyword$_callTestCase_closure1.doCall(CallTestCaseKeyword.groovy:59)
	at com.kms.katalon.core.keyword.builtin.CallTestCaseKeyword$_callTestCase_closure1.call(CallTestCaseKeyword.groovy)
	at com.kms.katalon.core.keyword.internal.KeywordMain.runKeyword(KeywordMain.groovy:75)
	at com.kms.katalon.core.keyword.builtin.CallTestCaseKeyword.callTestCase(CallTestCaseKeyword.groovy:81)
	at com.kms.katalon.core.keyword.builtin.CallTestCaseKeyword.execute(CallTestCaseKeyword.groovy:44)
	at com.kms.katalon.core.keyword.internal.KeywordExecutor.executeKeywordForPlatform(KeywordExecutor.groovy:74)
	at com.kms.katalon.core.keyword.BuiltinKeywords.callTestCase(BuiltinKeywords.groovy:310)
	at Script1691525490171.run(Script1691525490171.groovy:46)
	... 13 more
)
[[ATTACHMENT|D:\\backup\\LiverpoolProject_SmokeSuite\\Reports\\20230822_083007\\SmokeSuite_AllModules\\20230822_083007\\1692675649112.png]]

2023-08-22 09:10:49 - [MESSAGE][WARNING] - Unable to call Test Case 'Test Cases/CommonMethods/close any pop up' (Root cause: com.kms.katalon.core.exception.StepFailedException: Call Test Case 'Test Cases/CommonMethods/close any pop up' failed
	at com.kms.katalon.core.keyword.builtin.CallTestCaseKeyword$_callTestCase_closure1.doCall(CallTestCaseKeyword.groovy:63)
	at com.kms.katalon.core.keyword.builtin.CallTestCaseKeyword$_callTestCase_closure1.call(CallTestCaseKeyword.groovy)
	at com.kms.katalon.core.keyword.internal.KeywordMain.runKeyword(KeywordMain.groovy:75)
	at com.kms.katalon.core.keyword.builtin.CallTestCaseKeyword.callTestCase(CallTestCaseKeyword.groovy:81)
	at com.kms.katalon.core.keyword.builtin.CallTestCaseKeyword.execute(CallTestCaseKeyword.groovy:44)
	at com.kms.katalon.core.keyword.internal.KeywordExecutor.executeKeywordForPlatform(KeywordExecutor.groovy:74)
	at com.kms.katalon.core.keyword.BuiltinKeywords.callTestCase(BuiltinKeywords.groovy:310)
	at create_new_CARD_OPC.run(create_new_CARD_OPC:58)
	at com.kms.katalon.core.main.ScriptEngine.run(ScriptEngine.java:194)
	at com.kms.katalon.core.main.ScriptEngine.runScriptAsRawText(ScriptEngine.java:119)
	at com.kms.katalon.core.main.TestCaseExecutor.runScript(TestCaseExecutor.java:448)
	at com.kms.katalon.core.main.TestCaseExecutor.doExecute(TestCaseExecutor.java:439)
	at com.kms.katalon.core.main.TestCaseExecutor.processExecutionPhase(TestCaseExecutor.java:418)
	at com.kms.katalon.core.main.TestCaseExecutor.accessMainPhase(TestCaseExecutor.java:410)
	at com.kms.katalon.core.main.TestCaseExecutor.execute(TestCaseExecutor.java:285)
	at com.kms.katalon.core.main.TestCaseMain.runTestCase(TestCaseMain.java:144)
	at com.kms.katalon.core.keyword.builtin.CallTestCaseKeyword$_callTestCase_closure1.doCall(CallTestCaseKeyword.groovy:59)
	at com.kms.katalon.core.keyword.builtin.CallTestCaseKeyword$_callTestCase_closure1.call(CallTestCaseKeyword.groovy)
	at com.kms.katalon.core.keyword.internal.KeywordMain.runKeyword(KeywordMain.groovy:75)
	at com.kms.katalon.core.keyword.builtin.CallTestCaseKeyword.callTestCase(CallTestCaseKeyword.groovy:81)
	at com.kms.katalon.core.keyword.builtin.CallTestCaseKeyword.execute(CallTestCaseKeyword.groovy:44)
	at com.kms.katalon.core.keyword.internal.KeywordExecutor.executeKeywordForPlatform(KeywordExecutor.groovy:74)
	at com.kms.katalon.core.keyword.BuiltinKeywords.callTestCase(BuiltinKeywords.groovy:310)
	at TS_SMOKE_SUITE_077.run(TS_SMOKE_SUITE_077:46)
	at com.kms.katalon.core.main.ScriptEngine.run(ScriptEngine.java:194)
	at com.kms.katalon.core.main.ScriptEngine.runScriptAsRawText(ScriptEngine.java:119)
	at com.kms.katalon.core.main.TestCaseExecutor.runScript(TestCaseExecutor.java:448)
	at com.kms.katalon.core.main.TestCaseExecutor.doExecute(TestCaseExecutor.java:439)
	at com.kms.katalon.core.main.TestCaseExecutor.processExecutionPhase(TestCaseExecutor.java:418)
	at com.kms.katalon.core.main.TestCaseExecutor.accessMainPhase(TestCaseExecutor.java:410)
	at com.kms.katalon.core.main.TestCaseExecutor.execute(TestCaseExecutor.java:285)
	at com.kms.katalon.core.common.CommonExecutor.accessTestCaseMainPhase(CommonExecutor.java:65)
	at com.kms.katalon.core.main.TestSuiteExecutor.accessTestSuiteMainPhase(TestSuiteExecutor.java:148)
	at com.kms.katalon.core.main.TestSuiteExecutor.execute(TestSuiteExecutor.java:106)
	at com.kms.katalon.core.main.TestCaseMain.startTestSuite(TestCaseMain.java:187)
	at com.kms.katalon.core.main.TestCaseMain$startTestSuite$0.call(Unknown Source)
	at TempTestSuite1692673207080.run(TempTestSuite1692673207080.groovy:36)
Caused by: com.kms.katalon.core.exception.StepFailedException: Unable to click on object 'Object Repository/OPCPage/close_popup_OPC'
	at com.kms.katalon.core.webui.keyword.internal.WebUIKeywordMain.stepFailed(WebUIKeywordMain.groovy:64)
	at com.kms.katalon.core.webui.keyword.internal.WebUIKeywordMain.runKeyword(WebUIKeywordMain.groovy:26)
	at com.kms.katalon.core.webui.keyword.builtin.ClickKeyword.click(ClickKeyword.groovy:74)
	at com.kms.katalon.core.webui.keyword.builtin.ClickKeyword.execute(ClickKeyword.groovy:40)
	at com.kms.katalon.core.keyword.internal.KeywordExecutor.executeKeywordForPlatform(KeywordExecutor.groovy:74)
	at com.kms.katalon.core.webui.keyword.WebUiBuiltInKeywords.click(WebUiBuiltInKeywords.groovy:620)
	at com.kms.katalon.core.webui.keyword.WebUiBuiltInKeywords$click$2.call(Unknown Source)
	at close any pop up.run(close any pop up:22)
	at com.kms.katalon.core.main.ScriptEngine.run(ScriptEngine.java:194)
	at com.kms.katalon.core.main.ScriptEngine.runScriptAsRawText(ScriptEngine.java:119)
	at com.kms.katalon.core.main.TestCaseExecutor.runScript(TestCaseExecutor.java:448)
	at com.kms.katalon.core.main.TestCaseExecutor.doExecute(TestCaseExecutor.java:439)
	at com.kms.katalon.core.main.TestCaseExecutor.processExecutionPhase(TestCaseExecutor.java:418)
	at com.kms.katalon.core.main.TestCaseExecutor.accessMainPhase(TestCaseExecutor.java:410)
	at com.kms.katalon.core.main.TestCaseExecutor.execute(TestCaseExecutor.java:285)
	at com.kms.katalon.core.main.TestCaseMain.runTestCase(TestCaseMain.java:144)
	at com.kms.katalon.core.keyword.builtin.CallTestCaseKeyword$_callTestCase_closure1.doCall(CallTestCaseKeyword.groovy:59)
	... 36 more
Caused by: org.openqa.selenium.ElementNotInteractableException: element not interactable
  (Session info: chrome=116.0.5845.97)
Build info: version: '3.141.59', revision: 'e82be7d358', time: '2018-11-14T08:25:53'
System info: host: 'DESKTOP-L51QJLB', ip: '172.22.45.95', os.name: 'Windows 10', os.arch: 'amd64', os.version: '10.0', java.version: '1.8.0_282'
Driver info: com.kms.katalon.selenium.driver.CChromeDriver
Capabilities {acceptInsecureCerts: false, browserName: chrome, browserVersion: 116.0.5845.97, chrome: {chromedriverVersion: 116.0.5845.96 (1a3918166880..., userDataDir: C:\Users\DELL\AppData\Local...}, fedcm:accounts: true, goog:chromeOptions: {debuggerAddress: localhost:60113}, javascriptEnabled: true, networkConnectionEnabled: false, pageLoadStrategy: normal, platform: WINDOWS, platformName: WINDOWS, proxy: Proxy(), setWindowRect: true, strictFileInteractability: false, timeouts: {implicit: 0, pageLoad: 300000, script: 30000}, unhandledPromptBehavior: dismiss and notify, webauthn:extension:credBlob: true, webauthn:extension:largeBlob: true, webauthn:extension:minPinLength: true, webauthn:extension:prf: true, webauthn:virtualAuthenticators: true}
Session ID: 201c7a0519b0c15c1384c0cc0b760a48
	at org.openqa.selenium.remote.http.W3CHttpResponseCodec.createException(W3CHttpResponseCodec.java:187)
	at org.openqa.selenium.remote.http.W3CHttpResponseCodec.decode(W3CHttpResponseCodec.java:122)
	at org.openqa.selenium.remote.http.W3CHttpResponseCodec.decode(W3CHttpResponseCodec.java:49)
	at org.openqa.selenium.remote.HttpCommandExecutor.execute(HttpCommandExecutor.java:158)
	at org.openqa.selenium.remote.service.DriverCommandExecutor.execute(DriverCommandExecutor.java:83)
	at org.openqa.selenium.remote.RemoteWebDriver.execute(RemoteWebDriver.java:552)
	at com.kms.katalon.selenium.driver.CChromeDriver.execute(CChromeDriver.java:19)
	at org.openqa.selenium.remote.RemoteWebElement.execute(RemoteWebElement.java:285)
	at org.openqa.selenium.remote.RemoteWebElement.click(RemoteWebElement.java:84)
	at org.openqa.selenium.support.events.EventFiringWebDriver$EventFiringWebElement.lambda$new$0(EventFiringWebDriver.java:404)
	at com.sun.proxy.$Proxy11.click(Unknown Source)
	at org.openqa.selenium.support.events.EventFiringWebDriver$EventFiringWebElement.click(EventFiringWebDriver.java:417)
	at org.openqa.selenium.WebElement$click.call(Unknown Source)
	at com.kms.katalon.core.webui.keyword.builtin.ClickKeyword.clickUntilSuccessWithTimeout(ClickKeyword.groovy:81)
	at com.kms.katalon.core.webui.keyword.builtin.ClickKeyword.clickUntilSuccessWithTimeout(ClickKeyword.groovy)
	at com.kms.katalon.core.webui.keyword.builtin.ClickKeyword$_click_closure1.doCall(ClickKeyword.groovy:67)
	at com.kms.katalon.core.webui.keyword.builtin.ClickKeyword$_click_closure1.call(ClickKeyword.groovy)
	at com.kms.katalon.core.webui.keyword.internal.WebUIKeywordMain.runKeyword(WebUIKeywordMain.groovy:20)
	... 51 more
)

2023-08-22 09:10:49 - [MESSAGE][PASSED] - Call Test Case 'Test Cases/CommonMethods/create_new_CARD_OPC' successfully

2023-08-22 09:10:49 - [TEST_STEP][PASSED] - closeBrowser(): Browser is closed

2023-08-22 09:10:50 - [MESSAGE][PASSED] - Browser is closed]]></system-out>
         <system-err><![CDATA[]]></system-err>
      </testcase>
      <testcase name="Test Cases/Checkout/TS_SMOKE_SUITE_078" time="192.689" classname="Test Cases/Checkout/TS_SMOKE_SUITE_078" status="PASSED">
         <system-out><![CDATA[2023-08-22 09:10:50 - [TEST_CASE][PASSED] - Test Cases/Checkout/TS_SMOKE_SUITE_078: Test Cases/Checkout/TS_SMOKE_SUITE_078

2023-08-22 09:10:50 - [TEST_STEP][PASSED] - openBrowser(""): Browser is opened with url: ''

2023-08-22 09:10:50 - [MESSAGE][INFO] - Starting 'Chrome' driver

2023-08-22 09:10:50 - [MESSAGE][INFO] - Action delay is set to 0 milliseconds

2023-08-22 09:10:52 - [MESSAGE][PASSED] - Browser is opened with url: ''

2023-08-22 09:10:52 - [TEST_STEP][PASSED] - navigateToUrl(URL): Navigate to 'https://odtaqaa.liverpool.com.mx/tienda/home' successfully

2023-08-22 09:11:41 - [MESSAGE][PASSED] - Navigate to 'https://odtaqaa.liverpool.com.mx/tienda/home' successfully

2023-08-22 09:11:41 - [TEST_STEP][PASSED] - maximizeWindow(): Current window maximized

2023-08-22 09:11:41 - [MESSAGE][PASSED] - Current window maximized

2023-08-22 09:11:41 - [TEST_STEP][PASSED] - click(findTestObject("HomePage/Iniciar sesion")): Object: 'Object Repository/HomePage/Iniciar sesion' is clicked on

2023-08-22 09:11:42 - [MESSAGE][PASSED] - Object: 'Object Repository/HomePage/Iniciar sesion' is clicked on

2023-08-22 09:11:42 - [TEST_STEP][PASSED] - callTestCase(findTestCase("CommonMethods/login_odtaqab"), [:], STOP_ON_FAILURE): Call Test Case 'Test Cases/CommonMethods/login_odtaqab' successfully

2023-08-22 09:11:42 - [TEST_CASE][PASSED] - Test Cases/CommonMethods/login_odtaqab: Test Cases/CommonMethods/login_odtaqab

2023-08-22 09:11:42 - [TEST_STEP][PASSED] - click(findTestObject("HomePage/Iniciar sesion")): Object: 'Object Repository/HomePage/Iniciar sesion' is clicked on

2023-08-22 09:11:43 - [MESSAGE][PASSED] - Object: 'Object Repository/HomePage/Iniciar sesion' is clicked on

2023-08-22 09:11:43 - [TEST_STEP][PASSED] - click(findTestObject("HomePage/EnterUsername_LP")): Object: 'Object Repository/HomePage/EnterUsername_LP' is clicked on

2023-08-22 09:12:03 - [MESSAGE][PASSED] - Object: 'Object Repository/HomePage/EnterUsername_LP' is clicked on

2023-08-22 09:12:03 - [TEST_STEP][PASSED] - setText(findTestObject("HomePage/EnterUsername_LP"), username): Text 'hcheruvu29@digisprint.com' is set on object 'Object Repository/HomePage/EnterUsername_LP'

2023-08-22 09:12:04 - [MESSAGE][PASSED] - Text 'hcheruvu29@digisprint.com' is set on object 'Object Repository/HomePage/EnterUsername_LP'

2023-08-22 09:12:04 - [TEST_STEP][PASSED] - delay(2): Delayed 2 second(s)

2023-08-22 09:12:06 - [MESSAGE][PASSED] - Delayed 2 second(s)

2023-08-22 09:12:06 - [TEST_STEP][PASSED] - click(findTestObject("HomePage/EnterPassword_LP")): Object: 'Object Repository/HomePage/EnterPassword_LP' is clicked on

2023-08-22 09:12:06 - [MESSAGE][PASSED] - Object: 'Object Repository/HomePage/EnterPassword_LP' is clicked on

2023-08-22 09:12:06 - [TEST_STEP][PASSED] - delay(2): Delayed 2 second(s)

2023-08-22 09:12:08 - [MESSAGE][PASSED] - Delayed 2 second(s)

2023-08-22 09:12:08 - [TEST_STEP][PASSED] - setText(findTestObject("HomePage/EnterPassword_LP"), password): Text 'Test@12345' is set on object 'Object Repository/HomePage/EnterPassword_LP'

2023-08-22 09:12:09 - [MESSAGE][PASSED] - Text 'Test@12345' is set on object 'Object Repository/HomePage/EnterPassword_LP'

2023-08-22 09:12:09 - [TEST_STEP][PASSED] - click(findTestObject("HomePage/inciar")): Object: 'Object Repository/HomePage/inciar' is clicked on

2023-08-22 09:12:20 - [MESSAGE][PASSED] - Object: 'Object Repository/HomePage/inciar' is clicked on

2023-08-22 09:12:20 - [MESSAGE][PASSED] - Call Test Case 'Test Cases/CommonMethods/login_odtaqab' successfully

2023-08-22 09:12:20 - [TEST_STEP][PASSED] - callTestCase(findTestCase("CommonMethods/SearchForAProduct_search"), ["searchTerm":SLProduct], STOP_ON_FAILURE): Call Test Case 'Test Cases/CommonMethods/SearchForAProduct_search' successfully

2023-08-22 09:12:20 - [TEST_CASE][PASSED] - Test Cases/CommonMethods/SearchForAProduct_search: Test Cases/CommonMethods/SearchForAProduct_search

2023-08-22 09:12:20 - [TEST_STEP][PASSED] - click(findTestObject("HomePage/Buscar1"), STOP_ON_FAILURE): Object: 'Object Repository/HomePage/Buscar1' is clicked on

2023-08-22 09:13:00 - [MESSAGE][PASSED] - Object: 'Object Repository/HomePage/Buscar1' is clicked on

2023-08-22 09:13:00 - [TEST_STEP][PASSED] - delay(3): Delayed 3 second(s)

2023-08-22 09:13:03 - [MESSAGE][PASSED] - Delayed 3 second(s)

2023-08-22 09:13:03 - [TEST_STEP][PASSED] - setText(findTestObject("HomePage/Buscar1"), searchTerm): Text 'vaso' is set on object 'Object Repository/HomePage/Buscar1'

2023-08-22 09:13:04 - [MESSAGE][PASSED] - Text 'vaso' is set on object 'Object Repository/HomePage/Buscar1'

2023-08-22 09:13:04 - [TEST_STEP][PASSED] - delay(3): Delayed 3 second(s)

2023-08-22 09:13:07 - [MESSAGE][PASSED] - Delayed 3 second(s)

2023-08-22 09:13:07 - [TEST_STEP][PASSED] - sendKeys(findTestObject("HomePage/Seach_TextBox_hp"), Keys.chord(ENTER)): Keys 'ENTER + ' sent to object: 'Object Repository/HomePage/Seach_TextBox_hp'

2023-08-22 09:13:08 - [MESSAGE][PASSED] - Keys 'ENTER + ' sent to object: 'Object Repository/HomePage/Seach_TextBox_hp'

2023-08-22 09:13:08 - [MESSAGE][PASSED] - Call Test Case 'Test Cases/CommonMethods/SearchForAProduct_search' successfully

2023-08-22 09:13:08 - [TEST_STEP][PASSED] - click(findTestObject("PLPPage/product2_cardPrice_PLP")): Object: 'Object Repository/PLPPage/product2_cardPrice_PLP' is clicked on

2023-08-22 09:13:21 - [MESSAGE][PASSED] - Object: 'Object Repository/PLPPage/product2_cardPrice_PLP' is clicked on

2023-08-22 09:13:21 - [TEST_STEP][PASSED] - click(findTestObject("PDPPage/AddToCart_PDP")): Object: 'Object Repository/PDPPage/AddToCart_PDP' is clicked on

2023-08-22 09:13:40 - [MESSAGE][PASSED] - Object: 'Object Repository/PDPPage/AddToCart_PDP' is clicked on

2023-08-22 09:13:40 - [TEST_STEP][PASSED] - click(findTestObject("HomePage/bag_header_HP")): Object: 'Object Repository/HomePage/bag_header_HP' is clicked on

2023-08-22 09:13:44 - [MESSAGE][PASSED] - Object: 'Object Repository/HomePage/bag_header_HP' is clicked on

2023-08-22 09:13:44 - [TEST_STEP][PASSED] - click(findTestObject("CartPage/BuyButton_Cart")): Object: 'Object Repository/CartPage/BuyButton_Cart' is clicked on

2023-08-22 09:13:49 - [MESSAGE][PASSED] - Object: 'Object Repository/CartPage/BuyButton_Cart' is clicked on

2023-08-22 09:13:49 - [TEST_STEP][PASSED] - click(findTestObject("OPCPage/paymentMethod_change_OPC")): Object: 'Object Repository/OPCPage/paymentMethod_change_OPC' is clicked on

2023-08-22 09:13:55 - [MESSAGE][PASSED] - Object: 'Object Repository/OPCPage/paymentMethod_change_OPC' is clicked on

2023-08-22 09:13:55 - [TEST_STEP][PASSED] - click(findTestObject("OPCPage/paymentMethod_button3_OPC")): Object: 'Object Repository/OPCPage/paymentMethod_button3_OPC' is clicked on

2023-08-22 09:13:57 - [MESSAGE][PASSED] - Object: 'Object Repository/OPCPage/paymentMethod_button3_OPC' is clicked on

2023-08-22 09:13:57 - [TEST_STEP][PASSED] - click(findTestObject("OPCPage/Continue_payment_3rdmethod_OPC")): Object: 'Object Repository/OPCPage/Continue_payment_3rdmethod_OPC' is clicked on

2023-08-22 09:13:59 - [MESSAGE][PASSED] - Object: 'Object Repository/OPCPage/Continue_payment_3rdmethod_OPC' is clicked on

2023-08-22 09:13:59 - [TEST_STEP][PASSED] - click(findTestObject("OPCPage/Final_comparar_OPC")): Object: 'Object Repository/OPCPage/Final_comparar_OPC' is clicked on

2023-08-22 09:14:02 - [MESSAGE][PASSED] - Object: 'Object Repository/OPCPage/Final_comparar_OPC' is clicked on

2023-08-22 09:14:02 - [TEST_STEP][PASSED] - closeBrowser(): Browser is closed

2023-08-22 09:14:03 - [MESSAGE][PASSED] - Browser is closed]]></system-out>
         <system-err><![CDATA[]]></system-err>
      </testcase>
      <testcase name="Test Cases/Checkout/TS_SMOKE_SUITE_080" time="195.832" classname="Test Cases/Checkout/TS_SMOKE_SUITE_080" status="PASSED">
         <system-out><![CDATA[2023-08-22 09:14:03 - [TEST_CASE][PASSED] - Test Cases/Checkout/TS_SMOKE_SUITE_080: Test Cases/Checkout/TS_SMOKE_SUITE_080

2023-08-22 09:14:03 - [TEST_STEP][PASSED] - openBrowser(""): Browser is opened with url: ''

2023-08-22 09:14:03 - [MESSAGE][INFO] - Starting 'Chrome' driver

2023-08-22 09:14:03 - [MESSAGE][INFO] - Action delay is set to 0 milliseconds

2023-08-22 09:14:05 - [MESSAGE][PASSED] - Browser is opened with url: ''

2023-08-22 09:14:05 - [TEST_STEP][PASSED] - navigateToUrl(URL): Navigate to 'https://odtaqaa.liverpool.com.mx/tienda/home' successfully

2023-08-22 09:14:49 - [MESSAGE][PASSED] - Navigate to 'https://odtaqaa.liverpool.com.mx/tienda/home' successfully

2023-08-22 09:14:49 - [TEST_STEP][PASSED] - maximizeWindow(): Current window maximized

2023-08-22 09:14:50 - [MESSAGE][PASSED] - Current window maximized

2023-08-22 09:14:50 - [TEST_STEP][PASSED] - click(findTestObject("HomePage/Iniciar sesion")): Object: 'Object Repository/HomePage/Iniciar sesion' is clicked on

2023-08-22 09:14:51 - [MESSAGE][PASSED] - Object: 'Object Repository/HomePage/Iniciar sesion' is clicked on

2023-08-22 09:14:51 - [TEST_STEP][PASSED] - callTestCase(findTestCase("CommonMethods/login_odtaqab"), [:], STOP_ON_FAILURE): Call Test Case 'Test Cases/CommonMethods/login_odtaqab' successfully

2023-08-22 09:14:51 - [TEST_CASE][PASSED] - Test Cases/CommonMethods/login_odtaqab: Test Cases/CommonMethods/login_odtaqab

2023-08-22 09:14:51 - [TEST_STEP][PASSED] - click(findTestObject("HomePage/Iniciar sesion")): Object: 'Object Repository/HomePage/Iniciar sesion' is clicked on

2023-08-22 09:14:52 - [MESSAGE][PASSED] - Object: 'Object Repository/HomePage/Iniciar sesion' is clicked on

2023-08-22 09:14:52 - [TEST_STEP][PASSED] - click(findTestObject("HomePage/EnterUsername_LP")): Object: 'Object Repository/HomePage/EnterUsername_LP' is clicked on

2023-08-22 09:15:06 - [MESSAGE][PASSED] - Object: 'Object Repository/HomePage/EnterUsername_LP' is clicked on

2023-08-22 09:15:06 - [TEST_STEP][PASSED] - setText(findTestObject("HomePage/EnterUsername_LP"), username): Text 'hcheruvu29@digisprint.com' is set on object 'Object Repository/HomePage/EnterUsername_LP'

2023-08-22 09:15:07 - [MESSAGE][PASSED] - Text 'hcheruvu29@digisprint.com' is set on object 'Object Repository/HomePage/EnterUsername_LP'

2023-08-22 09:15:07 - [TEST_STEP][PASSED] - delay(2): Delayed 2 second(s)

2023-08-22 09:15:09 - [MESSAGE][PASSED] - Delayed 2 second(s)

2023-08-22 09:15:09 - [TEST_STEP][PASSED] - click(findTestObject("HomePage/EnterPassword_LP")): Object: 'Object Repository/HomePage/EnterPassword_LP' is clicked on

2023-08-22 09:15:09 - [MESSAGE][PASSED] - Object: 'Object Repository/HomePage/EnterPassword_LP' is clicked on

2023-08-22 09:15:09 - [TEST_STEP][PASSED] - delay(2): Delayed 2 second(s)

2023-08-22 09:15:11 - [MESSAGE][PASSED] - Delayed 2 second(s)

2023-08-22 09:15:11 - [TEST_STEP][PASSED] - setText(findTestObject("HomePage/EnterPassword_LP"), password): Text 'Test@12345' is set on object 'Object Repository/HomePage/EnterPassword_LP'

2023-08-22 09:15:12 - [MESSAGE][PASSED] - Text 'Test@12345' is set on object 'Object Repository/HomePage/EnterPassword_LP'

2023-08-22 09:15:12 - [TEST_STEP][PASSED] - click(findTestObject("HomePage/inciar")): Object: 'Object Repository/HomePage/inciar' is clicked on

2023-08-22 09:15:30 - [MESSAGE][PASSED] - Object: 'Object Repository/HomePage/inciar' is clicked on

2023-08-22 09:15:30 - [MESSAGE][PASSED] - Call Test Case 'Test Cases/CommonMethods/login_odtaqab' successfully

2023-08-22 09:15:30 - [TEST_STEP][PASSED] - callTestCase(findTestCase("CommonMethods/SearchForAProduct_search"), ["searchTerm":SLProduct], STOP_ON_FAILURE): Call Test Case 'Test Cases/CommonMethods/SearchForAProduct_search' successfully

2023-08-22 09:15:30 - [TEST_CASE][PASSED] - Test Cases/CommonMethods/SearchForAProduct_search: Test Cases/CommonMethods/SearchForAProduct_search

2023-08-22 09:15:30 - [TEST_STEP][PASSED] - click(findTestObject("HomePage/Buscar1"), STOP_ON_FAILURE): Object: 'Object Repository/HomePage/Buscar1' is clicked on

2023-08-22 09:16:09 - [MESSAGE][PASSED] - Object: 'Object Repository/HomePage/Buscar1' is clicked on

2023-08-22 09:16:09 - [TEST_STEP][PASSED] - delay(3): Delayed 3 second(s)

2023-08-22 09:16:12 - [MESSAGE][PASSED] - Delayed 3 second(s)

2023-08-22 09:16:12 - [TEST_STEP][PASSED] - setText(findTestObject("HomePage/Buscar1"), searchTerm): Text 'vaso' is set on object 'Object Repository/HomePage/Buscar1'

2023-08-22 09:16:13 - [MESSAGE][PASSED] - Text 'vaso' is set on object 'Object Repository/HomePage/Buscar1'

2023-08-22 09:16:13 - [TEST_STEP][PASSED] - delay(3): Delayed 3 second(s)

2023-08-22 09:16:16 - [MESSAGE][PASSED] - Delayed 3 second(s)

2023-08-22 09:16:16 - [TEST_STEP][PASSED] - sendKeys(findTestObject("HomePage/Seach_TextBox_hp"), Keys.chord(ENTER)): Keys 'ENTER + ' sent to object: 'Object Repository/HomePage/Seach_TextBox_hp'

2023-08-22 09:16:17 - [MESSAGE][PASSED] - Keys 'ENTER + ' sent to object: 'Object Repository/HomePage/Seach_TextBox_hp'

2023-08-22 09:16:17 - [MESSAGE][PASSED] - Call Test Case 'Test Cases/CommonMethods/SearchForAProduct_search' successfully

2023-08-22 09:16:17 - [TEST_STEP][PASSED] - click(findTestObject("PLPPage/product2_cardPrice_PLP")): Object: 'Object Repository/PLPPage/product2_cardPrice_PLP' is clicked on

2023-08-22 09:16:30 - [MESSAGE][PASSED] - Object: 'Object Repository/PLPPage/product2_cardPrice_PLP' is clicked on

2023-08-22 09:16:30 - [TEST_STEP][PASSED] - click(findTestObject("PDPPage/AddToCart_PDP")): Object: 'Object Repository/PDPPage/AddToCart_PDP' is clicked on

2023-08-22 09:16:50 - [MESSAGE][PASSED] - Object: 'Object Repository/PDPPage/AddToCart_PDP' is clicked on

2023-08-22 09:16:50 - [TEST_STEP][PASSED] - click(findTestObject("HomePage/bag_header_HP")): Object: 'Object Repository/HomePage/bag_header_HP' is clicked on

2023-08-22 09:16:54 - [MESSAGE][PASSED] - Object: 'Object Repository/HomePage/bag_header_HP' is clicked on

2023-08-22 09:16:54 - [TEST_STEP][PASSED] - click(findTestObject("CartPage/BuyButton_Cart")): Object: 'Object Repository/CartPage/BuyButton_Cart' is clicked on

2023-08-22 09:16:59 - [MESSAGE][PASSED] - Object: 'Object Repository/CartPage/BuyButton_Cart' is clicked on

2023-08-22 09:16:59 - [TEST_STEP][PASSED] - click(findTestObject("OPCPage/paymentMethod_change_OPC"), OPTIONAL): Object: 'Object Repository/OPCPage/paymentMethod_change_OPC' is clicked on

2023-08-22 09:17:06 - [MESSAGE][PASSED] - Object: 'Object Repository/OPCPage/paymentMethod_change_OPC' is clicked on

2023-08-22 09:17:06 - [TEST_STEP][PASSED] - click(findTestObject("OPCPage/paymentMethod_button1_OPC"), OPTIONAL): Object: 'Object Repository/OPCPage/paymentMethod_button1_OPC' is clicked on

2023-08-22 09:17:08 - [MESSAGE][PASSED] - Object: 'Object Repository/OPCPage/paymentMethod_button1_OPC' is clicked on

2023-08-22 09:17:08 - [TEST_STEP][PASSED] - setText(findTestObject("OPCPage/enterCardCVV_OPC"), "413", OPTIONAL): Text '413' is set on object 'Object Repository/OPCPage/enterCardCVV_OPC'

2023-08-22 09:17:09 - [MESSAGE][PASSED] - Text '413' is set on object 'Object Repository/OPCPage/enterCardCVV_OPC'

2023-08-22 09:17:09 - [TEST_STEP][PASSED] - setText(findTestObject("OPCPage/enterCardExpire_OPC"), "1225", OPTIONAL): Text '1225' is set on object 'Object Repository/OPCPage/enterCardExpire_OPC'

2023-08-22 09:17:10 - [MESSAGE][PASSED] - Text '1225' is set on object 'Object Repository/OPCPage/enterCardExpire_OPC'

2023-08-22 09:17:10 - [TEST_STEP][PASSED] - click(findTestObject("OPCPage/cardContinue_checkout_popUP"), OPTIONAL): Object: 'Object Repository/OPCPage/cardContinue_checkout_popUP' is clicked on

2023-08-22 09:17:10 - [MESSAGE][PASSED] - Object: 'Object Repository/OPCPage/cardContinue_checkout_popUP' is clicked on

2023-08-22 09:17:10 - [TEST_STEP][PASSED] - j = getText(findTestObject("OPCPage/Page_/TotalPrice_opc")): Text of object 'Object Repository/OPCPage/Page_/TotalPrice_opc' is: '$675.00'

2023-08-22 09:17:13 - [MESSAGE][PASSED] - Text of object 'Object Repository/OPCPage/Page_/TotalPrice_opc' is: '$675.00'

2023-08-22 09:17:13 - [TEST_STEP][PASSED] - j1 = replace("$", "").replace(",", ""): null

2023-08-22 09:17:13 - [TEST_STEP][PASSED] - a = getText(findTestObject("OPCPage/coupon_pricevalue_OPC")): Text of object 'Object Repository/OPCPage/coupon_pricevalue_OPC' is: '$0.00'

2023-08-22 09:17:13 - [MESSAGE][PASSED] - Text of object 'Object Repository/OPCPage/coupon_pricevalue_OPC' is: '$0.00'

2023-08-22 09:17:13 - [TEST_STEP][PASSED] - a1 = replace("$", "").replace(",", ""): null

2023-08-22 09:17:13 - [TEST_STEP][PASSED] - click(findTestObject("OPCPage/coupon_button_OPC")): Object: 'Object Repository/OPCPage/coupon_button_OPC' is clicked on

2023-08-22 09:17:14 - [MESSAGE][PASSED] - Object: 'Object Repository/OPCPage/coupon_button_OPC' is clicked on

2023-08-22 09:17:14 - [TEST_STEP][PASSED] - click(findTestObject("OPCPage/couon1_utilize_OPC")): Object: 'Object Repository/OPCPage/couon1_utilize_OPC' is clicked on

2023-08-22 09:17:14 - [MESSAGE][PASSED] - Object: 'Object Repository/OPCPage/couon1_utilize_OPC' is clicked on

2023-08-22 09:17:14 - [TEST_STEP][PASSED] - b = getText(findTestObject("OPCPage/coupon_pricevalue_OPC")): Text of object 'Object Repository/OPCPage/coupon_pricevalue_OPC' is: '$33.75'

2023-08-22 09:17:18 - [MESSAGE][PASSED] - Text of object 'Object Repository/OPCPage/coupon_pricevalue_OPC' is: '$33.75'

2023-08-22 09:17:18 - [TEST_STEP][PASSED] - b1 = replace("$", "").replace(",", ""): null

2023-08-22 09:17:18 - [TEST_STEP][PASSED] - out.println(a1): null

2023-08-22 09:17:18 - [TEST_STEP][PASSED] - out.println(b1): null

2023-08-22 09:17:18 - [TEST_STEP][PASSED] - if (a1 != b1): null

2023-08-22 09:17:18 - [TEST_STEP][PASSED] - out.println("coupon applied"): null

2023-08-22 09:17:18 - [TEST_STEP][PASSED] - k = getText(findTestObject("OPCPage/Page_/TotalPrice_opc")): Text of object 'Object Repository/OPCPage/Page_/TotalPrice_opc' is: '$641.25'

2023-08-22 09:17:18 - [MESSAGE][PASSED] - Text of object 'Object Repository/OPCPage/Page_/TotalPrice_opc' is: '$641.25'

2023-08-22 09:17:18 - [TEST_STEP][PASSED] - k1 = replace("$", "").replace(",", ""): null

2023-08-22 09:17:18 - [TEST_STEP][PASSED] - out.println(j1): null

2023-08-22 09:17:18 - [TEST_STEP][PASSED] - out.println(k1): null

2023-08-22 09:17:18 - [TEST_STEP][PASSED] - if (j1 >= k1): null

2023-08-22 09:17:18 - [TEST_STEP][PASSED] - out.println("coupon applied"): null

2023-08-22 09:17:18 - [TEST_STEP][PASSED] - click(findTestObject("OPCPage/Final_comparar_OPC")): Object: 'Object Repository/OPCPage/Final_comparar_OPC' is clicked on

2023-08-22 09:17:18 - [MESSAGE][PASSED] - Object: 'Object Repository/OPCPage/Final_comparar_OPC' is clicked on]]></system-out>
         <system-err><![CDATA[]]></system-err>
      </testcase>
      <testcase name="Test Cases/Checkout/TS_SMOKE_SUITE_082" time="256.718" classname="Test Cases/Checkout/TS_SMOKE_SUITE_082" status="FAILED">
         <failure type="FAILED" message="Test Cases/Checkout/TS_SMOKE_SUITE_082 FAILED.
Reason:
com.kms.katalon.core.exception.StepFailedException: Unable to click on object 'Object Repository/OPCPage/cardContinue_checkout_popUP'
	at com.kms.katalon.core.webui.keyword.internal.WebUIKeywordMain.stepFailed(WebUIKeywordMain.groovy:64)
	at com.kms.katalon.core.webui.keyword.internal.WebUIKeywordMain.runKeyword(WebUIKeywordMain.groovy:26)
	at com.kms.katalon.core.webui.keyword.builtin.ClickKeyword.click(ClickKeyword.groovy:74)
	at com.kms.katalon.core.webui.keyword.builtin.ClickKeyword.execute(ClickKeyword.groovy:40)
	at com.kms.katalon.core.keyword.internal.KeywordExecutor.executeKeywordForPlatform(KeywordExecutor.groovy:74)
	at com.kms.katalon.core.webui.keyword.WebUiBuiltInKeywords.click(WebUiBuiltInKeywords.groovy:620)
	at com.kms.katalon.core.webui.keyword.WebUiBuiltInKeywords$click$2.call(Unknown Source)
	at TS_SMOKE_SUITE_082.run(TS_SMOKE_SUITE_082:75)
	at com.kms.katalon.core.main.ScriptEngine.run(ScriptEngine.java:194)
	at com.kms.katalon.core.main.ScriptEngine.runScriptAsRawText(ScriptEngine.java:119)
	at com.kms.katalon.core.main.TestCaseExecutor.runScript(TestCaseExecutor.java:448)
	at com.kms.katalon.core.main.TestCaseExecutor.doExecute(TestCaseExecutor.java:439)
	at com.kms.katalon.core.main.TestCaseExecutor.processExecutionPhase(TestCaseExecutor.java:418)
	at com.kms.katalon.core.main.TestCaseExecutor.accessMainPhase(TestCaseExecutor.java:410)
	at com.kms.katalon.core.main.TestCaseExecutor.execute(TestCaseExecutor.java:285)
	at com.kms.katalon.core.common.CommonExecutor.accessTestCaseMainPhase(CommonExecutor.java:65)
	at com.kms.katalon.core.main.TestSuiteExecutor.accessTestSuiteMainPhase(TestSuiteExecutor.java:148)
	at com.kms.katalon.core.main.TestSuiteExecutor.execute(TestSuiteExecutor.java:106)
	at com.kms.katalon.core.main.TestCaseMain.startTestSuite(TestCaseMain.java:187)
	at com.kms.katalon.core.main.TestCaseMain$startTestSuite$0.call(Unknown Source)
	at TempTestSuite1692673207080.run(TempTestSuite1692673207080.groovy:36)
Caused by: com.kms.katalon.core.webui.exception.WebElementNotFoundException: Web element with id: 'Object Repository/OPCPage/cardContinue_checkout_popUP' located by '//div[@class='opc_continuarModalloggedInCC isAndroid']//button' not found
	at com.kms.katalon.core.webui.common.WebUiCommonHelper.findWebElement(WebUiCommonHelper.java:1381)
	at com.kms.katalon.core.webui.keyword.internal.WebUIAbstractKeyword.findWebElement(WebUIAbstractKeyword.groovy:27)
	at com.kms.katalon.core.webui.keyword.builtin.ClickKeyword$_click_closure1.doCall(ClickKeyword.groovy:65)
	at com.kms.katalon.core.webui.keyword.builtin.ClickKeyword$_click_closure1.call(ClickKeyword.groovy)
	at com.kms.katalon.core.webui.keyword.internal.WebUIKeywordMain.runKeyword(WebUIKeywordMain.groovy:20)
	... 19 more
"/>
         <system-out><![CDATA[2023-08-22 09:17:18 - [TEST_CASE][FAILED] - Test Cases/Checkout/TS_SMOKE_SUITE_082: Test Cases/Checkout/TS_SMOKE_SUITE_082 FAILED.
Reason:
com.kms.katalon.core.exception.StepFailedException: Unable to click on object 'Object Repository/OPCPage/cardContinue_checkout_popUP'
	at com.kms.katalon.core.webui.keyword.internal.WebUIKeywordMain.stepFailed(WebUIKeywordMain.groovy:64)
	at com.kms.katalon.core.webui.keyword.internal.WebUIKeywordMain.runKeyword(WebUIKeywordMain.groovy:26)
	at com.kms.katalon.core.webui.keyword.builtin.ClickKeyword.click(ClickKeyword.groovy:74)
	at com.kms.katalon.core.webui.keyword.builtin.ClickKeyword.execute(ClickKeyword.groovy:40)
	at com.kms.katalon.core.keyword.internal.KeywordExecutor.executeKeywordForPlatform(KeywordExecutor.groovy:74)
	at com.kms.katalon.core.webui.keyword.WebUiBuiltInKeywords.click(WebUiBuiltInKeywords.groovy:620)
	at com.kms.katalon.core.webui.keyword.WebUiBuiltInKeywords$click$2.call(Unknown Source)
	at TS_SMOKE_SUITE_082.run(TS_SMOKE_SUITE_082:75)
	at com.kms.katalon.core.main.ScriptEngine.run(ScriptEngine.java:194)
	at com.kms.katalon.core.main.ScriptEngine.runScriptAsRawText(ScriptEngine.java:119)
	at com.kms.katalon.core.main.TestCaseExecutor.runScript(TestCaseExecutor.java:448)
	at com.kms.katalon.core.main.TestCaseExecutor.doExecute(TestCaseExecutor.java:439)
	at com.kms.katalon.core.main.TestCaseExecutor.processExecutionPhase(TestCaseExecutor.java:418)
	at com.kms.katalon.core.main.TestCaseExecutor.accessMainPhase(TestCaseExecutor.java:410)
	at com.kms.katalon.core.main.TestCaseExecutor.execute(TestCaseExecutor.java:285)
	at com.kms.katalon.core.common.CommonExecutor.accessTestCaseMainPhase(CommonExecutor.java:65)
	at com.kms.katalon.core.main.TestSuiteExecutor.accessTestSuiteMainPhase(TestSuiteExecutor.java:148)
	at com.kms.katalon.core.main.TestSuiteExecutor.execute(TestSuiteExecutor.java:106)
	at com.kms.katalon.core.main.TestCaseMain.startTestSuite(TestCaseMain.java:187)
	at com.kms.katalon.core.main.TestCaseMain$startTestSuite$0.call(Unknown Source)
	at TempTestSuite1692673207080.run(TempTestSuite1692673207080.groovy:36)
Caused by: com.kms.katalon.core.webui.exception.WebElementNotFoundException: Web element with id: 'Object Repository/OPCPage/cardContinue_checkout_popUP' located by '//div[@class='opc_continuarModalloggedInCC isAndroid']//button' not found
	at com.kms.katalon.core.webui.common.WebUiCommonHelper.findWebElement(WebUiCommonHelper.java:1381)
	at com.kms.katalon.core.webui.keyword.internal.WebUIAbstractKeyword.findWebElement(WebUIAbstractKeyword.groovy:27)
	at com.kms.katalon.core.webui.keyword.builtin.ClickKeyword$_click_closure1.doCall(ClickKeyword.groovy:65)
	at com.kms.katalon.core.webui.keyword.builtin.ClickKeyword$_click_closure1.call(ClickKeyword.groovy)
	at com.kms.katalon.core.webui.keyword.internal.WebUIKeywordMain.runKeyword(WebUIKeywordMain.groovy:20)
	... 19 more


2023-08-22 09:17:19 - [TEST_STEP][PASSED] - openBrowser(""): Browser is opened with url: ''

2023-08-22 09:17:19 - [MESSAGE][WARNING] - A browser is already opened. Closing browser and opening a new one

2023-08-22 09:17:20 - [MESSAGE][INFO] - Starting 'Chrome' driver

2023-08-22 09:17:20 - [MESSAGE][INFO] - Action delay is set to 0 milliseconds

2023-08-22 09:17:21 - [MESSAGE][PASSED] - Browser is opened with url: ''

2023-08-22 09:17:21 - [TEST_STEP][PASSED] - navigateToUrl(URL): Navigate to 'https://odtaqaa.liverpool.com.mx/tienda/home' successfully

2023-08-22 09:18:10 - [MESSAGE][PASSED] - Navigate to 'https://odtaqaa.liverpool.com.mx/tienda/home' successfully

2023-08-22 09:18:10 - [TEST_STEP][PASSED] - maximizeWindow(): Current window maximized

2023-08-22 09:18:11 - [MESSAGE][PASSED] - Current window maximized

2023-08-22 09:18:11 - [TEST_STEP][PASSED] - click(findTestObject("HomePage/Iniciar sesion")): Object: 'Object Repository/HomePage/Iniciar sesion' is clicked on

2023-08-22 09:18:12 - [MESSAGE][PASSED] - Object: 'Object Repository/HomePage/Iniciar sesion' is clicked on

2023-08-22 09:18:12 - [TEST_STEP][PASSED] - callTestCase(findTestCase("CommonMethods/loginFromHomePage"), ["username":Username, "password":Password], STOP_ON_FAILURE): Call Test Case 'Test Cases/CommonMethods/loginFromHomePage' successfully

2023-08-22 09:18:12 - [TEST_CASE][PASSED] - Test Cases/CommonMethods/loginFromHomePage: Test Cases/CommonMethods/loginFromHomePage

2023-08-22 09:18:12 - [TEST_STEP][PASSED] - delay(3): Delayed 3 second(s)

2023-08-22 09:18:15 - [MESSAGE][PASSED] - Delayed 3 second(s)

2023-08-22 09:18:15 - [TEST_STEP][PASSED] - click(findTestObject("HomePage/EnterUsername_LP")): Object: 'Object Repository/HomePage/EnterUsername_LP' is clicked on

2023-08-22 09:18:29 - [MESSAGE][PASSED] - Object: 'Object Repository/HomePage/EnterUsername_LP' is clicked on

2023-08-22 09:18:29 - [TEST_STEP][PASSED] - setText(findTestObject("HomePage/EnterUsername_LP"), username): Text 'hcheruvu29@digisprint.com' is set on object 'Object Repository/HomePage/EnterUsername_LP'

2023-08-22 09:18:30 - [MESSAGE][PASSED] - Text 'hcheruvu29@digisprint.com' is set on object 'Object Repository/HomePage/EnterUsername_LP'

2023-08-22 09:18:30 - [TEST_STEP][PASSED] - click(findTestObject("HomePage/EnterPassword_LP")): Object: 'Object Repository/HomePage/EnterPassword_LP' is clicked on

2023-08-22 09:18:30 - [MESSAGE][PASSED] - Object: 'Object Repository/HomePage/EnterPassword_LP' is clicked on

2023-08-22 09:18:30 - [TEST_STEP][PASSED] - setText(findTestObject("HomePage/EnterPassword_LP"), password): Text 'Test@12345' is set on object 'Object Repository/HomePage/EnterPassword_LP'

2023-08-22 09:18:31 - [MESSAGE][PASSED] - Text 'Test@12345' is set on object 'Object Repository/HomePage/EnterPassword_LP'

2023-08-22 09:18:31 - [TEST_STEP][PASSED] - click(findTestObject("HomePage/inciar")): Object: 'Object Repository/HomePage/inciar' is clicked on

2023-08-22 09:18:57 - [MESSAGE][PASSED] - Object: 'Object Repository/HomePage/inciar' is clicked on

2023-08-22 09:18:57 - [MESSAGE][PASSED] - Call Test Case 'Test Cases/CommonMethods/loginFromHomePage' successfully

2023-08-22 09:18:57 - [TEST_STEP][PASSED] - callTestCase(findTestCase("CommonMethods/EmptyCart_RunAt_HP"), [:], OPTIONAL): Unable to call Test Case 'Test Cases/CommonMethods/EmptyCart_RunAt_HP' (Root cause: com.kms.katalon.core.exception.StepErrorException: Call Test Case 'Test Cases/CommonMethods/EmptyCart_RunAt_HP' failed because of error(s)
	at com.kms.katalon.core.keyword.builtin.CallTestCaseKeyword$_callTestCase_closure1.doCall(CallTestCaseKeyword.groovy:66)
	at com.kms.katalon.core.keyword.builtin.CallTestCaseKeyword$_callTestCase_closure1.call(CallTestCaseKeyword.groovy)
	at com.kms.katalon.core.keyword.internal.KeywordMain.runKeyword(KeywordMain.groovy:75)
	at com.kms.katalon.core.keyword.builtin.CallTestCaseKeyword.callTestCase(CallTestCaseKeyword.groovy:81)
	at com.kms.katalon.core.keyword.builtin.CallTestCaseKeyword.execute(CallTestCaseKeyword.groovy:44)
	at com.kms.katalon.core.keyword.internal.KeywordExecutor.executeKeywordForPlatform(KeywordExecutor.groovy:74)
	at com.kms.katalon.core.keyword.BuiltinKeywords.callTestCase(BuiltinKeywords.groovy:310)
	at TS_SMOKE_SUITE_082.run(TS_SMOKE_SUITE_082:31)
	at com.kms.katalon.core.main.ScriptEngine.run(ScriptEngine.java:194)
	at com.kms.katalon.core.main.ScriptEngine.runScriptAsRawText(ScriptEngine.java:119)
	at com.kms.katalon.core.main.TestCaseExecutor.runScript(TestCaseExecutor.java:448)
	at com.kms.katalon.core.main.TestCaseExecutor.doExecute(TestCaseExecutor.java:439)
	at com.kms.katalon.core.main.TestCaseExecutor.processExecutionPhase(TestCaseExecutor.java:418)
	at com.kms.katalon.core.main.TestCaseExecutor.accessMainPhase(TestCaseExecutor.java:410)
	at com.kms.katalon.core.main.TestCaseExecutor.execute(TestCaseExecutor.java:285)
	at com.kms.katalon.core.common.CommonExecutor.accessTestCaseMainPhase(CommonExecutor.java:65)
	at com.kms.katalon.core.main.TestSuiteExecutor.accessTestSuiteMainPhase(TestSuiteExecutor.java:148)
	at com.kms.katalon.core.main.TestSuiteExecutor.execute(TestSuiteExecutor.java:106)
	at com.kms.katalon.core.main.TestCaseMain.startTestSuite(TestCaseMain.java:187)
	at com.kms.katalon.core.main.TestCaseMain$startTestSuite$0.call(Unknown Source)
	at TempTestSuite1692673207080.run(TempTestSuite1692673207080.groovy:36)
Caused by: java.lang.NullPointerException
	at com.kms.katalon.core.webui.common.WebUiCommonHelper.findElementsBySelectedMethod(WebUiCommonHelper.java:896)
	at com.kms.katalon.core.webui.common.WebUiCommonHelper.findElementsByDefault(WebUiCommonHelper.java:892)
	at com.kms.katalon.core.webui.common.WebUiCommonHelper.findWebElements(WebUiCommonHelper.java:720)
	at com.kms.katalon.core.webui.keyword.internal.WebUIAbstractKeyword.findWebElements(WebUIAbstractKeyword.groovy:32)
	at com.kms.katalon.core.webui.keyword.WebUiBuiltInKeywords.findWebElements(WebUiBuiltInKeywords.groovy:2860)
	at com.kms.katalon.core.webui.keyword.WebUiBuiltInKeywords$findWebElements$15.call(Unknown Source)
	at EmptyCart_RunAt_HP.run(EmptyCart_RunAt_HP:39)
	at com.kms.katalon.core.main.ScriptEngine.run(ScriptEngine.java:194)
	at com.kms.katalon.core.main.ScriptEngine.runScriptAsRawText(ScriptEngine.java:119)
	at com.kms.katalon.core.main.TestCaseExecutor.runScript(TestCaseExecutor.java:448)
	at com.kms.katalon.core.main.TestCaseExecutor.doExecute(TestCaseExecutor.java:439)
	at com.kms.katalon.core.main.TestCaseExecutor.processExecutionPhase(TestCaseExecutor.java:418)
	at com.kms.katalon.core.main.TestCaseExecutor.accessMainPhase(TestCaseExecutor.java:410)
	at com.kms.katalon.core.main.TestCaseExecutor.execute(TestCaseExecutor.java:285)
	at com.kms.katalon.core.main.TestCaseMain.runTestCase(TestCaseMain.java:144)
	at com.kms.katalon.core.keyword.builtin.CallTestCaseKeyword$_callTestCase_closure1.doCall(CallTestCaseKeyword.groovy:59)
	... 20 more
)

2023-08-22 09:18:57 - [TEST_CASE][ERROR] - Test Cases/CommonMethods/EmptyCart_RunAt_HP: Test Cases/CommonMethods/EmptyCart_RunAt_HP FAILED.
Reason:
java.lang.NullPointerException
	at com.kms.katalon.core.webui.common.WebUiCommonHelper.findElementsBySelectedMethod(WebUiCommonHelper.java:896)
	at com.kms.katalon.core.webui.common.WebUiCommonHelper.findElementsByDefault(WebUiCommonHelper.java:892)
	at com.kms.katalon.core.webui.common.WebUiCommonHelper.findWebElements(WebUiCommonHelper.java:720)
	at com.kms.katalon.core.webui.keyword.internal.WebUIAbstractKeyword.findWebElements(WebUIAbstractKeyword.groovy:32)
	at com.kms.katalon.core.webui.keyword.WebUiBuiltInKeywords.findWebElements(WebUiBuiltInKeywords.groovy:2860)
	at com.kms.katalon.core.webui.keyword.WebUiBuiltInKeywords$findWebElements$15.call(Unknown Source)
	at EmptyCart_RunAt_HP.run(EmptyCart_RunAt_HP:39)
	at com.kms.katalon.core.main.ScriptEngine.run(ScriptEngine.java:194)
	at com.kms.katalon.core.main.ScriptEngine.runScriptAsRawText(ScriptEngine.java:119)
	at com.kms.katalon.core.main.TestCaseExecutor.runScript(TestCaseExecutor.java:448)
	at com.kms.katalon.core.main.TestCaseExecutor.doExecute(TestCaseExecutor.java:439)
	at com.kms.katalon.core.main.TestCaseExecutor.processExecutionPhase(TestCaseExecutor.java:418)
	at com.kms.katalon.core.main.TestCaseExecutor.accessMainPhase(TestCaseExecutor.java:410)
	at com.kms.katalon.core.main.TestCaseExecutor.execute(TestCaseExecutor.java:285)
	at com.kms.katalon.core.main.TestCaseMain.runTestCase(TestCaseMain.java:144)
	at com.kms.katalon.core.keyword.builtin.CallTestCaseKeyword$_callTestCase_closure1.doCall(CallTestCaseKeyword.groovy:59)
	at com.kms.katalon.core.keyword.builtin.CallTestCaseKeyword$_callTestCase_closure1.call(CallTestCaseKeyword.groovy)
	at com.kms.katalon.core.keyword.internal.KeywordMain.runKeyword(KeywordMain.groovy:75)
	at com.kms.katalon.core.keyword.builtin.CallTestCaseKeyword.callTestCase(CallTestCaseKeyword.groovy:81)
	at com.kms.katalon.core.keyword.builtin.CallTestCaseKeyword.execute(CallTestCaseKeyword.groovy:44)
	at com.kms.katalon.core.keyword.internal.KeywordExecutor.executeKeywordForPlatform(KeywordExecutor.groovy:74)
	at com.kms.katalon.core.keyword.BuiltinKeywords.callTestCase(BuiltinKeywords.groovy:310)
	at TS_SMOKE_SUITE_082.run(TS_SMOKE_SUITE_082:31)
	at com.kms.katalon.core.main.ScriptEngine.run(ScriptEngine.java:194)
	at com.kms.katalon.core.main.ScriptEngine.runScriptAsRawText(ScriptEngine.java:119)
	at com.kms.katalon.core.main.TestCaseExecutor.runScript(TestCaseExecutor.java:448)
	at com.kms.katalon.core.main.TestCaseExecutor.doExecute(TestCaseExecutor.java:439)
	at com.kms.katalon.core.main.TestCaseExecutor.processExecutionPhase(TestCaseExecutor.java:418)
	at com.kms.katalon.core.main.TestCaseExecutor.accessMainPhase(TestCaseExecutor.java:410)
	at com.kms.katalon.core.main.TestCaseExecutor.execute(TestCaseExecutor.java:285)
	at com.kms.katalon.core.common.CommonExecutor.accessTestCaseMainPhase(CommonExecutor.java:65)
	at com.kms.katalon.core.main.TestSuiteExecutor.accessTestSuiteMainPhase(TestSuiteExecutor.java:148)
	at com.kms.katalon.core.main.TestSuiteExecutor.execute(TestSuiteExecutor.java:106)
	at com.kms.katalon.core.main.TestCaseMain.startTestSuite(TestCaseMain.java:187)
	at com.kms.katalon.core.main.TestCaseMain$startTestSuite$0.call(Unknown Source)
	at TempTestSuite1692673207080.run(TempTestSuite1692673207080.groovy:36)


2023-08-22 09:18:57 - [TEST_STEP][PASSED] - delay(2, OPTIONAL): Delayed 2 second(s)

2023-08-22 09:18:59 - [MESSAGE][PASSED] - Delayed 2 second(s)

2023-08-22 09:18:59 - [TEST_STEP][PASSED] - click(findTestObject("HomePage/bag_header_HP"), OPTIONAL): Object: 'Object Repository/HomePage/bag_header_HP' is clicked on

2023-08-22 09:19:34 - [MESSAGE][PASSED] - Object: 'Object Repository/HomePage/bag_header_HP' is clicked on

2023-08-22 09:19:34 - [TEST_STEP][ERROR] - listElement = findWebElements(findTestObject("CartPage/Product1_remove_cart"), 2): Test Cases/CommonMethods/EmptyCart_RunAt_HP FAILED.
Reason:
java.lang.NullPointerException
	at com.kms.katalon.core.webui.common.WebUiCommonHelper.findElementsBySelectedMethod(WebUiCommonHelper.java:896)
	at com.kms.katalon.core.webui.common.WebUiCommonHelper.findElementsByDefault(WebUiCommonHelper.java:892)
	at com.kms.katalon.core.webui.common.WebUiCommonHelper.findWebElements(WebUiCommonHelper.java:720)
	at com.kms.katalon.core.webui.keyword.internal.WebUIAbstractKeyword.findWebElements(WebUIAbstractKeyword.groovy:32)
	at com.kms.katalon.core.webui.keyword.WebUiBuiltInKeywords.findWebElements(WebUiBuiltInKeywords.groovy:2860)
	at com.kms.katalon.core.webui.keyword.WebUiBuiltInKeywords$findWebElements$15.call(Unknown Source)
	at EmptyCart_RunAt_HP.run(EmptyCart_RunAt_HP:39)
	at com.kms.katalon.core.main.ScriptEngine.run(ScriptEngine.java:194)
	at com.kms.katalon.core.main.ScriptEngine.runScriptAsRawText(ScriptEngine.java:119)
	at com.kms.katalon.core.main.TestCaseExecutor.runScript(TestCaseExecutor.java:448)
	at com.kms.katalon.core.main.TestCaseExecutor.doExecute(TestCaseExecutor.java:439)
	at com.kms.katalon.core.main.TestCaseExecutor.processExecutionPhase(TestCaseExecutor.java:418)
	at com.kms.katalon.core.main.TestCaseExecutor.accessMainPhase(TestCaseExecutor.java:410)
	at com.kms.katalon.core.main.TestCaseExecutor.execute(TestCaseExecutor.java:285)
	at com.kms.katalon.core.main.TestCaseMain.runTestCase(TestCaseMain.java:144)
	at com.kms.katalon.core.keyword.builtin.CallTestCaseKeyword$_callTestCase_closure1.doCall(CallTestCaseKeyword.groovy:59)
	at com.kms.katalon.core.keyword.builtin.CallTestCaseKeyword$_callTestCase_closure1.call(CallTestCaseKeyword.groovy)
	at com.kms.katalon.core.keyword.internal.KeywordMain.runKeyword(KeywordMain.groovy:75)
	at com.kms.katalon.core.keyword.builtin.CallTestCaseKeyword.callTestCase(CallTestCaseKeyword.groovy:81)
	at com.kms.katalon.core.keyword.builtin.CallTestCaseKeyword.execute(CallTestCaseKeyword.groovy:44)
	at com.kms.katalon.core.keyword.internal.KeywordExecutor.executeKeywordForPlatform(KeywordExecutor.groovy:74)
	at com.kms.katalon.core.keyword.BuiltinKeywords.callTestCase(BuiltinKeywords.groovy:310)
	at TS_SMOKE_SUITE_082.run(TS_SMOKE_SUITE_082:31)
	at com.kms.katalon.core.main.ScriptEngine.run(ScriptEngine.java:194)
	at com.kms.katalon.core.main.ScriptEngine.runScriptAsRawText(ScriptEngine.java:119)
	at com.kms.katalon.core.main.TestCaseExecutor.runScript(TestCaseExecutor.java:448)
	at com.kms.katalon.core.main.TestCaseExecutor.doExecute(TestCaseExecutor.java:439)
	at com.kms.katalon.core.main.TestCaseExecutor.processExecutionPhase(TestCaseExecutor.java:418)
	at com.kms.katalon.core.main.TestCaseExecutor.accessMainPhase(TestCaseExecutor.java:410)
	at com.kms.katalon.core.main.TestCaseExecutor.execute(TestCaseExecutor.java:285)
	at com.kms.katalon.core.common.CommonExecutor.accessTestCaseMainPhase(CommonExecutor.java:65)
	at com.kms.katalon.core.main.TestSuiteExecutor.accessTestSuiteMainPhase(TestSuiteExecutor.java:148)
	at com.kms.katalon.core.main.TestSuiteExecutor.execute(TestSuiteExecutor.java:106)
	at com.kms.katalon.core.main.TestCaseMain.startTestSuite(TestCaseMain.java:187)
	at com.kms.katalon.core.main.TestCaseMain$startTestSuite$0.call(Unknown Source)
	at TempTestSuite1692673207080.run(TempTestSuite1692673207080.groovy:36)


2023-08-22 09:19:34 - [MESSAGE][WARNING] - Test object with id 'Object Repository/CartPage/Product1_remove_cart' does not exist

2023-08-22 09:19:34 - [MESSAGE][ERROR] - Test Cases/CommonMethods/EmptyCart_RunAt_HP FAILED.
Reason:
java.lang.NullPointerException
	at com.kms.katalon.core.webui.common.WebUiCommonHelper.findElementsBySelectedMethod(WebUiCommonHelper.java:896)
	at com.kms.katalon.core.webui.common.WebUiCommonHelper.findElementsByDefault(WebUiCommonHelper.java:892)
	at com.kms.katalon.core.webui.common.WebUiCommonHelper.findWebElements(WebUiCommonHelper.java:720)
	at com.kms.katalon.core.webui.keyword.internal.WebUIAbstractKeyword.findWebElements(WebUIAbstractKeyword.groovy:32)
	at com.kms.katalon.core.webui.keyword.WebUiBuiltInKeywords.findWebElements(WebUiBuiltInKeywords.groovy:2860)
	at com.kms.katalon.core.webui.keyword.WebUiBuiltInKeywords$findWebElements$15.call(Unknown Source)
	at EmptyCart_RunAt_HP.run(EmptyCart_RunAt_HP:39)
	at com.kms.katalon.core.main.ScriptEngine.run(ScriptEngine.java:194)
	at com.kms.katalon.core.main.ScriptEngine.runScriptAsRawText(ScriptEngine.java:119)
	at com.kms.katalon.core.main.TestCaseExecutor.runScript(TestCaseExecutor.java:448)
	at com.kms.katalon.core.main.TestCaseExecutor.doExecute(TestCaseExecutor.java:439)
	at com.kms.katalon.core.main.TestCaseExecutor.processExecutionPhase(TestCaseExecutor.java:418)
	at com.kms.katalon.core.main.TestCaseExecutor.accessMainPhase(TestCaseExecutor.java:410)
	at com.kms.katalon.core.main.TestCaseExecutor.execute(TestCaseExecutor.java:285)
	at com.kms.katalon.core.main.TestCaseMain.runTestCase(TestCaseMain.java:144)
	at com.kms.katalon.core.keyword.builtin.CallTestCaseKeyword$_callTestCase_closure1.doCall(CallTestCaseKeyword.groovy:59)
	at com.kms.katalon.core.keyword.builtin.CallTestCaseKeyword$_callTestCase_closure1.call(CallTestCaseKeyword.groovy)
	at com.kms.katalon.core.keyword.internal.KeywordMain.runKeyword(KeywordMain.groovy:75)
	at com.kms.katalon.core.keyword.builtin.CallTestCaseKeyword.callTestCase(CallTestCaseKeyword.groovy:81)
	at com.kms.katalon.core.keyword.builtin.CallTestCaseKeyword.execute(CallTestCaseKeyword.groovy:44)
	at com.kms.katalon.core.keyword.internal.KeywordExecutor.executeKeywordForPlatform(KeywordExecutor.groovy:74)
	at com.kms.katalon.core.keyword.BuiltinKeywords.callTestCase(BuiltinKeywords.groovy:310)
	at TS_SMOKE_SUITE_082.run(TS_SMOKE_SUITE_082:31)
	at com.kms.katalon.core.main.ScriptEngine.run(ScriptEngine.java:194)
	at com.kms.katalon.core.main.ScriptEngine.runScriptAsRawText(ScriptEngine.java:119)
	at com.kms.katalon.core.main.TestCaseExecutor.runScript(TestCaseExecutor.java:448)
	at com.kms.katalon.core.main.TestCaseExecutor.doExecute(TestCaseExecutor.java:439)
	at com.kms.katalon.core.main.TestCaseExecutor.processExecutionPhase(TestCaseExecutor.java:418)
	at com.kms.katalon.core.main.TestCaseExecutor.accessMainPhase(TestCaseExecutor.java:410)
	at com.kms.katalon.core.main.TestCaseExecutor.execute(TestCaseExecutor.java:285)
	at com.kms.katalon.core.common.CommonExecutor.accessTestCaseMainPhase(CommonExecutor.java:65)
	at com.kms.katalon.core.main.TestSuiteExecutor.accessTestSuiteMainPhase(TestSuiteExecutor.java:148)
	at com.kms.katalon.core.main.TestSuiteExecutor.execute(TestSuiteExecutor.java:106)
	at com.kms.katalon.core.main.TestCaseMain.startTestSuite(TestCaseMain.java:187)
	at com.kms.katalon.core.main.TestCaseMain$startTestSuite$0.call(Unknown Source)
	at TempTestSuite1692673207080.run(TempTestSuite1692673207080.groovy:36)


2023-08-22 09:19:34 - [MESSAGE][WARNING] - Unable to call Test Case 'Test Cases/CommonMethods/EmptyCart_RunAt_HP' (Root cause: com.kms.katalon.core.exception.StepErrorException: Call Test Case 'Test Cases/CommonMethods/EmptyCart_RunAt_HP' failed because of error(s)
	at com.kms.katalon.core.keyword.builtin.CallTestCaseKeyword$_callTestCase_closure1.doCall(CallTestCaseKeyword.groovy:66)
	at com.kms.katalon.core.keyword.builtin.CallTestCaseKeyword$_callTestCase_closure1.call(CallTestCaseKeyword.groovy)
	at com.kms.katalon.core.keyword.internal.KeywordMain.runKeyword(KeywordMain.groovy:75)
	at com.kms.katalon.core.keyword.builtin.CallTestCaseKeyword.callTestCase(CallTestCaseKeyword.groovy:81)
	at com.kms.katalon.core.keyword.builtin.CallTestCaseKeyword.execute(CallTestCaseKeyword.groovy:44)
	at com.kms.katalon.core.keyword.internal.KeywordExecutor.executeKeywordForPlatform(KeywordExecutor.groovy:74)
	at com.kms.katalon.core.keyword.BuiltinKeywords.callTestCase(BuiltinKeywords.groovy:310)
	at TS_SMOKE_SUITE_082.run(TS_SMOKE_SUITE_082:31)
	at com.kms.katalon.core.main.ScriptEngine.run(ScriptEngine.java:194)
	at com.kms.katalon.core.main.ScriptEngine.runScriptAsRawText(ScriptEngine.java:119)
	at com.kms.katalon.core.main.TestCaseExecutor.runScript(TestCaseExecutor.java:448)
	at com.kms.katalon.core.main.TestCaseExecutor.doExecute(TestCaseExecutor.java:439)
	at com.kms.katalon.core.main.TestCaseExecutor.processExecutionPhase(TestCaseExecutor.java:418)
	at com.kms.katalon.core.main.TestCaseExecutor.accessMainPhase(TestCaseExecutor.java:410)
	at com.kms.katalon.core.main.TestCaseExecutor.execute(TestCaseExecutor.java:285)
	at com.kms.katalon.core.common.CommonExecutor.accessTestCaseMainPhase(CommonExecutor.java:65)
	at com.kms.katalon.core.main.TestSuiteExecutor.accessTestSuiteMainPhase(TestSuiteExecutor.java:148)
	at com.kms.katalon.core.main.TestSuiteExecutor.execute(TestSuiteExecutor.java:106)
	at com.kms.katalon.core.main.TestCaseMain.startTestSuite(TestCaseMain.java:187)
	at com.kms.katalon.core.main.TestCaseMain$startTestSuite$0.call(Unknown Source)
	at TempTestSuite1692673207080.run(TempTestSuite1692673207080.groovy:36)
Caused by: java.lang.NullPointerException
	at com.kms.katalon.core.webui.common.WebUiCommonHelper.findElementsBySelectedMethod(WebUiCommonHelper.java:896)
	at com.kms.katalon.core.webui.common.WebUiCommonHelper.findElementsByDefault(WebUiCommonHelper.java:892)
	at com.kms.katalon.core.webui.common.WebUiCommonHelper.findWebElements(WebUiCommonHelper.java:720)
	at com.kms.katalon.core.webui.keyword.internal.WebUIAbstractKeyword.findWebElements(WebUIAbstractKeyword.groovy:32)
	at com.kms.katalon.core.webui.keyword.WebUiBuiltInKeywords.findWebElements(WebUiBuiltInKeywords.groovy:2860)
	at com.kms.katalon.core.webui.keyword.WebUiBuiltInKeywords$findWebElements$15.call(Unknown Source)
	at EmptyCart_RunAt_HP.run(EmptyCart_RunAt_HP:39)
	at com.kms.katalon.core.main.ScriptEngine.run(ScriptEngine.java:194)
	at com.kms.katalon.core.main.ScriptEngine.runScriptAsRawText(ScriptEngine.java:119)
	at com.kms.katalon.core.main.TestCaseExecutor.runScript(TestCaseExecutor.java:448)
	at com.kms.katalon.core.main.TestCaseExecutor.doExecute(TestCaseExecutor.java:439)
	at com.kms.katalon.core.main.TestCaseExecutor.processExecutionPhase(TestCaseExecutor.java:418)
	at com.kms.katalon.core.main.TestCaseExecutor.accessMainPhase(TestCaseExecutor.java:410)
	at com.kms.katalon.core.main.TestCaseExecutor.execute(TestCaseExecutor.java:285)
	at com.kms.katalon.core.main.TestCaseMain.runTestCase(TestCaseMain.java:144)
	at com.kms.katalon.core.keyword.builtin.CallTestCaseKeyword$_callTestCase_closure1.doCall(CallTestCaseKeyword.groovy:59)
	... 20 more
)

2023-08-22 09:19:34 - [TEST_STEP][PASSED] - click(findTestObject("HomePage/Logo_hp")): Object: 'Object Repository/HomePage/Logo_hp' is clicked on

2023-08-22 09:19:35 - [MESSAGE][PASSED] - Object: 'Object Repository/HomePage/Logo_hp' is clicked on

2023-08-22 09:19:35 - [TEST_STEP][PASSED] - callTestCase(findTestCase("CommonMethods/SearchForAProduct_search"), ["searchTerm":SLProduct], STOP_ON_FAILURE): Call Test Case 'Test Cases/CommonMethods/SearchForAProduct_search' successfully

2023-08-22 09:19:35 - [TEST_CASE][PASSED] - Test Cases/CommonMethods/SearchForAProduct_search: Test Cases/CommonMethods/SearchForAProduct_search

2023-08-22 09:19:35 - [TEST_STEP][PASSED] - click(findTestObject("HomePage/Buscar1"), STOP_ON_FAILURE): Object: 'Object Repository/HomePage/Buscar1' is clicked on

2023-08-22 09:19:36 - [MESSAGE][PASSED] - Object: 'Object Repository/HomePage/Buscar1' is clicked on

2023-08-22 09:19:36 - [TEST_STEP][PASSED] - delay(3): Delayed 3 second(s)

2023-08-22 09:19:39 - [MESSAGE][PASSED] - Delayed 3 second(s)

2023-08-22 09:19:39 - [TEST_STEP][PASSED] - setText(findTestObject("HomePage/Buscar1"), searchTerm): Text 'vaso' is set on object 'Object Repository/HomePage/Buscar1'

2023-08-22 09:19:40 - [MESSAGE][PASSED] - Text 'vaso' is set on object 'Object Repository/HomePage/Buscar1'

2023-08-22 09:19:40 - [TEST_STEP][PASSED] - delay(3): Delayed 3 second(s)

2023-08-22 09:19:43 - [MESSAGE][PASSED] - Delayed 3 second(s)

2023-08-22 09:19:43 - [TEST_STEP][PASSED] - sendKeys(findTestObject("HomePage/Seach_TextBox_hp"), Keys.chord(ENTER)): Keys 'ENTER + ' sent to object: 'Object Repository/HomePage/Seach_TextBox_hp'

2023-08-22 09:19:43 - [MESSAGE][PASSED] - Keys 'ENTER + ' sent to object: 'Object Repository/HomePage/Seach_TextBox_hp'

2023-08-22 09:19:43 - [MESSAGE][PASSED] - Call Test Case 'Test Cases/CommonMethods/SearchForAProduct_search' successfully

2023-08-22 09:19:43 - [TEST_STEP][PASSED] - delay(3): Delayed 3 second(s)

2023-08-22 09:19:46 - [MESSAGE][PASSED] - Delayed 3 second(s)

2023-08-22 09:19:46 - [TEST_STEP][PASSED] - click(findTestObject("PLPPage/product1_PLP"), OPTIONAL): Object: 'Object Repository/PLPPage/product1_PLP' is clicked on

2023-08-22 09:19:56 - [MESSAGE][PASSED] - Object: 'Object Repository/PLPPage/product1_PLP' is clicked on

2023-08-22 09:19:56 - [TEST_STEP][PASSED] - click(findTestObject("PDPPage/AddToCart_PDP")): Object: 'Object Repository/PDPPage/AddToCart_PDP' is clicked on

2023-08-22 09:20:19 - [MESSAGE][PASSED] - Object: 'Object Repository/PDPPage/AddToCart_PDP' is clicked on

2023-08-22 09:20:19 - [TEST_STEP][PASSED] - click(findTestObject("HomePage/bag_header_HP")): Object: 'Object Repository/HomePage/bag_header_HP' is clicked on

2023-08-22 09:20:23 - [MESSAGE][PASSED] - Object: 'Object Repository/HomePage/bag_header_HP' is clicked on

2023-08-22 09:20:23 - [TEST_STEP][PASSED] - click(findTestObject("CartPage/BuyButton_Cart")): Object: 'Object Repository/CartPage/BuyButton_Cart' is clicked on

2023-08-22 09:20:26 - [MESSAGE][PASSED] - Object: 'Object Repository/CartPage/BuyButton_Cart' is clicked on

2023-08-22 09:20:26 - [TEST_STEP][PASSED] - click(findTestObject("OPCPage/paymentMethod_change_OPC")): Object: 'Object Repository/OPCPage/paymentMethod_change_OPC' is clicked on

2023-08-22 09:20:35 - [MESSAGE][PASSED] - Object: 'Object Repository/OPCPage/paymentMethod_change_OPC' is clicked on

2023-08-22 09:20:35 - [TEST_STEP][PASSED] - scrollToElement(findTestObject("OPCPage/card3_Option_OPC"), 0): Scroll to object 'Object Repository/OPCPage/card3_Option_OPC' successfully

2023-08-22 09:20:35 - [MESSAGE][WARNING] - Timeout '0' is invalid. Using default page load timeout: '30'

2023-08-22 09:20:37 - [MESSAGE][PASSED] - Scroll to object 'Object Repository/OPCPage/card3_Option_OPC' successfully

2023-08-22 09:20:37 - [TEST_STEP][PASSED] - delay(3): Delayed 3 second(s)

2023-08-22 09:20:40 - [MESSAGE][PASSED] - Delayed 3 second(s)

2023-08-22 09:20:40 - [TEST_STEP][PASSED] - click(findTestObject("OPCPage/card3_Option_OPC")): Object: 'Object Repository/OPCPage/card3_Option_OPC' is clicked on

2023-08-22 09:20:40 - [MESSAGE][PASSED] - Object: 'Object Repository/OPCPage/card3_Option_OPC' is clicked on

2023-08-22 09:20:40 - [TEST_STEP][PASSED] - delay(3): Delayed 3 second(s)

2023-08-22 09:20:43 - [MESSAGE][PASSED] - Delayed 3 second(s)

2023-08-22 09:20:43 - [TEST_STEP][PASSED] - click(findTestObject("OPCPage/option2DropDown_editos_card_OPC")): Object: 'Object Repository/OPCPage/option2DropDown_editos_card_OPC' is clicked on

2023-08-22 09:20:44 - [MESSAGE][PASSED] - Object: 'Object Repository/OPCPage/option2DropDown_editos_card_OPC' is clicked on

2023-08-22 09:20:44 - [TEST_STEP][PASSED] - sendKeys(findTestObject("OPCPage/AddressSection_card_popup_enterPINCODE_OPC"), Keys.chord(CONTROL, "a")): Keys 'CONTROL + a' sent to object: 'Object Repository/OPCPage/AddressSection_card_popup_enterPINCODE_OPC'

2023-08-22 09:20:51 - [MESSAGE][PASSED] - Keys 'CONTROL + a' sent to object: 'Object Repository/OPCPage/AddressSection_card_popup_enterPINCODE_OPC'

2023-08-22 09:20:51 - [TEST_STEP][PASSED] - delay(5): Delayed 5 second(s)

2023-08-22 09:20:56 - [MESSAGE][PASSED] - Delayed 5 second(s)

2023-08-22 09:20:56 - [TEST_STEP][PASSED] - sendKeys(findTestObject("OPCPage/AddressSection_card_popup_enterPINCODE_OPC"), Keys.chord(BACK_SPACE)): Keys 'BACK_SPACE + ' sent to object: 'Object Repository/OPCPage/AddressSection_card_popup_enterPINCODE_OPC'

2023-08-22 09:20:57 - [MESSAGE][PASSED] - Keys 'BACK_SPACE + ' sent to object: 'Object Repository/OPCPage/AddressSection_card_popup_enterPINCODE_OPC'

2023-08-22 09:20:57 - [TEST_STEP][PASSED] - clearText(findTestObject("OPCPage/AddressSection_card_popup_enterPINCODE_OPC"), STOP_ON_FAILURE): Text of object 'Object Repository/OPCPage/AddressSection_card_popup_enterPINCODE_OPC' is cleared

2023-08-22 09:20:58 - [MESSAGE][PASSED] - Text of object 'Object Repository/OPCPage/AddressSection_card_popup_enterPINCODE_OPC' is cleared

2023-08-22 09:20:58 - [TEST_STEP][PASSED] - delay(5): Delayed 5 second(s)

2023-08-22 09:21:03 - [MESSAGE][PASSED] - Delayed 5 second(s)

2023-08-22 09:21:03 - [TEST_STEP][PASSED] - cpCode = "11011": null

2023-08-22 09:21:03 - [TEST_STEP][PASSED] - setText(findTestObject("OPCPage/AddressSection_card_popup_enterPINCODE_OPC"), cpCode): Text '11011' is set on object 'Object Repository/OPCPage/AddressSection_card_popup_enterPINCODE_OPC'

2023-08-22 09:21:03 - [MESSAGE][PASSED] - Text '11011' is set on object 'Object Repository/OPCPage/AddressSection_card_popup_enterPINCODE_OPC'

2023-08-22 09:21:03 - [TEST_STEP][FAILED] - click(findTestObject("OPCPage/cardContinue_checkout_popUP")): Unable to click on object 'Object Repository/OPCPage/cardContinue_checkout_popUP' (Root cause: com.kms.katalon.core.exception.StepFailedException: Unable to click on object 'Object Repository/OPCPage/cardContinue_checkout_popUP'
	at com.kms.katalon.core.webui.keyword.internal.WebUIKeywordMain.stepFailed(WebUIKeywordMain.groovy:64)
	at com.kms.katalon.core.webui.keyword.internal.WebUIKeywordMain.runKeyword(WebUIKeywordMain.groovy:26)
	at com.kms.katalon.core.webui.keyword.builtin.ClickKeyword.click(ClickKeyword.groovy:74)
	at com.kms.katalon.core.webui.keyword.builtin.ClickKeyword.execute(ClickKeyword.groovy:40)
	at com.kms.katalon.core.keyword.internal.KeywordExecutor.executeKeywordForPlatform(KeywordExecutor.groovy:74)
	at com.kms.katalon.core.webui.keyword.WebUiBuiltInKeywords.click(WebUiBuiltInKeywords.groovy:620)
	at com.kms.katalon.core.webui.keyword.WebUiBuiltInKeywords$click$2.call(Unknown Source)
	at TS_SMOKE_SUITE_082.run(TS_SMOKE_SUITE_082:75)
	at com.kms.katalon.core.main.ScriptEngine.run(ScriptEngine.java:194)
	at com.kms.katalon.core.main.ScriptEngine.runScriptAsRawText(ScriptEngine.java:119)
	at com.kms.katalon.core.main.TestCaseExecutor.runScript(TestCaseExecutor.java:448)
	at com.kms.katalon.core.main.TestCaseExecutor.doExecute(TestCaseExecutor.java:439)
	at com.kms.katalon.core.main.TestCaseExecutor.processExecutionPhase(TestCaseExecutor.java:418)
	at com.kms.katalon.core.main.TestCaseExecutor.accessMainPhase(TestCaseExecutor.java:410)
	at com.kms.katalon.core.main.TestCaseExecutor.execute(TestCaseExecutor.java:285)
	at com.kms.katalon.core.common.CommonExecutor.accessTestCaseMainPhase(CommonExecutor.java:65)
	at com.kms.katalon.core.main.TestSuiteExecutor.accessTestSuiteMainPhase(TestSuiteExecutor.java:148)
	at com.kms.katalon.core.main.TestSuiteExecutor.execute(TestSuiteExecutor.java:106)
	at com.kms.katalon.core.main.TestCaseMain.startTestSuite(TestCaseMain.java:187)
	at com.kms.katalon.core.main.TestCaseMain$startTestSuite$0.call(Unknown Source)
	at TempTestSuite1692673207080.run(TempTestSuite1692673207080.groovy:36)
Caused by: com.kms.katalon.core.webui.exception.WebElementNotFoundException: Web element with id: 'Object Repository/OPCPage/cardContinue_checkout_popUP' located by '//div[@class='opc_continuarModalloggedInCC isAndroid']//button' not found
	at com.kms.katalon.core.webui.common.WebUiCommonHelper.findWebElement(WebUiCommonHelper.java:1381)
	at com.kms.katalon.core.webui.keyword.internal.WebUIAbstractKeyword.findWebElement(WebUIAbstractKeyword.groovy:27)
	at com.kms.katalon.core.webui.keyword.builtin.ClickKeyword$_click_closure1.doCall(ClickKeyword.groovy:65)
	at com.kms.katalon.core.webui.keyword.builtin.ClickKeyword$_click_closure1.call(ClickKeyword.groovy)
	at com.kms.katalon.core.webui.keyword.internal.WebUIKeywordMain.runKeyword(WebUIKeywordMain.groovy:20)
	at com.kms.katalon.core.webui.keyword.builtin.ClickKeyword.click(ClickKeyword.groovy:74)
	at com.kms.katalon.core.webui.keyword.builtin.ClickKeyword.execute(ClickKeyword.groovy:40)
	at com.kms.katalon.core.keyword.internal.KeywordExecutor.executeKeywordForPlatform(KeywordExecutor.groovy:74)
	at com.kms.katalon.core.webui.keyword.WebUiBuiltInKeywords.click(WebUiBuiltInKeywords.groovy:620)
	at com.kms.katalon.core.webui.keyword.WebUiBuiltInKeywords$click$2.call(Unknown Source)
	at Script1691553342759.run(Script1691553342759.groovy:75)
	... 13 more
)

2023-08-22 09:21:35 - [MESSAGE][INFO] - Unable to find the element located by 'By.xpath: //div[@class='opc_continuarModalloggedInCC isAndroid']//button'. Please recheck the objects properties to make sure the desired element is located. 

2023-08-22 09:21:35 - [MESSAGE][FAILED] - Unable to click on object 'Object Repository/OPCPage/cardContinue_checkout_popUP' (Root cause: com.kms.katalon.core.exception.StepFailedException: Unable to click on object 'Object Repository/OPCPage/cardContinue_checkout_popUP'
	at com.kms.katalon.core.webui.keyword.internal.WebUIKeywordMain.stepFailed(WebUIKeywordMain.groovy:64)
	at com.kms.katalon.core.webui.keyword.internal.WebUIKeywordMain.runKeyword(WebUIKeywordMain.groovy:26)
	at com.kms.katalon.core.webui.keyword.builtin.ClickKeyword.click(ClickKeyword.groovy:74)
	at com.kms.katalon.core.webui.keyword.builtin.ClickKeyword.execute(ClickKeyword.groovy:40)
	at com.kms.katalon.core.keyword.internal.KeywordExecutor.executeKeywordForPlatform(KeywordExecutor.groovy:74)
	at com.kms.katalon.core.webui.keyword.WebUiBuiltInKeywords.click(WebUiBuiltInKeywords.groovy:620)
	at com.kms.katalon.core.webui.keyword.WebUiBuiltInKeywords$click$2.call(Unknown Source)
	at TS_SMOKE_SUITE_082.run(TS_SMOKE_SUITE_082:75)
	at com.kms.katalon.core.main.ScriptEngine.run(ScriptEngine.java:194)
	at com.kms.katalon.core.main.ScriptEngine.runScriptAsRawText(ScriptEngine.java:119)
	at com.kms.katalon.core.main.TestCaseExecutor.runScript(TestCaseExecutor.java:448)
	at com.kms.katalon.core.main.TestCaseExecutor.doExecute(TestCaseExecutor.java:439)
	at com.kms.katalon.core.main.TestCaseExecutor.processExecutionPhase(TestCaseExecutor.java:418)
	at com.kms.katalon.core.main.TestCaseExecutor.accessMainPhase(TestCaseExecutor.java:410)
	at com.kms.katalon.core.main.TestCaseExecutor.execute(TestCaseExecutor.java:285)
	at com.kms.katalon.core.common.CommonExecutor.accessTestCaseMainPhase(CommonExecutor.java:65)
	at com.kms.katalon.core.main.TestSuiteExecutor.accessTestSuiteMainPhase(TestSuiteExecutor.java:148)
	at com.kms.katalon.core.main.TestSuiteExecutor.execute(TestSuiteExecutor.java:106)
	at com.kms.katalon.core.main.TestCaseMain.startTestSuite(TestCaseMain.java:187)
	at com.kms.katalon.core.main.TestCaseMain$startTestSuite$0.call(Unknown Source)
	at TempTestSuite1692673207080.run(TempTestSuite1692673207080.groovy:36)
Caused by: com.kms.katalon.core.webui.exception.WebElementNotFoundException: Web element with id: 'Object Repository/OPCPage/cardContinue_checkout_popUP' located by '//div[@class='opc_continuarModalloggedInCC isAndroid']//button' not found
	at com.kms.katalon.core.webui.common.WebUiCommonHelper.findWebElement(WebUiCommonHelper.java:1381)
	at com.kms.katalon.core.webui.keyword.internal.WebUIAbstractKeyword.findWebElement(WebUIAbstractKeyword.groovy:27)
	at com.kms.katalon.core.webui.keyword.builtin.ClickKeyword$_click_closure1.doCall(ClickKeyword.groovy:65)
	at com.kms.katalon.core.webui.keyword.builtin.ClickKeyword$_click_closure1.call(ClickKeyword.groovy)
	at com.kms.katalon.core.webui.keyword.internal.WebUIKeywordMain.runKeyword(WebUIKeywordMain.groovy:20)
	at com.kms.katalon.core.webui.keyword.builtin.ClickKeyword.click(ClickKeyword.groovy:74)
	at com.kms.katalon.core.webui.keyword.builtin.ClickKeyword.execute(ClickKeyword.groovy:40)
	at com.kms.katalon.core.keyword.internal.KeywordExecutor.executeKeywordForPlatform(KeywordExecutor.groovy:74)
	at com.kms.katalon.core.webui.keyword.WebUiBuiltInKeywords.click(WebUiBuiltInKeywords.groovy:620)
	at com.kms.katalon.core.webui.keyword.WebUiBuiltInKeywords$click$2.call(Unknown Source)
	at Script1691553342759.run(Script1691553342759.groovy:75)
	... 13 more
)
[[ATTACHMENT|D:\\backup\\LiverpoolProject_SmokeSuite\\Reports\\20230822_083007\\SmokeSuite_AllModules\\20230822_083007\\1692676295228.png]]]]></system-out>
         <system-err><![CDATA[2023-08-22 09:17:18 - [TEST_CASE][FAILED] - Test Cases/Checkout/TS_SMOKE_SUITE_082: Test Cases/Checkout/TS_SMOKE_SUITE_082 FAILED.
Reason:
com.kms.katalon.core.exception.StepFailedException: Unable to click on object 'Object Repository/OPCPage/cardContinue_checkout_popUP'
	at com.kms.katalon.core.webui.keyword.internal.WebUIKeywordMain.stepFailed(WebUIKeywordMain.groovy:64)
	at com.kms.katalon.core.webui.keyword.internal.WebUIKeywordMain.runKeyword(WebUIKeywordMain.groovy:26)
	at com.kms.katalon.core.webui.keyword.builtin.ClickKeyword.click(ClickKeyword.groovy:74)
	at com.kms.katalon.core.webui.keyword.builtin.ClickKeyword.execute(ClickKeyword.groovy:40)
	at com.kms.katalon.core.keyword.internal.KeywordExecutor.executeKeywordForPlatform(KeywordExecutor.groovy:74)
	at com.kms.katalon.core.webui.keyword.WebUiBuiltInKeywords.click(WebUiBuiltInKeywords.groovy:620)
	at com.kms.katalon.core.webui.keyword.WebUiBuiltInKeywords$click$2.call(Unknown Source)
	at TS_SMOKE_SUITE_082.run(TS_SMOKE_SUITE_082:75)
	at com.kms.katalon.core.main.ScriptEngine.run(ScriptEngine.java:194)
	at com.kms.katalon.core.main.ScriptEngine.runScriptAsRawText(ScriptEngine.java:119)
	at com.kms.katalon.core.main.TestCaseExecutor.runScript(TestCaseExecutor.java:448)
	at com.kms.katalon.core.main.TestCaseExecutor.doExecute(TestCaseExecutor.java:439)
	at com.kms.katalon.core.main.TestCaseExecutor.processExecutionPhase(TestCaseExecutor.java:418)
	at com.kms.katalon.core.main.TestCaseExecutor.accessMainPhase(TestCaseExecutor.java:410)
	at com.kms.katalon.core.main.TestCaseExecutor.execute(TestCaseExecutor.java:285)
	at com.kms.katalon.core.common.CommonExecutor.accessTestCaseMainPhase(CommonExecutor.java:65)
	at com.kms.katalon.core.main.TestSuiteExecutor.accessTestSuiteMainPhase(TestSuiteExecutor.java:148)
	at com.kms.katalon.core.main.TestSuiteExecutor.execute(TestSuiteExecutor.java:106)
	at com.kms.katalon.core.main.TestCaseMain.startTestSuite(TestCaseMain.java:187)
	at com.kms.katalon.core.main.TestCaseMain$startTestSuite$0.call(Unknown Source)
	at TempTestSuite1692673207080.run(TempTestSuite1692673207080.groovy:36)
Caused by: com.kms.katalon.core.webui.exception.WebElementNotFoundException: Web element with id: 'Object Repository/OPCPage/cardContinue_checkout_popUP' located by '//div[@class='opc_continuarModalloggedInCC isAndroid']//button' not found
	at com.kms.katalon.core.webui.common.WebUiCommonHelper.findWebElement(WebUiCommonHelper.java:1381)
	at com.kms.katalon.core.webui.keyword.internal.WebUIAbstractKeyword.findWebElement(WebUIAbstractKeyword.groovy:27)
	at com.kms.katalon.core.webui.keyword.builtin.ClickKeyword$_click_closure1.doCall(ClickKeyword.groovy:65)
	at com.kms.katalon.core.webui.keyword.builtin.ClickKeyword$_click_closure1.call(ClickKeyword.groovy)
	at com.kms.katalon.core.webui.keyword.internal.WebUIKeywordMain.runKeyword(WebUIKeywordMain.groovy:20)
	... 19 more]]></system-err>
      </testcase>
      <testcase name="Test Cases/Checkout/TS_SMOKE_SUITE_083" time="201.392" classname="Test Cases/Checkout/TS_SMOKE_SUITE_083" status="PASSED">
         <system-out><![CDATA[2023-08-22 09:21:35 - [TEST_CASE][PASSED] - Test Cases/Checkout/TS_SMOKE_SUITE_083: Test Cases/Checkout/TS_SMOKE_SUITE_083

2023-08-22 09:21:36 - [TEST_STEP][PASSED] - openBrowser(""): Browser is opened with url: ''

2023-08-22 09:21:36 - [MESSAGE][WARNING] - A browser is already opened. Closing browser and opening a new one

2023-08-22 09:21:37 - [MESSAGE][INFO] - Starting 'Chrome' driver

2023-08-22 09:21:37 - [MESSAGE][INFO] - Action delay is set to 0 milliseconds

2023-08-22 09:21:38 - [MESSAGE][PASSED] - Browser is opened with url: ''

2023-08-22 09:21:38 - [TEST_STEP][PASSED] - navigateToUrl(URL): Navigate to 'https://odtaqaa.liverpool.com.mx/tienda/home' successfully

2023-08-22 09:22:25 - [MESSAGE][PASSED] - Navigate to 'https://odtaqaa.liverpool.com.mx/tienda/home' successfully

2023-08-22 09:22:25 - [TEST_STEP][PASSED] - maximizeWindow(): Current window maximized

2023-08-22 09:22:25 - [MESSAGE][PASSED] - Current window maximized

2023-08-22 09:22:25 - [TEST_STEP][PASSED] - click(findTestObject("HomePage/Iniciar sesion")): Object: 'Object Repository/HomePage/Iniciar sesion' is clicked on

2023-08-22 09:22:26 - [MESSAGE][PASSED] - Object: 'Object Repository/HomePage/Iniciar sesion' is clicked on

2023-08-22 09:22:26 - [TEST_STEP][PASSED] - callTestCase(findTestCase("CommonMethods/login_odtaqab"), [:], STOP_ON_FAILURE): Call Test Case 'Test Cases/CommonMethods/login_odtaqab' successfully

2023-08-22 09:22:26 - [TEST_CASE][PASSED] - Test Cases/CommonMethods/login_odtaqab: Test Cases/CommonMethods/login_odtaqab

2023-08-22 09:22:26 - [TEST_STEP][PASSED] - click(findTestObject("HomePage/Iniciar sesion")): Object: 'Object Repository/HomePage/Iniciar sesion' is clicked on

2023-08-22 09:22:27 - [MESSAGE][PASSED] - Object: 'Object Repository/HomePage/Iniciar sesion' is clicked on

2023-08-22 09:22:27 - [TEST_STEP][PASSED] - click(findTestObject("HomePage/EnterUsername_LP")): Object: 'Object Repository/HomePage/EnterUsername_LP' is clicked on

2023-08-22 09:22:42 - [MESSAGE][PASSED] - Object: 'Object Repository/HomePage/EnterUsername_LP' is clicked on

2023-08-22 09:22:42 - [TEST_STEP][PASSED] - setText(findTestObject("HomePage/EnterUsername_LP"), username): Text 'hcheruvu29@digisprint.com' is set on object 'Object Repository/HomePage/EnterUsername_LP'

2023-08-22 09:22:43 - [MESSAGE][PASSED] - Text 'hcheruvu29@digisprint.com' is set on object 'Object Repository/HomePage/EnterUsername_LP'

2023-08-22 09:22:43 - [TEST_STEP][PASSED] - delay(2): Delayed 2 second(s)

2023-08-22 09:22:45 - [MESSAGE][PASSED] - Delayed 2 second(s)

2023-08-22 09:22:45 - [TEST_STEP][PASSED] - click(findTestObject("HomePage/EnterPassword_LP")): Object: 'Object Repository/HomePage/EnterPassword_LP' is clicked on

2023-08-22 09:22:46 - [MESSAGE][PASSED] - Object: 'Object Repository/HomePage/EnterPassword_LP' is clicked on

2023-08-22 09:22:46 - [TEST_STEP][PASSED] - delay(2): Delayed 2 second(s)

2023-08-22 09:22:48 - [MESSAGE][PASSED] - Delayed 2 second(s)

2023-08-22 09:22:48 - [TEST_STEP][PASSED] - setText(findTestObject("HomePage/EnterPassword_LP"), password): Text 'Test@12345' is set on object 'Object Repository/HomePage/EnterPassword_LP'

2023-08-22 09:22:48 - [MESSAGE][PASSED] - Text 'Test@12345' is set on object 'Object Repository/HomePage/EnterPassword_LP'

2023-08-22 09:22:48 - [TEST_STEP][PASSED] - click(findTestObject("HomePage/inciar")): Object: 'Object Repository/HomePage/inciar' is clicked on

2023-08-22 09:23:02 - [MESSAGE][PASSED] - Object: 'Object Repository/HomePage/inciar' is clicked on

2023-08-22 09:23:02 - [MESSAGE][PASSED] - Call Test Case 'Test Cases/CommonMethods/login_odtaqab' successfully

2023-08-22 09:23:02 - [TEST_STEP][PASSED] - callTestCase(findTestCase("CommonMethods/SearchForAProduct_search"), ["searchTerm":SLProduct], STOP_ON_FAILURE): Call Test Case 'Test Cases/CommonMethods/SearchForAProduct_search' successfully

2023-08-22 09:23:02 - [TEST_CASE][PASSED] - Test Cases/CommonMethods/SearchForAProduct_search: Test Cases/CommonMethods/SearchForAProduct_search

2023-08-22 09:23:02 - [TEST_STEP][PASSED] - click(findTestObject("HomePage/Buscar1"), STOP_ON_FAILURE): Object: 'Object Repository/HomePage/Buscar1' is clicked on

2023-08-22 09:23:56 - [MESSAGE][PASSED] - Object: 'Object Repository/HomePage/Buscar1' is clicked on

2023-08-22 09:23:56 - [TEST_STEP][PASSED] - delay(3): Delayed 3 second(s)

2023-08-22 09:23:59 - [MESSAGE][PASSED] - Delayed 3 second(s)

2023-08-22 09:23:59 - [TEST_STEP][PASSED] - setText(findTestObject("HomePage/Buscar1"), searchTerm): Text 'vaso' is set on object 'Object Repository/HomePage/Buscar1'

2023-08-22 09:24:00 - [MESSAGE][PASSED] - Text 'vaso' is set on object 'Object Repository/HomePage/Buscar1'

2023-08-22 09:24:00 - [TEST_STEP][PASSED] - delay(3): Delayed 3 second(s)

2023-08-22 09:24:03 - [MESSAGE][PASSED] - Delayed 3 second(s)

2023-08-22 09:24:03 - [TEST_STEP][PASSED] - sendKeys(findTestObject("HomePage/Seach_TextBox_hp"), Keys.chord(ENTER)): Keys 'ENTER + ' sent to object: 'Object Repository/HomePage/Seach_TextBox_hp'

2023-08-22 09:24:06 - [MESSAGE][PASSED] - Keys 'ENTER + ' sent to object: 'Object Repository/HomePage/Seach_TextBox_hp'

2023-08-22 09:24:06 - [MESSAGE][PASSED] - Call Test Case 'Test Cases/CommonMethods/SearchForAProduct_search' successfully

2023-08-22 09:24:06 - [TEST_STEP][PASSED] - click(findTestObject("PLPPage/product2_cardPrice_PLP"), OPTIONAL): Object: 'Object Repository/PLPPage/product2_cardPrice_PLP' is clicked on

2023-08-22 09:24:22 - [MESSAGE][PASSED] - Object: 'Object Repository/PLPPage/product2_cardPrice_PLP' is clicked on

2023-08-22 09:24:22 - [TEST_STEP][PASSED] - click(findTestObject("PDPPage/AddToCart_PDP")): Object: 'Object Repository/PDPPage/AddToCart_PDP' is clicked on

2023-08-22 09:24:37 - [MESSAGE][PASSED] - Object: 'Object Repository/PDPPage/AddToCart_PDP' is clicked on

2023-08-22 09:24:37 - [TEST_STEP][PASSED] - click(findTestObject("HomePage/bag_header_HP")): Object: 'Object Repository/HomePage/bag_header_HP' is clicked on

2023-08-22 09:24:42 - [MESSAGE][PASSED] - Object: 'Object Repository/HomePage/bag_header_HP' is clicked on

2023-08-22 09:24:42 - [TEST_STEP][PASSED] - click(findTestObject("CartPage/BuyButton_Cart")): Object: 'Object Repository/CartPage/BuyButton_Cart' is clicked on

2023-08-22 09:24:47 - [MESSAGE][PASSED] - Object: 'Object Repository/CartPage/BuyButton_Cart' is clicked on

2023-08-22 09:24:47 - [TEST_STEP][PASSED] - click(findTestObject("OPCPage/Final_comparar_OPC")): Object: 'Object Repository/OPCPage/Final_comparar_OPC' is clicked on

2023-08-22 09:24:55 - [MESSAGE][PASSED] - Object: 'Object Repository/OPCPage/Final_comparar_OPC' is clicked on

2023-08-22 09:24:55 - [TEST_STEP][PASSED] - verifyElementPresent(findTestObject("OPCPage/ConfirmOrder_Checkout"), 0): Object 'Object Repository/OPCPage/ConfirmOrder_Checkout' is present

2023-08-22 09:24:55 - [MESSAGE][WARNING] - Timeout '0' is invalid. Using default page load timeout: '30'

2023-08-22 09:24:56 - [MESSAGE][PASSED] - Object 'Object Repository/OPCPage/ConfirmOrder_Checkout' is present

2023-08-22 09:24:56 - [TEST_STEP][PASSED] - closeBrowser(): Browser is closed

2023-08-22 09:24:57 - [MESSAGE][PASSED] - Browser is closed]]></system-out>
         <system-err><![CDATA[]]></system-err>
      </testcase>
      <testcase name="Test Cases/Checkout/TS_SMOKE_SUITE_086" time="237.25" classname="Test Cases/Checkout/TS_SMOKE_SUITE_086" status="FAILED">
         <failure type="FAILED" message="Test Cases/Checkout/TS_SMOKE_SUITE_086 FAILED.
Reason:
com.kms.katalon.core.exception.StepFailedException: Call Test Case 'Test Cases/CommonMethods/login_odtaqab' failed
	at com.kms.katalon.core.keyword.builtin.CallTestCaseKeyword$_callTestCase_closure1.doCall(CallTestCaseKeyword.groovy:63)
	at com.kms.katalon.core.keyword.builtin.CallTestCaseKeyword$_callTestCase_closure1.call(CallTestCaseKeyword.groovy)
	at com.kms.katalon.core.keyword.internal.KeywordMain.runKeyword(KeywordMain.groovy:75)
	at com.kms.katalon.core.keyword.builtin.CallTestCaseKeyword.callTestCase(CallTestCaseKeyword.groovy:81)
	at com.kms.katalon.core.keyword.builtin.CallTestCaseKeyword.execute(CallTestCaseKeyword.groovy:44)
	at com.kms.katalon.core.keyword.internal.KeywordExecutor.executeKeywordForPlatform(KeywordExecutor.groovy:74)
	at com.kms.katalon.core.keyword.BuiltinKeywords.callTestCase(BuiltinKeywords.groovy:310)
	at TS_SMOKE_SUITE_086.run(TS_SMOKE_SUITE_086:48)
	at com.kms.katalon.core.main.ScriptEngine.run(ScriptEngine.java:194)
	at com.kms.katalon.core.main.ScriptEngine.runScriptAsRawText(ScriptEngine.java:119)
	at com.kms.katalon.core.main.TestCaseExecutor.runScript(TestCaseExecutor.java:448)
	at com.kms.katalon.core.main.TestCaseExecutor.doExecute(TestCaseExecutor.java:439)
	at com.kms.katalon.core.main.TestCaseExecutor.processExecutionPhase(TestCaseExecutor.java:418)
	at com.kms.katalon.core.main.TestCaseExecutor.accessMainPhase(TestCaseExecutor.java:410)
	at com.kms.katalon.core.main.TestCaseExecutor.execute(TestCaseExecutor.java:285)
	at com.kms.katalon.core.common.CommonExecutor.accessTestCaseMainPhase(CommonExecutor.java:65)
	at com.kms.katalon.core.main.TestSuiteExecutor.accessTestSuiteMainPhase(TestSuiteExecutor.java:148)
	at com.kms.katalon.core.main.TestSuiteExecutor.execute(TestSuiteExecutor.java:106)
	at com.kms.katalon.core.main.TestCaseMain.startTestSuite(TestCaseMain.java:187)
	at com.kms.katalon.core.main.TestCaseMain$startTestSuite$0.call(Unknown Source)
	at TempTestSuite1692673207080.run(TempTestSuite1692673207080.groovy:36)
Caused by: com.kms.katalon.core.exception.StepFailedException: Unable to click on object 'Object Repository/HomePage/Iniciar sesion'
	at com.kms.katalon.core.webui.keyword.internal.WebUIKeywordMain.stepFailed(WebUIKeywordMain.groovy:64)
	at com.kms.katalon.core.webui.keyword.internal.WebUIKeywordMain.runKeyword(WebUIKeywordMain.groovy:26)
	at com.kms.katalon.core.webui.keyword.builtin.ClickKeyword.click(ClickKeyword.groovy:74)
	at com.kms.katalon.core.webui.keyword.builtin.ClickKeyword.execute(ClickKeyword.groovy:40)
	at com.kms.katalon.core.keyword.internal.KeywordExecutor.executeKeywordForPlatform(KeywordExecutor.groovy:74)
	at com.kms.katalon.core.webui.keyword.WebUiBuiltInKeywords.click(WebUiBuiltInKeywords.groovy:620)
	at com.kms.katalon.core.webui.keyword.WebUiBuiltInKeywords$click$2.call(Unknown Source)
	at login_odtaqab.run(login_odtaqab:20)
	at com.kms.katalon.core.main.ScriptEngine.run(ScriptEngine.java:194)
	at com.kms.katalon.core.main.ScriptEngine.runScriptAsRawText(ScriptEngine.java:119)
	at com.kms.katalon.core.main.TestCaseExecutor.runScript(TestCaseExecutor.java:448)
	at com.kms.katalon.core.main.TestCaseExecutor.doExecute(TestCaseExecutor.java:439)
	at com.kms.katalon.core.main.TestCaseExecutor.processExecutionPhase(TestCaseExecutor.java:418)
	at com.kms.katalon.core.main.TestCaseExecutor.accessMainPhase(TestCaseExecutor.java:410)
	at com.kms.katalon.core.main.TestCaseExecutor.execute(TestCaseExecutor.java:285)
	at com.kms.katalon.core.main.TestCaseMain.runTestCase(TestCaseMain.java:144)
	at com.kms.katalon.core.keyword.builtin.CallTestCaseKeyword$_callTestCase_closure1.doCall(CallTestCaseKeyword.groovy:59)
	... 20 more
Caused by: com.kms.katalon.core.webui.exception.WebElementNotFoundException: Web element with id: 'Object Repository/HomePage/Iniciar sesion' located by '(//span[@class='a-header__topLink'])' not found
	at com.kms.katalon.core.webui.common.WebUiCommonHelper.findWebElement(WebUiCommonHelper.java:1381)
	at com.kms.katalon.core.webui.keyword.internal.WebUIAbstractKeyword.findWebElement(WebUIAbstractKeyword.groovy:27)
	at com.kms.katalon.core.webui.keyword.builtin.ClickKeyword$_click_closure1.doCall(ClickKeyword.groovy:65)
	at com.kms.katalon.core.webui.keyword.builtin.ClickKeyword$_click_closure1.call(ClickKeyword.groovy)
	at com.kms.katalon.core.webui.keyword.internal.WebUIKeywordMain.runKeyword(WebUIKeywordMain.groovy:20)
	... 35 more
"/>
         <system-out><![CDATA[2023-08-22 09:24:57 - [TEST_CASE][FAILED] - Test Cases/Checkout/TS_SMOKE_SUITE_086: Test Cases/Checkout/TS_SMOKE_SUITE_086 FAILED.
Reason:
com.kms.katalon.core.exception.StepFailedException: Call Test Case 'Test Cases/CommonMethods/login_odtaqab' failed
	at com.kms.katalon.core.keyword.builtin.CallTestCaseKeyword$_callTestCase_closure1.doCall(CallTestCaseKeyword.groovy:63)
	at com.kms.katalon.core.keyword.builtin.CallTestCaseKeyword$_callTestCase_closure1.call(CallTestCaseKeyword.groovy)
	at com.kms.katalon.core.keyword.internal.KeywordMain.runKeyword(KeywordMain.groovy:75)
	at com.kms.katalon.core.keyword.builtin.CallTestCaseKeyword.callTestCase(CallTestCaseKeyword.groovy:81)
	at com.kms.katalon.core.keyword.builtin.CallTestCaseKeyword.execute(CallTestCaseKeyword.groovy:44)
	at com.kms.katalon.core.keyword.internal.KeywordExecutor.executeKeywordForPlatform(KeywordExecutor.groovy:74)
	at com.kms.katalon.core.keyword.BuiltinKeywords.callTestCase(BuiltinKeywords.groovy:310)
	at TS_SMOKE_SUITE_086.run(TS_SMOKE_SUITE_086:48)
	at com.kms.katalon.core.main.ScriptEngine.run(ScriptEngine.java:194)
	at com.kms.katalon.core.main.ScriptEngine.runScriptAsRawText(ScriptEngine.java:119)
	at com.kms.katalon.core.main.TestCaseExecutor.runScript(TestCaseExecutor.java:448)
	at com.kms.katalon.core.main.TestCaseExecutor.doExecute(TestCaseExecutor.java:439)
	at com.kms.katalon.core.main.TestCaseExecutor.processExecutionPhase(TestCaseExecutor.java:418)
	at com.kms.katalon.core.main.TestCaseExecutor.accessMainPhase(TestCaseExecutor.java:410)
	at com.kms.katalon.core.main.TestCaseExecutor.execute(TestCaseExecutor.java:285)
	at com.kms.katalon.core.common.CommonExecutor.accessTestCaseMainPhase(CommonExecutor.java:65)
	at com.kms.katalon.core.main.TestSuiteExecutor.accessTestSuiteMainPhase(TestSuiteExecutor.java:148)
	at com.kms.katalon.core.main.TestSuiteExecutor.execute(TestSuiteExecutor.java:106)
	at com.kms.katalon.core.main.TestCaseMain.startTestSuite(TestCaseMain.java:187)
	at com.kms.katalon.core.main.TestCaseMain$startTestSuite$0.call(Unknown Source)
	at TempTestSuite1692673207080.run(TempTestSuite1692673207080.groovy:36)
Caused by: com.kms.katalon.core.exception.StepFailedException: Unable to click on object 'Object Repository/HomePage/Iniciar sesion'
	at com.kms.katalon.core.webui.keyword.internal.WebUIKeywordMain.stepFailed(WebUIKeywordMain.groovy:64)
	at com.kms.katalon.core.webui.keyword.internal.WebUIKeywordMain.runKeyword(WebUIKeywordMain.groovy:26)
	at com.kms.katalon.core.webui.keyword.builtin.ClickKeyword.click(ClickKeyword.groovy:74)
	at com.kms.katalon.core.webui.keyword.builtin.ClickKeyword.execute(ClickKeyword.groovy:40)
	at com.kms.katalon.core.keyword.internal.KeywordExecutor.executeKeywordForPlatform(KeywordExecutor.groovy:74)
	at com.kms.katalon.core.webui.keyword.WebUiBuiltInKeywords.click(WebUiBuiltInKeywords.groovy:620)
	at com.kms.katalon.core.webui.keyword.WebUiBuiltInKeywords$click$2.call(Unknown Source)
	at login_odtaqab.run(login_odtaqab:20)
	at com.kms.katalon.core.main.ScriptEngine.run(ScriptEngine.java:194)
	at com.kms.katalon.core.main.ScriptEngine.runScriptAsRawText(ScriptEngine.java:119)
	at com.kms.katalon.core.main.TestCaseExecutor.runScript(TestCaseExecutor.java:448)
	at com.kms.katalon.core.main.TestCaseExecutor.doExecute(TestCaseExecutor.java:439)
	at com.kms.katalon.core.main.TestCaseExecutor.processExecutionPhase(TestCaseExecutor.java:418)
	at com.kms.katalon.core.main.TestCaseExecutor.accessMainPhase(TestCaseExecutor.java:410)
	at com.kms.katalon.core.main.TestCaseExecutor.execute(TestCaseExecutor.java:285)
	at com.kms.katalon.core.main.TestCaseMain.runTestCase(TestCaseMain.java:144)
	at com.kms.katalon.core.keyword.builtin.CallTestCaseKeyword$_callTestCase_closure1.doCall(CallTestCaseKeyword.groovy:59)
	... 20 more
Caused by: com.kms.katalon.core.webui.exception.WebElementNotFoundException: Web element with id: 'Object Repository/HomePage/Iniciar sesion' located by '(//span[@class='a-header__topLink'])' not found
	at com.kms.katalon.core.webui.common.WebUiCommonHelper.findWebElement(WebUiCommonHelper.java:1381)
	at com.kms.katalon.core.webui.keyword.internal.WebUIAbstractKeyword.findWebElement(WebUIAbstractKeyword.groovy:27)
	at com.kms.katalon.core.webui.keyword.builtin.ClickKeyword$_click_closure1.doCall(ClickKeyword.groovy:65)
	at com.kms.katalon.core.webui.keyword.builtin.ClickKeyword$_click_closure1.call(ClickKeyword.groovy)
	at com.kms.katalon.core.webui.keyword.internal.WebUIKeywordMain.runKeyword(WebUIKeywordMain.groovy:20)
	... 35 more


2023-08-22 09:24:57 - [TEST_STEP][PASSED] - openBrowser(""): Browser is opened with url: ''

2023-08-22 09:24:57 - [MESSAGE][INFO] - Starting 'Chrome' driver

2023-08-22 09:24:57 - [MESSAGE][INFO] - Action delay is set to 0 milliseconds

2023-08-22 09:24:59 - [MESSAGE][PASSED] - Browser is opened with url: ''

2023-08-22 09:24:59 - [TEST_STEP][PASSED] - navigateToUrl(URL): Navigate to 'https://odtaqaa.liverpool.com.mx/tienda/home' successfully

2023-08-22 09:25:46 - [MESSAGE][PASSED] - Navigate to 'https://odtaqaa.liverpool.com.mx/tienda/home' successfully

2023-08-22 09:25:46 - [TEST_STEP][PASSED] - maximizeWindow(): Current window maximized

2023-08-22 09:25:46 - [MESSAGE][PASSED] - Current window maximized

2023-08-22 09:25:46 - [TEST_STEP][PASSED] - click(findTestObject("HomePage/Iniciar sesion")): Object: 'Object Repository/HomePage/Iniciar sesion' is clicked on

2023-08-22 09:25:47 - [MESSAGE][PASSED] - Object: 'Object Repository/HomePage/Iniciar sesion' is clicked on

2023-08-22 09:25:47 - [TEST_STEP][PASSED] - callTestCase(findTestCase("CommonMethods/loginFromHomePage"), ["username":Username, "password":Password], STOP_ON_FAILURE): Call Test Case 'Test Cases/CommonMethods/loginFromHomePage' successfully

2023-08-22 09:25:47 - [TEST_CASE][PASSED] - Test Cases/CommonMethods/loginFromHomePage: Test Cases/CommonMethods/loginFromHomePage

2023-08-22 09:25:47 - [TEST_STEP][PASSED] - delay(3): Delayed 3 second(s)

2023-08-22 09:25:50 - [MESSAGE][PASSED] - Delayed 3 second(s)

2023-08-22 09:25:50 - [TEST_STEP][PASSED] - click(findTestObject("HomePage/EnterUsername_LP")): Object: 'Object Repository/HomePage/EnterUsername_LP' is clicked on

2023-08-22 09:26:02 - [MESSAGE][PASSED] - Object: 'Object Repository/HomePage/EnterUsername_LP' is clicked on

2023-08-22 09:26:02 - [TEST_STEP][PASSED] - setText(findTestObject("HomePage/EnterUsername_LP"), username): Text 'hcheruvu29@digisprint.com' is set on object 'Object Repository/HomePage/EnterUsername_LP'

2023-08-22 09:26:03 - [MESSAGE][PASSED] - Text 'hcheruvu29@digisprint.com' is set on object 'Object Repository/HomePage/EnterUsername_LP'

2023-08-22 09:26:03 - [TEST_STEP][PASSED] - click(findTestObject("HomePage/EnterPassword_LP")): Object: 'Object Repository/HomePage/EnterPassword_LP' is clicked on

2023-08-22 09:26:04 - [MESSAGE][PASSED] - Object: 'Object Repository/HomePage/EnterPassword_LP' is clicked on

2023-08-22 09:26:04 - [TEST_STEP][PASSED] - setText(findTestObject("HomePage/EnterPassword_LP"), password): Text 'Test@12345' is set on object 'Object Repository/HomePage/EnterPassword_LP'

2023-08-22 09:26:04 - [MESSAGE][PASSED] - Text 'Test@12345' is set on object 'Object Repository/HomePage/EnterPassword_LP'

2023-08-22 09:26:04 - [TEST_STEP][PASSED] - click(findTestObject("HomePage/inciar")): Object: 'Object Repository/HomePage/inciar' is clicked on

2023-08-22 09:26:20 - [MESSAGE][PASSED] - Object: 'Object Repository/HomePage/inciar' is clicked on

2023-08-22 09:26:20 - [MESSAGE][PASSED] - Call Test Case 'Test Cases/CommonMethods/loginFromHomePage' successfully

2023-08-22 09:26:20 - [TEST_STEP][PASSED] - callTestCase(findTestCase("CommonMethods/SearchForAProduct_search"), ["searchTerm":SLProduct], STOP_ON_FAILURE): Call Test Case 'Test Cases/CommonMethods/SearchForAProduct_search' successfully

2023-08-22 09:26:20 - [TEST_CASE][PASSED] - Test Cases/CommonMethods/SearchForAProduct_search: Test Cases/CommonMethods/SearchForAProduct_search

2023-08-22 09:26:20 - [TEST_STEP][PASSED] - click(findTestObject("HomePage/Buscar1"), STOP_ON_FAILURE): Object: 'Object Repository/HomePage/Buscar1' is clicked on

2023-08-22 09:26:23 - [MESSAGE][PASSED] - Object: 'Object Repository/HomePage/Buscar1' is clicked on

2023-08-22 09:26:23 - [TEST_STEP][PASSED] - delay(3): Delayed 3 second(s)

2023-08-22 09:26:26 - [MESSAGE][PASSED] - Delayed 3 second(s)

2023-08-22 09:26:26 - [TEST_STEP][PASSED] - setText(findTestObject("HomePage/Buscar1"), searchTerm): Text 'vaso' is set on object 'Object Repository/HomePage/Buscar1'

2023-08-22 09:26:32 - [MESSAGE][PASSED] - Text 'vaso' is set on object 'Object Repository/HomePage/Buscar1'

2023-08-22 09:26:32 - [TEST_STEP][PASSED] - delay(3): Delayed 3 second(s)

2023-08-22 09:26:35 - [MESSAGE][PASSED] - Delayed 3 second(s)

2023-08-22 09:26:35 - [TEST_STEP][PASSED] - sendKeys(findTestObject("HomePage/Seach_TextBox_hp"), Keys.chord(ENTER)): Keys 'ENTER + ' sent to object: 'Object Repository/HomePage/Seach_TextBox_hp'

2023-08-22 09:26:36 - [MESSAGE][PASSED] - Keys 'ENTER + ' sent to object: 'Object Repository/HomePage/Seach_TextBox_hp'

2023-08-22 09:26:36 - [MESSAGE][PASSED] - Call Test Case 'Test Cases/CommonMethods/SearchForAProduct_search' successfully

2023-08-22 09:26:36 - [TEST_STEP][PASSED] - click(findTestObject("PLPPage/product2_cardPrice_PLP"), OPTIONAL): Object: 'Object Repository/PLPPage/product2_cardPrice_PLP' is clicked on

2023-08-22 09:26:58 - [MESSAGE][PASSED] - Object: 'Object Repository/PLPPage/product2_cardPrice_PLP' is clicked on

2023-08-22 09:26:58 - [TEST_STEP][PASSED] - click(findTestObject("PDPPage/AddToCart_PDP")): Object: 'Object Repository/PDPPage/AddToCart_PDP' is clicked on

2023-08-22 09:27:10 - [MESSAGE][PASSED] - Object: 'Object Repository/PDPPage/AddToCart_PDP' is clicked on

2023-08-22 09:27:10 - [TEST_STEP][PASSED] - click(findTestObject("HomePage/bag_header_HP")): Object: 'Object Repository/HomePage/bag_header_HP' is clicked on

2023-08-22 09:27:14 - [MESSAGE][PASSED] - Object: 'Object Repository/HomePage/bag_header_HP' is clicked on

2023-08-22 09:27:14 - [TEST_STEP][PASSED] - click(findTestObject("CartPage/BuyButton_Cart")): Object: 'Object Repository/CartPage/BuyButton_Cart' is clicked on

2023-08-22 09:27:19 - [MESSAGE][PASSED] - Object: 'Object Repository/CartPage/BuyButton_Cart' is clicked on

2023-08-22 09:27:19 - [TEST_STEP][PASSED] - click(findTestObject("OPCPage/Final_comparar_OPC")): Object: 'Object Repository/OPCPage/Final_comparar_OPC' is clicked on

2023-08-22 09:27:28 - [MESSAGE][PASSED] - Object: 'Object Repository/OPCPage/Final_comparar_OPC' is clicked on

2023-08-22 09:27:28 - [TEST_STEP][PASSED] - verifyElementPresent(findTestObject("OPCPage/ConfirmOrder_Checkout"), 0): Object 'Object Repository/OPCPage/ConfirmOrder_Checkout' is present

2023-08-22 09:27:28 - [MESSAGE][WARNING] - Timeout '0' is invalid. Using default page load timeout: '30'

2023-08-22 09:27:28 - [MESSAGE][PASSED] - Object 'Object Repository/OPCPage/ConfirmOrder_Checkout' is present

2023-08-22 09:27:28 - [TEST_STEP][PASSED] - navigateToUrl(URL): Navigate to 'https://odtaqaa.liverpool.com.mx/tienda/home' successfully

2023-08-22 09:28:22 - [MESSAGE][PASSED] - Navigate to 'https://odtaqaa.liverpool.com.mx/tienda/home' successfully

2023-08-22 09:28:22 - [TEST_STEP][FAILED] - callTestCase(findTestCase("CommonMethods/login_odtaqab"), [:], STOP_ON_FAILURE): Unable to call Test Case 'Test Cases/CommonMethods/login_odtaqab' (Root cause: com.kms.katalon.core.exception.StepFailedException: Call Test Case 'Test Cases/CommonMethods/login_odtaqab' failed
	at com.kms.katalon.core.keyword.builtin.CallTestCaseKeyword$_callTestCase_closure1.doCall(CallTestCaseKeyword.groovy:63)
	at com.kms.katalon.core.keyword.builtin.CallTestCaseKeyword$_callTestCase_closure1.call(CallTestCaseKeyword.groovy)
	at com.kms.katalon.core.keyword.internal.KeywordMain.runKeyword(KeywordMain.groovy:75)
	at com.kms.katalon.core.keyword.builtin.CallTestCaseKeyword.callTestCase(CallTestCaseKeyword.groovy:81)
	at com.kms.katalon.core.keyword.builtin.CallTestCaseKeyword.execute(CallTestCaseKeyword.groovy:44)
	at com.kms.katalon.core.keyword.internal.KeywordExecutor.executeKeywordForPlatform(KeywordExecutor.groovy:74)
	at com.kms.katalon.core.keyword.BuiltinKeywords.callTestCase(BuiltinKeywords.groovy:310)
	at TS_SMOKE_SUITE_086.run(TS_SMOKE_SUITE_086:48)
	at com.kms.katalon.core.main.ScriptEngine.run(ScriptEngine.java:194)
	at com.kms.katalon.core.main.ScriptEngine.runScriptAsRawText(ScriptEngine.java:119)
	at com.kms.katalon.core.main.TestCaseExecutor.runScript(TestCaseExecutor.java:448)
	at com.kms.katalon.core.main.TestCaseExecutor.doExecute(TestCaseExecutor.java:439)
	at com.kms.katalon.core.main.TestCaseExecutor.processExecutionPhase(TestCaseExecutor.java:418)
	at com.kms.katalon.core.main.TestCaseExecutor.accessMainPhase(TestCaseExecutor.java:410)
	at com.kms.katalon.core.main.TestCaseExecutor.execute(TestCaseExecutor.java:285)
	at com.kms.katalon.core.common.CommonExecutor.accessTestCaseMainPhase(CommonExecutor.java:65)
	at com.kms.katalon.core.main.TestSuiteExecutor.accessTestSuiteMainPhase(TestSuiteExecutor.java:148)
	at com.kms.katalon.core.main.TestSuiteExecutor.execute(TestSuiteExecutor.java:106)
	at com.kms.katalon.core.main.TestCaseMain.startTestSuite(TestCaseMain.java:187)
	at com.kms.katalon.core.main.TestCaseMain$startTestSuite$0.call(Unknown Source)
	at TempTestSuite1692673207080.run(TempTestSuite1692673207080.groovy:36)
Caused by: com.kms.katalon.core.exception.StepFailedException: Unable to click on object 'Object Repository/HomePage/Iniciar sesion'
	at com.kms.katalon.core.webui.keyword.internal.WebUIKeywordMain.stepFailed(WebUIKeywordMain.groovy:64)
	at com.kms.katalon.core.webui.keyword.internal.WebUIKeywordMain.runKeyword(WebUIKeywordMain.groovy:26)
	at com.kms.katalon.core.webui.keyword.builtin.ClickKeyword.click(ClickKeyword.groovy:74)
	at com.kms.katalon.core.webui.keyword.builtin.ClickKeyword.execute(ClickKeyword.groovy:40)
	at com.kms.katalon.core.keyword.internal.KeywordExecutor.executeKeywordForPlatform(KeywordExecutor.groovy:74)
	at com.kms.katalon.core.webui.keyword.WebUiBuiltInKeywords.click(WebUiBuiltInKeywords.groovy:620)
	at com.kms.katalon.core.webui.keyword.WebUiBuiltInKeywords$click$2.call(Unknown Source)
	at login_odtaqab.run(login_odtaqab:20)
	at com.kms.katalon.core.main.ScriptEngine.run(ScriptEngine.java:194)
	at com.kms.katalon.core.main.ScriptEngine.runScriptAsRawText(ScriptEngine.java:119)
	at com.kms.katalon.core.main.TestCaseExecutor.runScript(TestCaseExecutor.java:448)
	at com.kms.katalon.core.main.TestCaseExecutor.doExecute(TestCaseExecutor.java:439)
	at com.kms.katalon.core.main.TestCaseExecutor.processExecutionPhase(TestCaseExecutor.java:418)
	at com.kms.katalon.core.main.TestCaseExecutor.accessMainPhase(TestCaseExecutor.java:410)
	at com.kms.katalon.core.main.TestCaseExecutor.execute(TestCaseExecutor.java:285)
	at com.kms.katalon.core.main.TestCaseMain.runTestCase(TestCaseMain.java:144)
	at com.kms.katalon.core.keyword.builtin.CallTestCaseKeyword$_callTestCase_closure1.doCall(CallTestCaseKeyword.groovy:59)
	... 20 more
Caused by: com.kms.katalon.core.webui.exception.WebElementNotFoundException: Web element with id: 'Object Repository/HomePage/Iniciar sesion' located by '(//span[@class='a-header__topLink'])' not found
	at com.kms.katalon.core.webui.common.WebUiCommonHelper.findWebElement(WebUiCommonHelper.java:1381)
	at com.kms.katalon.core.webui.keyword.internal.WebUIAbstractKeyword.findWebElement(WebUIAbstractKeyword.groovy:27)
	at com.kms.katalon.core.webui.keyword.builtin.ClickKeyword$_click_closure1.doCall(ClickKeyword.groovy:65)
	at com.kms.katalon.core.webui.keyword.builtin.ClickKeyword$_click_closure1.call(ClickKeyword.groovy)
	at com.kms.katalon.core.webui.keyword.internal.WebUIKeywordMain.runKeyword(WebUIKeywordMain.groovy:20)
	... 35 more
)

2023-08-22 09:28:22 - [TEST_CASE][FAILED] - Test Cases/CommonMethods/login_odtaqab: Test Cases/CommonMethods/login_odtaqab FAILED.
Reason:
com.kms.katalon.core.exception.StepFailedException: Unable to click on object 'Object Repository/HomePage/Iniciar sesion'
	at com.kms.katalon.core.webui.keyword.internal.WebUIKeywordMain.stepFailed(WebUIKeywordMain.groovy:64)
	at com.kms.katalon.core.webui.keyword.internal.WebUIKeywordMain.runKeyword(WebUIKeywordMain.groovy:26)
	at com.kms.katalon.core.webui.keyword.builtin.ClickKeyword.click(ClickKeyword.groovy:74)
	at com.kms.katalon.core.webui.keyword.builtin.ClickKeyword.execute(ClickKeyword.groovy:40)
	at com.kms.katalon.core.keyword.internal.KeywordExecutor.executeKeywordForPlatform(KeywordExecutor.groovy:74)
	at com.kms.katalon.core.webui.keyword.WebUiBuiltInKeywords.click(WebUiBuiltInKeywords.groovy:620)
	at com.kms.katalon.core.webui.keyword.WebUiBuiltInKeywords$click$2.call(Unknown Source)
	at login_odtaqab.run(login_odtaqab:20)
	at com.kms.katalon.core.main.ScriptEngine.run(ScriptEngine.java:194)
	at com.kms.katalon.core.main.ScriptEngine.runScriptAsRawText(ScriptEngine.java:119)
	at com.kms.katalon.core.main.TestCaseExecutor.runScript(TestCaseExecutor.java:448)
	at com.kms.katalon.core.main.TestCaseExecutor.doExecute(TestCaseExecutor.java:439)
	at com.kms.katalon.core.main.TestCaseExecutor.processExecutionPhase(TestCaseExecutor.java:418)
	at com.kms.katalon.core.main.TestCaseExecutor.accessMainPhase(TestCaseExecutor.java:410)
	at com.kms.katalon.core.main.TestCaseExecutor.execute(TestCaseExecutor.java:285)
	at com.kms.katalon.core.main.TestCaseMain.runTestCase(TestCaseMain.java:144)
	at com.kms.katalon.core.keyword.builtin.CallTestCaseKeyword$_callTestCase_closure1.doCall(CallTestCaseKeyword.groovy:59)
	at com.kms.katalon.core.keyword.builtin.CallTestCaseKeyword$_callTestCase_closure1.call(CallTestCaseKeyword.groovy)
	at com.kms.katalon.core.keyword.internal.KeywordMain.runKeyword(KeywordMain.groovy:75)
	at com.kms.katalon.core.keyword.builtin.CallTestCaseKeyword.callTestCase(CallTestCaseKeyword.groovy:81)
	at com.kms.katalon.core.keyword.builtin.CallTestCaseKeyword.execute(CallTestCaseKeyword.groovy:44)
	at com.kms.katalon.core.keyword.internal.KeywordExecutor.executeKeywordForPlatform(KeywordExecutor.groovy:74)
	at com.kms.katalon.core.keyword.BuiltinKeywords.callTestCase(BuiltinKeywords.groovy:310)
	at TS_SMOKE_SUITE_086.run(TS_SMOKE_SUITE_086:48)
	at com.kms.katalon.core.main.ScriptEngine.run(ScriptEngine.java:194)
	at com.kms.katalon.core.main.ScriptEngine.runScriptAsRawText(ScriptEngine.java:119)
	at com.kms.katalon.core.main.TestCaseExecutor.runScript(TestCaseExecutor.java:448)
	at com.kms.katalon.core.main.TestCaseExecutor.doExecute(TestCaseExecutor.java:439)
	at com.kms.katalon.core.main.TestCaseExecutor.processExecutionPhase(TestCaseExecutor.java:418)
	at com.kms.katalon.core.main.TestCaseExecutor.accessMainPhase(TestCaseExecutor.java:410)
	at com.kms.katalon.core.main.TestCaseExecutor.execute(TestCaseExecutor.java:285)
	at com.kms.katalon.core.common.CommonExecutor.accessTestCaseMainPhase(CommonExecutor.java:65)
	at com.kms.katalon.core.main.TestSuiteExecutor.accessTestSuiteMainPhase(TestSuiteExecutor.java:148)
	at com.kms.katalon.core.main.TestSuiteExecutor.execute(TestSuiteExecutor.java:106)
	at com.kms.katalon.core.main.TestCaseMain.startTestSuite(TestCaseMain.java:187)
	at com.kms.katalon.core.main.TestCaseMain$startTestSuite$0.call(Unknown Source)
	at TempTestSuite1692673207080.run(TempTestSuite1692673207080.groovy:36)
Caused by: com.kms.katalon.core.webui.exception.WebElementNotFoundException: Web element with id: 'Object Repository/HomePage/Iniciar sesion' located by '(//span[@class='a-header__topLink'])' not found
	at com.kms.katalon.core.webui.common.WebUiCommonHelper.findWebElement(WebUiCommonHelper.java:1381)
	at com.kms.katalon.core.webui.keyword.internal.WebUIAbstractKeyword.findWebElement(WebUIAbstractKeyword.groovy:27)
	at com.kms.katalon.core.webui.keyword.builtin.ClickKeyword$_click_closure1.doCall(ClickKeyword.groovy:65)
	at com.kms.katalon.core.webui.keyword.builtin.ClickKeyword$_click_closure1.call(ClickKeyword.groovy)
	at com.kms.katalon.core.webui.keyword.internal.WebUIKeywordMain.runKeyword(WebUIKeywordMain.groovy:20)
	... 35 more


2023-08-22 09:28:22 - [TEST_STEP][FAILED] - click(findTestObject("HomePage/Iniciar sesion")): Unable to click on object 'Object Repository/HomePage/Iniciar sesion' (Root cause: com.kms.katalon.core.exception.StepFailedException: Unable to click on object 'Object Repository/HomePage/Iniciar sesion'
	at com.kms.katalon.core.webui.keyword.internal.WebUIKeywordMain.stepFailed(WebUIKeywordMain.groovy:64)
	at com.kms.katalon.core.webui.keyword.internal.WebUIKeywordMain.runKeyword(WebUIKeywordMain.groovy:26)
	at com.kms.katalon.core.webui.keyword.builtin.ClickKeyword.click(ClickKeyword.groovy:74)
	at com.kms.katalon.core.webui.keyword.builtin.ClickKeyword.execute(ClickKeyword.groovy:40)
	at com.kms.katalon.core.keyword.internal.KeywordExecutor.executeKeywordForPlatform(KeywordExecutor.groovy:74)
	at com.kms.katalon.core.webui.keyword.WebUiBuiltInKeywords.click(WebUiBuiltInKeywords.groovy:620)
	at com.kms.katalon.core.webui.keyword.WebUiBuiltInKeywords$click$2.call(Unknown Source)
	at login_odtaqab.run(login_odtaqab:20)
	at com.kms.katalon.core.main.ScriptEngine.run(ScriptEngine.java:194)
	at com.kms.katalon.core.main.ScriptEngine.runScriptAsRawText(ScriptEngine.java:119)
	at com.kms.katalon.core.main.TestCaseExecutor.runScript(TestCaseExecutor.java:448)
	at com.kms.katalon.core.main.TestCaseExecutor.doExecute(TestCaseExecutor.java:439)
	at com.kms.katalon.core.main.TestCaseExecutor.processExecutionPhase(TestCaseExecutor.java:418)
	at com.kms.katalon.core.main.TestCaseExecutor.accessMainPhase(TestCaseExecutor.java:410)
	at com.kms.katalon.core.main.TestCaseExecutor.execute(TestCaseExecutor.java:285)
	at com.kms.katalon.core.main.TestCaseMain.runTestCase(TestCaseMain.java:144)
	at com.kms.katalon.core.keyword.builtin.CallTestCaseKeyword$_callTestCase_closure1.doCall(CallTestCaseKeyword.groovy:59)
	at com.kms.katalon.core.keyword.builtin.CallTestCaseKeyword$_callTestCase_closure1.call(CallTestCaseKeyword.groovy)
	at com.kms.katalon.core.keyword.internal.KeywordMain.runKeyword(KeywordMain.groovy:75)
	at com.kms.katalon.core.keyword.builtin.CallTestCaseKeyword.callTestCase(CallTestCaseKeyword.groovy:81)
	at com.kms.katalon.core.keyword.builtin.CallTestCaseKeyword.execute(CallTestCaseKeyword.groovy:44)
	at com.kms.katalon.core.keyword.internal.KeywordExecutor.executeKeywordForPlatform(KeywordExecutor.groovy:74)
	at com.kms.katalon.core.keyword.BuiltinKeywords.callTestCase(BuiltinKeywords.groovy:310)
	at TS_SMOKE_SUITE_086.run(TS_SMOKE_SUITE_086:48)
	at com.kms.katalon.core.main.ScriptEngine.run(ScriptEngine.java:194)
	at com.kms.katalon.core.main.ScriptEngine.runScriptAsRawText(ScriptEngine.java:119)
	at com.kms.katalon.core.main.TestCaseExecutor.runScript(TestCaseExecutor.java:448)
	at com.kms.katalon.core.main.TestCaseExecutor.doExecute(TestCaseExecutor.java:439)
	at com.kms.katalon.core.main.TestCaseExecutor.processExecutionPhase(TestCaseExecutor.java:418)
	at com.kms.katalon.core.main.TestCaseExecutor.accessMainPhase(TestCaseExecutor.java:410)
	at com.kms.katalon.core.main.TestCaseExecutor.execute(TestCaseExecutor.java:285)
	at com.kms.katalon.core.common.CommonExecutor.accessTestCaseMainPhase(CommonExecutor.java:65)
	at com.kms.katalon.core.main.TestSuiteExecutor.accessTestSuiteMainPhase(TestSuiteExecutor.java:148)
	at com.kms.katalon.core.main.TestSuiteExecutor.execute(TestSuiteExecutor.java:106)
	at com.kms.katalon.core.main.TestCaseMain.startTestSuite(TestCaseMain.java:187)
	at com.kms.katalon.core.main.TestCaseMain$startTestSuite$0.call(Unknown Source)
	at TempTestSuite1692673207080.run(TempTestSuite1692673207080.groovy:36)
Caused by: com.kms.katalon.core.webui.exception.WebElementNotFoundException: Web element with id: 'Object Repository/HomePage/Iniciar sesion' located by '(//span[@class='a-header__topLink'])' not found
	at com.kms.katalon.core.webui.common.WebUiCommonHelper.findWebElement(WebUiCommonHelper.java:1381)
	at com.kms.katalon.core.webui.keyword.internal.WebUIAbstractKeyword.findWebElement(WebUIAbstractKeyword.groovy:27)
	at com.kms.katalon.core.webui.keyword.builtin.ClickKeyword$_click_closure1.doCall(ClickKeyword.groovy:65)
	at com.kms.katalon.core.webui.keyword.builtin.ClickKeyword$_click_closure1.call(ClickKeyword.groovy)
	at com.kms.katalon.core.webui.keyword.internal.WebUIKeywordMain.runKeyword(WebUIKeywordMain.groovy:20)
	at com.kms.katalon.core.webui.keyword.builtin.ClickKeyword.click(ClickKeyword.groovy:74)
	at com.kms.katalon.core.webui.keyword.builtin.ClickKeyword.execute(ClickKeyword.groovy:40)
	at com.kms.katalon.core.keyword.internal.KeywordExecutor.executeKeywordForPlatform(KeywordExecutor.groovy:74)
	at com.kms.katalon.core.webui.keyword.WebUiBuiltInKeywords.click(WebUiBuiltInKeywords.groovy:620)
	at com.kms.katalon.core.webui.keyword.WebUiBuiltInKeywords$click$2.call(Unknown Source)
	at Script1682278963047.run(Script1682278963047.groovy:20)
	at com.kms.katalon.core.main.ScriptEngine.run(ScriptEngine.java:194)
	at com.kms.katalon.core.main.ScriptEngine.runScriptAsRawText(ScriptEngine.java:119)
	at com.kms.katalon.core.main.TestCaseExecutor.runScript(TestCaseExecutor.java:448)
	at com.kms.katalon.core.main.TestCaseExecutor.doExecute(TestCaseExecutor.java:439)
	at com.kms.katalon.core.main.TestCaseExecutor.processExecutionPhase(TestCaseExecutor.java:418)
	at com.kms.katalon.core.main.TestCaseExecutor.accessMainPhase(TestCaseExecutor.java:410)
	at com.kms.katalon.core.main.TestCaseExecutor.execute(TestCaseExecutor.java:285)
	at com.kms.katalon.core.main.TestCaseMain.runTestCase(TestCaseMain.java:144)
	at com.kms.katalon.core.keyword.builtin.CallTestCaseKeyword$_callTestCase_closure1.doCall(CallTestCaseKeyword.groovy:59)
	at com.kms.katalon.core.keyword.builtin.CallTestCaseKeyword$_callTestCase_closure1.call(CallTestCaseKeyword.groovy)
	at com.kms.katalon.core.keyword.internal.KeywordMain.runKeyword(KeywordMain.groovy:75)
	at com.kms.katalon.core.keyword.builtin.CallTestCaseKeyword.callTestCase(CallTestCaseKeyword.groovy:81)
	at com.kms.katalon.core.keyword.builtin.CallTestCaseKeyword.execute(CallTestCaseKeyword.groovy:44)
	at com.kms.katalon.core.keyword.internal.KeywordExecutor.executeKeywordForPlatform(KeywordExecutor.groovy:74)
	at com.kms.katalon.core.keyword.BuiltinKeywords.callTestCase(BuiltinKeywords.groovy:310)
	at Script1691572246319.run(Script1691572246319.groovy:48)
	... 13 more
)

2023-08-22 09:28:53 - [MESSAGE][INFO] - Unable to find the element located by 'By.xpath: (//span[@class='a-header__topLink'])'. Please recheck the objects properties to make sure the desired element is located. 

2023-08-22 09:28:54 - [MESSAGE][FAILED] - Unable to click on object 'Object Repository/HomePage/Iniciar sesion' (Root cause: com.kms.katalon.core.exception.StepFailedException: Unable to click on object 'Object Repository/HomePage/Iniciar sesion'
	at com.kms.katalon.core.webui.keyword.internal.WebUIKeywordMain.stepFailed(WebUIKeywordMain.groovy:64)
	at com.kms.katalon.core.webui.keyword.internal.WebUIKeywordMain.runKeyword(WebUIKeywordMain.groovy:26)
	at com.kms.katalon.core.webui.keyword.builtin.ClickKeyword.click(ClickKeyword.groovy:74)
	at com.kms.katalon.core.webui.keyword.builtin.ClickKeyword.execute(ClickKeyword.groovy:40)
	at com.kms.katalon.core.keyword.internal.KeywordExecutor.executeKeywordForPlatform(KeywordExecutor.groovy:74)
	at com.kms.katalon.core.webui.keyword.WebUiBuiltInKeywords.click(WebUiBuiltInKeywords.groovy:620)
	at com.kms.katalon.core.webui.keyword.WebUiBuiltInKeywords$click$2.call(Unknown Source)
	at login_odtaqab.run(login_odtaqab:20)
	at com.kms.katalon.core.main.ScriptEngine.run(ScriptEngine.java:194)
	at com.kms.katalon.core.main.ScriptEngine.runScriptAsRawText(ScriptEngine.java:119)
	at com.kms.katalon.core.main.TestCaseExecutor.runScript(TestCaseExecutor.java:448)
	at com.kms.katalon.core.main.TestCaseExecutor.doExecute(TestCaseExecutor.java:439)
	at com.kms.katalon.core.main.TestCaseExecutor.processExecutionPhase(TestCaseExecutor.java:418)
	at com.kms.katalon.core.main.TestCaseExecutor.accessMainPhase(TestCaseExecutor.java:410)
	at com.kms.katalon.core.main.TestCaseExecutor.execute(TestCaseExecutor.java:285)
	at com.kms.katalon.core.main.TestCaseMain.runTestCase(TestCaseMain.java:144)
	at com.kms.katalon.core.keyword.builtin.CallTestCaseKeyword$_callTestCase_closure1.doCall(CallTestCaseKeyword.groovy:59)
	at com.kms.katalon.core.keyword.builtin.CallTestCaseKeyword$_callTestCase_closure1.call(CallTestCaseKeyword.groovy)
	at com.kms.katalon.core.keyword.internal.KeywordMain.runKeyword(KeywordMain.groovy:75)
	at com.kms.katalon.core.keyword.builtin.CallTestCaseKeyword.callTestCase(CallTestCaseKeyword.groovy:81)
	at com.kms.katalon.core.keyword.builtin.CallTestCaseKeyword.execute(CallTestCaseKeyword.groovy:44)
	at com.kms.katalon.core.keyword.internal.KeywordExecutor.executeKeywordForPlatform(KeywordExecutor.groovy:74)
	at com.kms.katalon.core.keyword.BuiltinKeywords.callTestCase(BuiltinKeywords.groovy:310)
	at TS_SMOKE_SUITE_086.run(TS_SMOKE_SUITE_086:48)
	at com.kms.katalon.core.main.ScriptEngine.run(ScriptEngine.java:194)
	at com.kms.katalon.core.main.ScriptEngine.runScriptAsRawText(ScriptEngine.java:119)
	at com.kms.katalon.core.main.TestCaseExecutor.runScript(TestCaseExecutor.java:448)
	at com.kms.katalon.core.main.TestCaseExecutor.doExecute(TestCaseExecutor.java:439)
	at com.kms.katalon.core.main.TestCaseExecutor.processExecutionPhase(TestCaseExecutor.java:418)
	at com.kms.katalon.core.main.TestCaseExecutor.accessMainPhase(TestCaseExecutor.java:410)
	at com.kms.katalon.core.main.TestCaseExecutor.execute(TestCaseExecutor.java:285)
	at com.kms.katalon.core.common.CommonExecutor.accessTestCaseMainPhase(CommonExecutor.java:65)
	at com.kms.katalon.core.main.TestSuiteExecutor.accessTestSuiteMainPhase(TestSuiteExecutor.java:148)
	at com.kms.katalon.core.main.TestSuiteExecutor.execute(TestSuiteExecutor.java:106)
	at com.kms.katalon.core.main.TestCaseMain.startTestSuite(TestCaseMain.java:187)
	at com.kms.katalon.core.main.TestCaseMain$startTestSuite$0.call(Unknown Source)
	at TempTestSuite1692673207080.run(TempTestSuite1692673207080.groovy:36)
Caused by: com.kms.katalon.core.webui.exception.WebElementNotFoundException: Web element with id: 'Object Repository/HomePage/Iniciar sesion' located by '(//span[@class='a-header__topLink'])' not found
	at com.kms.katalon.core.webui.common.WebUiCommonHelper.findWebElement(WebUiCommonHelper.java:1381)
	at com.kms.katalon.core.webui.keyword.internal.WebUIAbstractKeyword.findWebElement(WebUIAbstractKeyword.groovy:27)
	at com.kms.katalon.core.webui.keyword.builtin.ClickKeyword$_click_closure1.doCall(ClickKeyword.groovy:65)
	at com.kms.katalon.core.webui.keyword.builtin.ClickKeyword$_click_closure1.call(ClickKeyword.groovy)
	at com.kms.katalon.core.webui.keyword.internal.WebUIKeywordMain.runKeyword(WebUIKeywordMain.groovy:20)
	at com.kms.katalon.core.webui.keyword.builtin.ClickKeyword.click(ClickKeyword.groovy:74)
	at com.kms.katalon.core.webui.keyword.builtin.ClickKeyword.execute(ClickKeyword.groovy:40)
	at com.kms.katalon.core.keyword.internal.KeywordExecutor.executeKeywordForPlatform(KeywordExecutor.groovy:74)
	at com.kms.katalon.core.webui.keyword.WebUiBuiltInKeywords.click(WebUiBuiltInKeywords.groovy:620)
	at com.kms.katalon.core.webui.keyword.WebUiBuiltInKeywords$click$2.call(Unknown Source)
	at Script1682278963047.run(Script1682278963047.groovy:20)
	at com.kms.katalon.core.main.ScriptEngine.run(ScriptEngine.java:194)
	at com.kms.katalon.core.main.ScriptEngine.runScriptAsRawText(ScriptEngine.java:119)
	at com.kms.katalon.core.main.TestCaseExecutor.runScript(TestCaseExecutor.java:448)
	at com.kms.katalon.core.main.TestCaseExecutor.doExecute(TestCaseExecutor.java:439)
	at com.kms.katalon.core.main.TestCaseExecutor.processExecutionPhase(TestCaseExecutor.java:418)
	at com.kms.katalon.core.main.TestCaseExecutor.accessMainPhase(TestCaseExecutor.java:410)
	at com.kms.katalon.core.main.TestCaseExecutor.execute(TestCaseExecutor.java:285)
	at com.kms.katalon.core.main.TestCaseMain.runTestCase(TestCaseMain.java:144)
	at com.kms.katalon.core.keyword.builtin.CallTestCaseKeyword$_callTestCase_closure1.doCall(CallTestCaseKeyword.groovy:59)
	at com.kms.katalon.core.keyword.builtin.CallTestCaseKeyword$_callTestCase_closure1.call(CallTestCaseKeyword.groovy)
	at com.kms.katalon.core.keyword.internal.KeywordMain.runKeyword(KeywordMain.groovy:75)
	at com.kms.katalon.core.keyword.builtin.CallTestCaseKeyword.callTestCase(CallTestCaseKeyword.groovy:81)
	at com.kms.katalon.core.keyword.builtin.CallTestCaseKeyword.execute(CallTestCaseKeyword.groovy:44)
	at com.kms.katalon.core.keyword.internal.KeywordExecutor.executeKeywordForPlatform(KeywordExecutor.groovy:74)
	at com.kms.katalon.core.keyword.BuiltinKeywords.callTestCase(BuiltinKeywords.groovy:310)
	at Script1691572246319.run(Script1691572246319.groovy:48)
	... 13 more
)
[[ATTACHMENT|D:\\backup\\LiverpoolProject_SmokeSuite\\Reports\\20230822_083007\\SmokeSuite_AllModules\\20230822_083007\\1692676733673.png]]

2023-08-22 09:28:54 - [MESSAGE][FAILED] - Unable to call Test Case 'Test Cases/CommonMethods/login_odtaqab' (Root cause: com.kms.katalon.core.exception.StepFailedException: Call Test Case 'Test Cases/CommonMethods/login_odtaqab' failed
	at com.kms.katalon.core.keyword.builtin.CallTestCaseKeyword$_callTestCase_closure1.doCall(CallTestCaseKeyword.groovy:63)
	at com.kms.katalon.core.keyword.builtin.CallTestCaseKeyword$_callTestCase_closure1.call(CallTestCaseKeyword.groovy)
	at com.kms.katalon.core.keyword.internal.KeywordMain.runKeyword(KeywordMain.groovy:75)
	at com.kms.katalon.core.keyword.builtin.CallTestCaseKeyword.callTestCase(CallTestCaseKeyword.groovy:81)
	at com.kms.katalon.core.keyword.builtin.CallTestCaseKeyword.execute(CallTestCaseKeyword.groovy:44)
	at com.kms.katalon.core.keyword.internal.KeywordExecutor.executeKeywordForPlatform(KeywordExecutor.groovy:74)
	at com.kms.katalon.core.keyword.BuiltinKeywords.callTestCase(BuiltinKeywords.groovy:310)
	at TS_SMOKE_SUITE_086.run(TS_SMOKE_SUITE_086:48)
	at com.kms.katalon.core.main.ScriptEngine.run(ScriptEngine.java:194)
	at com.kms.katalon.core.main.ScriptEngine.runScriptAsRawText(ScriptEngine.java:119)
	at com.kms.katalon.core.main.TestCaseExecutor.runScript(TestCaseExecutor.java:448)
	at com.kms.katalon.core.main.TestCaseExecutor.doExecute(TestCaseExecutor.java:439)
	at com.kms.katalon.core.main.TestCaseExecutor.processExecutionPhase(TestCaseExecutor.java:418)
	at com.kms.katalon.core.main.TestCaseExecutor.accessMainPhase(TestCaseExecutor.java:410)
	at com.kms.katalon.core.main.TestCaseExecutor.execute(TestCaseExecutor.java:285)
	at com.kms.katalon.core.common.CommonExecutor.accessTestCaseMainPhase(CommonExecutor.java:65)
	at com.kms.katalon.core.main.TestSuiteExecutor.accessTestSuiteMainPhase(TestSuiteExecutor.java:148)
	at com.kms.katalon.core.main.TestSuiteExecutor.execute(TestSuiteExecutor.java:106)
	at com.kms.katalon.core.main.TestCaseMain.startTestSuite(TestCaseMain.java:187)
	at com.kms.katalon.core.main.TestCaseMain$startTestSuite$0.call(Unknown Source)
	at TempTestSuite1692673207080.run(TempTestSuite1692673207080.groovy:36)
Caused by: com.kms.katalon.core.exception.StepFailedException: Unable to click on object 'Object Repository/HomePage/Iniciar sesion'
	at com.kms.katalon.core.webui.keyword.internal.WebUIKeywordMain.stepFailed(WebUIKeywordMain.groovy:64)
	at com.kms.katalon.core.webui.keyword.internal.WebUIKeywordMain.runKeyword(WebUIKeywordMain.groovy:26)
	at com.kms.katalon.core.webui.keyword.builtin.ClickKeyword.click(ClickKeyword.groovy:74)
	at com.kms.katalon.core.webui.keyword.builtin.ClickKeyword.execute(ClickKeyword.groovy:40)
	at com.kms.katalon.core.keyword.internal.KeywordExecutor.executeKeywordForPlatform(KeywordExecutor.groovy:74)
	at com.kms.katalon.core.webui.keyword.WebUiBuiltInKeywords.click(WebUiBuiltInKeywords.groovy:620)
	at com.kms.katalon.core.webui.keyword.WebUiBuiltInKeywords$click$2.call(Unknown Source)
	at login_odtaqab.run(login_odtaqab:20)
	at com.kms.katalon.core.main.ScriptEngine.run(ScriptEngine.java:194)
	at com.kms.katalon.core.main.ScriptEngine.runScriptAsRawText(ScriptEngine.java:119)
	at com.kms.katalon.core.main.TestCaseExecutor.runScript(TestCaseExecutor.java:448)
	at com.kms.katalon.core.main.TestCaseExecutor.doExecute(TestCaseExecutor.java:439)
	at com.kms.katalon.core.main.TestCaseExecutor.processExecutionPhase(TestCaseExecutor.java:418)
	at com.kms.katalon.core.main.TestCaseExecutor.accessMainPhase(TestCaseExecutor.java:410)
	at com.kms.katalon.core.main.TestCaseExecutor.execute(TestCaseExecutor.java:285)
	at com.kms.katalon.core.main.TestCaseMain.runTestCase(TestCaseMain.java:144)
	at com.kms.katalon.core.keyword.builtin.CallTestCaseKeyword$_callTestCase_closure1.doCall(CallTestCaseKeyword.groovy:59)
	... 20 more
Caused by: com.kms.katalon.core.webui.exception.WebElementNotFoundException: Web element with id: 'Object Repository/HomePage/Iniciar sesion' located by '(//span[@class='a-header__topLink'])' not found
	at com.kms.katalon.core.webui.common.WebUiCommonHelper.findWebElement(WebUiCommonHelper.java:1381)
	at com.kms.katalon.core.webui.keyword.internal.WebUIAbstractKeyword.findWebElement(WebUIAbstractKeyword.groovy:27)
	at com.kms.katalon.core.webui.keyword.builtin.ClickKeyword$_click_closure1.doCall(ClickKeyword.groovy:65)
	at com.kms.katalon.core.webui.keyword.builtin.ClickKeyword$_click_closure1.call(ClickKeyword.groovy)
	at com.kms.katalon.core.webui.keyword.internal.WebUIKeywordMain.runKeyword(WebUIKeywordMain.groovy:20)
	... 35 more
)]]></system-out>
         <system-err><![CDATA[2023-08-22 09:24:57 - [TEST_CASE][FAILED] - Test Cases/Checkout/TS_SMOKE_SUITE_086: Test Cases/Checkout/TS_SMOKE_SUITE_086 FAILED.
Reason:
com.kms.katalon.core.exception.StepFailedException: Call Test Case 'Test Cases/CommonMethods/login_odtaqab' failed
	at com.kms.katalon.core.keyword.builtin.CallTestCaseKeyword$_callTestCase_closure1.doCall(CallTestCaseKeyword.groovy:63)
	at com.kms.katalon.core.keyword.builtin.CallTestCaseKeyword$_callTestCase_closure1.call(CallTestCaseKeyword.groovy)
	at com.kms.katalon.core.keyword.internal.KeywordMain.runKeyword(KeywordMain.groovy:75)
	at com.kms.katalon.core.keyword.builtin.CallTestCaseKeyword.callTestCase(CallTestCaseKeyword.groovy:81)
	at com.kms.katalon.core.keyword.builtin.CallTestCaseKeyword.execute(CallTestCaseKeyword.groovy:44)
	at com.kms.katalon.core.keyword.internal.KeywordExecutor.executeKeywordForPlatform(KeywordExecutor.groovy:74)
	at com.kms.katalon.core.keyword.BuiltinKeywords.callTestCase(BuiltinKeywords.groovy:310)
	at TS_SMOKE_SUITE_086.run(TS_SMOKE_SUITE_086:48)
	at com.kms.katalon.core.main.ScriptEngine.run(ScriptEngine.java:194)
	at com.kms.katalon.core.main.ScriptEngine.runScriptAsRawText(ScriptEngine.java:119)
	at com.kms.katalon.core.main.TestCaseExecutor.runScript(TestCaseExecutor.java:448)
	at com.kms.katalon.core.main.TestCaseExecutor.doExecute(TestCaseExecutor.java:439)
	at com.kms.katalon.core.main.TestCaseExecutor.processExecutionPhase(TestCaseExecutor.java:418)
	at com.kms.katalon.core.main.TestCaseExecutor.accessMainPhase(TestCaseExecutor.java:410)
	at com.kms.katalon.core.main.TestCaseExecutor.execute(TestCaseExecutor.java:285)
	at com.kms.katalon.core.common.CommonExecutor.accessTestCaseMainPhase(CommonExecutor.java:65)
	at com.kms.katalon.core.main.TestSuiteExecutor.accessTestSuiteMainPhase(TestSuiteExecutor.java:148)
	at com.kms.katalon.core.main.TestSuiteExecutor.execute(TestSuiteExecutor.java:106)
	at com.kms.katalon.core.main.TestCaseMain.startTestSuite(TestCaseMain.java:187)
	at com.kms.katalon.core.main.TestCaseMain$startTestSuite$0.call(Unknown Source)
	at TempTestSuite1692673207080.run(TempTestSuite1692673207080.groovy:36)
Caused by: com.kms.katalon.core.exception.StepFailedException: Unable to click on object 'Object Repository/HomePage/Iniciar sesion'
	at com.kms.katalon.core.webui.keyword.internal.WebUIKeywordMain.stepFailed(WebUIKeywordMain.groovy:64)
	at com.kms.katalon.core.webui.keyword.internal.WebUIKeywordMain.runKeyword(WebUIKeywordMain.groovy:26)
	at com.kms.katalon.core.webui.keyword.builtin.ClickKeyword.click(ClickKeyword.groovy:74)
	at com.kms.katalon.core.webui.keyword.builtin.ClickKeyword.execute(ClickKeyword.groovy:40)
	at com.kms.katalon.core.keyword.internal.KeywordExecutor.executeKeywordForPlatform(KeywordExecutor.groovy:74)
	at com.kms.katalon.core.webui.keyword.WebUiBuiltInKeywords.click(WebUiBuiltInKeywords.groovy:620)
	at com.kms.katalon.core.webui.keyword.WebUiBuiltInKeywords$click$2.call(Unknown Source)
	at login_odtaqab.run(login_odtaqab:20)
	at com.kms.katalon.core.main.ScriptEngine.run(ScriptEngine.java:194)
	at com.kms.katalon.core.main.ScriptEngine.runScriptAsRawText(ScriptEngine.java:119)
	at com.kms.katalon.core.main.TestCaseExecutor.runScript(TestCaseExecutor.java:448)
	at com.kms.katalon.core.main.TestCaseExecutor.doExecute(TestCaseExecutor.java:439)
	at com.kms.katalon.core.main.TestCaseExecutor.processExecutionPhase(TestCaseExecutor.java:418)
	at com.kms.katalon.core.main.TestCaseExecutor.accessMainPhase(TestCaseExecutor.java:410)
	at com.kms.katalon.core.main.TestCaseExecutor.execute(TestCaseExecutor.java:285)
	at com.kms.katalon.core.main.TestCaseMain.runTestCase(TestCaseMain.java:144)
	at com.kms.katalon.core.keyword.builtin.CallTestCaseKeyword$_callTestCase_closure1.doCall(CallTestCaseKeyword.groovy:59)
	... 20 more
Caused by: com.kms.katalon.core.webui.exception.WebElementNotFoundException: Web element with id: 'Object Repository/HomePage/Iniciar sesion' located by '(//span[@class='a-header__topLink'])' not found
	at com.kms.katalon.core.webui.common.WebUiCommonHelper.findWebElement(WebUiCommonHelper.java:1381)
	at com.kms.katalon.core.webui.keyword.internal.WebUIAbstractKeyword.findWebElement(WebUIAbstractKeyword.groovy:27)
	at com.kms.katalon.core.webui.keyword.builtin.ClickKeyword$_click_closure1.doCall(ClickKeyword.groovy:65)
	at com.kms.katalon.core.webui.keyword.builtin.ClickKeyword$_click_closure1.call(ClickKeyword.groovy)
	at com.kms.katalon.core.webui.keyword.internal.WebUIKeywordMain.runKeyword(WebUIKeywordMain.groovy:20)
	... 35 more]]></system-err>
      </testcase>
      <testcase name="Test Cases/Checkout/TS_SMOKE_SUITE_087" time="209.548" classname="Test Cases/Checkout/TS_SMOKE_SUITE_087" status="PASSED">
         <system-out><![CDATA[2023-08-22 09:28:54 - [TEST_CASE][PASSED] - Test Cases/Checkout/TS_SMOKE_SUITE_087: Test Cases/Checkout/TS_SMOKE_SUITE_087

2023-08-22 09:28:54 - [TEST_STEP][PASSED] - openBrowser(""): Browser is opened with url: ''

2023-08-22 09:28:54 - [MESSAGE][WARNING] - A browser is already opened. Closing browser and opening a new one

2023-08-22 09:28:55 - [MESSAGE][INFO] - Starting 'Chrome' driver

2023-08-22 09:28:55 - [MESSAGE][INFO] - Action delay is set to 0 milliseconds

2023-08-22 09:28:56 - [MESSAGE][PASSED] - Browser is opened with url: ''

2023-08-22 09:28:56 - [TEST_STEP][PASSED] - navigateToUrl(URL): Navigate to 'https://odtaqaa.liverpool.com.mx/tienda/home' successfully

2023-08-22 09:29:45 - [MESSAGE][PASSED] - Navigate to 'https://odtaqaa.liverpool.com.mx/tienda/home' successfully

2023-08-22 09:29:45 - [TEST_STEP][PASSED] - maximizeWindow(): Current window maximized

2023-08-22 09:29:45 - [MESSAGE][PASSED] - Current window maximized

2023-08-22 09:29:45 - [TEST_STEP][PASSED] - click(findTestObject("HomePage/Iniciar sesion")): Object: 'Object Repository/HomePage/Iniciar sesion' is clicked on

2023-08-22 09:29:46 - [MESSAGE][PASSED] - Object: 'Object Repository/HomePage/Iniciar sesion' is clicked on

2023-08-22 09:29:46 - [TEST_STEP][PASSED] - callTestCase(findTestCase("CommonMethods/login_odtaqab"), [:], STOP_ON_FAILURE): Call Test Case 'Test Cases/CommonMethods/login_odtaqab' successfully

2023-08-22 09:29:46 - [TEST_CASE][PASSED] - Test Cases/CommonMethods/login_odtaqab: Test Cases/CommonMethods/login_odtaqab

2023-08-22 09:29:46 - [TEST_STEP][PASSED] - click(findTestObject("HomePage/Iniciar sesion")): Object: 'Object Repository/HomePage/Iniciar sesion' is clicked on

2023-08-22 09:29:46 - [MESSAGE][PASSED] - Object: 'Object Repository/HomePage/Iniciar sesion' is clicked on

2023-08-22 09:29:46 - [TEST_STEP][PASSED] - click(findTestObject("HomePage/EnterUsername_LP")): Object: 'Object Repository/HomePage/EnterUsername_LP' is clicked on

2023-08-22 09:29:55 - [MESSAGE][PASSED] - Object: 'Object Repository/HomePage/EnterUsername_LP' is clicked on

2023-08-22 09:29:55 - [TEST_STEP][PASSED] - setText(findTestObject("HomePage/EnterUsername_LP"), username): Text 'hcheruvu29@digisprint.com' is set on object 'Object Repository/HomePage/EnterUsername_LP'

2023-08-22 09:29:56 - [MESSAGE][PASSED] - Text 'hcheruvu29@digisprint.com' is set on object 'Object Repository/HomePage/EnterUsername_LP'

2023-08-22 09:29:56 - [TEST_STEP][PASSED] - delay(2): Delayed 2 second(s)

2023-08-22 09:29:58 - [MESSAGE][PASSED] - Delayed 2 second(s)

2023-08-22 09:29:58 - [TEST_STEP][PASSED] - click(findTestObject("HomePage/EnterPassword_LP")): Object: 'Object Repository/HomePage/EnterPassword_LP' is clicked on

2023-08-22 09:29:58 - [MESSAGE][PASSED] - Object: 'Object Repository/HomePage/EnterPassword_LP' is clicked on

2023-08-22 09:29:58 - [TEST_STEP][PASSED] - delay(2): Delayed 2 second(s)

2023-08-22 09:30:00 - [MESSAGE][PASSED] - Delayed 2 second(s)

2023-08-22 09:30:00 - [TEST_STEP][PASSED] - setText(findTestObject("HomePage/EnterPassword_LP"), password): Text 'Test@12345' is set on object 'Object Repository/HomePage/EnterPassword_LP'

2023-08-22 09:30:01 - [MESSAGE][PASSED] - Text 'Test@12345' is set on object 'Object Repository/HomePage/EnterPassword_LP'

2023-08-22 09:30:01 - [TEST_STEP][PASSED] - click(findTestObject("HomePage/inciar")): Object: 'Object Repository/HomePage/inciar' is clicked on

2023-08-22 09:30:09 - [MESSAGE][PASSED] - Object: 'Object Repository/HomePage/inciar' is clicked on

2023-08-22 09:30:09 - [MESSAGE][PASSED] - Call Test Case 'Test Cases/CommonMethods/login_odtaqab' successfully

2023-08-22 09:30:09 - [TEST_STEP][PASSED] - callTestCase(findTestCase("CommonMethods/SearchForAProduct_search"), ["searchTerm":SLProduct], STOP_ON_FAILURE): Call Test Case 'Test Cases/CommonMethods/SearchForAProduct_search' successfully

2023-08-22 09:30:09 - [TEST_CASE][PASSED] - Test Cases/CommonMethods/SearchForAProduct_search: Test Cases/CommonMethods/SearchForAProduct_search

2023-08-22 09:30:09 - [TEST_STEP][PASSED] - click(findTestObject("HomePage/Buscar1"), STOP_ON_FAILURE): Object: 'Object Repository/HomePage/Buscar1' is clicked on

2023-08-22 09:31:16 - [MESSAGE][PASSED] - Object: 'Object Repository/HomePage/Buscar1' is clicked on

2023-08-22 09:31:16 - [TEST_STEP][PASSED] - delay(3): Delayed 3 second(s)

2023-08-22 09:31:19 - [MESSAGE][PASSED] - Delayed 3 second(s)

2023-08-22 09:31:19 - [TEST_STEP][PASSED] - setText(findTestObject("HomePage/Buscar1"), searchTerm): Text 'vaso' is set on object 'Object Repository/HomePage/Buscar1'

2023-08-22 09:31:20 - [MESSAGE][PASSED] - Text 'vaso' is set on object 'Object Repository/HomePage/Buscar1'

2023-08-22 09:31:20 - [TEST_STEP][PASSED] - delay(3): Delayed 3 second(s)

2023-08-22 09:31:23 - [MESSAGE][PASSED] - Delayed 3 second(s)

2023-08-22 09:31:23 - [TEST_STEP][PASSED] - sendKeys(findTestObject("HomePage/Seach_TextBox_hp"), Keys.chord(ENTER)): Keys 'ENTER + ' sent to object: 'Object Repository/HomePage/Seach_TextBox_hp'

2023-08-22 09:31:26 - [MESSAGE][PASSED] - Keys 'ENTER + ' sent to object: 'Object Repository/HomePage/Seach_TextBox_hp'

2023-08-22 09:31:26 - [MESSAGE][PASSED] - Call Test Case 'Test Cases/CommonMethods/SearchForAProduct_search' successfully

2023-08-22 09:31:26 - [TEST_STEP][PASSED] - click(findTestObject("PLPPage/product2_cardPrice_PLP"), OPTIONAL): Object: 'Object Repository/PLPPage/product2_cardPrice_PLP' is clicked on

2023-08-22 09:31:45 - [MESSAGE][PASSED] - Object: 'Object Repository/PLPPage/product2_cardPrice_PLP' is clicked on

2023-08-22 09:31:45 - [TEST_STEP][PASSED] - click(findTestObject("PDPPage/AddToCart_PDP")): Object: 'Object Repository/PDPPage/AddToCart_PDP' is clicked on

2023-08-22 09:31:57 - [MESSAGE][PASSED] - Object: 'Object Repository/PDPPage/AddToCart_PDP' is clicked on

2023-08-22 09:31:57 - [TEST_STEP][PASSED] - click(findTestObject("HomePage/bag_header_HP")): Object: 'Object Repository/HomePage/bag_header_HP' is clicked on

2023-08-22 09:32:02 - [MESSAGE][PASSED] - Object: 'Object Repository/HomePage/bag_header_HP' is clicked on

2023-08-22 09:32:02 - [TEST_STEP][PASSED] - click(findTestObject("CartPage/BuyButton_Cart")): Object: 'Object Repository/CartPage/BuyButton_Cart' is clicked on

2023-08-22 09:32:07 - [MESSAGE][PASSED] - Object: 'Object Repository/CartPage/BuyButton_Cart' is clicked on

2023-08-22 09:32:07 - [TEST_STEP][PASSED] - click(findTestObject("OPCPage/paymentMethod_change_OPC"), OPTIONAL): Object: 'Object Repository/OPCPage/paymentMethod_change_OPC' is clicked on

2023-08-22 09:32:14 - [MESSAGE][PASSED] - Object: 'Object Repository/OPCPage/paymentMethod_change_OPC' is clicked on

2023-08-22 09:32:14 - [TEST_STEP][PASSED] - click(findTestObject("OPCPage/paymentMethod_button1_OPC"), OPTIONAL): Object: 'Object Repository/OPCPage/paymentMethod_button1_OPC' is clicked on

2023-08-22 09:32:15 - [MESSAGE][PASSED] - Object: 'Object Repository/OPCPage/paymentMethod_button1_OPC' is clicked on

2023-08-22 09:32:15 - [TEST_STEP][PASSED] - setText(findTestObject("OPCPage/enterCardCVV_OPC"), "413", OPTIONAL): Text '413' is set on object 'Object Repository/OPCPage/enterCardCVV_OPC'

2023-08-22 09:32:16 - [MESSAGE][PASSED] - Text '413' is set on object 'Object Repository/OPCPage/enterCardCVV_OPC'

2023-08-22 09:32:16 - [TEST_STEP][PASSED] - setText(findTestObject("OPCPage/enterCardExpire_OPC"), "1225", OPTIONAL): Text '1225' is set on object 'Object Repository/OPCPage/enterCardExpire_OPC'

2023-08-22 09:32:17 - [MESSAGE][PASSED] - Text '1225' is set on object 'Object Repository/OPCPage/enterCardExpire_OPC'

2023-08-22 09:32:17 - [TEST_STEP][PASSED] - click(findTestObject("OPCPage/cardContinue_checkout_popUP"), OPTIONAL): Object: 'Object Repository/OPCPage/cardContinue_checkout_popUP' is clicked on

2023-08-22 09:32:18 - [MESSAGE][PASSED] - Object: 'Object Repository/OPCPage/cardContinue_checkout_popUP' is clicked on

2023-08-22 09:32:18 - [TEST_STEP][PASSED] - click(findTestObject("OPCPage/Final_comparar_OPC")): Object: 'Object Repository/OPCPage/Final_comparar_OPC' is clicked on

2023-08-22 09:32:21 - [MESSAGE][PASSED] - Object: 'Object Repository/OPCPage/Final_comparar_OPC' is clicked on

2023-08-22 09:32:21 - [TEST_STEP][PASSED] - verifyElementPresent(findTestObject("OPCPage/ConfirmOrder_Checkout"), 0): Object 'Object Repository/OPCPage/ConfirmOrder_Checkout' is present

2023-08-22 09:32:21 - [MESSAGE][WARNING] - Timeout '0' is invalid. Using default page load timeout: '30'

2023-08-22 09:32:22 - [MESSAGE][PASSED] - Object 'Object Repository/OPCPage/ConfirmOrder_Checkout' is present

2023-08-22 09:32:22 - [TEST_STEP][PASSED] - closeBrowser(): Browser is closed

2023-08-22 09:32:23 - [MESSAGE][PASSED] - Browser is closed]]></system-out>
         <system-err><![CDATA[]]></system-err>
      </testcase>
      <testcase name="Test Cases/Checkout/TS_SMOKE_SUITE_088" time="193.57" classname="Test Cases/Checkout/TS_SMOKE_SUITE_088" status="FAILED">
         <failure type="FAILED" message="Test Cases/Checkout/TS_SMOKE_SUITE_088 FAILED.
Reason:
com.kms.katalon.core.exception.StepFailedException: Unable to verify object 'Object Repository/OPCPage/ConfirmOrder_Checkout' is present
	at com.kms.katalon.core.webui.keyword.internal.WebUIKeywordMain.stepFailed(WebUIKeywordMain.groovy:64)
	at com.kms.katalon.core.webui.keyword.internal.WebUIKeywordMain.runKeyword(WebUIKeywordMain.groovy:26)
	at com.kms.katalon.core.webui.keyword.builtin.VerifyElementPresentKeyword.verifyElementPresent(VerifyElementPresentKeyword.groovy:92)
	at com.kms.katalon.core.webui.keyword.builtin.VerifyElementPresentKeyword.execute(VerifyElementPresentKeyword.groovy:68)
	at com.kms.katalon.core.keyword.internal.KeywordExecutor.executeKeywordForPlatform(KeywordExecutor.groovy:74)
	at com.kms.katalon.core.webui.keyword.WebUiBuiltInKeywords.verifyElementPresent(WebUiBuiltInKeywords.groovy:1464)
	at com.kms.katalon.core.webui.keyword.WebUiBuiltInKeywords$verifyElementPresent$5.call(Unknown Source)
	at TS_SMOKE_SUITE_088.run(TS_SMOKE_SUITE_088:47)
	at com.kms.katalon.core.main.ScriptEngine.run(ScriptEngine.java:194)
	at com.kms.katalon.core.main.ScriptEngine.runScriptAsRawText(ScriptEngine.java:119)
	at com.kms.katalon.core.main.TestCaseExecutor.runScript(TestCaseExecutor.java:448)
	at com.kms.katalon.core.main.TestCaseExecutor.doExecute(TestCaseExecutor.java:439)
	at com.kms.katalon.core.main.TestCaseExecutor.processExecutionPhase(TestCaseExecutor.java:418)
	at com.kms.katalon.core.main.TestCaseExecutor.accessMainPhase(TestCaseExecutor.java:410)
	at com.kms.katalon.core.main.TestCaseExecutor.execute(TestCaseExecutor.java:285)
	at com.kms.katalon.core.common.CommonExecutor.accessTestCaseMainPhase(CommonExecutor.java:65)
	at com.kms.katalon.core.main.TestSuiteExecutor.accessTestSuiteMainPhase(TestSuiteExecutor.java:148)
	at com.kms.katalon.core.main.TestSuiteExecutor.execute(TestSuiteExecutor.java:106)
	at com.kms.katalon.core.main.TestCaseMain.startTestSuite(TestCaseMain.java:187)
	at com.kms.katalon.core.main.TestCaseMain$startTestSuite$0.call(Unknown Source)
	at TempTestSuite1692673207080.run(TempTestSuite1692673207080.groovy:36)
Caused by: com.kms.katalon.core.exception.StepFailedException: com.kms.katalon.core.webui.exception.WebElementNotFoundException: Web element with id: 'Object Repository/OPCPage/ConfirmOrder_Checkout' located by '//button[@id='submitForOther']' not found
	at com.kms.katalon.core.webui.keyword.internal.WebUIKeywordMain.stepFailed(WebUIKeywordMain.groovy:64)
	at com.kms.katalon.core.webui.keyword.builtin.VerifyElementPresentKeyword$_verifyElementPresent_closure1.doCall(VerifyElementPresentKeyword.groovy:85)
	at com.kms.katalon.core.webui.keyword.builtin.VerifyElementPresentKeyword$_verifyElementPresent_closure1.call(VerifyElementPresentKeyword.groovy)
	at com.kms.katalon.core.webui.keyword.internal.WebUIKeywordMain.runKeyword(WebUIKeywordMain.groovy:20)
	... 19 more
"/>
         <system-out><![CDATA[2023-08-22 09:32:23 - [TEST_CASE][FAILED] - Test Cases/Checkout/TS_SMOKE_SUITE_088: Test Cases/Checkout/TS_SMOKE_SUITE_088 FAILED.
Reason:
com.kms.katalon.core.exception.StepFailedException: Unable to verify object 'Object Repository/OPCPage/ConfirmOrder_Checkout' is present
	at com.kms.katalon.core.webui.keyword.internal.WebUIKeywordMain.stepFailed(WebUIKeywordMain.groovy:64)
	at com.kms.katalon.core.webui.keyword.internal.WebUIKeywordMain.runKeyword(WebUIKeywordMain.groovy:26)
	at com.kms.katalon.core.webui.keyword.builtin.VerifyElementPresentKeyword.verifyElementPresent(VerifyElementPresentKeyword.groovy:92)
	at com.kms.katalon.core.webui.keyword.builtin.VerifyElementPresentKeyword.execute(VerifyElementPresentKeyword.groovy:68)
	at com.kms.katalon.core.keyword.internal.KeywordExecutor.executeKeywordForPlatform(KeywordExecutor.groovy:74)
	at com.kms.katalon.core.webui.keyword.WebUiBuiltInKeywords.verifyElementPresent(WebUiBuiltInKeywords.groovy:1464)
	at com.kms.katalon.core.webui.keyword.WebUiBuiltInKeywords$verifyElementPresent$5.call(Unknown Source)
	at TS_SMOKE_SUITE_088.run(TS_SMOKE_SUITE_088:47)
	at com.kms.katalon.core.main.ScriptEngine.run(ScriptEngine.java:194)
	at com.kms.katalon.core.main.ScriptEngine.runScriptAsRawText(ScriptEngine.java:119)
	at com.kms.katalon.core.main.TestCaseExecutor.runScript(TestCaseExecutor.java:448)
	at com.kms.katalon.core.main.TestCaseExecutor.doExecute(TestCaseExecutor.java:439)
	at com.kms.katalon.core.main.TestCaseExecutor.processExecutionPhase(TestCaseExecutor.java:418)
	at com.kms.katalon.core.main.TestCaseExecutor.accessMainPhase(TestCaseExecutor.java:410)
	at com.kms.katalon.core.main.TestCaseExecutor.execute(TestCaseExecutor.java:285)
	at com.kms.katalon.core.common.CommonExecutor.accessTestCaseMainPhase(CommonExecutor.java:65)
	at com.kms.katalon.core.main.TestSuiteExecutor.accessTestSuiteMainPhase(TestSuiteExecutor.java:148)
	at com.kms.katalon.core.main.TestSuiteExecutor.execute(TestSuiteExecutor.java:106)
	at com.kms.katalon.core.main.TestCaseMain.startTestSuite(TestCaseMain.java:187)
	at com.kms.katalon.core.main.TestCaseMain$startTestSuite$0.call(Unknown Source)
	at TempTestSuite1692673207080.run(TempTestSuite1692673207080.groovy:36)
Caused by: com.kms.katalon.core.exception.StepFailedException: com.kms.katalon.core.webui.exception.WebElementNotFoundException: Web element with id: 'Object Repository/OPCPage/ConfirmOrder_Checkout' located by '//button[@id='submitForOther']' not found
	at com.kms.katalon.core.webui.keyword.internal.WebUIKeywordMain.stepFailed(WebUIKeywordMain.groovy:64)
	at com.kms.katalon.core.webui.keyword.builtin.VerifyElementPresentKeyword$_verifyElementPresent_closure1.doCall(VerifyElementPresentKeyword.groovy:85)
	at com.kms.katalon.core.webui.keyword.builtin.VerifyElementPresentKeyword$_verifyElementPresent_closure1.call(VerifyElementPresentKeyword.groovy)
	at com.kms.katalon.core.webui.keyword.internal.WebUIKeywordMain.runKeyword(WebUIKeywordMain.groovy:20)
	... 19 more


2023-08-22 09:32:24 - [TEST_STEP][PASSED] - openBrowser(""): Browser is opened with url: ''

2023-08-22 09:32:24 - [MESSAGE][INFO] - Starting 'Chrome' driver

2023-08-22 09:32:24 - [MESSAGE][INFO] - Action delay is set to 0 milliseconds

2023-08-22 09:32:25 - [MESSAGE][PASSED] - Browser is opened with url: ''

2023-08-22 09:32:25 - [TEST_STEP][PASSED] - navigateToUrl(URL): Navigate to 'https://odtaqaa.liverpool.com.mx/tienda/home' successfully

2023-08-22 09:33:12 - [MESSAGE][PASSED] - Navigate to 'https://odtaqaa.liverpool.com.mx/tienda/home' successfully

2023-08-22 09:33:12 - [TEST_STEP][PASSED] - maximizeWindow(): Current window maximized

2023-08-22 09:33:12 - [MESSAGE][PASSED] - Current window maximized

2023-08-22 09:33:12 - [TEST_STEP][PASSED] - click(findTestObject("HomePage/Iniciar sesion")): Object: 'Object Repository/HomePage/Iniciar sesion' is clicked on

2023-08-22 09:33:15 - [MESSAGE][PASSED] - Object: 'Object Repository/HomePage/Iniciar sesion' is clicked on

2023-08-22 09:33:15 - [TEST_STEP][PASSED] - callTestCase(findTestCase("CommonMethods/loginFromHomePage"), ["username":Username, "password":Password], STOP_ON_FAILURE): Call Test Case 'Test Cases/CommonMethods/loginFromHomePage' successfully

2023-08-22 09:33:15 - [TEST_CASE][PASSED] - Test Cases/CommonMethods/loginFromHomePage: Test Cases/CommonMethods/loginFromHomePage

2023-08-22 09:33:15 - [TEST_STEP][PASSED] - delay(3): Delayed 3 second(s)

2023-08-22 09:33:18 - [MESSAGE][PASSED] - Delayed 3 second(s)

2023-08-22 09:33:18 - [TEST_STEP][PASSED] - click(findTestObject("HomePage/EnterUsername_LP")): Object: 'Object Repository/HomePage/EnterUsername_LP' is clicked on

2023-08-22 09:33:34 - [MESSAGE][PASSED] - Object: 'Object Repository/HomePage/EnterUsername_LP' is clicked on

2023-08-22 09:33:34 - [TEST_STEP][PASSED] - setText(findTestObject("HomePage/EnterUsername_LP"), username): Text 'hcheruvu29@digisprint.com' is set on object 'Object Repository/HomePage/EnterUsername_LP'

2023-08-22 09:33:35 - [MESSAGE][PASSED] - Text 'hcheruvu29@digisprint.com' is set on object 'Object Repository/HomePage/EnterUsername_LP'

2023-08-22 09:33:35 - [TEST_STEP][PASSED] - click(findTestObject("HomePage/EnterPassword_LP")): Object: 'Object Repository/HomePage/EnterPassword_LP' is clicked on

2023-08-22 09:33:35 - [MESSAGE][PASSED] - Object: 'Object Repository/HomePage/EnterPassword_LP' is clicked on

2023-08-22 09:33:35 - [TEST_STEP][PASSED] - setText(findTestObject("HomePage/EnterPassword_LP"), password): Text 'Test@12345' is set on object 'Object Repository/HomePage/EnterPassword_LP'

2023-08-22 09:33:36 - [MESSAGE][PASSED] - Text 'Test@12345' is set on object 'Object Repository/HomePage/EnterPassword_LP'

2023-08-22 09:33:36 - [TEST_STEP][PASSED] - click(findTestObject("HomePage/inciar")): Object: 'Object Repository/HomePage/inciar' is clicked on

2023-08-22 09:33:45 - [MESSAGE][PASSED] - Object: 'Object Repository/HomePage/inciar' is clicked on

2023-08-22 09:33:45 - [MESSAGE][PASSED] - Call Test Case 'Test Cases/CommonMethods/loginFromHomePage' successfully

2023-08-22 09:33:45 - [TEST_STEP][PASSED] - click(findTestObject("HomePage/header_Hola_text_HP")): Object: 'Object Repository/HomePage/header_Hola_text_HP' is clicked on

2023-08-22 09:34:44 - [MESSAGE][PASSED] - Object: 'Object Repository/HomePage/header_Hola_text_HP' is clicked on

2023-08-22 09:34:44 - [TEST_STEP][PASSED] - click(findTestObject("HomePage/a_Mis Compras")): Object: 'Object Repository/HomePage/a_Mis Compras' is clicked on

2023-08-22 09:34:45 - [MESSAGE][PASSED] - Object: 'Object Repository/HomePage/a_Mis Compras' is clicked on

2023-08-22 09:34:45 - [TEST_STEP][PASSED] - scrollToElement(findTestObject("AccountManagement/Tiempo_aire_MyAccount"), 0): Scroll to object 'Object Repository/AccountManagement/Tiempo_aire_MyAccount' successfully

2023-08-22 09:34:45 - [MESSAGE][WARNING] - Timeout '0' is invalid. Using default page load timeout: '30'

2023-08-22 09:34:50 - [MESSAGE][PASSED] - Scroll to object 'Object Repository/AccountManagement/Tiempo_aire_MyAccount' successfully

2023-08-22 09:34:50 - [TEST_STEP][PASSED] - click(findTestObject("AccountManagement/Tiempo_aire_MyAccount")): Object: 'Object Repository/AccountManagement/Tiempo_aire_MyAccount' is clicked on

2023-08-22 09:35:02 - [MESSAGE][PASSED] - Object: 'Object Repository/AccountManagement/Tiempo_aire_MyAccount' is clicked on

2023-08-22 09:35:02 - [TEST_STEP][PASSED] - enhancedClick(findTestObject("AccountManagement/ATT/checkbox1_MyAccount")): Object: 'Object Repository/AccountManagement/ATT/checkbox1_MyAccount' is clicked on

2023-08-22 09:35:03 - [MESSAGE][PASSED] - Object: 'Object Repository/AccountManagement/ATT/checkbox1_MyAccount' is clicked on

2023-08-22 09:35:03 - [TEST_STEP][PASSED] - enhancedClick(findTestObject("AccountManagement/ATT/paymentOption1_ATT_card_MyAccount")): Object: 'Object Repository/AccountManagement/ATT/paymentOption1_ATT_card_MyAccount' is clicked on

2023-08-22 09:35:04 - [MESSAGE][PASSED] - Object: 'Object Repository/AccountManagement/ATT/paymentOption1_ATT_card_MyAccount' is clicked on

2023-08-22 09:35:04 - [TEST_STEP][PASSED] - setText(findTestObject("AccountManagement/ATT/card_cvv_ATT_MyAccount"), "805"): Text '805' is set on object 'Object Repository/AccountManagement/ATT/card_cvv_ATT_MyAccount'

2023-08-22 09:35:05 - [MESSAGE][PASSED] - Text '805' is set on object 'Object Repository/AccountManagement/ATT/card_cvv_ATT_MyAccount'

2023-08-22 09:35:05 - [TEST_STEP][PASSED] - click(findTestObject("AccountManagement/ATT/finalize_recharge_MyAccount")): Object: 'Object Repository/AccountManagement/ATT/finalize_recharge_MyAccount' is clicked on

2023-08-22 09:35:05 - [MESSAGE][PASSED] - Object: 'Object Repository/AccountManagement/ATT/finalize_recharge_MyAccount' is clicked on

2023-08-22 09:35:05 - [TEST_STEP][FAILED] - verifyElementPresent(findTestObject("OPCPage/ConfirmOrder_Checkout"), 0): Unable to verify object 'Object Repository/OPCPage/ConfirmOrder_Checkout' is present (Root cause: com.kms.katalon.core.exception.StepFailedException: Unable to verify object 'Object Repository/OPCPage/ConfirmOrder_Checkout' is present
	at com.kms.katalon.core.webui.keyword.internal.WebUIKeywordMain.stepFailed(WebUIKeywordMain.groovy:64)
	at com.kms.katalon.core.webui.keyword.internal.WebUIKeywordMain.runKeyword(WebUIKeywordMain.groovy:26)
	at com.kms.katalon.core.webui.keyword.builtin.VerifyElementPresentKeyword.verifyElementPresent(VerifyElementPresentKeyword.groovy:92)
	at com.kms.katalon.core.webui.keyword.builtin.VerifyElementPresentKeyword.execute(VerifyElementPresentKeyword.groovy:68)
	at com.kms.katalon.core.keyword.internal.KeywordExecutor.executeKeywordForPlatform(KeywordExecutor.groovy:74)
	at com.kms.katalon.core.webui.keyword.WebUiBuiltInKeywords.verifyElementPresent(WebUiBuiltInKeywords.groovy:1464)
	at com.kms.katalon.core.webui.keyword.WebUiBuiltInKeywords$verifyElementPresent$5.call(Unknown Source)
	at TS_SMOKE_SUITE_088.run(TS_SMOKE_SUITE_088:47)
	at com.kms.katalon.core.main.ScriptEngine.run(ScriptEngine.java:194)
	at com.kms.katalon.core.main.ScriptEngine.runScriptAsRawText(ScriptEngine.java:119)
	at com.kms.katalon.core.main.TestCaseExecutor.runScript(TestCaseExecutor.java:448)
	at com.kms.katalon.core.main.TestCaseExecutor.doExecute(TestCaseExecutor.java:439)
	at com.kms.katalon.core.main.TestCaseExecutor.processExecutionPhase(TestCaseExecutor.java:418)
	at com.kms.katalon.core.main.TestCaseExecutor.accessMainPhase(TestCaseExecutor.java:410)
	at com.kms.katalon.core.main.TestCaseExecutor.execute(TestCaseExecutor.java:285)
	at com.kms.katalon.core.common.CommonExecutor.accessTestCaseMainPhase(CommonExecutor.java:65)
	at com.kms.katalon.core.main.TestSuiteExecutor.accessTestSuiteMainPhase(TestSuiteExecutor.java:148)
	at com.kms.katalon.core.main.TestSuiteExecutor.execute(TestSuiteExecutor.java:106)
	at com.kms.katalon.core.main.TestCaseMain.startTestSuite(TestCaseMain.java:187)
	at com.kms.katalon.core.main.TestCaseMain$startTestSuite$0.call(Unknown Source)
	at TempTestSuite1692673207080.run(TempTestSuite1692673207080.groovy:36)
Caused by: com.kms.katalon.core.exception.StepFailedException: com.kms.katalon.core.webui.exception.WebElementNotFoundException: Web element with id: 'Object Repository/OPCPage/ConfirmOrder_Checkout' located by '//button[@id='submitForOther']' not found
	at com.kms.katalon.core.webui.keyword.internal.WebUIKeywordMain.stepFailed(WebUIKeywordMain.groovy:64)
	at com.kms.katalon.core.webui.keyword.builtin.VerifyElementPresentKeyword$_verifyElementPresent_closure1.doCall(VerifyElementPresentKeyword.groovy:85)
	at com.kms.katalon.core.webui.keyword.builtin.VerifyElementPresentKeyword$_verifyElementPresent_closure1.call(VerifyElementPresentKeyword.groovy)
	at com.kms.katalon.core.webui.keyword.internal.WebUIKeywordMain.runKeyword(WebUIKeywordMain.groovy:20)
	... 19 more
)

2023-08-22 09:35:05 - [MESSAGE][WARNING] - Timeout '0' is invalid. Using default page load timeout: '30'

2023-08-22 09:35:37 - [MESSAGE][INFO] - Unable to find the element located by 'By.xpath: //button[@id='submitForOther']'. Please recheck the objects properties to make sure the desired element is located. 

2023-08-22 09:35:37 - [MESSAGE][FAILED] - com.kms.katalon.core.webui.exception.WebElementNotFoundException: Web element with id: 'Object Repository/OPCPage/ConfirmOrder_Checkout' located by '//button[@id='submitForOther']' not found (Root cause: com.kms.katalon.core.exception.StepFailedException: com.kms.katalon.core.webui.exception.WebElementNotFoundException: Web element with id: 'Object Repository/OPCPage/ConfirmOrder_Checkout' located by '//button[@id='submitForOther']' not found
	at com.kms.katalon.core.webui.keyword.internal.WebUIKeywordMain.stepFailed(WebUIKeywordMain.groovy:64)
	at com.kms.katalon.core.webui.keyword.builtin.VerifyElementPresentKeyword$_verifyElementPresent_closure1.doCall(VerifyElementPresentKeyword.groovy:85)
	at com.kms.katalon.core.webui.keyword.builtin.VerifyElementPresentKeyword$_verifyElementPresent_closure1.call(VerifyElementPresentKeyword.groovy)
	at com.kms.katalon.core.webui.keyword.internal.WebUIKeywordMain.runKeyword(WebUIKeywordMain.groovy:20)
	at com.kms.katalon.core.webui.keyword.builtin.VerifyElementPresentKeyword.verifyElementPresent(VerifyElementPresentKeyword.groovy:92)
	at com.kms.katalon.core.webui.keyword.builtin.VerifyElementPresentKeyword.execute(VerifyElementPresentKeyword.groovy:68)
	at com.kms.katalon.core.keyword.internal.KeywordExecutor.executeKeywordForPlatform(KeywordExecutor.groovy:74)
	at com.kms.katalon.core.webui.keyword.WebUiBuiltInKeywords.verifyElementPresent(WebUiBuiltInKeywords.groovy:1464)
	at com.kms.katalon.core.webui.keyword.WebUiBuiltInKeywords$verifyElementPresent$5.call(Unknown Source)
	at TS_SMOKE_SUITE_088.run(TS_SMOKE_SUITE_088:47)
	at com.kms.katalon.core.main.ScriptEngine.run(ScriptEngine.java:194)
	at com.kms.katalon.core.main.ScriptEngine.runScriptAsRawText(ScriptEngine.java:119)
	at com.kms.katalon.core.main.TestCaseExecutor.runScript(TestCaseExecutor.java:448)
	at com.kms.katalon.core.main.TestCaseExecutor.doExecute(TestCaseExecutor.java:439)
	at com.kms.katalon.core.main.TestCaseExecutor.processExecutionPhase(TestCaseExecutor.java:418)
	at com.kms.katalon.core.main.TestCaseExecutor.accessMainPhase(TestCaseExecutor.java:410)
	at com.kms.katalon.core.main.TestCaseExecutor.execute(TestCaseExecutor.java:285)
	at com.kms.katalon.core.common.CommonExecutor.accessTestCaseMainPhase(CommonExecutor.java:65)
	at com.kms.katalon.core.main.TestSuiteExecutor.accessTestSuiteMainPhase(TestSuiteExecutor.java:148)
	at com.kms.katalon.core.main.TestSuiteExecutor.execute(TestSuiteExecutor.java:106)
	at com.kms.katalon.core.main.TestCaseMain.startTestSuite(TestCaseMain.java:187)
	at com.kms.katalon.core.main.TestCaseMain$startTestSuite$0.call(Unknown Source)
	at TempTestSuite1692673207080.run(TempTestSuite1692673207080.groovy:36)
)
[[ATTACHMENT|D:\\backup\\LiverpoolProject_SmokeSuite\\Reports\\20230822_083007\\SmokeSuite_AllModules\\20230822_083007\\1692677137114.png]]

2023-08-22 09:35:37 - [MESSAGE][FAILED] - Unable to verify object 'Object Repository/OPCPage/ConfirmOrder_Checkout' is present (Root cause: com.kms.katalon.core.exception.StepFailedException: Unable to verify object 'Object Repository/OPCPage/ConfirmOrder_Checkout' is present
	at com.kms.katalon.core.webui.keyword.internal.WebUIKeywordMain.stepFailed(WebUIKeywordMain.groovy:64)
	at com.kms.katalon.core.webui.keyword.internal.WebUIKeywordMain.runKeyword(WebUIKeywordMain.groovy:26)
	at com.kms.katalon.core.webui.keyword.builtin.VerifyElementPresentKeyword.verifyElementPresent(VerifyElementPresentKeyword.groovy:92)
	at com.kms.katalon.core.webui.keyword.builtin.VerifyElementPresentKeyword.execute(VerifyElementPresentKeyword.groovy:68)
	at com.kms.katalon.core.keyword.internal.KeywordExecutor.executeKeywordForPlatform(KeywordExecutor.groovy:74)
	at com.kms.katalon.core.webui.keyword.WebUiBuiltInKeywords.verifyElementPresent(WebUiBuiltInKeywords.groovy:1464)
	at com.kms.katalon.core.webui.keyword.WebUiBuiltInKeywords$verifyElementPresent$5.call(Unknown Source)
	at TS_SMOKE_SUITE_088.run(TS_SMOKE_SUITE_088:47)
	at com.kms.katalon.core.main.ScriptEngine.run(ScriptEngine.java:194)
	at com.kms.katalon.core.main.ScriptEngine.runScriptAsRawText(ScriptEngine.java:119)
	at com.kms.katalon.core.main.TestCaseExecutor.runScript(TestCaseExecutor.java:448)
	at com.kms.katalon.core.main.TestCaseExecutor.doExecute(TestCaseExecutor.java:439)
	at com.kms.katalon.core.main.TestCaseExecutor.processExecutionPhase(TestCaseExecutor.java:418)
	at com.kms.katalon.core.main.TestCaseExecutor.accessMainPhase(TestCaseExecutor.java:410)
	at com.kms.katalon.core.main.TestCaseExecutor.execute(TestCaseExecutor.java:285)
	at com.kms.katalon.core.common.CommonExecutor.accessTestCaseMainPhase(CommonExecutor.java:65)
	at com.kms.katalon.core.main.TestSuiteExecutor.accessTestSuiteMainPhase(TestSuiteExecutor.java:148)
	at com.kms.katalon.core.main.TestSuiteExecutor.execute(TestSuiteExecutor.java:106)
	at com.kms.katalon.core.main.TestCaseMain.startTestSuite(TestCaseMain.java:187)
	at com.kms.katalon.core.main.TestCaseMain$startTestSuite$0.call(Unknown Source)
	at TempTestSuite1692673207080.run(TempTestSuite1692673207080.groovy:36)
Caused by: com.kms.katalon.core.exception.StepFailedException: com.kms.katalon.core.webui.exception.WebElementNotFoundException: Web element with id: 'Object Repository/OPCPage/ConfirmOrder_Checkout' located by '//button[@id='submitForOther']' not found
	at com.kms.katalon.core.webui.keyword.internal.WebUIKeywordMain.stepFailed(WebUIKeywordMain.groovy:64)
	at com.kms.katalon.core.webui.keyword.builtin.VerifyElementPresentKeyword$_verifyElementPresent_closure1.doCall(VerifyElementPresentKeyword.groovy:85)
	at com.kms.katalon.core.webui.keyword.builtin.VerifyElementPresentKeyword$_verifyElementPresent_closure1.call(VerifyElementPresentKeyword.groovy)
	at com.kms.katalon.core.webui.keyword.internal.WebUIKeywordMain.runKeyword(WebUIKeywordMain.groovy:20)
	... 19 more
)
[[ATTACHMENT|D:\\backup\\LiverpoolProject_SmokeSuite\\Reports\\20230822_083007\\SmokeSuite_AllModules\\20230822_083007\\1692677137267.png]]]]></system-out>
         <system-err><![CDATA[2023-08-22 09:32:23 - [TEST_CASE][FAILED] - Test Cases/Checkout/TS_SMOKE_SUITE_088: Test Cases/Checkout/TS_SMOKE_SUITE_088 FAILED.
Reason:
com.kms.katalon.core.exception.StepFailedException: Unable to verify object 'Object Repository/OPCPage/ConfirmOrder_Checkout' is present
	at com.kms.katalon.core.webui.keyword.internal.WebUIKeywordMain.stepFailed(WebUIKeywordMain.groovy:64)
	at com.kms.katalon.core.webui.keyword.internal.WebUIKeywordMain.runKeyword(WebUIKeywordMain.groovy:26)
	at com.kms.katalon.core.webui.keyword.builtin.VerifyElementPresentKeyword.verifyElementPresent(VerifyElementPresentKeyword.groovy:92)
	at com.kms.katalon.core.webui.keyword.builtin.VerifyElementPresentKeyword.execute(VerifyElementPresentKeyword.groovy:68)
	at com.kms.katalon.core.keyword.internal.KeywordExecutor.executeKeywordForPlatform(KeywordExecutor.groovy:74)
	at com.kms.katalon.core.webui.keyword.WebUiBuiltInKeywords.verifyElementPresent(WebUiBuiltInKeywords.groovy:1464)
	at com.kms.katalon.core.webui.keyword.WebUiBuiltInKeywords$verifyElementPresent$5.call(Unknown Source)
	at TS_SMOKE_SUITE_088.run(TS_SMOKE_SUITE_088:47)
	at com.kms.katalon.core.main.ScriptEngine.run(ScriptEngine.java:194)
	at com.kms.katalon.core.main.ScriptEngine.runScriptAsRawText(ScriptEngine.java:119)
	at com.kms.katalon.core.main.TestCaseExecutor.runScript(TestCaseExecutor.java:448)
	at com.kms.katalon.core.main.TestCaseExecutor.doExecute(TestCaseExecutor.java:439)
	at com.kms.katalon.core.main.TestCaseExecutor.processExecutionPhase(TestCaseExecutor.java:418)
	at com.kms.katalon.core.main.TestCaseExecutor.accessMainPhase(TestCaseExecutor.java:410)
	at com.kms.katalon.core.main.TestCaseExecutor.execute(TestCaseExecutor.java:285)
	at com.kms.katalon.core.common.CommonExecutor.accessTestCaseMainPhase(CommonExecutor.java:65)
	at com.kms.katalon.core.main.TestSuiteExecutor.accessTestSuiteMainPhase(TestSuiteExecutor.java:148)
	at com.kms.katalon.core.main.TestSuiteExecutor.execute(TestSuiteExecutor.java:106)
	at com.kms.katalon.core.main.TestCaseMain.startTestSuite(TestCaseMain.java:187)
	at com.kms.katalon.core.main.TestCaseMain$startTestSuite$0.call(Unknown Source)
	at TempTestSuite1692673207080.run(TempTestSuite1692673207080.groovy:36)
Caused by: com.kms.katalon.core.exception.StepFailedException: com.kms.katalon.core.webui.exception.WebElementNotFoundException: Web element with id: 'Object Repository/OPCPage/ConfirmOrder_Checkout' located by '//button[@id='submitForOther']' not found
	at com.kms.katalon.core.webui.keyword.internal.WebUIKeywordMain.stepFailed(WebUIKeywordMain.groovy:64)
	at com.kms.katalon.core.webui.keyword.builtin.VerifyElementPresentKeyword$_verifyElementPresent_closure1.doCall(VerifyElementPresentKeyword.groovy:85)
	at com.kms.katalon.core.webui.keyword.builtin.VerifyElementPresentKeyword$_verifyElementPresent_closure1.call(VerifyElementPresentKeyword.groovy)
	at com.kms.katalon.core.webui.keyword.internal.WebUIKeywordMain.runKeyword(WebUIKeywordMain.groovy:20)
	... 19 more]]></system-err>
      </testcase>
      <testcase name="Test Cases/HomePage/TS_SMOKE_SUITE_001" time="52.551" classname="Test Cases/HomePage/TS_SMOKE_SUITE_001" status="PASSED">
         <system-out><![CDATA[2023-08-22 09:35:37 - [TEST_CASE][PASSED] - Test Cases/HomePage/TS_SMOKE_SUITE_001: Test Cases/HomePage/TS_SMOKE_SUITE_001

2023-08-22 09:35:37 - [TEST_STEP][PASSED] - openBrowser(""): Browser is opened with url: ''

2023-08-22 09:35:37 - [MESSAGE][WARNING] - A browser is already opened. Closing browser and opening a new one

2023-08-22 09:35:38 - [MESSAGE][INFO] - Starting 'Chrome' driver

2023-08-22 09:35:38 - [MESSAGE][INFO] - Action delay is set to 0 milliseconds

2023-08-22 09:35:40 - [MESSAGE][PASSED] - Browser is opened with url: ''

2023-08-22 09:35:40 - [TEST_STEP][PASSED] - navigateToUrl(URL): Navigate to 'https://odtaqaa.liverpool.com.mx/tienda/home' successfully

2023-08-22 09:36:28 - [MESSAGE][PASSED] - Navigate to 'https://odtaqaa.liverpool.com.mx/tienda/home' successfully

2023-08-22 09:36:28 - [TEST_STEP][PASSED] - maximizeWindow(): Current window maximized

2023-08-22 09:36:28 - [MESSAGE][PASSED] - Current window maximized

2023-08-22 09:36:28 - [TEST_STEP][PASSED] - verifyElementPresent(findTestObject("HomePage/Logo_hp"), 0): Object 'Object Repository/HomePage/Logo_hp' is present

2023-08-22 09:36:28 - [MESSAGE][WARNING] - Timeout '0' is invalid. Using default page load timeout: '30'

2023-08-22 09:36:29 - [MESSAGE][PASSED] - Object 'Object Repository/HomePage/Logo_hp' is present

2023-08-22 09:36:29 - [TEST_STEP][PASSED] - closeBrowser(): Browser is closed

2023-08-22 09:36:29 - [MESSAGE][PASSED] - Browser is closed]]></system-out>
         <system-err><![CDATA[]]></system-err>
      </testcase>
      <testcase name="Test Cases/HomePage/TS_SMOKE_SUITE_002" time="64.452" classname="Test Cases/HomePage/TS_SMOKE_SUITE_002" status="PASSED">
         <system-out><![CDATA[2023-08-22 09:36:29 - [TEST_CASE][PASSED] - Test Cases/HomePage/TS_SMOKE_SUITE_002: Test Cases/HomePage/TS_SMOKE_SUITE_002

2023-08-22 09:36:30 - [TEST_STEP][PASSED] - openBrowser(""): Browser is opened with url: ''

2023-08-22 09:36:30 - [MESSAGE][INFO] - Starting 'Chrome' driver

2023-08-22 09:36:30 - [MESSAGE][INFO] - Action delay is set to 0 milliseconds

2023-08-22 09:36:31 - [MESSAGE][PASSED] - Browser is opened with url: ''

2023-08-22 09:36:31 - [TEST_STEP][PASSED] - navigateToUrl(URL): Navigate to 'https://odtaqaa.liverpool.com.mx/tienda/home' successfully

2023-08-22 09:37:28 - [MESSAGE][PASSED] - Navigate to 'https://odtaqaa.liverpool.com.mx/tienda/home' successfully

2023-08-22 09:37:28 - [TEST_STEP][PASSED] - maximizeWindow(): Current window maximized

2023-08-22 09:37:28 - [MESSAGE][PASSED] - Current window maximized

2023-08-22 09:37:28 - [TEST_STEP][PASSED] - verifyElementPresent(findTestObject("HomePage/Logo_hp"), 0): Object 'Object Repository/HomePage/Logo_hp' is present

2023-08-22 09:37:28 - [MESSAGE][WARNING] - Timeout '0' is invalid. Using default page load timeout: '30'

2023-08-22 09:37:29 - [MESSAGE][PASSED] - Object 'Object Repository/HomePage/Logo_hp' is present

2023-08-22 09:37:29 - [TEST_STEP][PASSED] - verifyElementPresent(findTestObject("HomePage/Departamentos"), 0): Object 'Object Repository/HomePage/Departamentos' is present

2023-08-22 09:37:29 - [MESSAGE][WARNING] - Timeout '0' is invalid. Using default page load timeout: '30'

2023-08-22 09:37:29 - [MESSAGE][PASSED] - Object 'Object Repository/HomePage/Departamentos' is present

2023-08-22 09:37:29 - [TEST_STEP][PASSED] - verifyElementPresent(findTestObject("HomePage/brand1_HP"), 0): Object 'Object Repository/HomePage/brand1_HP' is present

2023-08-22 09:37:29 - [MESSAGE][WARNING] - Timeout '0' is invalid. Using default page load timeout: '30'

2023-08-22 09:37:30 - [MESSAGE][PASSED] - Object 'Object Repository/HomePage/brand1_HP' is present

2023-08-22 09:37:30 - [TEST_STEP][PASSED] - verifyElementPresent(findTestObject("HomePage/brand2_HP"), 0): Object 'Object Repository/HomePage/brand2_HP' is present

2023-08-22 09:37:30 - [MESSAGE][WARNING] - Timeout '0' is invalid. Using default page load timeout: '30'

2023-08-22 09:37:30 - [MESSAGE][PASSED] - Object 'Object Repository/HomePage/brand2_HP' is present

2023-08-22 09:37:30 - [TEST_STEP][PASSED] - verifyElementPresent(findTestObject("HomePage/brand3_HP"), 0): Object 'Object Repository/HomePage/brand3_HP' is present

2023-08-22 09:37:30 - [MESSAGE][WARNING] - Timeout '0' is invalid. Using default page load timeout: '30'

2023-08-22 09:37:30 - [MESSAGE][PASSED] - Object 'Object Repository/HomePage/brand3_HP' is present

2023-08-22 09:37:30 - [TEST_STEP][PASSED] - verifyElementPresent(findTestObject("HomePage/brand4_HP"), 0): Object 'Object Repository/HomePage/brand4_HP' is present

2023-08-22 09:37:30 - [MESSAGE][WARNING] - Timeout '0' is invalid. Using default page load timeout: '30'

2023-08-22 09:37:31 - [MESSAGE][PASSED] - Object 'Object Repository/HomePage/brand4_HP' is present

2023-08-22 09:37:31 - [TEST_STEP][PASSED] - verifyElementPresent(findTestObject("HomePage/mesa_de_regalos_HP"), 0): Object 'Object Repository/HomePage/mesa_de_regalos_HP' is present

2023-08-22 09:37:31 - [MESSAGE][WARNING] - Timeout '0' is invalid. Using default page load timeout: '30'

2023-08-22 09:37:31 - [MESSAGE][PASSED] - Object 'Object Repository/HomePage/mesa_de_regalos_HP' is present

2023-08-22 09:37:31 - [TEST_STEP][PASSED] - verifyElementPresent(findTestObject("HomePage/credito_HP"), 0): Object 'Object Repository/HomePage/credito_HP' is present

2023-08-22 09:37:31 - [MESSAGE][WARNING] - Timeout '0' is invalid. Using default page load timeout: '30'

2023-08-22 09:37:31 - [MESSAGE][PASSED] - Object 'Object Repository/HomePage/credito_HP' is present

2023-08-22 09:37:31 - [TEST_STEP][PASSED] - verifyElementPresent(findTestObject("HomePage/MainSearchbar_HP"), 0): Object 'Object Repository/HomePage/MainSearchbar_HP' is present

2023-08-22 09:37:31 - [MESSAGE][WARNING] - Timeout '0' is invalid. Using default page load timeout: '30'

2023-08-22 09:37:32 - [MESSAGE][PASSED] - Object 'Object Repository/HomePage/MainSearchbar_HP' is present

2023-08-22 09:37:32 - [TEST_STEP][PASSED] - verifyElementPresent(findTestObject("HomePage/Iniciar sesion"), 0): Object 'Object Repository/HomePage/Iniciar sesion' is present

2023-08-22 09:37:32 - [MESSAGE][WARNING] - Timeout '0' is invalid. Using default page load timeout: '30'

2023-08-22 09:37:32 - [MESSAGE][PASSED] - Object 'Object Repository/HomePage/Iniciar sesion' is present

2023-08-22 09:37:32 - [TEST_STEP][PASSED] - verifyElementPresent(findTestObject("HomePage/Tiendas_HP"), 0): Object 'Object Repository/HomePage/Tiendas_HP' is present

2023-08-22 09:37:32 - [MESSAGE][WARNING] - Timeout '0' is invalid. Using default page load timeout: '30'

2023-08-22 09:37:32 - [MESSAGE][PASSED] - Object 'Object Repository/HomePage/Tiendas_HP' is present

2023-08-22 09:37:32 - [TEST_STEP][PASSED] - verifyElementPresent(findTestObject("HomePage/Mis Compras_hp"), 0): Object 'Object Repository/HomePage/Mis Compras_hp' is present

2023-08-22 09:37:32 - [MESSAGE][WARNING] - Timeout '0' is invalid. Using default page load timeout: '30'

2023-08-22 09:37:33 - [MESSAGE][PASSED] - Object 'Object Repository/HomePage/Mis Compras_hp' is present

2023-08-22 09:37:33 - [TEST_STEP][PASSED] - verifyElementPresent(findTestObject("HomePage/Ayuda_HP"), 0): Object 'Object Repository/HomePage/Ayuda_HP' is present

2023-08-22 09:37:33 - [MESSAGE][WARNING] - Timeout '0' is invalid. Using default page load timeout: '30'

2023-08-22 09:37:33 - [MESSAGE][PASSED] - Object 'Object Repository/HomePage/Ayuda_HP' is present

2023-08-22 09:37:33 - [TEST_STEP][PASSED] - closeBrowser(): Browser is closed

2023-08-22 09:37:34 - [MESSAGE][PASSED] - Browser is closed]]></system-out>
         <system-err><![CDATA[]]></system-err>
      </testcase>
      <testcase name="Test Cases/HomePage/TS_SMOKE_SUITE_003" time="53.094" classname="Test Cases/HomePage/TS_SMOKE_SUITE_003" status="PASSED">
         <system-out><![CDATA[2023-08-22 09:37:34 - [TEST_CASE][PASSED] - Test Cases/HomePage/TS_SMOKE_SUITE_003: Test Cases/HomePage/TS_SMOKE_SUITE_003

2023-08-22 09:37:34 - [TEST_STEP][PASSED] - openBrowser(""): Browser is opened with url: ''

2023-08-22 09:37:34 - [MESSAGE][INFO] - Starting 'Chrome' driver

2023-08-22 09:37:34 - [MESSAGE][INFO] - Action delay is set to 0 milliseconds

2023-08-22 09:37:36 - [MESSAGE][PASSED] - Browser is opened with url: ''

2023-08-22 09:37:36 - [TEST_STEP][PASSED] - navigateToUrl(URL): Navigate to 'https://odtaqaa.liverpool.com.mx/tienda/home' successfully

2023-08-22 09:38:23 - [MESSAGE][PASSED] - Navigate to 'https://odtaqaa.liverpool.com.mx/tienda/home' successfully

2023-08-22 09:38:23 - [TEST_STEP][PASSED] - maximizeWindow(): Current window maximized

2023-08-22 09:38:23 - [MESSAGE][PASSED] - Current window maximized

2023-08-22 09:38:23 - [TEST_STEP][PASSED] - verifyElementPresent(findTestObject("HomePage/Logo_hp"), 0): Object 'Object Repository/HomePage/Logo_hp' is present

2023-08-22 09:38:23 - [MESSAGE][WARNING] - Timeout '0' is invalid. Using default page load timeout: '30'

2023-08-22 09:38:24 - [MESSAGE][PASSED] - Object 'Object Repository/HomePage/Logo_hp' is present

2023-08-22 09:38:24 - [TEST_STEP][PASSED] - mouseOver(findTestObject("HomePage/Departamentos")): Object: 'Object Repository/HomePage/Departamentos' is hovered

2023-08-22 09:38:24 - [MESSAGE][PASSED] - Object: 'Object Repository/HomePage/Departamentos' is hovered

2023-08-22 09:38:24 - [TEST_STEP][PASSED] - verifyElementClickable(findTestObject("HomePage/L1_Category1_HP")): Object 'Object Repository/HomePage/L1_Category1_HP' is clickable

2023-08-22 09:38:25 - [MESSAGE][PASSED] - Object 'Object Repository/HomePage/L1_Category1_HP' is clickable

2023-08-22 09:38:25 - [TEST_STEP][PASSED] - mouseOver(findTestObject("HomePage/L1_Category1_HP")): Object: 'Object Repository/HomePage/L1_Category1_HP' is hovered

2023-08-22 09:38:25 - [MESSAGE][PASSED] - Object: 'Object Repository/HomePage/L1_Category1_HP' is hovered

2023-08-22 09:38:25 - [TEST_STEP][PASSED] - verifyElementClickable(findTestObject("HomePage/L2CategoryInFlyout_HP")): Object 'Object Repository/HomePage/L2CategoryInFlyout_HP' is clickable

2023-08-22 09:38:26 - [MESSAGE][PASSED] - Object 'Object Repository/HomePage/L2CategoryInFlyout_HP' is clickable

2023-08-22 09:38:26 - [TEST_STEP][PASSED] - verifyElementClickable(findTestObject("HomePage/L3CategoriesInFlyout_HP")): Object 'Object Repository/HomePage/L3CategoriesInFlyout_HP' is clickable

2023-08-22 09:38:26 - [MESSAGE][PASSED] - Object 'Object Repository/HomePage/L3CategoriesInFlyout_HP' is clickable

2023-08-22 09:38:26 - [TEST_STEP][PASSED] - closeBrowser(STOP_ON_FAILURE): Browser is closed

2023-08-22 09:38:27 - [MESSAGE][PASSED] - Browser is closed]]></system-out>
         <system-err><![CDATA[]]></system-err>
      </testcase>
      <testcase name="Test Cases/HomePage/TS_SMOKE_SUITE_006" time="78.157" classname="Test Cases/HomePage/TS_SMOKE_SUITE_006" status="PASSED">
         <system-out><![CDATA[2023-08-22 09:38:27 - [TEST_CASE][PASSED] - Test Cases/HomePage/TS_SMOKE_SUITE_006: Test Cases/HomePage/TS_SMOKE_SUITE_006

2023-08-22 09:38:27 - [TEST_STEP][PASSED] - openBrowser(""): Browser is opened with url: ''

2023-08-22 09:38:27 - [MESSAGE][INFO] - Starting 'Chrome' driver

2023-08-22 09:38:27 - [MESSAGE][INFO] - Action delay is set to 0 milliseconds

2023-08-22 09:38:29 - [MESSAGE][PASSED] - Browser is opened with url: ''

2023-08-22 09:38:29 - [TEST_STEP][PASSED] - navigateToUrl(URL): Navigate to 'https://odtaqaa.liverpool.com.mx/tienda/home' successfully

2023-08-22 09:39:17 - [MESSAGE][PASSED] - Navigate to 'https://odtaqaa.liverpool.com.mx/tienda/home' successfully

2023-08-22 09:39:17 - [TEST_STEP][PASSED] - maximizeWindow(): Current window maximized

2023-08-22 09:39:17 - [MESSAGE][PASSED] - Current window maximized

2023-08-22 09:39:17 - [TEST_STEP][PASSED] - verifyElementClickable(findTestObject("HomePage/Mesa de regalos_HP")): Object 'Object Repository/HomePage/Mesa de regalos_HP' is clickable

2023-08-22 09:39:18 - [MESSAGE][PASSED] - Object 'Object Repository/HomePage/Mesa de regalos_HP' is clickable

2023-08-22 09:39:18 - [TEST_STEP][PASSED] - click(findTestObject("HomePage/Mesa de regalos_HP")): Object: 'Object Repository/HomePage/Mesa de regalos_HP' is clicked on

2023-08-22 09:39:44 - [MESSAGE][PASSED] - Object: 'Object Repository/HomePage/Mesa de regalos_HP' is clicked on

2023-08-22 09:39:44 - [TEST_STEP][PASSED] - verifyElementPresent(findTestObject("HomePage/gr/Find_gift_table_GR"), 0): Object 'Object Repository/HomePage/gr/Find_gift_table_GR' is present

2023-08-22 09:39:44 - [MESSAGE][WARNING] - Timeout '0' is invalid. Using default page load timeout: '30'

2023-08-22 09:39:44 - [MESSAGE][PASSED] - Object 'Object Repository/HomePage/gr/Find_gift_table_GR' is present

2023-08-22 09:39:44 - [TEST_STEP][PASSED] - verifyElementPresent(findTestObject("HomePage/gr/Search_event_button_GR"), 0): Object 'Object Repository/HomePage/gr/Search_event_button_GR' is present

2023-08-22 09:39:44 - [MESSAGE][WARNING] - Timeout '0' is invalid. Using default page load timeout: '30'

2023-08-22 09:39:44 - [MESSAGE][PASSED] - Object 'Object Repository/HomePage/gr/Search_event_button_GR' is present

2023-08-22 09:39:44 - [TEST_STEP][PASSED] - closeBrowser(): Browser is closed

2023-08-22 09:39:45 - [MESSAGE][PASSED] - Browser is closed]]></system-out>
         <system-err><![CDATA[]]></system-err>
      </testcase>
      <testcase name="Test Cases/HomePage/TS_SMOKE_SUITE_007" time="73.041" classname="Test Cases/HomePage/TS_SMOKE_SUITE_007" status="PASSED">
         <system-out><![CDATA[2023-08-22 09:39:45 - [TEST_CASE][PASSED] - Test Cases/HomePage/TS_SMOKE_SUITE_007: Test Cases/HomePage/TS_SMOKE_SUITE_007

2023-08-22 09:39:46 - [TEST_STEP][PASSED] - openBrowser(""): Browser is opened with url: ''

2023-08-22 09:39:46 - [MESSAGE][INFO] - Starting 'Chrome' driver

2023-08-22 09:39:46 - [MESSAGE][INFO] - Action delay is set to 0 milliseconds

2023-08-22 09:39:47 - [MESSAGE][PASSED] - Browser is opened with url: ''

2023-08-22 09:39:47 - [TEST_STEP][PASSED] - navigateToUrl(URL): Navigate to 'https://odtaqaa.liverpool.com.mx/tienda/home' successfully

2023-08-22 09:40:41 - [MESSAGE][PASSED] - Navigate to 'https://odtaqaa.liverpool.com.mx/tienda/home' successfully

2023-08-22 09:40:41 - [TEST_STEP][PASSED] - maximizeWindow(): Current window maximized

2023-08-22 09:40:41 - [MESSAGE][PASSED] - Current window maximized

2023-08-22 09:40:41 - [TEST_STEP][PASSED] - click(findTestObject("HomePage/Iniciar sesion"), STOP_ON_FAILURE): Object: 'Object Repository/HomePage/Iniciar sesion' is clicked on

2023-08-22 09:40:42 - [MESSAGE][PASSED] - Object: 'Object Repository/HomePage/Iniciar sesion' is clicked on

2023-08-22 09:40:42 - [TEST_STEP][PASSED] - verifyElementPresent(findTestObject("HomePage/EnterUsername_LP"), 0): Object 'Object Repository/HomePage/EnterUsername_LP' is present

2023-08-22 09:40:42 - [MESSAGE][WARNING] - Timeout '0' is invalid. Using default page load timeout: '30'

2023-08-22 09:40:57 - [MESSAGE][PASSED] - Object 'Object Repository/HomePage/EnterUsername_LP' is present

2023-08-22 09:40:57 - [TEST_STEP][PASSED] - verifyElementPresent(findTestObject("HomePage/EnterPassword_LP"), 0): Object 'Object Repository/HomePage/EnterPassword_LP' is present

2023-08-22 09:40:57 - [MESSAGE][WARNING] - Timeout '0' is invalid. Using default page load timeout: '30'

2023-08-22 09:40:57 - [MESSAGE][PASSED] - Object 'Object Repository/HomePage/EnterPassword_LP' is present

2023-08-22 09:40:57 - [TEST_STEP][PASSED] - closeBrowser(): Browser is closed

2023-08-22 09:40:58 - [MESSAGE][PASSED] - Browser is closed]]></system-out>
         <system-err><![CDATA[]]></system-err>
      </testcase>
      <testcase name="Test Cases/HomePage/TS_SMOKE_SUITE_008" time="59.38" classname="Test Cases/HomePage/TS_SMOKE_SUITE_008" status="PASSED">
         <system-out><![CDATA[2023-08-22 09:40:58 - [TEST_CASE][PASSED] - Test Cases/HomePage/TS_SMOKE_SUITE_008: Test Cases/HomePage/TS_SMOKE_SUITE_008

2023-08-22 09:40:59 - [TEST_STEP][PASSED] - openBrowser(""): Browser is opened with url: ''

2023-08-22 09:40:59 - [MESSAGE][INFO] - Starting 'Chrome' driver

2023-08-22 09:40:59 - [MESSAGE][INFO] - Action delay is set to 0 milliseconds

2023-08-22 09:41:00 - [MESSAGE][PASSED] - Browser is opened with url: ''

2023-08-22 09:41:00 - [TEST_STEP][PASSED] - navigateToUrl(URL): Navigate to 'https://odtaqaa.liverpool.com.mx/tienda/home' successfully

2023-08-22 09:41:48 - [MESSAGE][PASSED] - Navigate to 'https://odtaqaa.liverpool.com.mx/tienda/home' successfully

2023-08-22 09:41:48 - [TEST_STEP][PASSED] - maximizeWindow(): Current window maximized

2023-08-22 09:41:48 - [MESSAGE][PASSED] - Current window maximized

2023-08-22 09:41:48 - [TEST_STEP][PASSED] - click(findTestObject("HomePage/Tiendas_HP"), STOP_ON_FAILURE): Object: 'Object Repository/HomePage/Tiendas_HP' is clicked on

2023-08-22 09:41:49 - [MESSAGE][PASSED] - Object: 'Object Repository/HomePage/Tiendas_HP' is clicked on

2023-08-22 09:41:49 - [TEST_STEP][PASSED] - verifyElementPresent(findTestObject("SLP/breadCrumb_SLP"), 0): Object 'Object Repository/SLP/breadCrumb_SLP' is present

2023-08-22 09:41:49 - [MESSAGE][WARNING] - Timeout '0' is invalid. Using default page load timeout: '30'

2023-08-22 09:41:53 - [MESSAGE][PASSED] - Object 'Object Repository/SLP/breadCrumb_SLP' is present

2023-08-22 09:41:53 - [TEST_STEP][PASSED] - verifyElementPresent(findTestObject("SLP/Map_Verify_slp"), 0): Object 'Object Repository/SLP/Map_Verify_slp' is present

2023-08-22 09:41:53 - [MESSAGE][WARNING] - Timeout '0' is invalid. Using default page load timeout: '30'

2023-08-22 09:41:56 - [MESSAGE][PASSED] - Object 'Object Repository/SLP/Map_Verify_slp' is present

2023-08-22 09:41:56 - [TEST_STEP][PASSED] - verifyElementPresent(findTestObject("SLP/find_store_title_SLP"), 0): Object 'Object Repository/SLP/find_store_title_SLP' is present

2023-08-22 09:41:56 - [MESSAGE][WARNING] - Timeout '0' is invalid. Using default page load timeout: '30'

2023-08-22 09:41:57 - [MESSAGE][PASSED] - Object 'Object Repository/SLP/find_store_title_SLP' is present

2023-08-22 09:41:57 - [TEST_STEP][PASSED] - closeBrowser(): Browser is closed

2023-08-22 09:41:58 - [MESSAGE][PASSED] - Browser is closed]]></system-out>
         <system-err><![CDATA[]]></system-err>
      </testcase>
      <testcase name="Test Cases/HomePage/TS_SMOKE_SUITE_009" time="65.234" classname="Test Cases/HomePage/TS_SMOKE_SUITE_009" status="PASSED">
         <system-out><![CDATA[2023-08-22 09:41:58 - [TEST_CASE][PASSED] - Test Cases/HomePage/TS_SMOKE_SUITE_009: Test Cases/HomePage/TS_SMOKE_SUITE_009

2023-08-22 09:41:58 - [TEST_STEP][PASSED] - openBrowser(""): Browser is opened with url: ''

2023-08-22 09:41:58 - [MESSAGE][INFO] - Starting 'Chrome' driver

2023-08-22 09:41:58 - [MESSAGE][INFO] - Action delay is set to 0 milliseconds

2023-08-22 09:41:59 - [MESSAGE][PASSED] - Browser is opened with url: ''

2023-08-22 09:41:59 - [TEST_STEP][PASSED] - navigateToUrl(URL): Navigate to 'https://odtaqaa.liverpool.com.mx/tienda/home' successfully

2023-08-22 09:42:53 - [MESSAGE][PASSED] - Navigate to 'https://odtaqaa.liverpool.com.mx/tienda/home' successfully

2023-08-22 09:42:53 - [TEST_STEP][PASSED] - maximizeWindow(): Current window maximized

2023-08-22 09:42:54 - [MESSAGE][PASSED] - Current window maximized

2023-08-22 09:42:54 - [TEST_STEP][PASSED] - click(findTestObject("HomePage/Mis Compras_hp"), STOP_ON_FAILURE): Object: 'Object Repository/HomePage/Mis Compras_hp' is clicked on

2023-08-22 09:42:55 - [MESSAGE][PASSED] - Object: 'Object Repository/HomePage/Mis Compras_hp' is clicked on

2023-08-22 09:42:55 - [TEST_STEP][PASSED] - verifyElementPresent(findTestObject("HomePage/EnterUsername_LP"), 0): Object 'Object Repository/HomePage/EnterUsername_LP' is present

2023-08-22 09:42:55 - [MESSAGE][WARNING] - Timeout '0' is invalid. Using default page load timeout: '30'

2023-08-22 09:43:02 - [MESSAGE][PASSED] - Object 'Object Repository/HomePage/EnterUsername_LP' is present

2023-08-22 09:43:02 - [TEST_STEP][PASSED] - verifyElementPresent(findTestObject("HomePage/EnterPassword_LP"), 0): Object 'Object Repository/HomePage/EnterPassword_LP' is present

2023-08-22 09:43:02 - [MESSAGE][WARNING] - Timeout '0' is invalid. Using default page load timeout: '30'

2023-08-22 09:43:02 - [MESSAGE][PASSED] - Object 'Object Repository/HomePage/EnterPassword_LP' is present

2023-08-22 09:43:02 - [TEST_STEP][PASSED] - closeBrowser(): Browser is closed

2023-08-22 09:43:03 - [MESSAGE][PASSED] - Browser is closed]]></system-out>
         <system-err><![CDATA[]]></system-err>
      </testcase>
      <testcase name="Test Cases/HomePage/TS_SMOKE_SUITE_010" time="154.648" classname="Test Cases/HomePage/TS_SMOKE_SUITE_010" status="PASSED">
         <system-out><![CDATA[2023-08-22 09:43:03 - [TEST_CASE][PASSED] - Test Cases/HomePage/TS_SMOKE_SUITE_010: Test Cases/HomePage/TS_SMOKE_SUITE_010

2023-08-22 09:43:03 - [TEST_STEP][PASSED] - openBrowser(""): Browser is opened with url: ''

2023-08-22 09:43:03 - [MESSAGE][INFO] - Starting 'Chrome' driver

2023-08-22 09:43:03 - [MESSAGE][INFO] - Action delay is set to 0 milliseconds

2023-08-22 09:43:05 - [MESSAGE][PASSED] - Browser is opened with url: ''

2023-08-22 09:43:05 - [TEST_STEP][PASSED] - navigateToUrl(URL): Navigate to 'https://odtaqaa.liverpool.com.mx/tienda/home' successfully

2023-08-22 09:43:46 - [MESSAGE][PASSED] - Navigate to 'https://odtaqaa.liverpool.com.mx/tienda/home' successfully

2023-08-22 09:43:46 - [TEST_STEP][PASSED] - maximizeWindow(): Current window maximized

2023-08-22 09:43:47 - [MESSAGE][PASSED] - Current window maximized

2023-08-22 09:43:47 - [TEST_STEP][PASSED] - callTestCase(findTestCase("CommonMethods/login_odtaqab"), [:], STOP_ON_FAILURE): Call Test Case 'Test Cases/CommonMethods/login_odtaqab' successfully

2023-08-22 09:43:47 - [TEST_CASE][PASSED] - Test Cases/CommonMethods/login_odtaqab: Test Cases/CommonMethods/login_odtaqab

2023-08-22 09:43:47 - [TEST_STEP][PASSED] - click(findTestObject("HomePage/Iniciar sesion")): Object: 'Object Repository/HomePage/Iniciar sesion' is clicked on

2023-08-22 09:43:48 - [MESSAGE][PASSED] - Object: 'Object Repository/HomePage/Iniciar sesion' is clicked on

2023-08-22 09:43:48 - [TEST_STEP][PASSED] - click(findTestObject("HomePage/EnterUsername_LP")): Object: 'Object Repository/HomePage/EnterUsername_LP' is clicked on

2023-08-22 09:44:08 - [MESSAGE][PASSED] - Object: 'Object Repository/HomePage/EnterUsername_LP' is clicked on

2023-08-22 09:44:08 - [TEST_STEP][PASSED] - setText(findTestObject("HomePage/EnterUsername_LP"), username): Text 'hcheruvu29@digisprint.com' is set on object 'Object Repository/HomePage/EnterUsername_LP'

2023-08-22 09:44:08 - [MESSAGE][PASSED] - Text 'hcheruvu29@digisprint.com' is set on object 'Object Repository/HomePage/EnterUsername_LP'

2023-08-22 09:44:08 - [TEST_STEP][PASSED] - delay(2): Delayed 2 second(s)

2023-08-22 09:44:10 - [MESSAGE][PASSED] - Delayed 2 second(s)

2023-08-22 09:44:10 - [TEST_STEP][PASSED] - click(findTestObject("HomePage/EnterPassword_LP")): Object: 'Object Repository/HomePage/EnterPassword_LP' is clicked on

2023-08-22 09:44:11 - [MESSAGE][PASSED] - Object: 'Object Repository/HomePage/EnterPassword_LP' is clicked on

2023-08-22 09:44:11 - [TEST_STEP][PASSED] - delay(2): Delayed 2 second(s)

2023-08-22 09:44:13 - [MESSAGE][PASSED] - Delayed 2 second(s)

2023-08-22 09:44:13 - [TEST_STEP][PASSED] - setText(findTestObject("HomePage/EnterPassword_LP"), password): Text 'Test@12345' is set on object 'Object Repository/HomePage/EnterPassword_LP'

2023-08-22 09:44:13 - [MESSAGE][PASSED] - Text 'Test@12345' is set on object 'Object Repository/HomePage/EnterPassword_LP'

2023-08-22 09:44:13 - [TEST_STEP][PASSED] - click(findTestObject("HomePage/inciar")): Object: 'Object Repository/HomePage/inciar' is clicked on

2023-08-22 09:44:29 - [MESSAGE][PASSED] - Object: 'Object Repository/HomePage/inciar' is clicked on

2023-08-22 09:44:29 - [MESSAGE][PASSED] - Call Test Case 'Test Cases/CommonMethods/login_odtaqab' successfully

2023-08-22 09:44:29 - [TEST_STEP][PASSED] - click(findTestObject("HomePage/Mis Compras_hp")): Object: 'Object Repository/HomePage/Mis Compras_hp' is clicked on

2023-08-22 09:45:25 - [MESSAGE][PASSED] - Object: 'Object Repository/HomePage/Mis Compras_hp' is clicked on

2023-08-22 09:45:25 - [TEST_STEP][PASSED] - verifyElementPresent(findTestObject("MyOrdersPage/aside_leftNavigation_misCompras"), 0): Object 'Object Repository/MyOrdersPage/aside_leftNavigation_misCompras' is present

2023-08-22 09:45:25 - [MESSAGE][WARNING] - Timeout '0' is invalid. Using default page load timeout: '30'

2023-08-22 09:45:27 - [MESSAGE][PASSED] - Object 'Object Repository/MyOrdersPage/aside_leftNavigation_misCompras' is present

2023-08-22 09:45:27 - [TEST_STEP][PASSED] - verifyElementPresent(findTestObject("MyOrdersPage/breadCrumb_misCompras"), 0): Object 'Object Repository/MyOrdersPage/breadCrumb_misCompras' is present

2023-08-22 09:45:27 - [MESSAGE][WARNING] - Timeout '0' is invalid. Using default page load timeout: '30'

2023-08-22 09:45:37 - [MESSAGE][PASSED] - Object 'Object Repository/MyOrdersPage/breadCrumb_misCompras' is present

2023-08-22 09:45:37 - [TEST_STEP][PASSED] - closeBrowser(): Browser is closed

2023-08-22 09:45:38 - [MESSAGE][PASSED] - Browser is closed]]></system-out>
         <system-err><![CDATA[]]></system-err>
      </testcase>
      <testcase name="Test Cases/HomePage/TS_SMOKE_SUITE_011" time="106.367" classname="Test Cases/HomePage/TS_SMOKE_SUITE_011" status="PASSED">
         <system-out><![CDATA[2023-08-22 09:45:38 - [TEST_CASE][PASSED] - Test Cases/HomePage/TS_SMOKE_SUITE_011: Test Cases/HomePage/TS_SMOKE_SUITE_011

2023-08-22 09:45:38 - [TEST_STEP][PASSED] - openBrowser(""): Browser is opened with url: ''

2023-08-22 09:45:38 - [MESSAGE][INFO] - Starting 'Chrome' driver

2023-08-22 09:45:38 - [MESSAGE][INFO] - Action delay is set to 0 milliseconds

2023-08-22 09:45:39 - [MESSAGE][PASSED] - Browser is opened with url: ''

2023-08-22 09:45:39 - [TEST_STEP][PASSED] - navigateToUrl(URL): Navigate to 'https://odtaqaa.liverpool.com.mx/tienda/home' successfully

2023-08-22 09:46:24 - [MESSAGE][PASSED] - Navigate to 'https://odtaqaa.liverpool.com.mx/tienda/home' successfully

2023-08-22 09:46:24 - [TEST_STEP][PASSED] - maximizeWindow(): Current window maximized

2023-08-22 09:46:24 - [MESSAGE][PASSED] - Current window maximized

2023-08-22 09:46:24 - [TEST_STEP][PASSED] - click(findTestObject("HomePage/Mis Compras_hp"), STOP_ON_FAILURE): Object: 'Object Repository/HomePage/Mis Compras_hp' is clicked on

2023-08-22 09:46:25 - [MESSAGE][PASSED] - Object: 'Object Repository/HomePage/Mis Compras_hp' is clicked on

2023-08-22 09:46:25 - [TEST_STEP][PASSED] - callTestCase(findTestCase("CommonMethods/login_odtaqab"), [:], OPTIONAL): Call Test Case 'Test Cases/CommonMethods/login_odtaqab' successfully

2023-08-22 09:46:25 - [TEST_CASE][PASSED] - Test Cases/CommonMethods/login_odtaqab: Test Cases/CommonMethods/login_odtaqab

2023-08-22 09:46:25 - [TEST_STEP][PASSED] - click(findTestObject("HomePage/Iniciar sesion")): Object: 'Object Repository/HomePage/Iniciar sesion' is clicked on

2023-08-22 09:46:26 - [MESSAGE][PASSED] - Object: 'Object Repository/HomePage/Iniciar sesion' is clicked on

2023-08-22 09:46:26 - [TEST_STEP][PASSED] - click(findTestObject("HomePage/EnterUsername_LP")): Object: 'Object Repository/HomePage/EnterUsername_LP' is clicked on

2023-08-22 09:46:43 - [MESSAGE][PASSED] - Object: 'Object Repository/HomePage/EnterUsername_LP' is clicked on

2023-08-22 09:46:43 - [TEST_STEP][PASSED] - setText(findTestObject("HomePage/EnterUsername_LP"), username): Text 'hcheruvu29@digisprint.com' is set on object 'Object Repository/HomePage/EnterUsername_LP'

2023-08-22 09:46:44 - [MESSAGE][PASSED] - Text 'hcheruvu29@digisprint.com' is set on object 'Object Repository/HomePage/EnterUsername_LP'

2023-08-22 09:46:44 - [TEST_STEP][PASSED] - delay(2): Delayed 2 second(s)

2023-08-22 09:46:46 - [MESSAGE][PASSED] - Delayed 2 second(s)

2023-08-22 09:46:46 - [TEST_STEP][PASSED] - click(findTestObject("HomePage/EnterPassword_LP")): Object: 'Object Repository/HomePage/EnterPassword_LP' is clicked on

2023-08-22 09:46:47 - [MESSAGE][PASSED] - Object: 'Object Repository/HomePage/EnterPassword_LP' is clicked on

2023-08-22 09:46:47 - [TEST_STEP][PASSED] - delay(2): Delayed 2 second(s)

2023-08-22 09:46:49 - [MESSAGE][PASSED] - Delayed 2 second(s)

2023-08-22 09:46:49 - [TEST_STEP][PASSED] - setText(findTestObject("HomePage/EnterPassword_LP"), password): Text 'Test@12345' is set on object 'Object Repository/HomePage/EnterPassword_LP'

2023-08-22 09:46:49 - [MESSAGE][PASSED] - Text 'Test@12345' is set on object 'Object Repository/HomePage/EnterPassword_LP'

2023-08-22 09:46:49 - [TEST_STEP][PASSED] - click(findTestObject("HomePage/inciar")): Object: 'Object Repository/HomePage/inciar' is clicked on

2023-08-22 09:46:58 - [MESSAGE][PASSED] - Object: 'Object Repository/HomePage/inciar' is clicked on

2023-08-22 09:46:58 - [MESSAGE][PASSED] - Call Test Case 'Test Cases/CommonMethods/login_odtaqab' successfully

2023-08-22 09:46:58 - [TEST_STEP][PASSED] - click(findTestObject("HomePage/Ayuda_HP")): Object: 'Object Repository/HomePage/Ayuda_HP' is clicked on

2023-08-22 09:47:19 - [MESSAGE][PASSED] - Object: 'Object Repository/HomePage/Ayuda_HP' is clicked on

2023-08-22 09:47:19 - [TEST_STEP][PASSED] - verifyElementPresent(findTestObject("HomePage/img_Cmo podemos ayudarte_logoAyuda"), 0): Object 'Object Repository/HomePage/img_Cmo podemos ayudarte_logoAyuda' is present

2023-08-22 09:47:20 - [MESSAGE][WARNING] - Timeout '0' is invalid. Using default page load timeout: '30'

2023-08-22 09:47:23 - [MESSAGE][PASSED] - Object 'Object Repository/HomePage/img_Cmo podemos ayudarte_logoAyuda' is present

2023-08-22 09:47:23 - [TEST_STEP][PASSED] - verifyElementPresent(findTestObject("HomePage/img_Cmo podemos ayudarte_logoAyuda_helpPage"), 0): Object 'Object Repository/HomePage/img_Cmo podemos ayudarte_logoAyuda_helpPage' is present

2023-08-22 09:47:23 - [MESSAGE][WARNING] - Timeout '0' is invalid. Using default page load timeout: '30'

2023-08-22 09:47:23 - [MESSAGE][PASSED] - Object 'Object Repository/HomePage/img_Cmo podemos ayudarte_logoAyuda_helpPage' is present

2023-08-22 09:47:23 - [TEST_STEP][PASSED] - closeBrowser(): Browser is closed

2023-08-22 09:47:24 - [MESSAGE][PASSED] - Browser is closed]]></system-out>
         <system-err><![CDATA[]]></system-err>
      </testcase>
      <testcase name="Test Cases/HomePage/TS_SMOKE_SUITE_012" time="159.064" classname="Test Cases/HomePage/TS_SMOKE_SUITE_012" status="PASSED">
         <system-out><![CDATA[2023-08-22 09:47:24 - [TEST_CASE][PASSED] - Test Cases/HomePage/TS_SMOKE_SUITE_012: Test Cases/HomePage/TS_SMOKE_SUITE_012

2023-08-22 09:47:24 - [TEST_STEP][PASSED] - openBrowser(""): Browser is opened with url: ''

2023-08-22 09:47:24 - [MESSAGE][INFO] - Starting 'Chrome' driver

2023-08-22 09:47:24 - [MESSAGE][INFO] - Action delay is set to 0 milliseconds

2023-08-22 09:47:26 - [MESSAGE][PASSED] - Browser is opened with url: ''

2023-08-22 09:47:26 - [TEST_STEP][PASSED] - navigateToUrl(URL): Navigate to 'https://odtaqaa.liverpool.com.mx/tienda/home' successfully

2023-08-22 09:48:21 - [MESSAGE][PASSED] - Navigate to 'https://odtaqaa.liverpool.com.mx/tienda/home' successfully

2023-08-22 09:48:21 - [TEST_STEP][PASSED] - maximizeWindow(): Current window maximized

2023-08-22 09:48:21 - [MESSAGE][PASSED] - Current window maximized

2023-08-22 09:48:21 - [TEST_STEP][PASSED] - callTestCase(findTestCase("CommonMethods/login_odtaqab"), [:], OPTIONAL): Call Test Case 'Test Cases/CommonMethods/login_odtaqab' successfully

2023-08-22 09:48:21 - [TEST_CASE][PASSED] - Test Cases/CommonMethods/login_odtaqab: Test Cases/CommonMethods/login_odtaqab

2023-08-22 09:48:21 - [TEST_STEP][PASSED] - click(findTestObject("HomePage/Iniciar sesion")): Object: 'Object Repository/HomePage/Iniciar sesion' is clicked on

2023-08-22 09:48:22 - [MESSAGE][PASSED] - Object: 'Object Repository/HomePage/Iniciar sesion' is clicked on

2023-08-22 09:48:22 - [TEST_STEP][PASSED] - click(findTestObject("HomePage/EnterUsername_LP")): Object: 'Object Repository/HomePage/EnterUsername_LP' is clicked on

2023-08-22 09:48:39 - [MESSAGE][PASSED] - Object: 'Object Repository/HomePage/EnterUsername_LP' is clicked on

2023-08-22 09:48:39 - [TEST_STEP][PASSED] - setText(findTestObject("HomePage/EnterUsername_LP"), username): Text 'hcheruvu29@digisprint.com' is set on object 'Object Repository/HomePage/EnterUsername_LP'

2023-08-22 09:48:40 - [MESSAGE][PASSED] - Text 'hcheruvu29@digisprint.com' is set on object 'Object Repository/HomePage/EnterUsername_LP'

2023-08-22 09:48:40 - [TEST_STEP][PASSED] - delay(2): Delayed 2 second(s)

2023-08-22 09:48:42 - [MESSAGE][PASSED] - Delayed 2 second(s)

2023-08-22 09:48:42 - [TEST_STEP][PASSED] - click(findTestObject("HomePage/EnterPassword_LP")): Object: 'Object Repository/HomePage/EnterPassword_LP' is clicked on

2023-08-22 09:48:42 - [MESSAGE][PASSED] - Object: 'Object Repository/HomePage/EnterPassword_LP' is clicked on

2023-08-22 09:48:42 - [TEST_STEP][PASSED] - delay(2): Delayed 2 second(s)

2023-08-22 09:48:44 - [MESSAGE][PASSED] - Delayed 2 second(s)

2023-08-22 09:48:44 - [TEST_STEP][PASSED] - setText(findTestObject("HomePage/EnterPassword_LP"), password): Text 'Test@12345' is set on object 'Object Repository/HomePage/EnterPassword_LP'

2023-08-22 09:48:45 - [MESSAGE][PASSED] - Text 'Test@12345' is set on object 'Object Repository/HomePage/EnterPassword_LP'

2023-08-22 09:48:45 - [TEST_STEP][PASSED] - click(findTestObject("HomePage/inciar")): Object: 'Object Repository/HomePage/inciar' is clicked on

2023-08-22 09:49:18 - [MESSAGE][PASSED] - Object: 'Object Repository/HomePage/inciar' is clicked on

2023-08-22 09:49:18 - [MESSAGE][PASSED] - Call Test Case 'Test Cases/CommonMethods/login_odtaqab' successfully

2023-08-22 09:49:18 - [TEST_STEP][PASSED] - verifyElementPresent(findTestObject("HomePage/span_HolaUser_hp"), 0): Object 'Object Repository/HomePage/span_HolaUser_hp' is present

2023-08-22 09:49:18 - [MESSAGE][WARNING] - Timeout '0' is invalid. Using default page load timeout: '30'

2023-08-22 09:50:02 - [MESSAGE][PASSED] - Object 'Object Repository/HomePage/span_HolaUser_hp' is present

2023-08-22 09:50:02 - [TEST_STEP][PASSED] - closeBrowser(): Browser is closed

2023-08-22 09:50:03 - [MESSAGE][PASSED] - Browser is closed]]></system-out>
         <system-err><![CDATA[]]></system-err>
      </testcase>
      <testcase name="Test Cases/HomePage/TS_SMOKE_SUITE_013" time="80.331" classname="Test Cases/HomePage/TS_SMOKE_SUITE_013" status="FAILED">
         <failure type="FAILED" message="Test Cases/HomePage/TS_SMOKE_SUITE_013 FAILED.
Reason:
com.kms.katalon.core.exception.StepFailedException: Unable to click on object 'Object Repository/HomePage/loginpage/create_account_hp'
	at com.kms.katalon.core.webui.keyword.internal.WebUIKeywordMain.stepFailed(WebUIKeywordMain.groovy:64)
	at com.kms.katalon.core.webui.keyword.internal.WebUIKeywordMain.runKeyword(WebUIKeywordMain.groovy:26)
	at com.kms.katalon.core.webui.keyword.builtin.ClickKeyword.click(ClickKeyword.groovy:74)
	at com.kms.katalon.core.webui.keyword.builtin.ClickKeyword.execute(ClickKeyword.groovy:40)
	at com.kms.katalon.core.keyword.internal.KeywordExecutor.executeKeywordForPlatform(KeywordExecutor.groovy:74)
	at com.kms.katalon.core.webui.keyword.WebUiBuiltInKeywords.click(WebUiBuiltInKeywords.groovy:608)
	at com.kms.katalon.core.webui.keyword.WebUiBuiltInKeywords$click$6.call(Unknown Source)
	at TS_SMOKE_SUITE_013.run(TS_SMOKE_SUITE_013:30)
	at com.kms.katalon.core.main.ScriptEngine.run(ScriptEngine.java:194)
	at com.kms.katalon.core.main.ScriptEngine.runScriptAsRawText(ScriptEngine.java:119)
	at com.kms.katalon.core.main.TestCaseExecutor.runScript(TestCaseExecutor.java:448)
	at com.kms.katalon.core.main.TestCaseExecutor.doExecute(TestCaseExecutor.java:439)
	at com.kms.katalon.core.main.TestCaseExecutor.processExecutionPhase(TestCaseExecutor.java:418)
	at com.kms.katalon.core.main.TestCaseExecutor.accessMainPhase(TestCaseExecutor.java:410)
	at com.kms.katalon.core.main.TestCaseExecutor.execute(TestCaseExecutor.java:285)
	at com.kms.katalon.core.common.CommonExecutor.accessTestCaseMainPhase(CommonExecutor.java:65)
	at com.kms.katalon.core.main.TestSuiteExecutor.accessTestSuiteMainPhase(TestSuiteExecutor.java:148)
	at com.kms.katalon.core.main.TestSuiteExecutor.execute(TestSuiteExecutor.java:106)
	at com.kms.katalon.core.main.TestCaseMain.startTestSuite(TestCaseMain.java:187)
	at com.kms.katalon.core.main.TestCaseMain$startTestSuite$0.call(Unknown Source)
	at TempTestSuite1692673207080.run(TempTestSuite1692673207080.groovy:36)
Caused by: com.kms.katalon.core.webui.exception.WebElementNotFoundException: Web element with id: 'Object Repository/HomePage/loginpage/create_account_hp' located by '//a[@class='cccd81a90 cce50d0e0']' not found
	at com.kms.katalon.core.webui.common.WebUiCommonHelper.findWebElement(WebUiCommonHelper.java:1381)
	at com.kms.katalon.core.webui.keyword.internal.WebUIAbstractKeyword.findWebElement(WebUIAbstractKeyword.groovy:27)
	at com.kms.katalon.core.webui.keyword.builtin.ClickKeyword$_click_closure1.doCall(ClickKeyword.groovy:65)
	at com.kms.katalon.core.webui.keyword.builtin.ClickKeyword$_click_closure1.call(ClickKeyword.groovy)
	at com.kms.katalon.core.webui.keyword.internal.WebUIKeywordMain.runKeyword(WebUIKeywordMain.groovy:20)
	... 19 more
"/>
         <system-out><![CDATA[2023-08-22 09:50:03 - [TEST_CASE][FAILED] - Test Cases/HomePage/TS_SMOKE_SUITE_013: Test Cases/HomePage/TS_SMOKE_SUITE_013 FAILED.
Reason:
com.kms.katalon.core.exception.StepFailedException: Unable to click on object 'Object Repository/HomePage/loginpage/create_account_hp'
	at com.kms.katalon.core.webui.keyword.internal.WebUIKeywordMain.stepFailed(WebUIKeywordMain.groovy:64)
	at com.kms.katalon.core.webui.keyword.internal.WebUIKeywordMain.runKeyword(WebUIKeywordMain.groovy:26)
	at com.kms.katalon.core.webui.keyword.builtin.ClickKeyword.click(ClickKeyword.groovy:74)
	at com.kms.katalon.core.webui.keyword.builtin.ClickKeyword.execute(ClickKeyword.groovy:40)
	at com.kms.katalon.core.keyword.internal.KeywordExecutor.executeKeywordForPlatform(KeywordExecutor.groovy:74)
	at com.kms.katalon.core.webui.keyword.WebUiBuiltInKeywords.click(WebUiBuiltInKeywords.groovy:608)
	at com.kms.katalon.core.webui.keyword.WebUiBuiltInKeywords$click$6.call(Unknown Source)
	at TS_SMOKE_SUITE_013.run(TS_SMOKE_SUITE_013:30)
	at com.kms.katalon.core.main.ScriptEngine.run(ScriptEngine.java:194)
	at com.kms.katalon.core.main.ScriptEngine.runScriptAsRawText(ScriptEngine.java:119)
	at com.kms.katalon.core.main.TestCaseExecutor.runScript(TestCaseExecutor.java:448)
	at com.kms.katalon.core.main.TestCaseExecutor.doExecute(TestCaseExecutor.java:439)
	at com.kms.katalon.core.main.TestCaseExecutor.processExecutionPhase(TestCaseExecutor.java:418)
	at com.kms.katalon.core.main.TestCaseExecutor.accessMainPhase(TestCaseExecutor.java:410)
	at com.kms.katalon.core.main.TestCaseExecutor.execute(TestCaseExecutor.java:285)
	at com.kms.katalon.core.common.CommonExecutor.accessTestCaseMainPhase(CommonExecutor.java:65)
	at com.kms.katalon.core.main.TestSuiteExecutor.accessTestSuiteMainPhase(TestSuiteExecutor.java:148)
	at com.kms.katalon.core.main.TestSuiteExecutor.execute(TestSuiteExecutor.java:106)
	at com.kms.katalon.core.main.TestCaseMain.startTestSuite(TestCaseMain.java:187)
	at com.kms.katalon.core.main.TestCaseMain$startTestSuite$0.call(Unknown Source)
	at TempTestSuite1692673207080.run(TempTestSuite1692673207080.groovy:36)
Caused by: com.kms.katalon.core.webui.exception.WebElementNotFoundException: Web element with id: 'Object Repository/HomePage/loginpage/create_account_hp' located by '//a[@class='cccd81a90 cce50d0e0']' not found
	at com.kms.katalon.core.webui.common.WebUiCommonHelper.findWebElement(WebUiCommonHelper.java:1381)
	at com.kms.katalon.core.webui.keyword.internal.WebUIAbstractKeyword.findWebElement(WebUIAbstractKeyword.groovy:27)
	at com.kms.katalon.core.webui.keyword.builtin.ClickKeyword$_click_closure1.doCall(ClickKeyword.groovy:65)
	at com.kms.katalon.core.webui.keyword.builtin.ClickKeyword$_click_closure1.call(ClickKeyword.groovy)
	at com.kms.katalon.core.webui.keyword.internal.WebUIKeywordMain.runKeyword(WebUIKeywordMain.groovy:20)
	... 19 more


2023-08-22 09:50:03 - [TEST_STEP][PASSED] - openBrowser(""): Browser is opened with url: ''

2023-08-22 09:50:03 - [MESSAGE][INFO] - Starting 'Chrome' driver

2023-08-22 09:50:03 - [MESSAGE][INFO] - Action delay is set to 0 milliseconds

2023-08-22 09:50:05 - [MESSAGE][PASSED] - Browser is opened with url: ''

2023-08-22 09:50:05 - [TEST_STEP][PASSED] - navigateToUrl(URL): Navigate to 'https://odtaqaa.liverpool.com.mx/tienda/home' successfully

2023-08-22 09:50:51 - [MESSAGE][PASSED] - Navigate to 'https://odtaqaa.liverpool.com.mx/tienda/home' successfully

2023-08-22 09:50:51 - [TEST_STEP][PASSED] - maximizeWindow(): Current window maximized

2023-08-22 09:50:51 - [MESSAGE][PASSED] - Current window maximized

2023-08-22 09:50:51 - [TEST_STEP][PASSED] - click(findTestObject("HomePage/Iniciar sesion"), STOP_ON_FAILURE): Object: 'Object Repository/HomePage/Iniciar sesion' is clicked on

2023-08-22 09:50:52 - [MESSAGE][PASSED] - Object: 'Object Repository/HomePage/Iniciar sesion' is clicked on

2023-08-22 09:50:52 - [TEST_STEP][PASSED] - randomemail = a.GenerateRandomEmail.generateRandomEmail(): a.GenerateRandomEmail.generateRandomEmail is PASSED

2023-08-22 09:50:52 - [MESSAGE][INFO] - automationqUQAfhSn@digisprint.com

2023-08-22 09:50:52 - [MESSAGE][PASSED] - a.GenerateRandomEmail.generateRandomEmail is PASSED

2023-08-22 09:50:52 - [TEST_STEP][FAILED] - click(findTestObject("HomePage/loginpage/create_account_hp"), STOP_ON_FAILURE): Unable to click on object 'Object Repository/HomePage/loginpage/create_account_hp' (Root cause: com.kms.katalon.core.exception.StepFailedException: Unable to click on object 'Object Repository/HomePage/loginpage/create_account_hp'
	at com.kms.katalon.core.webui.keyword.internal.WebUIKeywordMain.stepFailed(WebUIKeywordMain.groovy:64)
	at com.kms.katalon.core.webui.keyword.internal.WebUIKeywordMain.runKeyword(WebUIKeywordMain.groovy:26)
	at com.kms.katalon.core.webui.keyword.builtin.ClickKeyword.click(ClickKeyword.groovy:74)
	at com.kms.katalon.core.webui.keyword.builtin.ClickKeyword.execute(ClickKeyword.groovy:40)
	at com.kms.katalon.core.keyword.internal.KeywordExecutor.executeKeywordForPlatform(KeywordExecutor.groovy:74)
	at com.kms.katalon.core.webui.keyword.WebUiBuiltInKeywords.click(WebUiBuiltInKeywords.groovy:608)
	at com.kms.katalon.core.webui.keyword.WebUiBuiltInKeywords$click$6.call(Unknown Source)
	at TS_SMOKE_SUITE_013.run(TS_SMOKE_SUITE_013:30)
	at com.kms.katalon.core.main.ScriptEngine.run(ScriptEngine.java:194)
	at com.kms.katalon.core.main.ScriptEngine.runScriptAsRawText(ScriptEngine.java:119)
	at com.kms.katalon.core.main.TestCaseExecutor.runScript(TestCaseExecutor.java:448)
	at com.kms.katalon.core.main.TestCaseExecutor.doExecute(TestCaseExecutor.java:439)
	at com.kms.katalon.core.main.TestCaseExecutor.processExecutionPhase(TestCaseExecutor.java:418)
	at com.kms.katalon.core.main.TestCaseExecutor.accessMainPhase(TestCaseExecutor.java:410)
	at com.kms.katalon.core.main.TestCaseExecutor.execute(TestCaseExecutor.java:285)
	at com.kms.katalon.core.common.CommonExecutor.accessTestCaseMainPhase(CommonExecutor.java:65)
	at com.kms.katalon.core.main.TestSuiteExecutor.accessTestSuiteMainPhase(TestSuiteExecutor.java:148)
	at com.kms.katalon.core.main.TestSuiteExecutor.execute(TestSuiteExecutor.java:106)
	at com.kms.katalon.core.main.TestCaseMain.startTestSuite(TestCaseMain.java:187)
	at com.kms.katalon.core.main.TestCaseMain$startTestSuite$0.call(Unknown Source)
	at TempTestSuite1692673207080.run(TempTestSuite1692673207080.groovy:36)
Caused by: com.kms.katalon.core.webui.exception.WebElementNotFoundException: Web element with id: 'Object Repository/HomePage/loginpage/create_account_hp' located by '//a[@class='cccd81a90 cce50d0e0']' not found
	at com.kms.katalon.core.webui.common.WebUiCommonHelper.findWebElement(WebUiCommonHelper.java:1381)
	at com.kms.katalon.core.webui.keyword.internal.WebUIAbstractKeyword.findWebElement(WebUIAbstractKeyword.groovy:27)
	at com.kms.katalon.core.webui.keyword.builtin.ClickKeyword$_click_closure1.doCall(ClickKeyword.groovy:65)
	at com.kms.katalon.core.webui.keyword.builtin.ClickKeyword$_click_closure1.call(ClickKeyword.groovy)
	at com.kms.katalon.core.webui.keyword.internal.WebUIKeywordMain.runKeyword(WebUIKeywordMain.groovy:20)
	at com.kms.katalon.core.webui.keyword.builtin.ClickKeyword.click(ClickKeyword.groovy:74)
	at com.kms.katalon.core.webui.keyword.builtin.ClickKeyword.execute(ClickKeyword.groovy:40)
	at com.kms.katalon.core.keyword.internal.KeywordExecutor.executeKeywordForPlatform(KeywordExecutor.groovy:74)
	at com.kms.katalon.core.webui.keyword.WebUiBuiltInKeywords.click(WebUiBuiltInKeywords.groovy:608)
	at com.kms.katalon.core.webui.keyword.WebUiBuiltInKeywords$click$6.call(Unknown Source)
	at Script1691383023688.run(Script1691383023688.groovy:30)
	... 13 more
)

2023-08-22 09:51:23 - [MESSAGE][INFO] - Unable to find the element located by 'By.xpath: //a[@class='cccd81a90 cce50d0e0']'. Please recheck the objects properties to make sure the desired element is located. 

2023-08-22 09:51:23 - [MESSAGE][FAILED] - Unable to click on object 'Object Repository/HomePage/loginpage/create_account_hp' (Root cause: com.kms.katalon.core.exception.StepFailedException: Unable to click on object 'Object Repository/HomePage/loginpage/create_account_hp'
	at com.kms.katalon.core.webui.keyword.internal.WebUIKeywordMain.stepFailed(WebUIKeywordMain.groovy:64)
	at com.kms.katalon.core.webui.keyword.internal.WebUIKeywordMain.runKeyword(WebUIKeywordMain.groovy:26)
	at com.kms.katalon.core.webui.keyword.builtin.ClickKeyword.click(ClickKeyword.groovy:74)
	at com.kms.katalon.core.webui.keyword.builtin.ClickKeyword.execute(ClickKeyword.groovy:40)
	at com.kms.katalon.core.keyword.internal.KeywordExecutor.executeKeywordForPlatform(KeywordExecutor.groovy:74)
	at com.kms.katalon.core.webui.keyword.WebUiBuiltInKeywords.click(WebUiBuiltInKeywords.groovy:608)
	at com.kms.katalon.core.webui.keyword.WebUiBuiltInKeywords$click$6.call(Unknown Source)
	at TS_SMOKE_SUITE_013.run(TS_SMOKE_SUITE_013:30)
	at com.kms.katalon.core.main.ScriptEngine.run(ScriptEngine.java:194)
	at com.kms.katalon.core.main.ScriptEngine.runScriptAsRawText(ScriptEngine.java:119)
	at com.kms.katalon.core.main.TestCaseExecutor.runScript(TestCaseExecutor.java:448)
	at com.kms.katalon.core.main.TestCaseExecutor.doExecute(TestCaseExecutor.java:439)
	at com.kms.katalon.core.main.TestCaseExecutor.processExecutionPhase(TestCaseExecutor.java:418)
	at com.kms.katalon.core.main.TestCaseExecutor.accessMainPhase(TestCaseExecutor.java:410)
	at com.kms.katalon.core.main.TestCaseExecutor.execute(TestCaseExecutor.java:285)
	at com.kms.katalon.core.common.CommonExecutor.accessTestCaseMainPhase(CommonExecutor.java:65)
	at com.kms.katalon.core.main.TestSuiteExecutor.accessTestSuiteMainPhase(TestSuiteExecutor.java:148)
	at com.kms.katalon.core.main.TestSuiteExecutor.execute(TestSuiteExecutor.java:106)
	at com.kms.katalon.core.main.TestCaseMain.startTestSuite(TestCaseMain.java:187)
	at com.kms.katalon.core.main.TestCaseMain$startTestSuite$0.call(Unknown Source)
	at TempTestSuite1692673207080.run(TempTestSuite1692673207080.groovy:36)
Caused by: com.kms.katalon.core.webui.exception.WebElementNotFoundException: Web element with id: 'Object Repository/HomePage/loginpage/create_account_hp' located by '//a[@class='cccd81a90 cce50d0e0']' not found
	at com.kms.katalon.core.webui.common.WebUiCommonHelper.findWebElement(WebUiCommonHelper.java:1381)
	at com.kms.katalon.core.webui.keyword.internal.WebUIAbstractKeyword.findWebElement(WebUIAbstractKeyword.groovy:27)
	at com.kms.katalon.core.webui.keyword.builtin.ClickKeyword$_click_closure1.doCall(ClickKeyword.groovy:65)
	at com.kms.katalon.core.webui.keyword.builtin.ClickKeyword$_click_closure1.call(ClickKeyword.groovy)
	at com.kms.katalon.core.webui.keyword.internal.WebUIKeywordMain.runKeyword(WebUIKeywordMain.groovy:20)
	at com.kms.katalon.core.webui.keyword.builtin.ClickKeyword.click(ClickKeyword.groovy:74)
	at com.kms.katalon.core.webui.keyword.builtin.ClickKeyword.execute(ClickKeyword.groovy:40)
	at com.kms.katalon.core.keyword.internal.KeywordExecutor.executeKeywordForPlatform(KeywordExecutor.groovy:74)
	at com.kms.katalon.core.webui.keyword.WebUiBuiltInKeywords.click(WebUiBuiltInKeywords.groovy:608)
	at com.kms.katalon.core.webui.keyword.WebUiBuiltInKeywords$click$6.call(Unknown Source)
	at Script1691383023688.run(Script1691383023688.groovy:30)
	... 13 more
)
[[ATTACHMENT|D:\\backup\\LiverpoolProject_SmokeSuite\\Reports\\20230822_083007\\SmokeSuite_AllModules\\20230822_083007\\1692678083683.png]]]]></system-out>
         <system-err><![CDATA[2023-08-22 09:50:03 - [TEST_CASE][FAILED] - Test Cases/HomePage/TS_SMOKE_SUITE_013: Test Cases/HomePage/TS_SMOKE_SUITE_013 FAILED.
Reason:
com.kms.katalon.core.exception.StepFailedException: Unable to click on object 'Object Repository/HomePage/loginpage/create_account_hp'
	at com.kms.katalon.core.webui.keyword.internal.WebUIKeywordMain.stepFailed(WebUIKeywordMain.groovy:64)
	at com.kms.katalon.core.webui.keyword.internal.WebUIKeywordMain.runKeyword(WebUIKeywordMain.groovy:26)
	at com.kms.katalon.core.webui.keyword.builtin.ClickKeyword.click(ClickKeyword.groovy:74)
	at com.kms.katalon.core.webui.keyword.builtin.ClickKeyword.execute(ClickKeyword.groovy:40)
	at com.kms.katalon.core.keyword.internal.KeywordExecutor.executeKeywordForPlatform(KeywordExecutor.groovy:74)
	at com.kms.katalon.core.webui.keyword.WebUiBuiltInKeywords.click(WebUiBuiltInKeywords.groovy:608)
	at com.kms.katalon.core.webui.keyword.WebUiBuiltInKeywords$click$6.call(Unknown Source)
	at TS_SMOKE_SUITE_013.run(TS_SMOKE_SUITE_013:30)
	at com.kms.katalon.core.main.ScriptEngine.run(ScriptEngine.java:194)
	at com.kms.katalon.core.main.ScriptEngine.runScriptAsRawText(ScriptEngine.java:119)
	at com.kms.katalon.core.main.TestCaseExecutor.runScript(TestCaseExecutor.java:448)
	at com.kms.katalon.core.main.TestCaseExecutor.doExecute(TestCaseExecutor.java:439)
	at com.kms.katalon.core.main.TestCaseExecutor.processExecutionPhase(TestCaseExecutor.java:418)
	at com.kms.katalon.core.main.TestCaseExecutor.accessMainPhase(TestCaseExecutor.java:410)
	at com.kms.katalon.core.main.TestCaseExecutor.execute(TestCaseExecutor.java:285)
	at com.kms.katalon.core.common.CommonExecutor.accessTestCaseMainPhase(CommonExecutor.java:65)
	at com.kms.katalon.core.main.TestSuiteExecutor.accessTestSuiteMainPhase(TestSuiteExecutor.java:148)
	at com.kms.katalon.core.main.TestSuiteExecutor.execute(TestSuiteExecutor.java:106)
	at com.kms.katalon.core.main.TestCaseMain.startTestSuite(TestCaseMain.java:187)
	at com.kms.katalon.core.main.TestCaseMain$startTestSuite$0.call(Unknown Source)
	at TempTestSuite1692673207080.run(TempTestSuite1692673207080.groovy:36)
Caused by: com.kms.katalon.core.webui.exception.WebElementNotFoundException: Web element with id: 'Object Repository/HomePage/loginpage/create_account_hp' located by '//a[@class='cccd81a90 cce50d0e0']' not found
	at com.kms.katalon.core.webui.common.WebUiCommonHelper.findWebElement(WebUiCommonHelper.java:1381)
	at com.kms.katalon.core.webui.keyword.internal.WebUIAbstractKeyword.findWebElement(WebUIAbstractKeyword.groovy:27)
	at com.kms.katalon.core.webui.keyword.builtin.ClickKeyword$_click_closure1.doCall(ClickKeyword.groovy:65)
	at com.kms.katalon.core.webui.keyword.builtin.ClickKeyword$_click_closure1.call(ClickKeyword.groovy)
	at com.kms.katalon.core.webui.keyword.internal.WebUIKeywordMain.runKeyword(WebUIKeywordMain.groovy:20)
	... 19 more]]></system-err>
      </testcase>
      <testcase name="Test Cases/HomePage/TS_SMOKE_SUITE_014" time="185.953" classname="Test Cases/HomePage/TS_SMOKE_SUITE_014" status="PASSED">
         <system-out><![CDATA[2023-08-22 09:51:23 - [TEST_CASE][PASSED] - Test Cases/HomePage/TS_SMOKE_SUITE_014: Test Cases/HomePage/TS_SMOKE_SUITE_014

2023-08-22 09:51:24 - [TEST_STEP][PASSED] - openBrowser(""): Browser is opened with url: ''

2023-08-22 09:51:24 - [MESSAGE][WARNING] - A browser is already opened. Closing browser and opening a new one

2023-08-22 09:51:25 - [MESSAGE][INFO] - Starting 'Chrome' driver

2023-08-22 09:51:25 - [MESSAGE][INFO] - Action delay is set to 0 milliseconds

2023-08-22 09:51:26 - [MESSAGE][PASSED] - Browser is opened with url: ''

2023-08-22 09:51:26 - [TEST_STEP][PASSED] - navigateToUrl(URL): Navigate to 'https://odtaqaa.liverpool.com.mx/tienda/home' successfully

2023-08-22 09:52:14 - [MESSAGE][PASSED] - Navigate to 'https://odtaqaa.liverpool.com.mx/tienda/home' successfully

2023-08-22 09:52:14 - [TEST_STEP][PASSED] - maximizeWindow(): Current window maximized

2023-08-22 09:52:14 - [MESSAGE][PASSED] - Current window maximized

2023-08-22 09:52:14 - [TEST_STEP][PASSED] - callTestCase(findTestCase("CommonMethods/login_odtaqab"), [:], OPTIONAL): Call Test Case 'Test Cases/CommonMethods/login_odtaqab' successfully

2023-08-22 09:52:14 - [TEST_CASE][PASSED] - Test Cases/CommonMethods/login_odtaqab: Test Cases/CommonMethods/login_odtaqab

2023-08-22 09:52:14 - [TEST_STEP][PASSED] - click(findTestObject("HomePage/Iniciar sesion")): Object: 'Object Repository/HomePage/Iniciar sesion' is clicked on

2023-08-22 09:52:15 - [MESSAGE][PASSED] - Object: 'Object Repository/HomePage/Iniciar sesion' is clicked on

2023-08-22 09:52:15 - [TEST_STEP][PASSED] - click(findTestObject("HomePage/EnterUsername_LP")): Object: 'Object Repository/HomePage/EnterUsername_LP' is clicked on

2023-08-22 09:52:57 - [MESSAGE][PASSED] - Object: 'Object Repository/HomePage/EnterUsername_LP' is clicked on

2023-08-22 09:52:57 - [TEST_STEP][PASSED] - setText(findTestObject("HomePage/EnterUsername_LP"), username): Text 'hcheruvu29@digisprint.com' is set on object 'Object Repository/HomePage/EnterUsername_LP'

2023-08-22 09:52:58 - [MESSAGE][PASSED] - Text 'hcheruvu29@digisprint.com' is set on object 'Object Repository/HomePage/EnterUsername_LP'

2023-08-22 09:52:58 - [TEST_STEP][PASSED] - delay(2): Delayed 2 second(s)

2023-08-22 09:53:00 - [MESSAGE][PASSED] - Delayed 2 second(s)

2023-08-22 09:53:00 - [TEST_STEP][PASSED] - click(findTestObject("HomePage/EnterPassword_LP")): Object: 'Object Repository/HomePage/EnterPassword_LP' is clicked on

2023-08-22 09:53:00 - [MESSAGE][PASSED] - Object: 'Object Repository/HomePage/EnterPassword_LP' is clicked on

2023-08-22 09:53:00 - [TEST_STEP][PASSED] - delay(2): Delayed 2 second(s)

2023-08-22 09:53:02 - [MESSAGE][PASSED] - Delayed 2 second(s)

2023-08-22 09:53:02 - [TEST_STEP][PASSED] - setText(findTestObject("HomePage/EnterPassword_LP"), password): Text 'Test@12345' is set on object 'Object Repository/HomePage/EnterPassword_LP'

2023-08-22 09:53:03 - [MESSAGE][PASSED] - Text 'Test@12345' is set on object 'Object Repository/HomePage/EnterPassword_LP'

2023-08-22 09:53:03 - [TEST_STEP][PASSED] - click(findTestObject("HomePage/inciar")): Object: 'Object Repository/HomePage/inciar' is clicked on

2023-08-22 09:53:14 - [MESSAGE][PASSED] - Object: 'Object Repository/HomePage/inciar' is clicked on

2023-08-22 09:53:14 - [MESSAGE][PASSED] - Call Test Case 'Test Cases/CommonMethods/login_odtaqab' successfully

2023-08-22 09:53:14 - [TEST_STEP][PASSED] - mouseOver(findTestObject("HomePage/AfterLogin_Homepage")): Object: 'Object Repository/HomePage/AfterLogin_Homepage' is hovered

2023-08-22 09:53:59 - [MESSAGE][PASSED] - Object: 'Object Repository/HomePage/AfterLogin_Homepage' is hovered

2023-08-22 09:53:59 - [TEST_STEP][PASSED] - click(findTestObject("AccountManagement/MyAccountButton_Account")): Object: 'Object Repository/AccountManagement/MyAccountButton_Account' is clicked on

2023-08-22 09:54:00 - [MESSAGE][PASSED] - Object: 'Object Repository/AccountManagement/MyAccountButton_Account' is clicked on

2023-08-22 09:54:00 - [TEST_STEP][PASSED] - click(findTestObject("AccountManagement/UpdatePeronalData_Account")): Object: 'Object Repository/AccountManagement/UpdatePeronalData_Account' is clicked on

2023-08-22 09:54:06 - [MESSAGE][PASSED] - Object: 'Object Repository/AccountManagement/UpdatePeronalData_Account' is clicked on

2023-08-22 09:54:06 - [TEST_STEP][PASSED] - verifyElementPresent(findTestObject("AccountManagement/firstName_update_accountManagement"), 0): Object 'Object Repository/AccountManagement/firstName_update_accountManagement' is present

2023-08-22 09:54:06 - [MESSAGE][WARNING] - Timeout '0' is invalid. Using default page load timeout: '30'

2023-08-22 09:54:08 - [MESSAGE][PASSED] - Object 'Object Repository/AccountManagement/firstName_update_accountManagement' is present

2023-08-22 09:54:08 - [TEST_STEP][PASSED] - delay(5): Delayed 5 second(s)

2023-08-22 09:54:13 - [MESSAGE][PASSED] - Delayed 5 second(s)

2023-08-22 09:54:13 - [TEST_STEP][PASSED] - Name = "harish": null

2023-08-22 09:54:13 - [TEST_STEP][PASSED] - sendKeys(findTestObject("AccountManagement/firstName_update_accountManagement"), Keys.chord(CONTROL, "a")): Keys 'CONTROL + a' sent to object: 'Object Repository/AccountManagement/firstName_update_accountManagement'

2023-08-22 09:54:13 - [MESSAGE][PASSED] - Keys 'CONTROL + a' sent to object: 'Object Repository/AccountManagement/firstName_update_accountManagement'

2023-08-22 09:54:13 - [TEST_STEP][PASSED] - delay(5): Delayed 5 second(s)

2023-08-22 09:54:18 - [MESSAGE][PASSED] - Delayed 5 second(s)

2023-08-22 09:54:18 - [TEST_STEP][PASSED] - sendKeys(findTestObject("AccountManagement/firstName_update_accountManagement"), Keys.chord(BACK_SPACE)): Keys 'BACK_SPACE + ' sent to object: 'Object Repository/AccountManagement/firstName_update_accountManagement'

2023-08-22 09:54:19 - [MESSAGE][PASSED] - Keys 'BACK_SPACE + ' sent to object: 'Object Repository/AccountManagement/firstName_update_accountManagement'

2023-08-22 09:54:19 - [TEST_STEP][PASSED] - clearText(findTestObject("AccountManagement/firstName_update_accountManagement"), STOP_ON_FAILURE): Text of object 'Object Repository/AccountManagement/firstName_update_accountManagement' is cleared

2023-08-22 09:54:19 - [MESSAGE][PASSED] - Text of object 'Object Repository/AccountManagement/firstName_update_accountManagement' is cleared

2023-08-22 09:54:19 - [TEST_STEP][PASSED] - delay(5): Delayed 5 second(s)

2023-08-22 09:54:24 - [MESSAGE][PASSED] - Delayed 5 second(s)

2023-08-22 09:54:24 - [TEST_STEP][PASSED] - setText(findTestObject("AccountManagement/firstName_update_accountManagement"), Name): Text 'harish' is set on object 'Object Repository/AccountManagement/firstName_update_accountManagement'

2023-08-22 09:54:25 - [MESSAGE][PASSED] - Text 'harish' is set on object 'Object Repository/AccountManagement/firstName_update_accountManagement'

2023-08-22 09:54:25 - [TEST_STEP][PASSED] - out.println(Name): null

2023-08-22 09:54:25 - [TEST_STEP][PASSED] - click(findTestObject("AccountManagement/UpdateButton_Account")): Object: 'Object Repository/AccountManagement/UpdateButton_Account' is clicked on

2023-08-22 09:54:25 - [MESSAGE][PASSED] - Object: 'Object Repository/AccountManagement/UpdateButton_Account' is clicked on

2023-08-22 09:54:25 - [TEST_STEP][PASSED] - delay(3): Delayed 3 second(s)

2023-08-22 09:54:28 - [MESSAGE][PASSED] - Delayed 3 second(s)

2023-08-22 09:54:28 - [TEST_STEP][PASSED] - verifyElementText(findTestObject("HomePage/header_Hola_text_HP"), "Hola " + Name): Actual text and expected text of test object 'Object Repository/HomePage/header_Hola_text_HP' are matched.

2023-08-22 09:54:28 - [MESSAGE][PASSED] - Actual text and expected text of test object 'Object Repository/HomePage/header_Hola_text_HP' are matched.

2023-08-22 09:54:28 - [TEST_STEP][PASSED] - closeBrowser(): Browser is closed

2023-08-22 09:54:29 - [MESSAGE][PASSED] - Browser is closed]]></system-out>
         <system-err><![CDATA[]]></system-err>
      </testcase>
      <testcase name="Test Cases/HomePage/TS_SMOKE_SUITE_015" time="116.957" classname="Test Cases/HomePage/TS_SMOKE_SUITE_015" status="FAILED">
         <failure type="FAILED" message="Test Cases/HomePage/TS_SMOKE_SUITE_015 FAILED.
Reason:
com.kms.katalon.core.exception.StepFailedException: Unable to move mouse over object 'Object Repository/HomePage/header_Hola_text_HP'
	at com.kms.katalon.core.webui.keyword.internal.WebUIKeywordMain.stepFailed(WebUIKeywordMain.groovy:64)
	at com.kms.katalon.core.webui.keyword.internal.WebUIKeywordMain.runKeyword(WebUIKeywordMain.groovy:26)
	at com.kms.katalon.core.webui.keyword.builtin.MouseOverKeyword.mouseOver(MouseOverKeyword.groovy:66)
	at com.kms.katalon.core.webui.keyword.builtin.MouseOverKeyword.execute(MouseOverKeyword.groovy:40)
	at com.kms.katalon.core.keyword.internal.KeywordExecutor.executeKeywordForPlatform(KeywordExecutor.groovy:74)
	at com.kms.katalon.core.webui.keyword.WebUiBuiltInKeywords.mouseOver(WebUiBuiltInKeywords.groovy:794)
	at com.kms.katalon.core.webui.keyword.WebUiBuiltInKeywords$mouseOver$7.call(Unknown Source)
	at TS_SMOKE_SUITE_015.run(TS_SMOKE_SUITE_015:28)
	at com.kms.katalon.core.main.ScriptEngine.run(ScriptEngine.java:194)
	at com.kms.katalon.core.main.ScriptEngine.runScriptAsRawText(ScriptEngine.java:119)
	at com.kms.katalon.core.main.TestCaseExecutor.runScript(TestCaseExecutor.java:448)
	at com.kms.katalon.core.main.TestCaseExecutor.doExecute(TestCaseExecutor.java:439)
	at com.kms.katalon.core.main.TestCaseExecutor.processExecutionPhase(TestCaseExecutor.java:418)
	at com.kms.katalon.core.main.TestCaseExecutor.accessMainPhase(TestCaseExecutor.java:410)
	at com.kms.katalon.core.main.TestCaseExecutor.execute(TestCaseExecutor.java:285)
	at com.kms.katalon.core.common.CommonExecutor.accessTestCaseMainPhase(CommonExecutor.java:65)
	at com.kms.katalon.core.main.TestSuiteExecutor.accessTestSuiteMainPhase(TestSuiteExecutor.java:148)
	at com.kms.katalon.core.main.TestSuiteExecutor.execute(TestSuiteExecutor.java:106)
	at com.kms.katalon.core.main.TestCaseMain.startTestSuite(TestCaseMain.java:187)
	at com.kms.katalon.core.main.TestCaseMain$startTestSuite$0.call(Unknown Source)
	at TempTestSuite1692673207080.run(TempTestSuite1692673207080.groovy:36)
Caused by: com.kms.katalon.core.webui.exception.WebElementNotFoundException: Web element with id: 'Object Repository/HomePage/header_Hola_text_HP' located by '//span[@class='a-header__topLink popover-session']' not found
	at com.kms.katalon.core.webui.common.WebUiCommonHelper.findWebElement(WebUiCommonHelper.java:1381)
	at com.kms.katalon.core.webui.keyword.internal.WebUIAbstractKeyword.findWebElement(WebUIAbstractKeyword.groovy:27)
	at com.kms.katalon.core.webui.keyword.internal.WebUIAbstractKeyword.findWebElement(WebUIAbstractKeyword.groovy:26)
	at com.kms.katalon.core.webui.keyword.builtin.MouseOverKeyword$_mouseOver_closure1.doCall(MouseOverKeyword.groovy:54)
	at com.kms.katalon.core.webui.keyword.builtin.MouseOverKeyword$_mouseOver_closure1.call(MouseOverKeyword.groovy)
	at com.kms.katalon.core.webui.keyword.internal.WebUIKeywordMain.runKeyword(WebUIKeywordMain.groovy:20)
	... 19 more
"/>
         <system-out><![CDATA[2023-08-22 09:54:29 - [TEST_CASE][FAILED] - Test Cases/HomePage/TS_SMOKE_SUITE_015: Test Cases/HomePage/TS_SMOKE_SUITE_015 FAILED.
Reason:
com.kms.katalon.core.exception.StepFailedException: Unable to move mouse over object 'Object Repository/HomePage/header_Hola_text_HP'
	at com.kms.katalon.core.webui.keyword.internal.WebUIKeywordMain.stepFailed(WebUIKeywordMain.groovy:64)
	at com.kms.katalon.core.webui.keyword.internal.WebUIKeywordMain.runKeyword(WebUIKeywordMain.groovy:26)
	at com.kms.katalon.core.webui.keyword.builtin.MouseOverKeyword.mouseOver(MouseOverKeyword.groovy:66)
	at com.kms.katalon.core.webui.keyword.builtin.MouseOverKeyword.execute(MouseOverKeyword.groovy:40)
	at com.kms.katalon.core.keyword.internal.KeywordExecutor.executeKeywordForPlatform(KeywordExecutor.groovy:74)
	at com.kms.katalon.core.webui.keyword.WebUiBuiltInKeywords.mouseOver(WebUiBuiltInKeywords.groovy:794)
	at com.kms.katalon.core.webui.keyword.WebUiBuiltInKeywords$mouseOver$7.call(Unknown Source)
	at TS_SMOKE_SUITE_015.run(TS_SMOKE_SUITE_015:28)
	at com.kms.katalon.core.main.ScriptEngine.run(ScriptEngine.java:194)
	at com.kms.katalon.core.main.ScriptEngine.runScriptAsRawText(ScriptEngine.java:119)
	at com.kms.katalon.core.main.TestCaseExecutor.runScript(TestCaseExecutor.java:448)
	at com.kms.katalon.core.main.TestCaseExecutor.doExecute(TestCaseExecutor.java:439)
	at com.kms.katalon.core.main.TestCaseExecutor.processExecutionPhase(TestCaseExecutor.java:418)
	at com.kms.katalon.core.main.TestCaseExecutor.accessMainPhase(TestCaseExecutor.java:410)
	at com.kms.katalon.core.main.TestCaseExecutor.execute(TestCaseExecutor.java:285)
	at com.kms.katalon.core.common.CommonExecutor.accessTestCaseMainPhase(CommonExecutor.java:65)
	at com.kms.katalon.core.main.TestSuiteExecutor.accessTestSuiteMainPhase(TestSuiteExecutor.java:148)
	at com.kms.katalon.core.main.TestSuiteExecutor.execute(TestSuiteExecutor.java:106)
	at com.kms.katalon.core.main.TestCaseMain.startTestSuite(TestCaseMain.java:187)
	at com.kms.katalon.core.main.TestCaseMain$startTestSuite$0.call(Unknown Source)
	at TempTestSuite1692673207080.run(TempTestSuite1692673207080.groovy:36)
Caused by: com.kms.katalon.core.webui.exception.WebElementNotFoundException: Web element with id: 'Object Repository/HomePage/header_Hola_text_HP' located by '//span[@class='a-header__topLink popover-session']' not found
	at com.kms.katalon.core.webui.common.WebUiCommonHelper.findWebElement(WebUiCommonHelper.java:1381)
	at com.kms.katalon.core.webui.keyword.internal.WebUIAbstractKeyword.findWebElement(WebUIAbstractKeyword.groovy:27)
	at com.kms.katalon.core.webui.keyword.internal.WebUIAbstractKeyword.findWebElement(WebUIAbstractKeyword.groovy:26)
	at com.kms.katalon.core.webui.keyword.builtin.MouseOverKeyword$_mouseOver_closure1.doCall(MouseOverKeyword.groovy:54)
	at com.kms.katalon.core.webui.keyword.builtin.MouseOverKeyword$_mouseOver_closure1.call(MouseOverKeyword.groovy)
	at com.kms.katalon.core.webui.keyword.internal.WebUIKeywordMain.runKeyword(WebUIKeywordMain.groovy:20)
	... 19 more


2023-08-22 09:54:30 - [TEST_STEP][PASSED] - openBrowser(""): Browser is opened with url: ''

2023-08-22 09:54:30 - [MESSAGE][INFO] - Starting 'Chrome' driver

2023-08-22 09:54:30 - [MESSAGE][INFO] - Action delay is set to 0 milliseconds

2023-08-22 09:54:31 - [MESSAGE][PASSED] - Browser is opened with url: ''

2023-08-22 09:54:31 - [TEST_STEP][PASSED] - navigateToUrl(URL): Navigate to 'https://odtaqaa.liverpool.com.mx/tienda/home' successfully

2023-08-22 09:55:12 - [MESSAGE][PASSED] - Navigate to 'https://odtaqaa.liverpool.com.mx/tienda/home' successfully

2023-08-22 09:55:12 - [TEST_STEP][PASSED] - maximizeWindow(): Current window maximized

2023-08-22 09:55:12 - [MESSAGE][PASSED] - Current window maximized

2023-08-22 09:55:12 - [TEST_STEP][PASSED] - callTestCase(findTestCase("CommonMethods/login_odtaqab"), [:], OPTIONAL): Call Test Case 'Test Cases/CommonMethods/login_odtaqab' successfully

2023-08-22 09:55:12 - [TEST_CASE][PASSED] - Test Cases/CommonMethods/login_odtaqab: Test Cases/CommonMethods/login_odtaqab

2023-08-22 09:55:12 - [TEST_STEP][PASSED] - click(findTestObject("HomePage/Iniciar sesion")): Object: 'Object Repository/HomePage/Iniciar sesion' is clicked on

2023-08-22 09:55:12 - [MESSAGE][PASSED] - Object: 'Object Repository/HomePage/Iniciar sesion' is clicked on

2023-08-22 09:55:12 - [TEST_STEP][PASSED] - click(findTestObject("HomePage/EnterUsername_LP")): Object: 'Object Repository/HomePage/EnterUsername_LP' is clicked on

2023-08-22 09:55:20 - [MESSAGE][PASSED] - Object: 'Object Repository/HomePage/EnterUsername_LP' is clicked on

2023-08-22 09:55:20 - [TEST_STEP][PASSED] - setText(findTestObject("HomePage/EnterUsername_LP"), username): Text 'hcheruvu29@digisprint.com' is set on object 'Object Repository/HomePage/EnterUsername_LP'

2023-08-22 09:55:21 - [MESSAGE][PASSED] - Text 'hcheruvu29@digisprint.com' is set on object 'Object Repository/HomePage/EnterUsername_LP'

2023-08-22 09:55:21 - [TEST_STEP][PASSED] - delay(2): Delayed 2 second(s)

2023-08-22 09:55:23 - [MESSAGE][PASSED] - Delayed 2 second(s)

2023-08-22 09:55:23 - [TEST_STEP][PASSED] - click(findTestObject("HomePage/EnterPassword_LP")): Object: 'Object Repository/HomePage/EnterPassword_LP' is clicked on

2023-08-22 09:55:23 - [MESSAGE][PASSED] - Object: 'Object Repository/HomePage/EnterPassword_LP' is clicked on

2023-08-22 09:55:23 - [TEST_STEP][PASSED] - delay(2): Delayed 2 second(s)

2023-08-22 09:55:25 - [MESSAGE][PASSED] - Delayed 2 second(s)

2023-08-22 09:55:25 - [TEST_STEP][PASSED] - setText(findTestObject("HomePage/EnterPassword_LP"), password): Text 'Test@12345' is set on object 'Object Repository/HomePage/EnterPassword_LP'

2023-08-22 09:55:26 - [MESSAGE][PASSED] - Text 'Test@12345' is set on object 'Object Repository/HomePage/EnterPassword_LP'

2023-08-22 09:55:26 - [TEST_STEP][PASSED] - click(findTestObject("HomePage/inciar")): Object: 'Object Repository/HomePage/inciar' is clicked on

2023-08-22 09:55:55 - [MESSAGE][PASSED] - Object: 'Object Repository/HomePage/inciar' is clicked on

2023-08-22 09:55:55 - [MESSAGE][PASSED] - Call Test Case 'Test Cases/CommonMethods/login_odtaqab' successfully

2023-08-22 09:55:55 - [TEST_STEP][FAILED] - mouseOver(findTestObject("HomePage/header_Hola_text_HP"), STOP_ON_FAILURE): Unable to move mouse over object 'Object Repository/HomePage/header_Hola_text_HP' (Root cause: com.kms.katalon.core.exception.StepFailedException: Unable to move mouse over object 'Object Repository/HomePage/header_Hola_text_HP'
	at com.kms.katalon.core.webui.keyword.internal.WebUIKeywordMain.stepFailed(WebUIKeywordMain.groovy:64)
	at com.kms.katalon.core.webui.keyword.internal.WebUIKeywordMain.runKeyword(WebUIKeywordMain.groovy:26)
	at com.kms.katalon.core.webui.keyword.builtin.MouseOverKeyword.mouseOver(MouseOverKeyword.groovy:66)
	at com.kms.katalon.core.webui.keyword.builtin.MouseOverKeyword.execute(MouseOverKeyword.groovy:40)
	at com.kms.katalon.core.keyword.internal.KeywordExecutor.executeKeywordForPlatform(KeywordExecutor.groovy:74)
	at com.kms.katalon.core.webui.keyword.WebUiBuiltInKeywords.mouseOver(WebUiBuiltInKeywords.groovy:794)
	at com.kms.katalon.core.webui.keyword.WebUiBuiltInKeywords$mouseOver$7.call(Unknown Source)
	at TS_SMOKE_SUITE_015.run(TS_SMOKE_SUITE_015:28)
	at com.kms.katalon.core.main.ScriptEngine.run(ScriptEngine.java:194)
	at com.kms.katalon.core.main.ScriptEngine.runScriptAsRawText(ScriptEngine.java:119)
	at com.kms.katalon.core.main.TestCaseExecutor.runScript(TestCaseExecutor.java:448)
	at com.kms.katalon.core.main.TestCaseExecutor.doExecute(TestCaseExecutor.java:439)
	at com.kms.katalon.core.main.TestCaseExecutor.processExecutionPhase(TestCaseExecutor.java:418)
	at com.kms.katalon.core.main.TestCaseExecutor.accessMainPhase(TestCaseExecutor.java:410)
	at com.kms.katalon.core.main.TestCaseExecutor.execute(TestCaseExecutor.java:285)
	at com.kms.katalon.core.common.CommonExecutor.accessTestCaseMainPhase(CommonExecutor.java:65)
	at com.kms.katalon.core.main.TestSuiteExecutor.accessTestSuiteMainPhase(TestSuiteExecutor.java:148)
	at com.kms.katalon.core.main.TestSuiteExecutor.execute(TestSuiteExecutor.java:106)
	at com.kms.katalon.core.main.TestCaseMain.startTestSuite(TestCaseMain.java:187)
	at com.kms.katalon.core.main.TestCaseMain$startTestSuite$0.call(Unknown Source)
	at TempTestSuite1692673207080.run(TempTestSuite1692673207080.groovy:36)
Caused by: com.kms.katalon.core.webui.exception.WebElementNotFoundException: Web element with id: 'Object Repository/HomePage/header_Hola_text_HP' located by '//span[@class='a-header__topLink popover-session']' not found
	at com.kms.katalon.core.webui.common.WebUiCommonHelper.findWebElement(WebUiCommonHelper.java:1381)
	at com.kms.katalon.core.webui.keyword.internal.WebUIAbstractKeyword.findWebElement(WebUIAbstractKeyword.groovy:27)
	at com.kms.katalon.core.webui.keyword.internal.WebUIAbstractKeyword.findWebElement(WebUIAbstractKeyword.groovy:26)
	at com.kms.katalon.core.webui.keyword.builtin.MouseOverKeyword$_mouseOver_closure1.doCall(MouseOverKeyword.groovy:54)
	at com.kms.katalon.core.webui.keyword.builtin.MouseOverKeyword$_mouseOver_closure1.call(MouseOverKeyword.groovy)
	at com.kms.katalon.core.webui.keyword.internal.WebUIKeywordMain.runKeyword(WebUIKeywordMain.groovy:20)
	at com.kms.katalon.core.webui.keyword.builtin.MouseOverKeyword.mouseOver(MouseOverKeyword.groovy:66)
	at com.kms.katalon.core.webui.keyword.builtin.MouseOverKeyword.execute(MouseOverKeyword.groovy:40)
	at com.kms.katalon.core.keyword.internal.KeywordExecutor.executeKeywordForPlatform(KeywordExecutor.groovy:74)
	at com.kms.katalon.core.webui.keyword.WebUiBuiltInKeywords.mouseOver(WebUiBuiltInKeywords.groovy:794)
	at com.kms.katalon.core.webui.keyword.WebUiBuiltInKeywords$mouseOver$7.call(Unknown Source)
	at Script1690955500732.run(Script1690955500732.groovy:28)
	... 13 more
)

2023-08-22 09:56:26 - [MESSAGE][INFO] - Unable to find the element located by 'By.xpath: //span[@class='a-header__topLink popover-session']'. Please recheck the objects properties to make sure the desired element is located. 

2023-08-22 09:56:26 - [MESSAGE][FAILED] - Unable to move mouse over object 'Object Repository/HomePage/header_Hola_text_HP' (Root cause: com.kms.katalon.core.exception.StepFailedException: Unable to move mouse over object 'Object Repository/HomePage/header_Hola_text_HP'
	at com.kms.katalon.core.webui.keyword.internal.WebUIKeywordMain.stepFailed(WebUIKeywordMain.groovy:64)
	at com.kms.katalon.core.webui.keyword.internal.WebUIKeywordMain.runKeyword(WebUIKeywordMain.groovy:26)
	at com.kms.katalon.core.webui.keyword.builtin.MouseOverKeyword.mouseOver(MouseOverKeyword.groovy:66)
	at com.kms.katalon.core.webui.keyword.builtin.MouseOverKeyword.execute(MouseOverKeyword.groovy:40)
	at com.kms.katalon.core.keyword.internal.KeywordExecutor.executeKeywordForPlatform(KeywordExecutor.groovy:74)
	at com.kms.katalon.core.webui.keyword.WebUiBuiltInKeywords.mouseOver(WebUiBuiltInKeywords.groovy:794)
	at com.kms.katalon.core.webui.keyword.WebUiBuiltInKeywords$mouseOver$7.call(Unknown Source)
	at TS_SMOKE_SUITE_015.run(TS_SMOKE_SUITE_015:28)
	at com.kms.katalon.core.main.ScriptEngine.run(ScriptEngine.java:194)
	at com.kms.katalon.core.main.ScriptEngine.runScriptAsRawText(ScriptEngine.java:119)
	at com.kms.katalon.core.main.TestCaseExecutor.runScript(TestCaseExecutor.java:448)
	at com.kms.katalon.core.main.TestCaseExecutor.doExecute(TestCaseExecutor.java:439)
	at com.kms.katalon.core.main.TestCaseExecutor.processExecutionPhase(TestCaseExecutor.java:418)
	at com.kms.katalon.core.main.TestCaseExecutor.accessMainPhase(TestCaseExecutor.java:410)
	at com.kms.katalon.core.main.TestCaseExecutor.execute(TestCaseExecutor.java:285)
	at com.kms.katalon.core.common.CommonExecutor.accessTestCaseMainPhase(CommonExecutor.java:65)
	at com.kms.katalon.core.main.TestSuiteExecutor.accessTestSuiteMainPhase(TestSuiteExecutor.java:148)
	at com.kms.katalon.core.main.TestSuiteExecutor.execute(TestSuiteExecutor.java:106)
	at com.kms.katalon.core.main.TestCaseMain.startTestSuite(TestCaseMain.java:187)
	at com.kms.katalon.core.main.TestCaseMain$startTestSuite$0.call(Unknown Source)
	at TempTestSuite1692673207080.run(TempTestSuite1692673207080.groovy:36)
Caused by: com.kms.katalon.core.webui.exception.WebElementNotFoundException: Web element with id: 'Object Repository/HomePage/header_Hola_text_HP' located by '//span[@class='a-header__topLink popover-session']' not found
	at com.kms.katalon.core.webui.common.WebUiCommonHelper.findWebElement(WebUiCommonHelper.java:1381)
	at com.kms.katalon.core.webui.keyword.internal.WebUIAbstractKeyword.findWebElement(WebUIAbstractKeyword.groovy:27)
	at com.kms.katalon.core.webui.keyword.internal.WebUIAbstractKeyword.findWebElement(WebUIAbstractKeyword.groovy:26)
	at com.kms.katalon.core.webui.keyword.builtin.MouseOverKeyword$_mouseOver_closure1.doCall(MouseOverKeyword.groovy:54)
	at com.kms.katalon.core.webui.keyword.builtin.MouseOverKeyword$_mouseOver_closure1.call(MouseOverKeyword.groovy)
	at com.kms.katalon.core.webui.keyword.internal.WebUIKeywordMain.runKeyword(WebUIKeywordMain.groovy:20)
	at com.kms.katalon.core.webui.keyword.builtin.MouseOverKeyword.mouseOver(MouseOverKeyword.groovy:66)
	at com.kms.katalon.core.webui.keyword.builtin.MouseOverKeyword.execute(MouseOverKeyword.groovy:40)
	at com.kms.katalon.core.keyword.internal.KeywordExecutor.executeKeywordForPlatform(KeywordExecutor.groovy:74)
	at com.kms.katalon.core.webui.keyword.WebUiBuiltInKeywords.mouseOver(WebUiBuiltInKeywords.groovy:794)
	at com.kms.katalon.core.webui.keyword.WebUiBuiltInKeywords$mouseOver$7.call(Unknown Source)
	at Script1690955500732.run(Script1690955500732.groovy:28)
	... 13 more
)
[[ATTACHMENT|D:\\backup\\LiverpoolProject_SmokeSuite\\Reports\\20230822_083007\\SmokeSuite_AllModules\\20230822_083007\\1692678386409.png]]]]></system-out>
         <system-err><![CDATA[2023-08-22 09:54:29 - [TEST_CASE][FAILED] - Test Cases/HomePage/TS_SMOKE_SUITE_015: Test Cases/HomePage/TS_SMOKE_SUITE_015 FAILED.
Reason:
com.kms.katalon.core.exception.StepFailedException: Unable to move mouse over object 'Object Repository/HomePage/header_Hola_text_HP'
	at com.kms.katalon.core.webui.keyword.internal.WebUIKeywordMain.stepFailed(WebUIKeywordMain.groovy:64)
	at com.kms.katalon.core.webui.keyword.internal.WebUIKeywordMain.runKeyword(WebUIKeywordMain.groovy:26)
	at com.kms.katalon.core.webui.keyword.builtin.MouseOverKeyword.mouseOver(MouseOverKeyword.groovy:66)
	at com.kms.katalon.core.webui.keyword.builtin.MouseOverKeyword.execute(MouseOverKeyword.groovy:40)
	at com.kms.katalon.core.keyword.internal.KeywordExecutor.executeKeywordForPlatform(KeywordExecutor.groovy:74)
	at com.kms.katalon.core.webui.keyword.WebUiBuiltInKeywords.mouseOver(WebUiBuiltInKeywords.groovy:794)
	at com.kms.katalon.core.webui.keyword.WebUiBuiltInKeywords$mouseOver$7.call(Unknown Source)
	at TS_SMOKE_SUITE_015.run(TS_SMOKE_SUITE_015:28)
	at com.kms.katalon.core.main.ScriptEngine.run(ScriptEngine.java:194)
	at com.kms.katalon.core.main.ScriptEngine.runScriptAsRawText(ScriptEngine.java:119)
	at com.kms.katalon.core.main.TestCaseExecutor.runScript(TestCaseExecutor.java:448)
	at com.kms.katalon.core.main.TestCaseExecutor.doExecute(TestCaseExecutor.java:439)
	at com.kms.katalon.core.main.TestCaseExecutor.processExecutionPhase(TestCaseExecutor.java:418)
	at com.kms.katalon.core.main.TestCaseExecutor.accessMainPhase(TestCaseExecutor.java:410)
	at com.kms.katalon.core.main.TestCaseExecutor.execute(TestCaseExecutor.java:285)
	at com.kms.katalon.core.common.CommonExecutor.accessTestCaseMainPhase(CommonExecutor.java:65)
	at com.kms.katalon.core.main.TestSuiteExecutor.accessTestSuiteMainPhase(TestSuiteExecutor.java:148)
	at com.kms.katalon.core.main.TestSuiteExecutor.execute(TestSuiteExecutor.java:106)
	at com.kms.katalon.core.main.TestCaseMain.startTestSuite(TestCaseMain.java:187)
	at com.kms.katalon.core.main.TestCaseMain$startTestSuite$0.call(Unknown Source)
	at TempTestSuite1692673207080.run(TempTestSuite1692673207080.groovy:36)
Caused by: com.kms.katalon.core.webui.exception.WebElementNotFoundException: Web element with id: 'Object Repository/HomePage/header_Hola_text_HP' located by '//span[@class='a-header__topLink popover-session']' not found
	at com.kms.katalon.core.webui.common.WebUiCommonHelper.findWebElement(WebUiCommonHelper.java:1381)
	at com.kms.katalon.core.webui.keyword.internal.WebUIAbstractKeyword.findWebElement(WebUIAbstractKeyword.groovy:27)
	at com.kms.katalon.core.webui.keyword.internal.WebUIAbstractKeyword.findWebElement(WebUIAbstractKeyword.groovy:26)
	at com.kms.katalon.core.webui.keyword.builtin.MouseOverKeyword$_mouseOver_closure1.doCall(MouseOverKeyword.groovy:54)
	at com.kms.katalon.core.webui.keyword.builtin.MouseOverKeyword$_mouseOver_closure1.call(MouseOverKeyword.groovy)
	at com.kms.katalon.core.webui.keyword.internal.WebUIKeywordMain.runKeyword(WebUIKeywordMain.groovy:20)
	... 19 more]]></system-err>
      </testcase>
      <testcase name="Test Cases/Search/TS_SMOKE_SUITE_059" time="82.639" classname="Test Cases/Search/TS_SMOKE_SUITE_059" status="PASSED">
         <system-out><![CDATA[2023-08-22 09:56:26 - [TEST_CASE][PASSED] - Test Cases/Search/TS_SMOKE_SUITE_059: Test Cases/Search/TS_SMOKE_SUITE_059

2023-08-22 09:56:27 - [TEST_STEP][PASSED] - openBrowser(""): Browser is opened with url: ''

2023-08-22 09:56:27 - [MESSAGE][WARNING] - A browser is already opened. Closing browser and opening a new one

2023-08-22 09:56:28 - [MESSAGE][INFO] - Starting 'Chrome' driver

2023-08-22 09:56:28 - [MESSAGE][INFO] - Action delay is set to 0 milliseconds

2023-08-22 09:56:29 - [MESSAGE][PASSED] - Browser is opened with url: ''

2023-08-22 09:56:29 - [TEST_STEP][PASSED] - navigateToUrl(URL): Navigate to 'https://odtaqaa.liverpool.com.mx/tienda/home' successfully

2023-08-22 09:57:16 - [MESSAGE][PASSED] - Navigate to 'https://odtaqaa.liverpool.com.mx/tienda/home' successfully

2023-08-22 09:57:16 - [TEST_STEP][PASSED] - maximizeWindow(): Current window maximized

2023-08-22 09:57:16 - [MESSAGE][PASSED] - Current window maximized

2023-08-22 09:57:16 - [TEST_STEP][PASSED] - callTestCase(findTestCase("CommonMethods/SearchForAProduct_search"), ["searchTerm":"mac"], STOP_ON_FAILURE): Call Test Case 'Test Cases/CommonMethods/SearchForAProduct_search' successfully

2023-08-22 09:57:16 - [TEST_CASE][PASSED] - Test Cases/CommonMethods/SearchForAProduct_search: Test Cases/CommonMethods/SearchForAProduct_search

2023-08-22 09:57:16 - [TEST_STEP][PASSED] - click(findTestObject("HomePage/Buscar1"), STOP_ON_FAILURE): Object: 'Object Repository/HomePage/Buscar1' is clicked on

2023-08-22 09:57:17 - [MESSAGE][PASSED] - Object: 'Object Repository/HomePage/Buscar1' is clicked on

2023-08-22 09:57:17 - [TEST_STEP][PASSED] - delay(3): Delayed 3 second(s)

2023-08-22 09:57:20 - [MESSAGE][PASSED] - Delayed 3 second(s)

2023-08-22 09:57:20 - [TEST_STEP][PASSED] - setText(findTestObject("HomePage/Buscar1"), searchTerm): Text 'mac' is set on object 'Object Repository/HomePage/Buscar1'

2023-08-22 09:57:21 - [MESSAGE][PASSED] - Text 'mac' is set on object 'Object Repository/HomePage/Buscar1'

2023-08-22 09:57:21 - [TEST_STEP][PASSED] - delay(3): Delayed 3 second(s)

2023-08-22 09:57:24 - [MESSAGE][PASSED] - Delayed 3 second(s)

2023-08-22 09:57:24 - [TEST_STEP][PASSED] - sendKeys(findTestObject("HomePage/Seach_TextBox_hp"), Keys.chord(ENTER)): Keys 'ENTER + ' sent to object: 'Object Repository/HomePage/Seach_TextBox_hp'

2023-08-22 09:57:25 - [MESSAGE][PASSED] - Keys 'ENTER + ' sent to object: 'Object Repository/HomePage/Seach_TextBox_hp'

2023-08-22 09:57:25 - [MESSAGE][PASSED] - Call Test Case 'Test Cases/CommonMethods/SearchForAProduct_search' successfully

2023-08-22 09:57:25 - [TEST_STEP][PASSED] - verifyElementPresent(findTestObject("PDPPage/product_56_PDP"), 0): Object 'Object Repository/PDPPage/product_56_PDP' is present

2023-08-22 09:57:25 - [MESSAGE][WARNING] - Timeout '0' is invalid. Using default page load timeout: '30'

2023-08-22 09:57:47 - [MESSAGE][PASSED] - Object 'Object Repository/PDPPage/product_56_PDP' is present

2023-08-22 09:57:47 - [TEST_STEP][PASSED] - verifyElementNotPresent(findTestObject("PDPPage/product_57_PDP"), 0): Web element with id: 'Object Repository/PDPPage/product_57_PDP' located by 'By.xpath: //ul[@class="m-product__listingPlp"]//li[57]' is not present after '30' second(s)

2023-08-22 09:57:48 - [MESSAGE][WARNING] - Timeout '0' is invalid. Using default page load timeout: '30'

2023-08-22 09:57:48 - [MESSAGE][PASSED] - Web element with id: 'Object Repository/PDPPage/product_57_PDP' located by 'By.xpath: //ul[@class="m-product__listingPlp"]//li[57]' is not present after '30' second(s)

2023-08-22 09:57:48 - [TEST_STEP][PASSED] - closeBrowser(): Browser is closed

2023-08-22 09:57:49 - [MESSAGE][PASSED] - Browser is closed]]></system-out>
         <system-err><![CDATA[]]></system-err>
      </testcase>
      <testcase name="Test Cases/Search/TS_SMOKE_SUITE_060" time="110.063" classname="Test Cases/Search/TS_SMOKE_SUITE_060" status="PASSED">
         <system-out><![CDATA[2023-08-22 09:57:49 - [TEST_CASE][PASSED] - Test Cases/Search/TS_SMOKE_SUITE_060: Test Cases/Search/TS_SMOKE_SUITE_060

2023-08-22 09:57:49 - [TEST_STEP][PASSED] - openBrowser(""): Browser is opened with url: ''

2023-08-22 09:57:49 - [MESSAGE][INFO] - Starting 'Chrome' driver

2023-08-22 09:57:49 - [MESSAGE][INFO] - Action delay is set to 0 milliseconds

2023-08-22 09:57:51 - [MESSAGE][PASSED] - Browser is opened with url: ''

2023-08-22 09:57:51 - [TEST_STEP][PASSED] - navigateToUrl(URL): Navigate to 'https://odtaqaa.liverpool.com.mx/tienda/home' successfully

2023-08-22 09:58:36 - [MESSAGE][PASSED] - Navigate to 'https://odtaqaa.liverpool.com.mx/tienda/home' successfully

2023-08-22 09:58:36 - [TEST_STEP][PASSED] - maximizeWindow(): Current window maximized

2023-08-22 09:58:36 - [MESSAGE][PASSED] - Current window maximized

2023-08-22 09:58:36 - [TEST_STEP][PASSED] - callTestCase(findTestCase("CommonMethods/SearchForAProduct_search"), ["searchTerm":"mac"], STOP_ON_FAILURE): Call Test Case 'Test Cases/CommonMethods/SearchForAProduct_search' successfully

2023-08-22 09:58:36 - [TEST_CASE][PASSED] - Test Cases/CommonMethods/SearchForAProduct_search: Test Cases/CommonMethods/SearchForAProduct_search

2023-08-22 09:58:36 - [TEST_STEP][PASSED] - click(findTestObject("HomePage/Buscar1"), STOP_ON_FAILURE): Object: 'Object Repository/HomePage/Buscar1' is clicked on

2023-08-22 09:58:36 - [MESSAGE][PASSED] - Object: 'Object Repository/HomePage/Buscar1' is clicked on

2023-08-22 09:58:36 - [TEST_STEP][PASSED] - delay(3): Delayed 3 second(s)

2023-08-22 09:58:39 - [MESSAGE][PASSED] - Delayed 3 second(s)

2023-08-22 09:58:39 - [TEST_STEP][PASSED] - setText(findTestObject("HomePage/Buscar1"), searchTerm): Text 'mac' is set on object 'Object Repository/HomePage/Buscar1'

2023-08-22 09:58:40 - [MESSAGE][PASSED] - Text 'mac' is set on object 'Object Repository/HomePage/Buscar1'

2023-08-22 09:58:40 - [TEST_STEP][PASSED] - delay(3): Delayed 3 second(s)

2023-08-22 09:58:43 - [MESSAGE][PASSED] - Delayed 3 second(s)

2023-08-22 09:58:43 - [TEST_STEP][PASSED] - sendKeys(findTestObject("HomePage/Seach_TextBox_hp"), Keys.chord(ENTER)): Keys 'ENTER + ' sent to object: 'Object Repository/HomePage/Seach_TextBox_hp'

2023-08-22 09:58:44 - [MESSAGE][PASSED] - Keys 'ENTER + ' sent to object: 'Object Repository/HomePage/Seach_TextBox_hp'

2023-08-22 09:58:44 - [MESSAGE][PASSED] - Call Test Case 'Test Cases/CommonMethods/SearchForAProduct_search' successfully

2023-08-22 09:58:44 - [TEST_STEP][PASSED] - click(findTestObject("HomePage/Logo_hp")): Object: 'Object Repository/HomePage/Logo_hp' is clicked on

2023-08-22 09:58:45 - [MESSAGE][PASSED] - Object: 'Object Repository/HomePage/Logo_hp' is clicked on

2023-08-22 09:58:45 - [TEST_STEP][PASSED] - callTestCase(findTestCase("CommonMethods/SearchForAProduct_search"), ["searchTerm":"mac"], STOP_ON_FAILURE): Call Test Case 'Test Cases/CommonMethods/SearchForAProduct_search' successfully

2023-08-22 09:58:45 - [TEST_CASE][PASSED] - Test Cases/CommonMethods/SearchForAProduct_search: Test Cases/CommonMethods/SearchForAProduct_search

2023-08-22 09:58:45 - [TEST_STEP][PASSED] - click(findTestObject("HomePage/Buscar1"), STOP_ON_FAILURE): Object: 'Object Repository/HomePage/Buscar1' is clicked on

2023-08-22 09:58:45 - [MESSAGE][PASSED] - Object: 'Object Repository/HomePage/Buscar1' is clicked on

2023-08-22 09:58:45 - [TEST_STEP][PASSED] - delay(3): Delayed 3 second(s)

2023-08-22 09:58:48 - [MESSAGE][PASSED] - Delayed 3 second(s)

2023-08-22 09:58:48 - [TEST_STEP][PASSED] - setText(findTestObject("HomePage/Buscar1"), searchTerm): Text 'mac' is set on object 'Object Repository/HomePage/Buscar1'

2023-08-22 09:59:10 - [MESSAGE][PASSED] - Text 'mac' is set on object 'Object Repository/HomePage/Buscar1'

2023-08-22 09:59:10 - [TEST_STEP][PASSED] - delay(3): Delayed 3 second(s)

2023-08-22 09:59:13 - [MESSAGE][PASSED] - Delayed 3 second(s)

2023-08-22 09:59:13 - [TEST_STEP][PASSED] - sendKeys(findTestObject("HomePage/Seach_TextBox_hp"), Keys.chord(ENTER)): Keys 'ENTER + ' sent to object: 'Object Repository/HomePage/Seach_TextBox_hp'

2023-08-22 09:59:19 - [MESSAGE][PASSED] - Keys 'ENTER + ' sent to object: 'Object Repository/HomePage/Seach_TextBox_hp'

2023-08-22 09:59:19 - [MESSAGE][PASSED] - Call Test Case 'Test Cases/CommonMethods/SearchForAProduct_search' successfully

2023-08-22 09:59:19 - [TEST_STEP][PASSED] - verifyElementPresent(findTestObject("PLPPage/facetes/Facet_Seller_liverpool_PLP"), 0): Object 'Object Repository/PLPPage/facetes/Facet_Seller_liverpool_PLP' is present

2023-08-22 09:59:19 - [MESSAGE][WARNING] - Timeout '0' is invalid. Using default page load timeout: '30'

2023-08-22 09:59:25 - [MESSAGE][PASSED] - Object 'Object Repository/PLPPage/facetes/Facet_Seller_liverpool_PLP' is present

2023-08-22 09:59:25 - [TEST_STEP][PASSED] - a = getText(findTestObject("PLPPage/Facet_Seller_liverpool_title_PLP"), STOP_ON_FAILURE): Text of object 'Object Repository/PLPPage/Facet_Seller_liverpool_title_PLP' is: 'Liverpool (123)'

2023-08-22 09:59:26 - [MESSAGE][PASSED] - Text of object 'Object Repository/PLPPage/Facet_Seller_liverpool_title_PLP' is: 'Liverpool (123)'

2023-08-22 09:59:26 - [TEST_STEP][PASSED] - click(findTestObject("PLPPage/facetes/Facet_Seller_liverpool_PLP"), STOP_ON_FAILURE): Object: 'Object Repository/PLPPage/facetes/Facet_Seller_liverpool_PLP' is clicked on

2023-08-22 09:59:27 - [MESSAGE][PASSED] - Object: 'Object Repository/PLPPage/facetes/Facet_Seller_liverpool_PLP' is clicked on

2023-08-22 09:59:27 - [TEST_STEP][PASSED] - b = getText(findTestObject("PLPPage/facetes/selectedfacet1_PLP")): Text of object 'Object Repository/PLPPage/facetes/selectedfacet1_PLP' is: 'Liverpool'

2023-08-22 09:59:38 - [MESSAGE][PASSED] - Text of object 'Object Repository/PLPPage/facetes/selectedfacet1_PLP' is: 'Liverpool'

2023-08-22 09:59:38 - [TEST_STEP][PASSED] - out.println(a): null

2023-08-22 09:59:38 - [TEST_STEP][PASSED] - out.println(b): null

2023-08-22 09:59:38 - [TEST_STEP][PASSED] - if (a.contains(b)): null

2023-08-22 09:59:38 - [TEST_STEP][PASSED] - out.println("facet selected"): null

2023-08-22 09:59:38 - [TEST_STEP][PASSED] - closeBrowser(): Browser is closed

2023-08-22 09:59:39 - [MESSAGE][PASSED] - Browser is closed]]></system-out>
         <system-err><![CDATA[]]></system-err>
      </testcase>
      <testcase name="Test Cases/Search/TS_SMOKE_SUITE_061" time="140.566" classname="Test Cases/Search/TS_SMOKE_SUITE_061" status="PASSED">
         <system-out><![CDATA[2023-08-22 09:59:39 - [TEST_CASE][PASSED] - Test Cases/Search/TS_SMOKE_SUITE_061: Test Cases/Search/TS_SMOKE_SUITE_061

2023-08-22 09:59:39 - [TEST_STEP][PASSED] - openBrowser(""): Browser is opened with url: ''

2023-08-22 09:59:39 - [MESSAGE][INFO] - Starting 'Chrome' driver

2023-08-22 09:59:39 - [MESSAGE][INFO] - Action delay is set to 0 milliseconds

2023-08-22 09:59:41 - [MESSAGE][PASSED] - Browser is opened with url: ''

2023-08-22 09:59:41 - [TEST_STEP][PASSED] - navigateToUrl(URL): Navigate to 'https://odtaqaa.liverpool.com.mx/tienda/home' successfully

2023-08-22 10:00:29 - [MESSAGE][PASSED] - Navigate to 'https://odtaqaa.liverpool.com.mx/tienda/home' successfully

2023-08-22 10:00:29 - [TEST_STEP][PASSED] - maximizeWindow(): Current window maximized

2023-08-22 10:00:30 - [MESSAGE][PASSED] - Current window maximized

2023-08-22 10:00:30 - [TEST_STEP][PASSED] - callTestCase(findTestCase("CommonMethods/SearchForAProduct_search"), ["searchTerm":"mac"], STOP_ON_FAILURE): Call Test Case 'Test Cases/CommonMethods/SearchForAProduct_search' successfully

2023-08-22 10:00:30 - [TEST_CASE][PASSED] - Test Cases/CommonMethods/SearchForAProduct_search: Test Cases/CommonMethods/SearchForAProduct_search

2023-08-22 10:00:30 - [TEST_STEP][PASSED] - click(findTestObject("HomePage/Buscar1"), STOP_ON_FAILURE): Object: 'Object Repository/HomePage/Buscar1' is clicked on

2023-08-22 10:00:30 - [MESSAGE][PASSED] - Object: 'Object Repository/HomePage/Buscar1' is clicked on

2023-08-22 10:00:30 - [TEST_STEP][PASSED] - delay(3): Delayed 3 second(s)

2023-08-22 10:00:33 - [MESSAGE][PASSED] - Delayed 3 second(s)

2023-08-22 10:00:33 - [TEST_STEP][PASSED] - setText(findTestObject("HomePage/Buscar1"), searchTerm): Text 'mac' is set on object 'Object Repository/HomePage/Buscar1'

2023-08-22 10:00:34 - [MESSAGE][PASSED] - Text 'mac' is set on object 'Object Repository/HomePage/Buscar1'

2023-08-22 10:00:34 - [TEST_STEP][PASSED] - delay(3): Delayed 3 second(s)

2023-08-22 10:00:37 - [MESSAGE][PASSED] - Delayed 3 second(s)

2023-08-22 10:00:37 - [TEST_STEP][PASSED] - sendKeys(findTestObject("HomePage/Seach_TextBox_hp"), Keys.chord(ENTER)): Keys 'ENTER + ' sent to object: 'Object Repository/HomePage/Seach_TextBox_hp'

2023-08-22 10:00:41 - [MESSAGE][PASSED] - Keys 'ENTER + ' sent to object: 'Object Repository/HomePage/Seach_TextBox_hp'

2023-08-22 10:00:41 - [MESSAGE][PASSED] - Call Test Case 'Test Cases/CommonMethods/SearchForAProduct_search' successfully

2023-08-22 10:00:41 - [TEST_STEP][PASSED] - click(findTestObject("HomePage/Logo_hp")): Object: 'Object Repository/HomePage/Logo_hp' is clicked on

2023-08-22 10:00:42 - [MESSAGE][PASSED] - Object: 'Object Repository/HomePage/Logo_hp' is clicked on

2023-08-22 10:00:42 - [TEST_STEP][PASSED] - callTestCase(findTestCase("CommonMethods/SearchForAProduct_search"), ["searchTerm":"mac"], STOP_ON_FAILURE): Call Test Case 'Test Cases/CommonMethods/SearchForAProduct_search' successfully

2023-08-22 10:00:42 - [TEST_CASE][PASSED] - Test Cases/CommonMethods/SearchForAProduct_search: Test Cases/CommonMethods/SearchForAProduct_search

2023-08-22 10:00:42 - [TEST_STEP][PASSED] - click(findTestObject("HomePage/Buscar1"), STOP_ON_FAILURE): Object: 'Object Repository/HomePage/Buscar1' is clicked on

2023-08-22 10:00:42 - [MESSAGE][PASSED] - Object: 'Object Repository/HomePage/Buscar1' is clicked on

2023-08-22 10:00:42 - [TEST_STEP][PASSED] - delay(3): Delayed 3 second(s)

2023-08-22 10:00:45 - [MESSAGE][PASSED] - Delayed 3 second(s)

2023-08-22 10:00:45 - [TEST_STEP][PASSED] - setText(findTestObject("HomePage/Buscar1"), searchTerm): Text 'mac' is set on object 'Object Repository/HomePage/Buscar1'

2023-08-22 10:01:00 - [MESSAGE][PASSED] - Text 'mac' is set on object 'Object Repository/HomePage/Buscar1'

2023-08-22 10:01:00 - [TEST_STEP][PASSED] - delay(3): Delayed 3 second(s)

2023-08-22 10:01:03 - [MESSAGE][PASSED] - Delayed 3 second(s)

2023-08-22 10:01:03 - [TEST_STEP][PASSED] - sendKeys(findTestObject("HomePage/Seach_TextBox_hp"), Keys.chord(ENTER)): Keys 'ENTER + ' sent to object: 'Object Repository/HomePage/Seach_TextBox_hp'

2023-08-22 10:01:06 - [MESSAGE][PASSED] - Keys 'ENTER + ' sent to object: 'Object Repository/HomePage/Seach_TextBox_hp'

2023-08-22 10:01:06 - [MESSAGE][PASSED] - Call Test Case 'Test Cases/CommonMethods/SearchForAProduct_search' successfully

2023-08-22 10:01:06 - [TEST_STEP][PASSED] - delay(5): Delayed 5 second(s)

2023-08-22 10:01:11 - [MESSAGE][PASSED] - Delayed 5 second(s)

2023-08-22 10:01:11 - [TEST_STEP][PASSED] - scrollToElement(findTestObject("PLPPage/pagenation_1_PLP"), 0): Scroll to object 'Object Repository/PLPPage/pagenation_1_PLP' successfully

2023-08-22 10:01:11 - [MESSAGE][WARNING] - Timeout '0' is invalid. Using default page load timeout: '30'

2023-08-22 10:01:11 - [MESSAGE][PASSED] - Scroll to object 'Object Repository/PLPPage/pagenation_1_PLP' successfully

2023-08-22 10:01:11 - [TEST_STEP][PASSED] - scrollToPosition(450, 0): Browser is scrolled to position x = 450, y = 0

2023-08-22 10:01:12 - [MESSAGE][PASSED] - Browser is scrolled to position x = 450, y = 0

2023-08-22 10:01:12 - [TEST_STEP][PASSED] - click(findTestObject("PLPPage/pagenation_2_PLP"), STOP_ON_FAILURE): Object: 'Object Repository/PLPPage/pagenation_2_PLP' is clicked on

2023-08-22 10:01:13 - [MESSAGE][PASSED] - Object: 'Object Repository/PLPPage/pagenation_2_PLP' is clicked on

2023-08-22 10:01:13 - [TEST_STEP][PASSED] - delay(10): Delayed 10 second(s)

2023-08-22 10:01:23 - [MESSAGE][PASSED] - Delayed 10 second(s)

2023-08-22 10:01:23 - [TEST_STEP][PASSED] - a1 = getUrl(): Current window's url is: 'https://odtaqaa.liverpool.com.mx/tienda/page-2?s=mac'

2023-08-22 10:01:23 - [MESSAGE][PASSED] - Current window's url is: 'https://odtaqaa.liverpool.com.mx/tienda/page-2?s=mac'

2023-08-22 10:01:23 - [TEST_STEP][PASSED] - out.println(a1): null

2023-08-22 10:01:23 - [TEST_STEP][PASSED] - a = a1.contains("page-2"): null

2023-08-22 10:01:23 - [TEST_STEP][PASSED] - out.println(a): null

2023-08-22 10:01:23 - [TEST_STEP][PASSED] - delay(10): Delayed 10 second(s)

2023-08-22 10:01:33 - [MESSAGE][PASSED] - Delayed 10 second(s)

2023-08-22 10:01:33 - [TEST_STEP][PASSED] - out.println(a): null

2023-08-22 10:01:33 - [TEST_STEP][PASSED] - delay(5): Delayed 5 second(s)

2023-08-22 10:01:38 - [MESSAGE][PASSED] - Delayed 5 second(s)

2023-08-22 10:01:38 - [TEST_STEP][PASSED] - scrollToElement(findTestObject("PLPPage/pagenation_1_PLP"), 0): Scroll to object 'Object Repository/PLPPage/pagenation_1_PLP' successfully

2023-08-22 10:01:38 - [MESSAGE][WARNING] - Timeout '0' is invalid. Using default page load timeout: '30'

2023-08-22 10:01:38 - [MESSAGE][PASSED] - Scroll to object 'Object Repository/PLPPage/pagenation_1_PLP' successfully

2023-08-22 10:01:38 - [TEST_STEP][PASSED] - delay(10): Delayed 10 second(s)

2023-08-22 10:01:48 - [MESSAGE][PASSED] - Delayed 10 second(s)

2023-08-22 10:01:48 - [TEST_STEP][PASSED] - click(findTestObject("PLPPage/pagenation_1_PLP"), STOP_ON_FAILURE): Object: 'Object Repository/PLPPage/pagenation_1_PLP' is clicked on

2023-08-22 10:01:49 - [MESSAGE][PASSED] - Object: 'Object Repository/PLPPage/pagenation_1_PLP' is clicked on

2023-08-22 10:01:49 - [TEST_STEP][PASSED] - delay(10): Delayed 10 second(s)

2023-08-22 10:01:59 - [MESSAGE][PASSED] - Delayed 10 second(s)

2023-08-22 10:01:59 - [TEST_STEP][PASSED] - if (a == true): null

2023-08-22 10:01:59 - [TEST_STEP][PASSED] - out.println("pagenation clicked page 2"): null

2023-08-22 10:01:59 - [TEST_STEP][PASSED] - b1 = getUrl(): Current window's url is: 'https://odtaqaa.liverpool.com.mx/tienda/page-1?s=mac'

2023-08-22 10:01:59 - [MESSAGE][PASSED] - Current window's url is: 'https://odtaqaa.liverpool.com.mx/tienda/page-1?s=mac'

2023-08-22 10:01:59 - [TEST_STEP][PASSED] - b = b1.contains("page-1"): null

2023-08-22 10:01:59 - [TEST_STEP][PASSED] - out.println(b1): null

2023-08-22 10:01:59 - [TEST_STEP][PASSED] - if (b == true): null

2023-08-22 10:01:59 - [TEST_STEP][PASSED] - out.println("pagenation clicked page 1"): null

2023-08-22 10:01:59 - [TEST_STEP][PASSED] - closeBrowser(): Browser is closed

2023-08-22 10:02:00 - [MESSAGE][PASSED] - Browser is closed]]></system-out>
         <system-err><![CDATA[]]></system-err>
      </testcase>
      <testcase name="Test Cases/Search/TS_SMOKE_SUITE_062" time="101.066" classname="Test Cases/Search/TS_SMOKE_SUITE_062" status="PASSED">
         <system-out><![CDATA[2023-08-22 10:02:00 - [TEST_CASE][PASSED] - Test Cases/Search/TS_SMOKE_SUITE_062: Test Cases/Search/TS_SMOKE_SUITE_062

2023-08-22 10:02:00 - [TEST_STEP][PASSED] - openBrowser(""): Browser is opened with url: ''

2023-08-22 10:02:00 - [MESSAGE][INFO] - Starting 'Chrome' driver

2023-08-22 10:02:00 - [MESSAGE][INFO] - Action delay is set to 0 milliseconds

2023-08-22 10:02:01 - [MESSAGE][PASSED] - Browser is opened with url: ''

2023-08-22 10:02:01 - [TEST_STEP][PASSED] - navigateToUrl(URL): Navigate to 'https://odtaqaa.liverpool.com.mx/tienda/home' successfully

2023-08-22 10:02:55 - [MESSAGE][PASSED] - Navigate to 'https://odtaqaa.liverpool.com.mx/tienda/home' successfully

2023-08-22 10:02:55 - [TEST_STEP][PASSED] - maximizeWindow(): Current window maximized

2023-08-22 10:02:55 - [MESSAGE][PASSED] - Current window maximized

2023-08-22 10:02:55 - [TEST_STEP][PASSED] - callTestCase(findTestCase("CommonMethods/SearchForAProduct_search"), ["searchTerm":"mac"], STOP_ON_FAILURE): Call Test Case 'Test Cases/CommonMethods/SearchForAProduct_search' successfully

2023-08-22 10:02:55 - [TEST_CASE][PASSED] - Test Cases/CommonMethods/SearchForAProduct_search: Test Cases/CommonMethods/SearchForAProduct_search

2023-08-22 10:02:55 - [TEST_STEP][PASSED] - click(findTestObject("HomePage/Buscar1"), STOP_ON_FAILURE): Object: 'Object Repository/HomePage/Buscar1' is clicked on

2023-08-22 10:02:56 - [MESSAGE][PASSED] - Object: 'Object Repository/HomePage/Buscar1' is clicked on

2023-08-22 10:02:56 - [TEST_STEP][PASSED] - delay(3): Delayed 3 second(s)

2023-08-22 10:02:59 - [MESSAGE][PASSED] - Delayed 3 second(s)

2023-08-22 10:02:59 - [TEST_STEP][PASSED] - setText(findTestObject("HomePage/Buscar1"), searchTerm): Text 'mac' is set on object 'Object Repository/HomePage/Buscar1'

2023-08-22 10:03:00 - [MESSAGE][PASSED] - Text 'mac' is set on object 'Object Repository/HomePage/Buscar1'

2023-08-22 10:03:00 - [TEST_STEP][PASSED] - delay(3): Delayed 3 second(s)

2023-08-22 10:03:03 - [MESSAGE][PASSED] - Delayed 3 second(s)

2023-08-22 10:03:03 - [TEST_STEP][PASSED] - sendKeys(findTestObject("HomePage/Seach_TextBox_hp"), Keys.chord(ENTER)): Keys 'ENTER + ' sent to object: 'Object Repository/HomePage/Seach_TextBox_hp'

2023-08-22 10:03:10 - [MESSAGE][PASSED] - Keys 'ENTER + ' sent to object: 'Object Repository/HomePage/Seach_TextBox_hp'

2023-08-22 10:03:10 - [MESSAGE][PASSED] - Call Test Case 'Test Cases/CommonMethods/SearchForAProduct_search' successfully

2023-08-22 10:03:10 - [TEST_STEP][PASSED] - click(findTestObject("HomePage/Logo_hp")): Object: 'Object Repository/HomePage/Logo_hp' is clicked on

2023-08-22 10:03:11 - [MESSAGE][PASSED] - Object: 'Object Repository/HomePage/Logo_hp' is clicked on

2023-08-22 10:03:11 - [TEST_STEP][PASSED] - callTestCase(findTestCase("CommonMethods/SearchForAProduct_search"), ["searchTerm":"mac"], STOP_ON_FAILURE): Call Test Case 'Test Cases/CommonMethods/SearchForAProduct_search' successfully

2023-08-22 10:03:11 - [TEST_CASE][PASSED] - Test Cases/CommonMethods/SearchForAProduct_search: Test Cases/CommonMethods/SearchForAProduct_search

2023-08-22 10:03:11 - [TEST_STEP][PASSED] - click(findTestObject("HomePage/Buscar1"), STOP_ON_FAILURE): Object: 'Object Repository/HomePage/Buscar1' is clicked on

2023-08-22 10:03:11 - [MESSAGE][PASSED] - Object: 'Object Repository/HomePage/Buscar1' is clicked on

2023-08-22 10:03:11 - [TEST_STEP][PASSED] - delay(3): Delayed 3 second(s)

2023-08-22 10:03:14 - [MESSAGE][PASSED] - Delayed 3 second(s)

2023-08-22 10:03:14 - [TEST_STEP][PASSED] - setText(findTestObject("HomePage/Buscar1"), searchTerm): Text 'mac' is set on object 'Object Repository/HomePage/Buscar1'

2023-08-22 10:03:29 - [MESSAGE][PASSED] - Text 'mac' is set on object 'Object Repository/HomePage/Buscar1'

2023-08-22 10:03:29 - [TEST_STEP][PASSED] - delay(3): Delayed 3 second(s)

2023-08-22 10:03:32 - [MESSAGE][PASSED] - Delayed 3 second(s)

2023-08-22 10:03:32 - [TEST_STEP][PASSED] - sendKeys(findTestObject("HomePage/Seach_TextBox_hp"), Keys.chord(ENTER)): Keys 'ENTER + ' sent to object: 'Object Repository/HomePage/Seach_TextBox_hp'

2023-08-22 10:03:32 - [MESSAGE][PASSED] - Keys 'ENTER + ' sent to object: 'Object Repository/HomePage/Seach_TextBox_hp'

2023-08-22 10:03:32 - [MESSAGE][PASSED] - Call Test Case 'Test Cases/CommonMethods/SearchForAProduct_search' successfully

2023-08-22 10:03:32 - [TEST_STEP][PASSED] - verifyElementPresent(findTestObject("PLPPage/product1_cardPrice_PLP"), 0): Object 'Object Repository/PLPPage/product1_cardPrice_PLP' is present

2023-08-22 10:03:32 - [MESSAGE][WARNING] - Timeout '0' is invalid. Using default page load timeout: '30'

2023-08-22 10:03:39 - [MESSAGE][PASSED] - Object 'Object Repository/PLPPage/product1_cardPrice_PLP' is present

2023-08-22 10:03:39 - [TEST_STEP][PASSED] - verifyElementPresent(findTestObject("PLPPage/product1_discountPrice_PLP"), 0): Object 'Object Repository/PLPPage/product1_discountPrice_PLP' is present

2023-08-22 10:03:39 - [MESSAGE][WARNING] - Timeout '0' is invalid. Using default page load timeout: '30'

2023-08-22 10:03:40 - [MESSAGE][PASSED] - Object 'Object Repository/PLPPage/product1_discountPrice_PLP' is present

2023-08-22 10:03:40 - [TEST_STEP][PASSED] - closeBrowser(): Browser is closed

2023-08-22 10:03:41 - [MESSAGE][PASSED] - Browser is closed]]></system-out>
         <system-err><![CDATA[]]></system-err>
      </testcase>
      <testcase name="Test Cases/Search/TS_SMOKE_SUITE_063" time="117.371" classname="Test Cases/Search/TS_SMOKE_SUITE_063" status="PASSED">
         <system-out><![CDATA[2023-08-22 10:03:41 - [TEST_CASE][PASSED] - Test Cases/Search/TS_SMOKE_SUITE_063: Test Cases/Search/TS_SMOKE_SUITE_063

2023-08-22 10:03:41 - [TEST_STEP][PASSED] - openBrowser(""): Browser is opened with url: ''

2023-08-22 10:03:41 - [MESSAGE][INFO] - Starting 'Chrome' driver

2023-08-22 10:03:41 - [MESSAGE][INFO] - Action delay is set to 0 milliseconds

2023-08-22 10:03:42 - [MESSAGE][PASSED] - Browser is opened with url: ''

2023-08-22 10:03:42 - [TEST_STEP][PASSED] - navigateToUrl(URL): Navigate to 'https://odtaqaa.liverpool.com.mx/tienda/home' successfully

2023-08-22 10:04:31 - [MESSAGE][PASSED] - Navigate to 'https://odtaqaa.liverpool.com.mx/tienda/home' successfully

2023-08-22 10:04:31 - [TEST_STEP][PASSED] - maximizeWindow(): Current window maximized

2023-08-22 10:04:32 - [MESSAGE][PASSED] - Current window maximized

2023-08-22 10:04:32 - [TEST_STEP][PASSED] - callTestCase(findTestCase("CommonMethods/SearchForAProduct_search"), ["searchTerm":"mac"], STOP_ON_FAILURE): Call Test Case 'Test Cases/CommonMethods/SearchForAProduct_search' successfully

2023-08-22 10:04:32 - [TEST_CASE][PASSED] - Test Cases/CommonMethods/SearchForAProduct_search: Test Cases/CommonMethods/SearchForAProduct_search

2023-08-22 10:04:32 - [TEST_STEP][PASSED] - click(findTestObject("HomePage/Buscar1"), STOP_ON_FAILURE): Object: 'Object Repository/HomePage/Buscar1' is clicked on

2023-08-22 10:04:33 - [MESSAGE][PASSED] - Object: 'Object Repository/HomePage/Buscar1' is clicked on

2023-08-22 10:04:33 - [TEST_STEP][PASSED] - delay(3): Delayed 3 second(s)

2023-08-22 10:04:36 - [MESSAGE][PASSED] - Delayed 3 second(s)

2023-08-22 10:04:36 - [TEST_STEP][PASSED] - setText(findTestObject("HomePage/Buscar1"), searchTerm): Text 'mac' is set on object 'Object Repository/HomePage/Buscar1'

2023-08-22 10:04:36 - [MESSAGE][PASSED] - Text 'mac' is set on object 'Object Repository/HomePage/Buscar1'

2023-08-22 10:04:36 - [TEST_STEP][PASSED] - delay(3): Delayed 3 second(s)

2023-08-22 10:04:39 - [MESSAGE][PASSED] - Delayed 3 second(s)

2023-08-22 10:04:39 - [TEST_STEP][PASSED] - sendKeys(findTestObject("HomePage/Seach_TextBox_hp"), Keys.chord(ENTER)): Keys 'ENTER + ' sent to object: 'Object Repository/HomePage/Seach_TextBox_hp'

2023-08-22 10:04:41 - [MESSAGE][PASSED] - Keys 'ENTER + ' sent to object: 'Object Repository/HomePage/Seach_TextBox_hp'

2023-08-22 10:04:41 - [MESSAGE][PASSED] - Call Test Case 'Test Cases/CommonMethods/SearchForAProduct_search' successfully

2023-08-22 10:04:41 - [TEST_STEP][PASSED] - click(findTestObject("HomePage/Logo_hp")): Object: 'Object Repository/HomePage/Logo_hp' is clicked on

2023-08-22 10:04:42 - [MESSAGE][PASSED] - Object: 'Object Repository/HomePage/Logo_hp' is clicked on

2023-08-22 10:04:42 - [TEST_STEP][PASSED] - callTestCase(findTestCase("CommonMethods/SearchForAProduct_search"), ["searchTerm":"mac"], STOP_ON_FAILURE): Call Test Case 'Test Cases/CommonMethods/SearchForAProduct_search' successfully

2023-08-22 10:04:42 - [TEST_CASE][PASSED] - Test Cases/CommonMethods/SearchForAProduct_search: Test Cases/CommonMethods/SearchForAProduct_search

2023-08-22 10:04:42 - [TEST_STEP][PASSED] - click(findTestObject("HomePage/Buscar1"), STOP_ON_FAILURE): Object: 'Object Repository/HomePage/Buscar1' is clicked on

2023-08-22 10:04:42 - [MESSAGE][PASSED] - Object: 'Object Repository/HomePage/Buscar1' is clicked on

2023-08-22 10:04:42 - [TEST_STEP][PASSED] - delay(3): Delayed 3 second(s)

2023-08-22 10:04:45 - [MESSAGE][PASSED] - Delayed 3 second(s)

2023-08-22 10:04:45 - [TEST_STEP][PASSED] - setText(findTestObject("HomePage/Buscar1"), searchTerm): Text 'mac' is set on object 'Object Repository/HomePage/Buscar1'

2023-08-22 10:05:26 - [MESSAGE][PASSED] - Text 'mac' is set on object 'Object Repository/HomePage/Buscar1'

2023-08-22 10:05:26 - [TEST_STEP][PASSED] - delay(3): Delayed 3 second(s)

2023-08-22 10:05:29 - [MESSAGE][PASSED] - Delayed 3 second(s)

2023-08-22 10:05:29 - [TEST_STEP][PASSED] - sendKeys(findTestObject("HomePage/Seach_TextBox_hp"), Keys.chord(ENTER)): Keys 'ENTER + ' sent to object: 'Object Repository/HomePage/Seach_TextBox_hp'

2023-08-22 10:05:30 - [MESSAGE][PASSED] - Keys 'ENTER + ' sent to object: 'Object Repository/HomePage/Seach_TextBox_hp'

2023-08-22 10:05:30 - [MESSAGE][PASSED] - Call Test Case 'Test Cases/CommonMethods/SearchForAProduct_search' successfully

2023-08-22 10:05:30 - [TEST_STEP][PASSED] - scrollToElement(findTestObject("PLPPage/facetes/ColorTitleFacet_PLP"), 0): Scroll to object 'Object Repository/PLPPage/facetes/ColorTitleFacet_PLP' successfully

2023-08-22 10:05:30 - [MESSAGE][WARNING] - Timeout '0' is invalid. Using default page load timeout: '30'

2023-08-22 10:05:35 - [MESSAGE][PASSED] - Scroll to object 'Object Repository/PLPPage/facetes/ColorTitleFacet_PLP' successfully

2023-08-22 10:05:35 - [TEST_STEP][PASSED] - verifyElementPresent(findTestObject("PLPPage/facetes/Color_1_facet_PLP"), 0): Object 'Object Repository/PLPPage/facetes/Color_1_facet_PLP' is present

2023-08-22 10:05:36 - [MESSAGE][WARNING] - Timeout '0' is invalid. Using default page load timeout: '30'

2023-08-22 10:05:37 - [MESSAGE][PASSED] - Object 'Object Repository/PLPPage/facetes/Color_1_facet_PLP' is present

2023-08-22 10:05:37 - [TEST_STEP][PASSED] - closeBrowser(): Browser is closed

2023-08-22 10:05:38 - [MESSAGE][PASSED] - Browser is closed]]></system-out>
         <system-err><![CDATA[]]></system-err>
      </testcase>
      <testcase name="Test Cases/Search/TS_SMOKE_SUITE_069" time="74.391" classname="Test Cases/Search/TS_SMOKE_SUITE_069" status="PASSED">
         <system-out><![CDATA[2023-08-22 10:05:38 - [TEST_CASE][PASSED] - Test Cases/Search/TS_SMOKE_SUITE_069: Test Cases/Search/TS_SMOKE_SUITE_069

2023-08-22 10:05:38 - [TEST_STEP][PASSED] - openBrowser(""): Browser is opened with url: ''

2023-08-22 10:05:38 - [MESSAGE][INFO] - Starting 'Chrome' driver

2023-08-22 10:05:38 - [MESSAGE][INFO] - Action delay is set to 0 milliseconds

2023-08-22 10:05:40 - [MESSAGE][PASSED] - Browser is opened with url: ''

2023-08-22 10:05:40 - [TEST_STEP][PASSED] - navigateToUrl(URL): Navigate to 'https://odtaqaa.liverpool.com.mx/tienda/home' successfully

2023-08-22 10:06:24 - [MESSAGE][PASSED] - Navigate to 'https://odtaqaa.liverpool.com.mx/tienda/home' successfully

2023-08-22 10:06:24 - [TEST_STEP][PASSED] - maximizeWindow(): Current window maximized

2023-08-22 10:06:25 - [MESSAGE][PASSED] - Current window maximized

2023-08-22 10:06:25 - [TEST_STEP][PASSED] - setText(findTestObject("HomePage/MainSearchbar_HP"), "vaso"): Text 'vaso' is set on object 'Object Repository/HomePage/MainSearchbar_HP'

2023-08-22 10:06:26 - [MESSAGE][PASSED] - Text 'vaso' is set on object 'Object Repository/HomePage/MainSearchbar_HP'

2023-08-22 10:06:26 - [TEST_STEP][PASSED] - click(findTestObject("HomePage/searchbar_searchbutton_HP")): Object: 'Object Repository/HomePage/searchbar_searchbutton_HP' is clicked on

2023-08-22 10:06:26 - [MESSAGE][PASSED] - Object: 'Object Repository/HomePage/searchbar_searchbutton_HP' is clicked on

2023-08-22 10:06:26 - [TEST_STEP][PASSED] - click(findTestObject("PLPPage/Sortby_PLP")): Object: 'Object Repository/PLPPage/Sortby_PLP' is clicked on

2023-08-22 10:06:38 - [MESSAGE][PASSED] - Object: 'Object Repository/PLPPage/Sortby_PLP' is clicked on

2023-08-22 10:06:38 - [TEST_STEP][PASSED] - click(findTestObject("PLPPage/LowPricetoHighSortBy_PLP")): Object: 'Object Repository/PLPPage/LowPricetoHighSortBy_PLP' is clicked on

2023-08-22 10:06:39 - [MESSAGE][PASSED] - Object: 'Object Repository/PLPPage/LowPricetoHighSortBy_PLP' is clicked on

2023-08-22 10:06:39 - [TEST_STEP][PASSED] - productcardprice1 = getText(findTestObject("PLPPage/product1_cardPrice_PLP")): Text of object 'Object Repository/PLPPage/product1_cardPrice_PLP' is: '$1900'

2023-08-22 10:06:42 - [MESSAGE][PASSED] - Text of object 'Object Repository/PLPPage/product1_cardPrice_PLP' is: '$1900'

2023-08-22 10:06:42 - [TEST_STEP][PASSED] - productcardprice2 = getText(findTestObject("PLPPage/product2_cardPrice_PLP")): Text of object 'Object Repository/PLPPage/product2_cardPrice_PLP' is: '$2900'

2023-08-22 10:06:42 - [MESSAGE][PASSED] - Text of object 'Object Repository/PLPPage/product2_cardPrice_PLP' is: '$2900'

2023-08-22 10:06:42 - [TEST_STEP][PASSED] - productcardprice3 = getText(findTestObject("PLPPage/product3_cardPrice_PLP")): Text of object 'Object Repository/PLPPage/product3_cardPrice_PLP' is: '$3500'

2023-08-22 10:06:43 - [MESSAGE][PASSED] - Text of object 'Object Repository/PLPPage/product3_cardPrice_PLP' is: '$3500'

2023-08-22 10:06:43 - [TEST_STEP][PASSED] - if (productcardprice1 <= productcardprice2 && productcardprice2 <= productcardprice3): null

2023-08-22 10:06:43 - [TEST_STEP][PASSED] - println("in sorted order arccording to first three product"): null

2023-08-22 10:06:43 - [TEST_STEP][PASSED] - click(findTestObject("PLPPage/Sortby_PLP")): Object: 'Object Repository/PLPPage/Sortby_PLP' is clicked on

2023-08-22 10:06:43 - [MESSAGE][PASSED] - Object: 'Object Repository/PLPPage/Sortby_PLP' is clicked on

2023-08-22 10:06:43 - [TEST_STEP][PASSED] - click(findTestObject("PLPPage/HighToLowPriceSortby_PLP")): Object: 'Object Repository/PLPPage/HighToLowPriceSortby_PLP' is clicked on

2023-08-22 10:06:44 - [MESSAGE][PASSED] - Object: 'Object Repository/PLPPage/HighToLowPriceSortby_PLP' is clicked on

2023-08-22 10:06:44 - [TEST_STEP][PASSED] - productcardprice1 = getText(findTestObject("PLPPage/product1_cardPrice_PLP")): Text of object 'Object Repository/PLPPage/product1_cardPrice_PLP' is: '$9,36000'

2023-08-22 10:06:51 - [MESSAGE][PASSED] - Text of object 'Object Repository/PLPPage/product1_cardPrice_PLP' is: '$9,36000'

2023-08-22 10:06:51 - [TEST_STEP][PASSED] - productcardprice2 = getText(findTestObject("PLPPage/product2_cardPrice_PLP")): Text of object 'Object Repository/PLPPage/product2_cardPrice_PLP' is: '$9,36000'

2023-08-22 10:06:51 - [MESSAGE][PASSED] - Text of object 'Object Repository/PLPPage/product2_cardPrice_PLP' is: '$9,36000'

2023-08-22 10:06:51 - [TEST_STEP][PASSED] - productcardprice3 = getText(findTestObject("PLPPage/product3_cardPrice_PLP")): Text of object 'Object Repository/PLPPage/product3_cardPrice_PLP' is: '$7,80000'

2023-08-22 10:06:52 - [MESSAGE][PASSED] - Text of object 'Object Repository/PLPPage/product3_cardPrice_PLP' is: '$7,80000'

2023-08-22 10:06:52 - [TEST_STEP][PASSED] - if (productcardprice1 >= productcardprice2 && productcardprice2 >= productcardprice3): null

2023-08-22 10:06:52 - [TEST_STEP][PASSED] - println("in sorted order arccording to first three product"): null

2023-08-22 10:06:52 - [TEST_STEP][PASSED] - closeBrowser(): Browser is closed

2023-08-22 10:06:52 - [MESSAGE][PASSED] - Browser is closed]]></system-out>
         <system-err><![CDATA[]]></system-err>
      </testcase>
      <testcase name="Test Cases/Search/TS_SMOKE_SUITE_070" time="128.979" classname="Test Cases/Search/TS_SMOKE_SUITE_070" status="FAILED">
         <failure type="FAILED" message="Test Cases/Search/TS_SMOKE_SUITE_070 FAILED.
Reason:
com.kms.katalon.core.exception.StepFailedException: failed pagenation forward arrow not clicked
	at com.kms.katalon.core.util.KeywordUtil.markFailed(KeywordUtil.java:19)
	at com.kms.katalon.core.util.KeywordUtil$markFailed$0.call(Unknown Source)
	at TS_SMOKE_SUITE_070.run(TS_SMOKE_SUITE_070:56)
	at com.kms.katalon.core.main.ScriptEngine.run(ScriptEngine.java:194)
	at com.kms.katalon.core.main.ScriptEngine.runScriptAsRawText(ScriptEngine.java:119)
	at com.kms.katalon.core.main.TestCaseExecutor.runScript(TestCaseExecutor.java:448)
	at com.kms.katalon.core.main.TestCaseExecutor.doExecute(TestCaseExecutor.java:439)
	at com.kms.katalon.core.main.TestCaseExecutor.processExecutionPhase(TestCaseExecutor.java:418)
	at com.kms.katalon.core.main.TestCaseExecutor.accessMainPhase(TestCaseExecutor.java:410)
	at com.kms.katalon.core.main.TestCaseExecutor.execute(TestCaseExecutor.java:285)
	at com.kms.katalon.core.common.CommonExecutor.accessTestCaseMainPhase(CommonExecutor.java:65)
	at com.kms.katalon.core.main.TestSuiteExecutor.accessTestSuiteMainPhase(TestSuiteExecutor.java:148)
	at com.kms.katalon.core.main.TestSuiteExecutor.execute(TestSuiteExecutor.java:106)
	at com.kms.katalon.core.main.TestCaseMain.startTestSuite(TestCaseMain.java:187)
	at com.kms.katalon.core.main.TestCaseMain$startTestSuite$0.call(Unknown Source)
	at TempTestSuite1692673207080.run(TempTestSuite1692673207080.groovy:36)
"/>
         <system-out><![CDATA[2023-08-22 10:06:52 - [TEST_CASE][FAILED] - Test Cases/Search/TS_SMOKE_SUITE_070: Test Cases/Search/TS_SMOKE_SUITE_070 FAILED.
Reason:
com.kms.katalon.core.exception.StepFailedException: failed pagenation forward arrow not clicked
	at com.kms.katalon.core.util.KeywordUtil.markFailed(KeywordUtil.java:19)
	at com.kms.katalon.core.util.KeywordUtil$markFailed$0.call(Unknown Source)
	at TS_SMOKE_SUITE_070.run(TS_SMOKE_SUITE_070:56)
	at com.kms.katalon.core.main.ScriptEngine.run(ScriptEngine.java:194)
	at com.kms.katalon.core.main.ScriptEngine.runScriptAsRawText(ScriptEngine.java:119)
	at com.kms.katalon.core.main.TestCaseExecutor.runScript(TestCaseExecutor.java:448)
	at com.kms.katalon.core.main.TestCaseExecutor.doExecute(TestCaseExecutor.java:439)
	at com.kms.katalon.core.main.TestCaseExecutor.processExecutionPhase(TestCaseExecutor.java:418)
	at com.kms.katalon.core.main.TestCaseExecutor.accessMainPhase(TestCaseExecutor.java:410)
	at com.kms.katalon.core.main.TestCaseExecutor.execute(TestCaseExecutor.java:285)
	at com.kms.katalon.core.common.CommonExecutor.accessTestCaseMainPhase(CommonExecutor.java:65)
	at com.kms.katalon.core.main.TestSuiteExecutor.accessTestSuiteMainPhase(TestSuiteExecutor.java:148)
	at com.kms.katalon.core.main.TestSuiteExecutor.execute(TestSuiteExecutor.java:106)
	at com.kms.katalon.core.main.TestCaseMain.startTestSuite(TestCaseMain.java:187)
	at com.kms.katalon.core.main.TestCaseMain$startTestSuite$0.call(Unknown Source)
	at TempTestSuite1692673207080.run(TempTestSuite1692673207080.groovy:36)


2023-08-22 10:06:53 - [TEST_STEP][PASSED] - openBrowser(""): Browser is opened with url: ''

2023-08-22 10:06:53 - [MESSAGE][INFO] - Starting 'Chrome' driver

2023-08-22 10:06:53 - [MESSAGE][INFO] - Action delay is set to 0 milliseconds

2023-08-22 10:06:54 - [MESSAGE][PASSED] - Browser is opened with url: ''

2023-08-22 10:06:54 - [TEST_STEP][PASSED] - navigateToUrl(URL): Navigate to 'https://odtaqaa.liverpool.com.mx/tienda/home' successfully

2023-08-22 10:07:36 - [MESSAGE][PASSED] - Navigate to 'https://odtaqaa.liverpool.com.mx/tienda/home' successfully

2023-08-22 10:07:36 - [TEST_STEP][PASSED] - maximizeWindow(): Current window maximized

2023-08-22 10:07:36 - [MESSAGE][PASSED] - Current window maximized

2023-08-22 10:07:36 - [TEST_STEP][PASSED] - callTestCase(findTestCase("CommonMethods/SearchForAProduct_search"), ["searchTerm":"mac"], STOP_ON_FAILURE): Call Test Case 'Test Cases/CommonMethods/SearchForAProduct_search' successfully

2023-08-22 10:07:36 - [TEST_CASE][PASSED] - Test Cases/CommonMethods/SearchForAProduct_search: Test Cases/CommonMethods/SearchForAProduct_search

2023-08-22 10:07:36 - [TEST_STEP][PASSED] - click(findTestObject("HomePage/Buscar1"), STOP_ON_FAILURE): Object: 'Object Repository/HomePage/Buscar1' is clicked on

2023-08-22 10:07:37 - [MESSAGE][PASSED] - Object: 'Object Repository/HomePage/Buscar1' is clicked on

2023-08-22 10:07:37 - [TEST_STEP][PASSED] - delay(3): Delayed 3 second(s)

2023-08-22 10:07:40 - [MESSAGE][PASSED] - Delayed 3 second(s)

2023-08-22 10:07:40 - [TEST_STEP][PASSED] - setText(findTestObject("HomePage/Buscar1"), searchTerm): Text 'mac' is set on object 'Object Repository/HomePage/Buscar1'

2023-08-22 10:07:40 - [MESSAGE][PASSED] - Text 'mac' is set on object 'Object Repository/HomePage/Buscar1'

2023-08-22 10:07:40 - [TEST_STEP][PASSED] - delay(3): Delayed 3 second(s)

2023-08-22 10:07:43 - [MESSAGE][PASSED] - Delayed 3 second(s)

2023-08-22 10:07:43 - [TEST_STEP][PASSED] - sendKeys(findTestObject("HomePage/Seach_TextBox_hp"), Keys.chord(ENTER)): Keys 'ENTER + ' sent to object: 'Object Repository/HomePage/Seach_TextBox_hp'

2023-08-22 10:07:44 - [MESSAGE][PASSED] - Keys 'ENTER + ' sent to object: 'Object Repository/HomePage/Seach_TextBox_hp'

2023-08-22 10:07:44 - [MESSAGE][PASSED] - Call Test Case 'Test Cases/CommonMethods/SearchForAProduct_search' successfully

2023-08-22 10:07:44 - [TEST_STEP][PASSED] - click(findTestObject("HomePage/Logo_hp")): Object: 'Object Repository/HomePage/Logo_hp' is clicked on

2023-08-22 10:07:45 - [MESSAGE][PASSED] - Object: 'Object Repository/HomePage/Logo_hp' is clicked on

2023-08-22 10:07:45 - [TEST_STEP][PASSED] - callTestCase(findTestCase("CommonMethods/SearchForAProduct_search"), ["searchTerm":"mac"], STOP_ON_FAILURE): Call Test Case 'Test Cases/CommonMethods/SearchForAProduct_search' successfully

2023-08-22 10:07:45 - [TEST_CASE][PASSED] - Test Cases/CommonMethods/SearchForAProduct_search: Test Cases/CommonMethods/SearchForAProduct_search

2023-08-22 10:07:45 - [TEST_STEP][PASSED] - click(findTestObject("HomePage/Buscar1"), STOP_ON_FAILURE): Object: 'Object Repository/HomePage/Buscar1' is clicked on

2023-08-22 10:07:46 - [MESSAGE][PASSED] - Object: 'Object Repository/HomePage/Buscar1' is clicked on

2023-08-22 10:07:46 - [TEST_STEP][PASSED] - delay(3): Delayed 3 second(s)

2023-08-22 10:07:49 - [MESSAGE][PASSED] - Delayed 3 second(s)

2023-08-22 10:07:49 - [TEST_STEP][PASSED] - setText(findTestObject("HomePage/Buscar1"), searchTerm): Text 'mac' is set on object 'Object Repository/HomePage/Buscar1'

2023-08-22 10:08:06 - [MESSAGE][PASSED] - Text 'mac' is set on object 'Object Repository/HomePage/Buscar1'

2023-08-22 10:08:06 - [TEST_STEP][PASSED] - delay(3): Delayed 3 second(s)

2023-08-22 10:08:09 - [MESSAGE][PASSED] - Delayed 3 second(s)

2023-08-22 10:08:09 - [TEST_STEP][PASSED] - sendKeys(findTestObject("HomePage/Seach_TextBox_hp"), Keys.chord(ENTER)): Keys 'ENTER + ' sent to object: 'Object Repository/HomePage/Seach_TextBox_hp'

2023-08-22 10:08:11 - [MESSAGE][PASSED] - Keys 'ENTER + ' sent to object: 'Object Repository/HomePage/Seach_TextBox_hp'

2023-08-22 10:08:11 - [MESSAGE][PASSED] - Call Test Case 'Test Cases/CommonMethods/SearchForAProduct_search' successfully

2023-08-22 10:08:11 - [TEST_STEP][PASSED] - delay(5): Delayed 5 second(s)

2023-08-22 10:08:16 - [MESSAGE][PASSED] - Delayed 5 second(s)

2023-08-22 10:08:16 - [TEST_STEP][PASSED] - scrollToElement(findTestObject("PLPPage/ForwardArrow_Pagenation_PLP"), 0): Scroll to object 'Object Repository/PLPPage/ForwardArrow_Pagenation_PLP' successfully

2023-08-22 10:08:16 - [MESSAGE][WARNING] - Timeout '0' is invalid. Using default page load timeout: '30'

2023-08-22 10:08:16 - [MESSAGE][PASSED] - Scroll to object 'Object Repository/PLPPage/ForwardArrow_Pagenation_PLP' successfully

2023-08-22 10:08:16 - [TEST_STEP][PASSED] - delay(5): Delayed 5 second(s)

2023-08-22 10:08:21 - [MESSAGE][PASSED] - Delayed 5 second(s)

2023-08-22 10:08:21 - [TEST_STEP][PASSED] - click(findTestObject("PLPPage/ForwardArrow_Pagenation_PLP"), STOP_ON_FAILURE): Object: 'Object Repository/PLPPage/ForwardArrow_Pagenation_PLP' is clicked on

2023-08-22 10:08:22 - [MESSAGE][PASSED] - Object: 'Object Repository/PLPPage/ForwardArrow_Pagenation_PLP' is clicked on

2023-08-22 10:08:22 - [TEST_STEP][PASSED] - delay(10): Delayed 10 second(s)

2023-08-22 10:08:32 - [MESSAGE][PASSED] - Delayed 10 second(s)

2023-08-22 10:08:32 - [TEST_STEP][PASSED] - a1 = getUrl(): Current window's url is: 'https://odtaqaa.liverpool.com.mx/tienda?s=mac'

2023-08-22 10:08:32 - [MESSAGE][PASSED] - Current window's url is: 'https://odtaqaa.liverpool.com.mx/tienda?s=mac'

2023-08-22 10:08:32 - [TEST_STEP][PASSED] - out.println(a1): null

2023-08-22 10:08:32 - [TEST_STEP][PASSED] - a = a1.contains("page-2"): null

2023-08-22 10:08:32 - [TEST_STEP][PASSED] - out.println(a): null

2023-08-22 10:08:32 - [TEST_STEP][PASSED] - delay(5): Delayed 5 second(s)

2023-08-22 10:08:37 - [MESSAGE][PASSED] - Delayed 5 second(s)

2023-08-22 10:08:37 - [TEST_STEP][PASSED] - if (a == true): null

2023-08-22 10:08:37 - [TEST_STEP][FAILED] - else: failed pagenation forward arrow not clicked

2023-08-22 10:08:37 - [TEST_STEP][FAILED] - markFailed("failed pagenation forward arrow not clicked"): failed pagenation forward arrow not clicked

2023-08-22 10:08:37 - [MESSAGE][FAILED] - failed pagenation forward arrow not clicked

2023-08-22 10:08:37 - [TEST_STEP][PASSED] - scrollToElement(findTestObject("PLPPage/BackArrow_Pagenation_PLP"), 0): Scroll to object 'Object Repository/PLPPage/BackArrow_Pagenation_PLP' successfully

2023-08-22 10:08:37 - [MESSAGE][WARNING] - Timeout '0' is invalid. Using default page load timeout: '30'

2023-08-22 10:08:45 - [MESSAGE][PASSED] - Scroll to object 'Object Repository/PLPPage/BackArrow_Pagenation_PLP' successfully

2023-08-22 10:08:45 - [TEST_STEP][PASSED] - delay(5): Delayed 5 second(s)

2023-08-22 10:08:50 - [MESSAGE][PASSED] - Delayed 5 second(s)

2023-08-22 10:08:50 - [TEST_STEP][PASSED] - click(findTestObject("PLPPage/BackArrow_Pagenation_PLP"), STOP_ON_FAILURE): Object: 'Object Repository/PLPPage/BackArrow_Pagenation_PLP' is clicked on

2023-08-22 10:08:51 - [MESSAGE][PASSED] - Object: 'Object Repository/PLPPage/BackArrow_Pagenation_PLP' is clicked on

2023-08-22 10:08:51 - [TEST_STEP][PASSED] - delay(10): Delayed 10 second(s)

2023-08-22 10:09:01 - [MESSAGE][PASSED] - Delayed 10 second(s)

2023-08-22 10:09:01 - [TEST_STEP][PASSED] - b1 = getUrl(): Current window's url is: 'https://odtaqaa.liverpool.com.mx/tienda/page-1?s=mac'

2023-08-22 10:09:01 - [MESSAGE][PASSED] - Current window's url is: 'https://odtaqaa.liverpool.com.mx/tienda/page-1?s=mac'

2023-08-22 10:09:01 - [TEST_STEP][PASSED] - b = b1.contains("page-1"): null

2023-08-22 10:09:01 - [TEST_STEP][PASSED] - out.println(b1): null

2023-08-22 10:09:01 - [TEST_STEP][PASSED] - if (b == true): null

2023-08-22 10:09:01 - [TEST_STEP][PASSED] - out.println("pagenation clicked page 1"): null

2023-08-22 10:09:01 - [TEST_STEP][PASSED] - closeBrowser(): Browser is closed

2023-08-22 10:09:01 - [MESSAGE][PASSED] - Browser is closed]]></system-out>
         <system-err><![CDATA[2023-08-22 10:06:52 - [TEST_CASE][FAILED] - Test Cases/Search/TS_SMOKE_SUITE_070: Test Cases/Search/TS_SMOKE_SUITE_070 FAILED.
Reason:
com.kms.katalon.core.exception.StepFailedException: failed pagenation forward arrow not clicked
	at com.kms.katalon.core.util.KeywordUtil.markFailed(KeywordUtil.java:19)
	at com.kms.katalon.core.util.KeywordUtil$markFailed$0.call(Unknown Source)
	at TS_SMOKE_SUITE_070.run(TS_SMOKE_SUITE_070:56)
	at com.kms.katalon.core.main.ScriptEngine.run(ScriptEngine.java:194)
	at com.kms.katalon.core.main.ScriptEngine.runScriptAsRawText(ScriptEngine.java:119)
	at com.kms.katalon.core.main.TestCaseExecutor.runScript(TestCaseExecutor.java:448)
	at com.kms.katalon.core.main.TestCaseExecutor.doExecute(TestCaseExecutor.java:439)
	at com.kms.katalon.core.main.TestCaseExecutor.processExecutionPhase(TestCaseExecutor.java:418)
	at com.kms.katalon.core.main.TestCaseExecutor.accessMainPhase(TestCaseExecutor.java:410)
	at com.kms.katalon.core.main.TestCaseExecutor.execute(TestCaseExecutor.java:285)
	at com.kms.katalon.core.common.CommonExecutor.accessTestCaseMainPhase(CommonExecutor.java:65)
	at com.kms.katalon.core.main.TestSuiteExecutor.accessTestSuiteMainPhase(TestSuiteExecutor.java:148)
	at com.kms.katalon.core.main.TestSuiteExecutor.execute(TestSuiteExecutor.java:106)
	at com.kms.katalon.core.main.TestCaseMain.startTestSuite(TestCaseMain.java:187)
	at com.kms.katalon.core.main.TestCaseMain$startTestSuite$0.call(Unknown Source)
	at TempTestSuite1692673207080.run(TempTestSuite1692673207080.groovy:36)]]></system-err>
      </testcase>
      <testcase name="Test Cases/ShoppingCart/TS_SMOKE_SUITE_026" time="1.74" classname="Test Cases/ShoppingCart/TS_SMOKE_SUITE_026" status="ERROR">
         <error type="ERROR" message="Test Cases/ShoppingCart/TS_SMOKE_SUITE_026 FAILED.
Reason:
groovy.lang.MissingPropertyException: No such property: LiverpoolURL for class: internal.GlobalVariable
	at TS_SMOKE_SUITE_026.run(TS_SMOKE_SUITE_026:22)
	at com.kms.katalon.core.main.ScriptEngine.run(ScriptEngine.java:194)
	at com.kms.katalon.core.main.ScriptEngine.runScriptAsRawText(ScriptEngine.java:119)
	at com.kms.katalon.core.main.TestCaseExecutor.runScript(TestCaseExecutor.java:448)
	at com.kms.katalon.core.main.TestCaseExecutor.doExecute(TestCaseExecutor.java:439)
	at com.kms.katalon.core.main.TestCaseExecutor.processExecutionPhase(TestCaseExecutor.java:418)
	at com.kms.katalon.core.main.TestCaseExecutor.accessMainPhase(TestCaseExecutor.java:410)
	at com.kms.katalon.core.main.TestCaseExecutor.execute(TestCaseExecutor.java:285)
	at com.kms.katalon.core.common.CommonExecutor.accessTestCaseMainPhase(CommonExecutor.java:65)
	at com.kms.katalon.core.main.TestSuiteExecutor.accessTestSuiteMainPhase(TestSuiteExecutor.java:148)
	at com.kms.katalon.core.main.TestSuiteExecutor.execute(TestSuiteExecutor.java:106)
	at com.kms.katalon.core.main.TestCaseMain.startTestSuite(TestCaseMain.java:187)
	at com.kms.katalon.core.main.TestCaseMain$startTestSuite$0.call(Unknown Source)
	at TempTestSuite1692673207080.run(TempTestSuite1692673207080.groovy:36)
"/>
         <system-out><![CDATA[2023-08-22 10:09:01 - [TEST_CASE][ERROR] - Test Cases/ShoppingCart/TS_SMOKE_SUITE_026: Test Cases/ShoppingCart/TS_SMOKE_SUITE_026 FAILED.
Reason:
groovy.lang.MissingPropertyException: No such property: LiverpoolURL for class: internal.GlobalVariable
	at TS_SMOKE_SUITE_026.run(TS_SMOKE_SUITE_026:22)
	at com.kms.katalon.core.main.ScriptEngine.run(ScriptEngine.java:194)
	at com.kms.katalon.core.main.ScriptEngine.runScriptAsRawText(ScriptEngine.java:119)
	at com.kms.katalon.core.main.TestCaseExecutor.runScript(TestCaseExecutor.java:448)
	at com.kms.katalon.core.main.TestCaseExecutor.doExecute(TestCaseExecutor.java:439)
	at com.kms.katalon.core.main.TestCaseExecutor.processExecutionPhase(TestCaseExecutor.java:418)
	at com.kms.katalon.core.main.TestCaseExecutor.accessMainPhase(TestCaseExecutor.java:410)
	at com.kms.katalon.core.main.TestCaseExecutor.execute(TestCaseExecutor.java:285)
	at com.kms.katalon.core.common.CommonExecutor.accessTestCaseMainPhase(CommonExecutor.java:65)
	at com.kms.katalon.core.main.TestSuiteExecutor.accessTestSuiteMainPhase(TestSuiteExecutor.java:148)
	at com.kms.katalon.core.main.TestSuiteExecutor.execute(TestSuiteExecutor.java:106)
	at com.kms.katalon.core.main.TestCaseMain.startTestSuite(TestCaseMain.java:187)
	at com.kms.katalon.core.main.TestCaseMain$startTestSuite$0.call(Unknown Source)
	at TempTestSuite1692673207080.run(TempTestSuite1692673207080.groovy:36)


2023-08-22 10:09:02 - [TEST_STEP][PASSED] - openBrowser(""): Browser is opened with url: ''

2023-08-22 10:09:02 - [MESSAGE][INFO] - Starting 'Chrome' driver

2023-08-22 10:09:02 - [MESSAGE][INFO] - Action delay is set to 0 milliseconds

2023-08-22 10:09:03 - [MESSAGE][PASSED] - Browser is opened with url: ''

2023-08-22 10:09:03 - [TEST_STEP][ERROR] - navigateToUrl(LiverpoolURL): Test Cases/ShoppingCart/TS_SMOKE_SUITE_026 FAILED.
Reason:
groovy.lang.MissingPropertyException: No such property: LiverpoolURL for class: internal.GlobalVariable
	at TS_SMOKE_SUITE_026.run(TS_SMOKE_SUITE_026:22)
	at com.kms.katalon.core.main.ScriptEngine.run(ScriptEngine.java:194)
	at com.kms.katalon.core.main.ScriptEngine.runScriptAsRawText(ScriptEngine.java:119)
	at com.kms.katalon.core.main.TestCaseExecutor.runScript(TestCaseExecutor.java:448)
	at com.kms.katalon.core.main.TestCaseExecutor.doExecute(TestCaseExecutor.java:439)
	at com.kms.katalon.core.main.TestCaseExecutor.processExecutionPhase(TestCaseExecutor.java:418)
	at com.kms.katalon.core.main.TestCaseExecutor.accessMainPhase(TestCaseExecutor.java:410)
	at com.kms.katalon.core.main.TestCaseExecutor.execute(TestCaseExecutor.java:285)
	at com.kms.katalon.core.common.CommonExecutor.accessTestCaseMainPhase(CommonExecutor.java:65)
	at com.kms.katalon.core.main.TestSuiteExecutor.accessTestSuiteMainPhase(TestSuiteExecutor.java:148)
	at com.kms.katalon.core.main.TestSuiteExecutor.execute(TestSuiteExecutor.java:106)
	at com.kms.katalon.core.main.TestCaseMain.startTestSuite(TestCaseMain.java:187)
	at com.kms.katalon.core.main.TestCaseMain$startTestSuite$0.call(Unknown Source)
	at TempTestSuite1692673207080.run(TempTestSuite1692673207080.groovy:36)


2023-08-22 10:09:03 - [MESSAGE][ERROR] - Test Cases/ShoppingCart/TS_SMOKE_SUITE_026 FAILED.
Reason:
groovy.lang.MissingPropertyException: No such property: LiverpoolURL for class: internal.GlobalVariable
	at TS_SMOKE_SUITE_026.run(TS_SMOKE_SUITE_026:22)
	at com.kms.katalon.core.main.ScriptEngine.run(ScriptEngine.java:194)
	at com.kms.katalon.core.main.ScriptEngine.runScriptAsRawText(ScriptEngine.java:119)
	at com.kms.katalon.core.main.TestCaseExecutor.runScript(TestCaseExecutor.java:448)
	at com.kms.katalon.core.main.TestCaseExecutor.doExecute(TestCaseExecutor.java:439)
	at com.kms.katalon.core.main.TestCaseExecutor.processExecutionPhase(TestCaseExecutor.java:418)
	at com.kms.katalon.core.main.TestCaseExecutor.accessMainPhase(TestCaseExecutor.java:410)
	at com.kms.katalon.core.main.TestCaseExecutor.execute(TestCaseExecutor.java:285)
	at com.kms.katalon.core.common.CommonExecutor.accessTestCaseMainPhase(CommonExecutor.java:65)
	at com.kms.katalon.core.main.TestSuiteExecutor.accessTestSuiteMainPhase(TestSuiteExecutor.java:148)
	at com.kms.katalon.core.main.TestSuiteExecutor.execute(TestSuiteExecutor.java:106)
	at com.kms.katalon.core.main.TestCaseMain.startTestSuite(TestCaseMain.java:187)
	at com.kms.katalon.core.main.TestCaseMain$startTestSuite$0.call(Unknown Source)
	at TempTestSuite1692673207080.run(TempTestSuite1692673207080.groovy:36)]]></system-out>
         <system-err><![CDATA[2023-08-22 10:09:01 - [TEST_CASE][ERROR] - Test Cases/ShoppingCart/TS_SMOKE_SUITE_026: Test Cases/ShoppingCart/TS_SMOKE_SUITE_026 FAILED.
Reason:
groovy.lang.MissingPropertyException: No such property: LiverpoolURL for class: internal.GlobalVariable
	at TS_SMOKE_SUITE_026.run(TS_SMOKE_SUITE_026:22)
	at com.kms.katalon.core.main.ScriptEngine.run(ScriptEngine.java:194)
	at com.kms.katalon.core.main.ScriptEngine.runScriptAsRawText(ScriptEngine.java:119)
	at com.kms.katalon.core.main.TestCaseExecutor.runScript(TestCaseExecutor.java:448)
	at com.kms.katalon.core.main.TestCaseExecutor.doExecute(TestCaseExecutor.java:439)
	at com.kms.katalon.core.main.TestCaseExecutor.processExecutionPhase(TestCaseExecutor.java:418)
	at com.kms.katalon.core.main.TestCaseExecutor.accessMainPhase(TestCaseExecutor.java:410)
	at com.kms.katalon.core.main.TestCaseExecutor.execute(TestCaseExecutor.java:285)
	at com.kms.katalon.core.common.CommonExecutor.accessTestCaseMainPhase(CommonExecutor.java:65)
	at com.kms.katalon.core.main.TestSuiteExecutor.accessTestSuiteMainPhase(TestSuiteExecutor.java:148)
	at com.kms.katalon.core.main.TestSuiteExecutor.execute(TestSuiteExecutor.java:106)
	at com.kms.katalon.core.main.TestCaseMain.startTestSuite(TestCaseMain.java:187)
	at com.kms.katalon.core.main.TestCaseMain$startTestSuite$0.call(Unknown Source)
	at TempTestSuite1692673207080.run(TempTestSuite1692673207080.groovy:36)]]></system-err>
      </testcase>
      <testcase name="Test Cases/ShoppingCart/TS_SMOKE_SUITE_027" time="2.494" classname="Test Cases/ShoppingCart/TS_SMOKE_SUITE_027" status="ERROR">
         <error type="ERROR" message="Test Cases/ShoppingCart/TS_SMOKE_SUITE_027 FAILED.
Reason:
groovy.lang.MissingPropertyException: No such property: LiverpoolURL for class: internal.GlobalVariable
	at TS_SMOKE_SUITE_027.run(TS_SMOKE_SUITE_027:22)
	at com.kms.katalon.core.main.ScriptEngine.run(ScriptEngine.java:194)
	at com.kms.katalon.core.main.ScriptEngine.runScriptAsRawText(ScriptEngine.java:119)
	at com.kms.katalon.core.main.TestCaseExecutor.runScript(TestCaseExecutor.java:448)
	at com.kms.katalon.core.main.TestCaseExecutor.doExecute(TestCaseExecutor.java:439)
	at com.kms.katalon.core.main.TestCaseExecutor.processExecutionPhase(TestCaseExecutor.java:418)
	at com.kms.katalon.core.main.TestCaseExecutor.accessMainPhase(TestCaseExecutor.java:410)
	at com.kms.katalon.core.main.TestCaseExecutor.execute(TestCaseExecutor.java:285)
	at com.kms.katalon.core.common.CommonExecutor.accessTestCaseMainPhase(CommonExecutor.java:65)
	at com.kms.katalon.core.main.TestSuiteExecutor.accessTestSuiteMainPhase(TestSuiteExecutor.java:148)
	at com.kms.katalon.core.main.TestSuiteExecutor.execute(TestSuiteExecutor.java:106)
	at com.kms.katalon.core.main.TestCaseMain.startTestSuite(TestCaseMain.java:187)
	at com.kms.katalon.core.main.TestCaseMain$startTestSuite$0.call(Unknown Source)
	at TempTestSuite1692673207080.run(TempTestSuite1692673207080.groovy:36)
"/>
         <system-out><![CDATA[2023-08-22 10:09:03 - [TEST_CASE][ERROR] - Test Cases/ShoppingCart/TS_SMOKE_SUITE_027: Test Cases/ShoppingCart/TS_SMOKE_SUITE_027 FAILED.
Reason:
groovy.lang.MissingPropertyException: No such property: LiverpoolURL for class: internal.GlobalVariable
	at TS_SMOKE_SUITE_027.run(TS_SMOKE_SUITE_027:22)
	at com.kms.katalon.core.main.ScriptEngine.run(ScriptEngine.java:194)
	at com.kms.katalon.core.main.ScriptEngine.runScriptAsRawText(ScriptEngine.java:119)
	at com.kms.katalon.core.main.TestCaseExecutor.runScript(TestCaseExecutor.java:448)
	at com.kms.katalon.core.main.TestCaseExecutor.doExecute(TestCaseExecutor.java:439)
	at com.kms.katalon.core.main.TestCaseExecutor.processExecutionPhase(TestCaseExecutor.java:418)
	at com.kms.katalon.core.main.TestCaseExecutor.accessMainPhase(TestCaseExecutor.java:410)
	at com.kms.katalon.core.main.TestCaseExecutor.execute(TestCaseExecutor.java:285)
	at com.kms.katalon.core.common.CommonExecutor.accessTestCaseMainPhase(CommonExecutor.java:65)
	at com.kms.katalon.core.main.TestSuiteExecutor.accessTestSuiteMainPhase(TestSuiteExecutor.java:148)
	at com.kms.katalon.core.main.TestSuiteExecutor.execute(TestSuiteExecutor.java:106)
	at com.kms.katalon.core.main.TestCaseMain.startTestSuite(TestCaseMain.java:187)
	at com.kms.katalon.core.main.TestCaseMain$startTestSuite$0.call(Unknown Source)
	at TempTestSuite1692673207080.run(TempTestSuite1692673207080.groovy:36)


2023-08-22 10:09:04 - [TEST_STEP][PASSED] - openBrowser(""): Browser is opened with url: ''

2023-08-22 10:09:04 - [MESSAGE][WARNING] - A browser is already opened. Closing browser and opening a new one

2023-08-22 10:09:04 - [MESSAGE][INFO] - Starting 'Chrome' driver

2023-08-22 10:09:04 - [MESSAGE][INFO] - Action delay is set to 0 milliseconds

2023-08-22 10:09:06 - [MESSAGE][PASSED] - Browser is opened with url: ''

2023-08-22 10:09:06 - [TEST_STEP][ERROR] - navigateToUrl(LiverpoolURL): Test Cases/ShoppingCart/TS_SMOKE_SUITE_027 FAILED.
Reason:
groovy.lang.MissingPropertyException: No such property: LiverpoolURL for class: internal.GlobalVariable
	at TS_SMOKE_SUITE_027.run(TS_SMOKE_SUITE_027:22)
	at com.kms.katalon.core.main.ScriptEngine.run(ScriptEngine.java:194)
	at com.kms.katalon.core.main.ScriptEngine.runScriptAsRawText(ScriptEngine.java:119)
	at com.kms.katalon.core.main.TestCaseExecutor.runScript(TestCaseExecutor.java:448)
	at com.kms.katalon.core.main.TestCaseExecutor.doExecute(TestCaseExecutor.java:439)
	at com.kms.katalon.core.main.TestCaseExecutor.processExecutionPhase(TestCaseExecutor.java:418)
	at com.kms.katalon.core.main.TestCaseExecutor.accessMainPhase(TestCaseExecutor.java:410)
	at com.kms.katalon.core.main.TestCaseExecutor.execute(TestCaseExecutor.java:285)
	at com.kms.katalon.core.common.CommonExecutor.accessTestCaseMainPhase(CommonExecutor.java:65)
	at com.kms.katalon.core.main.TestSuiteExecutor.accessTestSuiteMainPhase(TestSuiteExecutor.java:148)
	at com.kms.katalon.core.main.TestSuiteExecutor.execute(TestSuiteExecutor.java:106)
	at com.kms.katalon.core.main.TestCaseMain.startTestSuite(TestCaseMain.java:187)
	at com.kms.katalon.core.main.TestCaseMain$startTestSuite$0.call(Unknown Source)
	at TempTestSuite1692673207080.run(TempTestSuite1692673207080.groovy:36)


2023-08-22 10:09:06 - [MESSAGE][ERROR] - Test Cases/ShoppingCart/TS_SMOKE_SUITE_027 FAILED.
Reason:
groovy.lang.MissingPropertyException: No such property: LiverpoolURL for class: internal.GlobalVariable
	at TS_SMOKE_SUITE_027.run(TS_SMOKE_SUITE_027:22)
	at com.kms.katalon.core.main.ScriptEngine.run(ScriptEngine.java:194)
	at com.kms.katalon.core.main.ScriptEngine.runScriptAsRawText(ScriptEngine.java:119)
	at com.kms.katalon.core.main.TestCaseExecutor.runScript(TestCaseExecutor.java:448)
	at com.kms.katalon.core.main.TestCaseExecutor.doExecute(TestCaseExecutor.java:439)
	at com.kms.katalon.core.main.TestCaseExecutor.processExecutionPhase(TestCaseExecutor.java:418)
	at com.kms.katalon.core.main.TestCaseExecutor.accessMainPhase(TestCaseExecutor.java:410)
	at com.kms.katalon.core.main.TestCaseExecutor.execute(TestCaseExecutor.java:285)
	at com.kms.katalon.core.common.CommonExecutor.accessTestCaseMainPhase(CommonExecutor.java:65)
	at com.kms.katalon.core.main.TestSuiteExecutor.accessTestSuiteMainPhase(TestSuiteExecutor.java:148)
	at com.kms.katalon.core.main.TestSuiteExecutor.execute(TestSuiteExecutor.java:106)
	at com.kms.katalon.core.main.TestCaseMain.startTestSuite(TestCaseMain.java:187)
	at com.kms.katalon.core.main.TestCaseMain$startTestSuite$0.call(Unknown Source)
	at TempTestSuite1692673207080.run(TempTestSuite1692673207080.groovy:36)]]></system-out>
         <system-err><![CDATA[2023-08-22 10:09:03 - [TEST_CASE][ERROR] - Test Cases/ShoppingCart/TS_SMOKE_SUITE_027: Test Cases/ShoppingCart/TS_SMOKE_SUITE_027 FAILED.
Reason:
groovy.lang.MissingPropertyException: No such property: LiverpoolURL for class: internal.GlobalVariable
	at TS_SMOKE_SUITE_027.run(TS_SMOKE_SUITE_027:22)
	at com.kms.katalon.core.main.ScriptEngine.run(ScriptEngine.java:194)
	at com.kms.katalon.core.main.ScriptEngine.runScriptAsRawText(ScriptEngine.java:119)
	at com.kms.katalon.core.main.TestCaseExecutor.runScript(TestCaseExecutor.java:448)
	at com.kms.katalon.core.main.TestCaseExecutor.doExecute(TestCaseExecutor.java:439)
	at com.kms.katalon.core.main.TestCaseExecutor.processExecutionPhase(TestCaseExecutor.java:418)
	at com.kms.katalon.core.main.TestCaseExecutor.accessMainPhase(TestCaseExecutor.java:410)
	at com.kms.katalon.core.main.TestCaseExecutor.execute(TestCaseExecutor.java:285)
	at com.kms.katalon.core.common.CommonExecutor.accessTestCaseMainPhase(CommonExecutor.java:65)
	at com.kms.katalon.core.main.TestSuiteExecutor.accessTestSuiteMainPhase(TestSuiteExecutor.java:148)
	at com.kms.katalon.core.main.TestSuiteExecutor.execute(TestSuiteExecutor.java:106)
	at com.kms.katalon.core.main.TestCaseMain.startTestSuite(TestCaseMain.java:187)
	at com.kms.katalon.core.main.TestCaseMain$startTestSuite$0.call(Unknown Source)
	at TempTestSuite1692673207080.run(TempTestSuite1692673207080.groovy:36)]]></system-err>
      </testcase>
      <testcase name="Test Cases/ShoppingCart/TS_SMOKE_SUITE_028" time="2.498" classname="Test Cases/ShoppingCart/TS_SMOKE_SUITE_028" status="ERROR">
         <error type="ERROR" message="Test Cases/ShoppingCart/TS_SMOKE_SUITE_028 FAILED.
Reason:
groovy.lang.MissingPropertyException: No such property: LiverpoolURL for class: internal.GlobalVariable
	at TS_SMOKE_SUITE_028.run(TS_SMOKE_SUITE_028:22)
	at com.kms.katalon.core.main.ScriptEngine.run(ScriptEngine.java:194)
	at com.kms.katalon.core.main.ScriptEngine.runScriptAsRawText(ScriptEngine.java:119)
	at com.kms.katalon.core.main.TestCaseExecutor.runScript(TestCaseExecutor.java:448)
	at com.kms.katalon.core.main.TestCaseExecutor.doExecute(TestCaseExecutor.java:439)
	at com.kms.katalon.core.main.TestCaseExecutor.processExecutionPhase(TestCaseExecutor.java:418)
	at com.kms.katalon.core.main.TestCaseExecutor.accessMainPhase(TestCaseExecutor.java:410)
	at com.kms.katalon.core.main.TestCaseExecutor.execute(TestCaseExecutor.java:285)
	at com.kms.katalon.core.common.CommonExecutor.accessTestCaseMainPhase(CommonExecutor.java:65)
	at com.kms.katalon.core.main.TestSuiteExecutor.accessTestSuiteMainPhase(TestSuiteExecutor.java:148)
	at com.kms.katalon.core.main.TestSuiteExecutor.execute(TestSuiteExecutor.java:106)
	at com.kms.katalon.core.main.TestCaseMain.startTestSuite(TestCaseMain.java:187)
	at com.kms.katalon.core.main.TestCaseMain$startTestSuite$0.call(Unknown Source)
	at TempTestSuite1692673207080.run(TempTestSuite1692673207080.groovy:36)
"/>
         <system-out><![CDATA[2023-08-22 10:09:06 - [TEST_CASE][ERROR] - Test Cases/ShoppingCart/TS_SMOKE_SUITE_028: Test Cases/ShoppingCart/TS_SMOKE_SUITE_028 FAILED.
Reason:
groovy.lang.MissingPropertyException: No such property: LiverpoolURL for class: internal.GlobalVariable
	at TS_SMOKE_SUITE_028.run(TS_SMOKE_SUITE_028:22)
	at com.kms.katalon.core.main.ScriptEngine.run(ScriptEngine.java:194)
	at com.kms.katalon.core.main.ScriptEngine.runScriptAsRawText(ScriptEngine.java:119)
	at com.kms.katalon.core.main.TestCaseExecutor.runScript(TestCaseExecutor.java:448)
	at com.kms.katalon.core.main.TestCaseExecutor.doExecute(TestCaseExecutor.java:439)
	at com.kms.katalon.core.main.TestCaseExecutor.processExecutionPhase(TestCaseExecutor.java:418)
	at com.kms.katalon.core.main.TestCaseExecutor.accessMainPhase(TestCaseExecutor.java:410)
	at com.kms.katalon.core.main.TestCaseExecutor.execute(TestCaseExecutor.java:285)
	at com.kms.katalon.core.common.CommonExecutor.accessTestCaseMainPhase(CommonExecutor.java:65)
	at com.kms.katalon.core.main.TestSuiteExecutor.accessTestSuiteMainPhase(TestSuiteExecutor.java:148)
	at com.kms.katalon.core.main.TestSuiteExecutor.execute(TestSuiteExecutor.java:106)
	at com.kms.katalon.core.main.TestCaseMain.startTestSuite(TestCaseMain.java:187)
	at com.kms.katalon.core.main.TestCaseMain$startTestSuite$0.call(Unknown Source)
	at TempTestSuite1692673207080.run(TempTestSuite1692673207080.groovy:36)


2023-08-22 10:09:06 - [TEST_STEP][PASSED] - openBrowser(""): Browser is opened with url: ''

2023-08-22 10:09:06 - [MESSAGE][WARNING] - A browser is already opened. Closing browser and opening a new one

2023-08-22 10:09:07 - [MESSAGE][INFO] - Starting 'Chrome' driver

2023-08-22 10:09:07 - [MESSAGE][INFO] - Action delay is set to 0 milliseconds

2023-08-22 10:09:08 - [MESSAGE][PASSED] - Browser is opened with url: ''

2023-08-22 10:09:08 - [TEST_STEP][ERROR] - navigateToUrl(LiverpoolURL): Test Cases/ShoppingCart/TS_SMOKE_SUITE_028 FAILED.
Reason:
groovy.lang.MissingPropertyException: No such property: LiverpoolURL for class: internal.GlobalVariable
	at TS_SMOKE_SUITE_028.run(TS_SMOKE_SUITE_028:22)
	at com.kms.katalon.core.main.ScriptEngine.run(ScriptEngine.java:194)
	at com.kms.katalon.core.main.ScriptEngine.runScriptAsRawText(ScriptEngine.java:119)
	at com.kms.katalon.core.main.TestCaseExecutor.runScript(TestCaseExecutor.java:448)
	at com.kms.katalon.core.main.TestCaseExecutor.doExecute(TestCaseExecutor.java:439)
	at com.kms.katalon.core.main.TestCaseExecutor.processExecutionPhase(TestCaseExecutor.java:418)
	at com.kms.katalon.core.main.TestCaseExecutor.accessMainPhase(TestCaseExecutor.java:410)
	at com.kms.katalon.core.main.TestCaseExecutor.execute(TestCaseExecutor.java:285)
	at com.kms.katalon.core.common.CommonExecutor.accessTestCaseMainPhase(CommonExecutor.java:65)
	at com.kms.katalon.core.main.TestSuiteExecutor.accessTestSuiteMainPhase(TestSuiteExecutor.java:148)
	at com.kms.katalon.core.main.TestSuiteExecutor.execute(TestSuiteExecutor.java:106)
	at com.kms.katalon.core.main.TestCaseMain.startTestSuite(TestCaseMain.java:187)
	at com.kms.katalon.core.main.TestCaseMain$startTestSuite$0.call(Unknown Source)
	at TempTestSuite1692673207080.run(TempTestSuite1692673207080.groovy:36)


2023-08-22 10:09:08 - [MESSAGE][ERROR] - Test Cases/ShoppingCart/TS_SMOKE_SUITE_028 FAILED.
Reason:
groovy.lang.MissingPropertyException: No such property: LiverpoolURL for class: internal.GlobalVariable
	at TS_SMOKE_SUITE_028.run(TS_SMOKE_SUITE_028:22)
	at com.kms.katalon.core.main.ScriptEngine.run(ScriptEngine.java:194)
	at com.kms.katalon.core.main.ScriptEngine.runScriptAsRawText(ScriptEngine.java:119)
	at com.kms.katalon.core.main.TestCaseExecutor.runScript(TestCaseExecutor.java:448)
	at com.kms.katalon.core.main.TestCaseExecutor.doExecute(TestCaseExecutor.java:439)
	at com.kms.katalon.core.main.TestCaseExecutor.processExecutionPhase(TestCaseExecutor.java:418)
	at com.kms.katalon.core.main.TestCaseExecutor.accessMainPhase(TestCaseExecutor.java:410)
	at com.kms.katalon.core.main.TestCaseExecutor.execute(TestCaseExecutor.java:285)
	at com.kms.katalon.core.common.CommonExecutor.accessTestCaseMainPhase(CommonExecutor.java:65)
	at com.kms.katalon.core.main.TestSuiteExecutor.accessTestSuiteMainPhase(TestSuiteExecutor.java:148)
	at com.kms.katalon.core.main.TestSuiteExecutor.execute(TestSuiteExecutor.java:106)
	at com.kms.katalon.core.main.TestCaseMain.startTestSuite(TestCaseMain.java:187)
	at com.kms.katalon.core.main.TestCaseMain$startTestSuite$0.call(Unknown Source)
	at TempTestSuite1692673207080.run(TempTestSuite1692673207080.groovy:36)]]></system-out>
         <system-err><![CDATA[2023-08-22 10:09:06 - [TEST_CASE][ERROR] - Test Cases/ShoppingCart/TS_SMOKE_SUITE_028: Test Cases/ShoppingCart/TS_SMOKE_SUITE_028 FAILED.
Reason:
groovy.lang.MissingPropertyException: No such property: LiverpoolURL for class: internal.GlobalVariable
	at TS_SMOKE_SUITE_028.run(TS_SMOKE_SUITE_028:22)
	at com.kms.katalon.core.main.ScriptEngine.run(ScriptEngine.java:194)
	at com.kms.katalon.core.main.ScriptEngine.runScriptAsRawText(ScriptEngine.java:119)
	at com.kms.katalon.core.main.TestCaseExecutor.runScript(TestCaseExecutor.java:448)
	at com.kms.katalon.core.main.TestCaseExecutor.doExecute(TestCaseExecutor.java:439)
	at com.kms.katalon.core.main.TestCaseExecutor.processExecutionPhase(TestCaseExecutor.java:418)
	at com.kms.katalon.core.main.TestCaseExecutor.accessMainPhase(TestCaseExecutor.java:410)
	at com.kms.katalon.core.main.TestCaseExecutor.execute(TestCaseExecutor.java:285)
	at com.kms.katalon.core.common.CommonExecutor.accessTestCaseMainPhase(CommonExecutor.java:65)
	at com.kms.katalon.core.main.TestSuiteExecutor.accessTestSuiteMainPhase(TestSuiteExecutor.java:148)
	at com.kms.katalon.core.main.TestSuiteExecutor.execute(TestSuiteExecutor.java:106)
	at com.kms.katalon.core.main.TestCaseMain.startTestSuite(TestCaseMain.java:187)
	at com.kms.katalon.core.main.TestCaseMain$startTestSuite$0.call(Unknown Source)
	at TempTestSuite1692673207080.run(TempTestSuite1692673207080.groovy:36)]]></system-err>
      </testcase>
      <testcase name="Test Cases/ShoppingCart/TS_SMOKE_SUITE_029" time="2.638" classname="Test Cases/ShoppingCart/TS_SMOKE_SUITE_029" status="ERROR">
         <error type="ERROR" message="Test Cases/ShoppingCart/TS_SMOKE_SUITE_029 FAILED.
Reason:
groovy.lang.MissingPropertyException: No such property: LiverpoolURL for class: internal.GlobalVariable
	at TS_SMOKE_SUITE_029.run(TS_SMOKE_SUITE_029:22)
	at com.kms.katalon.core.main.ScriptEngine.run(ScriptEngine.java:194)
	at com.kms.katalon.core.main.ScriptEngine.runScriptAsRawText(ScriptEngine.java:119)
	at com.kms.katalon.core.main.TestCaseExecutor.runScript(TestCaseExecutor.java:448)
	at com.kms.katalon.core.main.TestCaseExecutor.doExecute(TestCaseExecutor.java:439)
	at com.kms.katalon.core.main.TestCaseExecutor.processExecutionPhase(TestCaseExecutor.java:418)
	at com.kms.katalon.core.main.TestCaseExecutor.accessMainPhase(TestCaseExecutor.java:410)
	at com.kms.katalon.core.main.TestCaseExecutor.execute(TestCaseExecutor.java:285)
	at com.kms.katalon.core.common.CommonExecutor.accessTestCaseMainPhase(CommonExecutor.java:65)
	at com.kms.katalon.core.main.TestSuiteExecutor.accessTestSuiteMainPhase(TestSuiteExecutor.java:148)
	at com.kms.katalon.core.main.TestSuiteExecutor.execute(TestSuiteExecutor.java:106)
	at com.kms.katalon.core.main.TestCaseMain.startTestSuite(TestCaseMain.java:187)
	at com.kms.katalon.core.main.TestCaseMain$startTestSuite$0.call(Unknown Source)
	at TempTestSuite1692673207080.run(TempTestSuite1692673207080.groovy:36)
"/>
         <system-out><![CDATA[2023-08-22 10:09:08 - [TEST_CASE][ERROR] - Test Cases/ShoppingCart/TS_SMOKE_SUITE_029: Test Cases/ShoppingCart/TS_SMOKE_SUITE_029 FAILED.
Reason:
groovy.lang.MissingPropertyException: No such property: LiverpoolURL for class: internal.GlobalVariable
	at TS_SMOKE_SUITE_029.run(TS_SMOKE_SUITE_029:22)
	at com.kms.katalon.core.main.ScriptEngine.run(ScriptEngine.java:194)
	at com.kms.katalon.core.main.ScriptEngine.runScriptAsRawText(ScriptEngine.java:119)
	at com.kms.katalon.core.main.TestCaseExecutor.runScript(TestCaseExecutor.java:448)
	at com.kms.katalon.core.main.TestCaseExecutor.doExecute(TestCaseExecutor.java:439)
	at com.kms.katalon.core.main.TestCaseExecutor.processExecutionPhase(TestCaseExecutor.java:418)
	at com.kms.katalon.core.main.TestCaseExecutor.accessMainPhase(TestCaseExecutor.java:410)
	at com.kms.katalon.core.main.TestCaseExecutor.execute(TestCaseExecutor.java:285)
	at com.kms.katalon.core.common.CommonExecutor.accessTestCaseMainPhase(CommonExecutor.java:65)
	at com.kms.katalon.core.main.TestSuiteExecutor.accessTestSuiteMainPhase(TestSuiteExecutor.java:148)
	at com.kms.katalon.core.main.TestSuiteExecutor.execute(TestSuiteExecutor.java:106)
	at com.kms.katalon.core.main.TestCaseMain.startTestSuite(TestCaseMain.java:187)
	at com.kms.katalon.core.main.TestCaseMain$startTestSuite$0.call(Unknown Source)
	at TempTestSuite1692673207080.run(TempTestSuite1692673207080.groovy:36)


2023-08-22 10:09:09 - [TEST_STEP][PASSED] - openBrowser(""): Browser is opened with url: ''

2023-08-22 10:09:09 - [MESSAGE][WARNING] - A browser is already opened. Closing browser and opening a new one

2023-08-22 10:09:09 - [MESSAGE][INFO] - Starting 'Chrome' driver

2023-08-22 10:09:09 - [MESSAGE][INFO] - Action delay is set to 0 milliseconds

2023-08-22 10:09:11 - [MESSAGE][PASSED] - Browser is opened with url: ''

2023-08-22 10:09:11 - [TEST_STEP][ERROR] - navigateToUrl(LiverpoolURL): Test Cases/ShoppingCart/TS_SMOKE_SUITE_029 FAILED.
Reason:
groovy.lang.MissingPropertyException: No such property: LiverpoolURL for class: internal.GlobalVariable
	at TS_SMOKE_SUITE_029.run(TS_SMOKE_SUITE_029:22)
	at com.kms.katalon.core.main.ScriptEngine.run(ScriptEngine.java:194)
	at com.kms.katalon.core.main.ScriptEngine.runScriptAsRawText(ScriptEngine.java:119)
	at com.kms.katalon.core.main.TestCaseExecutor.runScript(TestCaseExecutor.java:448)
	at com.kms.katalon.core.main.TestCaseExecutor.doExecute(TestCaseExecutor.java:439)
	at com.kms.katalon.core.main.TestCaseExecutor.processExecutionPhase(TestCaseExecutor.java:418)
	at com.kms.katalon.core.main.TestCaseExecutor.accessMainPhase(TestCaseExecutor.java:410)
	at com.kms.katalon.core.main.TestCaseExecutor.execute(TestCaseExecutor.java:285)
	at com.kms.katalon.core.common.CommonExecutor.accessTestCaseMainPhase(CommonExecutor.java:65)
	at com.kms.katalon.core.main.TestSuiteExecutor.accessTestSuiteMainPhase(TestSuiteExecutor.java:148)
	at com.kms.katalon.core.main.TestSuiteExecutor.execute(TestSuiteExecutor.java:106)
	at com.kms.katalon.core.main.TestCaseMain.startTestSuite(TestCaseMain.java:187)
	at com.kms.katalon.core.main.TestCaseMain$startTestSuite$0.call(Unknown Source)
	at TempTestSuite1692673207080.run(TempTestSuite1692673207080.groovy:36)


2023-08-22 10:09:11 - [MESSAGE][ERROR] - Test Cases/ShoppingCart/TS_SMOKE_SUITE_029 FAILED.
Reason:
groovy.lang.MissingPropertyException: No such property: LiverpoolURL for class: internal.GlobalVariable
	at TS_SMOKE_SUITE_029.run(TS_SMOKE_SUITE_029:22)
	at com.kms.katalon.core.main.ScriptEngine.run(ScriptEngine.java:194)
	at com.kms.katalon.core.main.ScriptEngine.runScriptAsRawText(ScriptEngine.java:119)
	at com.kms.katalon.core.main.TestCaseExecutor.runScript(TestCaseExecutor.java:448)
	at com.kms.katalon.core.main.TestCaseExecutor.doExecute(TestCaseExecutor.java:439)
	at com.kms.katalon.core.main.TestCaseExecutor.processExecutionPhase(TestCaseExecutor.java:418)
	at com.kms.katalon.core.main.TestCaseExecutor.accessMainPhase(TestCaseExecutor.java:410)
	at com.kms.katalon.core.main.TestCaseExecutor.execute(TestCaseExecutor.java:285)
	at com.kms.katalon.core.common.CommonExecutor.accessTestCaseMainPhase(CommonExecutor.java:65)
	at com.kms.katalon.core.main.TestSuiteExecutor.accessTestSuiteMainPhase(TestSuiteExecutor.java:148)
	at com.kms.katalon.core.main.TestSuiteExecutor.execute(TestSuiteExecutor.java:106)
	at com.kms.katalon.core.main.TestCaseMain.startTestSuite(TestCaseMain.java:187)
	at com.kms.katalon.core.main.TestCaseMain$startTestSuite$0.call(Unknown Source)
	at TempTestSuite1692673207080.run(TempTestSuite1692673207080.groovy:36)]]></system-out>
         <system-err><![CDATA[2023-08-22 10:09:08 - [TEST_CASE][ERROR] - Test Cases/ShoppingCart/TS_SMOKE_SUITE_029: Test Cases/ShoppingCart/TS_SMOKE_SUITE_029 FAILED.
Reason:
groovy.lang.MissingPropertyException: No such property: LiverpoolURL for class: internal.GlobalVariable
	at TS_SMOKE_SUITE_029.run(TS_SMOKE_SUITE_029:22)
	at com.kms.katalon.core.main.ScriptEngine.run(ScriptEngine.java:194)
	at com.kms.katalon.core.main.ScriptEngine.runScriptAsRawText(ScriptEngine.java:119)
	at com.kms.katalon.core.main.TestCaseExecutor.runScript(TestCaseExecutor.java:448)
	at com.kms.katalon.core.main.TestCaseExecutor.doExecute(TestCaseExecutor.java:439)
	at com.kms.katalon.core.main.TestCaseExecutor.processExecutionPhase(TestCaseExecutor.java:418)
	at com.kms.katalon.core.main.TestCaseExecutor.accessMainPhase(TestCaseExecutor.java:410)
	at com.kms.katalon.core.main.TestCaseExecutor.execute(TestCaseExecutor.java:285)
	at com.kms.katalon.core.common.CommonExecutor.accessTestCaseMainPhase(CommonExecutor.java:65)
	at com.kms.katalon.core.main.TestSuiteExecutor.accessTestSuiteMainPhase(TestSuiteExecutor.java:148)
	at com.kms.katalon.core.main.TestSuiteExecutor.execute(TestSuiteExecutor.java:106)
	at com.kms.katalon.core.main.TestCaseMain.startTestSuite(TestCaseMain.java:187)
	at com.kms.katalon.core.main.TestCaseMain$startTestSuite$0.call(Unknown Source)
	at TempTestSuite1692673207080.run(TempTestSuite1692673207080.groovy:36)]]></system-err>
      </testcase>
      <testcase name="Test Cases/ShoppingCart/TS_SMOKE_SUITE_030" time="2.705" classname="Test Cases/ShoppingCart/TS_SMOKE_SUITE_030" status="ERROR">
         <error type="ERROR" message="Test Cases/ShoppingCart/TS_SMOKE_SUITE_030 FAILED.
Reason:
groovy.lang.MissingPropertyException: No such property: LiverpoolURL for class: internal.GlobalVariable
	at TS_SMOKE_SUITE_030.run(TS_SMOKE_SUITE_030:22)
	at com.kms.katalon.core.main.ScriptEngine.run(ScriptEngine.java:194)
	at com.kms.katalon.core.main.ScriptEngine.runScriptAsRawText(ScriptEngine.java:119)
	at com.kms.katalon.core.main.TestCaseExecutor.runScript(TestCaseExecutor.java:448)
	at com.kms.katalon.core.main.TestCaseExecutor.doExecute(TestCaseExecutor.java:439)
	at com.kms.katalon.core.main.TestCaseExecutor.processExecutionPhase(TestCaseExecutor.java:418)
	at com.kms.katalon.core.main.TestCaseExecutor.accessMainPhase(TestCaseExecutor.java:410)
	at com.kms.katalon.core.main.TestCaseExecutor.execute(TestCaseExecutor.java:285)
	at com.kms.katalon.core.common.CommonExecutor.accessTestCaseMainPhase(CommonExecutor.java:65)
	at com.kms.katalon.core.main.TestSuiteExecutor.accessTestSuiteMainPhase(TestSuiteExecutor.java:148)
	at com.kms.katalon.core.main.TestSuiteExecutor.execute(TestSuiteExecutor.java:106)
	at com.kms.katalon.core.main.TestCaseMain.startTestSuite(TestCaseMain.java:187)
	at com.kms.katalon.core.main.TestCaseMain$startTestSuite$0.call(Unknown Source)
	at TempTestSuite1692673207080.run(TempTestSuite1692673207080.groovy:36)
"/>
         <system-out><![CDATA[2023-08-22 10:09:11 - [TEST_CASE][ERROR] - Test Cases/ShoppingCart/TS_SMOKE_SUITE_030: Test Cases/ShoppingCart/TS_SMOKE_SUITE_030 FAILED.
Reason:
groovy.lang.MissingPropertyException: No such property: LiverpoolURL for class: internal.GlobalVariable
	at TS_SMOKE_SUITE_030.run(TS_SMOKE_SUITE_030:22)
	at com.kms.katalon.core.main.ScriptEngine.run(ScriptEngine.java:194)
	at com.kms.katalon.core.main.ScriptEngine.runScriptAsRawText(ScriptEngine.java:119)
	at com.kms.katalon.core.main.TestCaseExecutor.runScript(TestCaseExecutor.java:448)
	at com.kms.katalon.core.main.TestCaseExecutor.doExecute(TestCaseExecutor.java:439)
	at com.kms.katalon.core.main.TestCaseExecutor.processExecutionPhase(TestCaseExecutor.java:418)
	at com.kms.katalon.core.main.TestCaseExecutor.accessMainPhase(TestCaseExecutor.java:410)
	at com.kms.katalon.core.main.TestCaseExecutor.execute(TestCaseExecutor.java:285)
	at com.kms.katalon.core.common.CommonExecutor.accessTestCaseMainPhase(CommonExecutor.java:65)
	at com.kms.katalon.core.main.TestSuiteExecutor.accessTestSuiteMainPhase(TestSuiteExecutor.java:148)
	at com.kms.katalon.core.main.TestSuiteExecutor.execute(TestSuiteExecutor.java:106)
	at com.kms.katalon.core.main.TestCaseMain.startTestSuite(TestCaseMain.java:187)
	at com.kms.katalon.core.main.TestCaseMain$startTestSuite$0.call(Unknown Source)
	at TempTestSuite1692673207080.run(TempTestSuite1692673207080.groovy:36)


2023-08-22 10:09:11 - [TEST_STEP][PASSED] - openBrowser(""): Browser is opened with url: ''

2023-08-22 10:09:11 - [MESSAGE][WARNING] - A browser is already opened. Closing browser and opening a new one

2023-08-22 10:09:12 - [MESSAGE][INFO] - Starting 'Chrome' driver

2023-08-22 10:09:12 - [MESSAGE][INFO] - Action delay is set to 0 milliseconds

2023-08-22 10:09:14 - [MESSAGE][PASSED] - Browser is opened with url: ''

2023-08-22 10:09:14 - [TEST_STEP][ERROR] - navigateToUrl(LiverpoolURL): Test Cases/ShoppingCart/TS_SMOKE_SUITE_030 FAILED.
Reason:
groovy.lang.MissingPropertyException: No such property: LiverpoolURL for class: internal.GlobalVariable
	at TS_SMOKE_SUITE_030.run(TS_SMOKE_SUITE_030:22)
	at com.kms.katalon.core.main.ScriptEngine.run(ScriptEngine.java:194)
	at com.kms.katalon.core.main.ScriptEngine.runScriptAsRawText(ScriptEngine.java:119)
	at com.kms.katalon.core.main.TestCaseExecutor.runScript(TestCaseExecutor.java:448)
	at com.kms.katalon.core.main.TestCaseExecutor.doExecute(TestCaseExecutor.java:439)
	at com.kms.katalon.core.main.TestCaseExecutor.processExecutionPhase(TestCaseExecutor.java:418)
	at com.kms.katalon.core.main.TestCaseExecutor.accessMainPhase(TestCaseExecutor.java:410)
	at com.kms.katalon.core.main.TestCaseExecutor.execute(TestCaseExecutor.java:285)
	at com.kms.katalon.core.common.CommonExecutor.accessTestCaseMainPhase(CommonExecutor.java:65)
	at com.kms.katalon.core.main.TestSuiteExecutor.accessTestSuiteMainPhase(TestSuiteExecutor.java:148)
	at com.kms.katalon.core.main.TestSuiteExecutor.execute(TestSuiteExecutor.java:106)
	at com.kms.katalon.core.main.TestCaseMain.startTestSuite(TestCaseMain.java:187)
	at com.kms.katalon.core.main.TestCaseMain$startTestSuite$0.call(Unknown Source)
	at TempTestSuite1692673207080.run(TempTestSuite1692673207080.groovy:36)


2023-08-22 10:09:14 - [MESSAGE][ERROR] - Test Cases/ShoppingCart/TS_SMOKE_SUITE_030 FAILED.
Reason:
groovy.lang.MissingPropertyException: No such property: LiverpoolURL for class: internal.GlobalVariable
	at TS_SMOKE_SUITE_030.run(TS_SMOKE_SUITE_030:22)
	at com.kms.katalon.core.main.ScriptEngine.run(ScriptEngine.java:194)
	at com.kms.katalon.core.main.ScriptEngine.runScriptAsRawText(ScriptEngine.java:119)
	at com.kms.katalon.core.main.TestCaseExecutor.runScript(TestCaseExecutor.java:448)
	at com.kms.katalon.core.main.TestCaseExecutor.doExecute(TestCaseExecutor.java:439)
	at com.kms.katalon.core.main.TestCaseExecutor.processExecutionPhase(TestCaseExecutor.java:418)
	at com.kms.katalon.core.main.TestCaseExecutor.accessMainPhase(TestCaseExecutor.java:410)
	at com.kms.katalon.core.main.TestCaseExecutor.execute(TestCaseExecutor.java:285)
	at com.kms.katalon.core.common.CommonExecutor.accessTestCaseMainPhase(CommonExecutor.java:65)
	at com.kms.katalon.core.main.TestSuiteExecutor.accessTestSuiteMainPhase(TestSuiteExecutor.java:148)
	at com.kms.katalon.core.main.TestSuiteExecutor.execute(TestSuiteExecutor.java:106)
	at com.kms.katalon.core.main.TestCaseMain.startTestSuite(TestCaseMain.java:187)
	at com.kms.katalon.core.main.TestCaseMain$startTestSuite$0.call(Unknown Source)
	at TempTestSuite1692673207080.run(TempTestSuite1692673207080.groovy:36)]]></system-out>
         <system-err><![CDATA[2023-08-22 10:09:11 - [TEST_CASE][ERROR] - Test Cases/ShoppingCart/TS_SMOKE_SUITE_030: Test Cases/ShoppingCart/TS_SMOKE_SUITE_030 FAILED.
Reason:
groovy.lang.MissingPropertyException: No such property: LiverpoolURL for class: internal.GlobalVariable
	at TS_SMOKE_SUITE_030.run(TS_SMOKE_SUITE_030:22)
	at com.kms.katalon.core.main.ScriptEngine.run(ScriptEngine.java:194)
	at com.kms.katalon.core.main.ScriptEngine.runScriptAsRawText(ScriptEngine.java:119)
	at com.kms.katalon.core.main.TestCaseExecutor.runScript(TestCaseExecutor.java:448)
	at com.kms.katalon.core.main.TestCaseExecutor.doExecute(TestCaseExecutor.java:439)
	at com.kms.katalon.core.main.TestCaseExecutor.processExecutionPhase(TestCaseExecutor.java:418)
	at com.kms.katalon.core.main.TestCaseExecutor.accessMainPhase(TestCaseExecutor.java:410)
	at com.kms.katalon.core.main.TestCaseExecutor.execute(TestCaseExecutor.java:285)
	at com.kms.katalon.core.common.CommonExecutor.accessTestCaseMainPhase(CommonExecutor.java:65)
	at com.kms.katalon.core.main.TestSuiteExecutor.accessTestSuiteMainPhase(TestSuiteExecutor.java:148)
	at com.kms.katalon.core.main.TestSuiteExecutor.execute(TestSuiteExecutor.java:106)
	at com.kms.katalon.core.main.TestCaseMain.startTestSuite(TestCaseMain.java:187)
	at com.kms.katalon.core.main.TestCaseMain$startTestSuite$0.call(Unknown Source)
	at TempTestSuite1692673207080.run(TempTestSuite1692673207080.groovy:36)]]></system-err>
      </testcase>
      <system-out><![CDATA[2023-08-22 08:30:11 - [TEST_SUITE][FAILED] - SmokeSuite_AllModules: Test Cases/AccountManagement/TS_SMOKE_SUITE_016 FAILED.
Reason:
com.kms.katalon.core.exception.StepFailedException: Unable to set text 'null' of object 'Object Repository/AccountManagement/UpdatePeronalData_Account'
	at com.kms.katalon.core.webui.keyword.internal.WebUIKeywordMain.stepFailed(WebUIKeywordMain.groovy:64)
	at com.kms.katalon.core.webui.keyword.internal.WebUIKeywordMain.runKeyword(WebUIKeywordMain.groovy:26)
	at com.kms.katalon.core.webui.keyword.builtin.SetTextKeyword.setText(SetTextKeyword.groovy:66)
	at com.kms.katalon.core.webui.keyword.builtin.SetTextKeyword.execute(SetTextKeyword.groovy:37)
	at com.kms.katalon.core.keyword.internal.KeywordExecutor.executeKeywordForPlatform(KeywordExecutor.groovy:74)
	at com.kms.katalon.core.webui.keyword.WebUiBuiltInKeywords.setText(WebUiBuiltInKeywords.groovy:980)
	at com.kms.katalon.core.webui.keyword.WebUiBuiltInKeywords$setText$3.call(Unknown Source)
	at TS_SMOKE_SUITE_016.run(TS_SMOKE_SUITE_016:44)
	at com.kms.katalon.core.main.ScriptEngine.run(ScriptEngine.java:194)
	at com.kms.katalon.core.main.ScriptEngine.runScriptAsRawText(ScriptEngine.java:119)
	at com.kms.katalon.core.main.TestCaseExecutor.runScript(TestCaseExecutor.java:448)
	at com.kms.katalon.core.main.TestCaseExecutor.doExecute(TestCaseExecutor.java:439)
	at com.kms.katalon.core.main.TestCaseExecutor.processExecutionPhase(TestCaseExecutor.java:418)
	at com.kms.katalon.core.main.TestCaseExecutor.accessMainPhase(TestCaseExecutor.java:410)
	at com.kms.katalon.core.main.TestCaseExecutor.execute(TestCaseExecutor.java:285)
	at com.kms.katalon.core.common.CommonExecutor.accessTestCaseMainPhase(CommonExecutor.java:65)
	at com.kms.katalon.core.main.TestSuiteExecutor.accessTestSuiteMainPhase(TestSuiteExecutor.java:148)
	at com.kms.katalon.core.main.TestSuiteExecutor.execute(TestSuiteExecutor.java:106)
	at com.kms.katalon.core.main.TestCaseMain.startTestSuite(TestCaseMain.java:187)
	at com.kms.katalon.core.main.TestCaseMain$startTestSuite$0.call(Unknown Source)
	at TempTestSuite1692673207080.run(TempTestSuite1692673207080.groovy:36)
Caused by: java.lang.IllegalArgumentException: Text is null
	at com.kms.katalon.core.webui.keyword.builtin.SetTextKeyword$_setText_closure1.doCall(SetTextKeyword.groovy:48)
	at com.kms.katalon.core.webui.keyword.builtin.SetTextKeyword$_setText_closure1.call(SetTextKeyword.groovy)
	at com.kms.katalon.core.webui.keyword.internal.WebUIKeywordMain.runKeyword(WebUIKeywordMain.groovy:20)
	... 19 more]]></system-out>
      <system-err><![CDATA[2023-08-22 08:30:11 - [TEST_SUITE][FAILED] - SmokeSuite_AllModules: Test Cases/AccountManagement/TS_SMOKE_SUITE_016 FAILED.
Reason:
com.kms.katalon.core.exception.StepFailedException: Unable to set text 'null' of object 'Object Repository/AccountManagement/UpdatePeronalData_Account'
	at com.kms.katalon.core.webui.keyword.internal.WebUIKeywordMain.stepFailed(WebUIKeywordMain.groovy:64)
	at com.kms.katalon.core.webui.keyword.internal.WebUIKeywordMain.runKeyword(WebUIKeywordMain.groovy:26)
	at com.kms.katalon.core.webui.keyword.builtin.SetTextKeyword.setText(SetTextKeyword.groovy:66)
	at com.kms.katalon.core.webui.keyword.builtin.SetTextKeyword.execute(SetTextKeyword.groovy:37)
	at com.kms.katalon.core.keyword.internal.KeywordExecutor.executeKeywordForPlatform(KeywordExecutor.groovy:74)
	at com.kms.katalon.core.webui.keyword.WebUiBuiltInKeywords.setText(WebUiBuiltInKeywords.groovy:980)
	at com.kms.katalon.core.webui.keyword.WebUiBuiltInKeywords$setText$3.call(Unknown Source)
	at TS_SMOKE_SUITE_016.run(TS_SMOKE_SUITE_016:44)
	at com.kms.katalon.core.main.ScriptEngine.run(ScriptEngine.java:194)
	at com.kms.katalon.core.main.ScriptEngine.runScriptAsRawText(ScriptEngine.java:119)
	at com.kms.katalon.core.main.TestCaseExecutor.runScript(TestCaseExecutor.java:448)
	at com.kms.katalon.core.main.TestCaseExecutor.doExecute(TestCaseExecutor.java:439)
	at com.kms.katalon.core.main.TestCaseExecutor.processExecutionPhase(TestCaseExecutor.java:418)
	at com.kms.katalon.core.main.TestCaseExecutor.accessMainPhase(TestCaseExecutor.java:410)
	at com.kms.katalon.core.main.TestCaseExecutor.execute(TestCaseExecutor.java:285)
	at com.kms.katalon.core.common.CommonExecutor.accessTestCaseMainPhase(CommonExecutor.java:65)
	at com.kms.katalon.core.main.TestSuiteExecutor.accessTestSuiteMainPhase(TestSuiteExecutor.java:148)
	at com.kms.katalon.core.main.TestSuiteExecutor.execute(TestSuiteExecutor.java:106)
	at com.kms.katalon.core.main.TestCaseMain.startTestSuite(TestCaseMain.java:187)
	at com.kms.katalon.core.main.TestCaseMain$startTestSuite$0.call(Unknown Source)
	at TempTestSuite1692673207080.run(TempTestSuite1692673207080.groovy:36)
Caused by: java.lang.IllegalArgumentException: Text is null
	at com.kms.katalon.core.webui.keyword.builtin.SetTextKeyword$_setText_closure1.doCall(SetTextKeyword.groovy:48)
	at com.kms.katalon.core.webui.keyword.builtin.SetTextKeyword$_setText_closure1.call(SetTextKeyword.groovy)
	at com.kms.katalon.core.webui.keyword.internal.WebUIKeywordMain.runKeyword(WebUIKeywordMain.groovy:20)
	... 19 more]]></system-err>
   </testsuite>
</testsuites>
