<?xml version="1.0" encoding="UTF-8"?>
<testsuites name="Demo" time="86.262" tests="1" failures="0" errors="0">
   <testsuite name="Demo" tests="1" failures="0" errors="0" time="86.262" skipped="0" timestamp="2023-08-02 17:11:17" hostname="user - DESKTOP-MMGTPVS" id="Test Suites/Demo">
      <properties>
         <property name="deviceName" value=""/>
         <property name="devicePlatform" value=""/>
         <property name="logFolder" value="D:\\Projects\\Liverpool_SmokeSuite\\Reports\\20230802_171050\\Demo\\20230802_171051"/>
         <property name="logFiles" value="D:\\Projects\\Liverpool_SmokeSuite\\Reports\\20230802_171050\\Demo\\20230802_171051\\execution0.log"/>
         <property name="attachments" value=""/>
         <property name="hostName" value="user - DESKTOP-MMGTPVS"/>
         <property name="os" value="Windows 10 64bit"/>
         <property name="katalonVersion" value="8.5.5.208"/>
         <property name="browser" value="Chrome 107.0.0.0"/>
         <property name="hostAddress" value="172.22.45.190"/>
         <property name="sessionId" value="773b303da810e487f247952203561b2e"/>
         <property name="seleniumVersion" value="3.141.59"/>
         <property name="proxyInformation" value="ProxyInformation { proxyOption=NO_PROXY, proxyServerType=HTTP, username=, password=********, proxyServerAddress=, proxyServerPort=0, executionList=&quot;&quot;, isApplyToDesiredCapabilities=true }"/>
         <property name="platform" value="Windows 10"/>
      </properties>
      <testcase name="Test Cases/HomePage/TS_SMOKE_SUITE_001" time="85.18" classname="Test Cases/HomePage/TS_SMOKE_SUITE_001" status="PASSED">
         <system-out><![CDATA[2023-08-02 17:11:18 - [TEST_CASE][PASSED] - Test Cases/HomePage/TS_SMOKE_SUITE_001: Test Cases/HomePage/TS_SMOKE_SUITE_001

2023-08-02 17:11:20 - [TEST_STEP][PASSED] - openBrowser(""): Browser is opened with url: ''

2023-08-02 17:11:23 - [MESSAGE][INFO] - Starting 'Chrome' driver

2023-08-02 17:11:23 - [MESSAGE][INFO] - Action delay is set to 0 milliseconds

2023-08-02 17:11:40 - [MESSAGE][PASSED] - Browser is opened with url: ''

2023-08-02 17:11:40 - [TEST_STEP][PASSED] - navigateToUrl(url): Navigate to 'https://odtaqaa.liverpool.com.mx/tienda/home' successfully

2023-08-02 17:12:41 - [MESSAGE][PASSED] - Navigate to 'https://odtaqaa.liverpool.com.mx/tienda/home' successfully

2023-08-02 17:12:41 - [TEST_STEP][PASSED] - verifyElementPresent(findTestObject("HomePage/Logo_hp"), 0): Object 'Object Repository/HomePage/Logo_hp' is present

2023-08-02 17:12:41 - [MESSAGE][WARNING] - Timeout '0' is invalid. Using default page load timeout: '30'

2023-08-02 17:12:42 - [MESSAGE][PASSED] - Object 'Object Repository/HomePage/Logo_hp' is present

2023-08-02 17:12:42 - [TEST_STEP][PASSED] - closeBrowser(): Browser is closed

2023-08-02 17:12:43 - [MESSAGE][PASSED] - Browser is closed]]></system-out>
         <system-err><![CDATA[]]></system-err>
      </testcase>
      <system-out><![CDATA[2023-08-02 17:11:17 - [TEST_SUITE][PASSED] - Demo: Test Cases/HomePage/TS_SMOKE_SUITE_001]]></system-out>
      <system-err><![CDATA[]]></system-err>
   </testsuite>
</testsuites>
