<?xml version="1.0" encoding="UTF-8"?>
<testsuites name="AccountManagement" time="68.055" tests="1" failures="0" errors="0">
   <testsuite name="AccountManagement" tests="1" failures="0" errors="0" time="68.055" skipped="0" timestamp="2023-08-16 01:45:13" hostname="DELL - DESKTOP-L51QJLB" id="Test Suites/AccountManagement">
      <properties>
         <property name="deviceName" value=""/>
         <property name="devicePlatform" value=""/>
         <property name="logFolder" value="D:\\backup\\Liverpool_SmokeSuite1\\Reports\\20230816_011943\\AccountManagement\\20230816_014500"/>
         <property name="logFiles" value="D:\\backup\\Liverpool_SmokeSuite1\\Reports\\20230816_011943\\AccountManagement\\20230816_014500\\execution0.log"/>
         <property name="attachments" value=""/>
         <property name="hostName" value="DELL - DESKTOP-L51QJLB"/>
         <property name="os" value="Windows 10 64bit"/>
         <property name="katalonVersion" value="8.5.5.208"/>
         <property name="browser" value="Chrome 115.0.0.0"/>
         <property name="hostAddress" value="172.22.45.208"/>
         <property name="sessionId" value="9a667806694d5ac31af6e92420c2cd2b"/>
         <property name="seleniumVersion" value="3.141.59"/>
         <property name="proxyInformation" value="ProxyInformation { proxyOption=NO_PROXY, proxyServerType=HTTP, username=, password=********, proxyServerAddress=, proxyServerPort=0, executionList=&quot;&quot;, isApplyToDesiredCapabilities=true }"/>
         <property name="platform" value="Windows 10"/>
      </properties>
      <testcase name="Test Cases/AccountManagement/TS_SMOKE_SUITE_016" time="67.12" classname="Test Cases/AccountManagement/TS_SMOKE_SUITE_016" status="INCOMPLETE">
         <system-out><![CDATA[2023-08-16 01:45:14 - [TEST_CASE][INCOMPLETE] - Test Cases/AccountManagement/TS_SMOKE_SUITE_016: null

2023-08-16 01:45:15 - [TEST_STEP][PASSED] - openBrowser(""): Browser is opened with url: ''

2023-08-16 01:45:17 - [MESSAGE][INFO] - Starting 'Chrome' driver

2023-08-16 01:45:18 - [MESSAGE][INFO] - Action delay is set to 0 milliseconds

2023-08-16 01:45:22 - [MESSAGE][PASSED] - Browser is opened with url: ''

2023-08-16 01:45:22 - [TEST_STEP][PASSED] - navigateToUrl(URL): Navigate to 'https://odtaqaa.liverpool.com.mx/tienda/home' successfully

2023-08-16 01:46:15 - [MESSAGE][PASSED] - Navigate to 'https://odtaqaa.liverpool.com.mx/tienda/home' successfully

2023-08-16 01:46:15 - [TEST_STEP][PASSED] - maximizeWindow(): Current window maximized

2023-08-16 01:46:16 - [MESSAGE][PASSED] - Current window maximized

2023-08-16 01:46:16 - [TEST_STEP][PASSED] - click(findTestObject("HomePage/Iniciar sesion")): Object: 'Object Repository/HomePage/Iniciar sesion' is clicked on

2023-08-16 01:46:17 - [MESSAGE][PASSED] - Object: 'Object Repository/HomePage/Iniciar sesion' is clicked on

2023-08-16 01:46:17 - [TEST_STEP][INCOMPLETE] - callTestCase(findTestCase("CommonMethods/loginFromHomePage"), ["username":username, "password":password], STOP_ON_FAILURE): null

2023-08-16 01:46:18 - [TEST_CASE][INCOMPLETE] - Test Cases/CommonMethods/loginFromHomePage: null

2023-08-16 01:46:18 - [TEST_STEP][PASSED] - delay(3): Delayed 3 second(s)

2023-08-16 01:46:21 - [MESSAGE][PASSED] - Delayed 3 second(s)

2023-08-16 01:46:21 - [TEST_STEP][INCOMPLETE] - click(findTestObject("HomePage/EnterUsername_LP")): null]]></system-out>
         <system-err><![CDATA[2023-08-16 01:45:14 - [TEST_CASE][INCOMPLETE] - Test Cases/AccountManagement/TS_SMOKE_SUITE_016: null]]></system-err>
      </testcase>
      <system-out><![CDATA[2023-08-16 01:45:13 - [TEST_SUITE][INCOMPLETE] - AccountManagement: null]]></system-out>
      <system-err><![CDATA[2023-08-16 01:45:13 - [TEST_SUITE][INCOMPLETE] - AccountManagement: null]]></system-err>
   </testsuite>
</testsuites>
