<?xml version="1.0" encoding="UTF-8"?>
<testsuites name="hp_listner" time="76.146" tests="2" failures="0" errors="0">
   <testsuite name="hp_listner" tests="2" failures="0" errors="0" time="76.146" skipped="0" timestamp="2023-09-01 16:54:54" hostname="DELL - DESKTOP-L51QJLB" id="Test Suites/hp_listner">
      <properties>
         <property name="deviceName" value=""/>
         <property name="devicePlatform" value=""/>
         <property name="logFolder" value="D:\\backup\\LiverpoolProject_SmokeSuite\\Reports\\20230901_165440\\hp_listner\\20230901_165440"/>
         <property name="logFiles" value="D:\\backup\\LiverpoolProject_SmokeSuite\\Reports\\20230901_165440\\hp_listner\\20230901_165440\\execution0.log"/>
         <property name="attachments" value=""/>
         <property name="hostName" value="DELL - DESKTOP-L51QJLB"/>
         <property name="os" value="Windows 10 64bit"/>
         <property name="katalonVersion" value="8.6.5.208"/>
         <property name="browser" value="Chrome 116.0.0.0"/>
         <property name="hostAddress" value="172.22.45.157"/>
         <property name="sessionId" value="6d643aace9a2715dc3716e6a62cb89f8"/>
         <property name="seleniumVersion" value="3.141.59"/>
         <property name="proxyInformation" value="ProxyInformation { proxyOption=NO_PROXY, proxyServerType=HTTP, username=, password=********, proxyServerAddress=, proxyServerPort=0, executionList=&quot;&quot;, isApplyToDesiredCapabilities=true }"/>
         <property name="platform" value="Windows 10"/>
      </properties>
      <testcase name="Test Cases/HomePage/TS_SMOKE_SUITE_001" time="2.095" classname="Test Cases/HomePage/TS_SMOKE_SUITE_001" status="PASSED">
         <system-out><![CDATA[2023-09-01 16:56:01 - [TEST_CASE][PASSED] - Test Cases/HomePage/TS_SMOKE_SUITE_001: Test Cases/HomePage/TS_SMOKE_SUITE_001

2023-09-01 16:56:02 - [TEST_STEP][PASSED] - Start listener action : sampleBeforeTestCase: null

2023-09-01 16:56:02 - [TEST_STEP][PASSED] - println(testCaseContext.getTestCaseId()): null

2023-09-01 16:56:02 - [TEST_STEP][PASSED] - println(testCaseContext.getTestCaseVariables()): null

2023-09-01 16:56:03 - [TEST_STEP][PASSED] - verifyElementPresent(findTestObject("HomePage/Logo_hp"), 0): Object 'Object Repository/HomePage/Logo_hp' is present

2023-09-01 16:56:03 - [MESSAGE][WARNING] - Timeout '0' is invalid. Using default page load timeout: '30'

2023-09-01 16:56:04 - [MESSAGE][PASSED] - Object 'Object Repository/HomePage/Logo_hp' is present

2023-09-01 16:56:04 - [TEST_STEP][PASSED] - Start listener action : sampleAfterTestCase: null

2023-09-01 16:56:04 - [TEST_STEP][PASSED] - println(testCaseContext.getTestCaseId()): null

2023-09-01 16:56:04 - [TEST_STEP][PASSED] - println(testCaseContext.getTestCaseStatus()): null]]></system-out>
         <system-err><![CDATA[]]></system-err>
      </testcase>
      <testcase name="Test Cases/HomePage/TS_SMOKE_SUITE_002" time="6.435" classname="Test Cases/HomePage/TS_SMOKE_SUITE_002" status="PASSED">
         <system-out><![CDATA[2023-09-01 16:56:04 - [TEST_CASE][PASSED] - Test Cases/HomePage/TS_SMOKE_SUITE_002: Test Cases/HomePage/TS_SMOKE_SUITE_002

2023-09-01 16:56:04 - [TEST_STEP][PASSED] - Start listener action : sampleBeforeTestCase: null

2023-09-01 16:56:04 - [TEST_STEP][PASSED] - println(testCaseContext.getTestCaseId()): null

2023-09-01 16:56:04 - [TEST_STEP][PASSED] - println(testCaseContext.getTestCaseVariables()): null

2023-09-01 16:56:04 - [TEST_STEP][PASSED] - verifyElementPresent(findTestObject("HomePage/Logo_hp"), 0): Object 'Object Repository/HomePage/Logo_hp' is present

2023-09-01 16:56:04 - [MESSAGE][WARNING] - Timeout '0' is invalid. Using default page load timeout: '30'

2023-09-01 16:56:05 - [MESSAGE][PASSED] - Object 'Object Repository/HomePage/Logo_hp' is present

2023-09-01 16:56:05 - [TEST_STEP][PASSED] - verifyElementPresent(findTestObject("HomePage/Departamentos"), 0): Object 'Object Repository/HomePage/Departamentos' is present

2023-09-01 16:56:05 - [MESSAGE][WARNING] - Timeout '0' is invalid. Using default page load timeout: '30'

2023-09-01 16:56:05 - [MESSAGE][PASSED] - Object 'Object Repository/HomePage/Departamentos' is present

2023-09-01 16:56:05 - [TEST_STEP][PASSED] - verifyElementPresent(findTestObject("HomePage/brand1_HP"), 0): Object 'Object Repository/HomePage/brand1_HP' is present

2023-09-01 16:56:05 - [MESSAGE][WARNING] - Timeout '0' is invalid. Using default page load timeout: '30'

2023-09-01 16:56:06 - [MESSAGE][PASSED] - Object 'Object Repository/HomePage/brand1_HP' is present

2023-09-01 16:56:06 - [TEST_STEP][PASSED] - verifyElementPresent(findTestObject("HomePage/brand2_HP"), 0): Object 'Object Repository/HomePage/brand2_HP' is present

2023-09-01 16:56:06 - [MESSAGE][WARNING] - Timeout '0' is invalid. Using default page load timeout: '30'

2023-09-01 16:56:06 - [MESSAGE][PASSED] - Object 'Object Repository/HomePage/brand2_HP' is present

2023-09-01 16:56:06 - [TEST_STEP][PASSED] - verifyElementPresent(findTestObject("HomePage/brand3_HP"), 0): Object 'Object Repository/HomePage/brand3_HP' is present

2023-09-01 16:56:06 - [MESSAGE][WARNING] - Timeout '0' is invalid. Using default page load timeout: '30'

2023-09-01 16:56:06 - [MESSAGE][PASSED] - Object 'Object Repository/HomePage/brand3_HP' is present

2023-09-01 16:56:06 - [TEST_STEP][PASSED] - verifyElementPresent(findTestObject("HomePage/brand4_HP"), 0): Object 'Object Repository/HomePage/brand4_HP' is present

2023-09-01 16:56:06 - [MESSAGE][WARNING] - Timeout '0' is invalid. Using default page load timeout: '30'

2023-09-01 16:56:07 - [MESSAGE][PASSED] - Object 'Object Repository/HomePage/brand4_HP' is present

2023-09-01 16:56:07 - [TEST_STEP][PASSED] - verifyElementPresent(findTestObject("HomePage/mesa_de_regalos_HP"), 0): Object 'Object Repository/HomePage/mesa_de_regalos_HP' is present

2023-09-01 16:56:07 - [MESSAGE][WARNING] - Timeout '0' is invalid. Using default page load timeout: '30'

2023-09-01 16:56:07 - [MESSAGE][PASSED] - Object 'Object Repository/HomePage/mesa_de_regalos_HP' is present

2023-09-01 16:56:07 - [TEST_STEP][PASSED] - verifyElementPresent(findTestObject("HomePage/credito_HP"), 0): Object 'Object Repository/HomePage/credito_HP' is present

2023-09-01 16:56:07 - [MESSAGE][WARNING] - Timeout '0' is invalid. Using default page load timeout: '30'

2023-09-01 16:56:08 - [MESSAGE][PASSED] - Object 'Object Repository/HomePage/credito_HP' is present

2023-09-01 16:56:08 - [TEST_STEP][PASSED] - verifyElementPresent(findTestObject("HomePage/MainSearchbar_HP"), 0): Object 'Object Repository/HomePage/MainSearchbar_HP' is present

2023-09-01 16:56:08 - [MESSAGE][WARNING] - Timeout '0' is invalid. Using default page load timeout: '30'

2023-09-01 16:56:08 - [MESSAGE][PASSED] - Object 'Object Repository/HomePage/MainSearchbar_HP' is present

2023-09-01 16:56:08 - [TEST_STEP][PASSED] - verifyElementPresent(findTestObject("HomePage/Iniciar sesion"), 0): Object 'Object Repository/HomePage/Iniciar sesion' is present

2023-09-01 16:56:08 - [MESSAGE][WARNING] - Timeout '0' is invalid. Using default page load timeout: '30'

2023-09-01 16:56:08 - [MESSAGE][PASSED] - Object 'Object Repository/HomePage/Iniciar sesion' is present

2023-09-01 16:56:08 - [TEST_STEP][PASSED] - verifyElementPresent(findTestObject("HomePage/Tiendas_HP"), 0): Object 'Object Repository/HomePage/Tiendas_HP' is present

2023-09-01 16:56:09 - [MESSAGE][WARNING] - Timeout '0' is invalid. Using default page load timeout: '30'

2023-09-01 16:56:09 - [MESSAGE][PASSED] - Object 'Object Repository/HomePage/Tiendas_HP' is present

2023-09-01 16:56:09 - [TEST_STEP][PASSED] - verifyElementPresent(findTestObject("HomePage/Mis Compras_hp"), 0): Object 'Object Repository/HomePage/Mis Compras_hp' is present

2023-09-01 16:56:09 - [MESSAGE][WARNING] - Timeout '0' is invalid. Using default page load timeout: '30'

2023-09-01 16:56:10 - [MESSAGE][PASSED] - Object 'Object Repository/HomePage/Mis Compras_hp' is present

2023-09-01 16:56:10 - [TEST_STEP][PASSED] - verifyElementPresent(findTestObject("HomePage/Ayuda_HP"), 0): Object 'Object Repository/HomePage/Ayuda_HP' is present

2023-09-01 16:56:10 - [MESSAGE][WARNING] - Timeout '0' is invalid. Using default page load timeout: '30'

2023-09-01 16:56:10 - [MESSAGE][PASSED] - Object 'Object Repository/HomePage/Ayuda_HP' is present

2023-09-01 16:56:10 - [TEST_STEP][PASSED] - Start listener action : sampleAfterTestCase: null

2023-09-01 16:56:10 - [TEST_STEP][PASSED] - println(testCaseContext.getTestCaseId()): null

2023-09-01 16:56:10 - [TEST_STEP][PASSED] - println(testCaseContext.getTestCaseStatus()): null]]></system-out>
         <system-err><![CDATA[]]></system-err>
      </testcase>
      <system-out><![CDATA[2023-09-01 16:54:54 - [TEST_SUITE][PASSED] - hp_listner: Test Cases/HomePage/TS_SMOKE_SUITE_002]]></system-out>
      <system-err><![CDATA[]]></system-err>
   </testsuite>
</testsuites>
