<?xml version="1.0" encoding="UTF-8"?>
<testsuites name="SmokeSuite_AllModules" time="8632.556" tests="56" failures="10" errors="0">
   <testsuite name="SmokeSuite_AllModules" tests="56" failures="10" errors="0" time="8632.556" skipped="0" timestamp="2023-08-24 16:23:46" hostname="DELL - DESKTOP-L51QJLB" id="Test Suites/SmokeSuite_AllModules">
      <properties>
         <property name="deviceName" value=""/>
         <property name="devicePlatform" value=""/>
         <property name="logFolder" value="D:\\backup\\LiverpoolProject_SmokeSuite\\Reports\\20230824_162340\\SmokeSuite_AllModules\\20230824_162340"/>
         <property name="logFiles" value="D:\\backup\\LiverpoolProject_SmokeSuite\\Reports\\20230824_162340\\SmokeSuite_AllModules\\20230824_162340\\execution0.log"/>
         <property name="attachments" value="D:\\backup\\LiverpoolProject_SmokeSuite\\Reports\\20230824_162340\\SmokeSuite_AllModules\\20230824_162340\\1692875073176.png, D:\\backup\\LiverpoolProject_SmokeSuite\\Reports\\20230824_162340\\SmokeSuite_AllModules\\20230824_162340\\1692875767574.png, D:\\backup\\LiverpoolProject_SmokeSuite\\Reports\\20230824_162340\\SmokeSuite_AllModules\\20230824_162340\\1692875809066.png, D:\\backup\\LiverpoolProject_SmokeSuite\\Reports\\20230824_162340\\SmokeSuite_AllModules\\20230824_162340\\1692875894705.png, D:\\backup\\LiverpoolProject_SmokeSuite\\Reports\\20230824_162340\\SmokeSuite_AllModules\\20230824_162340\\1692877870693.png, D:\\backup\\LiverpoolProject_SmokeSuite\\Reports\\20230824_162340\\SmokeSuite_AllModules\\20230824_162340\\1692878507670.png, D:\\backup\\LiverpoolProject_SmokeSuite\\Reports\\20230824_162340\\SmokeSuite_AllModules\\20230824_162340\\1692878538904.png, D:\\backup\\LiverpoolProject_SmokeSuite\\Reports\\20230824_162340\\SmokeSuite_AllModules\\20230824_162340\\1692878570296.png, D:\\backup\\LiverpoolProject_SmokeSuite\\Reports\\20230824_162340\\SmokeSuite_AllModules\\20230824_162340\\1692878601575.png, D:\\backup\\LiverpoolProject_SmokeSuite\\Reports\\20230824_162340\\SmokeSuite_AllModules\\20230824_162340\\1692879270813.png, D:\\backup\\LiverpoolProject_SmokeSuite\\Reports\\20230824_162340\\SmokeSuite_AllModules\\20230824_162340\\1692879711532.png, D:\\backup\\LiverpoolProject_SmokeSuite\\Reports\\20230824_162340\\SmokeSuite_AllModules\\20230824_162340\\1692880090134.png, D:\\backup\\LiverpoolProject_SmokeSuite\\Reports\\20230824_162340\\SmokeSuite_AllModules\\20230824_162340\\1692880090283.png, D:\\backup\\LiverpoolProject_SmokeSuite\\Reports\\20230824_162340\\SmokeSuite_AllModules\\20230824_162340\\1692880367440.png, D:\\backup\\LiverpoolProject_SmokeSuite\\Reports\\20230824_162340\\SmokeSuite_AllModules\\20230824_162340\\1692880367570.png, D:\\backup\\LiverpoolProject_SmokeSuite\\Reports\\20230824_162340\\SmokeSuite_AllModules\\20230824_162340\\1692881339077.png, D:\\backup\\LiverpoolProject_SmokeSuite\\Reports\\20230824_162340\\SmokeSuite_AllModules\\20230824_162340\\1692882850359.png, D:\\backup\\LiverpoolProject_SmokeSuite\\Reports\\20230824_162340\\SmokeSuite_AllModules\\20230824_162340\\1692883049827.png"/>
         <property name="hostName" value="DELL - DESKTOP-L51QJLB"/>
         <property name="os" value="Windows 10 64bit"/>
         <property name="katalonVersion" value="8.6.5.208"/>
         <property name="browser" value="Chrome 116.0.0.0"/>
         <property name="hostAddress" value="172.22.45.167"/>
         <property name="sessionId" value="d429ef244f092a8095a7c05505153656"/>
         <property name="seleniumVersion" value="3.141.59"/>
         <property name="proxyInformation" value="ProxyInformation { proxyOption=NO_PROXY, proxyServerType=HTTP, username=, password=********, proxyServerAddress=, proxyServerPort=0, executionList=&quot;&quot;, isApplyToDesiredCapabilities=true }"/>
         <property name="platform" value="Windows 10"/>
      </properties>
      <testcase name="Test Cases/AccountManagement/TS_SMOKE_SUITE_016" time="168.551" classname="Test Cases/AccountManagement/TS_SMOKE_SUITE_016" status="PASSED">
         <system-out><![CDATA[2023-08-24 16:23:46 - [TEST_CASE][PASSED] - Test Cases/AccountManagement/TS_SMOKE_SUITE_016: Test Cases/AccountManagement/TS_SMOKE_SUITE_016

2023-08-24 16:23:47 - [TEST_STEP][PASSED] - openBrowser(""): Browser is opened with url: ''

2023-08-24 16:23:48 - [MESSAGE][INFO] - Starting 'Chrome' driver

2023-08-24 16:23:48 - [MESSAGE][INFO] - Action delay is set to 0 milliseconds

2023-08-24 16:23:52 - [MESSAGE][PASSED] - Browser is opened with url: ''

2023-08-24 16:23:52 - [TEST_STEP][PASSED] - navigateToUrl(URL): Navigate to 'https://odtaqaa.liverpool.com.mx/tienda/home' successfully

2023-08-24 16:24:47 - [MESSAGE][PASSED] - Navigate to 'https://odtaqaa.liverpool.com.mx/tienda/home' successfully

2023-08-24 16:24:47 - [TEST_STEP][PASSED] - maximizeWindow(): Current window maximized

2023-08-24 16:24:47 - [MESSAGE][PASSED] - Current window maximized

2023-08-24 16:24:47 - [TEST_STEP][PASSED] - click(findTestObject("HomePage/Iniciar sesion")): Object: 'Object Repository/HomePage/Iniciar sesion' is clicked on

2023-08-24 16:24:48 - [MESSAGE][PASSED] - Object: 'Object Repository/HomePage/Iniciar sesion' is clicked on

2023-08-24 16:24:48 - [TEST_STEP][PASSED] - callTestCase(findTestCase("CommonMethods/loginFromHomePage"), ["username":AMUsername, "password":AMpassword], STOP_ON_FAILURE): Call Test Case 'Test Cases/CommonMethods/loginFromHomePage' successfully

2023-08-24 16:24:48 - [TEST_CASE][PASSED] - Test Cases/CommonMethods/loginFromHomePage: Test Cases/CommonMethods/loginFromHomePage

2023-08-24 16:24:48 - [TEST_STEP][PASSED] - delay(3): Delayed 3 second(s)

2023-08-24 16:24:51 - [MESSAGE][PASSED] - Delayed 3 second(s)

2023-08-24 16:24:51 - [TEST_STEP][PASSED] - click(findTestObject("HomePage/EnterUsername_LP")): Object: 'Object Repository/HomePage/EnterUsername_LP' is clicked on

2023-08-24 16:25:05 - [MESSAGE][PASSED] - Object: 'Object Repository/HomePage/EnterUsername_LP' is clicked on

2023-08-24 16:25:05 - [TEST_STEP][PASSED] - setText(findTestObject("HomePage/EnterUsername_LP"), username): Text 'sjagtap@digisprint.com' is set on object 'Object Repository/HomePage/EnterUsername_LP'

2023-08-24 16:25:06 - [MESSAGE][PASSED] - Text 'sjagtap@digisprint.com' is set on object 'Object Repository/HomePage/EnterUsername_LP'

2023-08-24 16:25:06 - [TEST_STEP][PASSED] - click(findTestObject("HomePage/EnterPassword_LP")): Object: 'Object Repository/HomePage/EnterPassword_LP' is clicked on

2023-08-24 16:25:06 - [MESSAGE][PASSED] - Object: 'Object Repository/HomePage/EnterPassword_LP' is clicked on

2023-08-24 16:25:06 - [TEST_STEP][PASSED] - setText(findTestObject("HomePage/EnterPassword_LP"), password): Text 'Shubham@123' is set on object 'Object Repository/HomePage/EnterPassword_LP'

2023-08-24 16:25:07 - [MESSAGE][PASSED] - Text 'Shubham@123' is set on object 'Object Repository/HomePage/EnterPassword_LP'

2023-08-24 16:25:07 - [TEST_STEP][PASSED] - click(findTestObject("HomePage/inciar")): Object: 'Object Repository/HomePage/inciar' is clicked on

2023-08-24 16:25:14 - [MESSAGE][PASSED] - Object: 'Object Repository/HomePage/inciar' is clicked on

2023-08-24 16:25:14 - [MESSAGE][PASSED] - Call Test Case 'Test Cases/CommonMethods/loginFromHomePage' successfully

2023-08-24 16:25:14 - [TEST_STEP][PASSED] - delay(5): Delayed 5 second(s)

2023-08-24 16:25:19 - [MESSAGE][PASSED] - Delayed 5 second(s)

2023-08-24 16:25:19 - [TEST_STEP][PASSED] - mouseOver(findTestObject("HomePage/AfterLogin_Homepage")): Object: 'Object Repository/HomePage/AfterLogin_Homepage' is hovered

2023-08-24 16:26:17 - [MESSAGE][PASSED] - Object: 'Object Repository/HomePage/AfterLogin_Homepage' is hovered

2023-08-24 16:26:17 - [TEST_STEP][PASSED] - click(findTestObject("AccountManagement/MyAccountButton_Account")): Object: 'Object Repository/AccountManagement/MyAccountButton_Account' is clicked on

2023-08-24 16:26:17 - [MESSAGE][PASSED] - Object: 'Object Repository/AccountManagement/MyAccountButton_Account' is clicked on

2023-08-24 16:26:17 - [TEST_STEP][PASSED] - click(findTestObject("AccountManagement/UpdatePeronalData_Account")): Object: 'Object Repository/AccountManagement/UpdatePeronalData_Account' is clicked on

2023-08-24 16:26:26 - [MESSAGE][PASSED] - Object: 'Object Repository/AccountManagement/UpdatePeronalData_Account' is clicked on

2023-08-24 16:26:26 - [TEST_STEP][PASSED] - verifyElementPresent(findTestObject("AccountManagement/updatePage_Account"), 0): Object 'Object Repository/AccountManagement/updatePage_Account' is present

2023-08-24 16:26:26 - [MESSAGE][WARNING] - Timeout '0' is invalid. Using default page load timeout: '30'

2023-08-24 16:26:29 - [MESSAGE][PASSED] - Object 'Object Repository/AccountManagement/updatePage_Account' is present

2023-08-24 16:26:29 - [TEST_STEP][PASSED] - name = customkeywords.myKeywords.randomString(): customkeywords.myKeywords.randomString is PASSED

2023-08-24 16:26:29 - [MESSAGE][INFO] - AgAdVWcQ

2023-08-24 16:26:29 - [MESSAGE][PASSED] - customkeywords.myKeywords.randomString is PASSED

2023-08-24 16:26:29 - [TEST_STEP][PASSED] - clearText(findTestObject("AccountManagement/FirstNameProfile_Account"), STOP_ON_FAILURE): Text of object 'Object Repository/AccountManagement/FirstNameProfile_Account' is cleared

2023-08-24 16:26:29 - [MESSAGE][PASSED] - Text of object 'Object Repository/AccountManagement/FirstNameProfile_Account' is cleared

2023-08-24 16:26:29 - [TEST_STEP][PASSED] - sendKeys(findTestObject("AccountManagement/FirstNameProfile_Account"), Keys.chord(CONTROL, "a")): Keys 'CONTROL + a' sent to object: 'Object Repository/AccountManagement/FirstNameProfile_Account'

2023-08-24 16:26:30 - [MESSAGE][PASSED] - Keys 'CONTROL + a' sent to object: 'Object Repository/AccountManagement/FirstNameProfile_Account'

2023-08-24 16:26:30 - [TEST_STEP][PASSED] - sendKeys(findTestObject("AccountManagement/FirstNameProfile_Account"), name): Keys 'AgAdVWcQ' sent to object: 'Object Repository/AccountManagement/FirstNameProfile_Account'

2023-08-24 16:26:30 - [MESSAGE][PASSED] - Keys 'AgAdVWcQ' sent to object: 'Object Repository/AccountManagement/FirstNameProfile_Account'

2023-08-24 16:26:30 - [TEST_STEP][PASSED] - lastname = getAttribute(findTestObject("AccountManagement/LastName_Account"), "value"): Attribute 'value' of object 'Object Repository/AccountManagement/LastName_Account' is: 'jagtap'

2023-08-24 16:26:31 - [MESSAGE][PASSED] - Attribute 'value' of object 'Object Repository/AccountManagement/LastName_Account' is: 'jagtap'

2023-08-24 16:26:31 - [TEST_STEP][PASSED] - println(lastname): null

2023-08-24 16:26:31 - [TEST_STEP][PASSED] - accountname = name + " " + lastname: null

2023-08-24 16:26:31 - [TEST_STEP][PASSED] - println(accountname): null

2023-08-24 16:26:31 - [TEST_STEP][PASSED] - click(findTestObject("AccountManagement/UpdateButton_Account")): Object: 'Object Repository/AccountManagement/UpdateButton_Account' is clicked on

2023-08-24 16:26:31 - [MESSAGE][PASSED] - Object: 'Object Repository/AccountManagement/UpdateButton_Account' is clicked on

2023-08-24 16:26:31 - [TEST_STEP][PASSED] - fnamelname = getText(findTestObject("AccountManagement/PersonalDataName_Account")): Text of object 'Object Repository/AccountManagement/PersonalDataName_Account' is: 'AgAdVWcQ jagtap'

2023-08-24 16:26:34 - [MESSAGE][PASSED] - Text of object 'Object Repository/AccountManagement/PersonalDataName_Account' is: 'AgAdVWcQ jagtap'

2023-08-24 16:26:34 - [TEST_STEP][PASSED] - println(fnamelname): null

2023-08-24 16:26:34 - [TEST_STEP][PASSED] - if (fnamelname == accountname): null

2023-08-24 16:26:34 - [TEST_STEP][PASSED] - println("Checked"): null

2023-08-24 16:26:34 - [TEST_STEP][PASSED] - closeBrowser(): Browser is closed

2023-08-24 16:26:35 - [MESSAGE][PASSED] - Browser is closed]]></system-out>
         <system-err><![CDATA[]]></system-err>
      </testcase>
      <testcase name="Test Cases/AccountManagement/TS_SMOKE_SUITE_017" time="270.634" classname="Test Cases/AccountManagement/TS_SMOKE_SUITE_017" status="PASSED">
         <system-out><![CDATA[2023-08-24 16:26:35 - [TEST_CASE][PASSED] - Test Cases/AccountManagement/TS_SMOKE_SUITE_017: Test Cases/AccountManagement/TS_SMOKE_SUITE_017

2023-08-24 16:26:35 - [TEST_STEP][PASSED] - openBrowser(""): Browser is opened with url: ''

2023-08-24 16:26:35 - [MESSAGE][INFO] - Starting 'Chrome' driver

2023-08-24 16:26:35 - [MESSAGE][INFO] - Action delay is set to 0 milliseconds

2023-08-24 16:26:37 - [MESSAGE][PASSED] - Browser is opened with url: ''

2023-08-24 16:26:37 - [TEST_STEP][PASSED] - navigateToUrl(URL): Navigate to 'https://odtaqaa.liverpool.com.mx/tienda/home' successfully

2023-08-24 16:27:39 - [MESSAGE][PASSED] - Navigate to 'https://odtaqaa.liverpool.com.mx/tienda/home' successfully

2023-08-24 16:27:39 - [TEST_STEP][PASSED] - maximizeWindow(): Current window maximized

2023-08-24 16:27:39 - [MESSAGE][PASSED] - Current window maximized

2023-08-24 16:27:39 - [TEST_STEP][PASSED] - click(findTestObject("HomePage/Iniciar sesion")): Object: 'Object Repository/HomePage/Iniciar sesion' is clicked on

2023-08-24 16:27:40 - [MESSAGE][PASSED] - Object: 'Object Repository/HomePage/Iniciar sesion' is clicked on

2023-08-24 16:27:40 - [TEST_STEP][PASSED] - callTestCase(findTestCase("CommonMethods/loginFromHomePage"), ["username":AMUsername, "password":AMpassword], STOP_ON_FAILURE): Call Test Case 'Test Cases/CommonMethods/loginFromHomePage' successfully

2023-08-24 16:27:40 - [TEST_CASE][PASSED] - Test Cases/CommonMethods/loginFromHomePage: Test Cases/CommonMethods/loginFromHomePage

2023-08-24 16:27:40 - [TEST_STEP][PASSED] - delay(3): Delayed 3 second(s)

2023-08-24 16:27:43 - [MESSAGE][PASSED] - Delayed 3 second(s)

2023-08-24 16:27:43 - [TEST_STEP][PASSED] - click(findTestObject("HomePage/EnterUsername_LP")): Object: 'Object Repository/HomePage/EnterUsername_LP' is clicked on

2023-08-24 16:28:07 - [MESSAGE][PASSED] - Object: 'Object Repository/HomePage/EnterUsername_LP' is clicked on

2023-08-24 16:28:07 - [TEST_STEP][PASSED] - setText(findTestObject("HomePage/EnterUsername_LP"), username): Text 'sjagtap@digisprint.com' is set on object 'Object Repository/HomePage/EnterUsername_LP'

2023-08-24 16:28:08 - [MESSAGE][PASSED] - Text 'sjagtap@digisprint.com' is set on object 'Object Repository/HomePage/EnterUsername_LP'

2023-08-24 16:28:08 - [TEST_STEP][PASSED] - click(findTestObject("HomePage/EnterPassword_LP")): Object: 'Object Repository/HomePage/EnterPassword_LP' is clicked on

2023-08-24 16:28:08 - [MESSAGE][PASSED] - Object: 'Object Repository/HomePage/EnterPassword_LP' is clicked on

2023-08-24 16:28:08 - [TEST_STEP][PASSED] - setText(findTestObject("HomePage/EnterPassword_LP"), password): Text 'Shubham@123' is set on object 'Object Repository/HomePage/EnterPassword_LP'

2023-08-24 16:28:09 - [MESSAGE][PASSED] - Text 'Shubham@123' is set on object 'Object Repository/HomePage/EnterPassword_LP'

2023-08-24 16:28:09 - [TEST_STEP][PASSED] - click(findTestObject("HomePage/inciar")): Object: 'Object Repository/HomePage/inciar' is clicked on

2023-08-24 16:28:20 - [MESSAGE][PASSED] - Object: 'Object Repository/HomePage/inciar' is clicked on

2023-08-24 16:28:20 - [MESSAGE][PASSED] - Call Test Case 'Test Cases/CommonMethods/loginFromHomePage' successfully

2023-08-24 16:28:20 - [TEST_STEP][PASSED] - delay(10): Delayed 10 second(s)

2023-08-24 16:28:30 - [MESSAGE][PASSED] - Delayed 10 second(s)

2023-08-24 16:28:30 - [TEST_STEP][PASSED] - mouseOver(findTestObject("HomePage/AfterLogin_Homepage")): Object: 'Object Repository/HomePage/AfterLogin_Homepage' is hovered

2023-08-24 16:29:28 - [MESSAGE][PASSED] - Object: 'Object Repository/HomePage/AfterLogin_Homepage' is hovered

2023-08-24 16:29:28 - [TEST_STEP][PASSED] - click(findTestObject("AccountManagement/MyAccountButton_Account")): Object: 'Object Repository/AccountManagement/MyAccountButton_Account' is clicked on

2023-08-24 16:29:29 - [MESSAGE][PASSED] - Object: 'Object Repository/AccountManagement/MyAccountButton_Account' is clicked on

2023-08-24 16:29:29 - [TEST_STEP][PASSED] - click(findTestObject("AccountManagement/DeliveryAddress_Account")): Object: 'Object Repository/AccountManagement/DeliveryAddress_Account' is clicked on

2023-08-24 16:29:35 - [MESSAGE][PASSED] - Object: 'Object Repository/AccountManagement/DeliveryAddress_Account' is clicked on

2023-08-24 16:29:35 - [TEST_STEP][PASSED] - click(findTestObject("AccountManagement/AddAdressPersonal_Account"), STOP_ON_FAILURE): Object: 'Object Repository/AccountManagement/AddAdressPersonal_Account' is clicked on

2023-08-24 16:30:02 - [MESSAGE][PASSED] - Object: 'Object Repository/AccountManagement/AddAdressPersonal_Account' is clicked on

2023-08-24 16:30:02 - [TEST_STEP][PASSED] - callTestCase(findTestCase("CommonMethods/SaveAddress_AccountManagment"), [:], STOP_ON_FAILURE): Call Test Case 'Test Cases/CommonMethods/SaveAddress_AccountManagment' successfully

2023-08-24 16:30:02 - [TEST_CASE][PASSED] - Test Cases/CommonMethods/SaveAddress_AccountManagment: Test Cases/CommonMethods/SaveAddress_AccountManagment

2023-08-24 16:30:02 - [TEST_STEP][PASSED] - name = customkeywords.myKeywords.randomString(): customkeywords.myKeywords.randomString is PASSED

2023-08-24 16:30:02 - [MESSAGE][INFO] - VRFuIgIz

2023-08-24 16:30:02 - [MESSAGE][PASSED] - customkeywords.myKeywords.randomString is PASSED

2023-08-24 16:30:02 - [TEST_STEP][PASSED] - TempAddress = name: null

2023-08-24 16:30:02 - [TEST_STEP][PASSED] - setText(findTestObject("AccountManagement/AddressAliases_Account"), name): Text 'VRFuIgIz' is set on object 'Object Repository/AccountManagement/AddressAliases_Account'

2023-08-24 16:30:40 - [MESSAGE][PASSED] - Text 'VRFuIgIz' is set on object 'Object Repository/AccountManagement/AddressAliases_Account'

2023-08-24 16:30:40 - [TEST_STEP][PASSED] - setText(findTestObject("AccountManagement/PostalCode_Account"), "14000"): Text '14000' is set on object 'Object Repository/AccountManagement/PostalCode_Account'

2023-08-24 16:30:41 - [MESSAGE][PASSED] - Text '14000' is set on object 'Object Repository/AccountManagement/PostalCode_Account'

2023-08-24 16:30:41 - [TEST_STEP][PASSED] - delay(10): Delayed 10 second(s)

2023-08-24 16:30:51 - [MESSAGE][PASSED] - Delayed 10 second(s)

2023-08-24 16:30:51 - [TEST_STEP][PASSED] - click(findTestObject("AccountManagement/City_Account"), STOP_ON_FAILURE): Object: 'Object Repository/AccountManagement/City_Account' is clicked on

2023-08-24 16:30:51 - [MESSAGE][PASSED] - Object: 'Object Repository/AccountManagement/City_Account' is clicked on

2023-08-24 16:30:51 - [TEST_STEP][PASSED] - setText(findTestObject("AccountManagement/City_Account"), "maxico"): Text 'maxico' is set on object 'Object Repository/AccountManagement/City_Account'

2023-08-24 16:30:55 - [MESSAGE][PASSED] - Text 'maxico' is set on object 'Object Repository/AccountManagement/City_Account'

2023-08-24 16:30:55 - [TEST_STEP][PASSED] - click(findTestObject("AccountManagement/StreetName_Account"), STOP_ON_FAILURE): Object: 'Object Repository/AccountManagement/StreetName_Account' is clicked on

2023-08-24 16:30:56 - [MESSAGE][PASSED] - Object: 'Object Repository/AccountManagement/StreetName_Account' is clicked on

2023-08-24 16:30:56 - [TEST_STEP][PASSED] - setText(findTestObject("AccountManagement/StreetName_Account"), "kmpt road"): Text 'kmpt road' is set on object 'Object Repository/AccountManagement/StreetName_Account'

2023-08-24 16:30:57 - [MESSAGE][PASSED] - Text 'kmpt road' is set on object 'Object Repository/AccountManagement/StreetName_Account'

2023-08-24 16:30:57 - [TEST_STEP][PASSED] - click(findTestObject("AccountManagement/ExtNumber_Account"), STOP_ON_FAILURE): Object: 'Object Repository/AccountManagement/ExtNumber_Account' is clicked on

2023-08-24 16:30:57 - [MESSAGE][PASSED] - Object: 'Object Repository/AccountManagement/ExtNumber_Account' is clicked on

2023-08-24 16:30:57 - [TEST_STEP][PASSED] - setText(findTestObject("AccountManagement/ExtNumber_Account"), "9823958982"): Text '9823958982' is set on object 'Object Repository/AccountManagement/ExtNumber_Account'

2023-08-24 16:30:58 - [MESSAGE][PASSED] - Text '9823958982' is set on object 'Object Repository/AccountManagement/ExtNumber_Account'

2023-08-24 16:30:58 - [TEST_STEP][PASSED] - click(findTestObject("AccountManagement/CellPhoneNumber_Account"), STOP_ON_FAILURE): Object: 'Object Repository/AccountManagement/CellPhoneNumber_Account' is clicked on

2023-08-24 16:30:58 - [MESSAGE][PASSED] - Object: 'Object Repository/AccountManagement/CellPhoneNumber_Account' is clicked on

2023-08-24 16:30:58 - [TEST_STEP][PASSED] - setText(findTestObject("AccountManagement/CellPhoneNumber_Account"), "9823459823"): Text '9823459823' is set on object 'Object Repository/AccountManagement/CellPhoneNumber_Account'

2023-08-24 16:30:59 - [MESSAGE][PASSED] - Text '9823459823' is set on object 'Object Repository/AccountManagement/CellPhoneNumber_Account'

2023-08-24 16:30:59 - [TEST_STEP][PASSED] - click(findTestObject("AccountManagement/lada_Account"), STOP_ON_FAILURE): Object: 'Object Repository/AccountManagement/lada_Account' is clicked on

2023-08-24 16:31:00 - [MESSAGE][PASSED] - Object: 'Object Repository/AccountManagement/lada_Account' is clicked on

2023-08-24 16:31:00 - [TEST_STEP][PASSED] - setText(findTestObject("AccountManagement/lada_Account"), "239"): Text '239' is set on object 'Object Repository/AccountManagement/lada_Account'

2023-08-24 16:31:00 - [MESSAGE][PASSED] - Text '239' is set on object 'Object Repository/AccountManagement/lada_Account'

2023-08-24 16:31:00 - [TEST_STEP][PASSED] - click(findTestObject("AccountManagement/personalNumber_Account"), STOP_ON_FAILURE): Object: 'Object Repository/AccountManagement/personalNumber_Account' is clicked on

2023-08-24 16:31:01 - [MESSAGE][PASSED] - Object: 'Object Repository/AccountManagement/personalNumber_Account' is clicked on

2023-08-24 16:31:01 - [TEST_STEP][PASSED] - setText(findTestObject("AccountManagement/personalNumber_Account"), "9358585"): Text '9358585' is set on object 'Object Repository/AccountManagement/personalNumber_Account'

2023-08-24 16:31:02 - [MESSAGE][PASSED] - Text '9358585' is set on object 'Object Repository/AccountManagement/personalNumber_Account'

2023-08-24 16:31:02 - [MESSAGE][PASSED] - Call Test Case 'Test Cases/CommonMethods/SaveAddress_AccountManagment' successfully

2023-08-24 16:31:02 - [TEST_STEP][PASSED] - click(findTestObject("AccountManagement/KeepButtonClickNCollection_Account")): Object: 'Object Repository/AccountManagement/KeepButtonClickNCollection_Account' is clicked on

2023-08-24 16:31:02 - [MESSAGE][PASSED] - Object: 'Object Repository/AccountManagement/KeepButtonClickNCollection_Account' is clicked on

2023-08-24 16:31:02 - [TEST_STEP][PASSED] - address = getText(findTestObject("AccountManagement/FirstPersonalShippingAddress_Account"), STOP_ON_FAILURE): Text of object 'Object Repository/AccountManagement/FirstPersonalShippingAddress_Account' is: 'VRFuIgIz'

2023-08-24 16:31:05 - [MESSAGE][PASSED] - Text of object 'Object Repository/AccountManagement/FirstPersonalShippingAddress_Account' is: 'VRFuIgIz'

2023-08-24 16:31:05 - [TEST_STEP][PASSED] - out.println(address): null

2023-08-24 16:31:05 - [TEST_STEP][PASSED] - out.println(TempAddress): null

2023-08-24 16:31:05 - [TEST_STEP][PASSED] - if (TempAddress == address): null

2023-08-24 16:31:05 - [TEST_STEP][PASSED] - println("Address is Added!"): null

2023-08-24 16:31:05 - [TEST_STEP][PASSED] - closeBrowser(): Browser is closed

2023-08-24 16:31:05 - [MESSAGE][PASSED] - Browser is closed]]></system-out>
         <system-err><![CDATA[]]></system-err>
      </testcase>
      <testcase name="Test Cases/AccountManagement/TS_SMOKE_SUITE_018" time="207.336" classname="Test Cases/AccountManagement/TS_SMOKE_SUITE_018" status="FAILED">
         <failure type="FAILED" message="Test Cases/AccountManagement/TS_SMOKE_SUITE_018 FAILED.
Reason:
com.kms.katalon.core.exception.StepFailedException: Unable to click on object 'Object Repository/AccountManagement/ClickAndCollectStores_accounts'
	at com.kms.katalon.core.webui.keyword.internal.WebUIKeywordMain.stepFailed(WebUIKeywordMain.groovy:64)
	at com.kms.katalon.core.webui.keyword.internal.WebUIKeywordMain.runKeyword(WebUIKeywordMain.groovy:26)
	at com.kms.katalon.core.webui.keyword.builtin.ClickKeyword.click(ClickKeyword.groovy:74)
	at com.kms.katalon.core.webui.keyword.builtin.ClickKeyword.execute(ClickKeyword.groovy:40)
	at com.kms.katalon.core.keyword.internal.KeywordExecutor.executeKeywordForPlatform(KeywordExecutor.groovy:74)
	at com.kms.katalon.core.webui.keyword.WebUiBuiltInKeywords.click(WebUiBuiltInKeywords.groovy:620)
	at com.kms.katalon.core.webui.keyword.WebUiBuiltInKeywords$click$2.call(Unknown Source)
	at TS_SMOKE_SUITE_018.run(TS_SMOKE_SUITE_018:88)
	at com.kms.katalon.core.main.ScriptEngine.run(ScriptEngine.java:194)
	at com.kms.katalon.core.main.ScriptEngine.runScriptAsRawText(ScriptEngine.java:119)
	at com.kms.katalon.core.main.TestCaseExecutor.runScript(TestCaseExecutor.java:448)
	at com.kms.katalon.core.main.TestCaseExecutor.doExecute(TestCaseExecutor.java:439)
	at com.kms.katalon.core.main.TestCaseExecutor.processExecutionPhase(TestCaseExecutor.java:418)
	at com.kms.katalon.core.main.TestCaseExecutor.accessMainPhase(TestCaseExecutor.java:410)
	at com.kms.katalon.core.main.TestCaseExecutor.execute(TestCaseExecutor.java:285)
	at com.kms.katalon.core.common.CommonExecutor.accessTestCaseMainPhase(CommonExecutor.java:65)
	at com.kms.katalon.core.main.TestSuiteExecutor.accessTestSuiteMainPhase(TestSuiteExecutor.java:148)
	at com.kms.katalon.core.main.TestSuiteExecutor.execute(TestSuiteExecutor.java:106)
	at com.kms.katalon.core.main.TestCaseMain.startTestSuite(TestCaseMain.java:187)
	at com.kms.katalon.core.main.TestCaseMain$startTestSuite$0.call(Unknown Source)
	at TempTestSuite1692874420462.run(TempTestSuite1692874420462.groovy:36)
Caused by: com.kms.katalon.core.webui.exception.WebElementNotFoundException: Web element with id: 'Object Repository/AccountManagement/ClickAndCollectStores_accounts' located by '(//span[@class='mdc-tab__ripple mdc-ripple-upgraded'])[2]' not found
	at com.kms.katalon.core.webui.common.WebUiCommonHelper.findWebElement(WebUiCommonHelper.java:1381)
	at com.kms.katalon.core.webui.keyword.internal.WebUIAbstractKeyword.findWebElement(WebUIAbstractKeyword.groovy:27)
	at com.kms.katalon.core.webui.keyword.builtin.ClickKeyword$_click_closure1.doCall(ClickKeyword.groovy:65)
	at com.kms.katalon.core.webui.keyword.builtin.ClickKeyword$_click_closure1.call(ClickKeyword.groovy)
	at com.kms.katalon.core.webui.keyword.internal.WebUIKeywordMain.runKeyword(WebUIKeywordMain.groovy:20)
	... 19 more
"/>
         <system-out><![CDATA[2023-08-24 16:31:06 - [TEST_CASE][FAILED] - Test Cases/AccountManagement/TS_SMOKE_SUITE_018: Test Cases/AccountManagement/TS_SMOKE_SUITE_018 FAILED.
Reason:
com.kms.katalon.core.exception.StepFailedException: Unable to click on object 'Object Repository/AccountManagement/ClickAndCollectStores_accounts'
	at com.kms.katalon.core.webui.keyword.internal.WebUIKeywordMain.stepFailed(WebUIKeywordMain.groovy:64)
	at com.kms.katalon.core.webui.keyword.internal.WebUIKeywordMain.runKeyword(WebUIKeywordMain.groovy:26)
	at com.kms.katalon.core.webui.keyword.builtin.ClickKeyword.click(ClickKeyword.groovy:74)
	at com.kms.katalon.core.webui.keyword.builtin.ClickKeyword.execute(ClickKeyword.groovy:40)
	at com.kms.katalon.core.keyword.internal.KeywordExecutor.executeKeywordForPlatform(KeywordExecutor.groovy:74)
	at com.kms.katalon.core.webui.keyword.WebUiBuiltInKeywords.click(WebUiBuiltInKeywords.groovy:620)
	at com.kms.katalon.core.webui.keyword.WebUiBuiltInKeywords$click$2.call(Unknown Source)
	at TS_SMOKE_SUITE_018.run(TS_SMOKE_SUITE_018:88)
	at com.kms.katalon.core.main.ScriptEngine.run(ScriptEngine.java:194)
	at com.kms.katalon.core.main.ScriptEngine.runScriptAsRawText(ScriptEngine.java:119)
	at com.kms.katalon.core.main.TestCaseExecutor.runScript(TestCaseExecutor.java:448)
	at com.kms.katalon.core.main.TestCaseExecutor.doExecute(TestCaseExecutor.java:439)
	at com.kms.katalon.core.main.TestCaseExecutor.processExecutionPhase(TestCaseExecutor.java:418)
	at com.kms.katalon.core.main.TestCaseExecutor.accessMainPhase(TestCaseExecutor.java:410)
	at com.kms.katalon.core.main.TestCaseExecutor.execute(TestCaseExecutor.java:285)
	at com.kms.katalon.core.common.CommonExecutor.accessTestCaseMainPhase(CommonExecutor.java:65)
	at com.kms.katalon.core.main.TestSuiteExecutor.accessTestSuiteMainPhase(TestSuiteExecutor.java:148)
	at com.kms.katalon.core.main.TestSuiteExecutor.execute(TestSuiteExecutor.java:106)
	at com.kms.katalon.core.main.TestCaseMain.startTestSuite(TestCaseMain.java:187)
	at com.kms.katalon.core.main.TestCaseMain$startTestSuite$0.call(Unknown Source)
	at TempTestSuite1692874420462.run(TempTestSuite1692874420462.groovy:36)
Caused by: com.kms.katalon.core.webui.exception.WebElementNotFoundException: Web element with id: 'Object Repository/AccountManagement/ClickAndCollectStores_accounts' located by '(//span[@class='mdc-tab__ripple mdc-ripple-upgraded'])[2]' not found
	at com.kms.katalon.core.webui.common.WebUiCommonHelper.findWebElement(WebUiCommonHelper.java:1381)
	at com.kms.katalon.core.webui.keyword.internal.WebUIAbstractKeyword.findWebElement(WebUIAbstractKeyword.groovy:27)
	at com.kms.katalon.core.webui.keyword.builtin.ClickKeyword$_click_closure1.doCall(ClickKeyword.groovy:65)
	at com.kms.katalon.core.webui.keyword.builtin.ClickKeyword$_click_closure1.call(ClickKeyword.groovy)
	at com.kms.katalon.core.webui.keyword.internal.WebUIKeywordMain.runKeyword(WebUIKeywordMain.groovy:20)
	... 19 more


2023-08-24 16:31:06 - [TEST_STEP][PASSED] - openBrowser(""): Browser is opened with url: ''

2023-08-24 16:31:06 - [MESSAGE][INFO] - Starting 'Chrome' driver

2023-08-24 16:31:06 - [MESSAGE][INFO] - Action delay is set to 0 milliseconds

2023-08-24 16:31:07 - [MESSAGE][PASSED] - Browser is opened with url: ''

2023-08-24 16:31:07 - [TEST_STEP][PASSED] - navigateToUrl(URL): Navigate to 'https://odtaqaa.liverpool.com.mx/tienda/home' successfully

2023-08-24 16:31:58 - [MESSAGE][PASSED] - Navigate to 'https://odtaqaa.liverpool.com.mx/tienda/home' successfully

2023-08-24 16:31:58 - [TEST_STEP][PASSED] - maximizeWindow(): Current window maximized

2023-08-24 16:31:58 - [MESSAGE][PASSED] - Current window maximized

2023-08-24 16:31:58 - [TEST_STEP][PASSED] - click(findTestObject("HomePage/Iniciar sesion")): Object: 'Object Repository/HomePage/Iniciar sesion' is clicked on

2023-08-24 16:31:58 - [MESSAGE][PASSED] - Object: 'Object Repository/HomePage/Iniciar sesion' is clicked on

2023-08-24 16:31:58 - [TEST_STEP][PASSED] - callTestCase(findTestCase("CommonMethods/loginFromHomePage"), ["username":AMUsername, "password":AMpassword], STOP_ON_FAILURE): Call Test Case 'Test Cases/CommonMethods/loginFromHomePage' successfully

2023-08-24 16:31:58 - [TEST_CASE][PASSED] - Test Cases/CommonMethods/loginFromHomePage: Test Cases/CommonMethods/loginFromHomePage

2023-08-24 16:31:58 - [TEST_STEP][PASSED] - delay(3): Delayed 3 second(s)

2023-08-24 16:32:01 - [MESSAGE][PASSED] - Delayed 3 second(s)

2023-08-24 16:32:01 - [TEST_STEP][PASSED] - click(findTestObject("HomePage/EnterUsername_LP")): Object: 'Object Repository/HomePage/EnterUsername_LP' is clicked on

2023-08-24 16:32:14 - [MESSAGE][PASSED] - Object: 'Object Repository/HomePage/EnterUsername_LP' is clicked on

2023-08-24 16:32:14 - [TEST_STEP][PASSED] - setText(findTestObject("HomePage/EnterUsername_LP"), username): Text 'sjagtap@digisprint.com' is set on object 'Object Repository/HomePage/EnterUsername_LP'

2023-08-24 16:32:15 - [MESSAGE][PASSED] - Text 'sjagtap@digisprint.com' is set on object 'Object Repository/HomePage/EnterUsername_LP'

2023-08-24 16:32:15 - [TEST_STEP][PASSED] - click(findTestObject("HomePage/EnterPassword_LP")): Object: 'Object Repository/HomePage/EnterPassword_LP' is clicked on

2023-08-24 16:32:15 - [MESSAGE][PASSED] - Object: 'Object Repository/HomePage/EnterPassword_LP' is clicked on

2023-08-24 16:32:15 - [TEST_STEP][PASSED] - setText(findTestObject("HomePage/EnterPassword_LP"), password): Text 'Shubham@123' is set on object 'Object Repository/HomePage/EnterPassword_LP'

2023-08-24 16:32:16 - [MESSAGE][PASSED] - Text 'Shubham@123' is set on object 'Object Repository/HomePage/EnterPassword_LP'

2023-08-24 16:32:16 - [TEST_STEP][PASSED] - click(findTestObject("HomePage/inciar")): Object: 'Object Repository/HomePage/inciar' is clicked on

2023-08-24 16:32:28 - [MESSAGE][PASSED] - Object: 'Object Repository/HomePage/inciar' is clicked on

2023-08-24 16:32:28 - [MESSAGE][PASSED] - Call Test Case 'Test Cases/CommonMethods/loginFromHomePage' successfully

2023-08-24 16:32:28 - [TEST_STEP][PASSED] - mouseOver(findTestObject("HomePage/AfterLogin_Homepage")): Object: 'Object Repository/HomePage/AfterLogin_Homepage' is hovered

2023-08-24 16:33:24 - [MESSAGE][PASSED] - Object: 'Object Repository/HomePage/AfterLogin_Homepage' is hovered

2023-08-24 16:33:24 - [TEST_STEP][PASSED] - click(findTestObject("AccountManagement/MyAccountButton_Account")): Object: 'Object Repository/AccountManagement/MyAccountButton_Account' is clicked on

2023-08-24 16:33:24 - [MESSAGE][PASSED] - Object: 'Object Repository/AccountManagement/MyAccountButton_Account' is clicked on

2023-08-24 16:33:24 - [TEST_STEP][PASSED] - click(findTestObject("AccountManagement/DeliveryAddress_Account")): Object: 'Object Repository/AccountManagement/DeliveryAddress_Account' is clicked on

2023-08-24 16:33:29 - [MESSAGE][PASSED] - Object: 'Object Repository/AccountManagement/DeliveryAddress_Account' is clicked on

2023-08-24 16:33:29 - [TEST_STEP][PASSED] - click(findTestObject("AccountManagement/ClickAndCollectStores_accounts")): Object: 'Object Repository/AccountManagement/ClickAndCollectStores_accounts' is clicked on

2023-08-24 16:33:46 - [MESSAGE][PASSED] - Object: 'Object Repository/AccountManagement/ClickAndCollectStores_accounts' is clicked on

2023-08-24 16:33:46 - [TEST_STEP][PASSED] - click(findTestObject("AccountManagement/AddClickNCollectionAddress_Account")): Object: 'Object Repository/AccountManagement/AddClickNCollectionAddress_Account' is clicked on

2023-08-24 16:33:51 - [MESSAGE][PASSED] - Object: 'Object Repository/AccountManagement/AddClickNCollectionAddress_Account' is clicked on

2023-08-24 16:33:51 - [TEST_STEP][PASSED] - click(findTestObject("AccountManagement/SelectStateClickNCollection_Account")): Object: 'Object Repository/AccountManagement/SelectStateClickNCollection_Account' is clicked on

2023-08-24 16:33:59 - [MESSAGE][PASSED] - Object: 'Object Repository/AccountManagement/SelectStateClickNCollection_Account' is clicked on

2023-08-24 16:33:59 - [TEST_STEP][PASSED] - click(findTestObject("AccountManagement/StateOptionClickNCollection_Account")): Object: 'Object Repository/AccountManagement/StateOptionClickNCollection_Account' is clicked on

2023-08-24 16:33:59 - [MESSAGE][PASSED] - Object: 'Object Repository/AccountManagement/StateOptionClickNCollection_Account' is clicked on

2023-08-24 16:33:59 - [TEST_STEP][PASSED] - click(findTestObject("AccountManagement/SelectAddressRadioButton_Account")): Object: 'Object Repository/AccountManagement/SelectAddressRadioButton_Account' is clicked on

2023-08-24 16:34:01 - [MESSAGE][PASSED] - Object: 'Object Repository/AccountManagement/SelectAddressRadioButton_Account' is clicked on

2023-08-24 16:34:01 - [TEST_STEP][PASSED] - StoreAddress = getText(findTestObject("AccountManagement/StoreNameClickNCollection_Account")): Text of object 'Object Repository/AccountManagement/StoreNameClickNCollection_Account' is: 'Liverpool Satélite'

2023-08-24 16:34:01 - [MESSAGE][PASSED] - Text of object 'Object Repository/AccountManagement/StoreNameClickNCollection_Account' is: 'Liverpool Satélite'

2023-08-24 16:34:01 - [TEST_STEP][PASSED] - scrollToElement(findTestObject("AccountManagement/KeepButtonClickNCollection_Account"), 0): Scroll to object 'Object Repository/AccountManagement/KeepButtonClickNCollection_Account' successfully

2023-08-24 16:34:01 - [MESSAGE][WARNING] - Timeout '0' is invalid. Using default page load timeout: '30'

2023-08-24 16:34:01 - [MESSAGE][PASSED] - Scroll to object 'Object Repository/AccountManagement/KeepButtonClickNCollection_Account' successfully

2023-08-24 16:34:01 - [TEST_STEP][PASSED] - click(findTestObject("AccountManagement/KeepButtonClickNCollection_Account")): Object: 'Object Repository/AccountManagement/KeepButtonClickNCollection_Account' is clicked on

2023-08-24 16:34:02 - [MESSAGE][PASSED] - Object: 'Object Repository/AccountManagement/KeepButtonClickNCollection_Account' is clicked on

2023-08-24 16:34:02 - [TEST_STEP][FAILED] - click(findTestObject("AccountManagement/ClickAndCollectStores_accounts")): Unable to click on object 'Object Repository/AccountManagement/ClickAndCollectStores_accounts' (Root cause: com.kms.katalon.core.exception.StepFailedException: Unable to click on object 'Object Repository/AccountManagement/ClickAndCollectStores_accounts'
	at com.kms.katalon.core.webui.keyword.internal.WebUIKeywordMain.stepFailed(WebUIKeywordMain.groovy:64)
	at com.kms.katalon.core.webui.keyword.internal.WebUIKeywordMain.runKeyword(WebUIKeywordMain.groovy:26)
	at com.kms.katalon.core.webui.keyword.builtin.ClickKeyword.click(ClickKeyword.groovy:74)
	at com.kms.katalon.core.webui.keyword.builtin.ClickKeyword.execute(ClickKeyword.groovy:40)
	at com.kms.katalon.core.keyword.internal.KeywordExecutor.executeKeywordForPlatform(KeywordExecutor.groovy:74)
	at com.kms.katalon.core.webui.keyword.WebUiBuiltInKeywords.click(WebUiBuiltInKeywords.groovy:620)
	at com.kms.katalon.core.webui.keyword.WebUiBuiltInKeywords$click$2.call(Unknown Source)
	at TS_SMOKE_SUITE_018.run(TS_SMOKE_SUITE_018:88)
	at com.kms.katalon.core.main.ScriptEngine.run(ScriptEngine.java:194)
	at com.kms.katalon.core.main.ScriptEngine.runScriptAsRawText(ScriptEngine.java:119)
	at com.kms.katalon.core.main.TestCaseExecutor.runScript(TestCaseExecutor.java:448)
	at com.kms.katalon.core.main.TestCaseExecutor.doExecute(TestCaseExecutor.java:439)
	at com.kms.katalon.core.main.TestCaseExecutor.processExecutionPhase(TestCaseExecutor.java:418)
	at com.kms.katalon.core.main.TestCaseExecutor.accessMainPhase(TestCaseExecutor.java:410)
	at com.kms.katalon.core.main.TestCaseExecutor.execute(TestCaseExecutor.java:285)
	at com.kms.katalon.core.common.CommonExecutor.accessTestCaseMainPhase(CommonExecutor.java:65)
	at com.kms.katalon.core.main.TestSuiteExecutor.accessTestSuiteMainPhase(TestSuiteExecutor.java:148)
	at com.kms.katalon.core.main.TestSuiteExecutor.execute(TestSuiteExecutor.java:106)
	at com.kms.katalon.core.main.TestCaseMain.startTestSuite(TestCaseMain.java:187)
	at com.kms.katalon.core.main.TestCaseMain$startTestSuite$0.call(Unknown Source)
	at TempTestSuite1692874420462.run(TempTestSuite1692874420462.groovy:36)
Caused by: com.kms.katalon.core.webui.exception.WebElementNotFoundException: Web element with id: 'Object Repository/AccountManagement/ClickAndCollectStores_accounts' located by '(//span[@class='mdc-tab__ripple mdc-ripple-upgraded'])[2]' not found
	at com.kms.katalon.core.webui.common.WebUiCommonHelper.findWebElement(WebUiCommonHelper.java:1381)
	at com.kms.katalon.core.webui.keyword.internal.WebUIAbstractKeyword.findWebElement(WebUIAbstractKeyword.groovy:27)
	at com.kms.katalon.core.webui.keyword.builtin.ClickKeyword$_click_closure1.doCall(ClickKeyword.groovy:65)
	at com.kms.katalon.core.webui.keyword.builtin.ClickKeyword$_click_closure1.call(ClickKeyword.groovy)
	at com.kms.katalon.core.webui.keyword.internal.WebUIKeywordMain.runKeyword(WebUIKeywordMain.groovy:20)
	at com.kms.katalon.core.webui.keyword.builtin.ClickKeyword.click(ClickKeyword.groovy:74)
	at com.kms.katalon.core.webui.keyword.builtin.ClickKeyword.execute(ClickKeyword.groovy:40)
	at com.kms.katalon.core.keyword.internal.KeywordExecutor.executeKeywordForPlatform(KeywordExecutor.groovy:74)
	at com.kms.katalon.core.webui.keyword.WebUiBuiltInKeywords.click(WebUiBuiltInKeywords.groovy:620)
	at com.kms.katalon.core.webui.keyword.WebUiBuiltInKeywords$click$2.call(Unknown Source)
	at Script1691411262773.run(Script1691411262773.groovy:88)
	... 13 more
)

2023-08-24 16:34:33 - [MESSAGE][INFO] - Unable to find the element located by 'By.xpath: (//span[@class='mdc-tab__ripple mdc-ripple-upgraded'])[2]'. Please recheck the objects properties to make sure the desired element is located. 

2023-08-24 16:34:33 - [MESSAGE][FAILED] - Unable to click on object 'Object Repository/AccountManagement/ClickAndCollectStores_accounts' (Root cause: com.kms.katalon.core.exception.StepFailedException: Unable to click on object 'Object Repository/AccountManagement/ClickAndCollectStores_accounts'
	at com.kms.katalon.core.webui.keyword.internal.WebUIKeywordMain.stepFailed(WebUIKeywordMain.groovy:64)
	at com.kms.katalon.core.webui.keyword.internal.WebUIKeywordMain.runKeyword(WebUIKeywordMain.groovy:26)
	at com.kms.katalon.core.webui.keyword.builtin.ClickKeyword.click(ClickKeyword.groovy:74)
	at com.kms.katalon.core.webui.keyword.builtin.ClickKeyword.execute(ClickKeyword.groovy:40)
	at com.kms.katalon.core.keyword.internal.KeywordExecutor.executeKeywordForPlatform(KeywordExecutor.groovy:74)
	at com.kms.katalon.core.webui.keyword.WebUiBuiltInKeywords.click(WebUiBuiltInKeywords.groovy:620)
	at com.kms.katalon.core.webui.keyword.WebUiBuiltInKeywords$click$2.call(Unknown Source)
	at TS_SMOKE_SUITE_018.run(TS_SMOKE_SUITE_018:88)
	at com.kms.katalon.core.main.ScriptEngine.run(ScriptEngine.java:194)
	at com.kms.katalon.core.main.ScriptEngine.runScriptAsRawText(ScriptEngine.java:119)
	at com.kms.katalon.core.main.TestCaseExecutor.runScript(TestCaseExecutor.java:448)
	at com.kms.katalon.core.main.TestCaseExecutor.doExecute(TestCaseExecutor.java:439)
	at com.kms.katalon.core.main.TestCaseExecutor.processExecutionPhase(TestCaseExecutor.java:418)
	at com.kms.katalon.core.main.TestCaseExecutor.accessMainPhase(TestCaseExecutor.java:410)
	at com.kms.katalon.core.main.TestCaseExecutor.execute(TestCaseExecutor.java:285)
	at com.kms.katalon.core.common.CommonExecutor.accessTestCaseMainPhase(CommonExecutor.java:65)
	at com.kms.katalon.core.main.TestSuiteExecutor.accessTestSuiteMainPhase(TestSuiteExecutor.java:148)
	at com.kms.katalon.core.main.TestSuiteExecutor.execute(TestSuiteExecutor.java:106)
	at com.kms.katalon.core.main.TestCaseMain.startTestSuite(TestCaseMain.java:187)
	at com.kms.katalon.core.main.TestCaseMain$startTestSuite$0.call(Unknown Source)
	at TempTestSuite1692874420462.run(TempTestSuite1692874420462.groovy:36)
Caused by: com.kms.katalon.core.webui.exception.WebElementNotFoundException: Web element with id: 'Object Repository/AccountManagement/ClickAndCollectStores_accounts' located by '(//span[@class='mdc-tab__ripple mdc-ripple-upgraded'])[2]' not found
	at com.kms.katalon.core.webui.common.WebUiCommonHelper.findWebElement(WebUiCommonHelper.java:1381)
	at com.kms.katalon.core.webui.keyword.internal.WebUIAbstractKeyword.findWebElement(WebUIAbstractKeyword.groovy:27)
	at com.kms.katalon.core.webui.keyword.builtin.ClickKeyword$_click_closure1.doCall(ClickKeyword.groovy:65)
	at com.kms.katalon.core.webui.keyword.builtin.ClickKeyword$_click_closure1.call(ClickKeyword.groovy)
	at com.kms.katalon.core.webui.keyword.internal.WebUIKeywordMain.runKeyword(WebUIKeywordMain.groovy:20)
	at com.kms.katalon.core.webui.keyword.builtin.ClickKeyword.click(ClickKeyword.groovy:74)
	at com.kms.katalon.core.webui.keyword.builtin.ClickKeyword.execute(ClickKeyword.groovy:40)
	at com.kms.katalon.core.keyword.internal.KeywordExecutor.executeKeywordForPlatform(KeywordExecutor.groovy:74)
	at com.kms.katalon.core.webui.keyword.WebUiBuiltInKeywords.click(WebUiBuiltInKeywords.groovy:620)
	at com.kms.katalon.core.webui.keyword.WebUiBuiltInKeywords$click$2.call(Unknown Source)
	at Script1691411262773.run(Script1691411262773.groovy:88)
	... 13 more
)
[[ATTACHMENT|D:\\backup\\LiverpoolProject_SmokeSuite\\Reports\\20230824_162340\\SmokeSuite_AllModules\\20230824_162340\\1692875073176.png]]]]></system-out>
         <system-err><![CDATA[2023-08-24 16:31:06 - [TEST_CASE][FAILED] - Test Cases/AccountManagement/TS_SMOKE_SUITE_018: Test Cases/AccountManagement/TS_SMOKE_SUITE_018 FAILED.
Reason:
com.kms.katalon.core.exception.StepFailedException: Unable to click on object 'Object Repository/AccountManagement/ClickAndCollectStores_accounts'
	at com.kms.katalon.core.webui.keyword.internal.WebUIKeywordMain.stepFailed(WebUIKeywordMain.groovy:64)
	at com.kms.katalon.core.webui.keyword.internal.WebUIKeywordMain.runKeyword(WebUIKeywordMain.groovy:26)
	at com.kms.katalon.core.webui.keyword.builtin.ClickKeyword.click(ClickKeyword.groovy:74)
	at com.kms.katalon.core.webui.keyword.builtin.ClickKeyword.execute(ClickKeyword.groovy:40)
	at com.kms.katalon.core.keyword.internal.KeywordExecutor.executeKeywordForPlatform(KeywordExecutor.groovy:74)
	at com.kms.katalon.core.webui.keyword.WebUiBuiltInKeywords.click(WebUiBuiltInKeywords.groovy:620)
	at com.kms.katalon.core.webui.keyword.WebUiBuiltInKeywords$click$2.call(Unknown Source)
	at TS_SMOKE_SUITE_018.run(TS_SMOKE_SUITE_018:88)
	at com.kms.katalon.core.main.ScriptEngine.run(ScriptEngine.java:194)
	at com.kms.katalon.core.main.ScriptEngine.runScriptAsRawText(ScriptEngine.java:119)
	at com.kms.katalon.core.main.TestCaseExecutor.runScript(TestCaseExecutor.java:448)
	at com.kms.katalon.core.main.TestCaseExecutor.doExecute(TestCaseExecutor.java:439)
	at com.kms.katalon.core.main.TestCaseExecutor.processExecutionPhase(TestCaseExecutor.java:418)
	at com.kms.katalon.core.main.TestCaseExecutor.accessMainPhase(TestCaseExecutor.java:410)
	at com.kms.katalon.core.main.TestCaseExecutor.execute(TestCaseExecutor.java:285)
	at com.kms.katalon.core.common.CommonExecutor.accessTestCaseMainPhase(CommonExecutor.java:65)
	at com.kms.katalon.core.main.TestSuiteExecutor.accessTestSuiteMainPhase(TestSuiteExecutor.java:148)
	at com.kms.katalon.core.main.TestSuiteExecutor.execute(TestSuiteExecutor.java:106)
	at com.kms.katalon.core.main.TestCaseMain.startTestSuite(TestCaseMain.java:187)
	at com.kms.katalon.core.main.TestCaseMain$startTestSuite$0.call(Unknown Source)
	at TempTestSuite1692874420462.run(TempTestSuite1692874420462.groovy:36)
Caused by: com.kms.katalon.core.webui.exception.WebElementNotFoundException: Web element with id: 'Object Repository/AccountManagement/ClickAndCollectStores_accounts' located by '(//span[@class='mdc-tab__ripple mdc-ripple-upgraded'])[2]' not found
	at com.kms.katalon.core.webui.common.WebUiCommonHelper.findWebElement(WebUiCommonHelper.java:1381)
	at com.kms.katalon.core.webui.keyword.internal.WebUIAbstractKeyword.findWebElement(WebUIAbstractKeyword.groovy:27)
	at com.kms.katalon.core.webui.keyword.builtin.ClickKeyword$_click_closure1.doCall(ClickKeyword.groovy:65)
	at com.kms.katalon.core.webui.keyword.builtin.ClickKeyword$_click_closure1.call(ClickKeyword.groovy)
	at com.kms.katalon.core.webui.keyword.internal.WebUIKeywordMain.runKeyword(WebUIKeywordMain.groovy:20)
	... 19 more]]></system-err>
      </testcase>
      <testcase name="Test Cases/AccountManagement/TS_SMOKE_SUITE_019" time="251.457" classname="Test Cases/AccountManagement/TS_SMOKE_SUITE_019" status="PASSED">
         <system-out><![CDATA[2023-08-24 16:34:33 - [TEST_CASE][PASSED] - Test Cases/AccountManagement/TS_SMOKE_SUITE_019: Test Cases/AccountManagement/TS_SMOKE_SUITE_019

2023-08-24 16:34:33 - [TEST_STEP][PASSED] - openBrowser(""): Browser is opened with url: ''

2023-08-24 16:34:33 - [MESSAGE][WARNING] - A browser is already opened. Closing browser and opening a new one

2023-08-24 16:34:34 - [MESSAGE][INFO] - Starting 'Chrome' driver

2023-08-24 16:34:34 - [MESSAGE][INFO] - Action delay is set to 0 milliseconds

2023-08-24 16:34:35 - [MESSAGE][PASSED] - Browser is opened with url: ''

2023-08-24 16:34:35 - [TEST_STEP][PASSED] - navigateToUrl(URL): Navigate to 'https://odtaqaa.liverpool.com.mx/tienda/home' successfully

2023-08-24 16:35:38 - [MESSAGE][PASSED] - Navigate to 'https://odtaqaa.liverpool.com.mx/tienda/home' successfully

2023-08-24 16:35:38 - [TEST_STEP][PASSED] - maximizeWindow(): Current window maximized

2023-08-24 16:35:38 - [MESSAGE][PASSED] - Current window maximized

2023-08-24 16:35:38 - [TEST_STEP][PASSED] - click(findTestObject("HomePage/Iniciar sesion")): Object: 'Object Repository/HomePage/Iniciar sesion' is clicked on

2023-08-24 16:35:38 - [MESSAGE][PASSED] - Object: 'Object Repository/HomePage/Iniciar sesion' is clicked on

2023-08-24 16:35:38 - [TEST_STEP][PASSED] - callTestCase(findTestCase("CommonMethods/loginFromHomePage"), ["username":AMUsername, "password":AMpassword], STOP_ON_FAILURE): Call Test Case 'Test Cases/CommonMethods/loginFromHomePage' successfully

2023-08-24 16:35:38 - [TEST_CASE][PASSED] - Test Cases/CommonMethods/loginFromHomePage: Test Cases/CommonMethods/loginFromHomePage

2023-08-24 16:35:38 - [TEST_STEP][PASSED] - delay(3): Delayed 3 second(s)

2023-08-24 16:35:41 - [MESSAGE][PASSED] - Delayed 3 second(s)

2023-08-24 16:35:41 - [TEST_STEP][PASSED] - click(findTestObject("HomePage/EnterUsername_LP")): Object: 'Object Repository/HomePage/EnterUsername_LP' is clicked on

2023-08-24 16:36:01 - [MESSAGE][PASSED] - Object: 'Object Repository/HomePage/EnterUsername_LP' is clicked on

2023-08-24 16:36:01 - [TEST_STEP][PASSED] - setText(findTestObject("HomePage/EnterUsername_LP"), username): Text 'sjagtap@digisprint.com' is set on object 'Object Repository/HomePage/EnterUsername_LP'

2023-08-24 16:36:01 - [MESSAGE][PASSED] - Text 'sjagtap@digisprint.com' is set on object 'Object Repository/HomePage/EnterUsername_LP'

2023-08-24 16:36:01 - [TEST_STEP][PASSED] - click(findTestObject("HomePage/EnterPassword_LP")): Object: 'Object Repository/HomePage/EnterPassword_LP' is clicked on

2023-08-24 16:36:02 - [MESSAGE][PASSED] - Object: 'Object Repository/HomePage/EnterPassword_LP' is clicked on

2023-08-24 16:36:02 - [TEST_STEP][PASSED] - setText(findTestObject("HomePage/EnterPassword_LP"), password): Text 'Shubham@123' is set on object 'Object Repository/HomePage/EnterPassword_LP'

2023-08-24 16:36:02 - [MESSAGE][PASSED] - Text 'Shubham@123' is set on object 'Object Repository/HomePage/EnterPassword_LP'

2023-08-24 16:36:02 - [TEST_STEP][PASSED] - click(findTestObject("HomePage/inciar")): Object: 'Object Repository/HomePage/inciar' is clicked on

2023-08-24 16:36:19 - [MESSAGE][PASSED] - Object: 'Object Repository/HomePage/inciar' is clicked on

2023-08-24 16:36:19 - [MESSAGE][PASSED] - Call Test Case 'Test Cases/CommonMethods/loginFromHomePage' successfully

2023-08-24 16:36:19 - [TEST_STEP][PASSED] - mouseOver(findTestObject("HomePage/AfterLogin_Homepage")): Object: 'Object Repository/HomePage/AfterLogin_Homepage' is hovered

2023-08-24 16:37:23 - [MESSAGE][PASSED] - Object: 'Object Repository/HomePage/AfterLogin_Homepage' is hovered

2023-08-24 16:37:23 - [TEST_STEP][PASSED] - click(findTestObject("AccountManagement/MyAccountButton_Account")): Object: 'Object Repository/AccountManagement/MyAccountButton_Account' is clicked on

2023-08-24 16:37:23 - [MESSAGE][PASSED] - Object: 'Object Repository/AccountManagement/MyAccountButton_Account' is clicked on

2023-08-24 16:37:23 - [TEST_STEP][PASSED] - click(findTestObject("AccountManagement/DeliveryAddress_Account")): Object: 'Object Repository/AccountManagement/DeliveryAddress_Account' is clicked on

2023-08-24 16:37:33 - [MESSAGE][PASSED] - Object: 'Object Repository/AccountManagement/DeliveryAddress_Account' is clicked on

2023-08-24 16:37:33 - [TEST_STEP][PASSED] - click(findTestObject("AccountManagement/AddAdressPersonal_Account"), STOP_ON_FAILURE): Object: 'Object Repository/AccountManagement/AddAdressPersonal_Account' is clicked on

2023-08-24 16:38:11 - [MESSAGE][PASSED] - Object: 'Object Repository/AccountManagement/AddAdressPersonal_Account' is clicked on

2023-08-24 16:38:12 - [TEST_STEP][PASSED] - callTestCase(findTestCase("CommonMethods/SaveAddress_AccountManagment"), [:], STOP_ON_FAILURE): Call Test Case 'Test Cases/CommonMethods/SaveAddress_AccountManagment' successfully

2023-08-24 16:38:12 - [TEST_CASE][PASSED] - Test Cases/CommonMethods/SaveAddress_AccountManagment: Test Cases/CommonMethods/SaveAddress_AccountManagment

2023-08-24 16:38:12 - [TEST_STEP][PASSED] - name = customkeywords.myKeywords.randomString(): customkeywords.myKeywords.randomString is PASSED

2023-08-24 16:38:12 - [MESSAGE][INFO] - EOjmaqSC

2023-08-24 16:38:12 - [MESSAGE][PASSED] - customkeywords.myKeywords.randomString is PASSED

2023-08-24 16:38:12 - [TEST_STEP][PASSED] - TempAddress = name: null

2023-08-24 16:38:12 - [TEST_STEP][PASSED] - setText(findTestObject("AccountManagement/AddressAliases_Account"), name): Text 'EOjmaqSC' is set on object 'Object Repository/AccountManagement/AddressAliases_Account'

2023-08-24 16:38:18 - [MESSAGE][PASSED] - Text 'EOjmaqSC' is set on object 'Object Repository/AccountManagement/AddressAliases_Account'

2023-08-24 16:38:18 - [TEST_STEP][PASSED] - setText(findTestObject("AccountManagement/PostalCode_Account"), "14000"): Text '14000' is set on object 'Object Repository/AccountManagement/PostalCode_Account'

2023-08-24 16:38:18 - [MESSAGE][PASSED] - Text '14000' is set on object 'Object Repository/AccountManagement/PostalCode_Account'

2023-08-24 16:38:18 - [TEST_STEP][PASSED] - delay(10): Delayed 10 second(s)

2023-08-24 16:38:28 - [MESSAGE][PASSED] - Delayed 10 second(s)

2023-08-24 16:38:28 - [TEST_STEP][PASSED] - click(findTestObject("AccountManagement/City_Account"), STOP_ON_FAILURE): Object: 'Object Repository/AccountManagement/City_Account' is clicked on

2023-08-24 16:38:29 - [MESSAGE][PASSED] - Object: 'Object Repository/AccountManagement/City_Account' is clicked on

2023-08-24 16:38:29 - [TEST_STEP][PASSED] - setText(findTestObject("AccountManagement/City_Account"), "maxico"): Text 'maxico' is set on object 'Object Repository/AccountManagement/City_Account'

2023-08-24 16:38:33 - [MESSAGE][PASSED] - Text 'maxico' is set on object 'Object Repository/AccountManagement/City_Account'

2023-08-24 16:38:33 - [TEST_STEP][PASSED] - click(findTestObject("AccountManagement/StreetName_Account"), STOP_ON_FAILURE): Object: 'Object Repository/AccountManagement/StreetName_Account' is clicked on

2023-08-24 16:38:33 - [MESSAGE][PASSED] - Object: 'Object Repository/AccountManagement/StreetName_Account' is clicked on

2023-08-24 16:38:33 - [TEST_STEP][PASSED] - setText(findTestObject("AccountManagement/StreetName_Account"), "kmpt road"): Text 'kmpt road' is set on object 'Object Repository/AccountManagement/StreetName_Account'

2023-08-24 16:38:34 - [MESSAGE][PASSED] - Text 'kmpt road' is set on object 'Object Repository/AccountManagement/StreetName_Account'

2023-08-24 16:38:34 - [TEST_STEP][PASSED] - click(findTestObject("AccountManagement/ExtNumber_Account"), STOP_ON_FAILURE): Object: 'Object Repository/AccountManagement/ExtNumber_Account' is clicked on

2023-08-24 16:38:34 - [MESSAGE][PASSED] - Object: 'Object Repository/AccountManagement/ExtNumber_Account' is clicked on

2023-08-24 16:38:34 - [TEST_STEP][PASSED] - setText(findTestObject("AccountManagement/ExtNumber_Account"), "9823958982"): Text '9823958982' is set on object 'Object Repository/AccountManagement/ExtNumber_Account'

2023-08-24 16:38:35 - [MESSAGE][PASSED] - Text '9823958982' is set on object 'Object Repository/AccountManagement/ExtNumber_Account'

2023-08-24 16:38:35 - [TEST_STEP][PASSED] - click(findTestObject("AccountManagement/CellPhoneNumber_Account"), STOP_ON_FAILURE): Object: 'Object Repository/AccountManagement/CellPhoneNumber_Account' is clicked on

2023-08-24 16:38:36 - [MESSAGE][PASSED] - Object: 'Object Repository/AccountManagement/CellPhoneNumber_Account' is clicked on

2023-08-24 16:38:36 - [TEST_STEP][PASSED] - setText(findTestObject("AccountManagement/CellPhoneNumber_Account"), "9823459823"): Text '9823459823' is set on object 'Object Repository/AccountManagement/CellPhoneNumber_Account'

2023-08-24 16:38:36 - [MESSAGE][PASSED] - Text '9823459823' is set on object 'Object Repository/AccountManagement/CellPhoneNumber_Account'

2023-08-24 16:38:36 - [TEST_STEP][PASSED] - click(findTestObject("AccountManagement/lada_Account"), STOP_ON_FAILURE): Object: 'Object Repository/AccountManagement/lada_Account' is clicked on

2023-08-24 16:38:37 - [MESSAGE][PASSED] - Object: 'Object Repository/AccountManagement/lada_Account' is clicked on

2023-08-24 16:38:37 - [TEST_STEP][PASSED] - setText(findTestObject("AccountManagement/lada_Account"), "239"): Text '239' is set on object 'Object Repository/AccountManagement/lada_Account'

2023-08-24 16:38:38 - [MESSAGE][PASSED] - Text '239' is set on object 'Object Repository/AccountManagement/lada_Account'

2023-08-24 16:38:38 - [TEST_STEP][PASSED] - click(findTestObject("AccountManagement/personalNumber_Account"), STOP_ON_FAILURE): Object: 'Object Repository/AccountManagement/personalNumber_Account' is clicked on

2023-08-24 16:38:38 - [MESSAGE][PASSED] - Object: 'Object Repository/AccountManagement/personalNumber_Account' is clicked on

2023-08-24 16:38:38 - [TEST_STEP][PASSED] - setText(findTestObject("AccountManagement/personalNumber_Account"), "9358585"): Text '9358585' is set on object 'Object Repository/AccountManagement/personalNumber_Account'

2023-08-24 16:38:39 - [MESSAGE][PASSED] - Text '9358585' is set on object 'Object Repository/AccountManagement/personalNumber_Account'

2023-08-24 16:38:39 - [MESSAGE][PASSED] - Call Test Case 'Test Cases/CommonMethods/SaveAddress_AccountManagment' successfully

2023-08-24 16:38:39 - [TEST_STEP][PASSED] - click(findTestObject("AccountManagement/KeepButtonClickNCollection_Account")): Object: 'Object Repository/AccountManagement/KeepButtonClickNCollection_Account' is clicked on

2023-08-24 16:38:40 - [MESSAGE][PASSED] - Object: 'Object Repository/AccountManagement/KeepButtonClickNCollection_Account' is clicked on

2023-08-24 16:38:40 - [TEST_STEP][PASSED] - verifyElementPresent(findTestObject("AccountManagement/FirstPersonalShippingAddress_Account"), 0): Object 'Object Repository/AccountManagement/FirstPersonalShippingAddress_Account' is present

2023-08-24 16:38:40 - [MESSAGE][WARNING] - Timeout '0' is invalid. Using default page load timeout: '30'

2023-08-24 16:38:43 - [MESSAGE][PASSED] - Object 'Object Repository/AccountManagement/FirstPersonalShippingAddress_Account' is present

2023-08-24 16:38:43 - [TEST_STEP][PASSED] - closeBrowser(): Browser is closed

2023-08-24 16:38:44 - [MESSAGE][PASSED] - Browser is closed]]></system-out>
         <system-err><![CDATA[]]></system-err>
      </testcase>
      <testcase name="Test Cases/AccountManagement/TS_SMOKE_SUITE_020" time="196.83" classname="Test Cases/AccountManagement/TS_SMOKE_SUITE_020" status="PASSED">
         <system-out><![CDATA[2023-08-24 16:38:44 - [TEST_CASE][PASSED] - Test Cases/AccountManagement/TS_SMOKE_SUITE_020: Test Cases/AccountManagement/TS_SMOKE_SUITE_020

2023-08-24 16:38:45 - [TEST_STEP][PASSED] - openBrowser(""): Browser is opened with url: ''

2023-08-24 16:38:45 - [MESSAGE][INFO] - Starting 'Chrome' driver

2023-08-24 16:38:45 - [MESSAGE][INFO] - Action delay is set to 0 milliseconds

2023-08-24 16:38:46 - [MESSAGE][PASSED] - Browser is opened with url: ''

2023-08-24 16:38:46 - [TEST_STEP][PASSED] - navigateToUrl(URL): Navigate to 'https://odtaqaa.liverpool.com.mx/tienda/home' successfully

2023-08-24 16:39:52 - [MESSAGE][PASSED] - Navigate to 'https://odtaqaa.liverpool.com.mx/tienda/home' successfully

2023-08-24 16:39:52 - [TEST_STEP][PASSED] - maximizeWindow(): Current window maximized

2023-08-24 16:39:52 - [MESSAGE][PASSED] - Current window maximized

2023-08-24 16:39:52 - [TEST_STEP][PASSED] - click(findTestObject("HomePage/Iniciar sesion")): Object: 'Object Repository/HomePage/Iniciar sesion' is clicked on

2023-08-24 16:39:52 - [MESSAGE][PASSED] - Object: 'Object Repository/HomePage/Iniciar sesion' is clicked on

2023-08-24 16:39:52 - [TEST_STEP][PASSED] - callTestCase(findTestCase("CommonMethods/loginFromHomePage"), ["username":AMUsername, "password":AMpassword], STOP_ON_FAILURE): Call Test Case 'Test Cases/CommonMethods/loginFromHomePage' successfully

2023-08-24 16:39:53 - [TEST_CASE][PASSED] - Test Cases/CommonMethods/loginFromHomePage: Test Cases/CommonMethods/loginFromHomePage

2023-08-24 16:39:53 - [TEST_STEP][PASSED] - delay(3): Delayed 3 second(s)

2023-08-24 16:39:56 - [MESSAGE][PASSED] - Delayed 3 second(s)

2023-08-24 16:39:56 - [TEST_STEP][PASSED] - click(findTestObject("HomePage/EnterUsername_LP")): Object: 'Object Repository/HomePage/EnterUsername_LP' is clicked on

2023-08-24 16:40:31 - [MESSAGE][PASSED] - Object: 'Object Repository/HomePage/EnterUsername_LP' is clicked on

2023-08-24 16:40:31 - [TEST_STEP][PASSED] - setText(findTestObject("HomePage/EnterUsername_LP"), username): Text 'sjagtap@digisprint.com' is set on object 'Object Repository/HomePage/EnterUsername_LP'

2023-08-24 16:40:32 - [MESSAGE][PASSED] - Text 'sjagtap@digisprint.com' is set on object 'Object Repository/HomePage/EnterUsername_LP'

2023-08-24 16:40:32 - [TEST_STEP][PASSED] - click(findTestObject("HomePage/EnterPassword_LP")): Object: 'Object Repository/HomePage/EnterPassword_LP' is clicked on

2023-08-24 16:40:32 - [MESSAGE][PASSED] - Object: 'Object Repository/HomePage/EnterPassword_LP' is clicked on

2023-08-24 16:40:32 - [TEST_STEP][PASSED] - setText(findTestObject("HomePage/EnterPassword_LP"), password): Text 'Shubham@123' is set on object 'Object Repository/HomePage/EnterPassword_LP'

2023-08-24 16:40:33 - [MESSAGE][PASSED] - Text 'Shubham@123' is set on object 'Object Repository/HomePage/EnterPassword_LP'

2023-08-24 16:40:33 - [TEST_STEP][PASSED] - click(findTestObject("HomePage/inciar")): Object: 'Object Repository/HomePage/inciar' is clicked on

2023-08-24 16:40:41 - [MESSAGE][PASSED] - Object: 'Object Repository/HomePage/inciar' is clicked on

2023-08-24 16:40:41 - [MESSAGE][PASSED] - Call Test Case 'Test Cases/CommonMethods/loginFromHomePage' successfully

2023-08-24 16:40:41 - [TEST_STEP][PASSED] - delay(10): Delayed 10 second(s)

2023-08-24 16:40:52 - [MESSAGE][PASSED] - Delayed 10 second(s)

2023-08-24 16:40:52 - [TEST_STEP][PASSED] - mouseOver(findTestObject("HomePage/AfterLogin_Homepage")): Object: 'Object Repository/HomePage/AfterLogin_Homepage' is hovered

2023-08-24 16:41:30 - [MESSAGE][PASSED] - Object: 'Object Repository/HomePage/AfterLogin_Homepage' is hovered

2023-08-24 16:41:30 - [TEST_STEP][PASSED] - click(findTestObject("AccountManagement/MyAccountButton_Account")): Object: 'Object Repository/AccountManagement/MyAccountButton_Account' is clicked on

2023-08-24 16:41:30 - [MESSAGE][PASSED] - Object: 'Object Repository/AccountManagement/MyAccountButton_Account' is clicked on

2023-08-24 16:41:30 - [TEST_STEP][PASSED] - click(findTestObject("AccountManagement/DeliveryAddress_Account")): Object: 'Object Repository/AccountManagement/DeliveryAddress_Account' is clicked on

2023-08-24 16:41:35 - [MESSAGE][PASSED] - Object: 'Object Repository/AccountManagement/DeliveryAddress_Account' is clicked on

2023-08-24 16:41:35 - [TEST_STEP][PASSED] - click(findTestObject("AccountManagement/ClickAndCollectStores_accounts")): Object: 'Object Repository/AccountManagement/ClickAndCollectStores_accounts' is clicked on

2023-08-24 16:41:50 - [MESSAGE][PASSED] - Object: 'Object Repository/AccountManagement/ClickAndCollectStores_accounts' is clicked on

2023-08-24 16:41:50 - [TEST_STEP][PASSED] - click(findTestObject("AccountManagement/ClickNCollection1stAddress_Account")): Object: 'Object Repository/AccountManagement/ClickNCollection1stAddress_Account' is clicked on

2023-08-24 16:41:57 - [MESSAGE][PASSED] - Object: 'Object Repository/AccountManagement/ClickNCollection1stAddress_Account' is clicked on

2023-08-24 16:41:57 - [TEST_STEP][PASSED] - click(findTestObject("AccountManagement/SetDefaultAddressClickNCollection")): Object: 'Object Repository/AccountManagement/SetDefaultAddressClickNCollection' is clicked on

2023-08-24 16:41:58 - [MESSAGE][PASSED] - Object: 'Object Repository/AccountManagement/SetDefaultAddressClickNCollection' is clicked on

2023-08-24 16:41:58 - [TEST_STEP][PASSED] - verifyElementPresent(findTestObject("AccountManagement/VerifyDefaultPresent_Account"), 0): Object 'Object Repository/AccountManagement/VerifyDefaultPresent_Account' is present

2023-08-24 16:41:58 - [MESSAGE][WARNING] - Timeout '0' is invalid. Using default page load timeout: '30'

2023-08-24 16:42:00 - [MESSAGE][PASSED] - Object 'Object Repository/AccountManagement/VerifyDefaultPresent_Account' is present

2023-08-24 16:42:00 - [TEST_STEP][PASSED] - closeBrowser(): Browser is closed

2023-08-24 16:42:01 - [MESSAGE][PASSED] - Browser is closed]]></system-out>
         <system-err><![CDATA[]]></system-err>
      </testcase>
      <testcase name="Test Cases/AccountManagement/TS_SMOKE_SUITE_021" time="164.645" classname="Test Cases/AccountManagement/TS_SMOKE_SUITE_021" status="PASSED">
         <system-out><![CDATA[2023-08-24 16:42:01 - [TEST_CASE][PASSED] - Test Cases/AccountManagement/TS_SMOKE_SUITE_021: Test Cases/AccountManagement/TS_SMOKE_SUITE_021

2023-08-24 16:42:01 - [TEST_STEP][PASSED] - openBrowser(""): Browser is opened with url: ''

2023-08-24 16:42:01 - [MESSAGE][INFO] - Starting 'Chrome' driver

2023-08-24 16:42:01 - [MESSAGE][INFO] - Action delay is set to 0 milliseconds

2023-08-24 16:42:03 - [MESSAGE][PASSED] - Browser is opened with url: ''

2023-08-24 16:42:03 - [TEST_STEP][PASSED] - navigateToUrl(URL): Navigate to 'https://odtaqaa.liverpool.com.mx/tienda/home' successfully

2023-08-24 16:42:53 - [MESSAGE][PASSED] - Navigate to 'https://odtaqaa.liverpool.com.mx/tienda/home' successfully

2023-08-24 16:42:53 - [TEST_STEP][PASSED] - maximizeWindow(): Current window maximized

2023-08-24 16:42:53 - [MESSAGE][PASSED] - Current window maximized

2023-08-24 16:42:53 - [TEST_STEP][PASSED] - click(findTestObject("HomePage/Iniciar sesion")): Object: 'Object Repository/HomePage/Iniciar sesion' is clicked on

2023-08-24 16:42:53 - [MESSAGE][PASSED] - Object: 'Object Repository/HomePage/Iniciar sesion' is clicked on

2023-08-24 16:42:53 - [TEST_STEP][PASSED] - callTestCase(findTestCase("CommonMethods/loginFromHomePage"), ["username":AMUsername, "password":AMpassword], STOP_ON_FAILURE): Call Test Case 'Test Cases/CommonMethods/loginFromHomePage' successfully

2023-08-24 16:42:53 - [TEST_CASE][PASSED] - Test Cases/CommonMethods/loginFromHomePage: Test Cases/CommonMethods/loginFromHomePage

2023-08-24 16:42:53 - [TEST_STEP][PASSED] - delay(3): Delayed 3 second(s)

2023-08-24 16:42:56 - [MESSAGE][PASSED] - Delayed 3 second(s)

2023-08-24 16:42:56 - [TEST_STEP][PASSED] - click(findTestObject("HomePage/EnterUsername_LP")): Object: 'Object Repository/HomePage/EnterUsername_LP' is clicked on

2023-08-24 16:43:08 - [MESSAGE][PASSED] - Object: 'Object Repository/HomePage/EnterUsername_LP' is clicked on

2023-08-24 16:43:08 - [TEST_STEP][PASSED] - setText(findTestObject("HomePage/EnterUsername_LP"), username): Text 'sjagtap@digisprint.com' is set on object 'Object Repository/HomePage/EnterUsername_LP'

2023-08-24 16:43:09 - [MESSAGE][PASSED] - Text 'sjagtap@digisprint.com' is set on object 'Object Repository/HomePage/EnterUsername_LP'

2023-08-24 16:43:09 - [TEST_STEP][PASSED] - click(findTestObject("HomePage/EnterPassword_LP")): Object: 'Object Repository/HomePage/EnterPassword_LP' is clicked on

2023-08-24 16:43:09 - [MESSAGE][PASSED] - Object: 'Object Repository/HomePage/EnterPassword_LP' is clicked on

2023-08-24 16:43:09 - [TEST_STEP][PASSED] - setText(findTestObject("HomePage/EnterPassword_LP"), password): Text 'Shubham@123' is set on object 'Object Repository/HomePage/EnterPassword_LP'

2023-08-24 16:43:10 - [MESSAGE][PASSED] - Text 'Shubham@123' is set on object 'Object Repository/HomePage/EnterPassword_LP'

2023-08-24 16:43:10 - [TEST_STEP][PASSED] - click(findTestObject("HomePage/inciar")): Object: 'Object Repository/HomePage/inciar' is clicked on

2023-08-24 16:43:38 - [MESSAGE][PASSED] - Object: 'Object Repository/HomePage/inciar' is clicked on

2023-08-24 16:43:38 - [MESSAGE][PASSED] - Call Test Case 'Test Cases/CommonMethods/loginFromHomePage' successfully

2023-08-24 16:43:38 - [TEST_STEP][PASSED] - delay(10): Delayed 10 second(s)

2023-08-24 16:43:48 - [MESSAGE][PASSED] - Delayed 10 second(s)

2023-08-24 16:43:48 - [TEST_STEP][PASSED] - mouseOver(findTestObject("HomePage/AfterLogin_Homepage")): Object: 'Object Repository/HomePage/AfterLogin_Homepage' is hovered

2023-08-24 16:44:36 - [MESSAGE][PASSED] - Object: 'Object Repository/HomePage/AfterLogin_Homepage' is hovered

2023-08-24 16:44:36 - [TEST_STEP][PASSED] - click(findTestObject("AccountManagement/MyAccountButton_Account")): Object: 'Object Repository/AccountManagement/MyAccountButton_Account' is clicked on

2023-08-24 16:44:36 - [MESSAGE][PASSED] - Object: 'Object Repository/AccountManagement/MyAccountButton_Account' is clicked on

2023-08-24 16:44:36 - [TEST_STEP][PASSED] - click(findTestObject("AccountManagement/MyPaymentMethod_Account")): Object: 'Object Repository/AccountManagement/MyPaymentMethod_Account' is clicked on

2023-08-24 16:44:41 - [MESSAGE][PASSED] - Object: 'Object Repository/AccountManagement/MyPaymentMethod_Account' is clicked on

2023-08-24 16:44:41 - [TEST_STEP][PASSED] - verifyElementPresent(findTestObject("AccountManagement/PaymentMethodsSection_Account"), 0): Object 'Object Repository/AccountManagement/PaymentMethodsSection_Account' is present

2023-08-24 16:44:41 - [MESSAGE][WARNING] - Timeout '0' is invalid. Using default page load timeout: '30'

2023-08-24 16:44:45 - [MESSAGE][PASSED] - Object 'Object Repository/AccountManagement/PaymentMethodsSection_Account' is present

2023-08-24 16:44:45 - [TEST_STEP][PASSED] - closeBrowser(): Browser is closed

2023-08-24 16:44:46 - [MESSAGE][PASSED] - Browser is closed]]></system-out>
         <system-err><![CDATA[]]></system-err>
      </testcase>
      <testcase name="Test Cases/AccountManagement/TS_SMOKE_SUITE_022" time="122.924" classname="Test Cases/AccountManagement/TS_SMOKE_SUITE_022" status="FAILED">
         <failure type="FAILED" message="Test Cases/AccountManagement/TS_SMOKE_SUITE_022 FAILED.
Reason:
com.kms.katalon.core.exception.StepFailedException: Unable to move mouse over object 'Object Repository/HomePage/AfterLogin_Homepage'
	at com.kms.katalon.core.webui.keyword.internal.WebUIKeywordMain.stepFailed(WebUIKeywordMain.groovy:64)
	at com.kms.katalon.core.webui.keyword.internal.WebUIKeywordMain.runKeyword(WebUIKeywordMain.groovy:26)
	at com.kms.katalon.core.webui.keyword.builtin.MouseOverKeyword.mouseOver(MouseOverKeyword.groovy:66)
	at com.kms.katalon.core.webui.keyword.builtin.MouseOverKeyword.execute(MouseOverKeyword.groovy:40)
	at com.kms.katalon.core.keyword.internal.KeywordExecutor.executeKeywordForPlatform(KeywordExecutor.groovy:74)
	at com.kms.katalon.core.webui.keyword.WebUiBuiltInKeywords.mouseOver(WebUiBuiltInKeywords.groovy:806)
	at com.kms.katalon.core.webui.keyword.WebUiBuiltInKeywords$mouseOver$4.call(Unknown Source)
	at TS_SMOKE_SUITE_022.run(TS_SMOKE_SUITE_022:32)
	at com.kms.katalon.core.main.ScriptEngine.run(ScriptEngine.java:194)
	at com.kms.katalon.core.main.ScriptEngine.runScriptAsRawText(ScriptEngine.java:119)
	at com.kms.katalon.core.main.TestCaseExecutor.runScript(TestCaseExecutor.java:448)
	at com.kms.katalon.core.main.TestCaseExecutor.doExecute(TestCaseExecutor.java:439)
	at com.kms.katalon.core.main.TestCaseExecutor.processExecutionPhase(TestCaseExecutor.java:418)
	at com.kms.katalon.core.main.TestCaseExecutor.accessMainPhase(TestCaseExecutor.java:410)
	at com.kms.katalon.core.main.TestCaseExecutor.execute(TestCaseExecutor.java:285)
	at com.kms.katalon.core.common.CommonExecutor.accessTestCaseMainPhase(CommonExecutor.java:65)
	at com.kms.katalon.core.main.TestSuiteExecutor.accessTestSuiteMainPhase(TestSuiteExecutor.java:148)
	at com.kms.katalon.core.main.TestSuiteExecutor.execute(TestSuiteExecutor.java:106)
	at com.kms.katalon.core.main.TestCaseMain.startTestSuite(TestCaseMain.java:187)
	at com.kms.katalon.core.main.TestCaseMain$startTestSuite$0.call(Unknown Source)
	at TempTestSuite1692874420462.run(TempTestSuite1692874420462.groovy:36)
Caused by: com.kms.katalon.core.webui.exception.WebElementNotFoundException: Web element with id: 'Object Repository/HomePage/AfterLogin_Homepage' located by '//span[@class='a-header__topLink popover-session']' not found
	at com.kms.katalon.core.webui.common.WebUiCommonHelper.findWebElement(WebUiCommonHelper.java:1381)
	at com.kms.katalon.core.webui.keyword.internal.WebUIAbstractKeyword.findWebElement(WebUIAbstractKeyword.groovy:27)
	at com.kms.katalon.core.webui.keyword.internal.WebUIAbstractKeyword.findWebElement(WebUIAbstractKeyword.groovy:26)
	at com.kms.katalon.core.webui.keyword.builtin.MouseOverKeyword$_mouseOver_closure1.doCall(MouseOverKeyword.groovy:54)
	at com.kms.katalon.core.webui.keyword.builtin.MouseOverKeyword$_mouseOver_closure1.call(MouseOverKeyword.groovy)
	at com.kms.katalon.core.webui.keyword.internal.WebUIKeywordMain.runKeyword(WebUIKeywordMain.groovy:20)
	... 19 more
"/>
         <system-out><![CDATA[2023-08-24 16:44:46 - [TEST_CASE][FAILED] - Test Cases/AccountManagement/TS_SMOKE_SUITE_022: Test Cases/AccountManagement/TS_SMOKE_SUITE_022 FAILED.
Reason:
com.kms.katalon.core.exception.StepFailedException: Unable to move mouse over object 'Object Repository/HomePage/AfterLogin_Homepage'
	at com.kms.katalon.core.webui.keyword.internal.WebUIKeywordMain.stepFailed(WebUIKeywordMain.groovy:64)
	at com.kms.katalon.core.webui.keyword.internal.WebUIKeywordMain.runKeyword(WebUIKeywordMain.groovy:26)
	at com.kms.katalon.core.webui.keyword.builtin.MouseOverKeyword.mouseOver(MouseOverKeyword.groovy:66)
	at com.kms.katalon.core.webui.keyword.builtin.MouseOverKeyword.execute(MouseOverKeyword.groovy:40)
	at com.kms.katalon.core.keyword.internal.KeywordExecutor.executeKeywordForPlatform(KeywordExecutor.groovy:74)
	at com.kms.katalon.core.webui.keyword.WebUiBuiltInKeywords.mouseOver(WebUiBuiltInKeywords.groovy:806)
	at com.kms.katalon.core.webui.keyword.WebUiBuiltInKeywords$mouseOver$4.call(Unknown Source)
	at TS_SMOKE_SUITE_022.run(TS_SMOKE_SUITE_022:32)
	at com.kms.katalon.core.main.ScriptEngine.run(ScriptEngine.java:194)
	at com.kms.katalon.core.main.ScriptEngine.runScriptAsRawText(ScriptEngine.java:119)
	at com.kms.katalon.core.main.TestCaseExecutor.runScript(TestCaseExecutor.java:448)
	at com.kms.katalon.core.main.TestCaseExecutor.doExecute(TestCaseExecutor.java:439)
	at com.kms.katalon.core.main.TestCaseExecutor.processExecutionPhase(TestCaseExecutor.java:418)
	at com.kms.katalon.core.main.TestCaseExecutor.accessMainPhase(TestCaseExecutor.java:410)
	at com.kms.katalon.core.main.TestCaseExecutor.execute(TestCaseExecutor.java:285)
	at com.kms.katalon.core.common.CommonExecutor.accessTestCaseMainPhase(CommonExecutor.java:65)
	at com.kms.katalon.core.main.TestSuiteExecutor.accessTestSuiteMainPhase(TestSuiteExecutor.java:148)
	at com.kms.katalon.core.main.TestSuiteExecutor.execute(TestSuiteExecutor.java:106)
	at com.kms.katalon.core.main.TestCaseMain.startTestSuite(TestCaseMain.java:187)
	at com.kms.katalon.core.main.TestCaseMain$startTestSuite$0.call(Unknown Source)
	at TempTestSuite1692874420462.run(TempTestSuite1692874420462.groovy:36)
Caused by: com.kms.katalon.core.webui.exception.WebElementNotFoundException: Web element with id: 'Object Repository/HomePage/AfterLogin_Homepage' located by '//span[@class='a-header__topLink popover-session']' not found
	at com.kms.katalon.core.webui.common.WebUiCommonHelper.findWebElement(WebUiCommonHelper.java:1381)
	at com.kms.katalon.core.webui.keyword.internal.WebUIAbstractKeyword.findWebElement(WebUIAbstractKeyword.groovy:27)
	at com.kms.katalon.core.webui.keyword.internal.WebUIAbstractKeyword.findWebElement(WebUIAbstractKeyword.groovy:26)
	at com.kms.katalon.core.webui.keyword.builtin.MouseOverKeyword$_mouseOver_closure1.doCall(MouseOverKeyword.groovy:54)
	at com.kms.katalon.core.webui.keyword.builtin.MouseOverKeyword$_mouseOver_closure1.call(MouseOverKeyword.groovy)
	at com.kms.katalon.core.webui.keyword.internal.WebUIKeywordMain.runKeyword(WebUIKeywordMain.groovy:20)
	... 19 more


2023-08-24 16:44:46 - [TEST_STEP][PASSED] - openBrowser(""): Browser is opened with url: ''

2023-08-24 16:44:46 - [MESSAGE][INFO] - Starting 'Chrome' driver

2023-08-24 16:44:46 - [MESSAGE][INFO] - Action delay is set to 0 milliseconds

2023-08-24 16:44:47 - [MESSAGE][PASSED] - Browser is opened with url: ''

2023-08-24 16:44:47 - [TEST_STEP][PASSED] - navigateToUrl(URL): Navigate to 'https://odtaqaa.liverpool.com.mx/tienda/home' successfully

2023-08-24 16:45:55 - [MESSAGE][PASSED] - Navigate to 'https://odtaqaa.liverpool.com.mx/tienda/home' successfully

2023-08-24 16:45:55 - [TEST_STEP][PASSED] - maximizeWindow(): Current window maximized

2023-08-24 16:45:55 - [MESSAGE][PASSED] - Current window maximized

2023-08-24 16:45:55 - [TEST_STEP][PASSED] - click(findTestObject("HomePage/Iniciar sesion")): Object: 'Object Repository/HomePage/Iniciar sesion' is clicked on

2023-08-24 16:45:57 - [MESSAGE][PASSED] - Object: 'Object Repository/HomePage/Iniciar sesion' is clicked on

2023-08-24 16:45:57 - [TEST_STEP][PASSED] - callTestCase(findTestCase("CommonMethods/login_odtaqab"), [:], OPTIONAL): Unable to call Test Case 'Test Cases/CommonMethods/login_odtaqab' (Root cause: com.kms.katalon.core.exception.StepFailedException: Call Test Case 'Test Cases/CommonMethods/login_odtaqab' failed
	at com.kms.katalon.core.keyword.builtin.CallTestCaseKeyword$_callTestCase_closure1.doCall(CallTestCaseKeyword.groovy:63)
	at com.kms.katalon.core.keyword.builtin.CallTestCaseKeyword$_callTestCase_closure1.call(CallTestCaseKeyword.groovy)
	at com.kms.katalon.core.keyword.internal.KeywordMain.runKeyword(KeywordMain.groovy:75)
	at com.kms.katalon.core.keyword.builtin.CallTestCaseKeyword.callTestCase(CallTestCaseKeyword.groovy:81)
	at com.kms.katalon.core.keyword.builtin.CallTestCaseKeyword.execute(CallTestCaseKeyword.groovy:44)
	at com.kms.katalon.core.keyword.internal.KeywordExecutor.executeKeywordForPlatform(KeywordExecutor.groovy:74)
	at com.kms.katalon.core.keyword.BuiltinKeywords.callTestCase(BuiltinKeywords.groovy:310)
	at TS_SMOKE_SUITE_022.run(TS_SMOKE_SUITE_022:28)
	at com.kms.katalon.core.main.ScriptEngine.run(ScriptEngine.java:194)
	at com.kms.katalon.core.main.ScriptEngine.runScriptAsRawText(ScriptEngine.java:119)
	at com.kms.katalon.core.main.TestCaseExecutor.runScript(TestCaseExecutor.java:448)
	at com.kms.katalon.core.main.TestCaseExecutor.doExecute(TestCaseExecutor.java:439)
	at com.kms.katalon.core.main.TestCaseExecutor.processExecutionPhase(TestCaseExecutor.java:418)
	at com.kms.katalon.core.main.TestCaseExecutor.accessMainPhase(TestCaseExecutor.java:410)
	at com.kms.katalon.core.main.TestCaseExecutor.execute(TestCaseExecutor.java:285)
	at com.kms.katalon.core.common.CommonExecutor.accessTestCaseMainPhase(CommonExecutor.java:65)
	at com.kms.katalon.core.main.TestSuiteExecutor.accessTestSuiteMainPhase(TestSuiteExecutor.java:148)
	at com.kms.katalon.core.main.TestSuiteExecutor.execute(TestSuiteExecutor.java:106)
	at com.kms.katalon.core.main.TestCaseMain.startTestSuite(TestCaseMain.java:187)
	at com.kms.katalon.core.main.TestCaseMain$startTestSuite$0.call(Unknown Source)
	at TempTestSuite1692874420462.run(TempTestSuite1692874420462.groovy:36)
Caused by: com.kms.katalon.core.exception.StepFailedException: Unable to click on object 'Object Repository/HomePage/Iniciar sesion'
	at com.kms.katalon.core.webui.keyword.internal.WebUIKeywordMain.stepFailed(WebUIKeywordMain.groovy:64)
	at com.kms.katalon.core.webui.keyword.internal.WebUIKeywordMain.runKeyword(WebUIKeywordMain.groovy:26)
	at com.kms.katalon.core.webui.keyword.builtin.ClickKeyword.click(ClickKeyword.groovy:74)
	at com.kms.katalon.core.webui.keyword.builtin.ClickKeyword.execute(ClickKeyword.groovy:40)
	at com.kms.katalon.core.keyword.internal.KeywordExecutor.executeKeywordForPlatform(KeywordExecutor.groovy:74)
	at com.kms.katalon.core.webui.keyword.WebUiBuiltInKeywords.click(WebUiBuiltInKeywords.groovy:620)
	at com.kms.katalon.core.webui.keyword.WebUiBuiltInKeywords$click$2.call(Unknown Source)
	at login_odtaqab.run(login_odtaqab:20)
	at com.kms.katalon.core.main.ScriptEngine.run(ScriptEngine.java:194)
	at com.kms.katalon.core.main.ScriptEngine.runScriptAsRawText(ScriptEngine.java:119)
	at com.kms.katalon.core.main.TestCaseExecutor.runScript(TestCaseExecutor.java:448)
	at com.kms.katalon.core.main.TestCaseExecutor.doExecute(TestCaseExecutor.java:439)
	at com.kms.katalon.core.main.TestCaseExecutor.processExecutionPhase(TestCaseExecutor.java:418)
	at com.kms.katalon.core.main.TestCaseExecutor.accessMainPhase(TestCaseExecutor.java:410)
	at com.kms.katalon.core.main.TestCaseExecutor.execute(TestCaseExecutor.java:285)
	at com.kms.katalon.core.main.TestCaseMain.runTestCase(TestCaseMain.java:144)
	at com.kms.katalon.core.keyword.builtin.CallTestCaseKeyword$_callTestCase_closure1.doCall(CallTestCaseKeyword.groovy:59)
	... 20 more
Caused by: org.openqa.selenium.StaleElementReferenceException: stale element reference: stale element not found
  (Session info: chrome=116.0.5845.98)
For documentation on this error, please visit: https://www.seleniumhq.org/exceptions/stale_element_reference.html
Build info: version: '3.141.59', revision: 'e82be7d358', time: '2018-11-14T08:25:53'
System info: host: 'DESKTOP-L51QJLB', ip: '172.22.45.167', os.name: 'Windows 10', os.arch: 'amd64', os.version: '10.0', java.version: '1.8.0_282'
Driver info: com.kms.katalon.selenium.driver.CChromeDriver
Capabilities {acceptInsecureCerts: false, browserName: chrome, browserVersion: 116.0.5845.98, chrome: {chromedriverVersion: 116.0.5845.96 (1a3918166880..., userDataDir: C:\Users\DELL\AppData\Local...}, fedcm:accounts: true, goog:chromeOptions: {debuggerAddress: localhost:49482}, javascriptEnabled: true, networkConnectionEnabled: false, pageLoadStrategy: normal, platform: WINDOWS, platformName: WINDOWS, proxy: Proxy(), setWindowRect: true, strictFileInteractability: false, timeouts: {implicit: 0, pageLoad: 300000, script: 30000}, unhandledPromptBehavior: dismiss and notify, webauthn:extension:credBlob: true, webauthn:extension:largeBlob: true, webauthn:extension:minPinLength: true, webauthn:extension:prf: true, webauthn:virtualAuthenticators: true}
Session ID: 52fe6920e423600be31dc9d383f26ad6
	at org.openqa.selenium.remote.http.W3CHttpResponseCodec.createException(W3CHttpResponseCodec.java:187)
	at org.openqa.selenium.remote.http.W3CHttpResponseCodec.decode(W3CHttpResponseCodec.java:122)
	at org.openqa.selenium.remote.http.W3CHttpResponseCodec.decode(W3CHttpResponseCodec.java:49)
	at org.openqa.selenium.remote.HttpCommandExecutor.execute(HttpCommandExecutor.java:158)
	at org.openqa.selenium.remote.service.DriverCommandExecutor.execute(DriverCommandExecutor.java:83)
	at org.openqa.selenium.remote.RemoteWebDriver.execute(RemoteWebDriver.java:552)
	at com.kms.katalon.selenium.driver.CChromeDriver.execute(CChromeDriver.java:19)
	at org.openqa.selenium.remote.RemoteWebElement.execute(RemoteWebElement.java:285)
	at org.openqa.selenium.remote.RemoteWebElement.click(RemoteWebElement.java:84)
	at org.openqa.selenium.support.events.EventFiringWebDriver$EventFiringWebElement.lambda$new$0(EventFiringWebDriver.java:404)
	at com.sun.proxy.$Proxy11.click(Unknown Source)
	at org.openqa.selenium.support.events.EventFiringWebDriver$EventFiringWebElement.click(EventFiringWebDriver.java:417)
	at org.openqa.selenium.WebElement$click.call(Unknown Source)
	at com.kms.katalon.core.webui.keyword.builtin.ClickKeyword.clickUntilSuccessWithTimeout(ClickKeyword.groovy:81)
	at com.kms.katalon.core.webui.keyword.builtin.ClickKeyword.clickUntilSuccessWithTimeout(ClickKeyword.groovy)
	at com.kms.katalon.core.webui.keyword.builtin.ClickKeyword$_click_closure1.doCall(ClickKeyword.groovy:67)
	at com.kms.katalon.core.webui.keyword.builtin.ClickKeyword$_click_closure1.call(ClickKeyword.groovy)
	at com.kms.katalon.core.webui.keyword.internal.WebUIKeywordMain.runKeyword(WebUIKeywordMain.groovy:20)
	... 35 more
)

2023-08-24 16:45:57 - [TEST_CASE][FAILED] - Test Cases/CommonMethods/login_odtaqab: Test Cases/CommonMethods/login_odtaqab FAILED.
Reason:
com.kms.katalon.core.exception.StepFailedException: Unable to click on object 'Object Repository/HomePage/Iniciar sesion'
	at com.kms.katalon.core.webui.keyword.internal.WebUIKeywordMain.stepFailed(WebUIKeywordMain.groovy:64)
	at com.kms.katalon.core.webui.keyword.internal.WebUIKeywordMain.runKeyword(WebUIKeywordMain.groovy:26)
	at com.kms.katalon.core.webui.keyword.builtin.ClickKeyword.click(ClickKeyword.groovy:74)
	at com.kms.katalon.core.webui.keyword.builtin.ClickKeyword.execute(ClickKeyword.groovy:40)
	at com.kms.katalon.core.keyword.internal.KeywordExecutor.executeKeywordForPlatform(KeywordExecutor.groovy:74)
	at com.kms.katalon.core.webui.keyword.WebUiBuiltInKeywords.click(WebUiBuiltInKeywords.groovy:620)
	at com.kms.katalon.core.webui.keyword.WebUiBuiltInKeywords$click$2.call(Unknown Source)
	at login_odtaqab.run(login_odtaqab:20)
	at com.kms.katalon.core.main.ScriptEngine.run(ScriptEngine.java:194)
	at com.kms.katalon.core.main.ScriptEngine.runScriptAsRawText(ScriptEngine.java:119)
	at com.kms.katalon.core.main.TestCaseExecutor.runScript(TestCaseExecutor.java:448)
	at com.kms.katalon.core.main.TestCaseExecutor.doExecute(TestCaseExecutor.java:439)
	at com.kms.katalon.core.main.TestCaseExecutor.processExecutionPhase(TestCaseExecutor.java:418)
	at com.kms.katalon.core.main.TestCaseExecutor.accessMainPhase(TestCaseExecutor.java:410)
	at com.kms.katalon.core.main.TestCaseExecutor.execute(TestCaseExecutor.java:285)
	at com.kms.katalon.core.main.TestCaseMain.runTestCase(TestCaseMain.java:144)
	at com.kms.katalon.core.keyword.builtin.CallTestCaseKeyword$_callTestCase_closure1.doCall(CallTestCaseKeyword.groovy:59)
	at com.kms.katalon.core.keyword.builtin.CallTestCaseKeyword$_callTestCase_closure1.call(CallTestCaseKeyword.groovy)
	at com.kms.katalon.core.keyword.internal.KeywordMain.runKeyword(KeywordMain.groovy:75)
	at com.kms.katalon.core.keyword.builtin.CallTestCaseKeyword.callTestCase(CallTestCaseKeyword.groovy:81)
	at com.kms.katalon.core.keyword.builtin.CallTestCaseKeyword.execute(CallTestCaseKeyword.groovy:44)
	at com.kms.katalon.core.keyword.internal.KeywordExecutor.executeKeywordForPlatform(KeywordExecutor.groovy:74)
	at com.kms.katalon.core.keyword.BuiltinKeywords.callTestCase(BuiltinKeywords.groovy:310)
	at TS_SMOKE_SUITE_022.run(TS_SMOKE_SUITE_022:28)
	at com.kms.katalon.core.main.ScriptEngine.run(ScriptEngine.java:194)
	at com.kms.katalon.core.main.ScriptEngine.runScriptAsRawText(ScriptEngine.java:119)
	at com.kms.katalon.core.main.TestCaseExecutor.runScript(TestCaseExecutor.java:448)
	at com.kms.katalon.core.main.TestCaseExecutor.doExecute(TestCaseExecutor.java:439)
	at com.kms.katalon.core.main.TestCaseExecutor.processExecutionPhase(TestCaseExecutor.java:418)
	at com.kms.katalon.core.main.TestCaseExecutor.accessMainPhase(TestCaseExecutor.java:410)
	at com.kms.katalon.core.main.TestCaseExecutor.execute(TestCaseExecutor.java:285)
	at com.kms.katalon.core.common.CommonExecutor.accessTestCaseMainPhase(CommonExecutor.java:65)
	at com.kms.katalon.core.main.TestSuiteExecutor.accessTestSuiteMainPhase(TestSuiteExecutor.java:148)
	at com.kms.katalon.core.main.TestSuiteExecutor.execute(TestSuiteExecutor.java:106)
	at com.kms.katalon.core.main.TestCaseMain.startTestSuite(TestCaseMain.java:187)
	at com.kms.katalon.core.main.TestCaseMain$startTestSuite$0.call(Unknown Source)
	at TempTestSuite1692874420462.run(TempTestSuite1692874420462.groovy:36)
Caused by: org.openqa.selenium.StaleElementReferenceException: stale element reference: stale element not found
  (Session info: chrome=116.0.5845.98)
For documentation on this error, please visit: https://www.seleniumhq.org/exceptions/stale_element_reference.html
Build info: version: '3.141.59', revision: 'e82be7d358', time: '2018-11-14T08:25:53'
System info: host: 'DESKTOP-L51QJLB', ip: '172.22.45.167', os.name: 'Windows 10', os.arch: 'amd64', os.version: '10.0', java.version: '1.8.0_282'
Driver info: com.kms.katalon.selenium.driver.CChromeDriver
Capabilities {acceptInsecureCerts: false, browserName: chrome, browserVersion: 116.0.5845.98, chrome: {chromedriverVersion: 116.0.5845.96 (1a3918166880..., userDataDir: C:\Users\DELL\AppData\Local...}, fedcm:accounts: true, goog:chromeOptions: {debuggerAddress: localhost:49482}, javascriptEnabled: true, networkConnectionEnabled: false, pageLoadStrategy: normal, platform: WINDOWS, platformName: WINDOWS, proxy: Proxy(), setWindowRect: true, strictFileInteractability: false, timeouts: {implicit: 0, pageLoad: 300000, script: 30000}, unhandledPromptBehavior: dismiss and notify, webauthn:extension:credBlob: true, webauthn:extension:largeBlob: true, webauthn:extension:minPinLength: true, webauthn:extension:prf: true, webauthn:virtualAuthenticators: true}
Session ID: 52fe6920e423600be31dc9d383f26ad6
	at org.openqa.selenium.remote.http.W3CHttpResponseCodec.createException(W3CHttpResponseCodec.java:187)
	at org.openqa.selenium.remote.http.W3CHttpResponseCodec.decode(W3CHttpResponseCodec.java:122)
	at org.openqa.selenium.remote.http.W3CHttpResponseCodec.decode(W3CHttpResponseCodec.java:49)
	at org.openqa.selenium.remote.HttpCommandExecutor.execute(HttpCommandExecutor.java:158)
	at org.openqa.selenium.remote.service.DriverCommandExecutor.execute(DriverCommandExecutor.java:83)
	at org.openqa.selenium.remote.RemoteWebDriver.execute(RemoteWebDriver.java:552)
	at com.kms.katalon.selenium.driver.CChromeDriver.execute(CChromeDriver.java:19)
	at org.openqa.selenium.remote.RemoteWebElement.execute(RemoteWebElement.java:285)
	at org.openqa.selenium.remote.RemoteWebElement.click(RemoteWebElement.java:84)
	at org.openqa.selenium.support.events.EventFiringWebDriver$EventFiringWebElement.lambda$new$0(EventFiringWebDriver.java:404)
	at com.sun.proxy.$Proxy11.click(Unknown Source)
	at org.openqa.selenium.support.events.EventFiringWebDriver$EventFiringWebElement.click(EventFiringWebDriver.java:417)
	at org.openqa.selenium.WebElement$click.call(Unknown Source)
	at com.kms.katalon.core.webui.keyword.builtin.ClickKeyword.clickUntilSuccessWithTimeout(ClickKeyword.groovy:81)
	at com.kms.katalon.core.webui.keyword.builtin.ClickKeyword.clickUntilSuccessWithTimeout(ClickKeyword.groovy)
	at com.kms.katalon.core.webui.keyword.builtin.ClickKeyword$_click_closure1.doCall(ClickKeyword.groovy:67)
	at com.kms.katalon.core.webui.keyword.builtin.ClickKeyword$_click_closure1.call(ClickKeyword.groovy)
	at com.kms.katalon.core.webui.keyword.internal.WebUIKeywordMain.runKeyword(WebUIKeywordMain.groovy:20)
	... 35 more


2023-08-24 16:45:57 - [TEST_STEP][FAILED] - click(findTestObject("HomePage/Iniciar sesion")): Unable to click on object 'Object Repository/HomePage/Iniciar sesion' (Root cause: com.kms.katalon.core.exception.StepFailedException: Unable to click on object 'Object Repository/HomePage/Iniciar sesion'
	at com.kms.katalon.core.webui.keyword.internal.WebUIKeywordMain.stepFailed(WebUIKeywordMain.groovy:64)
	at com.kms.katalon.core.webui.keyword.internal.WebUIKeywordMain.runKeyword(WebUIKeywordMain.groovy:26)
	at com.kms.katalon.core.webui.keyword.builtin.ClickKeyword.click(ClickKeyword.groovy:74)
	at com.kms.katalon.core.webui.keyword.builtin.ClickKeyword.execute(ClickKeyword.groovy:40)
	at com.kms.katalon.core.keyword.internal.KeywordExecutor.executeKeywordForPlatform(KeywordExecutor.groovy:74)
	at com.kms.katalon.core.webui.keyword.WebUiBuiltInKeywords.click(WebUiBuiltInKeywords.groovy:620)
	at com.kms.katalon.core.webui.keyword.WebUiBuiltInKeywords$click$2.call(Unknown Source)
	at login_odtaqab.run(login_odtaqab:20)
	at com.kms.katalon.core.main.ScriptEngine.run(ScriptEngine.java:194)
	at com.kms.katalon.core.main.ScriptEngine.runScriptAsRawText(ScriptEngine.java:119)
	at com.kms.katalon.core.main.TestCaseExecutor.runScript(TestCaseExecutor.java:448)
	at com.kms.katalon.core.main.TestCaseExecutor.doExecute(TestCaseExecutor.java:439)
	at com.kms.katalon.core.main.TestCaseExecutor.processExecutionPhase(TestCaseExecutor.java:418)
	at com.kms.katalon.core.main.TestCaseExecutor.accessMainPhase(TestCaseExecutor.java:410)
	at com.kms.katalon.core.main.TestCaseExecutor.execute(TestCaseExecutor.java:285)
	at com.kms.katalon.core.main.TestCaseMain.runTestCase(TestCaseMain.java:144)
	at com.kms.katalon.core.keyword.builtin.CallTestCaseKeyword$_callTestCase_closure1.doCall(CallTestCaseKeyword.groovy:59)
	at com.kms.katalon.core.keyword.builtin.CallTestCaseKeyword$_callTestCase_closure1.call(CallTestCaseKeyword.groovy)
	at com.kms.katalon.core.keyword.internal.KeywordMain.runKeyword(KeywordMain.groovy:75)
	at com.kms.katalon.core.keyword.builtin.CallTestCaseKeyword.callTestCase(CallTestCaseKeyword.groovy:81)
	at com.kms.katalon.core.keyword.builtin.CallTestCaseKeyword.execute(CallTestCaseKeyword.groovy:44)
	at com.kms.katalon.core.keyword.internal.KeywordExecutor.executeKeywordForPlatform(KeywordExecutor.groovy:74)
	at com.kms.katalon.core.keyword.BuiltinKeywords.callTestCase(BuiltinKeywords.groovy:310)
	at TS_SMOKE_SUITE_022.run(TS_SMOKE_SUITE_022:28)
	at com.kms.katalon.core.main.ScriptEngine.run(ScriptEngine.java:194)
	at com.kms.katalon.core.main.ScriptEngine.runScriptAsRawText(ScriptEngine.java:119)
	at com.kms.katalon.core.main.TestCaseExecutor.runScript(TestCaseExecutor.java:448)
	at com.kms.katalon.core.main.TestCaseExecutor.doExecute(TestCaseExecutor.java:439)
	at com.kms.katalon.core.main.TestCaseExecutor.processExecutionPhase(TestCaseExecutor.java:418)
	at com.kms.katalon.core.main.TestCaseExecutor.accessMainPhase(TestCaseExecutor.java:410)
	at com.kms.katalon.core.main.TestCaseExecutor.execute(TestCaseExecutor.java:285)
	at com.kms.katalon.core.common.CommonExecutor.accessTestCaseMainPhase(CommonExecutor.java:65)
	at com.kms.katalon.core.main.TestSuiteExecutor.accessTestSuiteMainPhase(TestSuiteExecutor.java:148)
	at com.kms.katalon.core.main.TestSuiteExecutor.execute(TestSuiteExecutor.java:106)
	at com.kms.katalon.core.main.TestCaseMain.startTestSuite(TestCaseMain.java:187)
	at com.kms.katalon.core.main.TestCaseMain$startTestSuite$0.call(Unknown Source)
	at TempTestSuite1692874420462.run(TempTestSuite1692874420462.groovy:36)
Caused by: org.openqa.selenium.StaleElementReferenceException: stale element reference: stale element not found
  (Session info: chrome=116.0.5845.98)
For documentation on this error, please visit: https://www.seleniumhq.org/exceptions/stale_element_reference.html
Build info: version: '3.141.59', revision: 'e82be7d358', time: '2018-11-14T08:25:53'
System info: host: 'DESKTOP-L51QJLB', ip: '172.22.45.167', os.name: 'Windows 10', os.arch: 'amd64', os.version: '10.0', java.version: '1.8.0_282'
Driver info: com.kms.katalon.selenium.driver.CChromeDriver
Capabilities {acceptInsecureCerts: false, browserName: chrome, browserVersion: 116.0.5845.98, chrome: {chromedriverVersion: 116.0.5845.96 (1a3918166880..., userDataDir: C:\Users\DELL\AppData\Local...}, fedcm:accounts: true, goog:chromeOptions: {debuggerAddress: localhost:49482}, javascriptEnabled: true, networkConnectionEnabled: false, pageLoadStrategy: normal, platform: WINDOWS, platformName: WINDOWS, proxy: Proxy(), setWindowRect: true, strictFileInteractability: false, timeouts: {implicit: 0, pageLoad: 300000, script: 30000}, unhandledPromptBehavior: dismiss and notify, webauthn:extension:credBlob: true, webauthn:extension:largeBlob: true, webauthn:extension:minPinLength: true, webauthn:extension:prf: true, webauthn:virtualAuthenticators: true}
Session ID: 52fe6920e423600be31dc9d383f26ad6
	at org.openqa.selenium.remote.http.W3CHttpResponseCodec.createException(W3CHttpResponseCodec.java:187)
	at org.openqa.selenium.remote.http.W3CHttpResponseCodec.decode(W3CHttpResponseCodec.java:122)
	at org.openqa.selenium.remote.http.W3CHttpResponseCodec.decode(W3CHttpResponseCodec.java:49)
	at org.openqa.selenium.remote.HttpCommandExecutor.execute(HttpCommandExecutor.java:158)
	at org.openqa.selenium.remote.service.DriverCommandExecutor.execute(DriverCommandExecutor.java:83)
	at org.openqa.selenium.remote.RemoteWebDriver.execute(RemoteWebDriver.java:552)
	at com.kms.katalon.selenium.driver.CChromeDriver.execute(CChromeDriver.java:19)
	at org.openqa.selenium.remote.RemoteWebElement.execute(RemoteWebElement.java:285)
	at org.openqa.selenium.remote.RemoteWebElement.click(RemoteWebElement.java:84)
	at org.openqa.selenium.support.events.EventFiringWebDriver$EventFiringWebElement.lambda$new$0(EventFiringWebDriver.java:404)
	at com.sun.proxy.$Proxy11.click(Unknown Source)
	at org.openqa.selenium.support.events.EventFiringWebDriver$EventFiringWebElement.click(EventFiringWebDriver.java:417)
	at org.openqa.selenium.WebElement$click.call(Unknown Source)
	at com.kms.katalon.core.webui.keyword.builtin.ClickKeyword.clickUntilSuccessWithTimeout(ClickKeyword.groovy:81)
	at com.kms.katalon.core.webui.keyword.builtin.ClickKeyword.clickUntilSuccessWithTimeout(ClickKeyword.groovy)
	at com.kms.katalon.core.webui.keyword.builtin.ClickKeyword$_click_closure1.doCall(ClickKeyword.groovy:67)
	at com.kms.katalon.core.webui.keyword.builtin.ClickKeyword$_click_closure1.call(ClickKeyword.groovy)
	at com.kms.katalon.core.webui.keyword.internal.WebUIKeywordMain.runKeyword(WebUIKeywordMain.groovy:20)
	at com.kms.katalon.core.webui.keyword.builtin.ClickKeyword.click(ClickKeyword.groovy:74)
	at com.kms.katalon.core.webui.keyword.builtin.ClickKeyword.execute(ClickKeyword.groovy:40)
	at com.kms.katalon.core.keyword.internal.KeywordExecutor.executeKeywordForPlatform(KeywordExecutor.groovy:74)
	at com.kms.katalon.core.webui.keyword.WebUiBuiltInKeywords.click(WebUiBuiltInKeywords.groovy:620)
	at com.kms.katalon.core.webui.keyword.WebUiBuiltInKeywords$click$2.call(Unknown Source)
	at Script1682278963047.run(Script1682278963047.groovy:20)
	at com.kms.katalon.core.main.ScriptEngine.run(ScriptEngine.java:194)
	at com.kms.katalon.core.main.ScriptEngine.runScriptAsRawText(ScriptEngine.java:119)
	at com.kms.katalon.core.main.TestCaseExecutor.runScript(TestCaseExecutor.java:448)
	at com.kms.katalon.core.main.TestCaseExecutor.doExecute(TestCaseExecutor.java:439)
	at com.kms.katalon.core.main.TestCaseExecutor.processExecutionPhase(TestCaseExecutor.java:418)
	at com.kms.katalon.core.main.TestCaseExecutor.accessMainPhase(TestCaseExecutor.java:410)
	at com.kms.katalon.core.main.TestCaseExecutor.execute(TestCaseExecutor.java:285)
	at com.kms.katalon.core.main.TestCaseMain.runTestCase(TestCaseMain.java:144)
	at com.kms.katalon.core.keyword.builtin.CallTestCaseKeyword$_callTestCase_closure1.doCall(CallTestCaseKeyword.groovy:59)
	at com.kms.katalon.core.keyword.builtin.CallTestCaseKeyword$_callTestCase_closure1.call(CallTestCaseKeyword.groovy)
	at com.kms.katalon.core.keyword.internal.KeywordMain.runKeyword(KeywordMain.groovy:75)
	at com.kms.katalon.core.keyword.builtin.CallTestCaseKeyword.callTestCase(CallTestCaseKeyword.groovy:81)
	at com.kms.katalon.core.keyword.builtin.CallTestCaseKeyword.execute(CallTestCaseKeyword.groovy:44)
	at com.kms.katalon.core.keyword.internal.KeywordExecutor.executeKeywordForPlatform(KeywordExecutor.groovy:74)
	at com.kms.katalon.core.keyword.BuiltinKeywords.callTestCase(BuiltinKeywords.groovy:310)
	at Script1691413258089.run(Script1691413258089.groovy:28)
	... 13 more
)

2023-08-24 16:46:07 - [MESSAGE][FAILED] - Unable to click on object 'Object Repository/HomePage/Iniciar sesion' (Root cause: com.kms.katalon.core.exception.StepFailedException: Unable to click on object 'Object Repository/HomePage/Iniciar sesion'
	at com.kms.katalon.core.webui.keyword.internal.WebUIKeywordMain.stepFailed(WebUIKeywordMain.groovy:64)
	at com.kms.katalon.core.webui.keyword.internal.WebUIKeywordMain.runKeyword(WebUIKeywordMain.groovy:26)
	at com.kms.katalon.core.webui.keyword.builtin.ClickKeyword.click(ClickKeyword.groovy:74)
	at com.kms.katalon.core.webui.keyword.builtin.ClickKeyword.execute(ClickKeyword.groovy:40)
	at com.kms.katalon.core.keyword.internal.KeywordExecutor.executeKeywordForPlatform(KeywordExecutor.groovy:74)
	at com.kms.katalon.core.webui.keyword.WebUiBuiltInKeywords.click(WebUiBuiltInKeywords.groovy:620)
	at com.kms.katalon.core.webui.keyword.WebUiBuiltInKeywords$click$2.call(Unknown Source)
	at login_odtaqab.run(login_odtaqab:20)
	at com.kms.katalon.core.main.ScriptEngine.run(ScriptEngine.java:194)
	at com.kms.katalon.core.main.ScriptEngine.runScriptAsRawText(ScriptEngine.java:119)
	at com.kms.katalon.core.main.TestCaseExecutor.runScript(TestCaseExecutor.java:448)
	at com.kms.katalon.core.main.TestCaseExecutor.doExecute(TestCaseExecutor.java:439)
	at com.kms.katalon.core.main.TestCaseExecutor.processExecutionPhase(TestCaseExecutor.java:418)
	at com.kms.katalon.core.main.TestCaseExecutor.accessMainPhase(TestCaseExecutor.java:410)
	at com.kms.katalon.core.main.TestCaseExecutor.execute(TestCaseExecutor.java:285)
	at com.kms.katalon.core.main.TestCaseMain.runTestCase(TestCaseMain.java:144)
	at com.kms.katalon.core.keyword.builtin.CallTestCaseKeyword$_callTestCase_closure1.doCall(CallTestCaseKeyword.groovy:59)
	at com.kms.katalon.core.keyword.builtin.CallTestCaseKeyword$_callTestCase_closure1.call(CallTestCaseKeyword.groovy)
	at com.kms.katalon.core.keyword.internal.KeywordMain.runKeyword(KeywordMain.groovy:75)
	at com.kms.katalon.core.keyword.builtin.CallTestCaseKeyword.callTestCase(CallTestCaseKeyword.groovy:81)
	at com.kms.katalon.core.keyword.builtin.CallTestCaseKeyword.execute(CallTestCaseKeyword.groovy:44)
	at com.kms.katalon.core.keyword.internal.KeywordExecutor.executeKeywordForPlatform(KeywordExecutor.groovy:74)
	at com.kms.katalon.core.keyword.BuiltinKeywords.callTestCase(BuiltinKeywords.groovy:310)
	at TS_SMOKE_SUITE_022.run(TS_SMOKE_SUITE_022:28)
	at com.kms.katalon.core.main.ScriptEngine.run(ScriptEngine.java:194)
	at com.kms.katalon.core.main.ScriptEngine.runScriptAsRawText(ScriptEngine.java:119)
	at com.kms.katalon.core.main.TestCaseExecutor.runScript(TestCaseExecutor.java:448)
	at com.kms.katalon.core.main.TestCaseExecutor.doExecute(TestCaseExecutor.java:439)
	at com.kms.katalon.core.main.TestCaseExecutor.processExecutionPhase(TestCaseExecutor.java:418)
	at com.kms.katalon.core.main.TestCaseExecutor.accessMainPhase(TestCaseExecutor.java:410)
	at com.kms.katalon.core.main.TestCaseExecutor.execute(TestCaseExecutor.java:285)
	at com.kms.katalon.core.common.CommonExecutor.accessTestCaseMainPhase(CommonExecutor.java:65)
	at com.kms.katalon.core.main.TestSuiteExecutor.accessTestSuiteMainPhase(TestSuiteExecutor.java:148)
	at com.kms.katalon.core.main.TestSuiteExecutor.execute(TestSuiteExecutor.java:106)
	at com.kms.katalon.core.main.TestCaseMain.startTestSuite(TestCaseMain.java:187)
	at com.kms.katalon.core.main.TestCaseMain$startTestSuite$0.call(Unknown Source)
	at TempTestSuite1692874420462.run(TempTestSuite1692874420462.groovy:36)
Caused by: org.openqa.selenium.StaleElementReferenceException: stale element reference: stale element not found
  (Session info: chrome=116.0.5845.98)
For documentation on this error, please visit: https://www.seleniumhq.org/exceptions/stale_element_reference.html
Build info: version: '3.141.59', revision: 'e82be7d358', time: '2018-11-14T08:25:53'
System info: host: 'DESKTOP-L51QJLB', ip: '172.22.45.167', os.name: 'Windows 10', os.arch: 'amd64', os.version: '10.0', java.version: '1.8.0_282'
Driver info: com.kms.katalon.selenium.driver.CChromeDriver
Capabilities {acceptInsecureCerts: false, browserName: chrome, browserVersion: 116.0.5845.98, chrome: {chromedriverVersion: 116.0.5845.96 (1a3918166880..., userDataDir: C:\Users\DELL\AppData\Local...}, fedcm:accounts: true, goog:chromeOptions: {debuggerAddress: localhost:49482}, javascriptEnabled: true, networkConnectionEnabled: false, pageLoadStrategy: normal, platform: WINDOWS, platformName: WINDOWS, proxy: Proxy(), setWindowRect: true, strictFileInteractability: false, timeouts: {implicit: 0, pageLoad: 300000, script: 30000}, unhandledPromptBehavior: dismiss and notify, webauthn:extension:credBlob: true, webauthn:extension:largeBlob: true, webauthn:extension:minPinLength: true, webauthn:extension:prf: true, webauthn:virtualAuthenticators: true}
Session ID: 52fe6920e423600be31dc9d383f26ad6
	at org.openqa.selenium.remote.http.W3CHttpResponseCodec.createException(W3CHttpResponseCodec.java:187)
	at org.openqa.selenium.remote.http.W3CHttpResponseCodec.decode(W3CHttpResponseCodec.java:122)
	at org.openqa.selenium.remote.http.W3CHttpResponseCodec.decode(W3CHttpResponseCodec.java:49)
	at org.openqa.selenium.remote.HttpCommandExecutor.execute(HttpCommandExecutor.java:158)
	at org.openqa.selenium.remote.service.DriverCommandExecutor.execute(DriverCommandExecutor.java:83)
	at org.openqa.selenium.remote.RemoteWebDriver.execute(RemoteWebDriver.java:552)
	at com.kms.katalon.selenium.driver.CChromeDriver.execute(CChromeDriver.java:19)
	at org.openqa.selenium.remote.RemoteWebElement.execute(RemoteWebElement.java:285)
	at org.openqa.selenium.remote.RemoteWebElement.click(RemoteWebElement.java:84)
	at org.openqa.selenium.support.events.EventFiringWebDriver$EventFiringWebElement.lambda$new$0(EventFiringWebDriver.java:404)
	at com.sun.proxy.$Proxy11.click(Unknown Source)
	at org.openqa.selenium.support.events.EventFiringWebDriver$EventFiringWebElement.click(EventFiringWebDriver.java:417)
	at org.openqa.selenium.WebElement$click.call(Unknown Source)
	at com.kms.katalon.core.webui.keyword.builtin.ClickKeyword.clickUntilSuccessWithTimeout(ClickKeyword.groovy:81)
	at com.kms.katalon.core.webui.keyword.builtin.ClickKeyword.clickUntilSuccessWithTimeout(ClickKeyword.groovy)
	at com.kms.katalon.core.webui.keyword.builtin.ClickKeyword$_click_closure1.doCall(ClickKeyword.groovy:67)
	at com.kms.katalon.core.webui.keyword.builtin.ClickKeyword$_click_closure1.call(ClickKeyword.groovy)
	at com.kms.katalon.core.webui.keyword.internal.WebUIKeywordMain.runKeyword(WebUIKeywordMain.groovy:20)
	at com.kms.katalon.core.webui.keyword.builtin.ClickKeyword.click(ClickKeyword.groovy:74)
	at com.kms.katalon.core.webui.keyword.builtin.ClickKeyword.execute(ClickKeyword.groovy:40)
	at com.kms.katalon.core.keyword.internal.KeywordExecutor.executeKeywordForPlatform(KeywordExecutor.groovy:74)
	at com.kms.katalon.core.webui.keyword.WebUiBuiltInKeywords.click(WebUiBuiltInKeywords.groovy:620)
	at com.kms.katalon.core.webui.keyword.WebUiBuiltInKeywords$click$2.call(Unknown Source)
	at Script1682278963047.run(Script1682278963047.groovy:20)
	at com.kms.katalon.core.main.ScriptEngine.run(ScriptEngine.java:194)
	at com.kms.katalon.core.main.ScriptEngine.runScriptAsRawText(ScriptEngine.java:119)
	at com.kms.katalon.core.main.TestCaseExecutor.runScript(TestCaseExecutor.java:448)
	at com.kms.katalon.core.main.TestCaseExecutor.doExecute(TestCaseExecutor.java:439)
	at com.kms.katalon.core.main.TestCaseExecutor.processExecutionPhase(TestCaseExecutor.java:418)
	at com.kms.katalon.core.main.TestCaseExecutor.accessMainPhase(TestCaseExecutor.java:410)
	at com.kms.katalon.core.main.TestCaseExecutor.execute(TestCaseExecutor.java:285)
	at com.kms.katalon.core.main.TestCaseMain.runTestCase(TestCaseMain.java:144)
	at com.kms.katalon.core.keyword.builtin.CallTestCaseKeyword$_callTestCase_closure1.doCall(CallTestCaseKeyword.groovy:59)
	at com.kms.katalon.core.keyword.builtin.CallTestCaseKeyword$_callTestCase_closure1.call(CallTestCaseKeyword.groovy)
	at com.kms.katalon.core.keyword.internal.KeywordMain.runKeyword(KeywordMain.groovy:75)
	at com.kms.katalon.core.keyword.builtin.CallTestCaseKeyword.callTestCase(CallTestCaseKeyword.groovy:81)
	at com.kms.katalon.core.keyword.builtin.CallTestCaseKeyword.execute(CallTestCaseKeyword.groovy:44)
	at com.kms.katalon.core.keyword.internal.KeywordExecutor.executeKeywordForPlatform(KeywordExecutor.groovy:74)
	at com.kms.katalon.core.keyword.BuiltinKeywords.callTestCase(BuiltinKeywords.groovy:310)
	at Script1691413258089.run(Script1691413258089.groovy:28)
	... 13 more
)
[[ATTACHMENT|D:\\backup\\LiverpoolProject_SmokeSuite\\Reports\\20230824_162340\\SmokeSuite_AllModules\\20230824_162340\\1692875767574.png]]

2023-08-24 16:46:07 - [MESSAGE][WARNING] - Unable to call Test Case 'Test Cases/CommonMethods/login_odtaqab' (Root cause: com.kms.katalon.core.exception.StepFailedException: Call Test Case 'Test Cases/CommonMethods/login_odtaqab' failed
	at com.kms.katalon.core.keyword.builtin.CallTestCaseKeyword$_callTestCase_closure1.doCall(CallTestCaseKeyword.groovy:63)
	at com.kms.katalon.core.keyword.builtin.CallTestCaseKeyword$_callTestCase_closure1.call(CallTestCaseKeyword.groovy)
	at com.kms.katalon.core.keyword.internal.KeywordMain.runKeyword(KeywordMain.groovy:75)
	at com.kms.katalon.core.keyword.builtin.CallTestCaseKeyword.callTestCase(CallTestCaseKeyword.groovy:81)
	at com.kms.katalon.core.keyword.builtin.CallTestCaseKeyword.execute(CallTestCaseKeyword.groovy:44)
	at com.kms.katalon.core.keyword.internal.KeywordExecutor.executeKeywordForPlatform(KeywordExecutor.groovy:74)
	at com.kms.katalon.core.keyword.BuiltinKeywords.callTestCase(BuiltinKeywords.groovy:310)
	at TS_SMOKE_SUITE_022.run(TS_SMOKE_SUITE_022:28)
	at com.kms.katalon.core.main.ScriptEngine.run(ScriptEngine.java:194)
	at com.kms.katalon.core.main.ScriptEngine.runScriptAsRawText(ScriptEngine.java:119)
	at com.kms.katalon.core.main.TestCaseExecutor.runScript(TestCaseExecutor.java:448)
	at com.kms.katalon.core.main.TestCaseExecutor.doExecute(TestCaseExecutor.java:439)
	at com.kms.katalon.core.main.TestCaseExecutor.processExecutionPhase(TestCaseExecutor.java:418)
	at com.kms.katalon.core.main.TestCaseExecutor.accessMainPhase(TestCaseExecutor.java:410)
	at com.kms.katalon.core.main.TestCaseExecutor.execute(TestCaseExecutor.java:285)
	at com.kms.katalon.core.common.CommonExecutor.accessTestCaseMainPhase(CommonExecutor.java:65)
	at com.kms.katalon.core.main.TestSuiteExecutor.accessTestSuiteMainPhase(TestSuiteExecutor.java:148)
	at com.kms.katalon.core.main.TestSuiteExecutor.execute(TestSuiteExecutor.java:106)
	at com.kms.katalon.core.main.TestCaseMain.startTestSuite(TestCaseMain.java:187)
	at com.kms.katalon.core.main.TestCaseMain$startTestSuite$0.call(Unknown Source)
	at TempTestSuite1692874420462.run(TempTestSuite1692874420462.groovy:36)
Caused by: com.kms.katalon.core.exception.StepFailedException: Unable to click on object 'Object Repository/HomePage/Iniciar sesion'
	at com.kms.katalon.core.webui.keyword.internal.WebUIKeywordMain.stepFailed(WebUIKeywordMain.groovy:64)
	at com.kms.katalon.core.webui.keyword.internal.WebUIKeywordMain.runKeyword(WebUIKeywordMain.groovy:26)
	at com.kms.katalon.core.webui.keyword.builtin.ClickKeyword.click(ClickKeyword.groovy:74)
	at com.kms.katalon.core.webui.keyword.builtin.ClickKeyword.execute(ClickKeyword.groovy:40)
	at com.kms.katalon.core.keyword.internal.KeywordExecutor.executeKeywordForPlatform(KeywordExecutor.groovy:74)
	at com.kms.katalon.core.webui.keyword.WebUiBuiltInKeywords.click(WebUiBuiltInKeywords.groovy:620)
	at com.kms.katalon.core.webui.keyword.WebUiBuiltInKeywords$click$2.call(Unknown Source)
	at login_odtaqab.run(login_odtaqab:20)
	at com.kms.katalon.core.main.ScriptEngine.run(ScriptEngine.java:194)
	at com.kms.katalon.core.main.ScriptEngine.runScriptAsRawText(ScriptEngine.java:119)
	at com.kms.katalon.core.main.TestCaseExecutor.runScript(TestCaseExecutor.java:448)
	at com.kms.katalon.core.main.TestCaseExecutor.doExecute(TestCaseExecutor.java:439)
	at com.kms.katalon.core.main.TestCaseExecutor.processExecutionPhase(TestCaseExecutor.java:418)
	at com.kms.katalon.core.main.TestCaseExecutor.accessMainPhase(TestCaseExecutor.java:410)
	at com.kms.katalon.core.main.TestCaseExecutor.execute(TestCaseExecutor.java:285)
	at com.kms.katalon.core.main.TestCaseMain.runTestCase(TestCaseMain.java:144)
	at com.kms.katalon.core.keyword.builtin.CallTestCaseKeyword$_callTestCase_closure1.doCall(CallTestCaseKeyword.groovy:59)
	... 20 more
Caused by: org.openqa.selenium.StaleElementReferenceException: stale element reference: stale element not found
  (Session info: chrome=116.0.5845.98)
For documentation on this error, please visit: https://www.seleniumhq.org/exceptions/stale_element_reference.html
Build info: version: '3.141.59', revision: 'e82be7d358', time: '2018-11-14T08:25:53'
System info: host: 'DESKTOP-L51QJLB', ip: '172.22.45.167', os.name: 'Windows 10', os.arch: 'amd64', os.version: '10.0', java.version: '1.8.0_282'
Driver info: com.kms.katalon.selenium.driver.CChromeDriver
Capabilities {acceptInsecureCerts: false, browserName: chrome, browserVersion: 116.0.5845.98, chrome: {chromedriverVersion: 116.0.5845.96 (1a3918166880..., userDataDir: C:\Users\DELL\AppData\Local...}, fedcm:accounts: true, goog:chromeOptions: {debuggerAddress: localhost:49482}, javascriptEnabled: true, networkConnectionEnabled: false, pageLoadStrategy: normal, platform: WINDOWS, platformName: WINDOWS, proxy: Proxy(), setWindowRect: true, strictFileInteractability: false, timeouts: {implicit: 0, pageLoad: 300000, script: 30000}, unhandledPromptBehavior: dismiss and notify, webauthn:extension:credBlob: true, webauthn:extension:largeBlob: true, webauthn:extension:minPinLength: true, webauthn:extension:prf: true, webauthn:virtualAuthenticators: true}
Session ID: 52fe6920e423600be31dc9d383f26ad6
	at org.openqa.selenium.remote.http.W3CHttpResponseCodec.createException(W3CHttpResponseCodec.java:187)
	at org.openqa.selenium.remote.http.W3CHttpResponseCodec.decode(W3CHttpResponseCodec.java:122)
	at org.openqa.selenium.remote.http.W3CHttpResponseCodec.decode(W3CHttpResponseCodec.java:49)
	at org.openqa.selenium.remote.HttpCommandExecutor.execute(HttpCommandExecutor.java:158)
	at org.openqa.selenium.remote.service.DriverCommandExecutor.execute(DriverCommandExecutor.java:83)
	at org.openqa.selenium.remote.RemoteWebDriver.execute(RemoteWebDriver.java:552)
	at com.kms.katalon.selenium.driver.CChromeDriver.execute(CChromeDriver.java:19)
	at org.openqa.selenium.remote.RemoteWebElement.execute(RemoteWebElement.java:285)
	at org.openqa.selenium.remote.RemoteWebElement.click(RemoteWebElement.java:84)
	at org.openqa.selenium.support.events.EventFiringWebDriver$EventFiringWebElement.lambda$new$0(EventFiringWebDriver.java:404)
	at com.sun.proxy.$Proxy11.click(Unknown Source)
	at org.openqa.selenium.support.events.EventFiringWebDriver$EventFiringWebElement.click(EventFiringWebDriver.java:417)
	at org.openqa.selenium.WebElement$click.call(Unknown Source)
	at com.kms.katalon.core.webui.keyword.builtin.ClickKeyword.clickUntilSuccessWithTimeout(ClickKeyword.groovy:81)
	at com.kms.katalon.core.webui.keyword.builtin.ClickKeyword.clickUntilSuccessWithTimeout(ClickKeyword.groovy)
	at com.kms.katalon.core.webui.keyword.builtin.ClickKeyword$_click_closure1.doCall(ClickKeyword.groovy:67)
	at com.kms.katalon.core.webui.keyword.builtin.ClickKeyword$_click_closure1.call(ClickKeyword.groovy)
	at com.kms.katalon.core.webui.keyword.internal.WebUIKeywordMain.runKeyword(WebUIKeywordMain.groovy:20)
	... 35 more
)

2023-08-24 16:46:07 - [TEST_STEP][PASSED] - delay(10): Delayed 10 second(s)

2023-08-24 16:46:17 - [MESSAGE][PASSED] - Delayed 10 second(s)

2023-08-24 16:46:17 - [TEST_STEP][FAILED] - mouseOver(findTestObject("HomePage/AfterLogin_Homepage")): Unable to move mouse over object 'Object Repository/HomePage/AfterLogin_Homepage' (Root cause: com.kms.katalon.core.exception.StepFailedException: Unable to move mouse over object 'Object Repository/HomePage/AfterLogin_Homepage'
	at com.kms.katalon.core.webui.keyword.internal.WebUIKeywordMain.stepFailed(WebUIKeywordMain.groovy:64)
	at com.kms.katalon.core.webui.keyword.internal.WebUIKeywordMain.runKeyword(WebUIKeywordMain.groovy:26)
	at com.kms.katalon.core.webui.keyword.builtin.MouseOverKeyword.mouseOver(MouseOverKeyword.groovy:66)
	at com.kms.katalon.core.webui.keyword.builtin.MouseOverKeyword.execute(MouseOverKeyword.groovy:40)
	at com.kms.katalon.core.keyword.internal.KeywordExecutor.executeKeywordForPlatform(KeywordExecutor.groovy:74)
	at com.kms.katalon.core.webui.keyword.WebUiBuiltInKeywords.mouseOver(WebUiBuiltInKeywords.groovy:806)
	at com.kms.katalon.core.webui.keyword.WebUiBuiltInKeywords$mouseOver$4.call(Unknown Source)
	at TS_SMOKE_SUITE_022.run(TS_SMOKE_SUITE_022:32)
	at com.kms.katalon.core.main.ScriptEngine.run(ScriptEngine.java:194)
	at com.kms.katalon.core.main.ScriptEngine.runScriptAsRawText(ScriptEngine.java:119)
	at com.kms.katalon.core.main.TestCaseExecutor.runScript(TestCaseExecutor.java:448)
	at com.kms.katalon.core.main.TestCaseExecutor.doExecute(TestCaseExecutor.java:439)
	at com.kms.katalon.core.main.TestCaseExecutor.processExecutionPhase(TestCaseExecutor.java:418)
	at com.kms.katalon.core.main.TestCaseExecutor.accessMainPhase(TestCaseExecutor.java:410)
	at com.kms.katalon.core.main.TestCaseExecutor.execute(TestCaseExecutor.java:285)
	at com.kms.katalon.core.common.CommonExecutor.accessTestCaseMainPhase(CommonExecutor.java:65)
	at com.kms.katalon.core.main.TestSuiteExecutor.accessTestSuiteMainPhase(TestSuiteExecutor.java:148)
	at com.kms.katalon.core.main.TestSuiteExecutor.execute(TestSuiteExecutor.java:106)
	at com.kms.katalon.core.main.TestCaseMain.startTestSuite(TestCaseMain.java:187)
	at com.kms.katalon.core.main.TestCaseMain$startTestSuite$0.call(Unknown Source)
	at TempTestSuite1692874420462.run(TempTestSuite1692874420462.groovy:36)
Caused by: com.kms.katalon.core.webui.exception.WebElementNotFoundException: Web element with id: 'Object Repository/HomePage/AfterLogin_Homepage' located by '//span[@class='a-header__topLink popover-session']' not found
	at com.kms.katalon.core.webui.common.WebUiCommonHelper.findWebElement(WebUiCommonHelper.java:1381)
	at com.kms.katalon.core.webui.keyword.internal.WebUIAbstractKeyword.findWebElement(WebUIAbstractKeyword.groovy:27)
	at com.kms.katalon.core.webui.keyword.internal.WebUIAbstractKeyword.findWebElement(WebUIAbstractKeyword.groovy:26)
	at com.kms.katalon.core.webui.keyword.builtin.MouseOverKeyword$_mouseOver_closure1.doCall(MouseOverKeyword.groovy:54)
	at com.kms.katalon.core.webui.keyword.builtin.MouseOverKeyword$_mouseOver_closure1.call(MouseOverKeyword.groovy)
	at com.kms.katalon.core.webui.keyword.internal.WebUIKeywordMain.runKeyword(WebUIKeywordMain.groovy:20)
	at com.kms.katalon.core.webui.keyword.builtin.MouseOverKeyword.mouseOver(MouseOverKeyword.groovy:66)
	at com.kms.katalon.core.webui.keyword.builtin.MouseOverKeyword.execute(MouseOverKeyword.groovy:40)
	at com.kms.katalon.core.keyword.internal.KeywordExecutor.executeKeywordForPlatform(KeywordExecutor.groovy:74)
	at com.kms.katalon.core.webui.keyword.WebUiBuiltInKeywords.mouseOver(WebUiBuiltInKeywords.groovy:806)
	at com.kms.katalon.core.webui.keyword.WebUiBuiltInKeywords$mouseOver$4.call(Unknown Source)
	at Script1691413258089.run(Script1691413258089.groovy:32)
	... 13 more
)

2023-08-24 16:46:49 - [MESSAGE][INFO] - Unable to find the element located by 'By.xpath: //span[@class='a-header__topLink popover-session']'. Please recheck the objects properties to make sure the desired element is located. 

2023-08-24 16:46:49 - [MESSAGE][FAILED] - Unable to move mouse over object 'Object Repository/HomePage/AfterLogin_Homepage' (Root cause: com.kms.katalon.core.exception.StepFailedException: Unable to move mouse over object 'Object Repository/HomePage/AfterLogin_Homepage'
	at com.kms.katalon.core.webui.keyword.internal.WebUIKeywordMain.stepFailed(WebUIKeywordMain.groovy:64)
	at com.kms.katalon.core.webui.keyword.internal.WebUIKeywordMain.runKeyword(WebUIKeywordMain.groovy:26)
	at com.kms.katalon.core.webui.keyword.builtin.MouseOverKeyword.mouseOver(MouseOverKeyword.groovy:66)
	at com.kms.katalon.core.webui.keyword.builtin.MouseOverKeyword.execute(MouseOverKeyword.groovy:40)
	at com.kms.katalon.core.keyword.internal.KeywordExecutor.executeKeywordForPlatform(KeywordExecutor.groovy:74)
	at com.kms.katalon.core.webui.keyword.WebUiBuiltInKeywords.mouseOver(WebUiBuiltInKeywords.groovy:806)
	at com.kms.katalon.core.webui.keyword.WebUiBuiltInKeywords$mouseOver$4.call(Unknown Source)
	at TS_SMOKE_SUITE_022.run(TS_SMOKE_SUITE_022:32)
	at com.kms.katalon.core.main.ScriptEngine.run(ScriptEngine.java:194)
	at com.kms.katalon.core.main.ScriptEngine.runScriptAsRawText(ScriptEngine.java:119)
	at com.kms.katalon.core.main.TestCaseExecutor.runScript(TestCaseExecutor.java:448)
	at com.kms.katalon.core.main.TestCaseExecutor.doExecute(TestCaseExecutor.java:439)
	at com.kms.katalon.core.main.TestCaseExecutor.processExecutionPhase(TestCaseExecutor.java:418)
	at com.kms.katalon.core.main.TestCaseExecutor.accessMainPhase(TestCaseExecutor.java:410)
	at com.kms.katalon.core.main.TestCaseExecutor.execute(TestCaseExecutor.java:285)
	at com.kms.katalon.core.common.CommonExecutor.accessTestCaseMainPhase(CommonExecutor.java:65)
	at com.kms.katalon.core.main.TestSuiteExecutor.accessTestSuiteMainPhase(TestSuiteExecutor.java:148)
	at com.kms.katalon.core.main.TestSuiteExecutor.execute(TestSuiteExecutor.java:106)
	at com.kms.katalon.core.main.TestCaseMain.startTestSuite(TestCaseMain.java:187)
	at com.kms.katalon.core.main.TestCaseMain$startTestSuite$0.call(Unknown Source)
	at TempTestSuite1692874420462.run(TempTestSuite1692874420462.groovy:36)
Caused by: com.kms.katalon.core.webui.exception.WebElementNotFoundException: Web element with id: 'Object Repository/HomePage/AfterLogin_Homepage' located by '//span[@class='a-header__topLink popover-session']' not found
	at com.kms.katalon.core.webui.common.WebUiCommonHelper.findWebElement(WebUiCommonHelper.java:1381)
	at com.kms.katalon.core.webui.keyword.internal.WebUIAbstractKeyword.findWebElement(WebUIAbstractKeyword.groovy:27)
	at com.kms.katalon.core.webui.keyword.internal.WebUIAbstractKeyword.findWebElement(WebUIAbstractKeyword.groovy:26)
	at com.kms.katalon.core.webui.keyword.builtin.MouseOverKeyword$_mouseOver_closure1.doCall(MouseOverKeyword.groovy:54)
	at com.kms.katalon.core.webui.keyword.builtin.MouseOverKeyword$_mouseOver_closure1.call(MouseOverKeyword.groovy)
	at com.kms.katalon.core.webui.keyword.internal.WebUIKeywordMain.runKeyword(WebUIKeywordMain.groovy:20)
	at com.kms.katalon.core.webui.keyword.builtin.MouseOverKeyword.mouseOver(MouseOverKeyword.groovy:66)
	at com.kms.katalon.core.webui.keyword.builtin.MouseOverKeyword.execute(MouseOverKeyword.groovy:40)
	at com.kms.katalon.core.keyword.internal.KeywordExecutor.executeKeywordForPlatform(KeywordExecutor.groovy:74)
	at com.kms.katalon.core.webui.keyword.WebUiBuiltInKeywords.mouseOver(WebUiBuiltInKeywords.groovy:806)
	at com.kms.katalon.core.webui.keyword.WebUiBuiltInKeywords$mouseOver$4.call(Unknown Source)
	at Script1691413258089.run(Script1691413258089.groovy:32)
	... 13 more
)
[[ATTACHMENT|D:\\backup\\LiverpoolProject_SmokeSuite\\Reports\\20230824_162340\\SmokeSuite_AllModules\\20230824_162340\\1692875809066.png]]]]></system-out>
         <system-err><![CDATA[2023-08-24 16:44:46 - [TEST_CASE][FAILED] - Test Cases/AccountManagement/TS_SMOKE_SUITE_022: Test Cases/AccountManagement/TS_SMOKE_SUITE_022 FAILED.
Reason:
com.kms.katalon.core.exception.StepFailedException: Unable to move mouse over object 'Object Repository/HomePage/AfterLogin_Homepage'
	at com.kms.katalon.core.webui.keyword.internal.WebUIKeywordMain.stepFailed(WebUIKeywordMain.groovy:64)
	at com.kms.katalon.core.webui.keyword.internal.WebUIKeywordMain.runKeyword(WebUIKeywordMain.groovy:26)
	at com.kms.katalon.core.webui.keyword.builtin.MouseOverKeyword.mouseOver(MouseOverKeyword.groovy:66)
	at com.kms.katalon.core.webui.keyword.builtin.MouseOverKeyword.execute(MouseOverKeyword.groovy:40)
	at com.kms.katalon.core.keyword.internal.KeywordExecutor.executeKeywordForPlatform(KeywordExecutor.groovy:74)
	at com.kms.katalon.core.webui.keyword.WebUiBuiltInKeywords.mouseOver(WebUiBuiltInKeywords.groovy:806)
	at com.kms.katalon.core.webui.keyword.WebUiBuiltInKeywords$mouseOver$4.call(Unknown Source)
	at TS_SMOKE_SUITE_022.run(TS_SMOKE_SUITE_022:32)
	at com.kms.katalon.core.main.ScriptEngine.run(ScriptEngine.java:194)
	at com.kms.katalon.core.main.ScriptEngine.runScriptAsRawText(ScriptEngine.java:119)
	at com.kms.katalon.core.main.TestCaseExecutor.runScript(TestCaseExecutor.java:448)
	at com.kms.katalon.core.main.TestCaseExecutor.doExecute(TestCaseExecutor.java:439)
	at com.kms.katalon.core.main.TestCaseExecutor.processExecutionPhase(TestCaseExecutor.java:418)
	at com.kms.katalon.core.main.TestCaseExecutor.accessMainPhase(TestCaseExecutor.java:410)
	at com.kms.katalon.core.main.TestCaseExecutor.execute(TestCaseExecutor.java:285)
	at com.kms.katalon.core.common.CommonExecutor.accessTestCaseMainPhase(CommonExecutor.java:65)
	at com.kms.katalon.core.main.TestSuiteExecutor.accessTestSuiteMainPhase(TestSuiteExecutor.java:148)
	at com.kms.katalon.core.main.TestSuiteExecutor.execute(TestSuiteExecutor.java:106)
	at com.kms.katalon.core.main.TestCaseMain.startTestSuite(TestCaseMain.java:187)
	at com.kms.katalon.core.main.TestCaseMain$startTestSuite$0.call(Unknown Source)
	at TempTestSuite1692874420462.run(TempTestSuite1692874420462.groovy:36)
Caused by: com.kms.katalon.core.webui.exception.WebElementNotFoundException: Web element with id: 'Object Repository/HomePage/AfterLogin_Homepage' located by '//span[@class='a-header__topLink popover-session']' not found
	at com.kms.katalon.core.webui.common.WebUiCommonHelper.findWebElement(WebUiCommonHelper.java:1381)
	at com.kms.katalon.core.webui.keyword.internal.WebUIAbstractKeyword.findWebElement(WebUIAbstractKeyword.groovy:27)
	at com.kms.katalon.core.webui.keyword.internal.WebUIAbstractKeyword.findWebElement(WebUIAbstractKeyword.groovy:26)
	at com.kms.katalon.core.webui.keyword.builtin.MouseOverKeyword$_mouseOver_closure1.doCall(MouseOverKeyword.groovy:54)
	at com.kms.katalon.core.webui.keyword.builtin.MouseOverKeyword$_mouseOver_closure1.call(MouseOverKeyword.groovy)
	at com.kms.katalon.core.webui.keyword.internal.WebUIKeywordMain.runKeyword(WebUIKeywordMain.groovy:20)
	... 19 more]]></system-err>
      </testcase>
      <testcase name="Test Cases/AccountManagement/TS_SMOKE_SUITE_023" time="85.669" classname="Test Cases/AccountManagement/TS_SMOKE_SUITE_023" status="FAILED">
         <failure type="FAILED" message="Test Cases/AccountManagement/TS_SMOKE_SUITE_023 FAILED.
Reason:
com.kms.katalon.core.exception.StepFailedException: Call Test Case 'Test Cases/CommonMethods/login_odtaqab' failed
	at com.kms.katalon.core.keyword.builtin.CallTestCaseKeyword$_callTestCase_closure1.doCall(CallTestCaseKeyword.groovy:63)
	at com.kms.katalon.core.keyword.builtin.CallTestCaseKeyword$_callTestCase_closure1.call(CallTestCaseKeyword.groovy)
	at com.kms.katalon.core.keyword.internal.KeywordMain.runKeyword(KeywordMain.groovy:75)
	at com.kms.katalon.core.keyword.builtin.CallTestCaseKeyword.callTestCase(CallTestCaseKeyword.groovy:81)
	at com.kms.katalon.core.keyword.builtin.CallTestCaseKeyword.execute(CallTestCaseKeyword.groovy:44)
	at com.kms.katalon.core.keyword.internal.KeywordExecutor.executeKeywordForPlatform(KeywordExecutor.groovy:74)
	at com.kms.katalon.core.keyword.BuiltinKeywords.callTestCase(BuiltinKeywords.groovy:310)
	at TS_SMOKE_SUITE_023.run(TS_SMOKE_SUITE_023:29)
	at com.kms.katalon.core.main.ScriptEngine.run(ScriptEngine.java:194)
	at com.kms.katalon.core.main.ScriptEngine.runScriptAsRawText(ScriptEngine.java:119)
	at com.kms.katalon.core.main.TestCaseExecutor.runScript(TestCaseExecutor.java:448)
	at com.kms.katalon.core.main.TestCaseExecutor.doExecute(TestCaseExecutor.java:439)
	at com.kms.katalon.core.main.TestCaseExecutor.processExecutionPhase(TestCaseExecutor.java:418)
	at com.kms.katalon.core.main.TestCaseExecutor.accessMainPhase(TestCaseExecutor.java:410)
	at com.kms.katalon.core.main.TestCaseExecutor.execute(TestCaseExecutor.java:285)
	at com.kms.katalon.core.common.CommonExecutor.accessTestCaseMainPhase(CommonExecutor.java:65)
	at com.kms.katalon.core.main.TestSuiteExecutor.accessTestSuiteMainPhase(TestSuiteExecutor.java:148)
	at com.kms.katalon.core.main.TestSuiteExecutor.execute(TestSuiteExecutor.java:106)
	at com.kms.katalon.core.main.TestCaseMain.startTestSuite(TestCaseMain.java:187)
	at com.kms.katalon.core.main.TestCaseMain$startTestSuite$0.call(Unknown Source)
	at TempTestSuite1692874420462.run(TempTestSuite1692874420462.groovy:36)
Caused by: com.kms.katalon.core.exception.StepFailedException: Unable to click on object 'Object Repository/HomePage/Iniciar sesion'
	at com.kms.katalon.core.webui.keyword.internal.WebUIKeywordMain.stepFailed(WebUIKeywordMain.groovy:64)
	at com.kms.katalon.core.webui.keyword.internal.WebUIKeywordMain.runKeyword(WebUIKeywordMain.groovy:26)
	at com.kms.katalon.core.webui.keyword.builtin.ClickKeyword.click(ClickKeyword.groovy:74)
	at com.kms.katalon.core.webui.keyword.builtin.ClickKeyword.execute(ClickKeyword.groovy:40)
	at com.kms.katalon.core.keyword.internal.KeywordExecutor.executeKeywordForPlatform(KeywordExecutor.groovy:74)
	at com.kms.katalon.core.webui.keyword.WebUiBuiltInKeywords.click(WebUiBuiltInKeywords.groovy:620)
	at com.kms.katalon.core.webui.keyword.WebUiBuiltInKeywords$click$2.call(Unknown Source)
	at login_odtaqab.run(login_odtaqab:20)
	at com.kms.katalon.core.main.ScriptEngine.run(ScriptEngine.java:194)
	at com.kms.katalon.core.main.ScriptEngine.runScriptAsRawText(ScriptEngine.java:119)
	at com.kms.katalon.core.main.TestCaseExecutor.runScript(TestCaseExecutor.java:448)
	at com.kms.katalon.core.main.TestCaseExecutor.doExecute(TestCaseExecutor.java:439)
	at com.kms.katalon.core.main.TestCaseExecutor.processExecutionPhase(TestCaseExecutor.java:418)
	at com.kms.katalon.core.main.TestCaseExecutor.accessMainPhase(TestCaseExecutor.java:410)
	at com.kms.katalon.core.main.TestCaseExecutor.execute(TestCaseExecutor.java:285)
	at com.kms.katalon.core.main.TestCaseMain.runTestCase(TestCaseMain.java:144)
	at com.kms.katalon.core.keyword.builtin.CallTestCaseKeyword$_callTestCase_closure1.doCall(CallTestCaseKeyword.groovy:59)
	... 20 more
Caused by: org.openqa.selenium.StaleElementReferenceException: stale element reference: stale element not found
  (Session info: chrome=116.0.5845.98)
For documentation on this error, please visit: https://www.seleniumhq.org/exceptions/stale_element_reference.html
Build info: version: '3.141.59', revision: 'e82be7d358', time: '2018-11-14T08:25:53'
System info: host: 'DESKTOP-L51QJLB', ip: '172.22.45.167', os.name: 'Windows 10', os.arch: 'amd64', os.version: '10.0', java.version: '1.8.0_282'
Driver info: com.kms.katalon.selenium.driver.CChromeDriver
Capabilities {acceptInsecureCerts: false, browserName: chrome, browserVersion: 116.0.5845.98, chrome: {chromedriverVersion: 116.0.5845.96 (1a3918166880..., userDataDir: C:\Users\DELL\AppData\Local...}, fedcm:accounts: true, goog:chromeOptions: {debuggerAddress: localhost:49703}, javascriptEnabled: true, networkConnectionEnabled: false, pageLoadStrategy: normal, platform: WINDOWS, platformName: WINDOWS, proxy: Proxy(), setWindowRect: true, strictFileInteractability: false, timeouts: {implicit: 0, pageLoad: 300000, script: 30000}, unhandledPromptBehavior: dismiss and notify, webauthn:extension:credBlob: true, webauthn:extension:largeBlob: true, webauthn:extension:minPinLength: true, webauthn:extension:prf: true, webauthn:virtualAuthenticators: true}
Session ID: 10c19cc1e0cf91bfe5f95fc58eb48c5a
	at org.openqa.selenium.remote.http.W3CHttpResponseCodec.createException(W3CHttpResponseCodec.java:187)
	at org.openqa.selenium.remote.http.W3CHttpResponseCodec.decode(W3CHttpResponseCodec.java:122)
	at org.openqa.selenium.remote.http.W3CHttpResponseCodec.decode(W3CHttpResponseCodec.java:49)
	at org.openqa.selenium.remote.HttpCommandExecutor.execute(HttpCommandExecutor.java:158)
	at org.openqa.selenium.remote.service.DriverCommandExecutor.execute(DriverCommandExecutor.java:83)
	at org.openqa.selenium.remote.RemoteWebDriver.execute(RemoteWebDriver.java:552)
	at com.kms.katalon.selenium.driver.CChromeDriver.execute(CChromeDriver.java:19)
	at org.openqa.selenium.remote.RemoteWebElement.execute(RemoteWebElement.java:285)
	at org.openqa.selenium.remote.RemoteWebElement.click(RemoteWebElement.java:84)
	at org.openqa.selenium.support.events.EventFiringWebDriver$EventFiringWebElement.lambda$new$0(EventFiringWebDriver.java:404)
	at com.sun.proxy.$Proxy11.click(Unknown Source)
	at org.openqa.selenium.support.events.EventFiringWebDriver$EventFiringWebElement.click(EventFiringWebDriver.java:417)
	at org.openqa.selenium.WebElement$click.call(Unknown Source)
	at com.kms.katalon.core.webui.keyword.builtin.ClickKeyword.clickUntilSuccessWithTimeout(ClickKeyword.groovy:81)
	at com.kms.katalon.core.webui.keyword.builtin.ClickKeyword.clickUntilSuccessWithTimeout(ClickKeyword.groovy)
	at com.kms.katalon.core.webui.keyword.builtin.ClickKeyword$_click_closure1.doCall(ClickKeyword.groovy:67)
	at com.kms.katalon.core.webui.keyword.builtin.ClickKeyword$_click_closure1.call(ClickKeyword.groovy)
	at com.kms.katalon.core.webui.keyword.internal.WebUIKeywordMain.runKeyword(WebUIKeywordMain.groovy:20)
	... 35 more
"/>
         <system-out><![CDATA[2023-08-24 16:46:49 - [TEST_CASE][FAILED] - Test Cases/AccountManagement/TS_SMOKE_SUITE_023: Test Cases/AccountManagement/TS_SMOKE_SUITE_023 FAILED.
Reason:
com.kms.katalon.core.exception.StepFailedException: Call Test Case 'Test Cases/CommonMethods/login_odtaqab' failed
	at com.kms.katalon.core.keyword.builtin.CallTestCaseKeyword$_callTestCase_closure1.doCall(CallTestCaseKeyword.groovy:63)
	at com.kms.katalon.core.keyword.builtin.CallTestCaseKeyword$_callTestCase_closure1.call(CallTestCaseKeyword.groovy)
	at com.kms.katalon.core.keyword.internal.KeywordMain.runKeyword(KeywordMain.groovy:75)
	at com.kms.katalon.core.keyword.builtin.CallTestCaseKeyword.callTestCase(CallTestCaseKeyword.groovy:81)
	at com.kms.katalon.core.keyword.builtin.CallTestCaseKeyword.execute(CallTestCaseKeyword.groovy:44)
	at com.kms.katalon.core.keyword.internal.KeywordExecutor.executeKeywordForPlatform(KeywordExecutor.groovy:74)
	at com.kms.katalon.core.keyword.BuiltinKeywords.callTestCase(BuiltinKeywords.groovy:310)
	at TS_SMOKE_SUITE_023.run(TS_SMOKE_SUITE_023:29)
	at com.kms.katalon.core.main.ScriptEngine.run(ScriptEngine.java:194)
	at com.kms.katalon.core.main.ScriptEngine.runScriptAsRawText(ScriptEngine.java:119)
	at com.kms.katalon.core.main.TestCaseExecutor.runScript(TestCaseExecutor.java:448)
	at com.kms.katalon.core.main.TestCaseExecutor.doExecute(TestCaseExecutor.java:439)
	at com.kms.katalon.core.main.TestCaseExecutor.processExecutionPhase(TestCaseExecutor.java:418)
	at com.kms.katalon.core.main.TestCaseExecutor.accessMainPhase(TestCaseExecutor.java:410)
	at com.kms.katalon.core.main.TestCaseExecutor.execute(TestCaseExecutor.java:285)
	at com.kms.katalon.core.common.CommonExecutor.accessTestCaseMainPhase(CommonExecutor.java:65)
	at com.kms.katalon.core.main.TestSuiteExecutor.accessTestSuiteMainPhase(TestSuiteExecutor.java:148)
	at com.kms.katalon.core.main.TestSuiteExecutor.execute(TestSuiteExecutor.java:106)
	at com.kms.katalon.core.main.TestCaseMain.startTestSuite(TestCaseMain.java:187)
	at com.kms.katalon.core.main.TestCaseMain$startTestSuite$0.call(Unknown Source)
	at TempTestSuite1692874420462.run(TempTestSuite1692874420462.groovy:36)
Caused by: com.kms.katalon.core.exception.StepFailedException: Unable to click on object 'Object Repository/HomePage/Iniciar sesion'
	at com.kms.katalon.core.webui.keyword.internal.WebUIKeywordMain.stepFailed(WebUIKeywordMain.groovy:64)
	at com.kms.katalon.core.webui.keyword.internal.WebUIKeywordMain.runKeyword(WebUIKeywordMain.groovy:26)
	at com.kms.katalon.core.webui.keyword.builtin.ClickKeyword.click(ClickKeyword.groovy:74)
	at com.kms.katalon.core.webui.keyword.builtin.ClickKeyword.execute(ClickKeyword.groovy:40)
	at com.kms.katalon.core.keyword.internal.KeywordExecutor.executeKeywordForPlatform(KeywordExecutor.groovy:74)
	at com.kms.katalon.core.webui.keyword.WebUiBuiltInKeywords.click(WebUiBuiltInKeywords.groovy:620)
	at com.kms.katalon.core.webui.keyword.WebUiBuiltInKeywords$click$2.call(Unknown Source)
	at login_odtaqab.run(login_odtaqab:20)
	at com.kms.katalon.core.main.ScriptEngine.run(ScriptEngine.java:194)
	at com.kms.katalon.core.main.ScriptEngine.runScriptAsRawText(ScriptEngine.java:119)
	at com.kms.katalon.core.main.TestCaseExecutor.runScript(TestCaseExecutor.java:448)
	at com.kms.katalon.core.main.TestCaseExecutor.doExecute(TestCaseExecutor.java:439)
	at com.kms.katalon.core.main.TestCaseExecutor.processExecutionPhase(TestCaseExecutor.java:418)
	at com.kms.katalon.core.main.TestCaseExecutor.accessMainPhase(TestCaseExecutor.java:410)
	at com.kms.katalon.core.main.TestCaseExecutor.execute(TestCaseExecutor.java:285)
	at com.kms.katalon.core.main.TestCaseMain.runTestCase(TestCaseMain.java:144)
	at com.kms.katalon.core.keyword.builtin.CallTestCaseKeyword$_callTestCase_closure1.doCall(CallTestCaseKeyword.groovy:59)
	... 20 more
Caused by: org.openqa.selenium.StaleElementReferenceException: stale element reference: stale element not found
  (Session info: chrome=116.0.5845.98)
For documentation on this error, please visit: https://www.seleniumhq.org/exceptions/stale_element_reference.html
Build info: version: '3.141.59', revision: 'e82be7d358', time: '2018-11-14T08:25:53'
System info: host: 'DESKTOP-L51QJLB', ip: '172.22.45.167', os.name: 'Windows 10', os.arch: 'amd64', os.version: '10.0', java.version: '1.8.0_282'
Driver info: com.kms.katalon.selenium.driver.CChromeDriver
Capabilities {acceptInsecureCerts: false, browserName: chrome, browserVersion: 116.0.5845.98, chrome: {chromedriverVersion: 116.0.5845.96 (1a3918166880..., userDataDir: C:\Users\DELL\AppData\Local...}, fedcm:accounts: true, goog:chromeOptions: {debuggerAddress: localhost:49703}, javascriptEnabled: true, networkConnectionEnabled: false, pageLoadStrategy: normal, platform: WINDOWS, platformName: WINDOWS, proxy: Proxy(), setWindowRect: true, strictFileInteractability: false, timeouts: {implicit: 0, pageLoad: 300000, script: 30000}, unhandledPromptBehavior: dismiss and notify, webauthn:extension:credBlob: true, webauthn:extension:largeBlob: true, webauthn:extension:minPinLength: true, webauthn:extension:prf: true, webauthn:virtualAuthenticators: true}
Session ID: 10c19cc1e0cf91bfe5f95fc58eb48c5a
	at org.openqa.selenium.remote.http.W3CHttpResponseCodec.createException(W3CHttpResponseCodec.java:187)
	at org.openqa.selenium.remote.http.W3CHttpResponseCodec.decode(W3CHttpResponseCodec.java:122)
	at org.openqa.selenium.remote.http.W3CHttpResponseCodec.decode(W3CHttpResponseCodec.java:49)
	at org.openqa.selenium.remote.HttpCommandExecutor.execute(HttpCommandExecutor.java:158)
	at org.openqa.selenium.remote.service.DriverCommandExecutor.execute(DriverCommandExecutor.java:83)
	at org.openqa.selenium.remote.RemoteWebDriver.execute(RemoteWebDriver.java:552)
	at com.kms.katalon.selenium.driver.CChromeDriver.execute(CChromeDriver.java:19)
	at org.openqa.selenium.remote.RemoteWebElement.execute(RemoteWebElement.java:285)
	at org.openqa.selenium.remote.RemoteWebElement.click(RemoteWebElement.java:84)
	at org.openqa.selenium.support.events.EventFiringWebDriver$EventFiringWebElement.lambda$new$0(EventFiringWebDriver.java:404)
	at com.sun.proxy.$Proxy11.click(Unknown Source)
	at org.openqa.selenium.support.events.EventFiringWebDriver$EventFiringWebElement.click(EventFiringWebDriver.java:417)
	at org.openqa.selenium.WebElement$click.call(Unknown Source)
	at com.kms.katalon.core.webui.keyword.builtin.ClickKeyword.clickUntilSuccessWithTimeout(ClickKeyword.groovy:81)
	at com.kms.katalon.core.webui.keyword.builtin.ClickKeyword.clickUntilSuccessWithTimeout(ClickKeyword.groovy)
	at com.kms.katalon.core.webui.keyword.builtin.ClickKeyword$_click_closure1.doCall(ClickKeyword.groovy:67)
	at com.kms.katalon.core.webui.keyword.builtin.ClickKeyword$_click_closure1.call(ClickKeyword.groovy)
	at com.kms.katalon.core.webui.keyword.internal.WebUIKeywordMain.runKeyword(WebUIKeywordMain.groovy:20)
	... 35 more


2023-08-24 16:46:49 - [TEST_STEP][PASSED] - openBrowser(""): Browser is opened with url: ''

2023-08-24 16:46:49 - [MESSAGE][WARNING] - A browser is already opened. Closing browser and opening a new one

2023-08-24 16:46:50 - [MESSAGE][INFO] - Starting 'Chrome' driver

2023-08-24 16:46:50 - [MESSAGE][INFO] - Action delay is set to 0 milliseconds

2023-08-24 16:46:52 - [MESSAGE][PASSED] - Browser is opened with url: ''

2023-08-24 16:46:52 - [TEST_STEP][PASSED] - navigateToUrl(URL): Navigate to 'https://odtaqaa.liverpool.com.mx/tienda/home' successfully

2023-08-24 16:47:52 - [MESSAGE][PASSED] - Navigate to 'https://odtaqaa.liverpool.com.mx/tienda/home' successfully

2023-08-24 16:47:52 - [TEST_STEP][PASSED] - maximizeWindow(): Current window maximized

2023-08-24 16:47:53 - [MESSAGE][PASSED] - Current window maximized

2023-08-24 16:47:53 - [TEST_STEP][PASSED] - click(findTestObject("HomePage/Iniciar sesion")): Object: 'Object Repository/HomePage/Iniciar sesion' is clicked on

2023-08-24 16:47:55 - [MESSAGE][PASSED] - Object: 'Object Repository/HomePage/Iniciar sesion' is clicked on

2023-08-24 16:47:55 - [TEST_STEP][FAILED] - callTestCase(findTestCase("CommonMethods/login_odtaqab"), [:], STOP_ON_FAILURE): Unable to call Test Case 'Test Cases/CommonMethods/login_odtaqab' (Root cause: com.kms.katalon.core.exception.StepFailedException: Call Test Case 'Test Cases/CommonMethods/login_odtaqab' failed
	at com.kms.katalon.core.keyword.builtin.CallTestCaseKeyword$_callTestCase_closure1.doCall(CallTestCaseKeyword.groovy:63)
	at com.kms.katalon.core.keyword.builtin.CallTestCaseKeyword$_callTestCase_closure1.call(CallTestCaseKeyword.groovy)
	at com.kms.katalon.core.keyword.internal.KeywordMain.runKeyword(KeywordMain.groovy:75)
	at com.kms.katalon.core.keyword.builtin.CallTestCaseKeyword.callTestCase(CallTestCaseKeyword.groovy:81)
	at com.kms.katalon.core.keyword.builtin.CallTestCaseKeyword.execute(CallTestCaseKeyword.groovy:44)
	at com.kms.katalon.core.keyword.internal.KeywordExecutor.executeKeywordForPlatform(KeywordExecutor.groovy:74)
	at com.kms.katalon.core.keyword.BuiltinKeywords.callTestCase(BuiltinKeywords.groovy:310)
	at TS_SMOKE_SUITE_023.run(TS_SMOKE_SUITE_023:29)
	at com.kms.katalon.core.main.ScriptEngine.run(ScriptEngine.java:194)
	at com.kms.katalon.core.main.ScriptEngine.runScriptAsRawText(ScriptEngine.java:119)
	at com.kms.katalon.core.main.TestCaseExecutor.runScript(TestCaseExecutor.java:448)
	at com.kms.katalon.core.main.TestCaseExecutor.doExecute(TestCaseExecutor.java:439)
	at com.kms.katalon.core.main.TestCaseExecutor.processExecutionPhase(TestCaseExecutor.java:418)
	at com.kms.katalon.core.main.TestCaseExecutor.accessMainPhase(TestCaseExecutor.java:410)
	at com.kms.katalon.core.main.TestCaseExecutor.execute(TestCaseExecutor.java:285)
	at com.kms.katalon.core.common.CommonExecutor.accessTestCaseMainPhase(CommonExecutor.java:65)
	at com.kms.katalon.core.main.TestSuiteExecutor.accessTestSuiteMainPhase(TestSuiteExecutor.java:148)
	at com.kms.katalon.core.main.TestSuiteExecutor.execute(TestSuiteExecutor.java:106)
	at com.kms.katalon.core.main.TestCaseMain.startTestSuite(TestCaseMain.java:187)
	at com.kms.katalon.core.main.TestCaseMain$startTestSuite$0.call(Unknown Source)
	at TempTestSuite1692874420462.run(TempTestSuite1692874420462.groovy:36)
Caused by: com.kms.katalon.core.exception.StepFailedException: Unable to click on object 'Object Repository/HomePage/Iniciar sesion'
	at com.kms.katalon.core.webui.keyword.internal.WebUIKeywordMain.stepFailed(WebUIKeywordMain.groovy:64)
	at com.kms.katalon.core.webui.keyword.internal.WebUIKeywordMain.runKeyword(WebUIKeywordMain.groovy:26)
	at com.kms.katalon.core.webui.keyword.builtin.ClickKeyword.click(ClickKeyword.groovy:74)
	at com.kms.katalon.core.webui.keyword.builtin.ClickKeyword.execute(ClickKeyword.groovy:40)
	at com.kms.katalon.core.keyword.internal.KeywordExecutor.executeKeywordForPlatform(KeywordExecutor.groovy:74)
	at com.kms.katalon.core.webui.keyword.WebUiBuiltInKeywords.click(WebUiBuiltInKeywords.groovy:620)
	at com.kms.katalon.core.webui.keyword.WebUiBuiltInKeywords$click$2.call(Unknown Source)
	at login_odtaqab.run(login_odtaqab:20)
	at com.kms.katalon.core.main.ScriptEngine.run(ScriptEngine.java:194)
	at com.kms.katalon.core.main.ScriptEngine.runScriptAsRawText(ScriptEngine.java:119)
	at com.kms.katalon.core.main.TestCaseExecutor.runScript(TestCaseExecutor.java:448)
	at com.kms.katalon.core.main.TestCaseExecutor.doExecute(TestCaseExecutor.java:439)
	at com.kms.katalon.core.main.TestCaseExecutor.processExecutionPhase(TestCaseExecutor.java:418)
	at com.kms.katalon.core.main.TestCaseExecutor.accessMainPhase(TestCaseExecutor.java:410)
	at com.kms.katalon.core.main.TestCaseExecutor.execute(TestCaseExecutor.java:285)
	at com.kms.katalon.core.main.TestCaseMain.runTestCase(TestCaseMain.java:144)
	at com.kms.katalon.core.keyword.builtin.CallTestCaseKeyword$_callTestCase_closure1.doCall(CallTestCaseKeyword.groovy:59)
	... 20 more
Caused by: org.openqa.selenium.StaleElementReferenceException: stale element reference: stale element not found
  (Session info: chrome=116.0.5845.98)
For documentation on this error, please visit: https://www.seleniumhq.org/exceptions/stale_element_reference.html
Build info: version: '3.141.59', revision: 'e82be7d358', time: '2018-11-14T08:25:53'
System info: host: 'DESKTOP-L51QJLB', ip: '172.22.45.167', os.name: 'Windows 10', os.arch: 'amd64', os.version: '10.0', java.version: '1.8.0_282'
Driver info: com.kms.katalon.selenium.driver.CChromeDriver
Capabilities {acceptInsecureCerts: false, browserName: chrome, browserVersion: 116.0.5845.98, chrome: {chromedriverVersion: 116.0.5845.96 (1a3918166880..., userDataDir: C:\Users\DELL\AppData\Local...}, fedcm:accounts: true, goog:chromeOptions: {debuggerAddress: localhost:49703}, javascriptEnabled: true, networkConnectionEnabled: false, pageLoadStrategy: normal, platform: WINDOWS, platformName: WINDOWS, proxy: Proxy(), setWindowRect: true, strictFileInteractability: false, timeouts: {implicit: 0, pageLoad: 300000, script: 30000}, unhandledPromptBehavior: dismiss and notify, webauthn:extension:credBlob: true, webauthn:extension:largeBlob: true, webauthn:extension:minPinLength: true, webauthn:extension:prf: true, webauthn:virtualAuthenticators: true}
Session ID: 10c19cc1e0cf91bfe5f95fc58eb48c5a
	at org.openqa.selenium.remote.http.W3CHttpResponseCodec.createException(W3CHttpResponseCodec.java:187)
	at org.openqa.selenium.remote.http.W3CHttpResponseCodec.decode(W3CHttpResponseCodec.java:122)
	at org.openqa.selenium.remote.http.W3CHttpResponseCodec.decode(W3CHttpResponseCodec.java:49)
	at org.openqa.selenium.remote.HttpCommandExecutor.execute(HttpCommandExecutor.java:158)
	at org.openqa.selenium.remote.service.DriverCommandExecutor.execute(DriverCommandExecutor.java:83)
	at org.openqa.selenium.remote.RemoteWebDriver.execute(RemoteWebDriver.java:552)
	at com.kms.katalon.selenium.driver.CChromeDriver.execute(CChromeDriver.java:19)
	at org.openqa.selenium.remote.RemoteWebElement.execute(RemoteWebElement.java:285)
	at org.openqa.selenium.remote.RemoteWebElement.click(RemoteWebElement.java:84)
	at org.openqa.selenium.support.events.EventFiringWebDriver$EventFiringWebElement.lambda$new$0(EventFiringWebDriver.java:404)
	at com.sun.proxy.$Proxy11.click(Unknown Source)
	at org.openqa.selenium.support.events.EventFiringWebDriver$EventFiringWebElement.click(EventFiringWebDriver.java:417)
	at org.openqa.selenium.WebElement$click.call(Unknown Source)
	at com.kms.katalon.core.webui.keyword.builtin.ClickKeyword.clickUntilSuccessWithTimeout(ClickKeyword.groovy:81)
	at com.kms.katalon.core.webui.keyword.builtin.ClickKeyword.clickUntilSuccessWithTimeout(ClickKeyword.groovy)
	at com.kms.katalon.core.webui.keyword.builtin.ClickKeyword$_click_closure1.doCall(ClickKeyword.groovy:67)
	at com.kms.katalon.core.webui.keyword.builtin.ClickKeyword$_click_closure1.call(ClickKeyword.groovy)
	at com.kms.katalon.core.webui.keyword.internal.WebUIKeywordMain.runKeyword(WebUIKeywordMain.groovy:20)
	... 35 more
)

2023-08-24 16:47:55 - [TEST_CASE][FAILED] - Test Cases/CommonMethods/login_odtaqab: Test Cases/CommonMethods/login_odtaqab FAILED.
Reason:
com.kms.katalon.core.exception.StepFailedException: Unable to click on object 'Object Repository/HomePage/Iniciar sesion'
	at com.kms.katalon.core.webui.keyword.internal.WebUIKeywordMain.stepFailed(WebUIKeywordMain.groovy:64)
	at com.kms.katalon.core.webui.keyword.internal.WebUIKeywordMain.runKeyword(WebUIKeywordMain.groovy:26)
	at com.kms.katalon.core.webui.keyword.builtin.ClickKeyword.click(ClickKeyword.groovy:74)
	at com.kms.katalon.core.webui.keyword.builtin.ClickKeyword.execute(ClickKeyword.groovy:40)
	at com.kms.katalon.core.keyword.internal.KeywordExecutor.executeKeywordForPlatform(KeywordExecutor.groovy:74)
	at com.kms.katalon.core.webui.keyword.WebUiBuiltInKeywords.click(WebUiBuiltInKeywords.groovy:620)
	at com.kms.katalon.core.webui.keyword.WebUiBuiltInKeywords$click$2.call(Unknown Source)
	at login_odtaqab.run(login_odtaqab:20)
	at com.kms.katalon.core.main.ScriptEngine.run(ScriptEngine.java:194)
	at com.kms.katalon.core.main.ScriptEngine.runScriptAsRawText(ScriptEngine.java:119)
	at com.kms.katalon.core.main.TestCaseExecutor.runScript(TestCaseExecutor.java:448)
	at com.kms.katalon.core.main.TestCaseExecutor.doExecute(TestCaseExecutor.java:439)
	at com.kms.katalon.core.main.TestCaseExecutor.processExecutionPhase(TestCaseExecutor.java:418)
	at com.kms.katalon.core.main.TestCaseExecutor.accessMainPhase(TestCaseExecutor.java:410)
	at com.kms.katalon.core.main.TestCaseExecutor.execute(TestCaseExecutor.java:285)
	at com.kms.katalon.core.main.TestCaseMain.runTestCase(TestCaseMain.java:144)
	at com.kms.katalon.core.keyword.builtin.CallTestCaseKeyword$_callTestCase_closure1.doCall(CallTestCaseKeyword.groovy:59)
	at com.kms.katalon.core.keyword.builtin.CallTestCaseKeyword$_callTestCase_closure1.call(CallTestCaseKeyword.groovy)
	at com.kms.katalon.core.keyword.internal.KeywordMain.runKeyword(KeywordMain.groovy:75)
	at com.kms.katalon.core.keyword.builtin.CallTestCaseKeyword.callTestCase(CallTestCaseKeyword.groovy:81)
	at com.kms.katalon.core.keyword.builtin.CallTestCaseKeyword.execute(CallTestCaseKeyword.groovy:44)
	at com.kms.katalon.core.keyword.internal.KeywordExecutor.executeKeywordForPlatform(KeywordExecutor.groovy:74)
	at com.kms.katalon.core.keyword.BuiltinKeywords.callTestCase(BuiltinKeywords.groovy:310)
	at TS_SMOKE_SUITE_023.run(TS_SMOKE_SUITE_023:29)
	at com.kms.katalon.core.main.ScriptEngine.run(ScriptEngine.java:194)
	at com.kms.katalon.core.main.ScriptEngine.runScriptAsRawText(ScriptEngine.java:119)
	at com.kms.katalon.core.main.TestCaseExecutor.runScript(TestCaseExecutor.java:448)
	at com.kms.katalon.core.main.TestCaseExecutor.doExecute(TestCaseExecutor.java:439)
	at com.kms.katalon.core.main.TestCaseExecutor.processExecutionPhase(TestCaseExecutor.java:418)
	at com.kms.katalon.core.main.TestCaseExecutor.accessMainPhase(TestCaseExecutor.java:410)
	at com.kms.katalon.core.main.TestCaseExecutor.execute(TestCaseExecutor.java:285)
	at com.kms.katalon.core.common.CommonExecutor.accessTestCaseMainPhase(CommonExecutor.java:65)
	at com.kms.katalon.core.main.TestSuiteExecutor.accessTestSuiteMainPhase(TestSuiteExecutor.java:148)
	at com.kms.katalon.core.main.TestSuiteExecutor.execute(TestSuiteExecutor.java:106)
	at com.kms.katalon.core.main.TestCaseMain.startTestSuite(TestCaseMain.java:187)
	at com.kms.katalon.core.main.TestCaseMain$startTestSuite$0.call(Unknown Source)
	at TempTestSuite1692874420462.run(TempTestSuite1692874420462.groovy:36)
Caused by: org.openqa.selenium.StaleElementReferenceException: stale element reference: stale element not found
  (Session info: chrome=116.0.5845.98)
For documentation on this error, please visit: https://www.seleniumhq.org/exceptions/stale_element_reference.html
Build info: version: '3.141.59', revision: 'e82be7d358', time: '2018-11-14T08:25:53'
System info: host: 'DESKTOP-L51QJLB', ip: '172.22.45.167', os.name: 'Windows 10', os.arch: 'amd64', os.version: '10.0', java.version: '1.8.0_282'
Driver info: com.kms.katalon.selenium.driver.CChromeDriver
Capabilities {acceptInsecureCerts: false, browserName: chrome, browserVersion: 116.0.5845.98, chrome: {chromedriverVersion: 116.0.5845.96 (1a3918166880..., userDataDir: C:\Users\DELL\AppData\Local...}, fedcm:accounts: true, goog:chromeOptions: {debuggerAddress: localhost:49703}, javascriptEnabled: true, networkConnectionEnabled: false, pageLoadStrategy: normal, platform: WINDOWS, platformName: WINDOWS, proxy: Proxy(), setWindowRect: true, strictFileInteractability: false, timeouts: {implicit: 0, pageLoad: 300000, script: 30000}, unhandledPromptBehavior: dismiss and notify, webauthn:extension:credBlob: true, webauthn:extension:largeBlob: true, webauthn:extension:minPinLength: true, webauthn:extension:prf: true, webauthn:virtualAuthenticators: true}
Session ID: 10c19cc1e0cf91bfe5f95fc58eb48c5a
	at org.openqa.selenium.remote.http.W3CHttpResponseCodec.createException(W3CHttpResponseCodec.java:187)
	at org.openqa.selenium.remote.http.W3CHttpResponseCodec.decode(W3CHttpResponseCodec.java:122)
	at org.openqa.selenium.remote.http.W3CHttpResponseCodec.decode(W3CHttpResponseCodec.java:49)
	at org.openqa.selenium.remote.HttpCommandExecutor.execute(HttpCommandExecutor.java:158)
	at org.openqa.selenium.remote.service.DriverCommandExecutor.execute(DriverCommandExecutor.java:83)
	at org.openqa.selenium.remote.RemoteWebDriver.execute(RemoteWebDriver.java:552)
	at com.kms.katalon.selenium.driver.CChromeDriver.execute(CChromeDriver.java:19)
	at org.openqa.selenium.remote.RemoteWebElement.execute(RemoteWebElement.java:285)
	at org.openqa.selenium.remote.RemoteWebElement.click(RemoteWebElement.java:84)
	at org.openqa.selenium.support.events.EventFiringWebDriver$EventFiringWebElement.lambda$new$0(EventFiringWebDriver.java:404)
	at com.sun.proxy.$Proxy11.click(Unknown Source)
	at org.openqa.selenium.support.events.EventFiringWebDriver$EventFiringWebElement.click(EventFiringWebDriver.java:417)
	at org.openqa.selenium.WebElement$click.call(Unknown Source)
	at com.kms.katalon.core.webui.keyword.builtin.ClickKeyword.clickUntilSuccessWithTimeout(ClickKeyword.groovy:81)
	at com.kms.katalon.core.webui.keyword.builtin.ClickKeyword.clickUntilSuccessWithTimeout(ClickKeyword.groovy)
	at com.kms.katalon.core.webui.keyword.builtin.ClickKeyword$_click_closure1.doCall(ClickKeyword.groovy:67)
	at com.kms.katalon.core.webui.keyword.builtin.ClickKeyword$_click_closure1.call(ClickKeyword.groovy)
	at com.kms.katalon.core.webui.keyword.internal.WebUIKeywordMain.runKeyword(WebUIKeywordMain.groovy:20)
	... 35 more


2023-08-24 16:47:55 - [TEST_STEP][FAILED] - click(findTestObject("HomePage/Iniciar sesion")): Unable to click on object 'Object Repository/HomePage/Iniciar sesion' (Root cause: com.kms.katalon.core.exception.StepFailedException: Unable to click on object 'Object Repository/HomePage/Iniciar sesion'
	at com.kms.katalon.core.webui.keyword.internal.WebUIKeywordMain.stepFailed(WebUIKeywordMain.groovy:64)
	at com.kms.katalon.core.webui.keyword.internal.WebUIKeywordMain.runKeyword(WebUIKeywordMain.groovy:26)
	at com.kms.katalon.core.webui.keyword.builtin.ClickKeyword.click(ClickKeyword.groovy:74)
	at com.kms.katalon.core.webui.keyword.builtin.ClickKeyword.execute(ClickKeyword.groovy:40)
	at com.kms.katalon.core.keyword.internal.KeywordExecutor.executeKeywordForPlatform(KeywordExecutor.groovy:74)
	at com.kms.katalon.core.webui.keyword.WebUiBuiltInKeywords.click(WebUiBuiltInKeywords.groovy:620)
	at com.kms.katalon.core.webui.keyword.WebUiBuiltInKeywords$click$2.call(Unknown Source)
	at login_odtaqab.run(login_odtaqab:20)
	at com.kms.katalon.core.main.ScriptEngine.run(ScriptEngine.java:194)
	at com.kms.katalon.core.main.ScriptEngine.runScriptAsRawText(ScriptEngine.java:119)
	at com.kms.katalon.core.main.TestCaseExecutor.runScript(TestCaseExecutor.java:448)
	at com.kms.katalon.core.main.TestCaseExecutor.doExecute(TestCaseExecutor.java:439)
	at com.kms.katalon.core.main.TestCaseExecutor.processExecutionPhase(TestCaseExecutor.java:418)
	at com.kms.katalon.core.main.TestCaseExecutor.accessMainPhase(TestCaseExecutor.java:410)
	at com.kms.katalon.core.main.TestCaseExecutor.execute(TestCaseExecutor.java:285)
	at com.kms.katalon.core.main.TestCaseMain.runTestCase(TestCaseMain.java:144)
	at com.kms.katalon.core.keyword.builtin.CallTestCaseKeyword$_callTestCase_closure1.doCall(CallTestCaseKeyword.groovy:59)
	at com.kms.katalon.core.keyword.builtin.CallTestCaseKeyword$_callTestCase_closure1.call(CallTestCaseKeyword.groovy)
	at com.kms.katalon.core.keyword.internal.KeywordMain.runKeyword(KeywordMain.groovy:75)
	at com.kms.katalon.core.keyword.builtin.CallTestCaseKeyword.callTestCase(CallTestCaseKeyword.groovy:81)
	at com.kms.katalon.core.keyword.builtin.CallTestCaseKeyword.execute(CallTestCaseKeyword.groovy:44)
	at com.kms.katalon.core.keyword.internal.KeywordExecutor.executeKeywordForPlatform(KeywordExecutor.groovy:74)
	at com.kms.katalon.core.keyword.BuiltinKeywords.callTestCase(BuiltinKeywords.groovy:310)
	at TS_SMOKE_SUITE_023.run(TS_SMOKE_SUITE_023:29)
	at com.kms.katalon.core.main.ScriptEngine.run(ScriptEngine.java:194)
	at com.kms.katalon.core.main.ScriptEngine.runScriptAsRawText(ScriptEngine.java:119)
	at com.kms.katalon.core.main.TestCaseExecutor.runScript(TestCaseExecutor.java:448)
	at com.kms.katalon.core.main.TestCaseExecutor.doExecute(TestCaseExecutor.java:439)
	at com.kms.katalon.core.main.TestCaseExecutor.processExecutionPhase(TestCaseExecutor.java:418)
	at com.kms.katalon.core.main.TestCaseExecutor.accessMainPhase(TestCaseExecutor.java:410)
	at com.kms.katalon.core.main.TestCaseExecutor.execute(TestCaseExecutor.java:285)
	at com.kms.katalon.core.common.CommonExecutor.accessTestCaseMainPhase(CommonExecutor.java:65)
	at com.kms.katalon.core.main.TestSuiteExecutor.accessTestSuiteMainPhase(TestSuiteExecutor.java:148)
	at com.kms.katalon.core.main.TestSuiteExecutor.execute(TestSuiteExecutor.java:106)
	at com.kms.katalon.core.main.TestCaseMain.startTestSuite(TestCaseMain.java:187)
	at com.kms.katalon.core.main.TestCaseMain$startTestSuite$0.call(Unknown Source)
	at TempTestSuite1692874420462.run(TempTestSuite1692874420462.groovy:36)
Caused by: org.openqa.selenium.StaleElementReferenceException: stale element reference: stale element not found
  (Session info: chrome=116.0.5845.98)
For documentation on this error, please visit: https://www.seleniumhq.org/exceptions/stale_element_reference.html
Build info: version: '3.141.59', revision: 'e82be7d358', time: '2018-11-14T08:25:53'
System info: host: 'DESKTOP-L51QJLB', ip: '172.22.45.167', os.name: 'Windows 10', os.arch: 'amd64', os.version: '10.0', java.version: '1.8.0_282'
Driver info: com.kms.katalon.selenium.driver.CChromeDriver
Capabilities {acceptInsecureCerts: false, browserName: chrome, browserVersion: 116.0.5845.98, chrome: {chromedriverVersion: 116.0.5845.96 (1a3918166880..., userDataDir: C:\Users\DELL\AppData\Local...}, fedcm:accounts: true, goog:chromeOptions: {debuggerAddress: localhost:49703}, javascriptEnabled: true, networkConnectionEnabled: false, pageLoadStrategy: normal, platform: WINDOWS, platformName: WINDOWS, proxy: Proxy(), setWindowRect: true, strictFileInteractability: false, timeouts: {implicit: 0, pageLoad: 300000, script: 30000}, unhandledPromptBehavior: dismiss and notify, webauthn:extension:credBlob: true, webauthn:extension:largeBlob: true, webauthn:extension:minPinLength: true, webauthn:extension:prf: true, webauthn:virtualAuthenticators: true}
Session ID: 10c19cc1e0cf91bfe5f95fc58eb48c5a
	at org.openqa.selenium.remote.http.W3CHttpResponseCodec.createException(W3CHttpResponseCodec.java:187)
	at org.openqa.selenium.remote.http.W3CHttpResponseCodec.decode(W3CHttpResponseCodec.java:122)
	at org.openqa.selenium.remote.http.W3CHttpResponseCodec.decode(W3CHttpResponseCodec.java:49)
	at org.openqa.selenium.remote.HttpCommandExecutor.execute(HttpCommandExecutor.java:158)
	at org.openqa.selenium.remote.service.DriverCommandExecutor.execute(DriverCommandExecutor.java:83)
	at org.openqa.selenium.remote.RemoteWebDriver.execute(RemoteWebDriver.java:552)
	at com.kms.katalon.selenium.driver.CChromeDriver.execute(CChromeDriver.java:19)
	at org.openqa.selenium.remote.RemoteWebElement.execute(RemoteWebElement.java:285)
	at org.openqa.selenium.remote.RemoteWebElement.click(RemoteWebElement.java:84)
	at org.openqa.selenium.support.events.EventFiringWebDriver$EventFiringWebElement.lambda$new$0(EventFiringWebDriver.java:404)
	at com.sun.proxy.$Proxy11.click(Unknown Source)
	at org.openqa.selenium.support.events.EventFiringWebDriver$EventFiringWebElement.click(EventFiringWebDriver.java:417)
	at org.openqa.selenium.WebElement$click.call(Unknown Source)
	at com.kms.katalon.core.webui.keyword.builtin.ClickKeyword.clickUntilSuccessWithTimeout(ClickKeyword.groovy:81)
	at com.kms.katalon.core.webui.keyword.builtin.ClickKeyword.clickUntilSuccessWithTimeout(ClickKeyword.groovy)
	at com.kms.katalon.core.webui.keyword.builtin.ClickKeyword$_click_closure1.doCall(ClickKeyword.groovy:67)
	at com.kms.katalon.core.webui.keyword.builtin.ClickKeyword$_click_closure1.call(ClickKeyword.groovy)
	at com.kms.katalon.core.webui.keyword.internal.WebUIKeywordMain.runKeyword(WebUIKeywordMain.groovy:20)
	at com.kms.katalon.core.webui.keyword.builtin.ClickKeyword.click(ClickKeyword.groovy:74)
	at com.kms.katalon.core.webui.keyword.builtin.ClickKeyword.execute(ClickKeyword.groovy:40)
	at com.kms.katalon.core.keyword.internal.KeywordExecutor.executeKeywordForPlatform(KeywordExecutor.groovy:74)
	at com.kms.katalon.core.webui.keyword.WebUiBuiltInKeywords.click(WebUiBuiltInKeywords.groovy:620)
	at com.kms.katalon.core.webui.keyword.WebUiBuiltInKeywords$click$2.call(Unknown Source)
	at Script1682278963047.run(Script1682278963047.groovy:20)
	at com.kms.katalon.core.main.ScriptEngine.run(ScriptEngine.java:194)
	at com.kms.katalon.core.main.ScriptEngine.runScriptAsRawText(ScriptEngine.java:119)
	at com.kms.katalon.core.main.TestCaseExecutor.runScript(TestCaseExecutor.java:448)
	at com.kms.katalon.core.main.TestCaseExecutor.doExecute(TestCaseExecutor.java:439)
	at com.kms.katalon.core.main.TestCaseExecutor.processExecutionPhase(TestCaseExecutor.java:418)
	at com.kms.katalon.core.main.TestCaseExecutor.accessMainPhase(TestCaseExecutor.java:410)
	at com.kms.katalon.core.main.TestCaseExecutor.execute(TestCaseExecutor.java:285)
	at com.kms.katalon.core.main.TestCaseMain.runTestCase(TestCaseMain.java:144)
	at com.kms.katalon.core.keyword.builtin.CallTestCaseKeyword$_callTestCase_closure1.doCall(CallTestCaseKeyword.groovy:59)
	at com.kms.katalon.core.keyword.builtin.CallTestCaseKeyword$_callTestCase_closure1.call(CallTestCaseKeyword.groovy)
	at com.kms.katalon.core.keyword.internal.KeywordMain.runKeyword(KeywordMain.groovy:75)
	at com.kms.katalon.core.keyword.builtin.CallTestCaseKeyword.callTestCase(CallTestCaseKeyword.groovy:81)
	at com.kms.katalon.core.keyword.builtin.CallTestCaseKeyword.execute(CallTestCaseKeyword.groovy:44)
	at com.kms.katalon.core.keyword.internal.KeywordExecutor.executeKeywordForPlatform(KeywordExecutor.groovy:74)
	at com.kms.katalon.core.keyword.BuiltinKeywords.callTestCase(BuiltinKeywords.groovy:310)
	at Script1691414039919.run(Script1691414039919.groovy:29)
	... 13 more
)

2023-08-24 16:48:14 - [MESSAGE][FAILED] - Unable to click on object 'Object Repository/HomePage/Iniciar sesion' (Root cause: com.kms.katalon.core.exception.StepFailedException: Unable to click on object 'Object Repository/HomePage/Iniciar sesion'
	at com.kms.katalon.core.webui.keyword.internal.WebUIKeywordMain.stepFailed(WebUIKeywordMain.groovy:64)
	at com.kms.katalon.core.webui.keyword.internal.WebUIKeywordMain.runKeyword(WebUIKeywordMain.groovy:26)
	at com.kms.katalon.core.webui.keyword.builtin.ClickKeyword.click(ClickKeyword.groovy:74)
	at com.kms.katalon.core.webui.keyword.builtin.ClickKeyword.execute(ClickKeyword.groovy:40)
	at com.kms.katalon.core.keyword.internal.KeywordExecutor.executeKeywordForPlatform(KeywordExecutor.groovy:74)
	at com.kms.katalon.core.webui.keyword.WebUiBuiltInKeywords.click(WebUiBuiltInKeywords.groovy:620)
	at com.kms.katalon.core.webui.keyword.WebUiBuiltInKeywords$click$2.call(Unknown Source)
	at login_odtaqab.run(login_odtaqab:20)
	at com.kms.katalon.core.main.ScriptEngine.run(ScriptEngine.java:194)
	at com.kms.katalon.core.main.ScriptEngine.runScriptAsRawText(ScriptEngine.java:119)
	at com.kms.katalon.core.main.TestCaseExecutor.runScript(TestCaseExecutor.java:448)
	at com.kms.katalon.core.main.TestCaseExecutor.doExecute(TestCaseExecutor.java:439)
	at com.kms.katalon.core.main.TestCaseExecutor.processExecutionPhase(TestCaseExecutor.java:418)
	at com.kms.katalon.core.main.TestCaseExecutor.accessMainPhase(TestCaseExecutor.java:410)
	at com.kms.katalon.core.main.TestCaseExecutor.execute(TestCaseExecutor.java:285)
	at com.kms.katalon.core.main.TestCaseMain.runTestCase(TestCaseMain.java:144)
	at com.kms.katalon.core.keyword.builtin.CallTestCaseKeyword$_callTestCase_closure1.doCall(CallTestCaseKeyword.groovy:59)
	at com.kms.katalon.core.keyword.builtin.CallTestCaseKeyword$_callTestCase_closure1.call(CallTestCaseKeyword.groovy)
	at com.kms.katalon.core.keyword.internal.KeywordMain.runKeyword(KeywordMain.groovy:75)
	at com.kms.katalon.core.keyword.builtin.CallTestCaseKeyword.callTestCase(CallTestCaseKeyword.groovy:81)
	at com.kms.katalon.core.keyword.builtin.CallTestCaseKeyword.execute(CallTestCaseKeyword.groovy:44)
	at com.kms.katalon.core.keyword.internal.KeywordExecutor.executeKeywordForPlatform(KeywordExecutor.groovy:74)
	at com.kms.katalon.core.keyword.BuiltinKeywords.callTestCase(BuiltinKeywords.groovy:310)
	at TS_SMOKE_SUITE_023.run(TS_SMOKE_SUITE_023:29)
	at com.kms.katalon.core.main.ScriptEngine.run(ScriptEngine.java:194)
	at com.kms.katalon.core.main.ScriptEngine.runScriptAsRawText(ScriptEngine.java:119)
	at com.kms.katalon.core.main.TestCaseExecutor.runScript(TestCaseExecutor.java:448)
	at com.kms.katalon.core.main.TestCaseExecutor.doExecute(TestCaseExecutor.java:439)
	at com.kms.katalon.core.main.TestCaseExecutor.processExecutionPhase(TestCaseExecutor.java:418)
	at com.kms.katalon.core.main.TestCaseExecutor.accessMainPhase(TestCaseExecutor.java:410)
	at com.kms.katalon.core.main.TestCaseExecutor.execute(TestCaseExecutor.java:285)
	at com.kms.katalon.core.common.CommonExecutor.accessTestCaseMainPhase(CommonExecutor.java:65)
	at com.kms.katalon.core.main.TestSuiteExecutor.accessTestSuiteMainPhase(TestSuiteExecutor.java:148)
	at com.kms.katalon.core.main.TestSuiteExecutor.execute(TestSuiteExecutor.java:106)
	at com.kms.katalon.core.main.TestCaseMain.startTestSuite(TestCaseMain.java:187)
	at com.kms.katalon.core.main.TestCaseMain$startTestSuite$0.call(Unknown Source)
	at TempTestSuite1692874420462.run(TempTestSuite1692874420462.groovy:36)
Caused by: org.openqa.selenium.StaleElementReferenceException: stale element reference: stale element not found
  (Session info: chrome=116.0.5845.98)
For documentation on this error, please visit: https://www.seleniumhq.org/exceptions/stale_element_reference.html
Build info: version: '3.141.59', revision: 'e82be7d358', time: '2018-11-14T08:25:53'
System info: host: 'DESKTOP-L51QJLB', ip: '172.22.45.167', os.name: 'Windows 10', os.arch: 'amd64', os.version: '10.0', java.version: '1.8.0_282'
Driver info: com.kms.katalon.selenium.driver.CChromeDriver
Capabilities {acceptInsecureCerts: false, browserName: chrome, browserVersion: 116.0.5845.98, chrome: {chromedriverVersion: 116.0.5845.96 (1a3918166880..., userDataDir: C:\Users\DELL\AppData\Local...}, fedcm:accounts: true, goog:chromeOptions: {debuggerAddress: localhost:49703}, javascriptEnabled: true, networkConnectionEnabled: false, pageLoadStrategy: normal, platform: WINDOWS, platformName: WINDOWS, proxy: Proxy(), setWindowRect: true, strictFileInteractability: false, timeouts: {implicit: 0, pageLoad: 300000, script: 30000}, unhandledPromptBehavior: dismiss and notify, webauthn:extension:credBlob: true, webauthn:extension:largeBlob: true, webauthn:extension:minPinLength: true, webauthn:extension:prf: true, webauthn:virtualAuthenticators: true}
Session ID: 10c19cc1e0cf91bfe5f95fc58eb48c5a
	at org.openqa.selenium.remote.http.W3CHttpResponseCodec.createException(W3CHttpResponseCodec.java:187)
	at org.openqa.selenium.remote.http.W3CHttpResponseCodec.decode(W3CHttpResponseCodec.java:122)
	at org.openqa.selenium.remote.http.W3CHttpResponseCodec.decode(W3CHttpResponseCodec.java:49)
	at org.openqa.selenium.remote.HttpCommandExecutor.execute(HttpCommandExecutor.java:158)
	at org.openqa.selenium.remote.service.DriverCommandExecutor.execute(DriverCommandExecutor.java:83)
	at org.openqa.selenium.remote.RemoteWebDriver.execute(RemoteWebDriver.java:552)
	at com.kms.katalon.selenium.driver.CChromeDriver.execute(CChromeDriver.java:19)
	at org.openqa.selenium.remote.RemoteWebElement.execute(RemoteWebElement.java:285)
	at org.openqa.selenium.remote.RemoteWebElement.click(RemoteWebElement.java:84)
	at org.openqa.selenium.support.events.EventFiringWebDriver$EventFiringWebElement.lambda$new$0(EventFiringWebDriver.java:404)
	at com.sun.proxy.$Proxy11.click(Unknown Source)
	at org.openqa.selenium.support.events.EventFiringWebDriver$EventFiringWebElement.click(EventFiringWebDriver.java:417)
	at org.openqa.selenium.WebElement$click.call(Unknown Source)
	at com.kms.katalon.core.webui.keyword.builtin.ClickKeyword.clickUntilSuccessWithTimeout(ClickKeyword.groovy:81)
	at com.kms.katalon.core.webui.keyword.builtin.ClickKeyword.clickUntilSuccessWithTimeout(ClickKeyword.groovy)
	at com.kms.katalon.core.webui.keyword.builtin.ClickKeyword$_click_closure1.doCall(ClickKeyword.groovy:67)
	at com.kms.katalon.core.webui.keyword.builtin.ClickKeyword$_click_closure1.call(ClickKeyword.groovy)
	at com.kms.katalon.core.webui.keyword.internal.WebUIKeywordMain.runKeyword(WebUIKeywordMain.groovy:20)
	at com.kms.katalon.core.webui.keyword.builtin.ClickKeyword.click(ClickKeyword.groovy:74)
	at com.kms.katalon.core.webui.keyword.builtin.ClickKeyword.execute(ClickKeyword.groovy:40)
	at com.kms.katalon.core.keyword.internal.KeywordExecutor.executeKeywordForPlatform(KeywordExecutor.groovy:74)
	at com.kms.katalon.core.webui.keyword.WebUiBuiltInKeywords.click(WebUiBuiltInKeywords.groovy:620)
	at com.kms.katalon.core.webui.keyword.WebUiBuiltInKeywords$click$2.call(Unknown Source)
	at Script1682278963047.run(Script1682278963047.groovy:20)
	at com.kms.katalon.core.main.ScriptEngine.run(ScriptEngine.java:194)
	at com.kms.katalon.core.main.ScriptEngine.runScriptAsRawText(ScriptEngine.java:119)
	at com.kms.katalon.core.main.TestCaseExecutor.runScript(TestCaseExecutor.java:448)
	at com.kms.katalon.core.main.TestCaseExecutor.doExecute(TestCaseExecutor.java:439)
	at com.kms.katalon.core.main.TestCaseExecutor.processExecutionPhase(TestCaseExecutor.java:418)
	at com.kms.katalon.core.main.TestCaseExecutor.accessMainPhase(TestCaseExecutor.java:410)
	at com.kms.katalon.core.main.TestCaseExecutor.execute(TestCaseExecutor.java:285)
	at com.kms.katalon.core.main.TestCaseMain.runTestCase(TestCaseMain.java:144)
	at com.kms.katalon.core.keyword.builtin.CallTestCaseKeyword$_callTestCase_closure1.doCall(CallTestCaseKeyword.groovy:59)
	at com.kms.katalon.core.keyword.builtin.CallTestCaseKeyword$_callTestCase_closure1.call(CallTestCaseKeyword.groovy)
	at com.kms.katalon.core.keyword.internal.KeywordMain.runKeyword(KeywordMain.groovy:75)
	at com.kms.katalon.core.keyword.builtin.CallTestCaseKeyword.callTestCase(CallTestCaseKeyword.groovy:81)
	at com.kms.katalon.core.keyword.builtin.CallTestCaseKeyword.execute(CallTestCaseKeyword.groovy:44)
	at com.kms.katalon.core.keyword.internal.KeywordExecutor.executeKeywordForPlatform(KeywordExecutor.groovy:74)
	at com.kms.katalon.core.keyword.BuiltinKeywords.callTestCase(BuiltinKeywords.groovy:310)
	at Script1691414039919.run(Script1691414039919.groovy:29)
	... 13 more
)
[[ATTACHMENT|D:\\backup\\LiverpoolProject_SmokeSuite\\Reports\\20230824_162340\\SmokeSuite_AllModules\\20230824_162340\\1692875894705.png]]

2023-08-24 16:48:14 - [MESSAGE][FAILED] - Unable to call Test Case 'Test Cases/CommonMethods/login_odtaqab' (Root cause: com.kms.katalon.core.exception.StepFailedException: Call Test Case 'Test Cases/CommonMethods/login_odtaqab' failed
	at com.kms.katalon.core.keyword.builtin.CallTestCaseKeyword$_callTestCase_closure1.doCall(CallTestCaseKeyword.groovy:63)
	at com.kms.katalon.core.keyword.builtin.CallTestCaseKeyword$_callTestCase_closure1.call(CallTestCaseKeyword.groovy)
	at com.kms.katalon.core.keyword.internal.KeywordMain.runKeyword(KeywordMain.groovy:75)
	at com.kms.katalon.core.keyword.builtin.CallTestCaseKeyword.callTestCase(CallTestCaseKeyword.groovy:81)
	at com.kms.katalon.core.keyword.builtin.CallTestCaseKeyword.execute(CallTestCaseKeyword.groovy:44)
	at com.kms.katalon.core.keyword.internal.KeywordExecutor.executeKeywordForPlatform(KeywordExecutor.groovy:74)
	at com.kms.katalon.core.keyword.BuiltinKeywords.callTestCase(BuiltinKeywords.groovy:310)
	at TS_SMOKE_SUITE_023.run(TS_SMOKE_SUITE_023:29)
	at com.kms.katalon.core.main.ScriptEngine.run(ScriptEngine.java:194)
	at com.kms.katalon.core.main.ScriptEngine.runScriptAsRawText(ScriptEngine.java:119)
	at com.kms.katalon.core.main.TestCaseExecutor.runScript(TestCaseExecutor.java:448)
	at com.kms.katalon.core.main.TestCaseExecutor.doExecute(TestCaseExecutor.java:439)
	at com.kms.katalon.core.main.TestCaseExecutor.processExecutionPhase(TestCaseExecutor.java:418)
	at com.kms.katalon.core.main.TestCaseExecutor.accessMainPhase(TestCaseExecutor.java:410)
	at com.kms.katalon.core.main.TestCaseExecutor.execute(TestCaseExecutor.java:285)
	at com.kms.katalon.core.common.CommonExecutor.accessTestCaseMainPhase(CommonExecutor.java:65)
	at com.kms.katalon.core.main.TestSuiteExecutor.accessTestSuiteMainPhase(TestSuiteExecutor.java:148)
	at com.kms.katalon.core.main.TestSuiteExecutor.execute(TestSuiteExecutor.java:106)
	at com.kms.katalon.core.main.TestCaseMain.startTestSuite(TestCaseMain.java:187)
	at com.kms.katalon.core.main.TestCaseMain$startTestSuite$0.call(Unknown Source)
	at TempTestSuite1692874420462.run(TempTestSuite1692874420462.groovy:36)
Caused by: com.kms.katalon.core.exception.StepFailedException: Unable to click on object 'Object Repository/HomePage/Iniciar sesion'
	at com.kms.katalon.core.webui.keyword.internal.WebUIKeywordMain.stepFailed(WebUIKeywordMain.groovy:64)
	at com.kms.katalon.core.webui.keyword.internal.WebUIKeywordMain.runKeyword(WebUIKeywordMain.groovy:26)
	at com.kms.katalon.core.webui.keyword.builtin.ClickKeyword.click(ClickKeyword.groovy:74)
	at com.kms.katalon.core.webui.keyword.builtin.ClickKeyword.execute(ClickKeyword.groovy:40)
	at com.kms.katalon.core.keyword.internal.KeywordExecutor.executeKeywordForPlatform(KeywordExecutor.groovy:74)
	at com.kms.katalon.core.webui.keyword.WebUiBuiltInKeywords.click(WebUiBuiltInKeywords.groovy:620)
	at com.kms.katalon.core.webui.keyword.WebUiBuiltInKeywords$click$2.call(Unknown Source)
	at login_odtaqab.run(login_odtaqab:20)
	at com.kms.katalon.core.main.ScriptEngine.run(ScriptEngine.java:194)
	at com.kms.katalon.core.main.ScriptEngine.runScriptAsRawText(ScriptEngine.java:119)
	at com.kms.katalon.core.main.TestCaseExecutor.runScript(TestCaseExecutor.java:448)
	at com.kms.katalon.core.main.TestCaseExecutor.doExecute(TestCaseExecutor.java:439)
	at com.kms.katalon.core.main.TestCaseExecutor.processExecutionPhase(TestCaseExecutor.java:418)
	at com.kms.katalon.core.main.TestCaseExecutor.accessMainPhase(TestCaseExecutor.java:410)
	at com.kms.katalon.core.main.TestCaseExecutor.execute(TestCaseExecutor.java:285)
	at com.kms.katalon.core.main.TestCaseMain.runTestCase(TestCaseMain.java:144)
	at com.kms.katalon.core.keyword.builtin.CallTestCaseKeyword$_callTestCase_closure1.doCall(CallTestCaseKeyword.groovy:59)
	... 20 more
Caused by: org.openqa.selenium.StaleElementReferenceException: stale element reference: stale element not found
  (Session info: chrome=116.0.5845.98)
For documentation on this error, please visit: https://www.seleniumhq.org/exceptions/stale_element_reference.html
Build info: version: '3.141.59', revision: 'e82be7d358', time: '2018-11-14T08:25:53'
System info: host: 'DESKTOP-L51QJLB', ip: '172.22.45.167', os.name: 'Windows 10', os.arch: 'amd64', os.version: '10.0', java.version: '1.8.0_282'
Driver info: com.kms.katalon.selenium.driver.CChromeDriver
Capabilities {acceptInsecureCerts: false, browserName: chrome, browserVersion: 116.0.5845.98, chrome: {chromedriverVersion: 116.0.5845.96 (1a3918166880..., userDataDir: C:\Users\DELL\AppData\Local...}, fedcm:accounts: true, goog:chromeOptions: {debuggerAddress: localhost:49703}, javascriptEnabled: true, networkConnectionEnabled: false, pageLoadStrategy: normal, platform: WINDOWS, platformName: WINDOWS, proxy: Proxy(), setWindowRect: true, strictFileInteractability: false, timeouts: {implicit: 0, pageLoad: 300000, script: 30000}, unhandledPromptBehavior: dismiss and notify, webauthn:extension:credBlob: true, webauthn:extension:largeBlob: true, webauthn:extension:minPinLength: true, webauthn:extension:prf: true, webauthn:virtualAuthenticators: true}
Session ID: 10c19cc1e0cf91bfe5f95fc58eb48c5a
	at org.openqa.selenium.remote.http.W3CHttpResponseCodec.createException(W3CHttpResponseCodec.java:187)
	at org.openqa.selenium.remote.http.W3CHttpResponseCodec.decode(W3CHttpResponseCodec.java:122)
	at org.openqa.selenium.remote.http.W3CHttpResponseCodec.decode(W3CHttpResponseCodec.java:49)
	at org.openqa.selenium.remote.HttpCommandExecutor.execute(HttpCommandExecutor.java:158)
	at org.openqa.selenium.remote.service.DriverCommandExecutor.execute(DriverCommandExecutor.java:83)
	at org.openqa.selenium.remote.RemoteWebDriver.execute(RemoteWebDriver.java:552)
	at com.kms.katalon.selenium.driver.CChromeDriver.execute(CChromeDriver.java:19)
	at org.openqa.selenium.remote.RemoteWebElement.execute(RemoteWebElement.java:285)
	at org.openqa.selenium.remote.RemoteWebElement.click(RemoteWebElement.java:84)
	at org.openqa.selenium.support.events.EventFiringWebDriver$EventFiringWebElement.lambda$new$0(EventFiringWebDriver.java:404)
	at com.sun.proxy.$Proxy11.click(Unknown Source)
	at org.openqa.selenium.support.events.EventFiringWebDriver$EventFiringWebElement.click(EventFiringWebDriver.java:417)
	at org.openqa.selenium.WebElement$click.call(Unknown Source)
	at com.kms.katalon.core.webui.keyword.builtin.ClickKeyword.clickUntilSuccessWithTimeout(ClickKeyword.groovy:81)
	at com.kms.katalon.core.webui.keyword.builtin.ClickKeyword.clickUntilSuccessWithTimeout(ClickKeyword.groovy)
	at com.kms.katalon.core.webui.keyword.builtin.ClickKeyword$_click_closure1.doCall(ClickKeyword.groovy:67)
	at com.kms.katalon.core.webui.keyword.builtin.ClickKeyword$_click_closure1.call(ClickKeyword.groovy)
	at com.kms.katalon.core.webui.keyword.internal.WebUIKeywordMain.runKeyword(WebUIKeywordMain.groovy:20)
	... 35 more
)]]></system-out>
         <system-err><![CDATA[2023-08-24 16:46:49 - [TEST_CASE][FAILED] - Test Cases/AccountManagement/TS_SMOKE_SUITE_023: Test Cases/AccountManagement/TS_SMOKE_SUITE_023 FAILED.
Reason:
com.kms.katalon.core.exception.StepFailedException: Call Test Case 'Test Cases/CommonMethods/login_odtaqab' failed
	at com.kms.katalon.core.keyword.builtin.CallTestCaseKeyword$_callTestCase_closure1.doCall(CallTestCaseKeyword.groovy:63)
	at com.kms.katalon.core.keyword.builtin.CallTestCaseKeyword$_callTestCase_closure1.call(CallTestCaseKeyword.groovy)
	at com.kms.katalon.core.keyword.internal.KeywordMain.runKeyword(KeywordMain.groovy:75)
	at com.kms.katalon.core.keyword.builtin.CallTestCaseKeyword.callTestCase(CallTestCaseKeyword.groovy:81)
	at com.kms.katalon.core.keyword.builtin.CallTestCaseKeyword.execute(CallTestCaseKeyword.groovy:44)
	at com.kms.katalon.core.keyword.internal.KeywordExecutor.executeKeywordForPlatform(KeywordExecutor.groovy:74)
	at com.kms.katalon.core.keyword.BuiltinKeywords.callTestCase(BuiltinKeywords.groovy:310)
	at TS_SMOKE_SUITE_023.run(TS_SMOKE_SUITE_023:29)
	at com.kms.katalon.core.main.ScriptEngine.run(ScriptEngine.java:194)
	at com.kms.katalon.core.main.ScriptEngine.runScriptAsRawText(ScriptEngine.java:119)
	at com.kms.katalon.core.main.TestCaseExecutor.runScript(TestCaseExecutor.java:448)
	at com.kms.katalon.core.main.TestCaseExecutor.doExecute(TestCaseExecutor.java:439)
	at com.kms.katalon.core.main.TestCaseExecutor.processExecutionPhase(TestCaseExecutor.java:418)
	at com.kms.katalon.core.main.TestCaseExecutor.accessMainPhase(TestCaseExecutor.java:410)
	at com.kms.katalon.core.main.TestCaseExecutor.execute(TestCaseExecutor.java:285)
	at com.kms.katalon.core.common.CommonExecutor.accessTestCaseMainPhase(CommonExecutor.java:65)
	at com.kms.katalon.core.main.TestSuiteExecutor.accessTestSuiteMainPhase(TestSuiteExecutor.java:148)
	at com.kms.katalon.core.main.TestSuiteExecutor.execute(TestSuiteExecutor.java:106)
	at com.kms.katalon.core.main.TestCaseMain.startTestSuite(TestCaseMain.java:187)
	at com.kms.katalon.core.main.TestCaseMain$startTestSuite$0.call(Unknown Source)
	at TempTestSuite1692874420462.run(TempTestSuite1692874420462.groovy:36)
Caused by: com.kms.katalon.core.exception.StepFailedException: Unable to click on object 'Object Repository/HomePage/Iniciar sesion'
	at com.kms.katalon.core.webui.keyword.internal.WebUIKeywordMain.stepFailed(WebUIKeywordMain.groovy:64)
	at com.kms.katalon.core.webui.keyword.internal.WebUIKeywordMain.runKeyword(WebUIKeywordMain.groovy:26)
	at com.kms.katalon.core.webui.keyword.builtin.ClickKeyword.click(ClickKeyword.groovy:74)
	at com.kms.katalon.core.webui.keyword.builtin.ClickKeyword.execute(ClickKeyword.groovy:40)
	at com.kms.katalon.core.keyword.internal.KeywordExecutor.executeKeywordForPlatform(KeywordExecutor.groovy:74)
	at com.kms.katalon.core.webui.keyword.WebUiBuiltInKeywords.click(WebUiBuiltInKeywords.groovy:620)
	at com.kms.katalon.core.webui.keyword.WebUiBuiltInKeywords$click$2.call(Unknown Source)
	at login_odtaqab.run(login_odtaqab:20)
	at com.kms.katalon.core.main.ScriptEngine.run(ScriptEngine.java:194)
	at com.kms.katalon.core.main.ScriptEngine.runScriptAsRawText(ScriptEngine.java:119)
	at com.kms.katalon.core.main.TestCaseExecutor.runScript(TestCaseExecutor.java:448)
	at com.kms.katalon.core.main.TestCaseExecutor.doExecute(TestCaseExecutor.java:439)
	at com.kms.katalon.core.main.TestCaseExecutor.processExecutionPhase(TestCaseExecutor.java:418)
	at com.kms.katalon.core.main.TestCaseExecutor.accessMainPhase(TestCaseExecutor.java:410)
	at com.kms.katalon.core.main.TestCaseExecutor.execute(TestCaseExecutor.java:285)
	at com.kms.katalon.core.main.TestCaseMain.runTestCase(TestCaseMain.java:144)
	at com.kms.katalon.core.keyword.builtin.CallTestCaseKeyword$_callTestCase_closure1.doCall(CallTestCaseKeyword.groovy:59)
	... 20 more
Caused by: org.openqa.selenium.StaleElementReferenceException: stale element reference: stale element not found
  (Session info: chrome=116.0.5845.98)
For documentation on this error, please visit: https://www.seleniumhq.org/exceptions/stale_element_reference.html
Build info: version: '3.141.59', revision: 'e82be7d358', time: '2018-11-14T08:25:53'
System info: host: 'DESKTOP-L51QJLB', ip: '172.22.45.167', os.name: 'Windows 10', os.arch: 'amd64', os.version: '10.0', java.version: '1.8.0_282'
Driver info: com.kms.katalon.selenium.driver.CChromeDriver
Capabilities {acceptInsecureCerts: false, browserName: chrome, browserVersion: 116.0.5845.98, chrome: {chromedriverVersion: 116.0.5845.96 (1a3918166880..., userDataDir: C:\Users\DELL\AppData\Local...}, fedcm:accounts: true, goog:chromeOptions: {debuggerAddress: localhost:49703}, javascriptEnabled: true, networkConnectionEnabled: false, pageLoadStrategy: normal, platform: WINDOWS, platformName: WINDOWS, proxy: Proxy(), setWindowRect: true, strictFileInteractability: false, timeouts: {implicit: 0, pageLoad: 300000, script: 30000}, unhandledPromptBehavior: dismiss and notify, webauthn:extension:credBlob: true, webauthn:extension:largeBlob: true, webauthn:extension:minPinLength: true, webauthn:extension:prf: true, webauthn:virtualAuthenticators: true}
Session ID: 10c19cc1e0cf91bfe5f95fc58eb48c5a
	at org.openqa.selenium.remote.http.W3CHttpResponseCodec.createException(W3CHttpResponseCodec.java:187)
	at org.openqa.selenium.remote.http.W3CHttpResponseCodec.decode(W3CHttpResponseCodec.java:122)
	at org.openqa.selenium.remote.http.W3CHttpResponseCodec.decode(W3CHttpResponseCodec.java:49)
	at org.openqa.selenium.remote.HttpCommandExecutor.execute(HttpCommandExecutor.java:158)
	at org.openqa.selenium.remote.service.DriverCommandExecutor.execute(DriverCommandExecutor.java:83)
	at org.openqa.selenium.remote.RemoteWebDriver.execute(RemoteWebDriver.java:552)
	at com.kms.katalon.selenium.driver.CChromeDriver.execute(CChromeDriver.java:19)
	at org.openqa.selenium.remote.RemoteWebElement.execute(RemoteWebElement.java:285)
	at org.openqa.selenium.remote.RemoteWebElement.click(RemoteWebElement.java:84)
	at org.openqa.selenium.support.events.EventFiringWebDriver$EventFiringWebElement.lambda$new$0(EventFiringWebDriver.java:404)
	at com.sun.proxy.$Proxy11.click(Unknown Source)
	at org.openqa.selenium.support.events.EventFiringWebDriver$EventFiringWebElement.click(EventFiringWebDriver.java:417)
	at org.openqa.selenium.WebElement$click.call(Unknown Source)
	at com.kms.katalon.core.webui.keyword.builtin.ClickKeyword.clickUntilSuccessWithTimeout(ClickKeyword.groovy:81)
	at com.kms.katalon.core.webui.keyword.builtin.ClickKeyword.clickUntilSuccessWithTimeout(ClickKeyword.groovy)
	at com.kms.katalon.core.webui.keyword.builtin.ClickKeyword$_click_closure1.doCall(ClickKeyword.groovy:67)
	at com.kms.katalon.core.webui.keyword.builtin.ClickKeyword$_click_closure1.call(ClickKeyword.groovy)
	at com.kms.katalon.core.webui.keyword.internal.WebUIKeywordMain.runKeyword(WebUIKeywordMain.groovy:20)
	... 35 more]]></system-err>
      </testcase>
      <testcase name="Test Cases/AccountManagement/TS_SMOKE_SUITE_024" time="219.635" classname="Test Cases/AccountManagement/TS_SMOKE_SUITE_024" status="FAILED">
         <failure type="FAILED" message="Test Cases/AccountManagement/TS_SMOKE_SUITE_024 FAILED.
Reason:
com.kms.katalon.core.exception.StepFailedException: Address is not Updated !
	at com.kms.katalon.core.util.KeywordUtil.markFailed(KeywordUtil.java:19)
	at com.kms.katalon.core.util.KeywordUtil$markFailed$0.call(Unknown Source)
	at TS_SMOKE_SUITE_024.run(TS_SMOKE_SUITE_024:123)
	at com.kms.katalon.core.main.ScriptEngine.run(ScriptEngine.java:194)
	at com.kms.katalon.core.main.ScriptEngine.runScriptAsRawText(ScriptEngine.java:119)
	at com.kms.katalon.core.main.TestCaseExecutor.runScript(TestCaseExecutor.java:448)
	at com.kms.katalon.core.main.TestCaseExecutor.doExecute(TestCaseExecutor.java:439)
	at com.kms.katalon.core.main.TestCaseExecutor.processExecutionPhase(TestCaseExecutor.java:418)
	at com.kms.katalon.core.main.TestCaseExecutor.accessMainPhase(TestCaseExecutor.java:410)
	at com.kms.katalon.core.main.TestCaseExecutor.execute(TestCaseExecutor.java:285)
	at com.kms.katalon.core.common.CommonExecutor.accessTestCaseMainPhase(CommonExecutor.java:65)
	at com.kms.katalon.core.main.TestSuiteExecutor.accessTestSuiteMainPhase(TestSuiteExecutor.java:148)
	at com.kms.katalon.core.main.TestSuiteExecutor.execute(TestSuiteExecutor.java:106)
	at com.kms.katalon.core.main.TestCaseMain.startTestSuite(TestCaseMain.java:187)
	at com.kms.katalon.core.main.TestCaseMain$startTestSuite$0.call(Unknown Source)
	at TempTestSuite1692874420462.run(TempTestSuite1692874420462.groovy:36)
"/>
         <system-out><![CDATA[2023-08-24 16:48:14 - [TEST_CASE][FAILED] - Test Cases/AccountManagement/TS_SMOKE_SUITE_024: Test Cases/AccountManagement/TS_SMOKE_SUITE_024 FAILED.
Reason:
com.kms.katalon.core.exception.StepFailedException: Address is not Updated !
	at com.kms.katalon.core.util.KeywordUtil.markFailed(KeywordUtil.java:19)
	at com.kms.katalon.core.util.KeywordUtil$markFailed$0.call(Unknown Source)
	at TS_SMOKE_SUITE_024.run(TS_SMOKE_SUITE_024:123)
	at com.kms.katalon.core.main.ScriptEngine.run(ScriptEngine.java:194)
	at com.kms.katalon.core.main.ScriptEngine.runScriptAsRawText(ScriptEngine.java:119)
	at com.kms.katalon.core.main.TestCaseExecutor.runScript(TestCaseExecutor.java:448)
	at com.kms.katalon.core.main.TestCaseExecutor.doExecute(TestCaseExecutor.java:439)
	at com.kms.katalon.core.main.TestCaseExecutor.processExecutionPhase(TestCaseExecutor.java:418)
	at com.kms.katalon.core.main.TestCaseExecutor.accessMainPhase(TestCaseExecutor.java:410)
	at com.kms.katalon.core.main.TestCaseExecutor.execute(TestCaseExecutor.java:285)
	at com.kms.katalon.core.common.CommonExecutor.accessTestCaseMainPhase(CommonExecutor.java:65)
	at com.kms.katalon.core.main.TestSuiteExecutor.accessTestSuiteMainPhase(TestSuiteExecutor.java:148)
	at com.kms.katalon.core.main.TestSuiteExecutor.execute(TestSuiteExecutor.java:106)
	at com.kms.katalon.core.main.TestCaseMain.startTestSuite(TestCaseMain.java:187)
	at com.kms.katalon.core.main.TestCaseMain$startTestSuite$0.call(Unknown Source)
	at TempTestSuite1692874420462.run(TempTestSuite1692874420462.groovy:36)


2023-08-24 16:48:15 - [TEST_STEP][PASSED] - openBrowser(""): Browser is opened with url: ''

2023-08-24 16:48:15 - [MESSAGE][WARNING] - A browser is already opened. Closing browser and opening a new one

2023-08-24 16:48:16 - [MESSAGE][INFO] - Starting 'Chrome' driver

2023-08-24 16:48:16 - [MESSAGE][INFO] - Action delay is set to 0 milliseconds

2023-08-24 16:48:19 - [MESSAGE][PASSED] - Browser is opened with url: ''

2023-08-24 16:48:19 - [TEST_STEP][PASSED] - navigateToUrl(URL): Navigate to 'https://odtaqaa.liverpool.com.mx/tienda/home' successfully

2023-08-24 16:49:38 - [MESSAGE][PASSED] - Navigate to 'https://odtaqaa.liverpool.com.mx/tienda/home' successfully

2023-08-24 16:49:38 - [TEST_STEP][PASSED] - maximizeWindow(): Current window maximized

2023-08-24 16:49:38 - [MESSAGE][PASSED] - Current window maximized

2023-08-24 16:49:38 - [TEST_STEP][PASSED] - click(findTestObject("HomePage/Iniciar sesion")): Object: 'Object Repository/HomePage/Iniciar sesion' is clicked on

2023-08-24 16:49:39 - [MESSAGE][PASSED] - Object: 'Object Repository/HomePage/Iniciar sesion' is clicked on

2023-08-24 16:49:39 - [TEST_STEP][PASSED] - callTestCase(findTestCase("CommonMethods/loginFromHomePage"), ["username":AMUsername, "password":AMpassword], STOP_ON_FAILURE): Call Test Case 'Test Cases/CommonMethods/loginFromHomePage' successfully

2023-08-24 16:49:39 - [TEST_CASE][PASSED] - Test Cases/CommonMethods/loginFromHomePage: Test Cases/CommonMethods/loginFromHomePage

2023-08-24 16:49:39 - [TEST_STEP][PASSED] - delay(3): Delayed 3 second(s)

2023-08-24 16:49:42 - [MESSAGE][PASSED] - Delayed 3 second(s)

2023-08-24 16:49:42 - [TEST_STEP][PASSED] - click(findTestObject("HomePage/EnterUsername_LP")): Object: 'Object Repository/HomePage/EnterUsername_LP' is clicked on

2023-08-24 16:50:04 - [MESSAGE][PASSED] - Object: 'Object Repository/HomePage/EnterUsername_LP' is clicked on

2023-08-24 16:50:04 - [TEST_STEP][PASSED] - setText(findTestObject("HomePage/EnterUsername_LP"), username): Text 'sjagtap@digisprint.com' is set on object 'Object Repository/HomePage/EnterUsername_LP'

2023-08-24 16:50:05 - [MESSAGE][PASSED] - Text 'sjagtap@digisprint.com' is set on object 'Object Repository/HomePage/EnterUsername_LP'

2023-08-24 16:50:05 - [TEST_STEP][PASSED] - click(findTestObject("HomePage/EnterPassword_LP")): Object: 'Object Repository/HomePage/EnterPassword_LP' is clicked on

2023-08-24 16:50:05 - [MESSAGE][PASSED] - Object: 'Object Repository/HomePage/EnterPassword_LP' is clicked on

2023-08-24 16:50:05 - [TEST_STEP][PASSED] - setText(findTestObject("HomePage/EnterPassword_LP"), password): Text 'Shubham@123' is set on object 'Object Repository/HomePage/EnterPassword_LP'

2023-08-24 16:50:06 - [MESSAGE][PASSED] - Text 'Shubham@123' is set on object 'Object Repository/HomePage/EnterPassword_LP'

2023-08-24 16:50:06 - [TEST_STEP][PASSED] - click(findTestObject("HomePage/inciar")): Object: 'Object Repository/HomePage/inciar' is clicked on

2023-08-24 16:50:15 - [MESSAGE][PASSED] - Object: 'Object Repository/HomePage/inciar' is clicked on

2023-08-24 16:50:15 - [MESSAGE][PASSED] - Call Test Case 'Test Cases/CommonMethods/loginFromHomePage' successfully

2023-08-24 16:50:15 - [TEST_STEP][PASSED] - delay(10): Delayed 10 second(s)

2023-08-24 16:50:25 - [MESSAGE][PASSED] - Delayed 10 second(s)

2023-08-24 16:50:25 - [TEST_STEP][PASSED] - click(findTestObject("HomePage/AfterLogin_Homepage")): Object: 'Object Repository/HomePage/AfterLogin_Homepage' is clicked on

2023-08-24 16:50:48 - [MESSAGE][PASSED] - Object: 'Object Repository/HomePage/AfterLogin_Homepage' is clicked on

2023-08-24 16:50:48 - [TEST_STEP][PASSED] - click(findTestObject("AccountManagement/MyAccountButton_Account")): Object: 'Object Repository/AccountManagement/MyAccountButton_Account' is clicked on

2023-08-24 16:50:49 - [MESSAGE][PASSED] - Object: 'Object Repository/AccountManagement/MyAccountButton_Account' is clicked on

2023-08-24 16:50:49 - [TEST_STEP][PASSED] - click(findTestObject("AccountManagement/DeliveryAddress_Account")): Object: 'Object Repository/AccountManagement/DeliveryAddress_Account' is clicked on

2023-08-24 16:50:55 - [MESSAGE][PASSED] - Object: 'Object Repository/AccountManagement/DeliveryAddress_Account' is clicked on

2023-08-24 16:50:55 - [TEST_STEP][PASSED] - click(findTestObject("AccountManagement/AddAdressPersonal_Account"), STOP_ON_FAILURE): Object: 'Object Repository/AccountManagement/AddAdressPersonal_Account' is clicked on

2023-08-24 16:51:00 - [MESSAGE][PASSED] - Object: 'Object Repository/AccountManagement/AddAdressPersonal_Account' is clicked on

2023-08-24 16:51:00 - [TEST_STEP][PASSED] - callTestCase(findTestCase("CommonMethods/SaveAddress_AccountManagment"), [:], STOP_ON_FAILURE): Call Test Case 'Test Cases/CommonMethods/SaveAddress_AccountManagment' successfully

2023-08-24 16:51:00 - [TEST_CASE][PASSED] - Test Cases/CommonMethods/SaveAddress_AccountManagment: Test Cases/CommonMethods/SaveAddress_AccountManagment

2023-08-24 16:51:00 - [TEST_STEP][PASSED] - name = customkeywords.myKeywords.randomString(): customkeywords.myKeywords.randomString is PASSED

2023-08-24 16:51:00 - [MESSAGE][INFO] - BlEYhpTL

2023-08-24 16:51:00 - [MESSAGE][PASSED] - customkeywords.myKeywords.randomString is PASSED

2023-08-24 16:51:00 - [TEST_STEP][PASSED] - TempAddress = name: null

2023-08-24 16:51:00 - [TEST_STEP][PASSED] - setText(findTestObject("AccountManagement/AddressAliases_Account"), name): Text 'BlEYhpTL' is set on object 'Object Repository/AccountManagement/AddressAliases_Account'

2023-08-24 16:51:05 - [MESSAGE][PASSED] - Text 'BlEYhpTL' is set on object 'Object Repository/AccountManagement/AddressAliases_Account'

2023-08-24 16:51:05 - [TEST_STEP][PASSED] - setText(findTestObject("AccountManagement/PostalCode_Account"), "14000"): Text '14000' is set on object 'Object Repository/AccountManagement/PostalCode_Account'

2023-08-24 16:51:06 - [MESSAGE][PASSED] - Text '14000' is set on object 'Object Repository/AccountManagement/PostalCode_Account'

2023-08-24 16:51:06 - [TEST_STEP][PASSED] - delay(10): Delayed 10 second(s)

2023-08-24 16:51:16 - [MESSAGE][PASSED] - Delayed 10 second(s)

2023-08-24 16:51:16 - [TEST_STEP][PASSED] - click(findTestObject("AccountManagement/City_Account"), STOP_ON_FAILURE): Object: 'Object Repository/AccountManagement/City_Account' is clicked on

2023-08-24 16:51:16 - [MESSAGE][PASSED] - Object: 'Object Repository/AccountManagement/City_Account' is clicked on

2023-08-24 16:51:16 - [TEST_STEP][PASSED] - setText(findTestObject("AccountManagement/City_Account"), "maxico"): Text 'maxico' is set on object 'Object Repository/AccountManagement/City_Account'

2023-08-24 16:51:21 - [MESSAGE][PASSED] - Text 'maxico' is set on object 'Object Repository/AccountManagement/City_Account'

2023-08-24 16:51:21 - [TEST_STEP][PASSED] - click(findTestObject("AccountManagement/StreetName_Account"), STOP_ON_FAILURE): Object: 'Object Repository/AccountManagement/StreetName_Account' is clicked on

2023-08-24 16:51:21 - [MESSAGE][PASSED] - Object: 'Object Repository/AccountManagement/StreetName_Account' is clicked on

2023-08-24 16:51:21 - [TEST_STEP][PASSED] - setText(findTestObject("AccountManagement/StreetName_Account"), "kmpt road"): Text 'kmpt road' is set on object 'Object Repository/AccountManagement/StreetName_Account'

2023-08-24 16:51:22 - [MESSAGE][PASSED] - Text 'kmpt road' is set on object 'Object Repository/AccountManagement/StreetName_Account'

2023-08-24 16:51:22 - [TEST_STEP][PASSED] - click(findTestObject("AccountManagement/ExtNumber_Account"), STOP_ON_FAILURE): Object: 'Object Repository/AccountManagement/ExtNumber_Account' is clicked on

2023-08-24 16:51:23 - [MESSAGE][PASSED] - Object: 'Object Repository/AccountManagement/ExtNumber_Account' is clicked on

2023-08-24 16:51:23 - [TEST_STEP][PASSED] - setText(findTestObject("AccountManagement/ExtNumber_Account"), "9823958982"): Text '9823958982' is set on object 'Object Repository/AccountManagement/ExtNumber_Account'

2023-08-24 16:51:24 - [MESSAGE][PASSED] - Text '9823958982' is set on object 'Object Repository/AccountManagement/ExtNumber_Account'

2023-08-24 16:51:24 - [TEST_STEP][PASSED] - click(findTestObject("AccountManagement/CellPhoneNumber_Account"), STOP_ON_FAILURE): Object: 'Object Repository/AccountManagement/CellPhoneNumber_Account' is clicked on

2023-08-24 16:51:24 - [MESSAGE][PASSED] - Object: 'Object Repository/AccountManagement/CellPhoneNumber_Account' is clicked on

2023-08-24 16:51:24 - [TEST_STEP][PASSED] - setText(findTestObject("AccountManagement/CellPhoneNumber_Account"), "9823459823"): Text '9823459823' is set on object 'Object Repository/AccountManagement/CellPhoneNumber_Account'

2023-08-24 16:51:25 - [MESSAGE][PASSED] - Text '9823459823' is set on object 'Object Repository/AccountManagement/CellPhoneNumber_Account'

2023-08-24 16:51:25 - [TEST_STEP][PASSED] - click(findTestObject("AccountManagement/lada_Account"), STOP_ON_FAILURE): Object: 'Object Repository/AccountManagement/lada_Account' is clicked on

2023-08-24 16:51:25 - [MESSAGE][PASSED] - Object: 'Object Repository/AccountManagement/lada_Account' is clicked on

2023-08-24 16:51:25 - [TEST_STEP][PASSED] - setText(findTestObject("AccountManagement/lada_Account"), "239"): Text '239' is set on object 'Object Repository/AccountManagement/lada_Account'

2023-08-24 16:51:26 - [MESSAGE][PASSED] - Text '239' is set on object 'Object Repository/AccountManagement/lada_Account'

2023-08-24 16:51:26 - [TEST_STEP][PASSED] - click(findTestObject("AccountManagement/personalNumber_Account"), STOP_ON_FAILURE): Object: 'Object Repository/AccountManagement/personalNumber_Account' is clicked on

2023-08-24 16:51:27 - [MESSAGE][PASSED] - Object: 'Object Repository/AccountManagement/personalNumber_Account' is clicked on

2023-08-24 16:51:27 - [TEST_STEP][PASSED] - setText(findTestObject("AccountManagement/personalNumber_Account"), "9358585"): Text '9358585' is set on object 'Object Repository/AccountManagement/personalNumber_Account'

2023-08-24 16:51:28 - [MESSAGE][PASSED] - Text '9358585' is set on object 'Object Repository/AccountManagement/personalNumber_Account'

2023-08-24 16:51:28 - [MESSAGE][PASSED] - Call Test Case 'Test Cases/CommonMethods/SaveAddress_AccountManagment' successfully

2023-08-24 16:51:28 - [TEST_STEP][PASSED] - click(findTestObject("AccountManagement/KeepButtonClickNCollection_Account")): Object: 'Object Repository/AccountManagement/KeepButtonClickNCollection_Account' is clicked on

2023-08-24 16:51:28 - [MESSAGE][PASSED] - Object: 'Object Repository/AccountManagement/KeepButtonClickNCollection_Account' is clicked on

2023-08-24 16:51:28 - [TEST_STEP][PASSED] - Address1 = getText(findTestObject("AccountManagement/AddressTitleFirst_Account")): Text of object 'Object Repository/AccountManagement/AddressTitleFirst_Account' is: 'BlEYhpTL'

2023-08-24 16:51:36 - [MESSAGE][PASSED] - Text of object 'Object Repository/AccountManagement/AddressTitleFirst_Account' is: 'BlEYhpTL'

2023-08-24 16:51:36 - [TEST_STEP][PASSED] - if (TempAddress == Address1): null

2023-08-24 16:51:36 - [TEST_STEP][PASSED] - println("Address Added Successful"): null

2023-08-24 16:51:36 - [TEST_STEP][PASSED] - click(findTestObject("AccountManagement/Select3DotAddress2Nd_Account")): Object: 'Object Repository/AccountManagement/Select3DotAddress2Nd_Account' is clicked on

2023-08-24 16:51:36 - [MESSAGE][PASSED] - Object: 'Object Repository/AccountManagement/Select3DotAddress2Nd_Account' is clicked on

2023-08-24 16:51:36 - [TEST_STEP][PASSED] - click(findTestObject("AccountManagement/EditCardDetails_Account"), STOP_ON_FAILURE): Object: 'Object Repository/AccountManagement/EditCardDetails_Account' is clicked on

2023-08-24 16:51:37 - [MESSAGE][PASSED] - Object: 'Object Repository/AccountManagement/EditCardDetails_Account' is clicked on

2023-08-24 16:51:37 - [TEST_STEP][PASSED] - name = customkeywords.myKeywords.randomString(): customkeywords.myKeywords.randomString is PASSED

2023-08-24 16:51:37 - [MESSAGE][INFO] - tNfITlpL

2023-08-24 16:51:37 - [MESSAGE][PASSED] - customkeywords.myKeywords.randomString is PASSED

2023-08-24 16:51:37 - [TEST_STEP][PASSED] - TempAddress = name: null

2023-08-24 16:51:37 - [TEST_STEP][PASSED] - clearText(findTestObject("AccountManagement/ShortName_Account"), STOP_ON_FAILURE): Text of object 'Object Repository/AccountManagement/ShortName_Account' is cleared

2023-08-24 16:51:43 - [MESSAGE][PASSED] - Text of object 'Object Repository/AccountManagement/ShortName_Account' is cleared

2023-08-24 16:51:43 - [TEST_STEP][PASSED] - sendKeys(findTestObject("AccountManagement/ShortName_Account"), Keys.chord(CONTROL, "a")): Keys 'CONTROL + a' sent to object: 'Object Repository/AccountManagement/ShortName_Account'

2023-08-24 16:51:44 - [MESSAGE][PASSED] - Keys 'CONTROL + a' sent to object: 'Object Repository/AccountManagement/ShortName_Account'

2023-08-24 16:51:44 - [TEST_STEP][PASSED] - sendKeys(findTestObject("AccountManagement/ShortName_Account"), name): Keys 'tNfITlpL' sent to object: 'Object Repository/AccountManagement/ShortName_Account'

2023-08-24 16:51:44 - [MESSAGE][PASSED] - Keys 'tNfITlpL' sent to object: 'Object Repository/AccountManagement/ShortName_Account'

2023-08-24 16:51:44 - [TEST_STEP][PASSED] - click(findTestObject("AccountManagement/AcceptButton_AccountM")): Object: 'Object Repository/AccountManagement/AcceptButton_AccountM' is clicked on

2023-08-24 16:51:44 - [MESSAGE][PASSED] - Object: 'Object Repository/AccountManagement/AcceptButton_AccountM' is clicked on

2023-08-24 16:51:44 - [TEST_STEP][PASSED] - Address1 = getText(findTestObject("AccountManagement/AddressTitleFirst_Account")): Text of object 'Object Repository/AccountManagement/AddressTitleFirst_Account' is: 'BlEYhpTL'

2023-08-24 16:51:52 - [MESSAGE][PASSED] - Text of object 'Object Repository/AccountManagement/AddressTitleFirst_Account' is: 'BlEYhpTL'

2023-08-24 16:51:52 - [TEST_STEP][PASSED] - if (TempAddress == Address1): null

2023-08-24 16:51:52 - [TEST_STEP][FAILED] - else: Address is not Updated !

2023-08-24 16:51:52 - [TEST_STEP][FAILED] - markFailed("Address is not Updated !"): Address is not Updated !

2023-08-24 16:51:52 - [MESSAGE][FAILED] - Address is not Updated !

2023-08-24 16:51:52 - [TEST_STEP][PASSED] - click(findTestObject("AccountManagement/Select3DotAddress2Nd_Account")): Object: 'Object Repository/AccountManagement/Select3DotAddress2Nd_Account' is clicked on

2023-08-24 16:51:53 - [MESSAGE][PASSED] - Object: 'Object Repository/AccountManagement/Select3DotAddress2Nd_Account' is clicked on

2023-08-24 16:51:53 - [TEST_STEP][PASSED] - click(findTestObject("AccountManagement/RemoveCardDetails_Account"), STOP_ON_FAILURE): Object: 'Object Repository/AccountManagement/RemoveCardDetails_Account' is clicked on

2023-08-24 16:51:53 - [MESSAGE][PASSED] - Object: 'Object Repository/AccountManagement/RemoveCardDetails_Account' is clicked on

2023-08-24 16:51:53 - [TEST_STEP][PASSED] - if (TempAddress == null): null

2023-08-24 16:51:53 - [TEST_STEP][FAILED] - else: Address is not Removed !

2023-08-24 16:51:53 - [TEST_STEP][FAILED] - markFailed("Address is not Removed !"): Address is not Removed !

2023-08-24 16:51:53 - [MESSAGE][FAILED] - Address is not Removed !

2023-08-24 16:51:53 - [TEST_STEP][PASSED] - closeBrowser(): Browser is closed

2023-08-24 16:51:54 - [MESSAGE][PASSED] - Browser is closed]]></system-out>
         <system-err><![CDATA[2023-08-24 16:48:14 - [TEST_CASE][FAILED] - Test Cases/AccountManagement/TS_SMOKE_SUITE_024: Test Cases/AccountManagement/TS_SMOKE_SUITE_024 FAILED.
Reason:
com.kms.katalon.core.exception.StepFailedException: Address is not Updated !
	at com.kms.katalon.core.util.KeywordUtil.markFailed(KeywordUtil.java:19)
	at com.kms.katalon.core.util.KeywordUtil$markFailed$0.call(Unknown Source)
	at TS_SMOKE_SUITE_024.run(TS_SMOKE_SUITE_024:123)
	at com.kms.katalon.core.main.ScriptEngine.run(ScriptEngine.java:194)
	at com.kms.katalon.core.main.ScriptEngine.runScriptAsRawText(ScriptEngine.java:119)
	at com.kms.katalon.core.main.TestCaseExecutor.runScript(TestCaseExecutor.java:448)
	at com.kms.katalon.core.main.TestCaseExecutor.doExecute(TestCaseExecutor.java:439)
	at com.kms.katalon.core.main.TestCaseExecutor.processExecutionPhase(TestCaseExecutor.java:418)
	at com.kms.katalon.core.main.TestCaseExecutor.accessMainPhase(TestCaseExecutor.java:410)
	at com.kms.katalon.core.main.TestCaseExecutor.execute(TestCaseExecutor.java:285)
	at com.kms.katalon.core.common.CommonExecutor.accessTestCaseMainPhase(CommonExecutor.java:65)
	at com.kms.katalon.core.main.TestSuiteExecutor.accessTestSuiteMainPhase(TestSuiteExecutor.java:148)
	at com.kms.katalon.core.main.TestSuiteExecutor.execute(TestSuiteExecutor.java:106)
	at com.kms.katalon.core.main.TestCaseMain.startTestSuite(TestCaseMain.java:187)
	at com.kms.katalon.core.main.TestCaseMain$startTestSuite$0.call(Unknown Source)
	at TempTestSuite1692874420462.run(TempTestSuite1692874420462.groovy:36)]]></system-err>
      </testcase>
      <testcase name="Test Cases/AccountManagement/TS_SMOKE_SUITE_025" time="225.368" classname="Test Cases/AccountManagement/TS_SMOKE_SUITE_025" status="PASSED">
         <system-out><![CDATA[2023-08-24 16:51:54 - [TEST_CASE][PASSED] - Test Cases/AccountManagement/TS_SMOKE_SUITE_025: Test Cases/AccountManagement/TS_SMOKE_SUITE_025

2023-08-24 16:51:54 - [TEST_STEP][PASSED] - openBrowser(""): Browser is opened with url: ''

2023-08-24 16:51:54 - [MESSAGE][INFO] - Starting 'Chrome' driver

2023-08-24 16:51:54 - [MESSAGE][INFO] - Action delay is set to 0 milliseconds

2023-08-24 16:51:56 - [MESSAGE][PASSED] - Browser is opened with url: ''

2023-08-24 16:51:56 - [TEST_STEP][PASSED] - navigateToUrl(URL): Navigate to 'https://odtaqaa.liverpool.com.mx/tienda/home' successfully

2023-08-24 16:52:51 - [MESSAGE][PASSED] - Navigate to 'https://odtaqaa.liverpool.com.mx/tienda/home' successfully

2023-08-24 16:52:51 - [TEST_STEP][PASSED] - maximizeWindow(): Current window maximized

2023-08-24 16:52:52 - [MESSAGE][PASSED] - Current window maximized

2023-08-24 16:52:52 - [TEST_STEP][PASSED] - click(findTestObject("HomePage/Iniciar sesion")): Object: 'Object Repository/HomePage/Iniciar sesion' is clicked on

2023-08-24 16:52:53 - [MESSAGE][PASSED] - Object: 'Object Repository/HomePage/Iniciar sesion' is clicked on

2023-08-24 16:52:53 - [TEST_STEP][PASSED] - callTestCase(findTestCase("CommonMethods/loginFromHomePage"), ["username":AMUsername, "password":AMpassword], STOP_ON_FAILURE): Call Test Case 'Test Cases/CommonMethods/loginFromHomePage' successfully

2023-08-24 16:52:53 - [TEST_CASE][PASSED] - Test Cases/CommonMethods/loginFromHomePage: Test Cases/CommonMethods/loginFromHomePage

2023-08-24 16:52:53 - [TEST_STEP][PASSED] - delay(3): Delayed 3 second(s)

2023-08-24 16:52:56 - [MESSAGE][PASSED] - Delayed 3 second(s)

2023-08-24 16:52:56 - [TEST_STEP][PASSED] - click(findTestObject("HomePage/EnterUsername_LP")): Object: 'Object Repository/HomePage/EnterUsername_LP' is clicked on

2023-08-24 16:53:15 - [MESSAGE][PASSED] - Object: 'Object Repository/HomePage/EnterUsername_LP' is clicked on

2023-08-24 16:53:15 - [TEST_STEP][PASSED] - setText(findTestObject("HomePage/EnterUsername_LP"), username): Text 'sjagtap@digisprint.com' is set on object 'Object Repository/HomePage/EnterUsername_LP'

2023-08-24 16:53:16 - [MESSAGE][PASSED] - Text 'sjagtap@digisprint.com' is set on object 'Object Repository/HomePage/EnterUsername_LP'

2023-08-24 16:53:16 - [TEST_STEP][PASSED] - click(findTestObject("HomePage/EnterPassword_LP")): Object: 'Object Repository/HomePage/EnterPassword_LP' is clicked on

2023-08-24 16:53:16 - [MESSAGE][PASSED] - Object: 'Object Repository/HomePage/EnterPassword_LP' is clicked on

2023-08-24 16:53:16 - [TEST_STEP][PASSED] - setText(findTestObject("HomePage/EnterPassword_LP"), password): Text 'Shubham@123' is set on object 'Object Repository/HomePage/EnterPassword_LP'

2023-08-24 16:53:17 - [MESSAGE][PASSED] - Text 'Shubham@123' is set on object 'Object Repository/HomePage/EnterPassword_LP'

2023-08-24 16:53:17 - [TEST_STEP][PASSED] - click(findTestObject("HomePage/inciar")): Object: 'Object Repository/HomePage/inciar' is clicked on

2023-08-24 16:53:33 - [MESSAGE][PASSED] - Object: 'Object Repository/HomePage/inciar' is clicked on

2023-08-24 16:53:33 - [MESSAGE][PASSED] - Call Test Case 'Test Cases/CommonMethods/loginFromHomePage' successfully

2023-08-24 16:53:33 - [TEST_STEP][PASSED] - delay(10): Delayed 10 second(s)

2023-08-24 16:53:43 - [MESSAGE][PASSED] - Delayed 10 second(s)

2023-08-24 16:53:43 - [TEST_STEP][PASSED] - mouseOver(findTestObject("HomePage/AfterLogin_Homepage")): Object: 'Object Repository/HomePage/AfterLogin_Homepage' is hovered

2023-08-24 16:55:20 - [MESSAGE][PASSED] - Object: 'Object Repository/HomePage/AfterLogin_Homepage' is hovered

2023-08-24 16:55:20 - [TEST_STEP][PASSED] - click(findTestObject("AccountManagement/MyAccountButton_Account")): Object: 'Object Repository/AccountManagement/MyAccountButton_Account' is clicked on

2023-08-24 16:55:21 - [MESSAGE][PASSED] - Object: 'Object Repository/AccountManagement/MyAccountButton_Account' is clicked on

2023-08-24 16:55:21 - [TEST_STEP][PASSED] - click(findTestObject("AccountManagement/ChangePassword_Account")): Object: 'Object Repository/AccountManagement/ChangePassword_Account' is clicked on

2023-08-24 16:55:28 - [MESSAGE][PASSED] - Object: 'Object Repository/AccountManagement/ChangePassword_Account' is clicked on

2023-08-24 16:55:28 - [TEST_STEP][NOT_RUN] - click(findTestObject("HomePage/username")): NOT_RUN: click(findTestObject("HomePage/username"))

2023-08-24 16:55:28 - [MESSAGE][NOT_RUN] - NOT_RUN: click(findTestObject("HomePage/username"))

2023-08-24 16:55:28 - [TEST_STEP][NOT_RUN] - setText(findTestObject("HomePage/username"), AMUsername): NOT_RUN: setText(findTestObject("HomePage/username"), AMUsername)

2023-08-24 16:55:28 - [MESSAGE][NOT_RUN] - NOT_RUN: setText(findTestObject("HomePage/username"), AMUsername)

2023-08-24 16:55:28 - [TEST_STEP][NOT_RUN] - click(findTestObject("HomePage/password")): NOT_RUN: click(findTestObject("HomePage/password"))

2023-08-24 16:55:28 - [MESSAGE][NOT_RUN] - NOT_RUN: click(findTestObject("HomePage/password"))

2023-08-24 16:55:28 - [TEST_STEP][NOT_RUN] - setText(findTestObject("HomePage/password"), AMpassword): NOT_RUN: setText(findTestObject("HomePage/password"), AMpassword)

2023-08-24 16:55:28 - [MESSAGE][NOT_RUN] - NOT_RUN: setText(findTestObject("HomePage/password"), AMpassword)

2023-08-24 16:55:28 - [TEST_STEP][NOT_RUN] - click(findTestObject("HomePage/action")): NOT_RUN: click(findTestObject("HomePage/action"))

2023-08-24 16:55:28 - [MESSAGE][NOT_RUN] - NOT_RUN: click(findTestObject("HomePage/action"))

2023-08-24 16:55:28 - [TEST_STEP][PASSED] - click(findTestObject("AccountManagement/ContinueButton_Account")): Object: 'Object Repository/AccountManagement/ContinueButton_Account' is clicked on

2023-08-24 16:55:31 - [MESSAGE][PASSED] - Object: 'Object Repository/AccountManagement/ContinueButton_Account' is clicked on

2023-08-24 16:55:31 - [TEST_STEP][PASSED] - verifyElementPresent(findTestObject("AccountManagement/MailConfirmation_Account"), 0): Object 'Object Repository/AccountManagement/MailConfirmation_Account' is present

2023-08-24 16:55:31 - [MESSAGE][WARNING] - Timeout '0' is invalid. Using default page load timeout: '30'

2023-08-24 16:55:39 - [MESSAGE][PASSED] - Object 'Object Repository/AccountManagement/MailConfirmation_Account' is present]]></system-out>
         <system-err><![CDATA[]]></system-err>
      </testcase>
      <testcase name="Test Cases/Browse and Shop/TS_SMOKE_SUITE_039" time="70.251" classname="Test Cases/Browse and Shop/TS_SMOKE_SUITE_039" status="PASSED">
         <system-out><![CDATA[2023-08-24 16:55:39 - [TEST_CASE][PASSED] - Test Cases/Browse and Shop/TS_SMOKE_SUITE_039: Test Cases/Browse and Shop/TS_SMOKE_SUITE_039

2023-08-24 16:55:40 - [TEST_STEP][PASSED] - openBrowser(""): Browser is opened with url: ''

2023-08-24 16:55:40 - [MESSAGE][WARNING] - A browser is already opened. Closing browser and opening a new one

2023-08-24 16:55:41 - [MESSAGE][INFO] - Starting 'Chrome' driver

2023-08-24 16:55:41 - [MESSAGE][INFO] - Action delay is set to 0 milliseconds

2023-08-24 16:55:42 - [MESSAGE][PASSED] - Browser is opened with url: ''

2023-08-24 16:55:42 - [TEST_STEP][PASSED] - navigateToUrl(URL): Navigate to 'https://odtaqaa.liverpool.com.mx/tienda/home' successfully

2023-08-24 16:56:30 - [MESSAGE][PASSED] - Navigate to 'https://odtaqaa.liverpool.com.mx/tienda/home' successfully

2023-08-24 16:56:30 - [TEST_STEP][PASSED] - maximizeWindow(): Current window maximized

2023-08-24 16:56:30 - [MESSAGE][PASSED] - Current window maximized

2023-08-24 16:56:30 - [TEST_STEP][PASSED] - mouseOver(findTestObject("HomePage/Departamentos"), STOP_ON_FAILURE): Object: 'Object Repository/HomePage/Departamentos' is hovered

2023-08-24 16:56:32 - [MESSAGE][PASSED] - Object: 'Object Repository/HomePage/Departamentos' is hovered

2023-08-24 16:56:32 - [TEST_STEP][PASSED] - click(findTestObject("HomePage/L1_Category1_HP"), STOP_ON_FAILURE): Object: 'Object Repository/HomePage/L1_Category1_HP' is clicked on

2023-08-24 16:56:32 - [MESSAGE][PASSED] - Object: 'Object Repository/HomePage/L1_Category1_HP' is clicked on

2023-08-24 16:56:32 - [TEST_STEP][PASSED] - verifyElementClickable(findTestObject("CLPPage/breadCrumb_clp")): Object 'Object Repository/CLPPage/breadCrumb_clp' is clickable

2023-08-24 16:56:49 - [MESSAGE][PASSED] - Object 'Object Repository/CLPPage/breadCrumb_clp' is clickable

2023-08-24 16:56:49 - [TEST_STEP][PASSED] - closeBrowser(): Browser is closed

2023-08-24 16:56:50 - [MESSAGE][PASSED] - Browser is closed

2023-08-24 16:56:50 - [TEST_STEP][PASSED] - closeBrowser(): Browser is closed

2023-08-24 16:56:50 - [MESSAGE][PASSED] - Browser is closed]]></system-out>
         <system-err><![CDATA[]]></system-err>
      </testcase>
      <testcase name="Test Cases/Browse and Shop/TS_SMOKE_SUITE_047" time="80.959" classname="Test Cases/Browse and Shop/TS_SMOKE_SUITE_047" status="PASSED">
         <system-out><![CDATA[2023-08-24 16:56:50 - [TEST_CASE][PASSED] - Test Cases/Browse and Shop/TS_SMOKE_SUITE_047: Test Cases/Browse and Shop/TS_SMOKE_SUITE_047

2023-08-24 16:56:50 - [TEST_STEP][PASSED] - openBrowser(""): Browser is opened with url: ''

2023-08-24 16:56:50 - [MESSAGE][INFO] - Starting 'Chrome' driver

2023-08-24 16:56:50 - [MESSAGE][INFO] - Action delay is set to 0 milliseconds

2023-08-24 16:56:52 - [MESSAGE][PASSED] - Browser is opened with url: ''

2023-08-24 16:56:52 - [TEST_STEP][PASSED] - navigateToUrl(URL): Navigate to 'https://odtaqaa.liverpool.com.mx/tienda/home' successfully

2023-08-24 16:57:37 - [MESSAGE][PASSED] - Navigate to 'https://odtaqaa.liverpool.com.mx/tienda/home' successfully

2023-08-24 16:57:37 - [TEST_STEP][PASSED] - maximizeWindow(): Current window maximized

2023-08-24 16:57:38 - [MESSAGE][PASSED] - Current window maximized

2023-08-24 16:57:38 - [TEST_STEP][PASSED] - mouseOver(findTestObject("HomePage/Departamentos"), STOP_ON_FAILURE): Object: 'Object Repository/HomePage/Departamentos' is hovered

2023-08-24 16:57:39 - [MESSAGE][PASSED] - Object: 'Object Repository/HomePage/Departamentos' is hovered

2023-08-24 16:57:39 - [TEST_STEP][PASSED] - click(findTestObject("HomePage/L1_Category1_HP"), STOP_ON_FAILURE): Object: 'Object Repository/HomePage/L1_Category1_HP' is clicked on

2023-08-24 16:57:40 - [MESSAGE][PASSED] - Object: 'Object Repository/HomePage/L1_Category1_HP' is clicked on

2023-08-24 16:57:40 - [TEST_STEP][PASSED] - click(findTestObject("CLPPage/SubCategory2_leftmenu_CLP"), STOP_ON_FAILURE): Object: 'Object Repository/CLPPage/SubCategory2_leftmenu_CLP' is clicked on

2023-08-24 16:57:57 - [MESSAGE][PASSED] - Object: 'Object Repository/CLPPage/SubCategory2_leftmenu_CLP' is clicked on

2023-08-24 16:57:57 - [TEST_STEP][PASSED] - click(findTestObject("CLPPage/SubCategory1_leftmenu_CLP"), STOP_ON_FAILURE): Object: 'Object Repository/CLPPage/SubCategory1_leftmenu_CLP' is clicked on

2023-08-24 16:58:02 - [MESSAGE][PASSED] - Object: 'Object Repository/CLPPage/SubCategory1_leftmenu_CLP' is clicked on

2023-08-24 16:58:02 - [TEST_STEP][PASSED] - verifyElementClickable(findTestObject("CLPPage/breadCrumb_clp")): Object 'Object Repository/CLPPage/breadCrumb_clp' is clickable

2023-08-24 16:58:07 - [MESSAGE][PASSED] - Object 'Object Repository/CLPPage/breadCrumb_clp' is clickable

2023-08-24 16:58:07 - [TEST_STEP][PASSED] - verifyElementPresent(findTestObject("PLPPage/facetes/CategoríasTitleFacet_PLP"), 0): Object 'Object Repository/PLPPage/facetes/CategoríasTitleFacet_PLP' is present

2023-08-24 16:58:07 - [MESSAGE][WARNING] - Timeout '0' is invalid. Using default page load timeout: '30'

2023-08-24 16:58:07 - [MESSAGE][PASSED] - Object 'Object Repository/PLPPage/facetes/CategoríasTitleFacet_PLP' is present

2023-08-24 16:58:07 - [TEST_STEP][PASSED] - verifyElementPresent(findTestObject("PLPPage/facetes/DescontousTitleFacet_PLP"), 0): Object 'Object Repository/PLPPage/facetes/DescontousTitleFacet_PLP' is present

2023-08-24 16:58:07 - [MESSAGE][WARNING] - Timeout '0' is invalid. Using default page load timeout: '30'

2023-08-24 16:58:08 - [MESSAGE][PASSED] - Object 'Object Repository/PLPPage/facetes/DescontousTitleFacet_PLP' is present

2023-08-24 16:58:08 - [TEST_STEP][PASSED] - verifyElementPresent(findTestObject("PLPPage/facetes/TamanoTitleFacet_PLP"), 0): Object 'Object Repository/PLPPage/facetes/TamanoTitleFacet_PLP' is present

2023-08-24 16:58:08 - [MESSAGE][WARNING] - Timeout '0' is invalid. Using default page load timeout: '30'

2023-08-24 16:58:08 - [MESSAGE][PASSED] - Object 'Object Repository/PLPPage/facetes/TamanoTitleFacet_PLP' is present

2023-08-24 16:58:08 - [TEST_STEP][PASSED] - verifyElementPresent(findTestObject("PLPPage/facetes/MarcasTitleFacet_PLP"), 0): Object 'Object Repository/PLPPage/facetes/MarcasTitleFacet_PLP' is present

2023-08-24 16:58:08 - [MESSAGE][WARNING] - Timeout '0' is invalid. Using default page load timeout: '30'

2023-08-24 16:58:08 - [MESSAGE][PASSED] - Object 'Object Repository/PLPPage/facetes/MarcasTitleFacet_PLP' is present

2023-08-24 16:58:08 - [TEST_STEP][PASSED] - verifyElementPresent(findTestObject("PLPPage/facetes/VendidoTitleFacet_PLP"), 0): Object 'Object Repository/PLPPage/facetes/VendidoTitleFacet_PLP' is present

2023-08-24 16:58:08 - [MESSAGE][WARNING] - Timeout '0' is invalid. Using default page load timeout: '30'

2023-08-24 16:58:09 - [MESSAGE][PASSED] - Object 'Object Repository/PLPPage/facetes/VendidoTitleFacet_PLP' is present

2023-08-24 16:58:09 - [TEST_STEP][PASSED] - verifyElementPresent(findTestObject("PLPPage/facetes/PreciosTitleFacet_PLP"), 0): Object 'Object Repository/PLPPage/facetes/PreciosTitleFacet_PLP' is present

2023-08-24 16:58:09 - [MESSAGE][WARNING] - Timeout '0' is invalid. Using default page load timeout: '30'

2023-08-24 16:58:09 - [MESSAGE][PASSED] - Object 'Object Repository/PLPPage/facetes/PreciosTitleFacet_PLP' is present

2023-08-24 16:58:09 - [TEST_STEP][PASSED] - verifyElementPresent(findTestObject("PLPPage/facetes/ColorTitleFacet_PLP"), 0): Object 'Object Repository/PLPPage/facetes/ColorTitleFacet_PLP' is present

2023-08-24 16:58:09 - [MESSAGE][WARNING] - Timeout '0' is invalid. Using default page load timeout: '30'

2023-08-24 16:58:10 - [MESSAGE][PASSED] - Object 'Object Repository/PLPPage/facetes/ColorTitleFacet_PLP' is present

2023-08-24 16:58:10 - [TEST_STEP][PASSED] - closeBrowser(): Browser is closed

2023-08-24 16:58:11 - [MESSAGE][PASSED] - Browser is closed]]></system-out>
         <system-err><![CDATA[]]></system-err>
      </testcase>
      <testcase name="Test Cases/Browse and Shop/TS_SMOKE_SUITE_048" time="98.966" classname="Test Cases/Browse and Shop/TS_SMOKE_SUITE_048" status="PASSED">
         <system-out><![CDATA[2023-08-24 16:58:11 - [TEST_CASE][PASSED] - Test Cases/Browse and Shop/TS_SMOKE_SUITE_048: Test Cases/Browse and Shop/TS_SMOKE_SUITE_048

2023-08-24 16:58:11 - [TEST_STEP][PASSED] - openBrowser(""): Browser is opened with url: ''

2023-08-24 16:58:11 - [MESSAGE][INFO] - Starting 'Chrome' driver

2023-08-24 16:58:11 - [MESSAGE][INFO] - Action delay is set to 0 milliseconds

2023-08-24 16:58:13 - [MESSAGE][PASSED] - Browser is opened with url: ''

2023-08-24 16:58:13 - [TEST_STEP][PASSED] - navigateToUrl(URL): Navigate to 'https://odtaqaa.liverpool.com.mx/tienda/home' successfully

2023-08-24 16:59:02 - [MESSAGE][PASSED] - Navigate to 'https://odtaqaa.liverpool.com.mx/tienda/home' successfully

2023-08-24 16:59:02 - [TEST_STEP][PASSED] - maximizeWindow(): Current window maximized

2023-08-24 16:59:02 - [MESSAGE][PASSED] - Current window maximized

2023-08-24 16:59:02 - [TEST_STEP][PASSED] - callTestCase(findTestCase("CommonMethods/SearchForAProduct_search"), ["searchTerm":"mac"], STOP_ON_FAILURE): Call Test Case 'Test Cases/CommonMethods/SearchForAProduct_search' successfully

2023-08-24 16:59:02 - [TEST_CASE][PASSED] - Test Cases/CommonMethods/SearchForAProduct_search: Test Cases/CommonMethods/SearchForAProduct_search

2023-08-24 16:59:03 - [TEST_STEP][PASSED] - click(findTestObject("HomePage/Buscar1"), STOP_ON_FAILURE): Object: 'Object Repository/HomePage/Buscar1' is clicked on

2023-08-24 16:59:03 - [MESSAGE][PASSED] - Object: 'Object Repository/HomePage/Buscar1' is clicked on

2023-08-24 16:59:03 - [TEST_STEP][PASSED] - delay(3): Delayed 3 second(s)

2023-08-24 16:59:06 - [MESSAGE][PASSED] - Delayed 3 second(s)

2023-08-24 16:59:06 - [TEST_STEP][PASSED] - setText(findTestObject("HomePage/Buscar1"), searchTerm): Text 'mac' is set on object 'Object Repository/HomePage/Buscar1'

2023-08-24 16:59:07 - [MESSAGE][PASSED] - Text 'mac' is set on object 'Object Repository/HomePage/Buscar1'

2023-08-24 16:59:07 - [TEST_STEP][PASSED] - delay(3): Delayed 3 second(s)

2023-08-24 16:59:10 - [MESSAGE][PASSED] - Delayed 3 second(s)

2023-08-24 16:59:10 - [TEST_STEP][PASSED] - sendKeys(findTestObject("HomePage/Seach_TextBox_hp"), Keys.chord(ENTER)): Keys 'ENTER + ' sent to object: 'Object Repository/HomePage/Seach_TextBox_hp'

2023-08-24 16:59:19 - [MESSAGE][PASSED] - Keys 'ENTER + ' sent to object: 'Object Repository/HomePage/Seach_TextBox_hp'

2023-08-24 16:59:19 - [MESSAGE][PASSED] - Call Test Case 'Test Cases/CommonMethods/SearchForAProduct_search' successfully

2023-08-24 16:59:19 - [TEST_STEP][PASSED] - click(findTestObject("HomePage/Logo_hp")): Object: 'Object Repository/HomePage/Logo_hp' is clicked on

2023-08-24 16:59:19 - [MESSAGE][PASSED] - Object: 'Object Repository/HomePage/Logo_hp' is clicked on

2023-08-24 16:59:19 - [TEST_STEP][PASSED] - callTestCase(findTestCase("CommonMethods/SearchForAProduct_search"), ["searchTerm":"mac"], STOP_ON_FAILURE): Call Test Case 'Test Cases/CommonMethods/SearchForAProduct_search' successfully

2023-08-24 16:59:20 - [TEST_CASE][PASSED] - Test Cases/CommonMethods/SearchForAProduct_search: Test Cases/CommonMethods/SearchForAProduct_search

2023-08-24 16:59:20 - [TEST_STEP][PASSED] - click(findTestObject("HomePage/Buscar1"), STOP_ON_FAILURE): Object: 'Object Repository/HomePage/Buscar1' is clicked on

2023-08-24 16:59:20 - [MESSAGE][PASSED] - Object: 'Object Repository/HomePage/Buscar1' is clicked on

2023-08-24 16:59:20 - [TEST_STEP][PASSED] - delay(3): Delayed 3 second(s)

2023-08-24 16:59:23 - [MESSAGE][PASSED] - Delayed 3 second(s)

2023-08-24 16:59:23 - [TEST_STEP][PASSED] - setText(findTestObject("HomePage/Buscar1"), searchTerm): Text 'mac' is set on object 'Object Repository/HomePage/Buscar1'

2023-08-24 16:59:39 - [MESSAGE][PASSED] - Text 'mac' is set on object 'Object Repository/HomePage/Buscar1'

2023-08-24 16:59:39 - [TEST_STEP][PASSED] - delay(3): Delayed 3 second(s)

2023-08-24 16:59:42 - [MESSAGE][PASSED] - Delayed 3 second(s)

2023-08-24 16:59:42 - [TEST_STEP][PASSED] - sendKeys(findTestObject("HomePage/Seach_TextBox_hp"), Keys.chord(ENTER)): Keys 'ENTER + ' sent to object: 'Object Repository/HomePage/Seach_TextBox_hp'

2023-08-24 16:59:44 - [MESSAGE][PASSED] - Keys 'ENTER + ' sent to object: 'Object Repository/HomePage/Seach_TextBox_hp'

2023-08-24 16:59:44 - [MESSAGE][PASSED] - Call Test Case 'Test Cases/CommonMethods/SearchForAProduct_search' successfully

2023-08-24 16:59:44 - [TEST_STEP][PASSED] - a = getText(findTestObject("PLPPage/product1_cardPrice_PLP")): Text of object 'Object Repository/PLPPage/product1_cardPrice_PLP' is: '$42500 - $64900'

2023-08-24 16:59:48 - [MESSAGE][PASSED] - Text of object 'Object Repository/PLPPage/product1_cardPrice_PLP' is: '$42500 - $64900'

2023-08-24 16:59:48 - [TEST_STEP][PASSED] - b = getText(findTestObject("PLPPage/product1_discountPrice_PLP")): Text of object 'Object Repository/PLPPage/product1_discountPrice_PLP' is: '$34000 - $51920'

2023-08-24 16:59:49 - [MESSAGE][PASSED] - Text of object 'Object Repository/PLPPage/product1_discountPrice_PLP' is: '$34000 - $51920'

2023-08-24 16:59:49 - [TEST_STEP][PASSED] - a1 = a.contains("-"): null

2023-08-24 16:59:49 - [TEST_STEP][PASSED] - b1 = b.contains("-"): null

2023-08-24 16:59:49 - [TEST_STEP][PASSED] - out.println(a1): null

2023-08-24 16:59:49 - [TEST_STEP][PASSED] - out.println(b1): null

2023-08-24 16:59:49 - [TEST_STEP][PASSED] - if (a1 == true && b1 == true): null

2023-08-24 16:59:49 - [TEST_STEP][PASSED] - out.println("verifed"): null

2023-08-24 16:59:49 - [TEST_STEP][PASSED] - closeBrowser(): Browser is closed

2023-08-24 16:59:50 - [MESSAGE][PASSED] - Browser is closed]]></system-out>
         <system-err><![CDATA[]]></system-err>
      </testcase>
      <testcase name="Test Cases/Browse and Shop/TS_SMOKE_SUITE_049" time="94.054" classname="Test Cases/Browse and Shop/TS_SMOKE_SUITE_049" status="PASSED">
         <system-out><![CDATA[2023-08-24 16:59:50 - [TEST_CASE][PASSED] - Test Cases/Browse and Shop/TS_SMOKE_SUITE_049: Test Cases/Browse and Shop/TS_SMOKE_SUITE_049

2023-08-24 16:59:50 - [TEST_STEP][PASSED] - openBrowser(""): Browser is opened with url: ''

2023-08-24 16:59:50 - [MESSAGE][INFO] - Starting 'Chrome' driver

2023-08-24 16:59:50 - [MESSAGE][INFO] - Action delay is set to 0 milliseconds

2023-08-24 16:59:52 - [MESSAGE][PASSED] - Browser is opened with url: ''

2023-08-24 16:59:52 - [TEST_STEP][PASSED] - navigateToUrl(URL): Navigate to 'https://odtaqaa.liverpool.com.mx/tienda/home' successfully

2023-08-24 17:00:37 - [MESSAGE][PASSED] - Navigate to 'https://odtaqaa.liverpool.com.mx/tienda/home' successfully

2023-08-24 17:00:37 - [TEST_STEP][PASSED] - maximizeWindow(): Current window maximized

2023-08-24 17:00:37 - [MESSAGE][PASSED] - Current window maximized

2023-08-24 17:00:37 - [TEST_STEP][PASSED] - delay(5): Delayed 5 second(s)

2023-08-24 17:00:42 - [MESSAGE][PASSED] - Delayed 5 second(s)

2023-08-24 17:00:42 - [TEST_STEP][PASSED] - callTestCase(findTestCase("CommonMethods/SearchForAProduct_search"), ["searchTerm":"jean"], STOP_ON_FAILURE): Call Test Case 'Test Cases/CommonMethods/SearchForAProduct_search' successfully

2023-08-24 17:00:42 - [TEST_CASE][PASSED] - Test Cases/CommonMethods/SearchForAProduct_search: Test Cases/CommonMethods/SearchForAProduct_search

2023-08-24 17:00:42 - [TEST_STEP][PASSED] - click(findTestObject("HomePage/Buscar1"), STOP_ON_FAILURE): Object: 'Object Repository/HomePage/Buscar1' is clicked on

2023-08-24 17:00:43 - [MESSAGE][PASSED] - Object: 'Object Repository/HomePage/Buscar1' is clicked on

2023-08-24 17:00:43 - [TEST_STEP][PASSED] - delay(3): Delayed 3 second(s)

2023-08-24 17:00:46 - [MESSAGE][PASSED] - Delayed 3 second(s)

2023-08-24 17:00:46 - [TEST_STEP][PASSED] - setText(findTestObject("HomePage/Buscar1"), searchTerm): Text 'jean' is set on object 'Object Repository/HomePage/Buscar1'

2023-08-24 17:00:47 - [MESSAGE][PASSED] - Text 'jean' is set on object 'Object Repository/HomePage/Buscar1'

2023-08-24 17:00:47 - [TEST_STEP][PASSED] - delay(3): Delayed 3 second(s)

2023-08-24 17:00:50 - [MESSAGE][PASSED] - Delayed 3 second(s)

2023-08-24 17:00:50 - [TEST_STEP][PASSED] - sendKeys(findTestObject("HomePage/Seach_TextBox_hp"), Keys.chord(ENTER)): Keys 'ENTER + ' sent to object: 'Object Repository/HomePage/Seach_TextBox_hp'

2023-08-24 17:00:54 - [MESSAGE][PASSED] - Keys 'ENTER + ' sent to object: 'Object Repository/HomePage/Seach_TextBox_hp'

2023-08-24 17:00:54 - [MESSAGE][PASSED] - Call Test Case 'Test Cases/CommonMethods/SearchForAProduct_search' successfully

2023-08-24 17:00:54 - [TEST_STEP][PASSED] - delay(5): Delayed 5 second(s)

2023-08-24 17:00:59 - [MESSAGE][PASSED] - Delayed 5 second(s)

2023-08-24 17:00:59 - [TEST_STEP][PASSED] - verifyElementVisible(findTestObject("PLPPage/product1_cardPrice_PLP")): Object 'Object Repository/PLPPage/product1_cardPrice_PLP' is visible

2023-08-24 17:01:22 - [MESSAGE][PASSED] - Object 'Object Repository/PLPPage/product1_cardPrice_PLP' is visible

2023-08-24 17:01:22 - [TEST_STEP][PASSED] - verifyElementVisible(findTestObject("PLPPage/product1_discountPrice_PLP")): Object 'Object Repository/PLPPage/product1_discountPrice_PLP' is visible

2023-08-24 17:01:23 - [MESSAGE][PASSED] - Object 'Object Repository/PLPPage/product1_discountPrice_PLP' is visible

2023-08-24 17:01:23 - [TEST_STEP][PASSED] - closeBrowser(): Browser is closed

2023-08-24 17:01:24 - [MESSAGE][PASSED] - Browser is closed]]></system-out>
         <system-err><![CDATA[]]></system-err>
      </testcase>
      <testcase name="Test Cases/Browse and Shop/TS_SMOKE_SUITE_054" time="89.743" classname="Test Cases/Browse and Shop/TS_SMOKE_SUITE_054" status="PASSED">
         <system-out><![CDATA[2023-08-24 17:01:24 - [TEST_CASE][PASSED] - Test Cases/Browse and Shop/TS_SMOKE_SUITE_054: Test Cases/Browse and Shop/TS_SMOKE_SUITE_054

2023-08-24 17:01:24 - [TEST_STEP][PASSED] - openBrowser(""): Browser is opened with url: ''

2023-08-24 17:01:24 - [MESSAGE][INFO] - Starting 'Chrome' driver

2023-08-24 17:01:24 - [MESSAGE][INFO] - Action delay is set to 0 milliseconds

2023-08-24 17:01:26 - [MESSAGE][PASSED] - Browser is opened with url: ''

2023-08-24 17:01:26 - [TEST_STEP][PASSED] - navigateToUrl(URL): Navigate to 'https://odtaqaa.liverpool.com.mx/tienda/home' successfully

2023-08-24 17:02:14 - [MESSAGE][PASSED] - Navigate to 'https://odtaqaa.liverpool.com.mx/tienda/home' successfully

2023-08-24 17:02:14 - [TEST_STEP][PASSED] - maximizeWindow(): Current window maximized

2023-08-24 17:02:15 - [MESSAGE][PASSED] - Current window maximized

2023-08-24 17:02:15 - [TEST_STEP][PASSED] - callTestCase(findTestCase("CommonMethods/SearchForAProduct_search"), ["searchTerm":"80282837"], STOP_ON_FAILURE): Call Test Case 'Test Cases/CommonMethods/SearchForAProduct_search' successfully

2023-08-24 17:02:15 - [TEST_CASE][PASSED] - Test Cases/CommonMethods/SearchForAProduct_search: Test Cases/CommonMethods/SearchForAProduct_search

2023-08-24 17:02:15 - [TEST_STEP][PASSED] - click(findTestObject("HomePage/Buscar1"), STOP_ON_FAILURE): Object: 'Object Repository/HomePage/Buscar1' is clicked on

2023-08-24 17:02:15 - [MESSAGE][PASSED] - Object: 'Object Repository/HomePage/Buscar1' is clicked on

2023-08-24 17:02:15 - [TEST_STEP][PASSED] - delay(3): Delayed 3 second(s)

2023-08-24 17:02:18 - [MESSAGE][PASSED] - Delayed 3 second(s)

2023-08-24 17:02:18 - [TEST_STEP][PASSED] - setText(findTestObject("HomePage/Buscar1"), searchTerm): Text '80282837' is set on object 'Object Repository/HomePage/Buscar1'

2023-08-24 17:02:19 - [MESSAGE][PASSED] - Text '80282837' is set on object 'Object Repository/HomePage/Buscar1'

2023-08-24 17:02:19 - [TEST_STEP][PASSED] - delay(3): Delayed 3 second(s)

2023-08-24 17:02:22 - [MESSAGE][PASSED] - Delayed 3 second(s)

2023-08-24 17:02:22 - [TEST_STEP][PASSED] - sendKeys(findTestObject("HomePage/Seach_TextBox_hp"), Keys.chord(ENTER)): Keys 'ENTER + ' sent to object: 'Object Repository/HomePage/Seach_TextBox_hp'

2023-08-24 17:02:23 - [MESSAGE][PASSED] - Keys 'ENTER + ' sent to object: 'Object Repository/HomePage/Seach_TextBox_hp'

2023-08-24 17:02:23 - [MESSAGE][PASSED] - Call Test Case 'Test Cases/CommonMethods/SearchForAProduct_search' successfully

2023-08-24 17:02:23 - [TEST_STEP][PASSED] - verifyElementNotPresent(findTestObject("PDPPage/Colour2_PDP"), 0): Web element with id: 'Object Repository/PDPPage/Colour2_PDP' located by 'By.xpath: //ul[@id='color-list-mobile']//li[2]' is not present after '30' second(s)

2023-08-24 17:02:23 - [MESSAGE][WARNING] - Timeout '0' is invalid. Using default page load timeout: '30'

2023-08-24 17:02:24 - [MESSAGE][PASSED] - Web element with id: 'Object Repository/PDPPage/Colour2_PDP' located by 'By.xpath: //ul[@id='color-list-mobile']//li[2]' is not present after '30' second(s)

2023-08-24 17:02:24 - [TEST_STEP][PASSED] - verifyElementNotPresent(findTestObject("PDPPage/Size2_PDP"), 0): Web element with id: 'Object Repository/PDPPage/Size2_PDP' located by 'By.xpath: //ul[@class='p-0 m-0 m-product__size dBlock']/li[2]' is not present after '30' second(s)

2023-08-24 17:02:24 - [MESSAGE][WARNING] - Timeout '0' is invalid. Using default page load timeout: '30'

2023-08-24 17:02:24 - [MESSAGE][PASSED] - Web element with id: 'Object Repository/PDPPage/Size2_PDP' located by 'By.xpath: //ul[@class='p-0 m-0 m-product__size dBlock']/li[2]' is not present after '30' second(s)

2023-08-24 17:02:24 - [TEST_STEP][PASSED] - verifyElementPresent(findTestObject("PDPPage/discountPrice_PDP"), 0): Object 'Object Repository/PDPPage/discountPrice_PDP' is present

2023-08-24 17:02:24 - [MESSAGE][WARNING] - Timeout '0' is invalid. Using default page load timeout: '30'

2023-08-24 17:02:51 - [MESSAGE][PASSED] - Object 'Object Repository/PDPPage/discountPrice_PDP' is present

2023-08-24 17:02:51 - [TEST_STEP][PASSED] - verifyElementPresent(findTestObject("PDPPage/cardPrice_PDP"), 0): Object 'Object Repository/PDPPage/cardPrice_PDP' is present

2023-08-24 17:02:51 - [MESSAGE][WARNING] - Timeout '0' is invalid. Using default page load timeout: '30'

2023-08-24 17:02:53 - [MESSAGE][PASSED] - Object 'Object Repository/PDPPage/cardPrice_PDP' is present

2023-08-24 17:02:53 - [TEST_STEP][PASSED] - closeBrowser(): Browser is closed

2023-08-24 17:02:53 - [MESSAGE][PASSED] - Browser is closed]]></system-out>
         <system-err><![CDATA[]]></system-err>
      </testcase>
      <testcase name="Test Cases/Browse and Shop/TS_SMOKE_SUITE_055" time="89.533" classname="Test Cases/Browse and Shop/TS_SMOKE_SUITE_055" status="PASSED">
         <system-out><![CDATA[2023-08-24 17:02:53 - [TEST_CASE][PASSED] - Test Cases/Browse and Shop/TS_SMOKE_SUITE_055: Test Cases/Browse and Shop/TS_SMOKE_SUITE_055

2023-08-24 17:02:54 - [TEST_STEP][PASSED] - openBrowser(""): Browser is opened with url: ''

2023-08-24 17:02:54 - [MESSAGE][INFO] - Starting 'Chrome' driver

2023-08-24 17:02:54 - [MESSAGE][INFO] - Action delay is set to 0 milliseconds

2023-08-24 17:02:56 - [MESSAGE][PASSED] - Browser is opened with url: ''

2023-08-24 17:02:56 - [TEST_STEP][PASSED] - navigateToUrl(URL): Navigate to 'https://odtaqaa.liverpool.com.mx/tienda/home' successfully

2023-08-24 17:03:43 - [MESSAGE][PASSED] - Navigate to 'https://odtaqaa.liverpool.com.mx/tienda/home' successfully

2023-08-24 17:03:43 - [TEST_STEP][PASSED] - maximizeWindow(): Current window maximized

2023-08-24 17:03:44 - [MESSAGE][PASSED] - Current window maximized

2023-08-24 17:03:44 - [TEST_STEP][PASSED] - callTestCase(findTestCase("CommonMethods/SearchForAProduct_search"), ["searchTerm":"1002504924"], STOP_ON_FAILURE): Call Test Case 'Test Cases/CommonMethods/SearchForAProduct_search' successfully

2023-08-24 17:03:44 - [TEST_CASE][PASSED] - Test Cases/CommonMethods/SearchForAProduct_search: Test Cases/CommonMethods/SearchForAProduct_search

2023-08-24 17:03:44 - [TEST_STEP][PASSED] - click(findTestObject("HomePage/Buscar1"), STOP_ON_FAILURE): Object: 'Object Repository/HomePage/Buscar1' is clicked on

2023-08-24 17:03:45 - [MESSAGE][PASSED] - Object: 'Object Repository/HomePage/Buscar1' is clicked on

2023-08-24 17:03:45 - [TEST_STEP][PASSED] - delay(3): Delayed 3 second(s)

2023-08-24 17:03:48 - [MESSAGE][PASSED] - Delayed 3 second(s)

2023-08-24 17:03:48 - [TEST_STEP][PASSED] - setText(findTestObject("HomePage/Buscar1"), searchTerm): Text '1002504924' is set on object 'Object Repository/HomePage/Buscar1'

2023-08-24 17:03:50 - [MESSAGE][PASSED] - Text '1002504924' is set on object 'Object Repository/HomePage/Buscar1'

2023-08-24 17:03:50 - [TEST_STEP][PASSED] - delay(3): Delayed 3 second(s)

2023-08-24 17:03:53 - [MESSAGE][PASSED] - Delayed 3 second(s)

2023-08-24 17:03:53 - [TEST_STEP][PASSED] - sendKeys(findTestObject("HomePage/Seach_TextBox_hp"), Keys.chord(ENTER)): Keys 'ENTER + ' sent to object: 'Object Repository/HomePage/Seach_TextBox_hp'

2023-08-24 17:03:56 - [MESSAGE][PASSED] - Keys 'ENTER + ' sent to object: 'Object Repository/HomePage/Seach_TextBox_hp'

2023-08-24 17:03:56 - [MESSAGE][PASSED] - Call Test Case 'Test Cases/CommonMethods/SearchForAProduct_search' successfully

2023-08-24 17:03:56 - [TEST_STEP][PASSED] - verifyElementPresent(findTestObject("PDPPage/Colour2_PDP"), 0): Object 'Object Repository/PDPPage/Colour2_PDP' is present

2023-08-24 17:03:56 - [MESSAGE][WARNING] - Timeout '0' is invalid. Using default page load timeout: '30'

2023-08-24 17:04:21 - [MESSAGE][PASSED] - Object 'Object Repository/PDPPage/Colour2_PDP' is present

2023-08-24 17:04:21 - [TEST_STEP][PASSED] - verifyElementPresent(findTestObject("PDPPage/minus(-)(priceRange)_PDP"), 0): Object 'Object Repository/PDPPage/minus(-)(priceRange)_PDP' is present

2023-08-24 17:04:21 - [MESSAGE][WARNING] - Timeout '0' is invalid. Using default page load timeout: '30'

2023-08-24 17:04:22 - [MESSAGE][PASSED] - Object 'Object Repository/PDPPage/minus(-)(priceRange)_PDP' is present

2023-08-24 17:04:22 - [TEST_STEP][PASSED] - closeBrowser(): Browser is closed

2023-08-24 17:04:23 - [MESSAGE][PASSED] - Browser is closed]]></system-out>
         <system-err><![CDATA[]]></system-err>
      </testcase>
      <testcase name="Test Cases/Browse and Shop/TS_SMOKE_SUITE_056" time="137.459" classname="Test Cases/Browse and Shop/TS_SMOKE_SUITE_056" status="PASSED">
         <system-out><![CDATA[2023-08-24 17:04:23 - [TEST_CASE][PASSED] - Test Cases/Browse and Shop/TS_SMOKE_SUITE_056: Test Cases/Browse and Shop/TS_SMOKE_SUITE_056

2023-08-24 17:04:23 - [TEST_STEP][PASSED] - openBrowser(""): Browser is opened with url: ''

2023-08-24 17:04:23 - [MESSAGE][INFO] - Starting 'Chrome' driver

2023-08-24 17:04:23 - [MESSAGE][INFO] - Action delay is set to 0 milliseconds

2023-08-24 17:04:26 - [MESSAGE][PASSED] - Browser is opened with url: ''

2023-08-24 17:04:26 - [TEST_STEP][PASSED] - navigateToUrl(URL): Navigate to 'https://odtaqaa.liverpool.com.mx/tienda/home' successfully

2023-08-24 17:05:17 - [MESSAGE][PASSED] - Navigate to 'https://odtaqaa.liverpool.com.mx/tienda/home' successfully

2023-08-24 17:05:17 - [TEST_STEP][PASSED] - maximizeWindow(): Current window maximized

2023-08-24 17:05:18 - [MESSAGE][PASSED] - Current window maximized

2023-08-24 17:05:18 - [TEST_STEP][PASSED] - callTestCase(findTestCase("CommonMethods/SearchForAProduct_search"), ["searchTerm":"set"], STOP_ON_FAILURE): Call Test Case 'Test Cases/CommonMethods/SearchForAProduct_search' successfully

2023-08-24 17:05:18 - [TEST_CASE][PASSED] - Test Cases/CommonMethods/SearchForAProduct_search: Test Cases/CommonMethods/SearchForAProduct_search

2023-08-24 17:05:18 - [TEST_STEP][PASSED] - click(findTestObject("HomePage/Buscar1"), STOP_ON_FAILURE): Object: 'Object Repository/HomePage/Buscar1' is clicked on

2023-08-24 17:05:18 - [MESSAGE][PASSED] - Object: 'Object Repository/HomePage/Buscar1' is clicked on

2023-08-24 17:05:18 - [TEST_STEP][PASSED] - delay(3): Delayed 3 second(s)

2023-08-24 17:05:21 - [MESSAGE][PASSED] - Delayed 3 second(s)

2023-08-24 17:05:21 - [TEST_STEP][PASSED] - setText(findTestObject("HomePage/Buscar1"), searchTerm): Text 'set' is set on object 'Object Repository/HomePage/Buscar1'

2023-08-24 17:05:22 - [MESSAGE][PASSED] - Text 'set' is set on object 'Object Repository/HomePage/Buscar1'

2023-08-24 17:05:22 - [TEST_STEP][PASSED] - delay(3): Delayed 3 second(s)

2023-08-24 17:05:25 - [MESSAGE][PASSED] - Delayed 3 second(s)

2023-08-24 17:05:25 - [TEST_STEP][PASSED] - sendKeys(findTestObject("HomePage/Seach_TextBox_hp"), Keys.chord(ENTER)): Keys 'ENTER + ' sent to object: 'Object Repository/HomePage/Seach_TextBox_hp'

2023-08-24 17:05:28 - [MESSAGE][PASSED] - Keys 'ENTER + ' sent to object: 'Object Repository/HomePage/Seach_TextBox_hp'

2023-08-24 17:05:28 - [MESSAGE][PASSED] - Call Test Case 'Test Cases/CommonMethods/SearchForAProduct_search' successfully

2023-08-24 17:05:28 - [TEST_STEP][PASSED] - a = a.GenerateRandomEmail.generateRandomEmail(): a.GenerateRandomEmail.generateRandomEmail is PASSED

2023-08-24 17:05:28 - [MESSAGE][INFO] - automationMyRignCg@digisprint.com

2023-08-24 17:05:28 - [MESSAGE][PASSED] - a.GenerateRandomEmail.generateRandomEmail is PASSED

2023-08-24 17:05:28 - [TEST_STEP][PASSED] - out.println(a): null

2023-08-24 17:05:28 - [TEST_STEP][PASSED] - click(findTestObject("PLPPage/product1_PLP")): Object: 'Object Repository/PLPPage/product1_PLP' is clicked on

2023-08-24 17:06:15 - [MESSAGE][PASSED] - Object: 'Object Repository/PLPPage/product1_PLP' is clicked on

2023-08-24 17:06:15 - [TEST_STEP][PASSED] - verifyElementClickable(findTestObject("PDPPage/ProductName_PDP")): Object 'Object Repository/PDPPage/ProductName_PDP' is clickable

2023-08-24 17:06:35 - [MESSAGE][PASSED] - Object 'Object Repository/PDPPage/ProductName_PDP' is clickable

2023-08-24 17:06:35 - [TEST_STEP][PASSED] - verifyElementClickable(findTestObject("PDPPage/ProductID_pdp")): Object 'Object Repository/PDPPage/ProductID_pdp' is clickable

2023-08-24 17:06:36 - [MESSAGE][PASSED] - Object 'Object Repository/PDPPage/ProductID_pdp' is clickable

2023-08-24 17:06:36 - [TEST_STEP][PASSED] - verifyElementClickable(findTestObject("PDPPage/discountPrice_PDP")): Object 'Object Repository/PDPPage/discountPrice_PDP' is clickable

2023-08-24 17:06:37 - [MESSAGE][PASSED] - Object 'Object Repository/PDPPage/discountPrice_PDP' is clickable

2023-08-24 17:06:37 - [TEST_STEP][PASSED] - verifyElementClickable(findTestObject("PDPPage/Colour1_PDP")): Object 'Object Repository/PDPPage/Colour1_PDP' is clickable

2023-08-24 17:06:38 - [MESSAGE][PASSED] - Object 'Object Repository/PDPPage/Colour1_PDP' is clickable

2023-08-24 17:06:38 - [TEST_STEP][PASSED] - verifyElementClickable(findTestObject("PDPPage/Alternate_Img_pdp")): Object 'Object Repository/PDPPage/Alternate_Img_pdp' is clickable

2023-08-24 17:06:38 - [MESSAGE][PASSED] - Object 'Object Repository/PDPPage/Alternate_Img_pdp' is clickable

2023-08-24 17:06:38 - [TEST_STEP][PASSED] - verifyElementClickable(findTestObject("PDPPage/AddToCart_PDP")): Object 'Object Repository/PDPPage/AddToCart_PDP' is clickable

2023-08-24 17:06:39 - [MESSAGE][PASSED] - Object 'Object Repository/PDPPage/AddToCart_PDP' is clickable

2023-08-24 17:06:39 - [TEST_STEP][PASSED] - verifyElementClickable(findTestObject("PDPPage/Detail_PDP")): Object 'Object Repository/PDPPage/Detail_PDP' is clickable

2023-08-24 17:06:39 - [MESSAGE][PASSED] - Object 'Object Repository/PDPPage/Detail_PDP' is clickable

2023-08-24 17:06:39 - [TEST_STEP][PASSED] - verifyElementClickable(findTestObject("PDPPage/breadCrumb_pdp")): Object 'Object Repository/PDPPage/breadCrumb_pdp' is clickable

2023-08-24 17:06:39 - [MESSAGE][PASSED] - Object 'Object Repository/PDPPage/breadCrumb_pdp' is clickable

2023-08-24 17:06:39 - [TEST_STEP][PASSED] - closeBrowser(): Browser is closed

2023-08-24 17:06:40 - [MESSAGE][PASSED] - Browser is closed]]></system-out>
         <system-err><![CDATA[]]></system-err>
      </testcase>
      <testcase name="Test Cases/Browse and Shop/TS_SMOKE_SUITE_057" time="216.823" classname="Test Cases/Browse and Shop/TS_SMOKE_SUITE_057" status="PASSED">
         <system-out><![CDATA[2023-08-24 17:06:40 - [TEST_CASE][PASSED] - Test Cases/Browse and Shop/TS_SMOKE_SUITE_057: Test Cases/Browse and Shop/TS_SMOKE_SUITE_057

2023-08-24 17:06:41 - [TEST_STEP][PASSED] - openBrowser(""): Browser is opened with url: ''

2023-08-24 17:06:41 - [MESSAGE][INFO] - Starting 'Chrome' driver

2023-08-24 17:06:41 - [MESSAGE][INFO] - Action delay is set to 0 milliseconds

2023-08-24 17:06:43 - [MESSAGE][PASSED] - Browser is opened with url: ''

2023-08-24 17:06:43 - [TEST_STEP][PASSED] - navigateToUrl(URL): Navigate to 'https://odtaqaa.liverpool.com.mx/tienda/home' successfully

2023-08-24 17:07:35 - [MESSAGE][PASSED] - Navigate to 'https://odtaqaa.liverpool.com.mx/tienda/home' successfully

2023-08-24 17:07:35 - [TEST_STEP][PASSED] - maximizeWindow(): Current window maximized

2023-08-24 17:07:36 - [MESSAGE][PASSED] - Current window maximized

2023-08-24 17:07:36 - [TEST_STEP][PASSED] - callTestCase(findTestCase("CommonMethods/SearchForAProduct_search"), ["searchTerm":"mac"], STOP_ON_FAILURE): Call Test Case 'Test Cases/CommonMethods/SearchForAProduct_search' successfully

2023-08-24 17:07:36 - [TEST_CASE][PASSED] - Test Cases/CommonMethods/SearchForAProduct_search: Test Cases/CommonMethods/SearchForAProduct_search

2023-08-24 17:07:36 - [TEST_STEP][PASSED] - click(findTestObject("HomePage/Buscar1"), STOP_ON_FAILURE): Object: 'Object Repository/HomePage/Buscar1' is clicked on

2023-08-24 17:07:37 - [MESSAGE][PASSED] - Object: 'Object Repository/HomePage/Buscar1' is clicked on

2023-08-24 17:07:37 - [TEST_STEP][PASSED] - delay(3): Delayed 3 second(s)

2023-08-24 17:07:40 - [MESSAGE][PASSED] - Delayed 3 second(s)

2023-08-24 17:07:40 - [TEST_STEP][PASSED] - setText(findTestObject("HomePage/Buscar1"), searchTerm): Text 'mac' is set on object 'Object Repository/HomePage/Buscar1'

2023-08-24 17:07:41 - [MESSAGE][PASSED] - Text 'mac' is set on object 'Object Repository/HomePage/Buscar1'

2023-08-24 17:07:41 - [TEST_STEP][PASSED] - delay(3): Delayed 3 second(s)

2023-08-24 17:07:44 - [MESSAGE][PASSED] - Delayed 3 second(s)

2023-08-24 17:07:44 - [TEST_STEP][PASSED] - sendKeys(findTestObject("HomePage/Seach_TextBox_hp"), Keys.chord(ENTER)): Keys 'ENTER + ' sent to object: 'Object Repository/HomePage/Seach_TextBox_hp'

2023-08-24 17:07:51 - [MESSAGE][PASSED] - Keys 'ENTER + ' sent to object: 'Object Repository/HomePage/Seach_TextBox_hp'

2023-08-24 17:07:51 - [MESSAGE][PASSED] - Call Test Case 'Test Cases/CommonMethods/SearchForAProduct_search' successfully

2023-08-24 17:07:51 - [TEST_STEP][PASSED] - delay(5): Delayed 5 second(s)

2023-08-24 17:07:56 - [MESSAGE][PASSED] - Delayed 5 second(s)

2023-08-24 17:07:56 - [TEST_STEP][PASSED] - click(findTestObject("HomePage/Logo_hp")): Object: 'Object Repository/HomePage/Logo_hp' is clicked on

2023-08-24 17:08:15 - [MESSAGE][PASSED] - Object: 'Object Repository/HomePage/Logo_hp' is clicked on

2023-08-24 17:08:15 - [TEST_STEP][PASSED] - callTestCase(findTestCase("CommonMethods/SearchForAProduct_search"), ["searchTerm":"mac"], STOP_ON_FAILURE): Call Test Case 'Test Cases/CommonMethods/SearchForAProduct_search' successfully

2023-08-24 17:08:15 - [TEST_CASE][PASSED] - Test Cases/CommonMethods/SearchForAProduct_search: Test Cases/CommonMethods/SearchForAProduct_search

2023-08-24 17:08:15 - [TEST_STEP][PASSED] - click(findTestObject("HomePage/Buscar1"), STOP_ON_FAILURE): Object: 'Object Repository/HomePage/Buscar1' is clicked on

2023-08-24 17:08:16 - [MESSAGE][PASSED] - Object: 'Object Repository/HomePage/Buscar1' is clicked on

2023-08-24 17:08:16 - [TEST_STEP][PASSED] - delay(3): Delayed 3 second(s)

2023-08-24 17:08:19 - [MESSAGE][PASSED] - Delayed 3 second(s)

2023-08-24 17:08:19 - [TEST_STEP][PASSED] - setText(findTestObject("HomePage/Buscar1"), searchTerm): Text 'mac' is set on object 'Object Repository/HomePage/Buscar1'

2023-08-24 17:09:12 - [MESSAGE][PASSED] - Text 'mac' is set on object 'Object Repository/HomePage/Buscar1'

2023-08-24 17:09:12 - [TEST_STEP][PASSED] - delay(3): Delayed 3 second(s)

2023-08-24 17:09:15 - [MESSAGE][PASSED] - Delayed 3 second(s)

2023-08-24 17:09:15 - [TEST_STEP][PASSED] - sendKeys(findTestObject("HomePage/Seach_TextBox_hp"), Keys.chord(ENTER)): Keys 'ENTER + ' sent to object: 'Object Repository/HomePage/Seach_TextBox_hp'

2023-08-24 17:09:17 - [MESSAGE][PASSED] - Keys 'ENTER + ' sent to object: 'Object Repository/HomePage/Seach_TextBox_hp'

2023-08-24 17:09:17 - [MESSAGE][PASSED] - Call Test Case 'Test Cases/CommonMethods/SearchForAProduct_search' successfully

2023-08-24 17:09:17 - [TEST_STEP][PASSED] - click(findTestObject("PLPPage/product1_PLP")): Object: 'Object Repository/PLPPage/product1_PLP' is clicked on

2023-08-24 17:09:55 - [MESSAGE][PASSED] - Object: 'Object Repository/PLPPage/product1_PLP' is clicked on

2023-08-24 17:09:55 - [TEST_STEP][PASSED] - verifyElementClickable(findTestObject("PDPPage/discountPrice_PDP")): Object 'Object Repository/PDPPage/discountPrice_PDP' is clickable

2023-08-24 17:10:12 - [MESSAGE][PASSED] - Object 'Object Repository/PDPPage/discountPrice_PDP' is clickable

2023-08-24 17:10:12 - [TEST_STEP][PASSED] - verifyElementClickable(findTestObject("PDPPage/breadCrumb_pdp")): Object 'Object Repository/PDPPage/breadCrumb_pdp' is clickable

2023-08-24 17:10:12 - [MESSAGE][PASSED] - Object 'Object Repository/PDPPage/breadCrumb_pdp' is clickable

2023-08-24 17:10:12 - [TEST_STEP][PASSED] - verifyElementClickable(findTestObject("PDPPage/Colour1_PDP")): Object 'Object Repository/PDPPage/Colour1_PDP' is clickable

2023-08-24 17:10:14 - [MESSAGE][PASSED] - Object 'Object Repository/PDPPage/Colour1_PDP' is clickable

2023-08-24 17:10:14 - [TEST_STEP][PASSED] - verifyElementClickable(findTestObject("PDPPage/Colour2_PDP")): Object 'Object Repository/PDPPage/Colour2_PDP' is clickable

2023-08-24 17:10:14 - [MESSAGE][PASSED] - Object 'Object Repository/PDPPage/Colour2_PDP' is clickable

2023-08-24 17:10:14 - [TEST_STEP][PASSED] - verifyElementClickable(findTestObject("PDPPage/AddToCart_PDP")): Object 'Object Repository/PDPPage/AddToCart_PDP' is clickable

2023-08-24 17:10:14 - [MESSAGE][PASSED] - Object 'Object Repository/PDPPage/AddToCart_PDP' is clickable

2023-08-24 17:10:14 - [TEST_STEP][PASSED] - verifyElementClickable(findTestObject("PDPPage/Alternate_Img_pdp")): Object 'Object Repository/PDPPage/Alternate_Img_pdp' is clickable

2023-08-24 17:10:15 - [MESSAGE][PASSED] - Object 'Object Repository/PDPPage/Alternate_Img_pdp' is clickable

2023-08-24 17:10:15 - [TEST_STEP][PASSED] - verifyElementClickable(findTestObject("PDPPage/Detail_PDP")): Object 'Object Repository/PDPPage/Detail_PDP' is clickable

2023-08-24 17:10:15 - [MESSAGE][PASSED] - Object 'Object Repository/PDPPage/Detail_PDP' is clickable

2023-08-24 17:10:15 - [TEST_STEP][PASSED] - verifyElementClickable(findTestObject("PDPPage/ProductName_PDP")): Object 'Object Repository/PDPPage/ProductName_PDP' is clickable

2023-08-24 17:10:16 - [MESSAGE][PASSED] - Object 'Object Repository/PDPPage/ProductName_PDP' is clickable

2023-08-24 17:10:16 - [TEST_STEP][PASSED] - verifyElementClickable(findTestObject("PDPPage/ProductID_pdp")): Object 'Object Repository/PDPPage/ProductID_pdp' is clickable

2023-08-24 17:10:16 - [MESSAGE][PASSED] - Object 'Object Repository/PDPPage/ProductID_pdp' is clickable

2023-08-24 17:10:16 - [TEST_STEP][PASSED] - verifyElementClickable(findTestObject("PDPPage/Detail_PDP")): Object 'Object Repository/PDPPage/Detail_PDP' is clickable

2023-08-24 17:10:16 - [MESSAGE][PASSED] - Object 'Object Repository/PDPPage/Detail_PDP' is clickable

2023-08-24 17:10:16 - [TEST_STEP][PASSED] - closeBrowser(): Browser is closed

2023-08-24 17:10:17 - [MESSAGE][PASSED] - Browser is closed]]></system-out>
         <system-err><![CDATA[]]></system-err>
      </testcase>
      <testcase name="Test Cases/Browse and Shop/TS_SMOKE_SUITE_058" time="183.825" classname="Test Cases/Browse and Shop/TS_SMOKE_SUITE_058" status="PASSED">
         <system-out><![CDATA[2023-08-24 17:10:17 - [TEST_CASE][PASSED] - Test Cases/Browse and Shop/TS_SMOKE_SUITE_058: Test Cases/Browse and Shop/TS_SMOKE_SUITE_058

2023-08-24 17:10:18 - [TEST_STEP][PASSED] - openBrowser(""): Browser is opened with url: ''

2023-08-24 17:10:18 - [MESSAGE][INFO] - Starting 'Chrome' driver

2023-08-24 17:10:18 - [MESSAGE][INFO] - Action delay is set to 0 milliseconds

2023-08-24 17:10:19 - [MESSAGE][PASSED] - Browser is opened with url: ''

2023-08-24 17:10:19 - [TEST_STEP][PASSED] - maximizeWindow(): Current window maximized

2023-08-24 17:10:20 - [MESSAGE][PASSED] - Current window maximized

2023-08-24 17:10:20 - [TEST_STEP][PASSED] - navigateToUrl(URL): Navigate to 'https://odtaqaa.liverpool.com.mx/tienda/home' successfully

2023-08-24 17:11:04 - [MESSAGE][PASSED] - Navigate to 'https://odtaqaa.liverpool.com.mx/tienda/home' successfully

2023-08-24 17:11:04 - [TEST_STEP][PASSED] - callTestCase(findTestCase("CommonMethods/login_odtaqab"), [:], STOP_ON_FAILURE): Call Test Case 'Test Cases/CommonMethods/login_odtaqab' successfully

2023-08-24 17:11:04 - [TEST_CASE][PASSED] - Test Cases/CommonMethods/login_odtaqab: Test Cases/CommonMethods/login_odtaqab

2023-08-24 17:11:04 - [TEST_STEP][PASSED] - click(findTestObject("HomePage/Iniciar sesion")): Object: 'Object Repository/HomePage/Iniciar sesion' is clicked on

2023-08-24 17:11:05 - [MESSAGE][PASSED] - Object: 'Object Repository/HomePage/Iniciar sesion' is clicked on

2023-08-24 17:11:05 - [TEST_STEP][PASSED] - enhancedClick(findTestObject("HomePage/EnterUsername_LP")): Object: 'Object Repository/HomePage/EnterUsername_LP' is clicked on

2023-08-24 17:11:20 - [MESSAGE][PASSED] - Object: 'Object Repository/HomePage/EnterUsername_LP' is clicked on

2023-08-24 17:11:20 - [TEST_STEP][PASSED] - setText(findTestObject("HomePage/EnterUsername_LP"), username): Text 'hcheruvu29@digisprint.com' is set on object 'Object Repository/HomePage/EnterUsername_LP'

2023-08-24 17:11:21 - [MESSAGE][PASSED] - Text 'hcheruvu29@digisprint.com' is set on object 'Object Repository/HomePage/EnterUsername_LP'

2023-08-24 17:11:21 - [TEST_STEP][PASSED] - delay(2): Delayed 2 second(s)

2023-08-24 17:11:23 - [MESSAGE][PASSED] - Delayed 2 second(s)

2023-08-24 17:11:23 - [TEST_STEP][PASSED] - enhancedClick(findTestObject("HomePage/EnterPassword_LP")): Object: 'Object Repository/HomePage/EnterPassword_LP' is clicked on

2023-08-24 17:11:24 - [MESSAGE][PASSED] - Object: 'Object Repository/HomePage/EnterPassword_LP' is clicked on

2023-08-24 17:11:24 - [TEST_STEP][PASSED] - delay(2): Delayed 2 second(s)

2023-08-24 17:11:26 - [MESSAGE][PASSED] - Delayed 2 second(s)

2023-08-24 17:11:26 - [TEST_STEP][PASSED] - setText(findTestObject("HomePage/EnterPassword_LP"), password): Text 'Test@12345' is set on object 'Object Repository/HomePage/EnterPassword_LP'

2023-08-24 17:11:26 - [MESSAGE][PASSED] - Text 'Test@12345' is set on object 'Object Repository/HomePage/EnterPassword_LP'

2023-08-24 17:11:26 - [TEST_STEP][PASSED] - click(findTestObject("HomePage/inciar")): Object: 'Object Repository/HomePage/inciar' is clicked on

2023-08-24 17:11:42 - [MESSAGE][PASSED] - Object: 'Object Repository/HomePage/inciar' is clicked on

2023-08-24 17:11:42 - [MESSAGE][PASSED] - Call Test Case 'Test Cases/CommonMethods/login_odtaqab' successfully

2023-08-24 17:11:42 - [TEST_STEP][PASSED] - callTestCase(findTestCase("CommonMethods/SearchForAProduct_search"), ["searchTerm":"1000719079"], STOP_ON_FAILURE): Call Test Case 'Test Cases/CommonMethods/SearchForAProduct_search' successfully

2023-08-24 17:11:42 - [TEST_CASE][PASSED] - Test Cases/CommonMethods/SearchForAProduct_search: Test Cases/CommonMethods/SearchForAProduct_search

2023-08-24 17:11:42 - [TEST_STEP][PASSED] - click(findTestObject("HomePage/Buscar1"), STOP_ON_FAILURE): Object: 'Object Repository/HomePage/Buscar1' is clicked on

2023-08-24 17:12:41 - [MESSAGE][PASSED] - Object: 'Object Repository/HomePage/Buscar1' is clicked on

2023-08-24 17:12:41 - [TEST_STEP][PASSED] - delay(3): Delayed 3 second(s)

2023-08-24 17:12:44 - [MESSAGE][PASSED] - Delayed 3 second(s)

2023-08-24 17:12:44 - [TEST_STEP][PASSED] - setText(findTestObject("HomePage/Buscar1"), searchTerm): Text '1000719079' is set on object 'Object Repository/HomePage/Buscar1'

2023-08-24 17:12:45 - [MESSAGE][PASSED] - Text '1000719079' is set on object 'Object Repository/HomePage/Buscar1'

2023-08-24 17:12:45 - [TEST_STEP][PASSED] - delay(3): Delayed 3 second(s)

2023-08-24 17:12:48 - [MESSAGE][PASSED] - Delayed 3 second(s)

2023-08-24 17:12:48 - [TEST_STEP][PASSED] - sendKeys(findTestObject("HomePage/Seach_TextBox_hp"), Keys.chord(ENTER)): Keys 'ENTER + ' sent to object: 'Object Repository/HomePage/Seach_TextBox_hp'

2023-08-24 17:12:49 - [MESSAGE][PASSED] - Keys 'ENTER + ' sent to object: 'Object Repository/HomePage/Seach_TextBox_hp'

2023-08-24 17:12:49 - [MESSAGE][PASSED] - Call Test Case 'Test Cases/CommonMethods/SearchForAProduct_search' successfully

2023-08-24 17:12:49 - [TEST_STEP][PASSED] - verifyElementClickable(findTestObject("PDPPage/mas detalis(more detail)")): Object 'Object Repository/PDPPage/mas detalis(more detail)' is clickable

2023-08-24 17:13:15 - [MESSAGE][PASSED] - Object 'Object Repository/PDPPage/mas detalis(more detail)' is clickable

2023-08-24 17:13:15 - [TEST_STEP][PASSED] - verifyElementClickable(findTestObject("PDPPage/EDD_pdp")): Object 'Object Repository/PDPPage/EDD_pdp' is clickable

2023-08-24 17:13:18 - [MESSAGE][PASSED] - Object 'Object Repository/PDPPage/EDD_pdp' is clickable

2023-08-24 17:13:18 - [TEST_STEP][PASSED] - verifyElementClickable(findTestObject("PDPPage/viewMorePromotion_pdp")): Object 'Object Repository/PDPPage/viewMorePromotion_pdp' is clickable

2023-08-24 17:13:19 - [MESSAGE][PASSED] - Object 'Object Repository/PDPPage/viewMorePromotion_pdp' is clickable

2023-08-24 17:13:19 - [TEST_STEP][PASSED] - verifyElementClickable(findTestObject("PDPPage/Size1_PDP")): Object 'Object Repository/PDPPage/Size1_PDP' is clickable

2023-08-24 17:13:19 - [MESSAGE][PASSED] - Object 'Object Repository/PDPPage/Size1_PDP' is clickable

2023-08-24 17:13:19 - [TEST_STEP][PASSED] - verifyElementClickable(findTestObject("PDPPage/liverpoolCard_promotion_1_PDP")): Object 'Object Repository/PDPPage/liverpoolCard_promotion_1_PDP' is clickable

2023-08-24 17:13:20 - [MESSAGE][PASSED] - Object 'Object Repository/PDPPage/liverpoolCard_promotion_1_PDP' is clickable

2023-08-24 17:13:20 - [TEST_STEP][PASSED] - verifyElementClickable(findTestObject("PDPPage/Card_promotion_1_PDP")): Object 'Object Repository/PDPPage/Card_promotion_1_PDP' is clickable

2023-08-24 17:13:20 - [MESSAGE][PASSED] - Object 'Object Repository/PDPPage/Card_promotion_1_PDP' is clickable

2023-08-24 17:13:20 - [TEST_STEP][PASSED] - closeBrowser(): Browser is closed

2023-08-24 17:13:21 - [MESSAGE][PASSED] - Browser is closed]]></system-out>
         <system-err><![CDATA[]]></system-err>
      </testcase>
      <testcase name="Test Cases/Checkout/TS_SMOKE_SUITE_072" time="208.44" classname="Test Cases/Checkout/TS_SMOKE_SUITE_072" status="PASSED">
         <system-out><![CDATA[2023-08-24 17:13:21 - [TEST_CASE][PASSED] - Test Cases/Checkout/TS_SMOKE_SUITE_072: Test Cases/Checkout/TS_SMOKE_SUITE_072

2023-08-24 17:13:22 - [TEST_STEP][PASSED] - openBrowser(""): Browser is opened with url: ''

2023-08-24 17:13:22 - [MESSAGE][INFO] - Starting 'Chrome' driver

2023-08-24 17:13:22 - [MESSAGE][INFO] - Action delay is set to 0 milliseconds

2023-08-24 17:13:23 - [MESSAGE][PASSED] - Browser is opened with url: ''

2023-08-24 17:13:23 - [TEST_STEP][PASSED] - maximizeWindow(): Current window maximized

2023-08-24 17:13:24 - [MESSAGE][PASSED] - Current window maximized

2023-08-24 17:13:24 - [TEST_STEP][PASSED] - navigateToUrl(URL): Navigate to 'https://odtaqaa.liverpool.com.mx/tienda/home' successfully

2023-08-24 17:13:57 - [MESSAGE][PASSED] - Navigate to 'https://odtaqaa.liverpool.com.mx/tienda/home' successfully

2023-08-24 17:13:57 - [TEST_STEP][PASSED] - click(findTestObject("HomePage/Iniciar sesion")): Object: 'Object Repository/HomePage/Iniciar sesion' is clicked on

2023-08-24 17:13:58 - [MESSAGE][PASSED] - Object: 'Object Repository/HomePage/Iniciar sesion' is clicked on

2023-08-24 17:13:58 - [TEST_STEP][PASSED] - callTestCase(findTestCase("CommonMethods/loginFromHomePage"), ["username":username, "password":password], STOP_ON_FAILURE): Call Test Case 'Test Cases/CommonMethods/loginFromHomePage' successfully

2023-08-24 17:13:58 - [TEST_CASE][PASSED] - Test Cases/CommonMethods/loginFromHomePage: Test Cases/CommonMethods/loginFromHomePage

2023-08-24 17:13:58 - [TEST_STEP][PASSED] - delay(3): Delayed 3 second(s)

2023-08-24 17:14:01 - [MESSAGE][PASSED] - Delayed 3 second(s)

2023-08-24 17:14:01 - [TEST_STEP][PASSED] - click(findTestObject("HomePage/EnterUsername_LP")): Object: 'Object Repository/HomePage/EnterUsername_LP' is clicked on

2023-08-24 17:14:07 - [MESSAGE][PASSED] - Object: 'Object Repository/HomePage/EnterUsername_LP' is clicked on

2023-08-24 17:14:07 - [TEST_STEP][PASSED] - setText(findTestObject("HomePage/EnterUsername_LP"), username): Text 'hcheruvu29@digisprint.com' is set on object 'Object Repository/HomePage/EnterUsername_LP'

2023-08-24 17:14:08 - [MESSAGE][PASSED] - Text 'hcheruvu29@digisprint.com' is set on object 'Object Repository/HomePage/EnterUsername_LP'

2023-08-24 17:14:08 - [TEST_STEP][PASSED] - click(findTestObject("HomePage/EnterPassword_LP")): Object: 'Object Repository/HomePage/EnterPassword_LP' is clicked on

2023-08-24 17:14:08 - [MESSAGE][PASSED] - Object: 'Object Repository/HomePage/EnterPassword_LP' is clicked on

2023-08-24 17:14:08 - [TEST_STEP][PASSED] - setText(findTestObject("HomePage/EnterPassword_LP"), password): Text 'Test@12345' is set on object 'Object Repository/HomePage/EnterPassword_LP'

2023-08-24 17:14:09 - [MESSAGE][PASSED] - Text 'Test@12345' is set on object 'Object Repository/HomePage/EnterPassword_LP'

2023-08-24 17:14:09 - [TEST_STEP][PASSED] - click(findTestObject("HomePage/inciar")): Object: 'Object Repository/HomePage/inciar' is clicked on

2023-08-24 17:14:16 - [MESSAGE][PASSED] - Object: 'Object Repository/HomePage/inciar' is clicked on

2023-08-24 17:14:16 - [MESSAGE][PASSED] - Call Test Case 'Test Cases/CommonMethods/loginFromHomePage' successfully

2023-08-24 17:14:16 - [TEST_STEP][PASSED] - callTestCase(findTestCase("CommonMethods/SearchForAProduct_search"), ["searchTerm":"jeans"], STOP_ON_FAILURE): Call Test Case 'Test Cases/CommonMethods/SearchForAProduct_search' successfully

2023-08-24 17:14:17 - [TEST_CASE][PASSED] - Test Cases/CommonMethods/SearchForAProduct_search: Test Cases/CommonMethods/SearchForAProduct_search

2023-08-24 17:14:17 - [TEST_STEP][PASSED] - click(findTestObject("HomePage/Buscar1"), STOP_ON_FAILURE): Object: 'Object Repository/HomePage/Buscar1' is clicked on

2023-08-24 17:15:22 - [MESSAGE][PASSED] - Object: 'Object Repository/HomePage/Buscar1' is clicked on

2023-08-24 17:15:22 - [TEST_STEP][PASSED] - delay(3): Delayed 3 second(s)

2023-08-24 17:15:25 - [MESSAGE][PASSED] - Delayed 3 second(s)

2023-08-24 17:15:25 - [TEST_STEP][PASSED] - setText(findTestObject("HomePage/Buscar1"), searchTerm): Text 'jeans' is set on object 'Object Repository/HomePage/Buscar1'

2023-08-24 17:15:26 - [MESSAGE][PASSED] - Text 'jeans' is set on object 'Object Repository/HomePage/Buscar1'

2023-08-24 17:15:26 - [TEST_STEP][PASSED] - delay(3): Delayed 3 second(s)

2023-08-24 17:15:29 - [MESSAGE][PASSED] - Delayed 3 second(s)

2023-08-24 17:15:29 - [TEST_STEP][PASSED] - sendKeys(findTestObject("HomePage/Seach_TextBox_hp"), Keys.chord(ENTER)): Keys 'ENTER + ' sent to object: 'Object Repository/HomePage/Seach_TextBox_hp'

2023-08-24 17:15:30 - [MESSAGE][PASSED] - Keys 'ENTER + ' sent to object: 'Object Repository/HomePage/Seach_TextBox_hp'

2023-08-24 17:15:30 - [MESSAGE][PASSED] - Call Test Case 'Test Cases/CommonMethods/SearchForAProduct_search' successfully

2023-08-24 17:15:30 - [TEST_STEP][PASSED] - click(findTestObject("HomePage/FirstProduct_plp"), STOP_ON_FAILURE): Object: 'Object Repository/HomePage/FirstProduct_plp' is clicked on

2023-08-24 17:15:47 - [MESSAGE][PASSED] - Object: 'Object Repository/HomePage/FirstProduct_plp' is clicked on

2023-08-24 17:15:47 - [TEST_STEP][PASSED] - click(findTestObject("PDPPage/Size1_PDP"), OPTIONAL): Object: 'Object Repository/PDPPage/Size1_PDP' is clicked on

2023-08-24 17:16:05 - [MESSAGE][PASSED] - Object: 'Object Repository/PDPPage/Size1_PDP' is clicked on

2023-08-24 17:16:05 - [TEST_STEP][PASSED] - click(findTestObject("PDPPage/AddToCart_pdp")): Object: 'Object Repository/PDPPage/AddToCart_pdp' is clicked on

2023-08-24 17:16:08 - [MESSAGE][PASSED] - Object: 'Object Repository/PDPPage/AddToCart_pdp' is clicked on

2023-08-24 17:16:08 - [TEST_STEP][PASSED] - click(findTestObject("HomePage/Cart_header")): Object: 'Object Repository/HomePage/Cart_header' is clicked on

2023-08-24 17:16:12 - [MESSAGE][PASSED] - Object: 'Object Repository/HomePage/Cart_header' is clicked on

2023-08-24 17:16:12 - [TEST_STEP][PASSED] - click(findTestObject("CartPage/BuyButton_Cart")): Object: 'Object Repository/CartPage/BuyButton_Cart' is clicked on

2023-08-24 17:16:17 - [MESSAGE][PASSED] - Object: 'Object Repository/CartPage/BuyButton_Cart' is clicked on

2023-08-24 17:16:17 - [TEST_STEP][PASSED] - click(findTestObject("OPCPage/ChangeAddress_Checkout")): Object: 'Object Repository/OPCPage/ChangeAddress_Checkout' is clicked on

2023-08-24 17:16:26 - [MESSAGE][PASSED] - Object: 'Object Repository/OPCPage/ChangeAddress_Checkout' is clicked on

2023-08-24 17:16:26 - [TEST_STEP][PASSED] - click(findTestObject("OPCPage/AddAddressButtonPopup_checkout")): Object: 'Object Repository/OPCPage/AddAddressButtonPopup_checkout' is clicked on

2023-08-24 17:16:29 - [MESSAGE][PASSED] - Object: 'Object Repository/OPCPage/AddAddressButtonPopup_checkout' is clicked on

2023-08-24 17:16:29 - [TEST_STEP][PASSED] - StoreValue = "AUTOMATION" + RandomStringUtils.randomAlphabetic(8): null

2023-08-24 17:16:29 - [TEST_STEP][PASSED] - out.println(StoreValue): null

2023-08-24 17:16:29 - [TEST_STEP][PASSED] - setText(findTestObject("OPCPage/shortName_addAddress_opc"), StoreValue): Text 'AUTOMATIONUFleOXTr' is set on object 'Object Repository/OPCPage/shortName_addAddress_opc'

2023-08-24 17:16:31 - [MESSAGE][PASSED] - Text 'AUTOMATIONUFleOXTr' is set on object 'Object Repository/OPCPage/shortName_addAddress_opc'

2023-08-24 17:16:31 - [TEST_STEP][PASSED] - setText(findTestObject("OPCPage/mothersLastName_addAddress_opc"), MotherName): Text 'Test
' is set on object 'Object Repository/OPCPage/mothersLastName_addAddress_opc'

2023-08-24 17:16:32 - [MESSAGE][PASSED] - Text 'Test
' is set on object 'Object Repository/OPCPage/mothersLastName_addAddress_opc'

2023-08-24 17:16:32 - [TEST_STEP][PASSED] - setText(findTestObject("OPCPage/postalCode_addAddress_opc"), PostalCode): Text '12000
' is set on object 'Object Repository/OPCPage/postalCode_addAddress_opc'

2023-08-24 17:16:33 - [MESSAGE][PASSED] - Text '12000
' is set on object 'Object Repository/OPCPage/postalCode_addAddress_opc'

2023-08-24 17:16:33 - [TEST_STEP][PASSED] - setText(findTestObject("OPCPage/city_addAddress_opc"), CityAddAddress): Text 'san fransisco' is set on object 'Object Repository/OPCPage/city_addAddress_opc'

2023-08-24 17:16:36 - [MESSAGE][PASSED] - Text 'san fransisco' is set on object 'Object Repository/OPCPage/city_addAddress_opc'

2023-08-24 17:16:36 - [TEST_STEP][PASSED] - click(findTestObject("OPCPage/street_addAddress_opc")): Object: 'Object Repository/OPCPage/street_addAddress_opc' is clicked on

2023-08-24 17:16:36 - [MESSAGE][PASSED] - Object: 'Object Repository/OPCPage/street_addAddress_opc' is clicked on

2023-08-24 17:16:36 - [TEST_STEP][PASSED] - setText(findTestObject("OPCPage/street_addAddress_opc"), StreetAddAddress): Text 'Regina Street' is set on object 'Object Repository/OPCPage/street_addAddress_opc'

2023-08-24 17:16:37 - [MESSAGE][PASSED] - Text 'Regina Street' is set on object 'Object Repository/OPCPage/street_addAddress_opc'

2023-08-24 17:16:37 - [TEST_STEP][PASSED] - setText(findTestObject("OPCPage/noExt_addAddress_opc"), NoExtAddAddress): Text '1231232342' is set on object 'Object Repository/OPCPage/noExt_addAddress_opc'

2023-08-24 17:16:38 - [MESSAGE][PASSED] - Text '1231232342' is set on object 'Object Repository/OPCPage/noExt_addAddress_opc'

2023-08-24 17:16:38 - [TEST_STEP][PASSED] - setText(findTestObject("OPCPage/cellphone_addAddress_opc"), CellPhoneAddAddress): Text '7000000000' is set on object 'Object Repository/OPCPage/cellphone_addAddress_opc'

2023-08-24 17:16:39 - [MESSAGE][PASSED] - Text '7000000000' is set on object 'Object Repository/OPCPage/cellphone_addAddress_opc'

2023-08-24 17:16:39 - [TEST_STEP][PASSED] - setText(findTestObject("OPCPage/LADA_addAddress_opc"), LADAaddAddress): Text '12' is set on object 'Object Repository/OPCPage/LADA_addAddress_opc'

2023-08-24 17:16:40 - [MESSAGE][PASSED] - Text '12' is set on object 'Object Repository/OPCPage/LADA_addAddress_opc'

2023-08-24 17:16:40 - [TEST_STEP][PASSED] - setText(findTestObject("OPCPage/phone_addAddress_opc"), phoneAddAddress): Text '9823958922' is set on object 'Object Repository/OPCPage/phone_addAddress_opc'

2023-08-24 17:16:42 - [MESSAGE][PASSED] - Text '9823958922' is set on object 'Object Repository/OPCPage/phone_addAddress_opc'

2023-08-24 17:16:42 - [TEST_STEP][PASSED] - click(findTestObject("OPCPage/CheckBoxAddAddressPopup_OPC")): Object: 'Object Repository/OPCPage/CheckBoxAddAddressPopup_OPC' is clicked on

2023-08-24 17:16:42 - [MESSAGE][PASSED] - Object: 'Object Repository/OPCPage/CheckBoxAddAddressPopup_OPC' is clicked on

2023-08-24 17:16:42 - [TEST_STEP][PASSED] - click(findTestObject("OPCPage/ContinueButtonAddAddress_Checkout")): Object: 'Object Repository/OPCPage/ContinueButtonAddAddress_Checkout' is clicked on

2023-08-24 17:16:43 - [MESSAGE][PASSED] - Object: 'Object Repository/OPCPage/ContinueButtonAddAddress_Checkout' is clicked on

2023-08-24 17:16:43 - [TEST_STEP][PASSED] - navigateToUrl(CartPageURL): Navigate to 'https://odtaqaa.liverpool.com.mx/tienda/oneCheckout' successfully

2023-08-24 17:16:47 - [MESSAGE][PASSED] - Navigate to 'https://odtaqaa.liverpool.com.mx/tienda/oneCheckout' successfully

2023-08-24 17:16:47 - [TEST_STEP][PASSED] - ShortName = getText(findTestObject("OPCPage/currentDeliveryAddress_OPC"), STOP_ON_FAILURE): Text of object 'Object Repository/OPCPage/currentDeliveryAddress_OPC' is: 'AUTOMATIONUFleOXTr '

2023-08-24 17:16:49 - [MESSAGE][PASSED] - Text of object 'Object Repository/OPCPage/currentDeliveryAddress_OPC' is: 'AUTOMATIONUFleOXTr '

2023-08-24 17:16:49 - [TEST_STEP][PASSED] - if (StoreValue == ShortName): null

2023-08-24 17:16:49 - [TEST_STEP][PASSED] - closeBrowser(): Browser is closed

2023-08-24 17:16:50 - [MESSAGE][PASSED] - Browser is closed]]></system-out>
         <system-err><![CDATA[]]></system-err>
      </testcase>
      <testcase name="Test Cases/Checkout/TS_SMOKE_SUITE_073" time="293.831" classname="Test Cases/Checkout/TS_SMOKE_SUITE_073" status="PASSED">
         <system-out><![CDATA[2023-08-24 17:16:50 - [TEST_CASE][PASSED] - Test Cases/Checkout/TS_SMOKE_SUITE_073: Test Cases/Checkout/TS_SMOKE_SUITE_073

2023-08-24 17:16:50 - [TEST_STEP][PASSED] - openBrowser(""): Browser is opened with url: ''

2023-08-24 17:16:50 - [MESSAGE][INFO] - Starting 'Chrome' driver

2023-08-24 17:16:50 - [MESSAGE][INFO] - Action delay is set to 0 milliseconds

2023-08-24 17:16:52 - [MESSAGE][PASSED] - Browser is opened with url: ''

2023-08-24 17:16:52 - [TEST_STEP][PASSED] - navigateToUrl(URL): Navigate to 'https://odtaqaa.liverpool.com.mx/tienda/home' successfully

2023-08-24 17:17:41 - [MESSAGE][PASSED] - Navigate to 'https://odtaqaa.liverpool.com.mx/tienda/home' successfully

2023-08-24 17:17:41 - [TEST_STEP][PASSED] - maximizeWindow(): Current window maximized

2023-08-24 17:17:41 - [MESSAGE][PASSED] - Current window maximized

2023-08-24 17:17:41 - [TEST_STEP][PASSED] - click(findTestObject("HomePage/Iniciar sesion")): Object: 'Object Repository/HomePage/Iniciar sesion' is clicked on

2023-08-24 17:17:42 - [MESSAGE][PASSED] - Object: 'Object Repository/HomePage/Iniciar sesion' is clicked on

2023-08-24 17:17:42 - [TEST_STEP][PASSED] - callTestCase(findTestCase("CommonMethods/loginFromHomePage"), ["username":Username, "password":Password], STOP_ON_FAILURE): Call Test Case 'Test Cases/CommonMethods/loginFromHomePage' successfully

2023-08-24 17:17:42 - [TEST_CASE][PASSED] - Test Cases/CommonMethods/loginFromHomePage: Test Cases/CommonMethods/loginFromHomePage

2023-08-24 17:17:42 - [TEST_STEP][PASSED] - delay(3): Delayed 3 second(s)

2023-08-24 17:17:45 - [MESSAGE][PASSED] - Delayed 3 second(s)

2023-08-24 17:17:45 - [TEST_STEP][PASSED] - click(findTestObject("HomePage/EnterUsername_LP")): Object: 'Object Repository/HomePage/EnterUsername_LP' is clicked on

2023-08-24 17:18:16 - [MESSAGE][PASSED] - Object: 'Object Repository/HomePage/EnterUsername_LP' is clicked on

2023-08-24 17:18:16 - [TEST_STEP][PASSED] - setText(findTestObject("HomePage/EnterUsername_LP"), username): Text 'hcheruvu29@digisprint.com' is set on object 'Object Repository/HomePage/EnterUsername_LP'

2023-08-24 17:18:16 - [MESSAGE][PASSED] - Text 'hcheruvu29@digisprint.com' is set on object 'Object Repository/HomePage/EnterUsername_LP'

2023-08-24 17:18:16 - [TEST_STEP][PASSED] - click(findTestObject("HomePage/EnterPassword_LP")): Object: 'Object Repository/HomePage/EnterPassword_LP' is clicked on

2023-08-24 17:18:17 - [MESSAGE][PASSED] - Object: 'Object Repository/HomePage/EnterPassword_LP' is clicked on

2023-08-24 17:18:17 - [TEST_STEP][PASSED] - setText(findTestObject("HomePage/EnterPassword_LP"), password): Text 'Test@12345' is set on object 'Object Repository/HomePage/EnterPassword_LP'

2023-08-24 17:18:18 - [MESSAGE][PASSED] - Text 'Test@12345' is set on object 'Object Repository/HomePage/EnterPassword_LP'

2023-08-24 17:18:18 - [TEST_STEP][PASSED] - click(findTestObject("HomePage/inciar")): Object: 'Object Repository/HomePage/inciar' is clicked on

2023-08-24 17:18:28 - [MESSAGE][PASSED] - Object: 'Object Repository/HomePage/inciar' is clicked on

2023-08-24 17:18:28 - [MESSAGE][PASSED] - Call Test Case 'Test Cases/CommonMethods/loginFromHomePage' successfully

2023-08-24 17:18:28 - [TEST_STEP][PASSED] - callTestCase(findTestCase("CommonMethods/EmptyCart_RunAt_HP"), [:], OPTIONAL): Unable to call Test Case 'Test Cases/CommonMethods/EmptyCart_RunAt_HP' (Root cause: com.kms.katalon.core.exception.StepErrorException: Call Test Case 'Test Cases/CommonMethods/EmptyCart_RunAt_HP' failed because of error(s)
	at com.kms.katalon.core.keyword.builtin.CallTestCaseKeyword$_callTestCase_closure1.doCall(CallTestCaseKeyword.groovy:66)
	at com.kms.katalon.core.keyword.builtin.CallTestCaseKeyword$_callTestCase_closure1.call(CallTestCaseKeyword.groovy)
	at com.kms.katalon.core.keyword.internal.KeywordMain.runKeyword(KeywordMain.groovy:75)
	at com.kms.katalon.core.keyword.builtin.CallTestCaseKeyword.callTestCase(CallTestCaseKeyword.groovy:81)
	at com.kms.katalon.core.keyword.builtin.CallTestCaseKeyword.execute(CallTestCaseKeyword.groovy:44)
	at com.kms.katalon.core.keyword.internal.KeywordExecutor.executeKeywordForPlatform(KeywordExecutor.groovy:74)
	at com.kms.katalon.core.keyword.BuiltinKeywords.callTestCase(BuiltinKeywords.groovy:310)
	at TS_SMOKE_SUITE_073.run(TS_SMOKE_SUITE_073:31)
	at com.kms.katalon.core.main.ScriptEngine.run(ScriptEngine.java:194)
	at com.kms.katalon.core.main.ScriptEngine.runScriptAsRawText(ScriptEngine.java:119)
	at com.kms.katalon.core.main.TestCaseExecutor.runScript(TestCaseExecutor.java:448)
	at com.kms.katalon.core.main.TestCaseExecutor.doExecute(TestCaseExecutor.java:439)
	at com.kms.katalon.core.main.TestCaseExecutor.processExecutionPhase(TestCaseExecutor.java:418)
	at com.kms.katalon.core.main.TestCaseExecutor.accessMainPhase(TestCaseExecutor.java:410)
	at com.kms.katalon.core.main.TestCaseExecutor.execute(TestCaseExecutor.java:285)
	at com.kms.katalon.core.common.CommonExecutor.accessTestCaseMainPhase(CommonExecutor.java:65)
	at com.kms.katalon.core.main.TestSuiteExecutor.accessTestSuiteMainPhase(TestSuiteExecutor.java:148)
	at com.kms.katalon.core.main.TestSuiteExecutor.execute(TestSuiteExecutor.java:106)
	at com.kms.katalon.core.main.TestCaseMain.startTestSuite(TestCaseMain.java:187)
	at com.kms.katalon.core.main.TestCaseMain$startTestSuite$0.call(Unknown Source)
	at TempTestSuite1692874420462.run(TempTestSuite1692874420462.groovy:36)
Caused by: java.lang.NullPointerException
	at com.kms.katalon.core.webui.common.WebUiCommonHelper.findElementsBySelectedMethod(WebUiCommonHelper.java:896)
	at com.kms.katalon.core.webui.common.WebUiCommonHelper.findElementsByDefault(WebUiCommonHelper.java:892)
	at com.kms.katalon.core.webui.common.WebUiCommonHelper.findWebElements(WebUiCommonHelper.java:720)
	at com.kms.katalon.core.webui.keyword.internal.WebUIAbstractKeyword.findWebElements(WebUIAbstractKeyword.groovy:32)
	at com.kms.katalon.core.webui.keyword.WebUiBuiltInKeywords.findWebElements(WebUiBuiltInKeywords.groovy:2860)
	at com.kms.katalon.core.webui.keyword.WebUiBuiltInKeywords$findWebElements$19.call(Unknown Source)
	at EmptyCart_RunAt_HP.run(EmptyCart_RunAt_HP:39)
	at com.kms.katalon.core.main.ScriptEngine.run(ScriptEngine.java:194)
	at com.kms.katalon.core.main.ScriptEngine.runScriptAsRawText(ScriptEngine.java:119)
	at com.kms.katalon.core.main.TestCaseExecutor.runScript(TestCaseExecutor.java:448)
	at com.kms.katalon.core.main.TestCaseExecutor.doExecute(TestCaseExecutor.java:439)
	at com.kms.katalon.core.main.TestCaseExecutor.processExecutionPhase(TestCaseExecutor.java:418)
	at com.kms.katalon.core.main.TestCaseExecutor.accessMainPhase(TestCaseExecutor.java:410)
	at com.kms.katalon.core.main.TestCaseExecutor.execute(TestCaseExecutor.java:285)
	at com.kms.katalon.core.main.TestCaseMain.runTestCase(TestCaseMain.java:144)
	at com.kms.katalon.core.keyword.builtin.CallTestCaseKeyword$_callTestCase_closure1.doCall(CallTestCaseKeyword.groovy:59)
	... 20 more
)

2023-08-24 17:18:28 - [TEST_CASE][ERROR] - Test Cases/CommonMethods/EmptyCart_RunAt_HP: Test Cases/CommonMethods/EmptyCart_RunAt_HP FAILED.
Reason:
java.lang.NullPointerException
	at com.kms.katalon.core.webui.common.WebUiCommonHelper.findElementsBySelectedMethod(WebUiCommonHelper.java:896)
	at com.kms.katalon.core.webui.common.WebUiCommonHelper.findElementsByDefault(WebUiCommonHelper.java:892)
	at com.kms.katalon.core.webui.common.WebUiCommonHelper.findWebElements(WebUiCommonHelper.java:720)
	at com.kms.katalon.core.webui.keyword.internal.WebUIAbstractKeyword.findWebElements(WebUIAbstractKeyword.groovy:32)
	at com.kms.katalon.core.webui.keyword.WebUiBuiltInKeywords.findWebElements(WebUiBuiltInKeywords.groovy:2860)
	at com.kms.katalon.core.webui.keyword.WebUiBuiltInKeywords$findWebElements$19.call(Unknown Source)
	at EmptyCart_RunAt_HP.run(EmptyCart_RunAt_HP:39)
	at com.kms.katalon.core.main.ScriptEngine.run(ScriptEngine.java:194)
	at com.kms.katalon.core.main.ScriptEngine.runScriptAsRawText(ScriptEngine.java:119)
	at com.kms.katalon.core.main.TestCaseExecutor.runScript(TestCaseExecutor.java:448)
	at com.kms.katalon.core.main.TestCaseExecutor.doExecute(TestCaseExecutor.java:439)
	at com.kms.katalon.core.main.TestCaseExecutor.processExecutionPhase(TestCaseExecutor.java:418)
	at com.kms.katalon.core.main.TestCaseExecutor.accessMainPhase(TestCaseExecutor.java:410)
	at com.kms.katalon.core.main.TestCaseExecutor.execute(TestCaseExecutor.java:285)
	at com.kms.katalon.core.main.TestCaseMain.runTestCase(TestCaseMain.java:144)
	at com.kms.katalon.core.keyword.builtin.CallTestCaseKeyword$_callTestCase_closure1.doCall(CallTestCaseKeyword.groovy:59)
	at com.kms.katalon.core.keyword.builtin.CallTestCaseKeyword$_callTestCase_closure1.call(CallTestCaseKeyword.groovy)
	at com.kms.katalon.core.keyword.internal.KeywordMain.runKeyword(KeywordMain.groovy:75)
	at com.kms.katalon.core.keyword.builtin.CallTestCaseKeyword.callTestCase(CallTestCaseKeyword.groovy:81)
	at com.kms.katalon.core.keyword.builtin.CallTestCaseKeyword.execute(CallTestCaseKeyword.groovy:44)
	at com.kms.katalon.core.keyword.internal.KeywordExecutor.executeKeywordForPlatform(KeywordExecutor.groovy:74)
	at com.kms.katalon.core.keyword.BuiltinKeywords.callTestCase(BuiltinKeywords.groovy:310)
	at TS_SMOKE_SUITE_073.run(TS_SMOKE_SUITE_073:31)
	at com.kms.katalon.core.main.ScriptEngine.run(ScriptEngine.java:194)
	at com.kms.katalon.core.main.ScriptEngine.runScriptAsRawText(ScriptEngine.java:119)
	at com.kms.katalon.core.main.TestCaseExecutor.runScript(TestCaseExecutor.java:448)
	at com.kms.katalon.core.main.TestCaseExecutor.doExecute(TestCaseExecutor.java:439)
	at com.kms.katalon.core.main.TestCaseExecutor.processExecutionPhase(TestCaseExecutor.java:418)
	at com.kms.katalon.core.main.TestCaseExecutor.accessMainPhase(TestCaseExecutor.java:410)
	at com.kms.katalon.core.main.TestCaseExecutor.execute(TestCaseExecutor.java:285)
	at com.kms.katalon.core.common.CommonExecutor.accessTestCaseMainPhase(CommonExecutor.java:65)
	at com.kms.katalon.core.main.TestSuiteExecutor.accessTestSuiteMainPhase(TestSuiteExecutor.java:148)
	at com.kms.katalon.core.main.TestSuiteExecutor.execute(TestSuiteExecutor.java:106)
	at com.kms.katalon.core.main.TestCaseMain.startTestSuite(TestCaseMain.java:187)
	at com.kms.katalon.core.main.TestCaseMain$startTestSuite$0.call(Unknown Source)
	at TempTestSuite1692874420462.run(TempTestSuite1692874420462.groovy:36)


2023-08-24 17:18:30 - [TEST_STEP][PASSED] - delay(2, OPTIONAL): Delayed 2 second(s)

2023-08-24 17:18:32 - [MESSAGE][PASSED] - Delayed 2 second(s)

2023-08-24 17:18:32 - [TEST_STEP][PASSED] - click(findTestObject("HomePage/bag_header_HP"), OPTIONAL): Object: 'Object Repository/HomePage/bag_header_HP' is clicked on

2023-08-24 17:19:21 - [MESSAGE][PASSED] - Object: 'Object Repository/HomePage/bag_header_HP' is clicked on

2023-08-24 17:19:21 - [TEST_STEP][ERROR] - listElement = findWebElements(findTestObject("CartPage/Product1_remove_cart"), 2): Test Cases/CommonMethods/EmptyCart_RunAt_HP FAILED.
Reason:
java.lang.NullPointerException
	at com.kms.katalon.core.webui.common.WebUiCommonHelper.findElementsBySelectedMethod(WebUiCommonHelper.java:896)
	at com.kms.katalon.core.webui.common.WebUiCommonHelper.findElementsByDefault(WebUiCommonHelper.java:892)
	at com.kms.katalon.core.webui.common.WebUiCommonHelper.findWebElements(WebUiCommonHelper.java:720)
	at com.kms.katalon.core.webui.keyword.internal.WebUIAbstractKeyword.findWebElements(WebUIAbstractKeyword.groovy:32)
	at com.kms.katalon.core.webui.keyword.WebUiBuiltInKeywords.findWebElements(WebUiBuiltInKeywords.groovy:2860)
	at com.kms.katalon.core.webui.keyword.WebUiBuiltInKeywords$findWebElements$19.call(Unknown Source)
	at EmptyCart_RunAt_HP.run(EmptyCart_RunAt_HP:39)
	at com.kms.katalon.core.main.ScriptEngine.run(ScriptEngine.java:194)
	at com.kms.katalon.core.main.ScriptEngine.runScriptAsRawText(ScriptEngine.java:119)
	at com.kms.katalon.core.main.TestCaseExecutor.runScript(TestCaseExecutor.java:448)
	at com.kms.katalon.core.main.TestCaseExecutor.doExecute(TestCaseExecutor.java:439)
	at com.kms.katalon.core.main.TestCaseExecutor.processExecutionPhase(TestCaseExecutor.java:418)
	at com.kms.katalon.core.main.TestCaseExecutor.accessMainPhase(TestCaseExecutor.java:410)
	at com.kms.katalon.core.main.TestCaseExecutor.execute(TestCaseExecutor.java:285)
	at com.kms.katalon.core.main.TestCaseMain.runTestCase(TestCaseMain.java:144)
	at com.kms.katalon.core.keyword.builtin.CallTestCaseKeyword$_callTestCase_closure1.doCall(CallTestCaseKeyword.groovy:59)
	at com.kms.katalon.core.keyword.builtin.CallTestCaseKeyword$_callTestCase_closure1.call(CallTestCaseKeyword.groovy)
	at com.kms.katalon.core.keyword.internal.KeywordMain.runKeyword(KeywordMain.groovy:75)
	at com.kms.katalon.core.keyword.builtin.CallTestCaseKeyword.callTestCase(CallTestCaseKeyword.groovy:81)
	at com.kms.katalon.core.keyword.builtin.CallTestCaseKeyword.execute(CallTestCaseKeyword.groovy:44)
	at com.kms.katalon.core.keyword.internal.KeywordExecutor.executeKeywordForPlatform(KeywordExecutor.groovy:74)
	at com.kms.katalon.core.keyword.BuiltinKeywords.callTestCase(BuiltinKeywords.groovy:310)
	at TS_SMOKE_SUITE_073.run(TS_SMOKE_SUITE_073:31)
	at com.kms.katalon.core.main.ScriptEngine.run(ScriptEngine.java:194)
	at com.kms.katalon.core.main.ScriptEngine.runScriptAsRawText(ScriptEngine.java:119)
	at com.kms.katalon.core.main.TestCaseExecutor.runScript(TestCaseExecutor.java:448)
	at com.kms.katalon.core.main.TestCaseExecutor.doExecute(TestCaseExecutor.java:439)
	at com.kms.katalon.core.main.TestCaseExecutor.processExecutionPhase(TestCaseExecutor.java:418)
	at com.kms.katalon.core.main.TestCaseExecutor.accessMainPhase(TestCaseExecutor.java:410)
	at com.kms.katalon.core.main.TestCaseExecutor.execute(TestCaseExecutor.java:285)
	at com.kms.katalon.core.common.CommonExecutor.accessTestCaseMainPhase(CommonExecutor.java:65)
	at com.kms.katalon.core.main.TestSuiteExecutor.accessTestSuiteMainPhase(TestSuiteExecutor.java:148)
	at com.kms.katalon.core.main.TestSuiteExecutor.execute(TestSuiteExecutor.java:106)
	at com.kms.katalon.core.main.TestCaseMain.startTestSuite(TestCaseMain.java:187)
	at com.kms.katalon.core.main.TestCaseMain$startTestSuite$0.call(Unknown Source)
	at TempTestSuite1692874420462.run(TempTestSuite1692874420462.groovy:36)


2023-08-24 17:19:21 - [MESSAGE][WARNING] - Test object with id 'Object Repository/CartPage/Product1_remove_cart' does not exist

2023-08-24 17:19:21 - [MESSAGE][ERROR] - Test Cases/CommonMethods/EmptyCart_RunAt_HP FAILED.
Reason:
java.lang.NullPointerException
	at com.kms.katalon.core.webui.common.WebUiCommonHelper.findElementsBySelectedMethod(WebUiCommonHelper.java:896)
	at com.kms.katalon.core.webui.common.WebUiCommonHelper.findElementsByDefault(WebUiCommonHelper.java:892)
	at com.kms.katalon.core.webui.common.WebUiCommonHelper.findWebElements(WebUiCommonHelper.java:720)
	at com.kms.katalon.core.webui.keyword.internal.WebUIAbstractKeyword.findWebElements(WebUIAbstractKeyword.groovy:32)
	at com.kms.katalon.core.webui.keyword.WebUiBuiltInKeywords.findWebElements(WebUiBuiltInKeywords.groovy:2860)
	at com.kms.katalon.core.webui.keyword.WebUiBuiltInKeywords$findWebElements$19.call(Unknown Source)
	at EmptyCart_RunAt_HP.run(EmptyCart_RunAt_HP:39)
	at com.kms.katalon.core.main.ScriptEngine.run(ScriptEngine.java:194)
	at com.kms.katalon.core.main.ScriptEngine.runScriptAsRawText(ScriptEngine.java:119)
	at com.kms.katalon.core.main.TestCaseExecutor.runScript(TestCaseExecutor.java:448)
	at com.kms.katalon.core.main.TestCaseExecutor.doExecute(TestCaseExecutor.java:439)
	at com.kms.katalon.core.main.TestCaseExecutor.processExecutionPhase(TestCaseExecutor.java:418)
	at com.kms.katalon.core.main.TestCaseExecutor.accessMainPhase(TestCaseExecutor.java:410)
	at com.kms.katalon.core.main.TestCaseExecutor.execute(TestCaseExecutor.java:285)
	at com.kms.katalon.core.main.TestCaseMain.runTestCase(TestCaseMain.java:144)
	at com.kms.katalon.core.keyword.builtin.CallTestCaseKeyword$_callTestCase_closure1.doCall(CallTestCaseKeyword.groovy:59)
	at com.kms.katalon.core.keyword.builtin.CallTestCaseKeyword$_callTestCase_closure1.call(CallTestCaseKeyword.groovy)
	at com.kms.katalon.core.keyword.internal.KeywordMain.runKeyword(KeywordMain.groovy:75)
	at com.kms.katalon.core.keyword.builtin.CallTestCaseKeyword.callTestCase(CallTestCaseKeyword.groovy:81)
	at com.kms.katalon.core.keyword.builtin.CallTestCaseKeyword.execute(CallTestCaseKeyword.groovy:44)
	at com.kms.katalon.core.keyword.internal.KeywordExecutor.executeKeywordForPlatform(KeywordExecutor.groovy:74)
	at com.kms.katalon.core.keyword.BuiltinKeywords.callTestCase(BuiltinKeywords.groovy:310)
	at TS_SMOKE_SUITE_073.run(TS_SMOKE_SUITE_073:31)
	at com.kms.katalon.core.main.ScriptEngine.run(ScriptEngine.java:194)
	at com.kms.katalon.core.main.ScriptEngine.runScriptAsRawText(ScriptEngine.java:119)
	at com.kms.katalon.core.main.TestCaseExecutor.runScript(TestCaseExecutor.java:448)
	at com.kms.katalon.core.main.TestCaseExecutor.doExecute(TestCaseExecutor.java:439)
	at com.kms.katalon.core.main.TestCaseExecutor.processExecutionPhase(TestCaseExecutor.java:418)
	at com.kms.katalon.core.main.TestCaseExecutor.accessMainPhase(TestCaseExecutor.java:410)
	at com.kms.katalon.core.main.TestCaseExecutor.execute(TestCaseExecutor.java:285)
	at com.kms.katalon.core.common.CommonExecutor.accessTestCaseMainPhase(CommonExecutor.java:65)
	at com.kms.katalon.core.main.TestSuiteExecutor.accessTestSuiteMainPhase(TestSuiteExecutor.java:148)
	at com.kms.katalon.core.main.TestSuiteExecutor.execute(TestSuiteExecutor.java:106)
	at com.kms.katalon.core.main.TestCaseMain.startTestSuite(TestCaseMain.java:187)
	at com.kms.katalon.core.main.TestCaseMain$startTestSuite$0.call(Unknown Source)
	at TempTestSuite1692874420462.run(TempTestSuite1692874420462.groovy:36)


2023-08-24 17:19:21 - [MESSAGE][WARNING] - Unable to call Test Case 'Test Cases/CommonMethods/EmptyCart_RunAt_HP' (Root cause: com.kms.katalon.core.exception.StepErrorException: Call Test Case 'Test Cases/CommonMethods/EmptyCart_RunAt_HP' failed because of error(s)
	at com.kms.katalon.core.keyword.builtin.CallTestCaseKeyword$_callTestCase_closure1.doCall(CallTestCaseKeyword.groovy:66)
	at com.kms.katalon.core.keyword.builtin.CallTestCaseKeyword$_callTestCase_closure1.call(CallTestCaseKeyword.groovy)
	at com.kms.katalon.core.keyword.internal.KeywordMain.runKeyword(KeywordMain.groovy:75)
	at com.kms.katalon.core.keyword.builtin.CallTestCaseKeyword.callTestCase(CallTestCaseKeyword.groovy:81)
	at com.kms.katalon.core.keyword.builtin.CallTestCaseKeyword.execute(CallTestCaseKeyword.groovy:44)
	at com.kms.katalon.core.keyword.internal.KeywordExecutor.executeKeywordForPlatform(KeywordExecutor.groovy:74)
	at com.kms.katalon.core.keyword.BuiltinKeywords.callTestCase(BuiltinKeywords.groovy:310)
	at TS_SMOKE_SUITE_073.run(TS_SMOKE_SUITE_073:31)
	at com.kms.katalon.core.main.ScriptEngine.run(ScriptEngine.java:194)
	at com.kms.katalon.core.main.ScriptEngine.runScriptAsRawText(ScriptEngine.java:119)
	at com.kms.katalon.core.main.TestCaseExecutor.runScript(TestCaseExecutor.java:448)
	at com.kms.katalon.core.main.TestCaseExecutor.doExecute(TestCaseExecutor.java:439)
	at com.kms.katalon.core.main.TestCaseExecutor.processExecutionPhase(TestCaseExecutor.java:418)
	at com.kms.katalon.core.main.TestCaseExecutor.accessMainPhase(TestCaseExecutor.java:410)
	at com.kms.katalon.core.main.TestCaseExecutor.execute(TestCaseExecutor.java:285)
	at com.kms.katalon.core.common.CommonExecutor.accessTestCaseMainPhase(CommonExecutor.java:65)
	at com.kms.katalon.core.main.TestSuiteExecutor.accessTestSuiteMainPhase(TestSuiteExecutor.java:148)
	at com.kms.katalon.core.main.TestSuiteExecutor.execute(TestSuiteExecutor.java:106)
	at com.kms.katalon.core.main.TestCaseMain.startTestSuite(TestCaseMain.java:187)
	at com.kms.katalon.core.main.TestCaseMain$startTestSuite$0.call(Unknown Source)
	at TempTestSuite1692874420462.run(TempTestSuite1692874420462.groovy:36)
Caused by: java.lang.NullPointerException
	at com.kms.katalon.core.webui.common.WebUiCommonHelper.findElementsBySelectedMethod(WebUiCommonHelper.java:896)
	at com.kms.katalon.core.webui.common.WebUiCommonHelper.findElementsByDefault(WebUiCommonHelper.java:892)
	at com.kms.katalon.core.webui.common.WebUiCommonHelper.findWebElements(WebUiCommonHelper.java:720)
	at com.kms.katalon.core.webui.keyword.internal.WebUIAbstractKeyword.findWebElements(WebUIAbstractKeyword.groovy:32)
	at com.kms.katalon.core.webui.keyword.WebUiBuiltInKeywords.findWebElements(WebUiBuiltInKeywords.groovy:2860)
	at com.kms.katalon.core.webui.keyword.WebUiBuiltInKeywords$findWebElements$19.call(Unknown Source)
	at EmptyCart_RunAt_HP.run(EmptyCart_RunAt_HP:39)
	at com.kms.katalon.core.main.ScriptEngine.run(ScriptEngine.java:194)
	at com.kms.katalon.core.main.ScriptEngine.runScriptAsRawText(ScriptEngine.java:119)
	at com.kms.katalon.core.main.TestCaseExecutor.runScript(TestCaseExecutor.java:448)
	at com.kms.katalon.core.main.TestCaseExecutor.doExecute(TestCaseExecutor.java:439)
	at com.kms.katalon.core.main.TestCaseExecutor.processExecutionPhase(TestCaseExecutor.java:418)
	at com.kms.katalon.core.main.TestCaseExecutor.accessMainPhase(TestCaseExecutor.java:410)
	at com.kms.katalon.core.main.TestCaseExecutor.execute(TestCaseExecutor.java:285)
	at com.kms.katalon.core.main.TestCaseMain.runTestCase(TestCaseMain.java:144)
	at com.kms.katalon.core.keyword.builtin.CallTestCaseKeyword$_callTestCase_closure1.doCall(CallTestCaseKeyword.groovy:59)
	... 20 more
)

2023-08-24 17:19:21 - [TEST_STEP][PASSED] - click(findTestObject("HomePage/Logo_hp")): Object: 'Object Repository/HomePage/Logo_hp' is clicked on

2023-08-24 17:19:23 - [MESSAGE][PASSED] - Object: 'Object Repository/HomePage/Logo_hp' is clicked on

2023-08-24 17:19:23 - [TEST_STEP][PASSED] - callTestCase(findTestCase("CommonMethods/SearchForAProduct_search"), ["searchTerm":SLProduct], STOP_ON_FAILURE): Call Test Case 'Test Cases/CommonMethods/SearchForAProduct_search' successfully

2023-08-24 17:19:23 - [TEST_CASE][PASSED] - Test Cases/CommonMethods/SearchForAProduct_search: Test Cases/CommonMethods/SearchForAProduct_search

2023-08-24 17:19:23 - [TEST_STEP][PASSED] - click(findTestObject("HomePage/Buscar1"), STOP_ON_FAILURE): Object: 'Object Repository/HomePage/Buscar1' is clicked on

2023-08-24 17:19:24 - [MESSAGE][PASSED] - Object: 'Object Repository/HomePage/Buscar1' is clicked on

2023-08-24 17:19:24 - [TEST_STEP][PASSED] - delay(3): Delayed 3 second(s)

2023-08-24 17:19:27 - [MESSAGE][PASSED] - Delayed 3 second(s)

2023-08-24 17:19:27 - [TEST_STEP][PASSED] - setText(findTestObject("HomePage/Buscar1"), searchTerm): Text 'vaso' is set on object 'Object Repository/HomePage/Buscar1'

2023-08-24 17:19:28 - [MESSAGE][PASSED] - Text 'vaso' is set on object 'Object Repository/HomePage/Buscar1'

2023-08-24 17:19:28 - [TEST_STEP][PASSED] - delay(3): Delayed 3 second(s)

2023-08-24 17:19:31 - [MESSAGE][PASSED] - Delayed 3 second(s)

2023-08-24 17:19:31 - [TEST_STEP][PASSED] - sendKeys(findTestObject("HomePage/Seach_TextBox_hp"), Keys.chord(ENTER)): Keys 'ENTER + ' sent to object: 'Object Repository/HomePage/Seach_TextBox_hp'

2023-08-24 17:19:37 - [MESSAGE][PASSED] - Keys 'ENTER + ' sent to object: 'Object Repository/HomePage/Seach_TextBox_hp'

2023-08-24 17:19:37 - [MESSAGE][PASSED] - Call Test Case 'Test Cases/CommonMethods/SearchForAProduct_search' successfully

2023-08-24 17:19:37 - [TEST_STEP][PASSED] - click(findTestObject("PLPPage/product1_PLP"), OPTIONAL): Object: 'Object Repository/PLPPage/product1_PLP' is clicked on

2023-08-24 17:19:58 - [MESSAGE][PASSED] - Object: 'Object Repository/PLPPage/product1_PLP' is clicked on

2023-08-24 17:19:58 - [TEST_STEP][PASSED] - click(findTestObject("PDPPage/AddToCart_PDP")): Object: 'Object Repository/PDPPage/AddToCart_PDP' is clicked on

2023-08-24 17:20:11 - [MESSAGE][PASSED] - Object: 'Object Repository/PDPPage/AddToCart_PDP' is clicked on

2023-08-24 17:20:11 - [TEST_STEP][PASSED] - click(findTestObject("HomePage/bag_header_HP")): Object: 'Object Repository/HomePage/bag_header_HP' is clicked on

2023-08-24 17:20:14 - [MESSAGE][PASSED] - Object: 'Object Repository/HomePage/bag_header_HP' is clicked on

2023-08-24 17:20:14 - [TEST_STEP][PASSED] - click(findTestObject("CartPage/BuyButton_Cart")): Object: 'Object Repository/CartPage/BuyButton_Cart' is clicked on

2023-08-24 17:20:16 - [MESSAGE][PASSED] - Object: 'Object Repository/CartPage/BuyButton_Cart' is clicked on

2023-08-24 17:20:16 - [TEST_STEP][PASSED] - click(findTestObject("OPCPage/ChangeAddress_Checkout")): Object: 'Object Repository/OPCPage/ChangeAddress_Checkout' is clicked on

2023-08-24 17:20:24 - [MESSAGE][PASSED] - Object: 'Object Repository/OPCPage/ChangeAddress_Checkout' is clicked on

2023-08-24 17:20:24 - [TEST_STEP][PASSED] - click(findTestObject("OPCPage/3DotButton2_Checkout")): Object: 'Object Repository/OPCPage/3DotButton2_Checkout' is clicked on

2023-08-24 17:20:26 - [MESSAGE][PASSED] - Object: 'Object Repository/OPCPage/3DotButton2_Checkout' is clicked on

2023-08-24 17:20:26 - [TEST_STEP][PASSED] - click(findTestObject("OPCPage/EditAddress_Checkout")): Object: 'Object Repository/OPCPage/EditAddress_Checkout' is clicked on

2023-08-24 17:20:27 - [MESSAGE][PASSED] - Object: 'Object Repository/OPCPage/EditAddress_Checkout' is clicked on

2023-08-24 17:20:27 - [TEST_STEP][PASSED] - setText(findTestObject("OPCPage/shortName_addAddress_opc"), ShortName): Text 'NewTest12345' is set on object 'Object Repository/OPCPage/shortName_addAddress_opc'

2023-08-24 17:20:30 - [MESSAGE][PASSED] - Text 'NewTest12345' is set on object 'Object Repository/OPCPage/shortName_addAddress_opc'

2023-08-24 17:20:30 - [TEST_STEP][PASSED] - delay(5): Delayed 5 second(s)

2023-08-24 17:20:35 - [MESSAGE][PASSED] - Delayed 5 second(s)

2023-08-24 17:20:35 - [TEST_STEP][PASSED] - enhancedClick(findTestObject("OPCPage/ContinueButtonAddAddress_Checkout")): Object: 'Object Repository/OPCPage/ContinueButtonAddAddress_Checkout' is clicked on

2023-08-24 17:20:36 - [MESSAGE][PASSED] - Object: 'Object Repository/OPCPage/ContinueButtonAddAddress_Checkout' is clicked on

2023-08-24 17:20:36 - [TEST_STEP][PASSED] - enhancedClick(findTestObject("OPCPage/ContinueButtonAddAddress_Checkout"), OPTIONAL): Object: 'Object Repository/OPCPage/ContinueButtonAddAddress_Checkout' is clicked on

2023-08-24 17:20:39 - [MESSAGE][PASSED] - Object: 'Object Repository/OPCPage/ContinueButtonAddAddress_Checkout' is clicked on

2023-08-24 17:20:39 - [TEST_STEP][PASSED] - enhancedClick(findTestObject("OPCPage/ContinueButtonAddAddress_Checkout"), OPTIONAL): Unable to click on object 'Object Repository/OPCPage/ContinueButtonAddAddress_Checkout' (Root cause: com.kms.katalon.core.exception.StepFailedException: Unable to click on object 'Object Repository/OPCPage/ContinueButtonAddAddress_Checkout'
	at com.kms.katalon.core.webui.keyword.internal.WebUIKeywordMain.stepFailed(WebUIKeywordMain.groovy:64)
	at com.kms.katalon.core.webui.keyword.internal.WebUIKeywordMain.runKeyword(WebUIKeywordMain.groovy:26)
	at com.kms.katalon.core.webui.keyword.builtin.EnhancedClickKeyword.click(EnhancedClickKeyword.groovy:94)
	at com.kms.katalon.core.webui.keyword.builtin.EnhancedClickKeyword.execute(EnhancedClickKeyword.groovy:42)
	at com.kms.katalon.core.keyword.internal.KeywordExecutor.executeKeywordForPlatform(KeywordExecutor.groovy:74)
	at com.kms.katalon.core.webui.keyword.WebUiBuiltInKeywords.enhancedClick(WebUiBuiltInKeywords.groovy:633)
	at com.kms.katalon.core.webui.keyword.WebUiBuiltInKeywords$enhancedClick$20.call(Unknown Source)
	at TS_SMOKE_SUITE_073.run(TS_SMOKE_SUITE_073:60)
	at com.kms.katalon.core.main.ScriptEngine.run(ScriptEngine.java:194)
	at com.kms.katalon.core.main.ScriptEngine.runScriptAsRawText(ScriptEngine.java:119)
	at com.kms.katalon.core.main.TestCaseExecutor.runScript(TestCaseExecutor.java:448)
	at com.kms.katalon.core.main.TestCaseExecutor.doExecute(TestCaseExecutor.java:439)
	at com.kms.katalon.core.main.TestCaseExecutor.processExecutionPhase(TestCaseExecutor.java:418)
	at com.kms.katalon.core.main.TestCaseExecutor.accessMainPhase(TestCaseExecutor.java:410)
	at com.kms.katalon.core.main.TestCaseExecutor.execute(TestCaseExecutor.java:285)
	at com.kms.katalon.core.common.CommonExecutor.accessTestCaseMainPhase(CommonExecutor.java:65)
	at com.kms.katalon.core.main.TestSuiteExecutor.accessTestSuiteMainPhase(TestSuiteExecutor.java:148)
	at com.kms.katalon.core.main.TestSuiteExecutor.execute(TestSuiteExecutor.java:106)
	at com.kms.katalon.core.main.TestCaseMain.startTestSuite(TestCaseMain.java:187)
	at com.kms.katalon.core.main.TestCaseMain$startTestSuite$0.call(Unknown Source)
	at TempTestSuite1692874420462.run(TempTestSuite1692874420462.groovy:36)
Caused by: com.kms.katalon.core.webui.exception.WebElementNotFoundException: Web element with id: 'Object Repository/OPCPage/ContinueButtonAddAddress_Checkout' located by '(//button[@class='a-btn a-btn--primary'])[1]' not found
	at com.kms.katalon.core.webui.common.WebUiCommonHelper.findWebElement(WebUiCommonHelper.java:1381)
	at com.kms.katalon.core.webui.keyword.internal.WebUIAbstractKeyword.findWebElement(WebUIAbstractKeyword.groovy:27)
	at com.kms.katalon.core.webui.keyword.internal.WebUIAbstractKeyword.findWebElement(WebUIAbstractKeyword.groovy:26)
	at com.kms.katalon.core.webui.keyword.builtin.EnhancedClickKeyword$_click_closure1.doCall(EnhancedClickKeyword.groovy:66)
	at com.kms.katalon.core.webui.keyword.builtin.EnhancedClickKeyword$_click_closure1.call(EnhancedClickKeyword.groovy)
	at com.kms.katalon.core.webui.keyword.internal.WebUIKeywordMain.runKeyword(WebUIKeywordMain.groovy:20)
	at com.kms.katalon.core.webui.keyword.builtin.EnhancedClickKeyword.click(EnhancedClickKeyword.groovy:94)
	at com.kms.katalon.core.webui.keyword.builtin.EnhancedClickKeyword.execute(EnhancedClickKeyword.groovy:42)
	at com.kms.katalon.core.keyword.internal.KeywordExecutor.executeKeywordForPlatform(KeywordExecutor.groovy:74)
	at com.kms.katalon.core.webui.keyword.WebUiBuiltInKeywords.enhancedClick(WebUiBuiltInKeywords.groovy:633)
	at com.kms.katalon.core.webui.keyword.WebUiBuiltInKeywords$enhancedClick$20.call(Unknown Source)
	at Script1691447282623.run(Script1691447282623.groovy:60)
	... 13 more
)

2023-08-24 17:21:10 - [MESSAGE][INFO] - Unable to find the element located by 'By.xpath: (//button[@class='a-btn a-btn--primary'])[1]'. Please recheck the objects properties to make sure the desired element is located. 

2023-08-24 17:21:11 - [MESSAGE][WARNING] - Unable to click on object 'Object Repository/OPCPage/ContinueButtonAddAddress_Checkout' (Root cause: com.kms.katalon.core.exception.StepFailedException: Unable to click on object 'Object Repository/OPCPage/ContinueButtonAddAddress_Checkout'
	at com.kms.katalon.core.webui.keyword.internal.WebUIKeywordMain.stepFailed(WebUIKeywordMain.groovy:64)
	at com.kms.katalon.core.webui.keyword.internal.WebUIKeywordMain.runKeyword(WebUIKeywordMain.groovy:26)
	at com.kms.katalon.core.webui.keyword.builtin.EnhancedClickKeyword.click(EnhancedClickKeyword.groovy:94)
	at com.kms.katalon.core.webui.keyword.builtin.EnhancedClickKeyword.execute(EnhancedClickKeyword.groovy:42)
	at com.kms.katalon.core.keyword.internal.KeywordExecutor.executeKeywordForPlatform(KeywordExecutor.groovy:74)
	at com.kms.katalon.core.webui.keyword.WebUiBuiltInKeywords.enhancedClick(WebUiBuiltInKeywords.groovy:633)
	at com.kms.katalon.core.webui.keyword.WebUiBuiltInKeywords$enhancedClick$20.call(Unknown Source)
	at TS_SMOKE_SUITE_073.run(TS_SMOKE_SUITE_073:60)
	at com.kms.katalon.core.main.ScriptEngine.run(ScriptEngine.java:194)
	at com.kms.katalon.core.main.ScriptEngine.runScriptAsRawText(ScriptEngine.java:119)
	at com.kms.katalon.core.main.TestCaseExecutor.runScript(TestCaseExecutor.java:448)
	at com.kms.katalon.core.main.TestCaseExecutor.doExecute(TestCaseExecutor.java:439)
	at com.kms.katalon.core.main.TestCaseExecutor.processExecutionPhase(TestCaseExecutor.java:418)
	at com.kms.katalon.core.main.TestCaseExecutor.accessMainPhase(TestCaseExecutor.java:410)
	at com.kms.katalon.core.main.TestCaseExecutor.execute(TestCaseExecutor.java:285)
	at com.kms.katalon.core.common.CommonExecutor.accessTestCaseMainPhase(CommonExecutor.java:65)
	at com.kms.katalon.core.main.TestSuiteExecutor.accessTestSuiteMainPhase(TestSuiteExecutor.java:148)
	at com.kms.katalon.core.main.TestSuiteExecutor.execute(TestSuiteExecutor.java:106)
	at com.kms.katalon.core.main.TestCaseMain.startTestSuite(TestCaseMain.java:187)
	at com.kms.katalon.core.main.TestCaseMain$startTestSuite$0.call(Unknown Source)
	at TempTestSuite1692874420462.run(TempTestSuite1692874420462.groovy:36)
Caused by: com.kms.katalon.core.webui.exception.WebElementNotFoundException: Web element with id: 'Object Repository/OPCPage/ContinueButtonAddAddress_Checkout' located by '(//button[@class='a-btn a-btn--primary'])[1]' not found
	at com.kms.katalon.core.webui.common.WebUiCommonHelper.findWebElement(WebUiCommonHelper.java:1381)
	at com.kms.katalon.core.webui.keyword.internal.WebUIAbstractKeyword.findWebElement(WebUIAbstractKeyword.groovy:27)
	at com.kms.katalon.core.webui.keyword.internal.WebUIAbstractKeyword.findWebElement(WebUIAbstractKeyword.groovy:26)
	at com.kms.katalon.core.webui.keyword.builtin.EnhancedClickKeyword$_click_closure1.doCall(EnhancedClickKeyword.groovy:66)
	at com.kms.katalon.core.webui.keyword.builtin.EnhancedClickKeyword$_click_closure1.call(EnhancedClickKeyword.groovy)
	at com.kms.katalon.core.webui.keyword.internal.WebUIKeywordMain.runKeyword(WebUIKeywordMain.groovy:20)
	at com.kms.katalon.core.webui.keyword.builtin.EnhancedClickKeyword.click(EnhancedClickKeyword.groovy:94)
	at com.kms.katalon.core.webui.keyword.builtin.EnhancedClickKeyword.execute(EnhancedClickKeyword.groovy:42)
	at com.kms.katalon.core.keyword.internal.KeywordExecutor.executeKeywordForPlatform(KeywordExecutor.groovy:74)
	at com.kms.katalon.core.webui.keyword.WebUiBuiltInKeywords.enhancedClick(WebUiBuiltInKeywords.groovy:633)
	at com.kms.katalon.core.webui.keyword.WebUiBuiltInKeywords$enhancedClick$20.call(Unknown Source)
	at Script1691447282623.run(Script1691447282623.groovy:60)
	... 13 more
)
[[ATTACHMENT|D:\\backup\\LiverpoolProject_SmokeSuite\\Reports\\20230824_162340\\SmokeSuite_AllModules\\20230824_162340\\1692877870693.png]]

2023-08-24 17:21:11 - [TEST_STEP][PASSED] - click(findTestObject("HomePage/Logo_hp")): Object: 'Object Repository/HomePage/Logo_hp' is clicked on

2023-08-24 17:21:27 - [MESSAGE][PASSED] - Object: 'Object Repository/HomePage/Logo_hp' is clicked on

2023-08-24 17:21:27 - [TEST_STEP][PASSED] - mouseOver(findTestObject("HomePage/span_HolaUser_hp")): Object: 'Object Repository/HomePage/span_HolaUser_hp' is hovered

2023-08-24 17:21:28 - [MESSAGE][PASSED] - Object: 'Object Repository/HomePage/span_HolaUser_hp' is hovered

2023-08-24 17:21:28 - [TEST_STEP][PASSED] - click(findTestObject("HomePage/myAccount_hp")): Object: 'Object Repository/HomePage/myAccount_hp' is clicked on

2023-08-24 17:21:28 - [MESSAGE][PASSED] - Object: 'Object Repository/HomePage/myAccount_hp' is clicked on

2023-08-24 17:21:28 - [TEST_STEP][PASSED] - click(findTestObject("AccountManagement/deliveryAddress_MyAccount")): Object: 'Object Repository/AccountManagement/deliveryAddress_MyAccount' is clicked on

2023-08-24 17:21:35 - [MESSAGE][PASSED] - Object: 'Object Repository/AccountManagement/deliveryAddress_MyAccount' is clicked on

2023-08-24 17:21:35 - [TEST_STEP][PASSED] - addressBlockContainer = getText(findTestObject("AccountManagement/addressBlockContainer_Account")): Text of object 'Object Repository/AccountManagement/addressBlockContainer_Account' is: 'AUTOMATIONUFleOXTr
Predeterminada
harish cheruvu venaTest
Regina Street, 1231232342
san fransisco, BARRIO DE LA LUZ
MILPA ALTA, 12000, MX, CIUDAD DE MEXICO
Teléfonos:
12-98239589
7000000000'

2023-08-24 17:21:43 - [MESSAGE][PASSED] - Text of object 'Object Repository/AccountManagement/addressBlockContainer_Account' is: 'AUTOMATIONUFleOXTr
Predeterminada
harish cheruvu venaTest
Regina Street, 1231232342
san fransisco, BARRIO DE LA LUZ
MILPA ALTA, 12000, MX, CIUDAD DE MEXICO
Teléfonos:
12-98239589
7000000000'

2023-08-24 17:21:43 - [TEST_STEP][PASSED] - if (addressBlockContainer == ShortName): null

2023-08-24 17:21:43 - [TEST_STEP][PASSED] - closeBrowser(): Browser is closed

2023-08-24 17:21:43 - [MESSAGE][PASSED] - Browser is closed]]></system-out>
         <system-err><![CDATA[]]></system-err>
      </testcase>
      <testcase name="Test Cases/Checkout/TS_SMOKE_SUITE_075" time="211.589" classname="Test Cases/Checkout/TS_SMOKE_SUITE_075" status="PASSED">
         <system-out><![CDATA[2023-08-24 17:21:43 - [TEST_CASE][PASSED] - Test Cases/Checkout/TS_SMOKE_SUITE_075: Test Cases/Checkout/TS_SMOKE_SUITE_075

2023-08-24 17:21:44 - [TEST_STEP][PASSED] - openBrowser(""): Browser is opened with url: ''

2023-08-24 17:21:44 - [MESSAGE][INFO] - Starting 'Chrome' driver

2023-08-24 17:21:44 - [MESSAGE][INFO] - Action delay is set to 0 milliseconds

2023-08-24 17:21:45 - [MESSAGE][PASSED] - Browser is opened with url: ''

2023-08-24 17:21:45 - [TEST_STEP][PASSED] - navigateToUrl(URL): Navigate to 'https://odtaqaa.liverpool.com.mx/tienda/home' successfully

2023-08-24 17:22:33 - [MESSAGE][PASSED] - Navigate to 'https://odtaqaa.liverpool.com.mx/tienda/home' successfully

2023-08-24 17:22:33 - [TEST_STEP][PASSED] - maximizeWindow(): Current window maximized

2023-08-24 17:22:33 - [MESSAGE][PASSED] - Current window maximized

2023-08-24 17:22:33 - [TEST_STEP][PASSED] - click(findTestObject("HomePage/Iniciar sesion")): Object: 'Object Repository/HomePage/Iniciar sesion' is clicked on

2023-08-24 17:22:34 - [MESSAGE][PASSED] - Object: 'Object Repository/HomePage/Iniciar sesion' is clicked on

2023-08-24 17:22:34 - [TEST_STEP][PASSED] - callTestCase(findTestCase("CommonMethods/loginFromHomePage"), ["username":Username, "password":Password], STOP_ON_FAILURE): Call Test Case 'Test Cases/CommonMethods/loginFromHomePage' successfully

2023-08-24 17:22:34 - [TEST_CASE][PASSED] - Test Cases/CommonMethods/loginFromHomePage: Test Cases/CommonMethods/loginFromHomePage

2023-08-24 17:22:34 - [TEST_STEP][PASSED] - delay(3): Delayed 3 second(s)

2023-08-24 17:22:37 - [MESSAGE][PASSED] - Delayed 3 second(s)

2023-08-24 17:22:37 - [TEST_STEP][PASSED] - click(findTestObject("HomePage/EnterUsername_LP")): Object: 'Object Repository/HomePage/EnterUsername_LP' is clicked on

2023-08-24 17:22:54 - [MESSAGE][PASSED] - Object: 'Object Repository/HomePage/EnterUsername_LP' is clicked on

2023-08-24 17:22:54 - [TEST_STEP][PASSED] - setText(findTestObject("HomePage/EnterUsername_LP"), username): Text 'hcheruvu29@digisprint.com' is set on object 'Object Repository/HomePage/EnterUsername_LP'

2023-08-24 17:22:55 - [MESSAGE][PASSED] - Text 'hcheruvu29@digisprint.com' is set on object 'Object Repository/HomePage/EnterUsername_LP'

2023-08-24 17:22:55 - [TEST_STEP][PASSED] - click(findTestObject("HomePage/EnterPassword_LP")): Object: 'Object Repository/HomePage/EnterPassword_LP' is clicked on

2023-08-24 17:22:55 - [MESSAGE][PASSED] - Object: 'Object Repository/HomePage/EnterPassword_LP' is clicked on

2023-08-24 17:22:55 - [TEST_STEP][PASSED] - setText(findTestObject("HomePage/EnterPassword_LP"), password): Text 'Test@12345' is set on object 'Object Repository/HomePage/EnterPassword_LP'

2023-08-24 17:22:56 - [MESSAGE][PASSED] - Text 'Test@12345' is set on object 'Object Repository/HomePage/EnterPassword_LP'

2023-08-24 17:22:56 - [TEST_STEP][PASSED] - click(findTestObject("HomePage/inciar")): Object: 'Object Repository/HomePage/inciar' is clicked on

2023-08-24 17:23:04 - [MESSAGE][PASSED] - Object: 'Object Repository/HomePage/inciar' is clicked on

2023-08-24 17:23:04 - [MESSAGE][PASSED] - Call Test Case 'Test Cases/CommonMethods/loginFromHomePage' successfully

2023-08-24 17:23:04 - [TEST_STEP][PASSED] - callTestCase(findTestCase("CommonMethods/clickMyAccountFromHeader"), [:], STOP_ON_FAILURE): Call Test Case 'Test Cases/CommonMethods/clickMyAccountFromHeader' successfully

2023-08-24 17:23:04 - [TEST_CASE][PASSED] - Test Cases/CommonMethods/clickMyAccountFromHeader: Test Cases/CommonMethods/clickMyAccountFromHeader

2023-08-24 17:23:04 - [TEST_STEP][PASSED] - click(findTestObject("HomePage/header_Hola_text_HP")): Object: 'Object Repository/HomePage/header_Hola_text_HP' is clicked on

2023-08-24 17:23:57 - [MESSAGE][PASSED] - Object: 'Object Repository/HomePage/header_Hola_text_HP' is clicked on

2023-08-24 17:23:57 - [TEST_STEP][PASSED] - click(findTestObject("HomePage/myAccount_hp"), STOP_ON_FAILURE): Object: 'Object Repository/HomePage/myAccount_hp' is clicked on

2023-08-24 17:23:58 - [MESSAGE][PASSED] - Object: 'Object Repository/HomePage/myAccount_hp' is clicked on

2023-08-24 17:23:58 - [TEST_STEP][PASSED] - verifyElementPresent(findTestObject("AccountManagement/miCuenta_breadCrumb_MyAccount"), 0): Object 'Object Repository/AccountManagement/miCuenta_breadCrumb_MyAccount' is present

2023-08-24 17:23:58 - [MESSAGE][WARNING] - Timeout '0' is invalid. Using default page load timeout: '30'

2023-08-24 17:24:04 - [MESSAGE][PASSED] - Object 'Object Repository/AccountManagement/miCuenta_breadCrumb_MyAccount' is present

2023-08-24 17:24:04 - [MESSAGE][PASSED] - Call Test Case 'Test Cases/CommonMethods/clickMyAccountFromHeader' successfully

2023-08-24 17:24:04 - [TEST_STEP][PASSED] - click(findTestObject("OPCPage/deliveryAddressHeading_address_opc")): Object: 'Object Repository/OPCPage/deliveryAddressHeading_address_opc' is clicked on

2023-08-24 17:24:04 - [MESSAGE][PASSED] - Object: 'Object Repository/OPCPage/deliveryAddressHeading_address_opc' is clicked on

2023-08-24 17:24:04 - [TEST_STEP][PASSED] - callTestCase(findTestCase("CommonMethods/ClickDelivery_MyAccount"), [:], STOP_ON_FAILURE): Call Test Case 'Test Cases/CommonMethods/ClickDelivery_MyAccount' successfully

2023-08-24 17:24:04 - [TEST_CASE][PASSED] - Test Cases/CommonMethods/ClickDelivery_MyAccount: Test Cases/CommonMethods/ClickDelivery_MyAccount

2023-08-24 17:24:04 - [TEST_STEP][PASSED] - click(findTestObject("OPCPage/DeliveryAddresses_User")): Object: 'Object Repository/OPCPage/DeliveryAddresses_User' is clicked on

2023-08-24 17:24:06 - [MESSAGE][PASSED] - Object: 'Object Repository/OPCPage/DeliveryAddresses_User' is clicked on

2023-08-24 17:24:06 - [MESSAGE][PASSED] - Call Test Case 'Test Cases/CommonMethods/ClickDelivery_MyAccount' successfully

2023-08-24 17:24:06 - [TEST_STEP][PASSED] - click(findTestObject("AccountManagement/ClickAndCollectStores_accounts")): Object: 'Object Repository/AccountManagement/ClickAndCollectStores_accounts' is clicked on

2023-08-24 17:24:12 - [MESSAGE][PASSED] - Object: 'Object Repository/AccountManagement/ClickAndCollectStores_accounts' is clicked on

2023-08-24 17:24:12 - [TEST_STEP][PASSED] - click(findTestObject("OPCPage/3DotButton_Checkout")): Object: 'Object Repository/OPCPage/3DotButton_Checkout' is clicked on

2023-08-24 17:24:14 - [MESSAGE][PASSED] - Object: 'Object Repository/OPCPage/3DotButton_Checkout' is clicked on

2023-08-24 17:24:14 - [TEST_STEP][PASSED] - click(findTestObject("AccountManagement/ClickNCollectionDefault_Account")): Object: 'Object Repository/AccountManagement/ClickNCollectionDefault_Account' is clicked on

2023-08-24 17:24:14 - [MESSAGE][PASSED] - Object: 'Object Repository/AccountManagement/ClickNCollectionDefault_Account' is clicked on

2023-08-24 17:24:14 - [TEST_STEP][PASSED] - TitleAddress = getText(findTestObject("AccountManagement/ClickNCollectionAddressTitle_Account")): Text of object 'Object Repository/AccountManagement/ClickNCollectionAddressTitle_Account' is: 'Liverpool Ags. Villasunción'

2023-08-24 17:24:17 - [MESSAGE][PASSED] - Text of object 'Object Repository/AccountManagement/ClickNCollectionAddressTitle_Account' is: 'Liverpool Ags. Villasunción'

2023-08-24 17:24:17 - [TEST_STEP][PASSED] - click(findTestObject("HomePage/Logo_hp")): Object: 'Object Repository/HomePage/Logo_hp' is clicked on

2023-08-24 17:24:18 - [MESSAGE][PASSED] - Object: 'Object Repository/HomePage/Logo_hp' is clicked on

2023-08-24 17:24:18 - [TEST_STEP][PASSED] - callTestCase(findTestCase("CommonMethods/SearchForAProduct_search"), ["searchTerm":SLProduct], STOP_ON_FAILURE): Call Test Case 'Test Cases/CommonMethods/SearchForAProduct_search' successfully

2023-08-24 17:24:18 - [TEST_CASE][PASSED] - Test Cases/CommonMethods/SearchForAProduct_search: Test Cases/CommonMethods/SearchForAProduct_search

2023-08-24 17:24:18 - [TEST_STEP][PASSED] - click(findTestObject("HomePage/Buscar1"), STOP_ON_FAILURE): Object: 'Object Repository/HomePage/Buscar1' is clicked on

2023-08-24 17:24:24 - [MESSAGE][PASSED] - Object: 'Object Repository/HomePage/Buscar1' is clicked on

2023-08-24 17:24:24 - [TEST_STEP][PASSED] - delay(3): Delayed 3 second(s)

2023-08-24 17:24:27 - [MESSAGE][PASSED] - Delayed 3 second(s)

2023-08-24 17:24:27 - [TEST_STEP][PASSED] - setText(findTestObject("HomePage/Buscar1"), searchTerm): Text 'vaso' is set on object 'Object Repository/HomePage/Buscar1'

2023-08-24 17:24:28 - [MESSAGE][PASSED] - Text 'vaso' is set on object 'Object Repository/HomePage/Buscar1'

2023-08-24 17:24:28 - [TEST_STEP][PASSED] - delay(3): Delayed 3 second(s)

2023-08-24 17:24:31 - [MESSAGE][PASSED] - Delayed 3 second(s)

2023-08-24 17:24:31 - [TEST_STEP][PASSED] - sendKeys(findTestObject("HomePage/Seach_TextBox_hp"), Keys.chord(ENTER)): Keys 'ENTER + ' sent to object: 'Object Repository/HomePage/Seach_TextBox_hp'

2023-08-24 17:24:31 - [MESSAGE][PASSED] - Keys 'ENTER + ' sent to object: 'Object Repository/HomePage/Seach_TextBox_hp'

2023-08-24 17:24:31 - [MESSAGE][PASSED] - Call Test Case 'Test Cases/CommonMethods/SearchForAProduct_search' successfully

2023-08-24 17:24:31 - [TEST_STEP][PASSED] - click(findTestObject("PLPPage/product1_PLP"), OPTIONAL): Object: 'Object Repository/PLPPage/product1_PLP' is clicked on

2023-08-24 17:24:39 - [MESSAGE][PASSED] - Object: 'Object Repository/PLPPage/product1_PLP' is clicked on

2023-08-24 17:24:39 - [TEST_STEP][PASSED] - click(findTestObject("PDPPage/AddToCart_PDP")): Object: 'Object Repository/PDPPage/AddToCart_PDP' is clicked on

2023-08-24 17:24:52 - [MESSAGE][PASSED] - Object: 'Object Repository/PDPPage/AddToCart_PDP' is clicked on

2023-08-24 17:24:52 - [TEST_STEP][PASSED] - click(findTestObject("HomePage/bag_header_HP")): Object: 'Object Repository/HomePage/bag_header_HP' is clicked on

2023-08-24 17:24:56 - [MESSAGE][PASSED] - Object: 'Object Repository/HomePage/bag_header_HP' is clicked on

2023-08-24 17:24:56 - [TEST_STEP][PASSED] - click(findTestObject("CartPage/BuyButton_Cart")): Object: 'Object Repository/CartPage/BuyButton_Cart' is clicked on

2023-08-24 17:25:00 - [MESSAGE][PASSED] - Object: 'Object Repository/CartPage/BuyButton_Cart' is clicked on

2023-08-24 17:25:00 - [TEST_STEP][PASSED] - DefaultAddress = getText(findTestObject("OPCPage/DefaultAddress_Checkout")): Text of object 'Object Repository/OPCPage/DefaultAddress_Checkout' is: 'Click & Collect 
- Liverpool Ags. Villasunción
Cambiar'

2023-08-24 17:25:08 - [MESSAGE][PASSED] - Text of object 'Object Repository/OPCPage/DefaultAddress_Checkout' is: 'Click & Collect 
- Liverpool Ags. Villasunción
Cambiar'

2023-08-24 17:25:08 - [TEST_STEP][PASSED] - if (TitleAddress == DefaultAddress): null

2023-08-24 17:25:08 - [TEST_STEP][PASSED] - click(findTestObject("OPCPage/ChangeAddress_Checkout")): Object: 'Object Repository/OPCPage/ChangeAddress_Checkout' is clicked on

2023-08-24 17:25:09 - [MESSAGE][PASSED] - Object: 'Object Repository/OPCPage/ChangeAddress_Checkout' is clicked on

2023-08-24 17:25:09 - [TEST_STEP][PASSED] - click(findTestObject("OPCPage/AddAddressButtonPopup_checkout")): Object: 'Object Repository/OPCPage/AddAddressButtonPopup_checkout' is clicked on

2023-08-24 17:25:12 - [MESSAGE][PASSED] - Object: 'Object Repository/OPCPage/AddAddressButtonPopup_checkout' is clicked on

2023-08-24 17:25:12 - [TEST_STEP][PASSED] - click(findTestObject("OPCPage/AddressPopupCLickNCollect_Checkout"), STOP_ON_FAILURE): Object: 'Object Repository/OPCPage/AddressPopupCLickNCollect_Checkout' is clicked on

2023-08-24 17:25:13 - [MESSAGE][PASSED] - Object: 'Object Repository/OPCPage/AddressPopupCLickNCollect_Checkout' is clicked on

2023-08-24 17:25:13 - [TEST_STEP][PASSED] - verifyElementPresent(findTestObject("OPCPage/CheckAddressDefault_Checkout"), 0): Object 'Object Repository/OPCPage/CheckAddressDefault_Checkout' is present

2023-08-24 17:25:13 - [MESSAGE][WARNING] - Timeout '0' is invalid. Using default page load timeout: '30'

2023-08-24 17:25:14 - [MESSAGE][PASSED] - Object 'Object Repository/OPCPage/CheckAddressDefault_Checkout' is present

2023-08-24 17:25:14 - [TEST_STEP][PASSED] - verifyElementPresent(findTestObject("OPCPage/ClickNCollectionRadioButton_Checkout"), 0): Object 'Object Repository/OPCPage/ClickNCollectionRadioButton_Checkout' is present

2023-08-24 17:25:14 - [MESSAGE][WARNING] - Timeout '0' is invalid. Using default page load timeout: '30'

2023-08-24 17:25:14 - [MESSAGE][PASSED] - Object 'Object Repository/OPCPage/ClickNCollectionRadioButton_Checkout' is present

2023-08-24 17:25:14 - [TEST_STEP][PASSED] - closeBrowser(): Browser is closed

2023-08-24 17:25:15 - [MESSAGE][PASSED] - Browser is closed]]></system-out>
         <system-err><![CDATA[]]></system-err>
      </testcase>
      <testcase name="Test Cases/Checkout/TS_SMOKE_SUITE_076" time="208.449" classname="Test Cases/Checkout/TS_SMOKE_SUITE_076" status="PASSED">
         <system-out><![CDATA[2023-08-24 17:25:15 - [TEST_CASE][PASSED] - Test Cases/Checkout/TS_SMOKE_SUITE_076: Test Cases/Checkout/TS_SMOKE_SUITE_076

2023-08-24 17:25:15 - [TEST_STEP][PASSED] - openBrowser(""): Browser is opened with url: ''

2023-08-24 17:25:15 - [MESSAGE][INFO] - Starting 'Chrome' driver

2023-08-24 17:25:15 - [MESSAGE][INFO] - Action delay is set to 0 milliseconds

2023-08-24 17:25:17 - [MESSAGE][PASSED] - Browser is opened with url: ''

2023-08-24 17:25:17 - [TEST_STEP][PASSED] - navigateToUrl(URL): Navigate to 'https://odtaqaa.liverpool.com.mx/tienda/home' successfully

2023-08-24 17:26:00 - [MESSAGE][PASSED] - Navigate to 'https://odtaqaa.liverpool.com.mx/tienda/home' successfully

2023-08-24 17:26:00 - [TEST_STEP][PASSED] - maximizeWindow(): Current window maximized

2023-08-24 17:26:00 - [MESSAGE][PASSED] - Current window maximized

2023-08-24 17:26:00 - [TEST_STEP][PASSED] - click(findTestObject("HomePage/Iniciar sesion")): Object: 'Object Repository/HomePage/Iniciar sesion' is clicked on

2023-08-24 17:26:01 - [MESSAGE][PASSED] - Object: 'Object Repository/HomePage/Iniciar sesion' is clicked on

2023-08-24 17:26:01 - [TEST_STEP][PASSED] - callTestCase(findTestCase("CommonMethods/loginFromHomePage"), ["username":Username, "password":Password], STOP_ON_FAILURE): Call Test Case 'Test Cases/CommonMethods/loginFromHomePage' successfully

2023-08-24 17:26:01 - [TEST_CASE][PASSED] - Test Cases/CommonMethods/loginFromHomePage: Test Cases/CommonMethods/loginFromHomePage

2023-08-24 17:26:01 - [TEST_STEP][PASSED] - delay(3): Delayed 3 second(s)

2023-08-24 17:26:04 - [MESSAGE][PASSED] - Delayed 3 second(s)

2023-08-24 17:26:04 - [TEST_STEP][PASSED] - click(findTestObject("HomePage/EnterUsername_LP")): Object: 'Object Repository/HomePage/EnterUsername_LP' is clicked on

2023-08-24 17:26:16 - [MESSAGE][PASSED] - Object: 'Object Repository/HomePage/EnterUsername_LP' is clicked on

2023-08-24 17:26:16 - [TEST_STEP][PASSED] - setText(findTestObject("HomePage/EnterUsername_LP"), username): Text 'hcheruvu29@digisprint.com' is set on object 'Object Repository/HomePage/EnterUsername_LP'

2023-08-24 17:26:17 - [MESSAGE][PASSED] - Text 'hcheruvu29@digisprint.com' is set on object 'Object Repository/HomePage/EnterUsername_LP'

2023-08-24 17:26:17 - [TEST_STEP][PASSED] - click(findTestObject("HomePage/EnterPassword_LP")): Object: 'Object Repository/HomePage/EnterPassword_LP' is clicked on

2023-08-24 17:26:17 - [MESSAGE][PASSED] - Object: 'Object Repository/HomePage/EnterPassword_LP' is clicked on

2023-08-24 17:26:17 - [TEST_STEP][PASSED] - setText(findTestObject("HomePage/EnterPassword_LP"), password): Text 'Test@12345' is set on object 'Object Repository/HomePage/EnterPassword_LP'

2023-08-24 17:26:18 - [MESSAGE][PASSED] - Text 'Test@12345' is set on object 'Object Repository/HomePage/EnterPassword_LP'

2023-08-24 17:26:18 - [TEST_STEP][PASSED] - click(findTestObject("HomePage/inciar")): Object: 'Object Repository/HomePage/inciar' is clicked on

2023-08-24 17:26:28 - [MESSAGE][PASSED] - Object: 'Object Repository/HomePage/inciar' is clicked on

2023-08-24 17:26:28 - [MESSAGE][PASSED] - Call Test Case 'Test Cases/CommonMethods/loginFromHomePage' successfully

2023-08-24 17:26:28 - [TEST_STEP][PASSED] - callTestCase(findTestCase("CommonMethods/EmptyCart_RunAt_HP"), [:], OPTIONAL): Unable to call Test Case 'Test Cases/CommonMethods/EmptyCart_RunAt_HP' (Root cause: com.kms.katalon.core.exception.StepErrorException: Call Test Case 'Test Cases/CommonMethods/EmptyCart_RunAt_HP' failed because of error(s)
	at com.kms.katalon.core.keyword.builtin.CallTestCaseKeyword$_callTestCase_closure1.doCall(CallTestCaseKeyword.groovy:66)
	at com.kms.katalon.core.keyword.builtin.CallTestCaseKeyword$_callTestCase_closure1.call(CallTestCaseKeyword.groovy)
	at com.kms.katalon.core.keyword.internal.KeywordMain.runKeyword(KeywordMain.groovy:75)
	at com.kms.katalon.core.keyword.builtin.CallTestCaseKeyword.callTestCase(CallTestCaseKeyword.groovy:81)
	at com.kms.katalon.core.keyword.builtin.CallTestCaseKeyword.execute(CallTestCaseKeyword.groovy:44)
	at com.kms.katalon.core.keyword.internal.KeywordExecutor.executeKeywordForPlatform(KeywordExecutor.groovy:74)
	at com.kms.katalon.core.keyword.BuiltinKeywords.callTestCase(BuiltinKeywords.groovy:310)
	at TS_SMOKE_SUITE_076.run(TS_SMOKE_SUITE_076:31)
	at com.kms.katalon.core.main.ScriptEngine.run(ScriptEngine.java:194)
	at com.kms.katalon.core.main.ScriptEngine.runScriptAsRawText(ScriptEngine.java:119)
	at com.kms.katalon.core.main.TestCaseExecutor.runScript(TestCaseExecutor.java:448)
	at com.kms.katalon.core.main.TestCaseExecutor.doExecute(TestCaseExecutor.java:439)
	at com.kms.katalon.core.main.TestCaseExecutor.processExecutionPhase(TestCaseExecutor.java:418)
	at com.kms.katalon.core.main.TestCaseExecutor.accessMainPhase(TestCaseExecutor.java:410)
	at com.kms.katalon.core.main.TestCaseExecutor.execute(TestCaseExecutor.java:285)
	at com.kms.katalon.core.common.CommonExecutor.accessTestCaseMainPhase(CommonExecutor.java:65)
	at com.kms.katalon.core.main.TestSuiteExecutor.accessTestSuiteMainPhase(TestSuiteExecutor.java:148)
	at com.kms.katalon.core.main.TestSuiteExecutor.execute(TestSuiteExecutor.java:106)
	at com.kms.katalon.core.main.TestCaseMain.startTestSuite(TestCaseMain.java:187)
	at com.kms.katalon.core.main.TestCaseMain$startTestSuite$0.call(Unknown Source)
	at TempTestSuite1692874420462.run(TempTestSuite1692874420462.groovy:36)
Caused by: java.lang.NullPointerException
	at com.kms.katalon.core.webui.common.WebUiCommonHelper.findElementsBySelectedMethod(WebUiCommonHelper.java:896)
	at com.kms.katalon.core.webui.common.WebUiCommonHelper.findElementsByDefault(WebUiCommonHelper.java:892)
	at com.kms.katalon.core.webui.common.WebUiCommonHelper.findWebElements(WebUiCommonHelper.java:720)
	at com.kms.katalon.core.webui.keyword.internal.WebUIAbstractKeyword.findWebElements(WebUIAbstractKeyword.groovy:32)
	at com.kms.katalon.core.webui.keyword.WebUiBuiltInKeywords.findWebElements(WebUiBuiltInKeywords.groovy:2860)
	at com.kms.katalon.core.webui.keyword.WebUiBuiltInKeywords$findWebElements$19.call(Unknown Source)
	at EmptyCart_RunAt_HP.run(EmptyCart_RunAt_HP:39)
	at com.kms.katalon.core.main.ScriptEngine.run(ScriptEngine.java:194)
	at com.kms.katalon.core.main.ScriptEngine.runScriptAsRawText(ScriptEngine.java:119)
	at com.kms.katalon.core.main.TestCaseExecutor.runScript(TestCaseExecutor.java:448)
	at com.kms.katalon.core.main.TestCaseExecutor.doExecute(TestCaseExecutor.java:439)
	at com.kms.katalon.core.main.TestCaseExecutor.processExecutionPhase(TestCaseExecutor.java:418)
	at com.kms.katalon.core.main.TestCaseExecutor.accessMainPhase(TestCaseExecutor.java:410)
	at com.kms.katalon.core.main.TestCaseExecutor.execute(TestCaseExecutor.java:285)
	at com.kms.katalon.core.main.TestCaseMain.runTestCase(TestCaseMain.java:144)
	at com.kms.katalon.core.keyword.builtin.CallTestCaseKeyword$_callTestCase_closure1.doCall(CallTestCaseKeyword.groovy:59)
	... 20 more
)

2023-08-24 17:26:28 - [TEST_CASE][ERROR] - Test Cases/CommonMethods/EmptyCart_RunAt_HP: Test Cases/CommonMethods/EmptyCart_RunAt_HP FAILED.
Reason:
java.lang.NullPointerException
	at com.kms.katalon.core.webui.common.WebUiCommonHelper.findElementsBySelectedMethod(WebUiCommonHelper.java:896)
	at com.kms.katalon.core.webui.common.WebUiCommonHelper.findElementsByDefault(WebUiCommonHelper.java:892)
	at com.kms.katalon.core.webui.common.WebUiCommonHelper.findWebElements(WebUiCommonHelper.java:720)
	at com.kms.katalon.core.webui.keyword.internal.WebUIAbstractKeyword.findWebElements(WebUIAbstractKeyword.groovy:32)
	at com.kms.katalon.core.webui.keyword.WebUiBuiltInKeywords.findWebElements(WebUiBuiltInKeywords.groovy:2860)
	at com.kms.katalon.core.webui.keyword.WebUiBuiltInKeywords$findWebElements$19.call(Unknown Source)
	at EmptyCart_RunAt_HP.run(EmptyCart_RunAt_HP:39)
	at com.kms.katalon.core.main.ScriptEngine.run(ScriptEngine.java:194)
	at com.kms.katalon.core.main.ScriptEngine.runScriptAsRawText(ScriptEngine.java:119)
	at com.kms.katalon.core.main.TestCaseExecutor.runScript(TestCaseExecutor.java:448)
	at com.kms.katalon.core.main.TestCaseExecutor.doExecute(TestCaseExecutor.java:439)
	at com.kms.katalon.core.main.TestCaseExecutor.processExecutionPhase(TestCaseExecutor.java:418)
	at com.kms.katalon.core.main.TestCaseExecutor.accessMainPhase(TestCaseExecutor.java:410)
	at com.kms.katalon.core.main.TestCaseExecutor.execute(TestCaseExecutor.java:285)
	at com.kms.katalon.core.main.TestCaseMain.runTestCase(TestCaseMain.java:144)
	at com.kms.katalon.core.keyword.builtin.CallTestCaseKeyword$_callTestCase_closure1.doCall(CallTestCaseKeyword.groovy:59)
	at com.kms.katalon.core.keyword.builtin.CallTestCaseKeyword$_callTestCase_closure1.call(CallTestCaseKeyword.groovy)
	at com.kms.katalon.core.keyword.internal.KeywordMain.runKeyword(KeywordMain.groovy:75)
	at com.kms.katalon.core.keyword.builtin.CallTestCaseKeyword.callTestCase(CallTestCaseKeyword.groovy:81)
	at com.kms.katalon.core.keyword.builtin.CallTestCaseKeyword.execute(CallTestCaseKeyword.groovy:44)
	at com.kms.katalon.core.keyword.internal.KeywordExecutor.executeKeywordForPlatform(KeywordExecutor.groovy:74)
	at com.kms.katalon.core.keyword.BuiltinKeywords.callTestCase(BuiltinKeywords.groovy:310)
	at TS_SMOKE_SUITE_076.run(TS_SMOKE_SUITE_076:31)
	at com.kms.katalon.core.main.ScriptEngine.run(ScriptEngine.java:194)
	at com.kms.katalon.core.main.ScriptEngine.runScriptAsRawText(ScriptEngine.java:119)
	at com.kms.katalon.core.main.TestCaseExecutor.runScript(TestCaseExecutor.java:448)
	at com.kms.katalon.core.main.TestCaseExecutor.doExecute(TestCaseExecutor.java:439)
	at com.kms.katalon.core.main.TestCaseExecutor.processExecutionPhase(TestCaseExecutor.java:418)
	at com.kms.katalon.core.main.TestCaseExecutor.accessMainPhase(TestCaseExecutor.java:410)
	at com.kms.katalon.core.main.TestCaseExecutor.execute(TestCaseExecutor.java:285)
	at com.kms.katalon.core.common.CommonExecutor.accessTestCaseMainPhase(CommonExecutor.java:65)
	at com.kms.katalon.core.main.TestSuiteExecutor.accessTestSuiteMainPhase(TestSuiteExecutor.java:148)
	at com.kms.katalon.core.main.TestSuiteExecutor.execute(TestSuiteExecutor.java:106)
	at com.kms.katalon.core.main.TestCaseMain.startTestSuite(TestCaseMain.java:187)
	at com.kms.katalon.core.main.TestCaseMain$startTestSuite$0.call(Unknown Source)
	at TempTestSuite1692874420462.run(TempTestSuite1692874420462.groovy:36)


2023-08-24 17:26:28 - [TEST_STEP][PASSED] - delay(2, OPTIONAL): Delayed 2 second(s)

2023-08-24 17:26:30 - [MESSAGE][PASSED] - Delayed 2 second(s)

2023-08-24 17:26:30 - [TEST_STEP][PASSED] - click(findTestObject("HomePage/bag_header_HP"), OPTIONAL): Object: 'Object Repository/HomePage/bag_header_HP' is clicked on

2023-08-24 17:27:41 - [MESSAGE][PASSED] - Object: 'Object Repository/HomePage/bag_header_HP' is clicked on

2023-08-24 17:27:41 - [TEST_STEP][ERROR] - listElement = findWebElements(findTestObject("CartPage/Product1_remove_cart"), 2): Test Cases/CommonMethods/EmptyCart_RunAt_HP FAILED.
Reason:
java.lang.NullPointerException
	at com.kms.katalon.core.webui.common.WebUiCommonHelper.findElementsBySelectedMethod(WebUiCommonHelper.java:896)
	at com.kms.katalon.core.webui.common.WebUiCommonHelper.findElementsByDefault(WebUiCommonHelper.java:892)
	at com.kms.katalon.core.webui.common.WebUiCommonHelper.findWebElements(WebUiCommonHelper.java:720)
	at com.kms.katalon.core.webui.keyword.internal.WebUIAbstractKeyword.findWebElements(WebUIAbstractKeyword.groovy:32)
	at com.kms.katalon.core.webui.keyword.WebUiBuiltInKeywords.findWebElements(WebUiBuiltInKeywords.groovy:2860)
	at com.kms.katalon.core.webui.keyword.WebUiBuiltInKeywords$findWebElements$19.call(Unknown Source)
	at EmptyCart_RunAt_HP.run(EmptyCart_RunAt_HP:39)
	at com.kms.katalon.core.main.ScriptEngine.run(ScriptEngine.java:194)
	at com.kms.katalon.core.main.ScriptEngine.runScriptAsRawText(ScriptEngine.java:119)
	at com.kms.katalon.core.main.TestCaseExecutor.runScript(TestCaseExecutor.java:448)
	at com.kms.katalon.core.main.TestCaseExecutor.doExecute(TestCaseExecutor.java:439)
	at com.kms.katalon.core.main.TestCaseExecutor.processExecutionPhase(TestCaseExecutor.java:418)
	at com.kms.katalon.core.main.TestCaseExecutor.accessMainPhase(TestCaseExecutor.java:410)
	at com.kms.katalon.core.main.TestCaseExecutor.execute(TestCaseExecutor.java:285)
	at com.kms.katalon.core.main.TestCaseMain.runTestCase(TestCaseMain.java:144)
	at com.kms.katalon.core.keyword.builtin.CallTestCaseKeyword$_callTestCase_closure1.doCall(CallTestCaseKeyword.groovy:59)
	at com.kms.katalon.core.keyword.builtin.CallTestCaseKeyword$_callTestCase_closure1.call(CallTestCaseKeyword.groovy)
	at com.kms.katalon.core.keyword.internal.KeywordMain.runKeyword(KeywordMain.groovy:75)
	at com.kms.katalon.core.keyword.builtin.CallTestCaseKeyword.callTestCase(CallTestCaseKeyword.groovy:81)
	at com.kms.katalon.core.keyword.builtin.CallTestCaseKeyword.execute(CallTestCaseKeyword.groovy:44)
	at com.kms.katalon.core.keyword.internal.KeywordExecutor.executeKeywordForPlatform(KeywordExecutor.groovy:74)
	at com.kms.katalon.core.keyword.BuiltinKeywords.callTestCase(BuiltinKeywords.groovy:310)
	at TS_SMOKE_SUITE_076.run(TS_SMOKE_SUITE_076:31)
	at com.kms.katalon.core.main.ScriptEngine.run(ScriptEngine.java:194)
	at com.kms.katalon.core.main.ScriptEngine.runScriptAsRawText(ScriptEngine.java:119)
	at com.kms.katalon.core.main.TestCaseExecutor.runScript(TestCaseExecutor.java:448)
	at com.kms.katalon.core.main.TestCaseExecutor.doExecute(TestCaseExecutor.java:439)
	at com.kms.katalon.core.main.TestCaseExecutor.processExecutionPhase(TestCaseExecutor.java:418)
	at com.kms.katalon.core.main.TestCaseExecutor.accessMainPhase(TestCaseExecutor.java:410)
	at com.kms.katalon.core.main.TestCaseExecutor.execute(TestCaseExecutor.java:285)
	at com.kms.katalon.core.common.CommonExecutor.accessTestCaseMainPhase(CommonExecutor.java:65)
	at com.kms.katalon.core.main.TestSuiteExecutor.accessTestSuiteMainPhase(TestSuiteExecutor.java:148)
	at com.kms.katalon.core.main.TestSuiteExecutor.execute(TestSuiteExecutor.java:106)
	at com.kms.katalon.core.main.TestCaseMain.startTestSuite(TestCaseMain.java:187)
	at com.kms.katalon.core.main.TestCaseMain$startTestSuite$0.call(Unknown Source)
	at TempTestSuite1692874420462.run(TempTestSuite1692874420462.groovy:36)


2023-08-24 17:27:41 - [MESSAGE][WARNING] - Test object with id 'Object Repository/CartPage/Product1_remove_cart' does not exist

2023-08-24 17:27:41 - [MESSAGE][ERROR] - Test Cases/CommonMethods/EmptyCart_RunAt_HP FAILED.
Reason:
java.lang.NullPointerException
	at com.kms.katalon.core.webui.common.WebUiCommonHelper.findElementsBySelectedMethod(WebUiCommonHelper.java:896)
	at com.kms.katalon.core.webui.common.WebUiCommonHelper.findElementsByDefault(WebUiCommonHelper.java:892)
	at com.kms.katalon.core.webui.common.WebUiCommonHelper.findWebElements(WebUiCommonHelper.java:720)
	at com.kms.katalon.core.webui.keyword.internal.WebUIAbstractKeyword.findWebElements(WebUIAbstractKeyword.groovy:32)
	at com.kms.katalon.core.webui.keyword.WebUiBuiltInKeywords.findWebElements(WebUiBuiltInKeywords.groovy:2860)
	at com.kms.katalon.core.webui.keyword.WebUiBuiltInKeywords$findWebElements$19.call(Unknown Source)
	at EmptyCart_RunAt_HP.run(EmptyCart_RunAt_HP:39)
	at com.kms.katalon.core.main.ScriptEngine.run(ScriptEngine.java:194)
	at com.kms.katalon.core.main.ScriptEngine.runScriptAsRawText(ScriptEngine.java:119)
	at com.kms.katalon.core.main.TestCaseExecutor.runScript(TestCaseExecutor.java:448)
	at com.kms.katalon.core.main.TestCaseExecutor.doExecute(TestCaseExecutor.java:439)
	at com.kms.katalon.core.main.TestCaseExecutor.processExecutionPhase(TestCaseExecutor.java:418)
	at com.kms.katalon.core.main.TestCaseExecutor.accessMainPhase(TestCaseExecutor.java:410)
	at com.kms.katalon.core.main.TestCaseExecutor.execute(TestCaseExecutor.java:285)
	at com.kms.katalon.core.main.TestCaseMain.runTestCase(TestCaseMain.java:144)
	at com.kms.katalon.core.keyword.builtin.CallTestCaseKeyword$_callTestCase_closure1.doCall(CallTestCaseKeyword.groovy:59)
	at com.kms.katalon.core.keyword.builtin.CallTestCaseKeyword$_callTestCase_closure1.call(CallTestCaseKeyword.groovy)
	at com.kms.katalon.core.keyword.internal.KeywordMain.runKeyword(KeywordMain.groovy:75)
	at com.kms.katalon.core.keyword.builtin.CallTestCaseKeyword.callTestCase(CallTestCaseKeyword.groovy:81)
	at com.kms.katalon.core.keyword.builtin.CallTestCaseKeyword.execute(CallTestCaseKeyword.groovy:44)
	at com.kms.katalon.core.keyword.internal.KeywordExecutor.executeKeywordForPlatform(KeywordExecutor.groovy:74)
	at com.kms.katalon.core.keyword.BuiltinKeywords.callTestCase(BuiltinKeywords.groovy:310)
	at TS_SMOKE_SUITE_076.run(TS_SMOKE_SUITE_076:31)
	at com.kms.katalon.core.main.ScriptEngine.run(ScriptEngine.java:194)
	at com.kms.katalon.core.main.ScriptEngine.runScriptAsRawText(ScriptEngine.java:119)
	at com.kms.katalon.core.main.TestCaseExecutor.runScript(TestCaseExecutor.java:448)
	at com.kms.katalon.core.main.TestCaseExecutor.doExecute(TestCaseExecutor.java:439)
	at com.kms.katalon.core.main.TestCaseExecutor.processExecutionPhase(TestCaseExecutor.java:418)
	at com.kms.katalon.core.main.TestCaseExecutor.accessMainPhase(TestCaseExecutor.java:410)
	at com.kms.katalon.core.main.TestCaseExecutor.execute(TestCaseExecutor.java:285)
	at com.kms.katalon.core.common.CommonExecutor.accessTestCaseMainPhase(CommonExecutor.java:65)
	at com.kms.katalon.core.main.TestSuiteExecutor.accessTestSuiteMainPhase(TestSuiteExecutor.java:148)
	at com.kms.katalon.core.main.TestSuiteExecutor.execute(TestSuiteExecutor.java:106)
	at com.kms.katalon.core.main.TestCaseMain.startTestSuite(TestCaseMain.java:187)
	at com.kms.katalon.core.main.TestCaseMain$startTestSuite$0.call(Unknown Source)
	at TempTestSuite1692874420462.run(TempTestSuite1692874420462.groovy:36)


2023-08-24 17:27:41 - [MESSAGE][WARNING] - Unable to call Test Case 'Test Cases/CommonMethods/EmptyCart_RunAt_HP' (Root cause: com.kms.katalon.core.exception.StepErrorException: Call Test Case 'Test Cases/CommonMethods/EmptyCart_RunAt_HP' failed because of error(s)
	at com.kms.katalon.core.keyword.builtin.CallTestCaseKeyword$_callTestCase_closure1.doCall(CallTestCaseKeyword.groovy:66)
	at com.kms.katalon.core.keyword.builtin.CallTestCaseKeyword$_callTestCase_closure1.call(CallTestCaseKeyword.groovy)
	at com.kms.katalon.core.keyword.internal.KeywordMain.runKeyword(KeywordMain.groovy:75)
	at com.kms.katalon.core.keyword.builtin.CallTestCaseKeyword.callTestCase(CallTestCaseKeyword.groovy:81)
	at com.kms.katalon.core.keyword.builtin.CallTestCaseKeyword.execute(CallTestCaseKeyword.groovy:44)
	at com.kms.katalon.core.keyword.internal.KeywordExecutor.executeKeywordForPlatform(KeywordExecutor.groovy:74)
	at com.kms.katalon.core.keyword.BuiltinKeywords.callTestCase(BuiltinKeywords.groovy:310)
	at TS_SMOKE_SUITE_076.run(TS_SMOKE_SUITE_076:31)
	at com.kms.katalon.core.main.ScriptEngine.run(ScriptEngine.java:194)
	at com.kms.katalon.core.main.ScriptEngine.runScriptAsRawText(ScriptEngine.java:119)
	at com.kms.katalon.core.main.TestCaseExecutor.runScript(TestCaseExecutor.java:448)
	at com.kms.katalon.core.main.TestCaseExecutor.doExecute(TestCaseExecutor.java:439)
	at com.kms.katalon.core.main.TestCaseExecutor.processExecutionPhase(TestCaseExecutor.java:418)
	at com.kms.katalon.core.main.TestCaseExecutor.accessMainPhase(TestCaseExecutor.java:410)
	at com.kms.katalon.core.main.TestCaseExecutor.execute(TestCaseExecutor.java:285)
	at com.kms.katalon.core.common.CommonExecutor.accessTestCaseMainPhase(CommonExecutor.java:65)
	at com.kms.katalon.core.main.TestSuiteExecutor.accessTestSuiteMainPhase(TestSuiteExecutor.java:148)
	at com.kms.katalon.core.main.TestSuiteExecutor.execute(TestSuiteExecutor.java:106)
	at com.kms.katalon.core.main.TestCaseMain.startTestSuite(TestCaseMain.java:187)
	at com.kms.katalon.core.main.TestCaseMain$startTestSuite$0.call(Unknown Source)
	at TempTestSuite1692874420462.run(TempTestSuite1692874420462.groovy:36)
Caused by: java.lang.NullPointerException
	at com.kms.katalon.core.webui.common.WebUiCommonHelper.findElementsBySelectedMethod(WebUiCommonHelper.java:896)
	at com.kms.katalon.core.webui.common.WebUiCommonHelper.findElementsByDefault(WebUiCommonHelper.java:892)
	at com.kms.katalon.core.webui.common.WebUiCommonHelper.findWebElements(WebUiCommonHelper.java:720)
	at com.kms.katalon.core.webui.keyword.internal.WebUIAbstractKeyword.findWebElements(WebUIAbstractKeyword.groovy:32)
	at com.kms.katalon.core.webui.keyword.WebUiBuiltInKeywords.findWebElements(WebUiBuiltInKeywords.groovy:2860)
	at com.kms.katalon.core.webui.keyword.WebUiBuiltInKeywords$findWebElements$19.call(Unknown Source)
	at EmptyCart_RunAt_HP.run(EmptyCart_RunAt_HP:39)
	at com.kms.katalon.core.main.ScriptEngine.run(ScriptEngine.java:194)
	at com.kms.katalon.core.main.ScriptEngine.runScriptAsRawText(ScriptEngine.java:119)
	at com.kms.katalon.core.main.TestCaseExecutor.runScript(TestCaseExecutor.java:448)
	at com.kms.katalon.core.main.TestCaseExecutor.doExecute(TestCaseExecutor.java:439)
	at com.kms.katalon.core.main.TestCaseExecutor.processExecutionPhase(TestCaseExecutor.java:418)
	at com.kms.katalon.core.main.TestCaseExecutor.accessMainPhase(TestCaseExecutor.java:410)
	at com.kms.katalon.core.main.TestCaseExecutor.execute(TestCaseExecutor.java:285)
	at com.kms.katalon.core.main.TestCaseMain.runTestCase(TestCaseMain.java:144)
	at com.kms.katalon.core.keyword.builtin.CallTestCaseKeyword$_callTestCase_closure1.doCall(CallTestCaseKeyword.groovy:59)
	... 20 more
)

2023-08-24 17:27:41 - [TEST_STEP][PASSED] - click(findTestObject("HomePage/Logo_hp")): Object: 'Object Repository/HomePage/Logo_hp' is clicked on

2023-08-24 17:27:42 - [MESSAGE][PASSED] - Object: 'Object Repository/HomePage/Logo_hp' is clicked on

2023-08-24 17:27:42 - [TEST_STEP][PASSED] - callTestCase(findTestCase("CommonMethods/SearchForAProduct_search"), ["searchTerm":SLProduct], STOP_ON_FAILURE): Call Test Case 'Test Cases/CommonMethods/SearchForAProduct_search' successfully

2023-08-24 17:27:42 - [TEST_CASE][PASSED] - Test Cases/CommonMethods/SearchForAProduct_search: Test Cases/CommonMethods/SearchForAProduct_search

2023-08-24 17:27:42 - [TEST_STEP][PASSED] - click(findTestObject("HomePage/Buscar1"), STOP_ON_FAILURE): Object: 'Object Repository/HomePage/Buscar1' is clicked on

2023-08-24 17:27:43 - [MESSAGE][PASSED] - Object: 'Object Repository/HomePage/Buscar1' is clicked on

2023-08-24 17:27:43 - [TEST_STEP][PASSED] - delay(3): Delayed 3 second(s)

2023-08-24 17:27:46 - [MESSAGE][PASSED] - Delayed 3 second(s)

2023-08-24 17:27:46 - [TEST_STEP][PASSED] - setText(findTestObject("HomePage/Buscar1"), searchTerm): Text 'vaso' is set on object 'Object Repository/HomePage/Buscar1'

2023-08-24 17:27:47 - [MESSAGE][PASSED] - Text 'vaso' is set on object 'Object Repository/HomePage/Buscar1'

2023-08-24 17:27:47 - [TEST_STEP][PASSED] - delay(3): Delayed 3 second(s)

2023-08-24 17:27:50 - [MESSAGE][PASSED] - Delayed 3 second(s)

2023-08-24 17:27:50 - [TEST_STEP][PASSED] - sendKeys(findTestObject("HomePage/Seach_TextBox_hp"), Keys.chord(ENTER)): Keys 'ENTER + ' sent to object: 'Object Repository/HomePage/Seach_TextBox_hp'

2023-08-24 17:27:52 - [MESSAGE][PASSED] - Keys 'ENTER + ' sent to object: 'Object Repository/HomePage/Seach_TextBox_hp'

2023-08-24 17:27:52 - [MESSAGE][PASSED] - Call Test Case 'Test Cases/CommonMethods/SearchForAProduct_search' successfully

2023-08-24 17:27:52 - [TEST_STEP][PASSED] - click(findTestObject("PLPPage/product1_PLP"), OPTIONAL): Object: 'Object Repository/PLPPage/product1_PLP' is clicked on

2023-08-24 17:28:12 - [MESSAGE][PASSED] - Object: 'Object Repository/PLPPage/product1_PLP' is clicked on

2023-08-24 17:28:12 - [TEST_STEP][PASSED] - click(findTestObject("PDPPage/AddToCart_PDP")): Object: 'Object Repository/PDPPage/AddToCart_PDP' is clicked on

2023-08-24 17:28:28 - [MESSAGE][PASSED] - Object: 'Object Repository/PDPPage/AddToCart_PDP' is clicked on

2023-08-24 17:28:28 - [TEST_STEP][PASSED] - click(findTestObject("HomePage/bag_header_HP")): Object: 'Object Repository/HomePage/bag_header_HP' is clicked on

2023-08-24 17:28:32 - [MESSAGE][PASSED] - Object: 'Object Repository/HomePage/bag_header_HP' is clicked on

2023-08-24 17:28:32 - [TEST_STEP][PASSED] - click(findTestObject("CartPage/BuyButton_Cart")): Object: 'Object Repository/CartPage/BuyButton_Cart' is clicked on

2023-08-24 17:28:34 - [MESSAGE][PASSED] - Object: 'Object Repository/CartPage/BuyButton_Cart' is clicked on

2023-08-24 17:28:34 - [TEST_STEP][PASSED] - callTestCase(findTestCase("CommonMethods/assert_OPC(CheckoutPage)"), [:], STOP_ON_FAILURE): Call Test Case 'Test Cases/CommonMethods/assert_OPC(CheckoutPage)' successfully

2023-08-24 17:28:34 - [TEST_CASE][PASSED] - Test Cases/CommonMethods/assert_OPC(CheckoutPage): Test Cases/CommonMethods/assert_OPC(CheckoutPage)

2023-08-24 17:28:34 - [TEST_STEP][PASSED] - verifyElementPresent(findTestObject("OPCPage/paymentMethod_title_OPC"), 0): Object 'Object Repository/OPCPage/paymentMethod_title_OPC' is present

2023-08-24 17:28:34 - [MESSAGE][WARNING] - Timeout '0' is invalid. Using default page load timeout: '30'

2023-08-24 17:28:42 - [MESSAGE][PASSED] - Object 'Object Repository/OPCPage/paymentMethod_title_OPC' is present

2023-08-24 17:28:42 - [TEST_STEP][PASSED] - verifyElementPresent(findTestObject("OPCPage/Final_comparar_OPC"), 0): Object 'Object Repository/OPCPage/Final_comparar_OPC' is present

2023-08-24 17:28:42 - [MESSAGE][WARNING] - Timeout '0' is invalid. Using default page load timeout: '30'

2023-08-24 17:28:42 - [MESSAGE][PASSED] - Object 'Object Repository/OPCPage/Final_comparar_OPC' is present

2023-08-24 17:28:42 - [TEST_STEP][PASSED] - verifyElementPresent(findTestObject("OPCPage/Articulos(title)_OPC"), 0): Object 'Object Repository/OPCPage/Articulos(title)_OPC' is present

2023-08-24 17:28:42 - [MESSAGE][WARNING] - Timeout '0' is invalid. Using default page load timeout: '30'

2023-08-24 17:28:43 - [MESSAGE][PASSED] - Object 'Object Repository/OPCPage/Articulos(title)_OPC' is present

2023-08-24 17:28:43 - [MESSAGE][PASSED] - Call Test Case 'Test Cases/CommonMethods/assert_OPC(CheckoutPage)' successfully

2023-08-24 17:28:43 - [TEST_STEP][PASSED] - closeBrowser(): Browser is closed

2023-08-24 17:28:43 - [MESSAGE][PASSED] - Browser is closed]]></system-out>
         <system-err><![CDATA[]]></system-err>
      </testcase>
      <testcase name="Test Cases/Checkout/TS_SMOKE_SUITE_077" time="277.814" classname="Test Cases/Checkout/TS_SMOKE_SUITE_077" status="FAILED">
         <failure type="FAILED" message="Test Cases/Checkout/TS_SMOKE_SUITE_077 FAILED.
Reason:
com.kms.katalon.core.exception.StepFailedException: Call Test Case 'Test Cases/CommonMethods/create_new_CARD_OPC' failed
	at com.kms.katalon.core.keyword.builtin.CallTestCaseKeyword$_callTestCase_closure1.doCall(CallTestCaseKeyword.groovy:63)
	at com.kms.katalon.core.keyword.builtin.CallTestCaseKeyword$_callTestCase_closure1.call(CallTestCaseKeyword.groovy)
	at com.kms.katalon.core.keyword.internal.KeywordMain.runKeyword(KeywordMain.groovy:75)
	at com.kms.katalon.core.keyword.builtin.CallTestCaseKeyword.callTestCase(CallTestCaseKeyword.groovy:81)
	at com.kms.katalon.core.keyword.builtin.CallTestCaseKeyword.execute(CallTestCaseKeyword.groovy:44)
	at com.kms.katalon.core.keyword.internal.KeywordExecutor.executeKeywordForPlatform(KeywordExecutor.groovy:74)
	at com.kms.katalon.core.keyword.BuiltinKeywords.callTestCase(BuiltinKeywords.groovy:310)
	at TS_SMOKE_SUITE_077.run(TS_SMOKE_SUITE_077:46)
	at com.kms.katalon.core.main.ScriptEngine.run(ScriptEngine.java:194)
	at com.kms.katalon.core.main.ScriptEngine.runScriptAsRawText(ScriptEngine.java:119)
	at com.kms.katalon.core.main.TestCaseExecutor.runScript(TestCaseExecutor.java:448)
	at com.kms.katalon.core.main.TestCaseExecutor.doExecute(TestCaseExecutor.java:439)
	at com.kms.katalon.core.main.TestCaseExecutor.processExecutionPhase(TestCaseExecutor.java:418)
	at com.kms.katalon.core.main.TestCaseExecutor.accessMainPhase(TestCaseExecutor.java:410)
	at com.kms.katalon.core.main.TestCaseExecutor.execute(TestCaseExecutor.java:285)
	at com.kms.katalon.core.common.CommonExecutor.accessTestCaseMainPhase(CommonExecutor.java:65)
	at com.kms.katalon.core.main.TestSuiteExecutor.accessTestSuiteMainPhase(TestSuiteExecutor.java:148)
	at com.kms.katalon.core.main.TestSuiteExecutor.execute(TestSuiteExecutor.java:106)
	at com.kms.katalon.core.main.TestCaseMain.startTestSuite(TestCaseMain.java:187)
	at com.kms.katalon.core.main.TestCaseMain$startTestSuite$0.call(Unknown Source)
	at TempTestSuite1692874420462.run(TempTestSuite1692874420462.groovy:36)
Caused by: com.kms.katalon.core.exception.StepFailedException: Unable to set text '4111111736417976' of object 'Object Repository/OPCPage/newCardNumber_OPC'
	at com.kms.katalon.core.webui.keyword.internal.WebUIKeywordMain.stepFailed(WebUIKeywordMain.groovy:64)
	at com.kms.katalon.core.webui.keyword.internal.WebUIKeywordMain.runKeyword(WebUIKeywordMain.groovy:26)
	at com.kms.katalon.core.webui.keyword.builtin.SetTextKeyword.setText(SetTextKeyword.groovy:66)
	at com.kms.katalon.core.webui.keyword.builtin.SetTextKeyword.execute(SetTextKeyword.groovy:37)
	at com.kms.katalon.core.keyword.internal.KeywordExecutor.executeKeywordForPlatform(KeywordExecutor.groovy:74)
	at com.kms.katalon.core.webui.keyword.WebUiBuiltInKeywords.setText(WebUiBuiltInKeywords.groovy:980)
	at com.kms.katalon.core.webui.keyword.WebUiBuiltInKeywords$setText$3.call(Unknown Source)
	at create_new_CARD_OPC.run(create_new_CARD_OPC:34)
	at com.kms.katalon.core.main.ScriptEngine.run(ScriptEngine.java:194)
	at com.kms.katalon.core.main.ScriptEngine.runScriptAsRawText(ScriptEngine.java:119)
	at com.kms.katalon.core.main.TestCaseExecutor.runScript(TestCaseExecutor.java:448)
	at com.kms.katalon.core.main.TestCaseExecutor.doExecute(TestCaseExecutor.java:439)
	at com.kms.katalon.core.main.TestCaseExecutor.processExecutionPhase(TestCaseExecutor.java:418)
	at com.kms.katalon.core.main.TestCaseExecutor.accessMainPhase(TestCaseExecutor.java:410)
	at com.kms.katalon.core.main.TestCaseExecutor.execute(TestCaseExecutor.java:285)
	at com.kms.katalon.core.main.TestCaseMain.runTestCase(TestCaseMain.java:144)
	at com.kms.katalon.core.keyword.builtin.CallTestCaseKeyword$_callTestCase_closure1.doCall(CallTestCaseKeyword.groovy:59)
	... 20 more
Caused by: com.kms.katalon.core.webui.exception.WebElementNotFoundException: Web element with id: 'Object Repository/OPCPage/newCardNumber_OPC' located by '//div[@class='m-textField mdc-text-field mdc-text-field--outlined mdc-text-field--valid']//input[@name='cardNumber']' not found
	at com.kms.katalon.core.webui.common.WebUiCommonHelper.findWebElement(WebUiCommonHelper.java:1381)
	at com.kms.katalon.core.webui.keyword.internal.WebUIAbstractKeyword.findWebElement(WebUIAbstractKeyword.groovy:27)
	at com.kms.katalon.core.webui.keyword.internal.WebUIAbstractKeyword.findWebElement(WebUIAbstractKeyword.groovy:26)
	at com.kms.katalon.core.webui.keyword.builtin.SetTextKeyword$_setText_closure1.doCall(SetTextKeyword.groovy:51)
	at com.kms.katalon.core.webui.keyword.builtin.SetTextKeyword$_setText_closure1.call(SetTextKeyword.groovy)
	at com.kms.katalon.core.webui.keyword.internal.WebUIKeywordMain.runKeyword(WebUIKeywordMain.groovy:20)
	... 35 more
"/>
         <system-out><![CDATA[2023-08-24 17:28:43 - [TEST_CASE][FAILED] - Test Cases/Checkout/TS_SMOKE_SUITE_077: Test Cases/Checkout/TS_SMOKE_SUITE_077 FAILED.
Reason:
com.kms.katalon.core.exception.StepFailedException: Call Test Case 'Test Cases/CommonMethods/create_new_CARD_OPC' failed
	at com.kms.katalon.core.keyword.builtin.CallTestCaseKeyword$_callTestCase_closure1.doCall(CallTestCaseKeyword.groovy:63)
	at com.kms.katalon.core.keyword.builtin.CallTestCaseKeyword$_callTestCase_closure1.call(CallTestCaseKeyword.groovy)
	at com.kms.katalon.core.keyword.internal.KeywordMain.runKeyword(KeywordMain.groovy:75)
	at com.kms.katalon.core.keyword.builtin.CallTestCaseKeyword.callTestCase(CallTestCaseKeyword.groovy:81)
	at com.kms.katalon.core.keyword.builtin.CallTestCaseKeyword.execute(CallTestCaseKeyword.groovy:44)
	at com.kms.katalon.core.keyword.internal.KeywordExecutor.executeKeywordForPlatform(KeywordExecutor.groovy:74)
	at com.kms.katalon.core.keyword.BuiltinKeywords.callTestCase(BuiltinKeywords.groovy:310)
	at TS_SMOKE_SUITE_077.run(TS_SMOKE_SUITE_077:46)
	at com.kms.katalon.core.main.ScriptEngine.run(ScriptEngine.java:194)
	at com.kms.katalon.core.main.ScriptEngine.runScriptAsRawText(ScriptEngine.java:119)
	at com.kms.katalon.core.main.TestCaseExecutor.runScript(TestCaseExecutor.java:448)
	at com.kms.katalon.core.main.TestCaseExecutor.doExecute(TestCaseExecutor.java:439)
	at com.kms.katalon.core.main.TestCaseExecutor.processExecutionPhase(TestCaseExecutor.java:418)
	at com.kms.katalon.core.main.TestCaseExecutor.accessMainPhase(TestCaseExecutor.java:410)
	at com.kms.katalon.core.main.TestCaseExecutor.execute(TestCaseExecutor.java:285)
	at com.kms.katalon.core.common.CommonExecutor.accessTestCaseMainPhase(CommonExecutor.java:65)
	at com.kms.katalon.core.main.TestSuiteExecutor.accessTestSuiteMainPhase(TestSuiteExecutor.java:148)
	at com.kms.katalon.core.main.TestSuiteExecutor.execute(TestSuiteExecutor.java:106)
	at com.kms.katalon.core.main.TestCaseMain.startTestSuite(TestCaseMain.java:187)
	at com.kms.katalon.core.main.TestCaseMain$startTestSuite$0.call(Unknown Source)
	at TempTestSuite1692874420462.run(TempTestSuite1692874420462.groovy:36)
Caused by: com.kms.katalon.core.exception.StepFailedException: Unable to set text '4111111736417976' of object 'Object Repository/OPCPage/newCardNumber_OPC'
	at com.kms.katalon.core.webui.keyword.internal.WebUIKeywordMain.stepFailed(WebUIKeywordMain.groovy:64)
	at com.kms.katalon.core.webui.keyword.internal.WebUIKeywordMain.runKeyword(WebUIKeywordMain.groovy:26)
	at com.kms.katalon.core.webui.keyword.builtin.SetTextKeyword.setText(SetTextKeyword.groovy:66)
	at com.kms.katalon.core.webui.keyword.builtin.SetTextKeyword.execute(SetTextKeyword.groovy:37)
	at com.kms.katalon.core.keyword.internal.KeywordExecutor.executeKeywordForPlatform(KeywordExecutor.groovy:74)
	at com.kms.katalon.core.webui.keyword.WebUiBuiltInKeywords.setText(WebUiBuiltInKeywords.groovy:980)
	at com.kms.katalon.core.webui.keyword.WebUiBuiltInKeywords$setText$3.call(Unknown Source)
	at create_new_CARD_OPC.run(create_new_CARD_OPC:34)
	at com.kms.katalon.core.main.ScriptEngine.run(ScriptEngine.java:194)
	at com.kms.katalon.core.main.ScriptEngine.runScriptAsRawText(ScriptEngine.java:119)
	at com.kms.katalon.core.main.TestCaseExecutor.runScript(TestCaseExecutor.java:448)
	at com.kms.katalon.core.main.TestCaseExecutor.doExecute(TestCaseExecutor.java:439)
	at com.kms.katalon.core.main.TestCaseExecutor.processExecutionPhase(TestCaseExecutor.java:418)
	at com.kms.katalon.core.main.TestCaseExecutor.accessMainPhase(TestCaseExecutor.java:410)
	at com.kms.katalon.core.main.TestCaseExecutor.execute(TestCaseExecutor.java:285)
	at com.kms.katalon.core.main.TestCaseMain.runTestCase(TestCaseMain.java:144)
	at com.kms.katalon.core.keyword.builtin.CallTestCaseKeyword$_callTestCase_closure1.doCall(CallTestCaseKeyword.groovy:59)
	... 20 more
Caused by: com.kms.katalon.core.webui.exception.WebElementNotFoundException: Web element with id: 'Object Repository/OPCPage/newCardNumber_OPC' located by '//div[@class='m-textField mdc-text-field mdc-text-field--outlined mdc-text-field--valid']//input[@name='cardNumber']' not found
	at com.kms.katalon.core.webui.common.WebUiCommonHelper.findWebElement(WebUiCommonHelper.java:1381)
	at com.kms.katalon.core.webui.keyword.internal.WebUIAbstractKeyword.findWebElement(WebUIAbstractKeyword.groovy:27)
	at com.kms.katalon.core.webui.keyword.internal.WebUIAbstractKeyword.findWebElement(WebUIAbstractKeyword.groovy:26)
	at com.kms.katalon.core.webui.keyword.builtin.SetTextKeyword$_setText_closure1.doCall(SetTextKeyword.groovy:51)
	at com.kms.katalon.core.webui.keyword.builtin.SetTextKeyword$_setText_closure1.call(SetTextKeyword.groovy)
	at com.kms.katalon.core.webui.keyword.internal.WebUIKeywordMain.runKeyword(WebUIKeywordMain.groovy:20)
	... 35 more


2023-08-24 17:28:44 - [TEST_STEP][PASSED] - openBrowser(""): Browser is opened with url: ''

2023-08-24 17:28:44 - [MESSAGE][INFO] - Starting 'Chrome' driver

2023-08-24 17:28:44 - [MESSAGE][INFO] - Action delay is set to 0 milliseconds

2023-08-24 17:28:45 - [MESSAGE][PASSED] - Browser is opened with url: ''

2023-08-24 17:28:45 - [TEST_STEP][PASSED] - navigateToUrl(URL): Navigate to 'https://odtaqaa.liverpool.com.mx/tienda/home' successfully

2023-08-24 17:29:28 - [MESSAGE][PASSED] - Navigate to 'https://odtaqaa.liverpool.com.mx/tienda/home' successfully

2023-08-24 17:29:28 - [TEST_STEP][PASSED] - maximizeWindow(): Current window maximized

2023-08-24 17:29:28 - [MESSAGE][PASSED] - Current window maximized

2023-08-24 17:29:28 - [TEST_STEP][PASSED] - click(findTestObject("HomePage/Iniciar sesion")): Object: 'Object Repository/HomePage/Iniciar sesion' is clicked on

2023-08-24 17:29:29 - [MESSAGE][PASSED] - Object: 'Object Repository/HomePage/Iniciar sesion' is clicked on

2023-08-24 17:29:29 - [TEST_STEP][PASSED] - callTestCase(findTestCase("CommonMethods/loginFromHomePage"), ["username":Username, "password":Password], STOP_ON_FAILURE): Call Test Case 'Test Cases/CommonMethods/loginFromHomePage' successfully

2023-08-24 17:29:29 - [TEST_CASE][PASSED] - Test Cases/CommonMethods/loginFromHomePage: Test Cases/CommonMethods/loginFromHomePage

2023-08-24 17:29:29 - [TEST_STEP][PASSED] - delay(3): Delayed 3 second(s)

2023-08-24 17:29:32 - [MESSAGE][PASSED] - Delayed 3 second(s)

2023-08-24 17:29:32 - [TEST_STEP][PASSED] - click(findTestObject("HomePage/EnterUsername_LP")): Object: 'Object Repository/HomePage/EnterUsername_LP' is clicked on

2023-08-24 17:29:43 - [MESSAGE][PASSED] - Object: 'Object Repository/HomePage/EnterUsername_LP' is clicked on

2023-08-24 17:29:43 - [TEST_STEP][PASSED] - setText(findTestObject("HomePage/EnterUsername_LP"), username): Text 'hcheruvu29@digisprint.com' is set on object 'Object Repository/HomePage/EnterUsername_LP'

2023-08-24 17:29:44 - [MESSAGE][PASSED] - Text 'hcheruvu29@digisprint.com' is set on object 'Object Repository/HomePage/EnterUsername_LP'

2023-08-24 17:29:44 - [TEST_STEP][PASSED] - click(findTestObject("HomePage/EnterPassword_LP")): Object: 'Object Repository/HomePage/EnterPassword_LP' is clicked on

2023-08-24 17:29:44 - [MESSAGE][PASSED] - Object: 'Object Repository/HomePage/EnterPassword_LP' is clicked on

2023-08-24 17:29:44 - [TEST_STEP][PASSED] - setText(findTestObject("HomePage/EnterPassword_LP"), password): Text 'Test@12345' is set on object 'Object Repository/HomePage/EnterPassword_LP'

2023-08-24 17:29:45 - [MESSAGE][PASSED] - Text 'Test@12345' is set on object 'Object Repository/HomePage/EnterPassword_LP'

2023-08-24 17:29:45 - [TEST_STEP][PASSED] - click(findTestObject("HomePage/inciar")): Object: 'Object Repository/HomePage/inciar' is clicked on

2023-08-24 17:29:59 - [MESSAGE][PASSED] - Object: 'Object Repository/HomePage/inciar' is clicked on

2023-08-24 17:29:59 - [MESSAGE][PASSED] - Call Test Case 'Test Cases/CommonMethods/loginFromHomePage' successfully

2023-08-24 17:29:59 - [TEST_STEP][PASSED] - callTestCase(findTestCase("CommonMethods/EmptyCart_RunAt_HP"), [:], OPTIONAL): Unable to call Test Case 'Test Cases/CommonMethods/EmptyCart_RunAt_HP' (Root cause: com.kms.katalon.core.exception.StepErrorException: Call Test Case 'Test Cases/CommonMethods/EmptyCart_RunAt_HP' failed because of error(s)
	at com.kms.katalon.core.keyword.builtin.CallTestCaseKeyword$_callTestCase_closure1.doCall(CallTestCaseKeyword.groovy:66)
	at com.kms.katalon.core.keyword.builtin.CallTestCaseKeyword$_callTestCase_closure1.call(CallTestCaseKeyword.groovy)
	at com.kms.katalon.core.keyword.internal.KeywordMain.runKeyword(KeywordMain.groovy:75)
	at com.kms.katalon.core.keyword.builtin.CallTestCaseKeyword.callTestCase(CallTestCaseKeyword.groovy:81)
	at com.kms.katalon.core.keyword.builtin.CallTestCaseKeyword.execute(CallTestCaseKeyword.groovy:44)
	at com.kms.katalon.core.keyword.internal.KeywordExecutor.executeKeywordForPlatform(KeywordExecutor.groovy:74)
	at com.kms.katalon.core.keyword.BuiltinKeywords.callTestCase(BuiltinKeywords.groovy:310)
	at TS_SMOKE_SUITE_077.run(TS_SMOKE_SUITE_077:31)
	at com.kms.katalon.core.main.ScriptEngine.run(ScriptEngine.java:194)
	at com.kms.katalon.core.main.ScriptEngine.runScriptAsRawText(ScriptEngine.java:119)
	at com.kms.katalon.core.main.TestCaseExecutor.runScript(TestCaseExecutor.java:448)
	at com.kms.katalon.core.main.TestCaseExecutor.doExecute(TestCaseExecutor.java:439)
	at com.kms.katalon.core.main.TestCaseExecutor.processExecutionPhase(TestCaseExecutor.java:418)
	at com.kms.katalon.core.main.TestCaseExecutor.accessMainPhase(TestCaseExecutor.java:410)
	at com.kms.katalon.core.main.TestCaseExecutor.execute(TestCaseExecutor.java:285)
	at com.kms.katalon.core.common.CommonExecutor.accessTestCaseMainPhase(CommonExecutor.java:65)
	at com.kms.katalon.core.main.TestSuiteExecutor.accessTestSuiteMainPhase(TestSuiteExecutor.java:148)
	at com.kms.katalon.core.main.TestSuiteExecutor.execute(TestSuiteExecutor.java:106)
	at com.kms.katalon.core.main.TestCaseMain.startTestSuite(TestCaseMain.java:187)
	at com.kms.katalon.core.main.TestCaseMain$startTestSuite$0.call(Unknown Source)
	at TempTestSuite1692874420462.run(TempTestSuite1692874420462.groovy:36)
Caused by: java.lang.NullPointerException
	at com.kms.katalon.core.webui.common.WebUiCommonHelper.findElementsBySelectedMethod(WebUiCommonHelper.java:896)
	at com.kms.katalon.core.webui.common.WebUiCommonHelper.findElementsByDefault(WebUiCommonHelper.java:892)
	at com.kms.katalon.core.webui.common.WebUiCommonHelper.findWebElements(WebUiCommonHelper.java:720)
	at com.kms.katalon.core.webui.keyword.internal.WebUIAbstractKeyword.findWebElements(WebUIAbstractKeyword.groovy:32)
	at com.kms.katalon.core.webui.keyword.WebUiBuiltInKeywords.findWebElements(WebUiBuiltInKeywords.groovy:2860)
	at com.kms.katalon.core.webui.keyword.WebUiBuiltInKeywords$findWebElements$19.call(Unknown Source)
	at EmptyCart_RunAt_HP.run(EmptyCart_RunAt_HP:39)
	at com.kms.katalon.core.main.ScriptEngine.run(ScriptEngine.java:194)
	at com.kms.katalon.core.main.ScriptEngine.runScriptAsRawText(ScriptEngine.java:119)
	at com.kms.katalon.core.main.TestCaseExecutor.runScript(TestCaseExecutor.java:448)
	at com.kms.katalon.core.main.TestCaseExecutor.doExecute(TestCaseExecutor.java:439)
	at com.kms.katalon.core.main.TestCaseExecutor.processExecutionPhase(TestCaseExecutor.java:418)
	at com.kms.katalon.core.main.TestCaseExecutor.accessMainPhase(TestCaseExecutor.java:410)
	at com.kms.katalon.core.main.TestCaseExecutor.execute(TestCaseExecutor.java:285)
	at com.kms.katalon.core.main.TestCaseMain.runTestCase(TestCaseMain.java:144)
	at com.kms.katalon.core.keyword.builtin.CallTestCaseKeyword$_callTestCase_closure1.doCall(CallTestCaseKeyword.groovy:59)
	... 20 more
)

2023-08-24 17:29:59 - [TEST_CASE][ERROR] - Test Cases/CommonMethods/EmptyCart_RunAt_HP: Test Cases/CommonMethods/EmptyCart_RunAt_HP FAILED.
Reason:
java.lang.NullPointerException
	at com.kms.katalon.core.webui.common.WebUiCommonHelper.findElementsBySelectedMethod(WebUiCommonHelper.java:896)
	at com.kms.katalon.core.webui.common.WebUiCommonHelper.findElementsByDefault(WebUiCommonHelper.java:892)
	at com.kms.katalon.core.webui.common.WebUiCommonHelper.findWebElements(WebUiCommonHelper.java:720)
	at com.kms.katalon.core.webui.keyword.internal.WebUIAbstractKeyword.findWebElements(WebUIAbstractKeyword.groovy:32)
	at com.kms.katalon.core.webui.keyword.WebUiBuiltInKeywords.findWebElements(WebUiBuiltInKeywords.groovy:2860)
	at com.kms.katalon.core.webui.keyword.WebUiBuiltInKeywords$findWebElements$19.call(Unknown Source)
	at EmptyCart_RunAt_HP.run(EmptyCart_RunAt_HP:39)
	at com.kms.katalon.core.main.ScriptEngine.run(ScriptEngine.java:194)
	at com.kms.katalon.core.main.ScriptEngine.runScriptAsRawText(ScriptEngine.java:119)
	at com.kms.katalon.core.main.TestCaseExecutor.runScript(TestCaseExecutor.java:448)
	at com.kms.katalon.core.main.TestCaseExecutor.doExecute(TestCaseExecutor.java:439)
	at com.kms.katalon.core.main.TestCaseExecutor.processExecutionPhase(TestCaseExecutor.java:418)
	at com.kms.katalon.core.main.TestCaseExecutor.accessMainPhase(TestCaseExecutor.java:410)
	at com.kms.katalon.core.main.TestCaseExecutor.execute(TestCaseExecutor.java:285)
	at com.kms.katalon.core.main.TestCaseMain.runTestCase(TestCaseMain.java:144)
	at com.kms.katalon.core.keyword.builtin.CallTestCaseKeyword$_callTestCase_closure1.doCall(CallTestCaseKeyword.groovy:59)
	at com.kms.katalon.core.keyword.builtin.CallTestCaseKeyword$_callTestCase_closure1.call(CallTestCaseKeyword.groovy)
	at com.kms.katalon.core.keyword.internal.KeywordMain.runKeyword(KeywordMain.groovy:75)
	at com.kms.katalon.core.keyword.builtin.CallTestCaseKeyword.callTestCase(CallTestCaseKeyword.groovy:81)
	at com.kms.katalon.core.keyword.builtin.CallTestCaseKeyword.execute(CallTestCaseKeyword.groovy:44)
	at com.kms.katalon.core.keyword.internal.KeywordExecutor.executeKeywordForPlatform(KeywordExecutor.groovy:74)
	at com.kms.katalon.core.keyword.BuiltinKeywords.callTestCase(BuiltinKeywords.groovy:310)
	at TS_SMOKE_SUITE_077.run(TS_SMOKE_SUITE_077:31)
	at com.kms.katalon.core.main.ScriptEngine.run(ScriptEngine.java:194)
	at com.kms.katalon.core.main.ScriptEngine.runScriptAsRawText(ScriptEngine.java:119)
	at com.kms.katalon.core.main.TestCaseExecutor.runScript(TestCaseExecutor.java:448)
	at com.kms.katalon.core.main.TestCaseExecutor.doExecute(TestCaseExecutor.java:439)
	at com.kms.katalon.core.main.TestCaseExecutor.processExecutionPhase(TestCaseExecutor.java:418)
	at com.kms.katalon.core.main.TestCaseExecutor.accessMainPhase(TestCaseExecutor.java:410)
	at com.kms.katalon.core.main.TestCaseExecutor.execute(TestCaseExecutor.java:285)
	at com.kms.katalon.core.common.CommonExecutor.accessTestCaseMainPhase(CommonExecutor.java:65)
	at com.kms.katalon.core.main.TestSuiteExecutor.accessTestSuiteMainPhase(TestSuiteExecutor.java:148)
	at com.kms.katalon.core.main.TestSuiteExecutor.execute(TestSuiteExecutor.java:106)
	at com.kms.katalon.core.main.TestCaseMain.startTestSuite(TestCaseMain.java:187)
	at com.kms.katalon.core.main.TestCaseMain$startTestSuite$0.call(Unknown Source)
	at TempTestSuite1692874420462.run(TempTestSuite1692874420462.groovy:36)


2023-08-24 17:29:59 - [TEST_STEP][PASSED] - delay(2, OPTIONAL): Delayed 2 second(s)

2023-08-24 17:30:01 - [MESSAGE][PASSED] - Delayed 2 second(s)

2023-08-24 17:30:01 - [TEST_STEP][PASSED] - click(findTestObject("HomePage/bag_header_HP"), OPTIONAL): Object: 'Object Repository/HomePage/bag_header_HP' is clicked on

2023-08-24 17:30:28 - [MESSAGE][PASSED] - Object: 'Object Repository/HomePage/bag_header_HP' is clicked on

2023-08-24 17:30:28 - [TEST_STEP][ERROR] - listElement = findWebElements(findTestObject("CartPage/Product1_remove_cart"), 2): Test Cases/CommonMethods/EmptyCart_RunAt_HP FAILED.
Reason:
java.lang.NullPointerException
	at com.kms.katalon.core.webui.common.WebUiCommonHelper.findElementsBySelectedMethod(WebUiCommonHelper.java:896)
	at com.kms.katalon.core.webui.common.WebUiCommonHelper.findElementsByDefault(WebUiCommonHelper.java:892)
	at com.kms.katalon.core.webui.common.WebUiCommonHelper.findWebElements(WebUiCommonHelper.java:720)
	at com.kms.katalon.core.webui.keyword.internal.WebUIAbstractKeyword.findWebElements(WebUIAbstractKeyword.groovy:32)
	at com.kms.katalon.core.webui.keyword.WebUiBuiltInKeywords.findWebElements(WebUiBuiltInKeywords.groovy:2860)
	at com.kms.katalon.core.webui.keyword.WebUiBuiltInKeywords$findWebElements$19.call(Unknown Source)
	at EmptyCart_RunAt_HP.run(EmptyCart_RunAt_HP:39)
	at com.kms.katalon.core.main.ScriptEngine.run(ScriptEngine.java:194)
	at com.kms.katalon.core.main.ScriptEngine.runScriptAsRawText(ScriptEngine.java:119)
	at com.kms.katalon.core.main.TestCaseExecutor.runScript(TestCaseExecutor.java:448)
	at com.kms.katalon.core.main.TestCaseExecutor.doExecute(TestCaseExecutor.java:439)
	at com.kms.katalon.core.main.TestCaseExecutor.processExecutionPhase(TestCaseExecutor.java:418)
	at com.kms.katalon.core.main.TestCaseExecutor.accessMainPhase(TestCaseExecutor.java:410)
	at com.kms.katalon.core.main.TestCaseExecutor.execute(TestCaseExecutor.java:285)
	at com.kms.katalon.core.main.TestCaseMain.runTestCase(TestCaseMain.java:144)
	at com.kms.katalon.core.keyword.builtin.CallTestCaseKeyword$_callTestCase_closure1.doCall(CallTestCaseKeyword.groovy:59)
	at com.kms.katalon.core.keyword.builtin.CallTestCaseKeyword$_callTestCase_closure1.call(CallTestCaseKeyword.groovy)
	at com.kms.katalon.core.keyword.internal.KeywordMain.runKeyword(KeywordMain.groovy:75)
	at com.kms.katalon.core.keyword.builtin.CallTestCaseKeyword.callTestCase(CallTestCaseKeyword.groovy:81)
	at com.kms.katalon.core.keyword.builtin.CallTestCaseKeyword.execute(CallTestCaseKeyword.groovy:44)
	at com.kms.katalon.core.keyword.internal.KeywordExecutor.executeKeywordForPlatform(KeywordExecutor.groovy:74)
	at com.kms.katalon.core.keyword.BuiltinKeywords.callTestCase(BuiltinKeywords.groovy:310)
	at TS_SMOKE_SUITE_077.run(TS_SMOKE_SUITE_077:31)
	at com.kms.katalon.core.main.ScriptEngine.run(ScriptEngine.java:194)
	at com.kms.katalon.core.main.ScriptEngine.runScriptAsRawText(ScriptEngine.java:119)
	at com.kms.katalon.core.main.TestCaseExecutor.runScript(TestCaseExecutor.java:448)
	at com.kms.katalon.core.main.TestCaseExecutor.doExecute(TestCaseExecutor.java:439)
	at com.kms.katalon.core.main.TestCaseExecutor.processExecutionPhase(TestCaseExecutor.java:418)
	at com.kms.katalon.core.main.TestCaseExecutor.accessMainPhase(TestCaseExecutor.java:410)
	at com.kms.katalon.core.main.TestCaseExecutor.execute(TestCaseExecutor.java:285)
	at com.kms.katalon.core.common.CommonExecutor.accessTestCaseMainPhase(CommonExecutor.java:65)
	at com.kms.katalon.core.main.TestSuiteExecutor.accessTestSuiteMainPhase(TestSuiteExecutor.java:148)
	at com.kms.katalon.core.main.TestSuiteExecutor.execute(TestSuiteExecutor.java:106)
	at com.kms.katalon.core.main.TestCaseMain.startTestSuite(TestCaseMain.java:187)
	at com.kms.katalon.core.main.TestCaseMain$startTestSuite$0.call(Unknown Source)
	at TempTestSuite1692874420462.run(TempTestSuite1692874420462.groovy:36)


2023-08-24 17:30:28 - [MESSAGE][WARNING] - Test object with id 'Object Repository/CartPage/Product1_remove_cart' does not exist

2023-08-24 17:30:28 - [MESSAGE][ERROR] - Test Cases/CommonMethods/EmptyCart_RunAt_HP FAILED.
Reason:
java.lang.NullPointerException
	at com.kms.katalon.core.webui.common.WebUiCommonHelper.findElementsBySelectedMethod(WebUiCommonHelper.java:896)
	at com.kms.katalon.core.webui.common.WebUiCommonHelper.findElementsByDefault(WebUiCommonHelper.java:892)
	at com.kms.katalon.core.webui.common.WebUiCommonHelper.findWebElements(WebUiCommonHelper.java:720)
	at com.kms.katalon.core.webui.keyword.internal.WebUIAbstractKeyword.findWebElements(WebUIAbstractKeyword.groovy:32)
	at com.kms.katalon.core.webui.keyword.WebUiBuiltInKeywords.findWebElements(WebUiBuiltInKeywords.groovy:2860)
	at com.kms.katalon.core.webui.keyword.WebUiBuiltInKeywords$findWebElements$19.call(Unknown Source)
	at EmptyCart_RunAt_HP.run(EmptyCart_RunAt_HP:39)
	at com.kms.katalon.core.main.ScriptEngine.run(ScriptEngine.java:194)
	at com.kms.katalon.core.main.ScriptEngine.runScriptAsRawText(ScriptEngine.java:119)
	at com.kms.katalon.core.main.TestCaseExecutor.runScript(TestCaseExecutor.java:448)
	at com.kms.katalon.core.main.TestCaseExecutor.doExecute(TestCaseExecutor.java:439)
	at com.kms.katalon.core.main.TestCaseExecutor.processExecutionPhase(TestCaseExecutor.java:418)
	at com.kms.katalon.core.main.TestCaseExecutor.accessMainPhase(TestCaseExecutor.java:410)
	at com.kms.katalon.core.main.TestCaseExecutor.execute(TestCaseExecutor.java:285)
	at com.kms.katalon.core.main.TestCaseMain.runTestCase(TestCaseMain.java:144)
	at com.kms.katalon.core.keyword.builtin.CallTestCaseKeyword$_callTestCase_closure1.doCall(CallTestCaseKeyword.groovy:59)
	at com.kms.katalon.core.keyword.builtin.CallTestCaseKeyword$_callTestCase_closure1.call(CallTestCaseKeyword.groovy)
	at com.kms.katalon.core.keyword.internal.KeywordMain.runKeyword(KeywordMain.groovy:75)
	at com.kms.katalon.core.keyword.builtin.CallTestCaseKeyword.callTestCase(CallTestCaseKeyword.groovy:81)
	at com.kms.katalon.core.keyword.builtin.CallTestCaseKeyword.execute(CallTestCaseKeyword.groovy:44)
	at com.kms.katalon.core.keyword.internal.KeywordExecutor.executeKeywordForPlatform(KeywordExecutor.groovy:74)
	at com.kms.katalon.core.keyword.BuiltinKeywords.callTestCase(BuiltinKeywords.groovy:310)
	at TS_SMOKE_SUITE_077.run(TS_SMOKE_SUITE_077:31)
	at com.kms.katalon.core.main.ScriptEngine.run(ScriptEngine.java:194)
	at com.kms.katalon.core.main.ScriptEngine.runScriptAsRawText(ScriptEngine.java:119)
	at com.kms.katalon.core.main.TestCaseExecutor.runScript(TestCaseExecutor.java:448)
	at com.kms.katalon.core.main.TestCaseExecutor.doExecute(TestCaseExecutor.java:439)
	at com.kms.katalon.core.main.TestCaseExecutor.processExecutionPhase(TestCaseExecutor.java:418)
	at com.kms.katalon.core.main.TestCaseExecutor.accessMainPhase(TestCaseExecutor.java:410)
	at com.kms.katalon.core.main.TestCaseExecutor.execute(TestCaseExecutor.java:285)
	at com.kms.katalon.core.common.CommonExecutor.accessTestCaseMainPhase(CommonExecutor.java:65)
	at com.kms.katalon.core.main.TestSuiteExecutor.accessTestSuiteMainPhase(TestSuiteExecutor.java:148)
	at com.kms.katalon.core.main.TestSuiteExecutor.execute(TestSuiteExecutor.java:106)
	at com.kms.katalon.core.main.TestCaseMain.startTestSuite(TestCaseMain.java:187)
	at com.kms.katalon.core.main.TestCaseMain$startTestSuite$0.call(Unknown Source)
	at TempTestSuite1692874420462.run(TempTestSuite1692874420462.groovy:36)


2023-08-24 17:30:28 - [MESSAGE][WARNING] - Unable to call Test Case 'Test Cases/CommonMethods/EmptyCart_RunAt_HP' (Root cause: com.kms.katalon.core.exception.StepErrorException: Call Test Case 'Test Cases/CommonMethods/EmptyCart_RunAt_HP' failed because of error(s)
	at com.kms.katalon.core.keyword.builtin.CallTestCaseKeyword$_callTestCase_closure1.doCall(CallTestCaseKeyword.groovy:66)
	at com.kms.katalon.core.keyword.builtin.CallTestCaseKeyword$_callTestCase_closure1.call(CallTestCaseKeyword.groovy)
	at com.kms.katalon.core.keyword.internal.KeywordMain.runKeyword(KeywordMain.groovy:75)
	at com.kms.katalon.core.keyword.builtin.CallTestCaseKeyword.callTestCase(CallTestCaseKeyword.groovy:81)
	at com.kms.katalon.core.keyword.builtin.CallTestCaseKeyword.execute(CallTestCaseKeyword.groovy:44)
	at com.kms.katalon.core.keyword.internal.KeywordExecutor.executeKeywordForPlatform(KeywordExecutor.groovy:74)
	at com.kms.katalon.core.keyword.BuiltinKeywords.callTestCase(BuiltinKeywords.groovy:310)
	at TS_SMOKE_SUITE_077.run(TS_SMOKE_SUITE_077:31)
	at com.kms.katalon.core.main.ScriptEngine.run(ScriptEngine.java:194)
	at com.kms.katalon.core.main.ScriptEngine.runScriptAsRawText(ScriptEngine.java:119)
	at com.kms.katalon.core.main.TestCaseExecutor.runScript(TestCaseExecutor.java:448)
	at com.kms.katalon.core.main.TestCaseExecutor.doExecute(TestCaseExecutor.java:439)
	at com.kms.katalon.core.main.TestCaseExecutor.processExecutionPhase(TestCaseExecutor.java:418)
	at com.kms.katalon.core.main.TestCaseExecutor.accessMainPhase(TestCaseExecutor.java:410)
	at com.kms.katalon.core.main.TestCaseExecutor.execute(TestCaseExecutor.java:285)
	at com.kms.katalon.core.common.CommonExecutor.accessTestCaseMainPhase(CommonExecutor.java:65)
	at com.kms.katalon.core.main.TestSuiteExecutor.accessTestSuiteMainPhase(TestSuiteExecutor.java:148)
	at com.kms.katalon.core.main.TestSuiteExecutor.execute(TestSuiteExecutor.java:106)
	at com.kms.katalon.core.main.TestCaseMain.startTestSuite(TestCaseMain.java:187)
	at com.kms.katalon.core.main.TestCaseMain$startTestSuite$0.call(Unknown Source)
	at TempTestSuite1692874420462.run(TempTestSuite1692874420462.groovy:36)
Caused by: java.lang.NullPointerException
	at com.kms.katalon.core.webui.common.WebUiCommonHelper.findElementsBySelectedMethod(WebUiCommonHelper.java:896)
	at com.kms.katalon.core.webui.common.WebUiCommonHelper.findElementsByDefault(WebUiCommonHelper.java:892)
	at com.kms.katalon.core.webui.common.WebUiCommonHelper.findWebElements(WebUiCommonHelper.java:720)
	at com.kms.katalon.core.webui.keyword.internal.WebUIAbstractKeyword.findWebElements(WebUIAbstractKeyword.groovy:32)
	at com.kms.katalon.core.webui.keyword.WebUiBuiltInKeywords.findWebElements(WebUiBuiltInKeywords.groovy:2860)
	at com.kms.katalon.core.webui.keyword.WebUiBuiltInKeywords$findWebElements$19.call(Unknown Source)
	at EmptyCart_RunAt_HP.run(EmptyCart_RunAt_HP:39)
	at com.kms.katalon.core.main.ScriptEngine.run(ScriptEngine.java:194)
	at com.kms.katalon.core.main.ScriptEngine.runScriptAsRawText(ScriptEngine.java:119)
	at com.kms.katalon.core.main.TestCaseExecutor.runScript(TestCaseExecutor.java:448)
	at com.kms.katalon.core.main.TestCaseExecutor.doExecute(TestCaseExecutor.java:439)
	at com.kms.katalon.core.main.TestCaseExecutor.processExecutionPhase(TestCaseExecutor.java:418)
	at com.kms.katalon.core.main.TestCaseExecutor.accessMainPhase(TestCaseExecutor.java:410)
	at com.kms.katalon.core.main.TestCaseExecutor.execute(TestCaseExecutor.java:285)
	at com.kms.katalon.core.main.TestCaseMain.runTestCase(TestCaseMain.java:144)
	at com.kms.katalon.core.keyword.builtin.CallTestCaseKeyword$_callTestCase_closure1.doCall(CallTestCaseKeyword.groovy:59)
	... 20 more
)

2023-08-24 17:30:28 - [TEST_STEP][PASSED] - click(findTestObject("HomePage/Logo_hp")): Object: 'Object Repository/HomePage/Logo_hp' is clicked on

2023-08-24 17:30:29 - [MESSAGE][PASSED] - Object: 'Object Repository/HomePage/Logo_hp' is clicked on

2023-08-24 17:30:29 - [TEST_STEP][PASSED] - callTestCase(findTestCase("CommonMethods/SearchForAProduct_search"), ["searchTerm":SLProduct], STOP_ON_FAILURE): Call Test Case 'Test Cases/CommonMethods/SearchForAProduct_search' successfully

2023-08-24 17:30:29 - [TEST_CASE][PASSED] - Test Cases/CommonMethods/SearchForAProduct_search: Test Cases/CommonMethods/SearchForAProduct_search

2023-08-24 17:30:29 - [TEST_STEP][PASSED] - click(findTestObject("HomePage/Buscar1"), STOP_ON_FAILURE): Object: 'Object Repository/HomePage/Buscar1' is clicked on

2023-08-24 17:30:30 - [MESSAGE][PASSED] - Object: 'Object Repository/HomePage/Buscar1' is clicked on

2023-08-24 17:30:30 - [TEST_STEP][PASSED] - delay(3): Delayed 3 second(s)

2023-08-24 17:30:33 - [MESSAGE][PASSED] - Delayed 3 second(s)

2023-08-24 17:30:33 - [TEST_STEP][PASSED] - setText(findTestObject("HomePage/Buscar1"), searchTerm): Text 'vaso' is set on object 'Object Repository/HomePage/Buscar1'

2023-08-24 17:30:35 - [MESSAGE][PASSED] - Text 'vaso' is set on object 'Object Repository/HomePage/Buscar1'

2023-08-24 17:30:35 - [TEST_STEP][PASSED] - delay(3): Delayed 3 second(s)

2023-08-24 17:30:38 - [MESSAGE][PASSED] - Delayed 3 second(s)

2023-08-24 17:30:38 - [TEST_STEP][PASSED] - sendKeys(findTestObject("HomePage/Seach_TextBox_hp"), Keys.chord(ENTER)): Keys 'ENTER + ' sent to object: 'Object Repository/HomePage/Seach_TextBox_hp'

2023-08-24 17:30:40 - [MESSAGE][PASSED] - Keys 'ENTER + ' sent to object: 'Object Repository/HomePage/Seach_TextBox_hp'

2023-08-24 17:30:40 - [MESSAGE][PASSED] - Call Test Case 'Test Cases/CommonMethods/SearchForAProduct_search' successfully

2023-08-24 17:30:40 - [TEST_STEP][PASSED] - click(findTestObject("PLPPage/product1_PLP"), OPTIONAL): Object: 'Object Repository/PLPPage/product1_PLP' is clicked on

2023-08-24 17:30:58 - [MESSAGE][PASSED] - Object: 'Object Repository/PLPPage/product1_PLP' is clicked on

2023-08-24 17:30:58 - [TEST_STEP][PASSED] - click(findTestObject("PDPPage/AddToCart_PDP")): Object: 'Object Repository/PDPPage/AddToCart_PDP' is clicked on

2023-08-24 17:31:10 - [MESSAGE][PASSED] - Object: 'Object Repository/PDPPage/AddToCart_PDP' is clicked on

2023-08-24 17:31:10 - [TEST_STEP][PASSED] - click(findTestObject("HomePage/bag_header_HP")): Object: 'Object Repository/HomePage/bag_header_HP' is clicked on

2023-08-24 17:31:13 - [MESSAGE][PASSED] - Object: 'Object Repository/HomePage/bag_header_HP' is clicked on

2023-08-24 17:31:13 - [TEST_STEP][PASSED] - click(findTestObject("CartPage/BuyButton_Cart")): Object: 'Object Repository/CartPage/BuyButton_Cart' is clicked on

2023-08-24 17:31:16 - [MESSAGE][PASSED] - Object: 'Object Repository/CartPage/BuyButton_Cart' is clicked on

2023-08-24 17:31:16 - [TEST_STEP][FAILED] - callTestCase(findTestCase("CommonMethods/create_new_CARD_OPC"), [:], STOP_ON_FAILURE): Unable to call Test Case 'Test Cases/CommonMethods/create_new_CARD_OPC' (Root cause: com.kms.katalon.core.exception.StepFailedException: Call Test Case 'Test Cases/CommonMethods/create_new_CARD_OPC' failed
	at com.kms.katalon.core.keyword.builtin.CallTestCaseKeyword$_callTestCase_closure1.doCall(CallTestCaseKeyword.groovy:63)
	at com.kms.katalon.core.keyword.builtin.CallTestCaseKeyword$_callTestCase_closure1.call(CallTestCaseKeyword.groovy)
	at com.kms.katalon.core.keyword.internal.KeywordMain.runKeyword(KeywordMain.groovy:75)
	at com.kms.katalon.core.keyword.builtin.CallTestCaseKeyword.callTestCase(CallTestCaseKeyword.groovy:81)
	at com.kms.katalon.core.keyword.builtin.CallTestCaseKeyword.execute(CallTestCaseKeyword.groovy:44)
	at com.kms.katalon.core.keyword.internal.KeywordExecutor.executeKeywordForPlatform(KeywordExecutor.groovy:74)
	at com.kms.katalon.core.keyword.BuiltinKeywords.callTestCase(BuiltinKeywords.groovy:310)
	at TS_SMOKE_SUITE_077.run(TS_SMOKE_SUITE_077:46)
	at com.kms.katalon.core.main.ScriptEngine.run(ScriptEngine.java:194)
	at com.kms.katalon.core.main.ScriptEngine.runScriptAsRawText(ScriptEngine.java:119)
	at com.kms.katalon.core.main.TestCaseExecutor.runScript(TestCaseExecutor.java:448)
	at com.kms.katalon.core.main.TestCaseExecutor.doExecute(TestCaseExecutor.java:439)
	at com.kms.katalon.core.main.TestCaseExecutor.processExecutionPhase(TestCaseExecutor.java:418)
	at com.kms.katalon.core.main.TestCaseExecutor.accessMainPhase(TestCaseExecutor.java:410)
	at com.kms.katalon.core.main.TestCaseExecutor.execute(TestCaseExecutor.java:285)
	at com.kms.katalon.core.common.CommonExecutor.accessTestCaseMainPhase(CommonExecutor.java:65)
	at com.kms.katalon.core.main.TestSuiteExecutor.accessTestSuiteMainPhase(TestSuiteExecutor.java:148)
	at com.kms.katalon.core.main.TestSuiteExecutor.execute(TestSuiteExecutor.java:106)
	at com.kms.katalon.core.main.TestCaseMain.startTestSuite(TestCaseMain.java:187)
	at com.kms.katalon.core.main.TestCaseMain$startTestSuite$0.call(Unknown Source)
	at TempTestSuite1692874420462.run(TempTestSuite1692874420462.groovy:36)
Caused by: com.kms.katalon.core.exception.StepFailedException: Unable to set text '4111111736417976' of object 'Object Repository/OPCPage/newCardNumber_OPC'
	at com.kms.katalon.core.webui.keyword.internal.WebUIKeywordMain.stepFailed(WebUIKeywordMain.groovy:64)
	at com.kms.katalon.core.webui.keyword.internal.WebUIKeywordMain.runKeyword(WebUIKeywordMain.groovy:26)
	at com.kms.katalon.core.webui.keyword.builtin.SetTextKeyword.setText(SetTextKeyword.groovy:66)
	at com.kms.katalon.core.webui.keyword.builtin.SetTextKeyword.execute(SetTextKeyword.groovy:37)
	at com.kms.katalon.core.keyword.internal.KeywordExecutor.executeKeywordForPlatform(KeywordExecutor.groovy:74)
	at com.kms.katalon.core.webui.keyword.WebUiBuiltInKeywords.setText(WebUiBuiltInKeywords.groovy:980)
	at com.kms.katalon.core.webui.keyword.WebUiBuiltInKeywords$setText$3.call(Unknown Source)
	at create_new_CARD_OPC.run(create_new_CARD_OPC:34)
	at com.kms.katalon.core.main.ScriptEngine.run(ScriptEngine.java:194)
	at com.kms.katalon.core.main.ScriptEngine.runScriptAsRawText(ScriptEngine.java:119)
	at com.kms.katalon.core.main.TestCaseExecutor.runScript(TestCaseExecutor.java:448)
	at com.kms.katalon.core.main.TestCaseExecutor.doExecute(TestCaseExecutor.java:439)
	at com.kms.katalon.core.main.TestCaseExecutor.processExecutionPhase(TestCaseExecutor.java:418)
	at com.kms.katalon.core.main.TestCaseExecutor.accessMainPhase(TestCaseExecutor.java:410)
	at com.kms.katalon.core.main.TestCaseExecutor.execute(TestCaseExecutor.java:285)
	at com.kms.katalon.core.main.TestCaseMain.runTestCase(TestCaseMain.java:144)
	at com.kms.katalon.core.keyword.builtin.CallTestCaseKeyword$_callTestCase_closure1.doCall(CallTestCaseKeyword.groovy:59)
	... 20 more
Caused by: com.kms.katalon.core.webui.exception.WebElementNotFoundException: Web element with id: 'Object Repository/OPCPage/newCardNumber_OPC' located by '//div[@class='m-textField mdc-text-field mdc-text-field--outlined mdc-text-field--valid']//input[@name='cardNumber']' not found
	at com.kms.katalon.core.webui.common.WebUiCommonHelper.findWebElement(WebUiCommonHelper.java:1381)
	at com.kms.katalon.core.webui.keyword.internal.WebUIAbstractKeyword.findWebElement(WebUIAbstractKeyword.groovy:27)
	at com.kms.katalon.core.webui.keyword.internal.WebUIAbstractKeyword.findWebElement(WebUIAbstractKeyword.groovy:26)
	at com.kms.katalon.core.webui.keyword.builtin.SetTextKeyword$_setText_closure1.doCall(SetTextKeyword.groovy:51)
	at com.kms.katalon.core.webui.keyword.builtin.SetTextKeyword$_setText_closure1.call(SetTextKeyword.groovy)
	at com.kms.katalon.core.webui.keyword.internal.WebUIKeywordMain.runKeyword(WebUIKeywordMain.groovy:20)
	... 35 more
)

2023-08-24 17:31:16 - [TEST_CASE][FAILED] - Test Cases/CommonMethods/create_new_CARD_OPC: Test Cases/CommonMethods/create_new_CARD_OPC FAILED.
Reason:
com.kms.katalon.core.exception.StepFailedException: Unable to set text '4111111736417976' of object 'Object Repository/OPCPage/newCardNumber_OPC'
	at com.kms.katalon.core.webui.keyword.internal.WebUIKeywordMain.stepFailed(WebUIKeywordMain.groovy:64)
	at com.kms.katalon.core.webui.keyword.internal.WebUIKeywordMain.runKeyword(WebUIKeywordMain.groovy:26)
	at com.kms.katalon.core.webui.keyword.builtin.SetTextKeyword.setText(SetTextKeyword.groovy:66)
	at com.kms.katalon.core.webui.keyword.builtin.SetTextKeyword.execute(SetTextKeyword.groovy:37)
	at com.kms.katalon.core.keyword.internal.KeywordExecutor.executeKeywordForPlatform(KeywordExecutor.groovy:74)
	at com.kms.katalon.core.webui.keyword.WebUiBuiltInKeywords.setText(WebUiBuiltInKeywords.groovy:980)
	at com.kms.katalon.core.webui.keyword.WebUiBuiltInKeywords$setText$3.call(Unknown Source)
	at create_new_CARD_OPC.run(create_new_CARD_OPC:34)
	at com.kms.katalon.core.main.ScriptEngine.run(ScriptEngine.java:194)
	at com.kms.katalon.core.main.ScriptEngine.runScriptAsRawText(ScriptEngine.java:119)
	at com.kms.katalon.core.main.TestCaseExecutor.runScript(TestCaseExecutor.java:448)
	at com.kms.katalon.core.main.TestCaseExecutor.doExecute(TestCaseExecutor.java:439)
	at com.kms.katalon.core.main.TestCaseExecutor.processExecutionPhase(TestCaseExecutor.java:418)
	at com.kms.katalon.core.main.TestCaseExecutor.accessMainPhase(TestCaseExecutor.java:410)
	at com.kms.katalon.core.main.TestCaseExecutor.execute(TestCaseExecutor.java:285)
	at com.kms.katalon.core.main.TestCaseMain.runTestCase(TestCaseMain.java:144)
	at com.kms.katalon.core.keyword.builtin.CallTestCaseKeyword$_callTestCase_closure1.doCall(CallTestCaseKeyword.groovy:59)
	at com.kms.katalon.core.keyword.builtin.CallTestCaseKeyword$_callTestCase_closure1.call(CallTestCaseKeyword.groovy)
	at com.kms.katalon.core.keyword.internal.KeywordMain.runKeyword(KeywordMain.groovy:75)
	at com.kms.katalon.core.keyword.builtin.CallTestCaseKeyword.callTestCase(CallTestCaseKeyword.groovy:81)
	at com.kms.katalon.core.keyword.builtin.CallTestCaseKeyword.execute(CallTestCaseKeyword.groovy:44)
	at com.kms.katalon.core.keyword.internal.KeywordExecutor.executeKeywordForPlatform(KeywordExecutor.groovy:74)
	at com.kms.katalon.core.keyword.BuiltinKeywords.callTestCase(BuiltinKeywords.groovy:310)
	at TS_SMOKE_SUITE_077.run(TS_SMOKE_SUITE_077:46)
	at com.kms.katalon.core.main.ScriptEngine.run(ScriptEngine.java:194)
	at com.kms.katalon.core.main.ScriptEngine.runScriptAsRawText(ScriptEngine.java:119)
	at com.kms.katalon.core.main.TestCaseExecutor.runScript(TestCaseExecutor.java:448)
	at com.kms.katalon.core.main.TestCaseExecutor.doExecute(TestCaseExecutor.java:439)
	at com.kms.katalon.core.main.TestCaseExecutor.processExecutionPhase(TestCaseExecutor.java:418)
	at com.kms.katalon.core.main.TestCaseExecutor.accessMainPhase(TestCaseExecutor.java:410)
	at com.kms.katalon.core.main.TestCaseExecutor.execute(TestCaseExecutor.java:285)
	at com.kms.katalon.core.common.CommonExecutor.accessTestCaseMainPhase(CommonExecutor.java:65)
	at com.kms.katalon.core.main.TestSuiteExecutor.accessTestSuiteMainPhase(TestSuiteExecutor.java:148)
	at com.kms.katalon.core.main.TestSuiteExecutor.execute(TestSuiteExecutor.java:106)
	at com.kms.katalon.core.main.TestCaseMain.startTestSuite(TestCaseMain.java:187)
	at com.kms.katalon.core.main.TestCaseMain$startTestSuite$0.call(Unknown Source)
	at TempTestSuite1692874420462.run(TempTestSuite1692874420462.groovy:36)
Caused by: com.kms.katalon.core.webui.exception.WebElementNotFoundException: Web element with id: 'Object Repository/OPCPage/newCardNumber_OPC' located by '//div[@class='m-textField mdc-text-field mdc-text-field--outlined mdc-text-field--valid']//input[@name='cardNumber']' not found
	at com.kms.katalon.core.webui.common.WebUiCommonHelper.findWebElement(WebUiCommonHelper.java:1381)
	at com.kms.katalon.core.webui.keyword.internal.WebUIAbstractKeyword.findWebElement(WebUIAbstractKeyword.groovy:27)
	at com.kms.katalon.core.webui.keyword.internal.WebUIAbstractKeyword.findWebElement(WebUIAbstractKeyword.groovy:26)
	at com.kms.katalon.core.webui.keyword.builtin.SetTextKeyword$_setText_closure1.doCall(SetTextKeyword.groovy:51)
	at com.kms.katalon.core.webui.keyword.builtin.SetTextKeyword$_setText_closure1.call(SetTextKeyword.groovy)
	at com.kms.katalon.core.webui.keyword.internal.WebUIKeywordMain.runKeyword(WebUIKeywordMain.groovy:20)
	... 35 more


2023-08-24 17:31:16 - [TEST_STEP][PASSED] - click(findTestObject("OPCPage/paymentMethod_change_OPC"), OPTIONAL): Unable to click on object 'Object Repository/OPCPage/paymentMethod_change_OPC' (Root cause: com.kms.katalon.core.exception.StepFailedException: Unable to click on object 'Object Repository/OPCPage/paymentMethod_change_OPC'
	at com.kms.katalon.core.webui.keyword.internal.WebUIKeywordMain.stepFailed(WebUIKeywordMain.groovy:64)
	at com.kms.katalon.core.webui.keyword.internal.WebUIKeywordMain.runKeyword(WebUIKeywordMain.groovy:26)
	at com.kms.katalon.core.webui.keyword.builtin.ClickKeyword.click(ClickKeyword.groovy:74)
	at com.kms.katalon.core.webui.keyword.builtin.ClickKeyword.execute(ClickKeyword.groovy:40)
	at com.kms.katalon.core.keyword.internal.KeywordExecutor.executeKeywordForPlatform(KeywordExecutor.groovy:74)
	at com.kms.katalon.core.webui.keyword.WebUiBuiltInKeywords.click(WebUiBuiltInKeywords.groovy:608)
	at com.kms.katalon.core.webui.keyword.WebUiBuiltInKeywords$click$11.call(Unknown Source)
	at create_new_CARD_OPC.run(create_new_CARD_OPC:21)
	at com.kms.katalon.core.main.ScriptEngine.run(ScriptEngine.java:194)
	at com.kms.katalon.core.main.ScriptEngine.runScriptAsRawText(ScriptEngine.java:119)
	at com.kms.katalon.core.main.TestCaseExecutor.runScript(TestCaseExecutor.java:448)
	at com.kms.katalon.core.main.TestCaseExecutor.doExecute(TestCaseExecutor.java:439)
	at com.kms.katalon.core.main.TestCaseExecutor.processExecutionPhase(TestCaseExecutor.java:418)
	at com.kms.katalon.core.main.TestCaseExecutor.accessMainPhase(TestCaseExecutor.java:410)
	at com.kms.katalon.core.main.TestCaseExecutor.execute(TestCaseExecutor.java:285)
	at com.kms.katalon.core.main.TestCaseMain.runTestCase(TestCaseMain.java:144)
	at com.kms.katalon.core.keyword.builtin.CallTestCaseKeyword$_callTestCase_closure1.doCall(CallTestCaseKeyword.groovy:59)
	at com.kms.katalon.core.keyword.builtin.CallTestCaseKeyword$_callTestCase_closure1.call(CallTestCaseKeyword.groovy)
	at com.kms.katalon.core.keyword.internal.KeywordMain.runKeyword(KeywordMain.groovy:75)
	at com.kms.katalon.core.keyword.builtin.CallTestCaseKeyword.callTestCase(CallTestCaseKeyword.groovy:81)
	at com.kms.katalon.core.keyword.builtin.CallTestCaseKeyword.execute(CallTestCaseKeyword.groovy:44)
	at com.kms.katalon.core.keyword.internal.KeywordExecutor.executeKeywordForPlatform(KeywordExecutor.groovy:74)
	at com.kms.katalon.core.keyword.BuiltinKeywords.callTestCase(BuiltinKeywords.groovy:310)
	at TS_SMOKE_SUITE_077.run(TS_SMOKE_SUITE_077:46)
	at com.kms.katalon.core.main.ScriptEngine.run(ScriptEngine.java:194)
	at com.kms.katalon.core.main.ScriptEngine.runScriptAsRawText(ScriptEngine.java:119)
	at com.kms.katalon.core.main.TestCaseExecutor.runScript(TestCaseExecutor.java:448)
	at com.kms.katalon.core.main.TestCaseExecutor.doExecute(TestCaseExecutor.java:439)
	at com.kms.katalon.core.main.TestCaseExecutor.processExecutionPhase(TestCaseExecutor.java:418)
	at com.kms.katalon.core.main.TestCaseExecutor.accessMainPhase(TestCaseExecutor.java:410)
	at com.kms.katalon.core.main.TestCaseExecutor.execute(TestCaseExecutor.java:285)
	at com.kms.katalon.core.common.CommonExecutor.accessTestCaseMainPhase(CommonExecutor.java:65)
	at com.kms.katalon.core.main.TestSuiteExecutor.accessTestSuiteMainPhase(TestSuiteExecutor.java:148)
	at com.kms.katalon.core.main.TestSuiteExecutor.execute(TestSuiteExecutor.java:106)
	at com.kms.katalon.core.main.TestCaseMain.startTestSuite(TestCaseMain.java:187)
	at com.kms.katalon.core.main.TestCaseMain$startTestSuite$0.call(Unknown Source)
	at TempTestSuite1692874420462.run(TempTestSuite1692874420462.groovy:36)
Caused by: com.kms.katalon.core.webui.exception.WebElementNotFoundException: Web element with id: 'Object Repository/OPCPage/paymentMethod_change_OPC' located by '//div[@class='opc_PayMethod_background']//div[@class='a-box__accordionIcon float-right']' not found
	at com.kms.katalon.core.webui.common.WebUiCommonHelper.findWebElement(WebUiCommonHelper.java:1381)
	at com.kms.katalon.core.webui.keyword.internal.WebUIAbstractKeyword.findWebElement(WebUIAbstractKeyword.groovy:27)
	at com.kms.katalon.core.webui.keyword.builtin.ClickKeyword$_click_closure1.doCall(ClickKeyword.groovy:65)
	at com.kms.katalon.core.webui.keyword.builtin.ClickKeyword$_click_closure1.call(ClickKeyword.groovy)
	at com.kms.katalon.core.webui.keyword.internal.WebUIKeywordMain.runKeyword(WebUIKeywordMain.groovy:20)
	at com.kms.katalon.core.webui.keyword.builtin.ClickKeyword.click(ClickKeyword.groovy:74)
	at com.kms.katalon.core.webui.keyword.builtin.ClickKeyword.execute(ClickKeyword.groovy:40)
	at com.kms.katalon.core.keyword.internal.KeywordExecutor.executeKeywordForPlatform(KeywordExecutor.groovy:74)
	at com.kms.katalon.core.webui.keyword.WebUiBuiltInKeywords.click(WebUiBuiltInKeywords.groovy:608)
	at com.kms.katalon.core.webui.keyword.WebUiBuiltInKeywords$click$11.call(Unknown Source)
	at Script1684101683596.run(Script1684101683596.groovy:21)
	at com.kms.katalon.core.main.ScriptEngine.run(ScriptEngine.java:194)
	at com.kms.katalon.core.main.ScriptEngine.runScriptAsRawText(ScriptEngine.java:119)
	at com.kms.katalon.core.main.TestCaseExecutor.runScript(TestCaseExecutor.java:448)
	at com.kms.katalon.core.main.TestCaseExecutor.doExecute(TestCaseExecutor.java:439)
	at com.kms.katalon.core.main.TestCaseExecutor.processExecutionPhase(TestCaseExecutor.java:418)
	at com.kms.katalon.core.main.TestCaseExecutor.accessMainPhase(TestCaseExecutor.java:410)
	at com.kms.katalon.core.main.TestCaseExecutor.execute(TestCaseExecutor.java:285)
	at com.kms.katalon.core.main.TestCaseMain.runTestCase(TestCaseMain.java:144)
	at com.kms.katalon.core.keyword.builtin.CallTestCaseKeyword$_callTestCase_closure1.doCall(CallTestCaseKeyword.groovy:59)
	at com.kms.katalon.core.keyword.builtin.CallTestCaseKeyword$_callTestCase_closure1.call(CallTestCaseKeyword.groovy)
	at com.kms.katalon.core.keyword.internal.KeywordMain.runKeyword(KeywordMain.groovy:75)
	at com.kms.katalon.core.keyword.builtin.CallTestCaseKeyword.callTestCase(CallTestCaseKeyword.groovy:81)
	at com.kms.katalon.core.keyword.builtin.CallTestCaseKeyword.execute(CallTestCaseKeyword.groovy:44)
	at com.kms.katalon.core.keyword.internal.KeywordExecutor.executeKeywordForPlatform(KeywordExecutor.groovy:74)
	at com.kms.katalon.core.keyword.BuiltinKeywords.callTestCase(BuiltinKeywords.groovy:310)
	at Script1691525490171.run(Script1691525490171.groovy:46)
	... 13 more
)

2023-08-24 17:31:47 - [MESSAGE][INFO] - Unable to find the element located by 'By.xpath: //div[@class='opc_PayMethod_background']//div[@class='a-box__accordionIcon float-right']'. Please recheck the objects properties to make sure the desired element is located. 

2023-08-24 17:31:47 - [MESSAGE][WARNING] - Unable to click on object 'Object Repository/OPCPage/paymentMethod_change_OPC' (Root cause: com.kms.katalon.core.exception.StepFailedException: Unable to click on object 'Object Repository/OPCPage/paymentMethod_change_OPC'
	at com.kms.katalon.core.webui.keyword.internal.WebUIKeywordMain.stepFailed(WebUIKeywordMain.groovy:64)
	at com.kms.katalon.core.webui.keyword.internal.WebUIKeywordMain.runKeyword(WebUIKeywordMain.groovy:26)
	at com.kms.katalon.core.webui.keyword.builtin.ClickKeyword.click(ClickKeyword.groovy:74)
	at com.kms.katalon.core.webui.keyword.builtin.ClickKeyword.execute(ClickKeyword.groovy:40)
	at com.kms.katalon.core.keyword.internal.KeywordExecutor.executeKeywordForPlatform(KeywordExecutor.groovy:74)
	at com.kms.katalon.core.webui.keyword.WebUiBuiltInKeywords.click(WebUiBuiltInKeywords.groovy:608)
	at com.kms.katalon.core.webui.keyword.WebUiBuiltInKeywords$click$11.call(Unknown Source)
	at create_new_CARD_OPC.run(create_new_CARD_OPC:21)
	at com.kms.katalon.core.main.ScriptEngine.run(ScriptEngine.java:194)
	at com.kms.katalon.core.main.ScriptEngine.runScriptAsRawText(ScriptEngine.java:119)
	at com.kms.katalon.core.main.TestCaseExecutor.runScript(TestCaseExecutor.java:448)
	at com.kms.katalon.core.main.TestCaseExecutor.doExecute(TestCaseExecutor.java:439)
	at com.kms.katalon.core.main.TestCaseExecutor.processExecutionPhase(TestCaseExecutor.java:418)
	at com.kms.katalon.core.main.TestCaseExecutor.accessMainPhase(TestCaseExecutor.java:410)
	at com.kms.katalon.core.main.TestCaseExecutor.execute(TestCaseExecutor.java:285)
	at com.kms.katalon.core.main.TestCaseMain.runTestCase(TestCaseMain.java:144)
	at com.kms.katalon.core.keyword.builtin.CallTestCaseKeyword$_callTestCase_closure1.doCall(CallTestCaseKeyword.groovy:59)
	at com.kms.katalon.core.keyword.builtin.CallTestCaseKeyword$_callTestCase_closure1.call(CallTestCaseKeyword.groovy)
	at com.kms.katalon.core.keyword.internal.KeywordMain.runKeyword(KeywordMain.groovy:75)
	at com.kms.katalon.core.keyword.builtin.CallTestCaseKeyword.callTestCase(CallTestCaseKeyword.groovy:81)
	at com.kms.katalon.core.keyword.builtin.CallTestCaseKeyword.execute(CallTestCaseKeyword.groovy:44)
	at com.kms.katalon.core.keyword.internal.KeywordExecutor.executeKeywordForPlatform(KeywordExecutor.groovy:74)
	at com.kms.katalon.core.keyword.BuiltinKeywords.callTestCase(BuiltinKeywords.groovy:310)
	at TS_SMOKE_SUITE_077.run(TS_SMOKE_SUITE_077:46)
	at com.kms.katalon.core.main.ScriptEngine.run(ScriptEngine.java:194)
	at com.kms.katalon.core.main.ScriptEngine.runScriptAsRawText(ScriptEngine.java:119)
	at com.kms.katalon.core.main.TestCaseExecutor.runScript(TestCaseExecutor.java:448)
	at com.kms.katalon.core.main.TestCaseExecutor.doExecute(TestCaseExecutor.java:439)
	at com.kms.katalon.core.main.TestCaseExecutor.processExecutionPhase(TestCaseExecutor.java:418)
	at com.kms.katalon.core.main.TestCaseExecutor.accessMainPhase(TestCaseExecutor.java:410)
	at com.kms.katalon.core.main.TestCaseExecutor.execute(TestCaseExecutor.java:285)
	at com.kms.katalon.core.common.CommonExecutor.accessTestCaseMainPhase(CommonExecutor.java:65)
	at com.kms.katalon.core.main.TestSuiteExecutor.accessTestSuiteMainPhase(TestSuiteExecutor.java:148)
	at com.kms.katalon.core.main.TestSuiteExecutor.execute(TestSuiteExecutor.java:106)
	at com.kms.katalon.core.main.TestCaseMain.startTestSuite(TestCaseMain.java:187)
	at com.kms.katalon.core.main.TestCaseMain$startTestSuite$0.call(Unknown Source)
	at TempTestSuite1692874420462.run(TempTestSuite1692874420462.groovy:36)
Caused by: com.kms.katalon.core.webui.exception.WebElementNotFoundException: Web element with id: 'Object Repository/OPCPage/paymentMethod_change_OPC' located by '//div[@class='opc_PayMethod_background']//div[@class='a-box__accordionIcon float-right']' not found
	at com.kms.katalon.core.webui.common.WebUiCommonHelper.findWebElement(WebUiCommonHelper.java:1381)
	at com.kms.katalon.core.webui.keyword.internal.WebUIAbstractKeyword.findWebElement(WebUIAbstractKeyword.groovy:27)
	at com.kms.katalon.core.webui.keyword.builtin.ClickKeyword$_click_closure1.doCall(ClickKeyword.groovy:65)
	at com.kms.katalon.core.webui.keyword.builtin.ClickKeyword$_click_closure1.call(ClickKeyword.groovy)
	at com.kms.katalon.core.webui.keyword.internal.WebUIKeywordMain.runKeyword(WebUIKeywordMain.groovy:20)
	at com.kms.katalon.core.webui.keyword.builtin.ClickKeyword.click(ClickKeyword.groovy:74)
	at com.kms.katalon.core.webui.keyword.builtin.ClickKeyword.execute(ClickKeyword.groovy:40)
	at com.kms.katalon.core.keyword.internal.KeywordExecutor.executeKeywordForPlatform(KeywordExecutor.groovy:74)
	at com.kms.katalon.core.webui.keyword.WebUiBuiltInKeywords.click(WebUiBuiltInKeywords.groovy:608)
	at com.kms.katalon.core.webui.keyword.WebUiBuiltInKeywords$click$11.call(Unknown Source)
	at Script1684101683596.run(Script1684101683596.groovy:21)
	at com.kms.katalon.core.main.ScriptEngine.run(ScriptEngine.java:194)
	at com.kms.katalon.core.main.ScriptEngine.runScriptAsRawText(ScriptEngine.java:119)
	at com.kms.katalon.core.main.TestCaseExecutor.runScript(TestCaseExecutor.java:448)
	at com.kms.katalon.core.main.TestCaseExecutor.doExecute(TestCaseExecutor.java:439)
	at com.kms.katalon.core.main.TestCaseExecutor.processExecutionPhase(TestCaseExecutor.java:418)
	at com.kms.katalon.core.main.TestCaseExecutor.accessMainPhase(TestCaseExecutor.java:410)
	at com.kms.katalon.core.main.TestCaseExecutor.execute(TestCaseExecutor.java:285)
	at com.kms.katalon.core.main.TestCaseMain.runTestCase(TestCaseMain.java:144)
	at com.kms.katalon.core.keyword.builtin.CallTestCaseKeyword$_callTestCase_closure1.doCall(CallTestCaseKeyword.groovy:59)
	at com.kms.katalon.core.keyword.builtin.CallTestCaseKeyword$_callTestCase_closure1.call(CallTestCaseKeyword.groovy)
	at com.kms.katalon.core.keyword.internal.KeywordMain.runKeyword(KeywordMain.groovy:75)
	at com.kms.katalon.core.keyword.builtin.CallTestCaseKeyword.callTestCase(CallTestCaseKeyword.groovy:81)
	at com.kms.katalon.core.keyword.builtin.CallTestCaseKeyword.execute(CallTestCaseKeyword.groovy:44)
	at com.kms.katalon.core.keyword.internal.KeywordExecutor.executeKeywordForPlatform(KeywordExecutor.groovy:74)
	at com.kms.katalon.core.keyword.BuiltinKeywords.callTestCase(BuiltinKeywords.groovy:310)
	at Script1691525490171.run(Script1691525490171.groovy:46)
	... 13 more
)
[[ATTACHMENT|D:\\backup\\LiverpoolProject_SmokeSuite\\Reports\\20230824_162340\\SmokeSuite_AllModules\\20230824_162340\\1692878507670.png]]

2023-08-24 17:31:47 - [TEST_STEP][PASSED] - click(findTestObject("OPCPage/Payment_Method_Card_OPC"), OPTIONAL): Unable to click on object 'Object Repository/OPCPage/Payment_Method_Card_OPC' (Root cause: com.kms.katalon.core.exception.StepFailedException: Unable to click on object 'Object Repository/OPCPage/Payment_Method_Card_OPC'
	at com.kms.katalon.core.webui.keyword.internal.WebUIKeywordMain.stepFailed(WebUIKeywordMain.groovy:64)
	at com.kms.katalon.core.webui.keyword.internal.WebUIKeywordMain.runKeyword(WebUIKeywordMain.groovy:26)
	at com.kms.katalon.core.webui.keyword.builtin.ClickKeyword.click(ClickKeyword.groovy:74)
	at com.kms.katalon.core.webui.keyword.builtin.ClickKeyword.execute(ClickKeyword.groovy:40)
	at com.kms.katalon.core.keyword.internal.KeywordExecutor.executeKeywordForPlatform(KeywordExecutor.groovy:74)
	at com.kms.katalon.core.webui.keyword.WebUiBuiltInKeywords.click(WebUiBuiltInKeywords.groovy:608)
	at com.kms.katalon.core.webui.keyword.WebUiBuiltInKeywords$click$11.call(Unknown Source)
	at create_new_CARD_OPC.run(create_new_CARD_OPC:23)
	at com.kms.katalon.core.main.ScriptEngine.run(ScriptEngine.java:194)
	at com.kms.katalon.core.main.ScriptEngine.runScriptAsRawText(ScriptEngine.java:119)
	at com.kms.katalon.core.main.TestCaseExecutor.runScript(TestCaseExecutor.java:448)
	at com.kms.katalon.core.main.TestCaseExecutor.doExecute(TestCaseExecutor.java:439)
	at com.kms.katalon.core.main.TestCaseExecutor.processExecutionPhase(TestCaseExecutor.java:418)
	at com.kms.katalon.core.main.TestCaseExecutor.accessMainPhase(TestCaseExecutor.java:410)
	at com.kms.katalon.core.main.TestCaseExecutor.execute(TestCaseExecutor.java:285)
	at com.kms.katalon.core.main.TestCaseMain.runTestCase(TestCaseMain.java:144)
	at com.kms.katalon.core.keyword.builtin.CallTestCaseKeyword$_callTestCase_closure1.doCall(CallTestCaseKeyword.groovy:59)
	at com.kms.katalon.core.keyword.builtin.CallTestCaseKeyword$_callTestCase_closure1.call(CallTestCaseKeyword.groovy)
	at com.kms.katalon.core.keyword.internal.KeywordMain.runKeyword(KeywordMain.groovy:75)
	at com.kms.katalon.core.keyword.builtin.CallTestCaseKeyword.callTestCase(CallTestCaseKeyword.groovy:81)
	at com.kms.katalon.core.keyword.builtin.CallTestCaseKeyword.execute(CallTestCaseKeyword.groovy:44)
	at com.kms.katalon.core.keyword.internal.KeywordExecutor.executeKeywordForPlatform(KeywordExecutor.groovy:74)
	at com.kms.katalon.core.keyword.BuiltinKeywords.callTestCase(BuiltinKeywords.groovy:310)
	at TS_SMOKE_SUITE_077.run(TS_SMOKE_SUITE_077:46)
	at com.kms.katalon.core.main.ScriptEngine.run(ScriptEngine.java:194)
	at com.kms.katalon.core.main.ScriptEngine.runScriptAsRawText(ScriptEngine.java:119)
	at com.kms.katalon.core.main.TestCaseExecutor.runScript(TestCaseExecutor.java:448)
	at com.kms.katalon.core.main.TestCaseExecutor.doExecute(TestCaseExecutor.java:439)
	at com.kms.katalon.core.main.TestCaseExecutor.processExecutionPhase(TestCaseExecutor.java:418)
	at com.kms.katalon.core.main.TestCaseExecutor.accessMainPhase(TestCaseExecutor.java:410)
	at com.kms.katalon.core.main.TestCaseExecutor.execute(TestCaseExecutor.java:285)
	at com.kms.katalon.core.common.CommonExecutor.accessTestCaseMainPhase(CommonExecutor.java:65)
	at com.kms.katalon.core.main.TestSuiteExecutor.accessTestSuiteMainPhase(TestSuiteExecutor.java:148)
	at com.kms.katalon.core.main.TestSuiteExecutor.execute(TestSuiteExecutor.java:106)
	at com.kms.katalon.core.main.TestCaseMain.startTestSuite(TestCaseMain.java:187)
	at com.kms.katalon.core.main.TestCaseMain$startTestSuite$0.call(Unknown Source)
	at TempTestSuite1692874420462.run(TempTestSuite1692874420462.groovy:36)
Caused by: com.kms.katalon.core.webui.exception.WebElementNotFoundException: Web element with id: 'Object Repository/OPCPage/Payment_Method_Card_OPC' located by '//button[@class='modal-btn--address--select a-btn--onePageCheckout mb-lg-4 col-4']' not found
	at com.kms.katalon.core.webui.common.WebUiCommonHelper.findWebElement(WebUiCommonHelper.java:1381)
	at com.kms.katalon.core.webui.keyword.internal.WebUIAbstractKeyword.findWebElement(WebUIAbstractKeyword.groovy:27)
	at com.kms.katalon.core.webui.keyword.builtin.ClickKeyword$_click_closure1.doCall(ClickKeyword.groovy:65)
	at com.kms.katalon.core.webui.keyword.builtin.ClickKeyword$_click_closure1.call(ClickKeyword.groovy)
	at com.kms.katalon.core.webui.keyword.internal.WebUIKeywordMain.runKeyword(WebUIKeywordMain.groovy:20)
	at com.kms.katalon.core.webui.keyword.builtin.ClickKeyword.click(ClickKeyword.groovy:74)
	at com.kms.katalon.core.webui.keyword.builtin.ClickKeyword.execute(ClickKeyword.groovy:40)
	at com.kms.katalon.core.keyword.internal.KeywordExecutor.executeKeywordForPlatform(KeywordExecutor.groovy:74)
	at com.kms.katalon.core.webui.keyword.WebUiBuiltInKeywords.click(WebUiBuiltInKeywords.groovy:608)
	at com.kms.katalon.core.webui.keyword.WebUiBuiltInKeywords$click$11.call(Unknown Source)
	at Script1684101683596.run(Script1684101683596.groovy:23)
	at com.kms.katalon.core.main.ScriptEngine.run(ScriptEngine.java:194)
	at com.kms.katalon.core.main.ScriptEngine.runScriptAsRawText(ScriptEngine.java:119)
	at com.kms.katalon.core.main.TestCaseExecutor.runScript(TestCaseExecutor.java:448)
	at com.kms.katalon.core.main.TestCaseExecutor.doExecute(TestCaseExecutor.java:439)
	at com.kms.katalon.core.main.TestCaseExecutor.processExecutionPhase(TestCaseExecutor.java:418)
	at com.kms.katalon.core.main.TestCaseExecutor.accessMainPhase(TestCaseExecutor.java:410)
	at com.kms.katalon.core.main.TestCaseExecutor.execute(TestCaseExecutor.java:285)
	at com.kms.katalon.core.main.TestCaseMain.runTestCase(TestCaseMain.java:144)
	at com.kms.katalon.core.keyword.builtin.CallTestCaseKeyword$_callTestCase_closure1.doCall(CallTestCaseKeyword.groovy:59)
	at com.kms.katalon.core.keyword.builtin.CallTestCaseKeyword$_callTestCase_closure1.call(CallTestCaseKeyword.groovy)
	at com.kms.katalon.core.keyword.internal.KeywordMain.runKeyword(KeywordMain.groovy:75)
	at com.kms.katalon.core.keyword.builtin.CallTestCaseKeyword.callTestCase(CallTestCaseKeyword.groovy:81)
	at com.kms.katalon.core.keyword.builtin.CallTestCaseKeyword.execute(CallTestCaseKeyword.groovy:44)
	at com.kms.katalon.core.keyword.internal.KeywordExecutor.executeKeywordForPlatform(KeywordExecutor.groovy:74)
	at com.kms.katalon.core.keyword.BuiltinKeywords.callTestCase(BuiltinKeywords.groovy:310)
	at Script1691525490171.run(Script1691525490171.groovy:46)
	... 13 more
)

2023-08-24 17:32:18 - [MESSAGE][INFO] - Unable to find the element located by 'By.xpath: //button[@class='modal-btn--address--select a-btn--onePageCheckout mb-lg-4 col-4']'. Please recheck the objects properties to make sure the desired element is located. 

2023-08-24 17:32:19 - [MESSAGE][WARNING] - Unable to click on object 'Object Repository/OPCPage/Payment_Method_Card_OPC' (Root cause: com.kms.katalon.core.exception.StepFailedException: Unable to click on object 'Object Repository/OPCPage/Payment_Method_Card_OPC'
	at com.kms.katalon.core.webui.keyword.internal.WebUIKeywordMain.stepFailed(WebUIKeywordMain.groovy:64)
	at com.kms.katalon.core.webui.keyword.internal.WebUIKeywordMain.runKeyword(WebUIKeywordMain.groovy:26)
	at com.kms.katalon.core.webui.keyword.builtin.ClickKeyword.click(ClickKeyword.groovy:74)
	at com.kms.katalon.core.webui.keyword.builtin.ClickKeyword.execute(ClickKeyword.groovy:40)
	at com.kms.katalon.core.keyword.internal.KeywordExecutor.executeKeywordForPlatform(KeywordExecutor.groovy:74)
	at com.kms.katalon.core.webui.keyword.WebUiBuiltInKeywords.click(WebUiBuiltInKeywords.groovy:608)
	at com.kms.katalon.core.webui.keyword.WebUiBuiltInKeywords$click$11.call(Unknown Source)
	at create_new_CARD_OPC.run(create_new_CARD_OPC:23)
	at com.kms.katalon.core.main.ScriptEngine.run(ScriptEngine.java:194)
	at com.kms.katalon.core.main.ScriptEngine.runScriptAsRawText(ScriptEngine.java:119)
	at com.kms.katalon.core.main.TestCaseExecutor.runScript(TestCaseExecutor.java:448)
	at com.kms.katalon.core.main.TestCaseExecutor.doExecute(TestCaseExecutor.java:439)
	at com.kms.katalon.core.main.TestCaseExecutor.processExecutionPhase(TestCaseExecutor.java:418)
	at com.kms.katalon.core.main.TestCaseExecutor.accessMainPhase(TestCaseExecutor.java:410)
	at com.kms.katalon.core.main.TestCaseExecutor.execute(TestCaseExecutor.java:285)
	at com.kms.katalon.core.main.TestCaseMain.runTestCase(TestCaseMain.java:144)
	at com.kms.katalon.core.keyword.builtin.CallTestCaseKeyword$_callTestCase_closure1.doCall(CallTestCaseKeyword.groovy:59)
	at com.kms.katalon.core.keyword.builtin.CallTestCaseKeyword$_callTestCase_closure1.call(CallTestCaseKeyword.groovy)
	at com.kms.katalon.core.keyword.internal.KeywordMain.runKeyword(KeywordMain.groovy:75)
	at com.kms.katalon.core.keyword.builtin.CallTestCaseKeyword.callTestCase(CallTestCaseKeyword.groovy:81)
	at com.kms.katalon.core.keyword.builtin.CallTestCaseKeyword.execute(CallTestCaseKeyword.groovy:44)
	at com.kms.katalon.core.keyword.internal.KeywordExecutor.executeKeywordForPlatform(KeywordExecutor.groovy:74)
	at com.kms.katalon.core.keyword.BuiltinKeywords.callTestCase(BuiltinKeywords.groovy:310)
	at TS_SMOKE_SUITE_077.run(TS_SMOKE_SUITE_077:46)
	at com.kms.katalon.core.main.ScriptEngine.run(ScriptEngine.java:194)
	at com.kms.katalon.core.main.ScriptEngine.runScriptAsRawText(ScriptEngine.java:119)
	at com.kms.katalon.core.main.TestCaseExecutor.runScript(TestCaseExecutor.java:448)
	at com.kms.katalon.core.main.TestCaseExecutor.doExecute(TestCaseExecutor.java:439)
	at com.kms.katalon.core.main.TestCaseExecutor.processExecutionPhase(TestCaseExecutor.java:418)
	at com.kms.katalon.core.main.TestCaseExecutor.accessMainPhase(TestCaseExecutor.java:410)
	at com.kms.katalon.core.main.TestCaseExecutor.execute(TestCaseExecutor.java:285)
	at com.kms.katalon.core.common.CommonExecutor.accessTestCaseMainPhase(CommonExecutor.java:65)
	at com.kms.katalon.core.main.TestSuiteExecutor.accessTestSuiteMainPhase(TestSuiteExecutor.java:148)
	at com.kms.katalon.core.main.TestSuiteExecutor.execute(TestSuiteExecutor.java:106)
	at com.kms.katalon.core.main.TestCaseMain.startTestSuite(TestCaseMain.java:187)
	at com.kms.katalon.core.main.TestCaseMain$startTestSuite$0.call(Unknown Source)
	at TempTestSuite1692874420462.run(TempTestSuite1692874420462.groovy:36)
Caused by: com.kms.katalon.core.webui.exception.WebElementNotFoundException: Web element with id: 'Object Repository/OPCPage/Payment_Method_Card_OPC' located by '//button[@class='modal-btn--address--select a-btn--onePageCheckout mb-lg-4 col-4']' not found
	at com.kms.katalon.core.webui.common.WebUiCommonHelper.findWebElement(WebUiCommonHelper.java:1381)
	at com.kms.katalon.core.webui.keyword.internal.WebUIAbstractKeyword.findWebElement(WebUIAbstractKeyword.groovy:27)
	at com.kms.katalon.core.webui.keyword.builtin.ClickKeyword$_click_closure1.doCall(ClickKeyword.groovy:65)
	at com.kms.katalon.core.webui.keyword.builtin.ClickKeyword$_click_closure1.call(ClickKeyword.groovy)
	at com.kms.katalon.core.webui.keyword.internal.WebUIKeywordMain.runKeyword(WebUIKeywordMain.groovy:20)
	at com.kms.katalon.core.webui.keyword.builtin.ClickKeyword.click(ClickKeyword.groovy:74)
	at com.kms.katalon.core.webui.keyword.builtin.ClickKeyword.execute(ClickKeyword.groovy:40)
	at com.kms.katalon.core.keyword.internal.KeywordExecutor.executeKeywordForPlatform(KeywordExecutor.groovy:74)
	at com.kms.katalon.core.webui.keyword.WebUiBuiltInKeywords.click(WebUiBuiltInKeywords.groovy:608)
	at com.kms.katalon.core.webui.keyword.WebUiBuiltInKeywords$click$11.call(Unknown Source)
	at Script1684101683596.run(Script1684101683596.groovy:23)
	at com.kms.katalon.core.main.ScriptEngine.run(ScriptEngine.java:194)
	at com.kms.katalon.core.main.ScriptEngine.runScriptAsRawText(ScriptEngine.java:119)
	at com.kms.katalon.core.main.TestCaseExecutor.runScript(TestCaseExecutor.java:448)
	at com.kms.katalon.core.main.TestCaseExecutor.doExecute(TestCaseExecutor.java:439)
	at com.kms.katalon.core.main.TestCaseExecutor.processExecutionPhase(TestCaseExecutor.java:418)
	at com.kms.katalon.core.main.TestCaseExecutor.accessMainPhase(TestCaseExecutor.java:410)
	at com.kms.katalon.core.main.TestCaseExecutor.execute(TestCaseExecutor.java:285)
	at com.kms.katalon.core.main.TestCaseMain.runTestCase(TestCaseMain.java:144)
	at com.kms.katalon.core.keyword.builtin.CallTestCaseKeyword$_callTestCase_closure1.doCall(CallTestCaseKeyword.groovy:59)
	at com.kms.katalon.core.keyword.builtin.CallTestCaseKeyword$_callTestCase_closure1.call(CallTestCaseKeyword.groovy)
	at com.kms.katalon.core.keyword.internal.KeywordMain.runKeyword(KeywordMain.groovy:75)
	at com.kms.katalon.core.keyword.builtin.CallTestCaseKeyword.callTestCase(CallTestCaseKeyword.groovy:81)
	at com.kms.katalon.core.keyword.builtin.CallTestCaseKeyword.execute(CallTestCaseKeyword.groovy:44)
	at com.kms.katalon.core.keyword.internal.KeywordExecutor.executeKeywordForPlatform(KeywordExecutor.groovy:74)
	at com.kms.katalon.core.keyword.BuiltinKeywords.callTestCase(BuiltinKeywords.groovy:310)
	at Script1691525490171.run(Script1691525490171.groovy:46)
	... 13 more
)
[[ATTACHMENT|D:\\backup\\LiverpoolProject_SmokeSuite\\Reports\\20230824_162340\\SmokeSuite_AllModules\\20230824_162340\\1692878538904.png]]

2023-08-24 17:32:19 - [TEST_STEP][PASSED] - click(findTestObject("OPCPage/addnewcard_Popup_OPC"), OPTIONAL): Unable to click on object 'Object Repository/OPCPage/addnewcard_Popup_OPC' (Root cause: com.kms.katalon.core.exception.StepFailedException: Unable to click on object 'Object Repository/OPCPage/addnewcard_Popup_OPC'
	at com.kms.katalon.core.webui.keyword.internal.WebUIKeywordMain.stepFailed(WebUIKeywordMain.groovy:64)
	at com.kms.katalon.core.webui.keyword.internal.WebUIKeywordMain.runKeyword(WebUIKeywordMain.groovy:26)
	at com.kms.katalon.core.webui.keyword.builtin.ClickKeyword.click(ClickKeyword.groovy:74)
	at com.kms.katalon.core.webui.keyword.builtin.ClickKeyword.execute(ClickKeyword.groovy:40)
	at com.kms.katalon.core.keyword.internal.KeywordExecutor.executeKeywordForPlatform(KeywordExecutor.groovy:74)
	at com.kms.katalon.core.webui.keyword.WebUiBuiltInKeywords.click(WebUiBuiltInKeywords.groovy:608)
	at com.kms.katalon.core.webui.keyword.WebUiBuiltInKeywords$click$11.call(Unknown Source)
	at create_new_CARD_OPC.run(create_new_CARD_OPC:26)
	at com.kms.katalon.core.main.ScriptEngine.run(ScriptEngine.java:194)
	at com.kms.katalon.core.main.ScriptEngine.runScriptAsRawText(ScriptEngine.java:119)
	at com.kms.katalon.core.main.TestCaseExecutor.runScript(TestCaseExecutor.java:448)
	at com.kms.katalon.core.main.TestCaseExecutor.doExecute(TestCaseExecutor.java:439)
	at com.kms.katalon.core.main.TestCaseExecutor.processExecutionPhase(TestCaseExecutor.java:418)
	at com.kms.katalon.core.main.TestCaseExecutor.accessMainPhase(TestCaseExecutor.java:410)
	at com.kms.katalon.core.main.TestCaseExecutor.execute(TestCaseExecutor.java:285)
	at com.kms.katalon.core.main.TestCaseMain.runTestCase(TestCaseMain.java:144)
	at com.kms.katalon.core.keyword.builtin.CallTestCaseKeyword$_callTestCase_closure1.doCall(CallTestCaseKeyword.groovy:59)
	at com.kms.katalon.core.keyword.builtin.CallTestCaseKeyword$_callTestCase_closure1.call(CallTestCaseKeyword.groovy)
	at com.kms.katalon.core.keyword.internal.KeywordMain.runKeyword(KeywordMain.groovy:75)
	at com.kms.katalon.core.keyword.builtin.CallTestCaseKeyword.callTestCase(CallTestCaseKeyword.groovy:81)
	at com.kms.katalon.core.keyword.builtin.CallTestCaseKeyword.execute(CallTestCaseKeyword.groovy:44)
	at com.kms.katalon.core.keyword.internal.KeywordExecutor.executeKeywordForPlatform(KeywordExecutor.groovy:74)
	at com.kms.katalon.core.keyword.BuiltinKeywords.callTestCase(BuiltinKeywords.groovy:310)
	at TS_SMOKE_SUITE_077.run(TS_SMOKE_SUITE_077:46)
	at com.kms.katalon.core.main.ScriptEngine.run(ScriptEngine.java:194)
	at com.kms.katalon.core.main.ScriptEngine.runScriptAsRawText(ScriptEngine.java:119)
	at com.kms.katalon.core.main.TestCaseExecutor.runScript(TestCaseExecutor.java:448)
	at com.kms.katalon.core.main.TestCaseExecutor.doExecute(TestCaseExecutor.java:439)
	at com.kms.katalon.core.main.TestCaseExecutor.processExecutionPhase(TestCaseExecutor.java:418)
	at com.kms.katalon.core.main.TestCaseExecutor.accessMainPhase(TestCaseExecutor.java:410)
	at com.kms.katalon.core.main.TestCaseExecutor.execute(TestCaseExecutor.java:285)
	at com.kms.katalon.core.common.CommonExecutor.accessTestCaseMainPhase(CommonExecutor.java:65)
	at com.kms.katalon.core.main.TestSuiteExecutor.accessTestSuiteMainPhase(TestSuiteExecutor.java:148)
	at com.kms.katalon.core.main.TestSuiteExecutor.execute(TestSuiteExecutor.java:106)
	at com.kms.katalon.core.main.TestCaseMain.startTestSuite(TestCaseMain.java:187)
	at com.kms.katalon.core.main.TestCaseMain$startTestSuite$0.call(Unknown Source)
	at TempTestSuite1692874420462.run(TempTestSuite1692874420462.groovy:36)
Caused by: com.kms.katalon.core.webui.exception.WebElementNotFoundException: Web element with id: 'Object Repository/OPCPage/addnewcard_Popup_OPC' located by '//button[@class='a-btn a-btn--tertiary d-none d-lg-block mb-lg-4 font-weight-bold opc_addNewCardButton opcAgreBtn']' not found
	at com.kms.katalon.core.webui.common.WebUiCommonHelper.findWebElement(WebUiCommonHelper.java:1381)
	at com.kms.katalon.core.webui.keyword.internal.WebUIAbstractKeyword.findWebElement(WebUIAbstractKeyword.groovy:27)
	at com.kms.katalon.core.webui.keyword.builtin.ClickKeyword$_click_closure1.doCall(ClickKeyword.groovy:65)
	at com.kms.katalon.core.webui.keyword.builtin.ClickKeyword$_click_closure1.call(ClickKeyword.groovy)
	at com.kms.katalon.core.webui.keyword.internal.WebUIKeywordMain.runKeyword(WebUIKeywordMain.groovy:20)
	at com.kms.katalon.core.webui.keyword.builtin.ClickKeyword.click(ClickKeyword.groovy:74)
	at com.kms.katalon.core.webui.keyword.builtin.ClickKeyword.execute(ClickKeyword.groovy:40)
	at com.kms.katalon.core.keyword.internal.KeywordExecutor.executeKeywordForPlatform(KeywordExecutor.groovy:74)
	at com.kms.katalon.core.webui.keyword.WebUiBuiltInKeywords.click(WebUiBuiltInKeywords.groovy:608)
	at com.kms.katalon.core.webui.keyword.WebUiBuiltInKeywords$click$11.call(Unknown Source)
	at Script1684101683596.run(Script1684101683596.groovy:26)
	at com.kms.katalon.core.main.ScriptEngine.run(ScriptEngine.java:194)
	at com.kms.katalon.core.main.ScriptEngine.runScriptAsRawText(ScriptEngine.java:119)
	at com.kms.katalon.core.main.TestCaseExecutor.runScript(TestCaseExecutor.java:448)
	at com.kms.katalon.core.main.TestCaseExecutor.doExecute(TestCaseExecutor.java:439)
	at com.kms.katalon.core.main.TestCaseExecutor.processExecutionPhase(TestCaseExecutor.java:418)
	at com.kms.katalon.core.main.TestCaseExecutor.accessMainPhase(TestCaseExecutor.java:410)
	at com.kms.katalon.core.main.TestCaseExecutor.execute(TestCaseExecutor.java:285)
	at com.kms.katalon.core.main.TestCaseMain.runTestCase(TestCaseMain.java:144)
	at com.kms.katalon.core.keyword.builtin.CallTestCaseKeyword$_callTestCase_closure1.doCall(CallTestCaseKeyword.groovy:59)
	at com.kms.katalon.core.keyword.builtin.CallTestCaseKeyword$_callTestCase_closure1.call(CallTestCaseKeyword.groovy)
	at com.kms.katalon.core.keyword.internal.KeywordMain.runKeyword(KeywordMain.groovy:75)
	at com.kms.katalon.core.keyword.builtin.CallTestCaseKeyword.callTestCase(CallTestCaseKeyword.groovy:81)
	at com.kms.katalon.core.keyword.builtin.CallTestCaseKeyword.execute(CallTestCaseKeyword.groovy:44)
	at com.kms.katalon.core.keyword.internal.KeywordExecutor.executeKeywordForPlatform(KeywordExecutor.groovy:74)
	at com.kms.katalon.core.keyword.BuiltinKeywords.callTestCase(BuiltinKeywords.groovy:310)
	at Script1691525490171.run(Script1691525490171.groovy:46)
	... 13 more
)

2023-08-24 17:32:50 - [MESSAGE][INFO] - Unable to find the element located by 'By.xpath: //button[@class='a-btn a-btn--tertiary d-none d-lg-block mb-lg-4 font-weight-bold opc_addNewCardButton opcAgreBtn']'. Please recheck the objects properties to make sure the desired element is located. 

2023-08-24 17:32:50 - [MESSAGE][WARNING] - Unable to click on object 'Object Repository/OPCPage/addnewcard_Popup_OPC' (Root cause: com.kms.katalon.core.exception.StepFailedException: Unable to click on object 'Object Repository/OPCPage/addnewcard_Popup_OPC'
	at com.kms.katalon.core.webui.keyword.internal.WebUIKeywordMain.stepFailed(WebUIKeywordMain.groovy:64)
	at com.kms.katalon.core.webui.keyword.internal.WebUIKeywordMain.runKeyword(WebUIKeywordMain.groovy:26)
	at com.kms.katalon.core.webui.keyword.builtin.ClickKeyword.click(ClickKeyword.groovy:74)
	at com.kms.katalon.core.webui.keyword.builtin.ClickKeyword.execute(ClickKeyword.groovy:40)
	at com.kms.katalon.core.keyword.internal.KeywordExecutor.executeKeywordForPlatform(KeywordExecutor.groovy:74)
	at com.kms.katalon.core.webui.keyword.WebUiBuiltInKeywords.click(WebUiBuiltInKeywords.groovy:608)
	at com.kms.katalon.core.webui.keyword.WebUiBuiltInKeywords$click$11.call(Unknown Source)
	at create_new_CARD_OPC.run(create_new_CARD_OPC:26)
	at com.kms.katalon.core.main.ScriptEngine.run(ScriptEngine.java:194)
	at com.kms.katalon.core.main.ScriptEngine.runScriptAsRawText(ScriptEngine.java:119)
	at com.kms.katalon.core.main.TestCaseExecutor.runScript(TestCaseExecutor.java:448)
	at com.kms.katalon.core.main.TestCaseExecutor.doExecute(TestCaseExecutor.java:439)
	at com.kms.katalon.core.main.TestCaseExecutor.processExecutionPhase(TestCaseExecutor.java:418)
	at com.kms.katalon.core.main.TestCaseExecutor.accessMainPhase(TestCaseExecutor.java:410)
	at com.kms.katalon.core.main.TestCaseExecutor.execute(TestCaseExecutor.java:285)
	at com.kms.katalon.core.main.TestCaseMain.runTestCase(TestCaseMain.java:144)
	at com.kms.katalon.core.keyword.builtin.CallTestCaseKeyword$_callTestCase_closure1.doCall(CallTestCaseKeyword.groovy:59)
	at com.kms.katalon.core.keyword.builtin.CallTestCaseKeyword$_callTestCase_closure1.call(CallTestCaseKeyword.groovy)
	at com.kms.katalon.core.keyword.internal.KeywordMain.runKeyword(KeywordMain.groovy:75)
	at com.kms.katalon.core.keyword.builtin.CallTestCaseKeyword.callTestCase(CallTestCaseKeyword.groovy:81)
	at com.kms.katalon.core.keyword.builtin.CallTestCaseKeyword.execute(CallTestCaseKeyword.groovy:44)
	at com.kms.katalon.core.keyword.internal.KeywordExecutor.executeKeywordForPlatform(KeywordExecutor.groovy:74)
	at com.kms.katalon.core.keyword.BuiltinKeywords.callTestCase(BuiltinKeywords.groovy:310)
	at TS_SMOKE_SUITE_077.run(TS_SMOKE_SUITE_077:46)
	at com.kms.katalon.core.main.ScriptEngine.run(ScriptEngine.java:194)
	at com.kms.katalon.core.main.ScriptEngine.runScriptAsRawText(ScriptEngine.java:119)
	at com.kms.katalon.core.main.TestCaseExecutor.runScript(TestCaseExecutor.java:448)
	at com.kms.katalon.core.main.TestCaseExecutor.doExecute(TestCaseExecutor.java:439)
	at com.kms.katalon.core.main.TestCaseExecutor.processExecutionPhase(TestCaseExecutor.java:418)
	at com.kms.katalon.core.main.TestCaseExecutor.accessMainPhase(TestCaseExecutor.java:410)
	at com.kms.katalon.core.main.TestCaseExecutor.execute(TestCaseExecutor.java:285)
	at com.kms.katalon.core.common.CommonExecutor.accessTestCaseMainPhase(CommonExecutor.java:65)
	at com.kms.katalon.core.main.TestSuiteExecutor.accessTestSuiteMainPhase(TestSuiteExecutor.java:148)
	at com.kms.katalon.core.main.TestSuiteExecutor.execute(TestSuiteExecutor.java:106)
	at com.kms.katalon.core.main.TestCaseMain.startTestSuite(TestCaseMain.java:187)
	at com.kms.katalon.core.main.TestCaseMain$startTestSuite$0.call(Unknown Source)
	at TempTestSuite1692874420462.run(TempTestSuite1692874420462.groovy:36)
Caused by: com.kms.katalon.core.webui.exception.WebElementNotFoundException: Web element with id: 'Object Repository/OPCPage/addnewcard_Popup_OPC' located by '//button[@class='a-btn a-btn--tertiary d-none d-lg-block mb-lg-4 font-weight-bold opc_addNewCardButton opcAgreBtn']' not found
	at com.kms.katalon.core.webui.common.WebUiCommonHelper.findWebElement(WebUiCommonHelper.java:1381)
	at com.kms.katalon.core.webui.keyword.internal.WebUIAbstractKeyword.findWebElement(WebUIAbstractKeyword.groovy:27)
	at com.kms.katalon.core.webui.keyword.builtin.ClickKeyword$_click_closure1.doCall(ClickKeyword.groovy:65)
	at com.kms.katalon.core.webui.keyword.builtin.ClickKeyword$_click_closure1.call(ClickKeyword.groovy)
	at com.kms.katalon.core.webui.keyword.internal.WebUIKeywordMain.runKeyword(WebUIKeywordMain.groovy:20)
	at com.kms.katalon.core.webui.keyword.builtin.ClickKeyword.click(ClickKeyword.groovy:74)
	at com.kms.katalon.core.webui.keyword.builtin.ClickKeyword.execute(ClickKeyword.groovy:40)
	at com.kms.katalon.core.keyword.internal.KeywordExecutor.executeKeywordForPlatform(KeywordExecutor.groovy:74)
	at com.kms.katalon.core.webui.keyword.WebUiBuiltInKeywords.click(WebUiBuiltInKeywords.groovy:608)
	at com.kms.katalon.core.webui.keyword.WebUiBuiltInKeywords$click$11.call(Unknown Source)
	at Script1684101683596.run(Script1684101683596.groovy:26)
	at com.kms.katalon.core.main.ScriptEngine.run(ScriptEngine.java:194)
	at com.kms.katalon.core.main.ScriptEngine.runScriptAsRawText(ScriptEngine.java:119)
	at com.kms.katalon.core.main.TestCaseExecutor.runScript(TestCaseExecutor.java:448)
	at com.kms.katalon.core.main.TestCaseExecutor.doExecute(TestCaseExecutor.java:439)
	at com.kms.katalon.core.main.TestCaseExecutor.processExecutionPhase(TestCaseExecutor.java:418)
	at com.kms.katalon.core.main.TestCaseExecutor.accessMainPhase(TestCaseExecutor.java:410)
	at com.kms.katalon.core.main.TestCaseExecutor.execute(TestCaseExecutor.java:285)
	at com.kms.katalon.core.main.TestCaseMain.runTestCase(TestCaseMain.java:144)
	at com.kms.katalon.core.keyword.builtin.CallTestCaseKeyword$_callTestCase_closure1.doCall(CallTestCaseKeyword.groovy:59)
	at com.kms.katalon.core.keyword.builtin.CallTestCaseKeyword$_callTestCase_closure1.call(CallTestCaseKeyword.groovy)
	at com.kms.katalon.core.keyword.internal.KeywordMain.runKeyword(KeywordMain.groovy:75)
	at com.kms.katalon.core.keyword.builtin.CallTestCaseKeyword.callTestCase(CallTestCaseKeyword.groovy:81)
	at com.kms.katalon.core.keyword.builtin.CallTestCaseKeyword.execute(CallTestCaseKeyword.groovy:44)
	at com.kms.katalon.core.keyword.internal.KeywordExecutor.executeKeywordForPlatform(KeywordExecutor.groovy:74)
	at com.kms.katalon.core.keyword.BuiltinKeywords.callTestCase(BuiltinKeywords.groovy:310)
	at Script1691525490171.run(Script1691525490171.groovy:46)
	... 13 more
)
[[ATTACHMENT|D:\\backup\\LiverpoolProject_SmokeSuite\\Reports\\20230824_162340\\SmokeSuite_AllModules\\20230824_162340\\1692878570296.png]]

2023-08-24 17:32:50 - [TEST_STEP][PASSED] - cardnumber = "4111111" + RandomStringUtils.randomNumeric(9): null

2023-08-24 17:32:50 - [TEST_STEP][PASSED] - out.println(cardnumber): null

2023-08-24 17:32:50 - [TEST_STEP][PASSED] - cardname = RandomStringUtils.randomAlphabetic(8): null

2023-08-24 17:32:50 - [TEST_STEP][FAILED] - setText(findTestObject("OPCPage/newCardNumber_OPC"), cardnumber): Unable to set text '4111111736417976' of object 'Object Repository/OPCPage/newCardNumber_OPC' (Root cause: com.kms.katalon.core.exception.StepFailedException: Unable to set text '4111111736417976' of object 'Object Repository/OPCPage/newCardNumber_OPC'
	at com.kms.katalon.core.webui.keyword.internal.WebUIKeywordMain.stepFailed(WebUIKeywordMain.groovy:64)
	at com.kms.katalon.core.webui.keyword.internal.WebUIKeywordMain.runKeyword(WebUIKeywordMain.groovy:26)
	at com.kms.katalon.core.webui.keyword.builtin.SetTextKeyword.setText(SetTextKeyword.groovy:66)
	at com.kms.katalon.core.webui.keyword.builtin.SetTextKeyword.execute(SetTextKeyword.groovy:37)
	at com.kms.katalon.core.keyword.internal.KeywordExecutor.executeKeywordForPlatform(KeywordExecutor.groovy:74)
	at com.kms.katalon.core.webui.keyword.WebUiBuiltInKeywords.setText(WebUiBuiltInKeywords.groovy:980)
	at com.kms.katalon.core.webui.keyword.WebUiBuiltInKeywords$setText$3.call(Unknown Source)
	at create_new_CARD_OPC.run(create_new_CARD_OPC:34)
	at com.kms.katalon.core.main.ScriptEngine.run(ScriptEngine.java:194)
	at com.kms.katalon.core.main.ScriptEngine.runScriptAsRawText(ScriptEngine.java:119)
	at com.kms.katalon.core.main.TestCaseExecutor.runScript(TestCaseExecutor.java:448)
	at com.kms.katalon.core.main.TestCaseExecutor.doExecute(TestCaseExecutor.java:439)
	at com.kms.katalon.core.main.TestCaseExecutor.processExecutionPhase(TestCaseExecutor.java:418)
	at com.kms.katalon.core.main.TestCaseExecutor.accessMainPhase(TestCaseExecutor.java:410)
	at com.kms.katalon.core.main.TestCaseExecutor.execute(TestCaseExecutor.java:285)
	at com.kms.katalon.core.main.TestCaseMain.runTestCase(TestCaseMain.java:144)
	at com.kms.katalon.core.keyword.builtin.CallTestCaseKeyword$_callTestCase_closure1.doCall(CallTestCaseKeyword.groovy:59)
	at com.kms.katalon.core.keyword.builtin.CallTestCaseKeyword$_callTestCase_closure1.call(CallTestCaseKeyword.groovy)
	at com.kms.katalon.core.keyword.internal.KeywordMain.runKeyword(KeywordMain.groovy:75)
	at com.kms.katalon.core.keyword.builtin.CallTestCaseKeyword.callTestCase(CallTestCaseKeyword.groovy:81)
	at com.kms.katalon.core.keyword.builtin.CallTestCaseKeyword.execute(CallTestCaseKeyword.groovy:44)
	at com.kms.katalon.core.keyword.internal.KeywordExecutor.executeKeywordForPlatform(KeywordExecutor.groovy:74)
	at com.kms.katalon.core.keyword.BuiltinKeywords.callTestCase(BuiltinKeywords.groovy:310)
	at TS_SMOKE_SUITE_077.run(TS_SMOKE_SUITE_077:46)
	at com.kms.katalon.core.main.ScriptEngine.run(ScriptEngine.java:194)
	at com.kms.katalon.core.main.ScriptEngine.runScriptAsRawText(ScriptEngine.java:119)
	at com.kms.katalon.core.main.TestCaseExecutor.runScript(TestCaseExecutor.java:448)
	at com.kms.katalon.core.main.TestCaseExecutor.doExecute(TestCaseExecutor.java:439)
	at com.kms.katalon.core.main.TestCaseExecutor.processExecutionPhase(TestCaseExecutor.java:418)
	at com.kms.katalon.core.main.TestCaseExecutor.accessMainPhase(TestCaseExecutor.java:410)
	at com.kms.katalon.core.main.TestCaseExecutor.execute(TestCaseExecutor.java:285)
	at com.kms.katalon.core.common.CommonExecutor.accessTestCaseMainPhase(CommonExecutor.java:65)
	at com.kms.katalon.core.main.TestSuiteExecutor.accessTestSuiteMainPhase(TestSuiteExecutor.java:148)
	at com.kms.katalon.core.main.TestSuiteExecutor.execute(TestSuiteExecutor.java:106)
	at com.kms.katalon.core.main.TestCaseMain.startTestSuite(TestCaseMain.java:187)
	at com.kms.katalon.core.main.TestCaseMain$startTestSuite$0.call(Unknown Source)
	at TempTestSuite1692874420462.run(TempTestSuite1692874420462.groovy:36)
Caused by: com.kms.katalon.core.webui.exception.WebElementNotFoundException: Web element with id: 'Object Repository/OPCPage/newCardNumber_OPC' located by '//div[@class='m-textField mdc-text-field mdc-text-field--outlined mdc-text-field--valid']//input[@name='cardNumber']' not found
	at com.kms.katalon.core.webui.common.WebUiCommonHelper.findWebElement(WebUiCommonHelper.java:1381)
	at com.kms.katalon.core.webui.keyword.internal.WebUIAbstractKeyword.findWebElement(WebUIAbstractKeyword.groovy:27)
	at com.kms.katalon.core.webui.keyword.internal.WebUIAbstractKeyword.findWebElement(WebUIAbstractKeyword.groovy:26)
	at com.kms.katalon.core.webui.keyword.builtin.SetTextKeyword$_setText_closure1.doCall(SetTextKeyword.groovy:51)
	at com.kms.katalon.core.webui.keyword.builtin.SetTextKeyword$_setText_closure1.call(SetTextKeyword.groovy)
	at com.kms.katalon.core.webui.keyword.internal.WebUIKeywordMain.runKeyword(WebUIKeywordMain.groovy:20)
	at com.kms.katalon.core.webui.keyword.builtin.SetTextKeyword.setText(SetTextKeyword.groovy:66)
	at com.kms.katalon.core.webui.keyword.builtin.SetTextKeyword.execute(SetTextKeyword.groovy:37)
	at com.kms.katalon.core.keyword.internal.KeywordExecutor.executeKeywordForPlatform(KeywordExecutor.groovy:74)
	at com.kms.katalon.core.webui.keyword.WebUiBuiltInKeywords.setText(WebUiBuiltInKeywords.groovy:980)
	at com.kms.katalon.core.webui.keyword.WebUiBuiltInKeywords$setText$3.call(Unknown Source)
	at Script1684101683596.run(Script1684101683596.groovy:34)
	at com.kms.katalon.core.main.ScriptEngine.run(ScriptEngine.java:194)
	at com.kms.katalon.core.main.ScriptEngine.runScriptAsRawText(ScriptEngine.java:119)
	at com.kms.katalon.core.main.TestCaseExecutor.runScript(TestCaseExecutor.java:448)
	at com.kms.katalon.core.main.TestCaseExecutor.doExecute(TestCaseExecutor.java:439)
	at com.kms.katalon.core.main.TestCaseExecutor.processExecutionPhase(TestCaseExecutor.java:418)
	at com.kms.katalon.core.main.TestCaseExecutor.accessMainPhase(TestCaseExecutor.java:410)
	at com.kms.katalon.core.main.TestCaseExecutor.execute(TestCaseExecutor.java:285)
	at com.kms.katalon.core.main.TestCaseMain.runTestCase(TestCaseMain.java:144)
	at com.kms.katalon.core.keyword.builtin.CallTestCaseKeyword$_callTestCase_closure1.doCall(CallTestCaseKeyword.groovy:59)
	at com.kms.katalon.core.keyword.builtin.CallTestCaseKeyword$_callTestCase_closure1.call(CallTestCaseKeyword.groovy)
	at com.kms.katalon.core.keyword.internal.KeywordMain.runKeyword(KeywordMain.groovy:75)
	at com.kms.katalon.core.keyword.builtin.CallTestCaseKeyword.callTestCase(CallTestCaseKeyword.groovy:81)
	at com.kms.katalon.core.keyword.builtin.CallTestCaseKeyword.execute(CallTestCaseKeyword.groovy:44)
	at com.kms.katalon.core.keyword.internal.KeywordExecutor.executeKeywordForPlatform(KeywordExecutor.groovy:74)
	at com.kms.katalon.core.keyword.BuiltinKeywords.callTestCase(BuiltinKeywords.groovy:310)
	at Script1691525490171.run(Script1691525490171.groovy:46)
	... 13 more
)

2023-08-24 17:33:21 - [MESSAGE][INFO] - Unable to find the element located by 'By.xpath: //div[@class='m-textField mdc-text-field mdc-text-field--outlined mdc-text-field--valid']//input[@name='cardNumber']'. Please recheck the objects properties to make sure the desired element is located. 

2023-08-24 17:33:21 - [MESSAGE][FAILED] - Unable to set text '4111111736417976' of object 'Object Repository/OPCPage/newCardNumber_OPC' (Root cause: com.kms.katalon.core.exception.StepFailedException: Unable to set text '4111111736417976' of object 'Object Repository/OPCPage/newCardNumber_OPC'
	at com.kms.katalon.core.webui.keyword.internal.WebUIKeywordMain.stepFailed(WebUIKeywordMain.groovy:64)
	at com.kms.katalon.core.webui.keyword.internal.WebUIKeywordMain.runKeyword(WebUIKeywordMain.groovy:26)
	at com.kms.katalon.core.webui.keyword.builtin.SetTextKeyword.setText(SetTextKeyword.groovy:66)
	at com.kms.katalon.core.webui.keyword.builtin.SetTextKeyword.execute(SetTextKeyword.groovy:37)
	at com.kms.katalon.core.keyword.internal.KeywordExecutor.executeKeywordForPlatform(KeywordExecutor.groovy:74)
	at com.kms.katalon.core.webui.keyword.WebUiBuiltInKeywords.setText(WebUiBuiltInKeywords.groovy:980)
	at com.kms.katalon.core.webui.keyword.WebUiBuiltInKeywords$setText$3.call(Unknown Source)
	at create_new_CARD_OPC.run(create_new_CARD_OPC:34)
	at com.kms.katalon.core.main.ScriptEngine.run(ScriptEngine.java:194)
	at com.kms.katalon.core.main.ScriptEngine.runScriptAsRawText(ScriptEngine.java:119)
	at com.kms.katalon.core.main.TestCaseExecutor.runScript(TestCaseExecutor.java:448)
	at com.kms.katalon.core.main.TestCaseExecutor.doExecute(TestCaseExecutor.java:439)
	at com.kms.katalon.core.main.TestCaseExecutor.processExecutionPhase(TestCaseExecutor.java:418)
	at com.kms.katalon.core.main.TestCaseExecutor.accessMainPhase(TestCaseExecutor.java:410)
	at com.kms.katalon.core.main.TestCaseExecutor.execute(TestCaseExecutor.java:285)
	at com.kms.katalon.core.main.TestCaseMain.runTestCase(TestCaseMain.java:144)
	at com.kms.katalon.core.keyword.builtin.CallTestCaseKeyword$_callTestCase_closure1.doCall(CallTestCaseKeyword.groovy:59)
	at com.kms.katalon.core.keyword.builtin.CallTestCaseKeyword$_callTestCase_closure1.call(CallTestCaseKeyword.groovy)
	at com.kms.katalon.core.keyword.internal.KeywordMain.runKeyword(KeywordMain.groovy:75)
	at com.kms.katalon.core.keyword.builtin.CallTestCaseKeyword.callTestCase(CallTestCaseKeyword.groovy:81)
	at com.kms.katalon.core.keyword.builtin.CallTestCaseKeyword.execute(CallTestCaseKeyword.groovy:44)
	at com.kms.katalon.core.keyword.internal.KeywordExecutor.executeKeywordForPlatform(KeywordExecutor.groovy:74)
	at com.kms.katalon.core.keyword.BuiltinKeywords.callTestCase(BuiltinKeywords.groovy:310)
	at TS_SMOKE_SUITE_077.run(TS_SMOKE_SUITE_077:46)
	at com.kms.katalon.core.main.ScriptEngine.run(ScriptEngine.java:194)
	at com.kms.katalon.core.main.ScriptEngine.runScriptAsRawText(ScriptEngine.java:119)
	at com.kms.katalon.core.main.TestCaseExecutor.runScript(TestCaseExecutor.java:448)
	at com.kms.katalon.core.main.TestCaseExecutor.doExecute(TestCaseExecutor.java:439)
	at com.kms.katalon.core.main.TestCaseExecutor.processExecutionPhase(TestCaseExecutor.java:418)
	at com.kms.katalon.core.main.TestCaseExecutor.accessMainPhase(TestCaseExecutor.java:410)
	at com.kms.katalon.core.main.TestCaseExecutor.execute(TestCaseExecutor.java:285)
	at com.kms.katalon.core.common.CommonExecutor.accessTestCaseMainPhase(CommonExecutor.java:65)
	at com.kms.katalon.core.main.TestSuiteExecutor.accessTestSuiteMainPhase(TestSuiteExecutor.java:148)
	at com.kms.katalon.core.main.TestSuiteExecutor.execute(TestSuiteExecutor.java:106)
	at com.kms.katalon.core.main.TestCaseMain.startTestSuite(TestCaseMain.java:187)
	at com.kms.katalon.core.main.TestCaseMain$startTestSuite$0.call(Unknown Source)
	at TempTestSuite1692874420462.run(TempTestSuite1692874420462.groovy:36)
Caused by: com.kms.katalon.core.webui.exception.WebElementNotFoundException: Web element with id: 'Object Repository/OPCPage/newCardNumber_OPC' located by '//div[@class='m-textField mdc-text-field mdc-text-field--outlined mdc-text-field--valid']//input[@name='cardNumber']' not found
	at com.kms.katalon.core.webui.common.WebUiCommonHelper.findWebElement(WebUiCommonHelper.java:1381)
	at com.kms.katalon.core.webui.keyword.internal.WebUIAbstractKeyword.findWebElement(WebUIAbstractKeyword.groovy:27)
	at com.kms.katalon.core.webui.keyword.internal.WebUIAbstractKeyword.findWebElement(WebUIAbstractKeyword.groovy:26)
	at com.kms.katalon.core.webui.keyword.builtin.SetTextKeyword$_setText_closure1.doCall(SetTextKeyword.groovy:51)
	at com.kms.katalon.core.webui.keyword.builtin.SetTextKeyword$_setText_closure1.call(SetTextKeyword.groovy)
	at com.kms.katalon.core.webui.keyword.internal.WebUIKeywordMain.runKeyword(WebUIKeywordMain.groovy:20)
	at com.kms.katalon.core.webui.keyword.builtin.SetTextKeyword.setText(SetTextKeyword.groovy:66)
	at com.kms.katalon.core.webui.keyword.builtin.SetTextKeyword.execute(SetTextKeyword.groovy:37)
	at com.kms.katalon.core.keyword.internal.KeywordExecutor.executeKeywordForPlatform(KeywordExecutor.groovy:74)
	at com.kms.katalon.core.webui.keyword.WebUiBuiltInKeywords.setText(WebUiBuiltInKeywords.groovy:980)
	at com.kms.katalon.core.webui.keyword.WebUiBuiltInKeywords$setText$3.call(Unknown Source)
	at Script1684101683596.run(Script1684101683596.groovy:34)
	at com.kms.katalon.core.main.ScriptEngine.run(ScriptEngine.java:194)
	at com.kms.katalon.core.main.ScriptEngine.runScriptAsRawText(ScriptEngine.java:119)
	at com.kms.katalon.core.main.TestCaseExecutor.runScript(TestCaseExecutor.java:448)
	at com.kms.katalon.core.main.TestCaseExecutor.doExecute(TestCaseExecutor.java:439)
	at com.kms.katalon.core.main.TestCaseExecutor.processExecutionPhase(TestCaseExecutor.java:418)
	at com.kms.katalon.core.main.TestCaseExecutor.accessMainPhase(TestCaseExecutor.java:410)
	at com.kms.katalon.core.main.TestCaseExecutor.execute(TestCaseExecutor.java:285)
	at com.kms.katalon.core.main.TestCaseMain.runTestCase(TestCaseMain.java:144)
	at com.kms.katalon.core.keyword.builtin.CallTestCaseKeyword$_callTestCase_closure1.doCall(CallTestCaseKeyword.groovy:59)
	at com.kms.katalon.core.keyword.builtin.CallTestCaseKeyword$_callTestCase_closure1.call(CallTestCaseKeyword.groovy)
	at com.kms.katalon.core.keyword.internal.KeywordMain.runKeyword(KeywordMain.groovy:75)
	at com.kms.katalon.core.keyword.builtin.CallTestCaseKeyword.callTestCase(CallTestCaseKeyword.groovy:81)
	at com.kms.katalon.core.keyword.builtin.CallTestCaseKeyword.execute(CallTestCaseKeyword.groovy:44)
	at com.kms.katalon.core.keyword.internal.KeywordExecutor.executeKeywordForPlatform(KeywordExecutor.groovy:74)
	at com.kms.katalon.core.keyword.BuiltinKeywords.callTestCase(BuiltinKeywords.groovy:310)
	at Script1691525490171.run(Script1691525490171.groovy:46)
	... 13 more
)
[[ATTACHMENT|D:\\backup\\LiverpoolProject_SmokeSuite\\Reports\\20230824_162340\\SmokeSuite_AllModules\\20230824_162340\\1692878601575.png]]

2023-08-24 17:33:21 - [MESSAGE][FAILED] - Unable to call Test Case 'Test Cases/CommonMethods/create_new_CARD_OPC' (Root cause: com.kms.katalon.core.exception.StepFailedException: Call Test Case 'Test Cases/CommonMethods/create_new_CARD_OPC' failed
	at com.kms.katalon.core.keyword.builtin.CallTestCaseKeyword$_callTestCase_closure1.doCall(CallTestCaseKeyword.groovy:63)
	at com.kms.katalon.core.keyword.builtin.CallTestCaseKeyword$_callTestCase_closure1.call(CallTestCaseKeyword.groovy)
	at com.kms.katalon.core.keyword.internal.KeywordMain.runKeyword(KeywordMain.groovy:75)
	at com.kms.katalon.core.keyword.builtin.CallTestCaseKeyword.callTestCase(CallTestCaseKeyword.groovy:81)
	at com.kms.katalon.core.keyword.builtin.CallTestCaseKeyword.execute(CallTestCaseKeyword.groovy:44)
	at com.kms.katalon.core.keyword.internal.KeywordExecutor.executeKeywordForPlatform(KeywordExecutor.groovy:74)
	at com.kms.katalon.core.keyword.BuiltinKeywords.callTestCase(BuiltinKeywords.groovy:310)
	at TS_SMOKE_SUITE_077.run(TS_SMOKE_SUITE_077:46)
	at com.kms.katalon.core.main.ScriptEngine.run(ScriptEngine.java:194)
	at com.kms.katalon.core.main.ScriptEngine.runScriptAsRawText(ScriptEngine.java:119)
	at com.kms.katalon.core.main.TestCaseExecutor.runScript(TestCaseExecutor.java:448)
	at com.kms.katalon.core.main.TestCaseExecutor.doExecute(TestCaseExecutor.java:439)
	at com.kms.katalon.core.main.TestCaseExecutor.processExecutionPhase(TestCaseExecutor.java:418)
	at com.kms.katalon.core.main.TestCaseExecutor.accessMainPhase(TestCaseExecutor.java:410)
	at com.kms.katalon.core.main.TestCaseExecutor.execute(TestCaseExecutor.java:285)
	at com.kms.katalon.core.common.CommonExecutor.accessTestCaseMainPhase(CommonExecutor.java:65)
	at com.kms.katalon.core.main.TestSuiteExecutor.accessTestSuiteMainPhase(TestSuiteExecutor.java:148)
	at com.kms.katalon.core.main.TestSuiteExecutor.execute(TestSuiteExecutor.java:106)
	at com.kms.katalon.core.main.TestCaseMain.startTestSuite(TestCaseMain.java:187)
	at com.kms.katalon.core.main.TestCaseMain$startTestSuite$0.call(Unknown Source)
	at TempTestSuite1692874420462.run(TempTestSuite1692874420462.groovy:36)
Caused by: com.kms.katalon.core.exception.StepFailedException: Unable to set text '4111111736417976' of object 'Object Repository/OPCPage/newCardNumber_OPC'
	at com.kms.katalon.core.webui.keyword.internal.WebUIKeywordMain.stepFailed(WebUIKeywordMain.groovy:64)
	at com.kms.katalon.core.webui.keyword.internal.WebUIKeywordMain.runKeyword(WebUIKeywordMain.groovy:26)
	at com.kms.katalon.core.webui.keyword.builtin.SetTextKeyword.setText(SetTextKeyword.groovy:66)
	at com.kms.katalon.core.webui.keyword.builtin.SetTextKeyword.execute(SetTextKeyword.groovy:37)
	at com.kms.katalon.core.keyword.internal.KeywordExecutor.executeKeywordForPlatform(KeywordExecutor.groovy:74)
	at com.kms.katalon.core.webui.keyword.WebUiBuiltInKeywords.setText(WebUiBuiltInKeywords.groovy:980)
	at com.kms.katalon.core.webui.keyword.WebUiBuiltInKeywords$setText$3.call(Unknown Source)
	at create_new_CARD_OPC.run(create_new_CARD_OPC:34)
	at com.kms.katalon.core.main.ScriptEngine.run(ScriptEngine.java:194)
	at com.kms.katalon.core.main.ScriptEngine.runScriptAsRawText(ScriptEngine.java:119)
	at com.kms.katalon.core.main.TestCaseExecutor.runScript(TestCaseExecutor.java:448)
	at com.kms.katalon.core.main.TestCaseExecutor.doExecute(TestCaseExecutor.java:439)
	at com.kms.katalon.core.main.TestCaseExecutor.processExecutionPhase(TestCaseExecutor.java:418)
	at com.kms.katalon.core.main.TestCaseExecutor.accessMainPhase(TestCaseExecutor.java:410)
	at com.kms.katalon.core.main.TestCaseExecutor.execute(TestCaseExecutor.java:285)
	at com.kms.katalon.core.main.TestCaseMain.runTestCase(TestCaseMain.java:144)
	at com.kms.katalon.core.keyword.builtin.CallTestCaseKeyword$_callTestCase_closure1.doCall(CallTestCaseKeyword.groovy:59)
	... 20 more
Caused by: com.kms.katalon.core.webui.exception.WebElementNotFoundException: Web element with id: 'Object Repository/OPCPage/newCardNumber_OPC' located by '//div[@class='m-textField mdc-text-field mdc-text-field--outlined mdc-text-field--valid']//input[@name='cardNumber']' not found
	at com.kms.katalon.core.webui.common.WebUiCommonHelper.findWebElement(WebUiCommonHelper.java:1381)
	at com.kms.katalon.core.webui.keyword.internal.WebUIAbstractKeyword.findWebElement(WebUIAbstractKeyword.groovy:27)
	at com.kms.katalon.core.webui.keyword.internal.WebUIAbstractKeyword.findWebElement(WebUIAbstractKeyword.groovy:26)
	at com.kms.katalon.core.webui.keyword.builtin.SetTextKeyword$_setText_closure1.doCall(SetTextKeyword.groovy:51)
	at com.kms.katalon.core.webui.keyword.builtin.SetTextKeyword$_setText_closure1.call(SetTextKeyword.groovy)
	at com.kms.katalon.core.webui.keyword.internal.WebUIKeywordMain.runKeyword(WebUIKeywordMain.groovy:20)
	... 35 more
)]]></system-out>
         <system-err><![CDATA[2023-08-24 17:28:43 - [TEST_CASE][FAILED] - Test Cases/Checkout/TS_SMOKE_SUITE_077: Test Cases/Checkout/TS_SMOKE_SUITE_077 FAILED.
Reason:
com.kms.katalon.core.exception.StepFailedException: Call Test Case 'Test Cases/CommonMethods/create_new_CARD_OPC' failed
	at com.kms.katalon.core.keyword.builtin.CallTestCaseKeyword$_callTestCase_closure1.doCall(CallTestCaseKeyword.groovy:63)
	at com.kms.katalon.core.keyword.builtin.CallTestCaseKeyword$_callTestCase_closure1.call(CallTestCaseKeyword.groovy)
	at com.kms.katalon.core.keyword.internal.KeywordMain.runKeyword(KeywordMain.groovy:75)
	at com.kms.katalon.core.keyword.builtin.CallTestCaseKeyword.callTestCase(CallTestCaseKeyword.groovy:81)
	at com.kms.katalon.core.keyword.builtin.CallTestCaseKeyword.execute(CallTestCaseKeyword.groovy:44)
	at com.kms.katalon.core.keyword.internal.KeywordExecutor.executeKeywordForPlatform(KeywordExecutor.groovy:74)
	at com.kms.katalon.core.keyword.BuiltinKeywords.callTestCase(BuiltinKeywords.groovy:310)
	at TS_SMOKE_SUITE_077.run(TS_SMOKE_SUITE_077:46)
	at com.kms.katalon.core.main.ScriptEngine.run(ScriptEngine.java:194)
	at com.kms.katalon.core.main.ScriptEngine.runScriptAsRawText(ScriptEngine.java:119)
	at com.kms.katalon.core.main.TestCaseExecutor.runScript(TestCaseExecutor.java:448)
	at com.kms.katalon.core.main.TestCaseExecutor.doExecute(TestCaseExecutor.java:439)
	at com.kms.katalon.core.main.TestCaseExecutor.processExecutionPhase(TestCaseExecutor.java:418)
	at com.kms.katalon.core.main.TestCaseExecutor.accessMainPhase(TestCaseExecutor.java:410)
	at com.kms.katalon.core.main.TestCaseExecutor.execute(TestCaseExecutor.java:285)
	at com.kms.katalon.core.common.CommonExecutor.accessTestCaseMainPhase(CommonExecutor.java:65)
	at com.kms.katalon.core.main.TestSuiteExecutor.accessTestSuiteMainPhase(TestSuiteExecutor.java:148)
	at com.kms.katalon.core.main.TestSuiteExecutor.execute(TestSuiteExecutor.java:106)
	at com.kms.katalon.core.main.TestCaseMain.startTestSuite(TestCaseMain.java:187)
	at com.kms.katalon.core.main.TestCaseMain$startTestSuite$0.call(Unknown Source)
	at TempTestSuite1692874420462.run(TempTestSuite1692874420462.groovy:36)
Caused by: com.kms.katalon.core.exception.StepFailedException: Unable to set text '4111111736417976' of object 'Object Repository/OPCPage/newCardNumber_OPC'
	at com.kms.katalon.core.webui.keyword.internal.WebUIKeywordMain.stepFailed(WebUIKeywordMain.groovy:64)
	at com.kms.katalon.core.webui.keyword.internal.WebUIKeywordMain.runKeyword(WebUIKeywordMain.groovy:26)
	at com.kms.katalon.core.webui.keyword.builtin.SetTextKeyword.setText(SetTextKeyword.groovy:66)
	at com.kms.katalon.core.webui.keyword.builtin.SetTextKeyword.execute(SetTextKeyword.groovy:37)
	at com.kms.katalon.core.keyword.internal.KeywordExecutor.executeKeywordForPlatform(KeywordExecutor.groovy:74)
	at com.kms.katalon.core.webui.keyword.WebUiBuiltInKeywords.setText(WebUiBuiltInKeywords.groovy:980)
	at com.kms.katalon.core.webui.keyword.WebUiBuiltInKeywords$setText$3.call(Unknown Source)
	at create_new_CARD_OPC.run(create_new_CARD_OPC:34)
	at com.kms.katalon.core.main.ScriptEngine.run(ScriptEngine.java:194)
	at com.kms.katalon.core.main.ScriptEngine.runScriptAsRawText(ScriptEngine.java:119)
	at com.kms.katalon.core.main.TestCaseExecutor.runScript(TestCaseExecutor.java:448)
	at com.kms.katalon.core.main.TestCaseExecutor.doExecute(TestCaseExecutor.java:439)
	at com.kms.katalon.core.main.TestCaseExecutor.processExecutionPhase(TestCaseExecutor.java:418)
	at com.kms.katalon.core.main.TestCaseExecutor.accessMainPhase(TestCaseExecutor.java:410)
	at com.kms.katalon.core.main.TestCaseExecutor.execute(TestCaseExecutor.java:285)
	at com.kms.katalon.core.main.TestCaseMain.runTestCase(TestCaseMain.java:144)
	at com.kms.katalon.core.keyword.builtin.CallTestCaseKeyword$_callTestCase_closure1.doCall(CallTestCaseKeyword.groovy:59)
	... 20 more
Caused by: com.kms.katalon.core.webui.exception.WebElementNotFoundException: Web element with id: 'Object Repository/OPCPage/newCardNumber_OPC' located by '//div[@class='m-textField mdc-text-field mdc-text-field--outlined mdc-text-field--valid']//input[@name='cardNumber']' not found
	at com.kms.katalon.core.webui.common.WebUiCommonHelper.findWebElement(WebUiCommonHelper.java:1381)
	at com.kms.katalon.core.webui.keyword.internal.WebUIAbstractKeyword.findWebElement(WebUIAbstractKeyword.groovy:27)
	at com.kms.katalon.core.webui.keyword.internal.WebUIAbstractKeyword.findWebElement(WebUIAbstractKeyword.groovy:26)
	at com.kms.katalon.core.webui.keyword.builtin.SetTextKeyword$_setText_closure1.doCall(SetTextKeyword.groovy:51)
	at com.kms.katalon.core.webui.keyword.builtin.SetTextKeyword$_setText_closure1.call(SetTextKeyword.groovy)
	at com.kms.katalon.core.webui.keyword.internal.WebUIKeywordMain.runKeyword(WebUIKeywordMain.groovy:20)
	... 35 more]]></system-err>
      </testcase>
      <testcase name="Test Cases/Checkout/TS_SMOKE_SUITE_078" time="200.415" classname="Test Cases/Checkout/TS_SMOKE_SUITE_078" status="PASSED">
         <system-out><![CDATA[2023-08-24 17:33:21 - [TEST_CASE][PASSED] - Test Cases/Checkout/TS_SMOKE_SUITE_078: Test Cases/Checkout/TS_SMOKE_SUITE_078

2023-08-24 17:33:21 - [TEST_STEP][PASSED] - openBrowser(""): Browser is opened with url: ''

2023-08-24 17:33:21 - [MESSAGE][WARNING] - A browser is already opened. Closing browser and opening a new one

2023-08-24 17:33:22 - [MESSAGE][INFO] - Starting 'Chrome' driver

2023-08-24 17:33:22 - [MESSAGE][INFO] - Action delay is set to 0 milliseconds

2023-08-24 17:33:24 - [MESSAGE][PASSED] - Browser is opened with url: ''

2023-08-24 17:33:24 - [TEST_STEP][PASSED] - navigateToUrl(URL): Navigate to 'https://odtaqaa.liverpool.com.mx/tienda/home' successfully

2023-08-24 17:34:11 - [MESSAGE][PASSED] - Navigate to 'https://odtaqaa.liverpool.com.mx/tienda/home' successfully

2023-08-24 17:34:11 - [TEST_STEP][PASSED] - maximizeWindow(): Current window maximized

2023-08-24 17:34:11 - [MESSAGE][PASSED] - Current window maximized

2023-08-24 17:34:11 - [TEST_STEP][PASSED] - click(findTestObject("HomePage/Iniciar sesion")): Object: 'Object Repository/HomePage/Iniciar sesion' is clicked on

2023-08-24 17:34:12 - [MESSAGE][PASSED] - Object: 'Object Repository/HomePage/Iniciar sesion' is clicked on

2023-08-24 17:34:12 - [TEST_STEP][PASSED] - callTestCase(findTestCase("CommonMethods/login_odtaqab"), [:], STOP_ON_FAILURE): Call Test Case 'Test Cases/CommonMethods/login_odtaqab' successfully

2023-08-24 17:34:12 - [TEST_CASE][PASSED] - Test Cases/CommonMethods/login_odtaqab: Test Cases/CommonMethods/login_odtaqab

2023-08-24 17:34:12 - [TEST_STEP][PASSED] - click(findTestObject("HomePage/Iniciar sesion")): Object: 'Object Repository/HomePage/Iniciar sesion' is clicked on

2023-08-24 17:34:13 - [MESSAGE][PASSED] - Object: 'Object Repository/HomePage/Iniciar sesion' is clicked on

2023-08-24 17:34:13 - [TEST_STEP][PASSED] - enhancedClick(findTestObject("HomePage/EnterUsername_LP")): Object: 'Object Repository/HomePage/EnterUsername_LP' is clicked on

2023-08-24 17:34:30 - [MESSAGE][PASSED] - Object: 'Object Repository/HomePage/EnterUsername_LP' is clicked on

2023-08-24 17:34:30 - [TEST_STEP][PASSED] - setText(findTestObject("HomePage/EnterUsername_LP"), username): Text 'hcheruvu29@digisprint.com' is set on object 'Object Repository/HomePage/EnterUsername_LP'

2023-08-24 17:34:30 - [MESSAGE][PASSED] - Text 'hcheruvu29@digisprint.com' is set on object 'Object Repository/HomePage/EnterUsername_LP'

2023-08-24 17:34:30 - [TEST_STEP][PASSED] - delay(2): Delayed 2 second(s)

2023-08-24 17:34:32 - [MESSAGE][PASSED] - Delayed 2 second(s)

2023-08-24 17:34:32 - [TEST_STEP][PASSED] - enhancedClick(findTestObject("HomePage/EnterPassword_LP")): Object: 'Object Repository/HomePage/EnterPassword_LP' is clicked on

2023-08-24 17:34:33 - [MESSAGE][PASSED] - Object: 'Object Repository/HomePage/EnterPassword_LP' is clicked on

2023-08-24 17:34:33 - [TEST_STEP][PASSED] - delay(2): Delayed 2 second(s)

2023-08-24 17:34:35 - [MESSAGE][PASSED] - Delayed 2 second(s)

2023-08-24 17:34:35 - [TEST_STEP][PASSED] - setText(findTestObject("HomePage/EnterPassword_LP"), password): Text 'Test@12345' is set on object 'Object Repository/HomePage/EnterPassword_LP'

2023-08-24 17:34:35 - [MESSAGE][PASSED] - Text 'Test@12345' is set on object 'Object Repository/HomePage/EnterPassword_LP'

2023-08-24 17:34:35 - [TEST_STEP][PASSED] - click(findTestObject("HomePage/inciar")): Object: 'Object Repository/HomePage/inciar' is clicked on

2023-08-24 17:34:50 - [MESSAGE][PASSED] - Object: 'Object Repository/HomePage/inciar' is clicked on

2023-08-24 17:34:50 - [MESSAGE][PASSED] - Call Test Case 'Test Cases/CommonMethods/login_odtaqab' successfully

2023-08-24 17:34:50 - [TEST_STEP][PASSED] - callTestCase(findTestCase("CommonMethods/SearchForAProduct_search"), ["searchTerm":SLProduct], STOP_ON_FAILURE): Call Test Case 'Test Cases/CommonMethods/SearchForAProduct_search' successfully

2023-08-24 17:34:50 - [TEST_CASE][PASSED] - Test Cases/CommonMethods/SearchForAProduct_search: Test Cases/CommonMethods/SearchForAProduct_search

2023-08-24 17:34:50 - [TEST_STEP][PASSED] - click(findTestObject("HomePage/Buscar1"), STOP_ON_FAILURE): Object: 'Object Repository/HomePage/Buscar1' is clicked on

2023-08-24 17:35:38 - [MESSAGE][PASSED] - Object: 'Object Repository/HomePage/Buscar1' is clicked on

2023-08-24 17:35:38 - [TEST_STEP][PASSED] - delay(3): Delayed 3 second(s)

2023-08-24 17:35:41 - [MESSAGE][PASSED] - Delayed 3 second(s)

2023-08-24 17:35:41 - [TEST_STEP][PASSED] - setText(findTestObject("HomePage/Buscar1"), searchTerm): Text 'vaso' is set on object 'Object Repository/HomePage/Buscar1'

2023-08-24 17:35:42 - [MESSAGE][PASSED] - Text 'vaso' is set on object 'Object Repository/HomePage/Buscar1'

2023-08-24 17:35:42 - [TEST_STEP][PASSED] - delay(3): Delayed 3 second(s)

2023-08-24 17:35:45 - [MESSAGE][PASSED] - Delayed 3 second(s)

2023-08-24 17:35:45 - [TEST_STEP][PASSED] - sendKeys(findTestObject("HomePage/Seach_TextBox_hp"), Keys.chord(ENTER)): Keys 'ENTER + ' sent to object: 'Object Repository/HomePage/Seach_TextBox_hp'

2023-08-24 17:35:46 - [MESSAGE][PASSED] - Keys 'ENTER + ' sent to object: 'Object Repository/HomePage/Seach_TextBox_hp'

2023-08-24 17:35:46 - [MESSAGE][PASSED] - Call Test Case 'Test Cases/CommonMethods/SearchForAProduct_search' successfully

2023-08-24 17:35:46 - [TEST_STEP][PASSED] - click(findTestObject("PLPPage/product2_cardPrice_PLP")): Object: 'Object Repository/PLPPage/product2_cardPrice_PLP' is clicked on

2023-08-24 17:36:06 - [MESSAGE][PASSED] - Object: 'Object Repository/PLPPage/product2_cardPrice_PLP' is clicked on

2023-08-24 17:36:06 - [TEST_STEP][PASSED] - click(findTestObject("PDPPage/AddToCart_PDP")): Object: 'Object Repository/PDPPage/AddToCart_PDP' is clicked on

2023-08-24 17:36:19 - [MESSAGE][PASSED] - Object: 'Object Repository/PDPPage/AddToCart_PDP' is clicked on

2023-08-24 17:36:19 - [TEST_STEP][PASSED] - click(findTestObject("HomePage/bag_header_HP")): Object: 'Object Repository/HomePage/bag_header_HP' is clicked on

2023-08-24 17:36:23 - [MESSAGE][PASSED] - Object: 'Object Repository/HomePage/bag_header_HP' is clicked on

2023-08-24 17:36:23 - [TEST_STEP][PASSED] - click(findTestObject("CartPage/BuyButton_Cart")): Object: 'Object Repository/CartPage/BuyButton_Cart' is clicked on

2023-08-24 17:36:28 - [MESSAGE][PASSED] - Object: 'Object Repository/CartPage/BuyButton_Cart' is clicked on

2023-08-24 17:36:28 - [TEST_STEP][PASSED] - click(findTestObject("OPCPage/paymentMethod_change_OPC")): Object: 'Object Repository/OPCPage/paymentMethod_change_OPC' is clicked on

2023-08-24 17:36:34 - [MESSAGE][PASSED] - Object: 'Object Repository/OPCPage/paymentMethod_change_OPC' is clicked on

2023-08-24 17:36:34 - [TEST_STEP][PASSED] - click(findTestObject("OPCPage/paymentMethod_button3_OPC")): Object: 'Object Repository/OPCPage/paymentMethod_button3_OPC' is clicked on

2023-08-24 17:36:36 - [MESSAGE][PASSED] - Object: 'Object Repository/OPCPage/paymentMethod_button3_OPC' is clicked on

2023-08-24 17:36:36 - [TEST_STEP][PASSED] - click(findTestObject("OPCPage/Continue_payment_3rdmethod_OPC")): Object: 'Object Repository/OPCPage/Continue_payment_3rdmethod_OPC' is clicked on

2023-08-24 17:36:38 - [MESSAGE][PASSED] - Object: 'Object Repository/OPCPage/Continue_payment_3rdmethod_OPC' is clicked on

2023-08-24 17:36:38 - [TEST_STEP][PASSED] - click(findTestObject("OPCPage/Final_comparar_OPC")): Object: 'Object Repository/OPCPage/Final_comparar_OPC' is clicked on

2023-08-24 17:36:41 - [MESSAGE][PASSED] - Object: 'Object Repository/OPCPage/Final_comparar_OPC' is clicked on

2023-08-24 17:36:41 - [TEST_STEP][PASSED] - closeBrowser(): Browser is closed

2023-08-24 17:36:42 - [MESSAGE][PASSED] - Browser is closed]]></system-out>
         <system-err><![CDATA[]]></system-err>
      </testcase>
      <testcase name="Test Cases/Checkout/TS_SMOKE_SUITE_080" time="222.608" classname="Test Cases/Checkout/TS_SMOKE_SUITE_080" status="PASSED">
         <system-out><![CDATA[2023-08-24 17:36:42 - [TEST_CASE][PASSED] - Test Cases/Checkout/TS_SMOKE_SUITE_080: Test Cases/Checkout/TS_SMOKE_SUITE_080

2023-08-24 17:36:42 - [TEST_STEP][PASSED] - openBrowser(""): Browser is opened with url: ''

2023-08-24 17:36:42 - [MESSAGE][INFO] - Starting 'Chrome' driver

2023-08-24 17:36:42 - [MESSAGE][INFO] - Action delay is set to 0 milliseconds

2023-08-24 17:36:43 - [MESSAGE][PASSED] - Browser is opened with url: ''

2023-08-24 17:36:43 - [TEST_STEP][PASSED] - navigateToUrl(URL): Navigate to 'https://odtaqaa.liverpool.com.mx/tienda/home' successfully

2023-08-24 17:37:34 - [MESSAGE][PASSED] - Navigate to 'https://odtaqaa.liverpool.com.mx/tienda/home' successfully

2023-08-24 17:37:34 - [TEST_STEP][PASSED] - maximizeWindow(): Current window maximized

2023-08-24 17:37:34 - [MESSAGE][PASSED] - Current window maximized

2023-08-24 17:37:34 - [TEST_STEP][PASSED] - click(findTestObject("HomePage/Iniciar sesion")): Object: 'Object Repository/HomePage/Iniciar sesion' is clicked on

2023-08-24 17:37:34 - [MESSAGE][PASSED] - Object: 'Object Repository/HomePage/Iniciar sesion' is clicked on

2023-08-24 17:37:34 - [TEST_STEP][PASSED] - callTestCase(findTestCase("CommonMethods/login_odtaqab"), [:], STOP_ON_FAILURE): Call Test Case 'Test Cases/CommonMethods/login_odtaqab' successfully

2023-08-24 17:37:34 - [TEST_CASE][PASSED] - Test Cases/CommonMethods/login_odtaqab: Test Cases/CommonMethods/login_odtaqab

2023-08-24 17:37:34 - [TEST_STEP][PASSED] - click(findTestObject("HomePage/Iniciar sesion")): Object: 'Object Repository/HomePage/Iniciar sesion' is clicked on

2023-08-24 17:37:36 - [MESSAGE][PASSED] - Object: 'Object Repository/HomePage/Iniciar sesion' is clicked on

2023-08-24 17:37:36 - [TEST_STEP][PASSED] - enhancedClick(findTestObject("HomePage/EnterUsername_LP")): Object: 'Object Repository/HomePage/EnterUsername_LP' is clicked on

2023-08-24 17:37:52 - [MESSAGE][PASSED] - Object: 'Object Repository/HomePage/EnterUsername_LP' is clicked on

2023-08-24 17:37:52 - [TEST_STEP][PASSED] - setText(findTestObject("HomePage/EnterUsername_LP"), username): Text 'hcheruvu29@digisprint.com' is set on object 'Object Repository/HomePage/EnterUsername_LP'

2023-08-24 17:37:53 - [MESSAGE][PASSED] - Text 'hcheruvu29@digisprint.com' is set on object 'Object Repository/HomePage/EnterUsername_LP'

2023-08-24 17:37:53 - [TEST_STEP][PASSED] - delay(2): Delayed 2 second(s)

2023-08-24 17:37:55 - [MESSAGE][PASSED] - Delayed 2 second(s)

2023-08-24 17:37:55 - [TEST_STEP][PASSED] - enhancedClick(findTestObject("HomePage/EnterPassword_LP")): Object: 'Object Repository/HomePage/EnterPassword_LP' is clicked on

2023-08-24 17:37:55 - [MESSAGE][PASSED] - Object: 'Object Repository/HomePage/EnterPassword_LP' is clicked on

2023-08-24 17:37:55 - [TEST_STEP][PASSED] - delay(2): Delayed 2 second(s)

2023-08-24 17:37:57 - [MESSAGE][PASSED] - Delayed 2 second(s)

2023-08-24 17:37:57 - [TEST_STEP][PASSED] - setText(findTestObject("HomePage/EnterPassword_LP"), password): Text 'Test@12345' is set on object 'Object Repository/HomePage/EnterPassword_LP'

2023-08-24 17:37:58 - [MESSAGE][PASSED] - Text 'Test@12345' is set on object 'Object Repository/HomePage/EnterPassword_LP'

2023-08-24 17:37:58 - [TEST_STEP][PASSED] - click(findTestObject("HomePage/inciar")): Object: 'Object Repository/HomePage/inciar' is clicked on

2023-08-24 17:38:19 - [MESSAGE][PASSED] - Object: 'Object Repository/HomePage/inciar' is clicked on

2023-08-24 17:38:19 - [MESSAGE][PASSED] - Call Test Case 'Test Cases/CommonMethods/login_odtaqab' successfully

2023-08-24 17:38:19 - [TEST_STEP][PASSED] - callTestCase(findTestCase("CommonMethods/SearchForAProduct_search"), ["searchTerm":SLProduct], STOP_ON_FAILURE): Call Test Case 'Test Cases/CommonMethods/SearchForAProduct_search' successfully

2023-08-24 17:38:19 - [TEST_CASE][PASSED] - Test Cases/CommonMethods/SearchForAProduct_search: Test Cases/CommonMethods/SearchForAProduct_search

2023-08-24 17:38:19 - [TEST_STEP][PASSED] - click(findTestObject("HomePage/Buscar1"), STOP_ON_FAILURE): Object: 'Object Repository/HomePage/Buscar1' is clicked on

2023-08-24 17:39:13 - [MESSAGE][PASSED] - Object: 'Object Repository/HomePage/Buscar1' is clicked on

2023-08-24 17:39:13 - [TEST_STEP][PASSED] - delay(3): Delayed 3 second(s)

2023-08-24 17:39:16 - [MESSAGE][PASSED] - Delayed 3 second(s)

2023-08-24 17:39:16 - [TEST_STEP][PASSED] - setText(findTestObject("HomePage/Buscar1"), searchTerm): Text 'vaso' is set on object 'Object Repository/HomePage/Buscar1'

2023-08-24 17:39:17 - [MESSAGE][PASSED] - Text 'vaso' is set on object 'Object Repository/HomePage/Buscar1'

2023-08-24 17:39:17 - [TEST_STEP][PASSED] - delay(3): Delayed 3 second(s)

2023-08-24 17:39:20 - [MESSAGE][PASSED] - Delayed 3 second(s)

2023-08-24 17:39:20 - [TEST_STEP][PASSED] - sendKeys(findTestObject("HomePage/Seach_TextBox_hp"), Keys.chord(ENTER)): Keys 'ENTER + ' sent to object: 'Object Repository/HomePage/Seach_TextBox_hp'

2023-08-24 17:39:20 - [MESSAGE][PASSED] - Keys 'ENTER + ' sent to object: 'Object Repository/HomePage/Seach_TextBox_hp'

2023-08-24 17:39:20 - [MESSAGE][PASSED] - Call Test Case 'Test Cases/CommonMethods/SearchForAProduct_search' successfully

2023-08-24 17:39:20 - [TEST_STEP][PASSED] - click(findTestObject("PLPPage/product2_cardPrice_PLP")): Object: 'Object Repository/PLPPage/product2_cardPrice_PLP' is clicked on

2023-08-24 17:39:38 - [MESSAGE][PASSED] - Object: 'Object Repository/PLPPage/product2_cardPrice_PLP' is clicked on

2023-08-24 17:39:38 - [TEST_STEP][PASSED] - click(findTestObject("PDPPage/AddToCart_PDP")): Object: 'Object Repository/PDPPage/AddToCart_PDP' is clicked on

2023-08-24 17:39:50 - [MESSAGE][PASSED] - Object: 'Object Repository/PDPPage/AddToCart_PDP' is clicked on

2023-08-24 17:39:50 - [TEST_STEP][PASSED] - click(findTestObject("HomePage/bag_header_HP")): Object: 'Object Repository/HomePage/bag_header_HP' is clicked on

2023-08-24 17:39:54 - [MESSAGE][PASSED] - Object: 'Object Repository/HomePage/bag_header_HP' is clicked on

2023-08-24 17:39:54 - [TEST_STEP][PASSED] - click(findTestObject("CartPage/BuyButton_Cart")): Object: 'Object Repository/CartPage/BuyButton_Cart' is clicked on

2023-08-24 17:39:59 - [MESSAGE][PASSED] - Object: 'Object Repository/CartPage/BuyButton_Cart' is clicked on

2023-08-24 17:39:59 - [TEST_STEP][PASSED] - click(findTestObject("OPCPage/paymentMethod_change_OPC"), OPTIONAL): Object: 'Object Repository/OPCPage/paymentMethod_change_OPC' is clicked on

2023-08-24 17:40:11 - [MESSAGE][PASSED] - Object: 'Object Repository/OPCPage/paymentMethod_change_OPC' is clicked on

2023-08-24 17:40:11 - [TEST_STEP][PASSED] - click(findTestObject("OPCPage/paymentMethod_button1_OPC"), OPTIONAL): Object: 'Object Repository/OPCPage/paymentMethod_button1_OPC' is clicked on

2023-08-24 17:40:14 - [MESSAGE][PASSED] - Object: 'Object Repository/OPCPage/paymentMethod_button1_OPC' is clicked on

2023-08-24 17:40:14 - [TEST_STEP][PASSED] - setText(findTestObject("OPCPage/enterCardCVV_OPC"), "413", OPTIONAL): Text '413' is set on object 'Object Repository/OPCPage/enterCardCVV_OPC'

2023-08-24 17:40:15 - [MESSAGE][PASSED] - Text '413' is set on object 'Object Repository/OPCPage/enterCardCVV_OPC'

2023-08-24 17:40:15 - [TEST_STEP][PASSED] - setText(findTestObject("OPCPage/enterCardExpire_OPC"), "1225", OPTIONAL): Text '1225' is set on object 'Object Repository/OPCPage/enterCardExpire_OPC'

2023-08-24 17:40:16 - [MESSAGE][PASSED] - Text '1225' is set on object 'Object Repository/OPCPage/enterCardExpire_OPC'

2023-08-24 17:40:16 - [TEST_STEP][PASSED] - click(findTestObject("OPCPage/cardContinue_checkout_popUP"), OPTIONAL): Object: 'Object Repository/OPCPage/cardContinue_checkout_popUP' is clicked on

2023-08-24 17:40:16 - [MESSAGE][PASSED] - Object: 'Object Repository/OPCPage/cardContinue_checkout_popUP' is clicked on

2023-08-24 17:40:16 - [TEST_STEP][PASSED] - j = getText(findTestObject("OPCPage/Page_/TotalPrice_opc")): Text of object 'Object Repository/OPCPage/Page_/TotalPrice_opc' is: '$675.00'

2023-08-24 17:40:19 - [MESSAGE][PASSED] - Text of object 'Object Repository/OPCPage/Page_/TotalPrice_opc' is: '$675.00'

2023-08-24 17:40:19 - [TEST_STEP][PASSED] - j1 = replace("$", "").replace(",", ""): null

2023-08-24 17:40:19 - [TEST_STEP][PASSED] - a = getText(findTestObject("OPCPage/coupon_pricevalue_OPC")): Text of object 'Object Repository/OPCPage/coupon_pricevalue_OPC' is: '$0.00'

2023-08-24 17:40:19 - [MESSAGE][PASSED] - Text of object 'Object Repository/OPCPage/coupon_pricevalue_OPC' is: '$0.00'

2023-08-24 17:40:19 - [TEST_STEP][PASSED] - a1 = replace("$", "").replace(",", ""): null

2023-08-24 17:40:19 - [TEST_STEP][PASSED] - click(findTestObject("OPCPage/coupon_button_OPC")): Object: 'Object Repository/OPCPage/coupon_button_OPC' is clicked on

2023-08-24 17:40:20 - [MESSAGE][PASSED] - Object: 'Object Repository/OPCPage/coupon_button_OPC' is clicked on

2023-08-24 17:40:20 - [TEST_STEP][PASSED] - click(findTestObject("OPCPage/couon1_utilize_OPC")): Object: 'Object Repository/OPCPage/couon1_utilize_OPC' is clicked on

2023-08-24 17:40:20 - [MESSAGE][PASSED] - Object: 'Object Repository/OPCPage/couon1_utilize_OPC' is clicked on

2023-08-24 17:40:20 - [TEST_STEP][PASSED] - b = getText(findTestObject("OPCPage/coupon_pricevalue_OPC")): Text of object 'Object Repository/OPCPage/coupon_pricevalue_OPC' is: '$33.75'

2023-08-24 17:40:24 - [MESSAGE][PASSED] - Text of object 'Object Repository/OPCPage/coupon_pricevalue_OPC' is: '$33.75'

2023-08-24 17:40:24 - [TEST_STEP][PASSED] - b1 = replace("$", "").replace(",", ""): null

2023-08-24 17:40:24 - [TEST_STEP][PASSED] - out.println(a1): null

2023-08-24 17:40:24 - [TEST_STEP][PASSED] - out.println(b1): null

2023-08-24 17:40:24 - [TEST_STEP][PASSED] - if (a1 != b1): null

2023-08-24 17:40:24 - [TEST_STEP][PASSED] - out.println("coupon applied"): null

2023-08-24 17:40:24 - [TEST_STEP][PASSED] - k = getText(findTestObject("OPCPage/Page_/TotalPrice_opc")): Text of object 'Object Repository/OPCPage/Page_/TotalPrice_opc' is: '$641.25'

2023-08-24 17:40:24 - [MESSAGE][PASSED] - Text of object 'Object Repository/OPCPage/Page_/TotalPrice_opc' is: '$641.25'

2023-08-24 17:40:24 - [TEST_STEP][PASSED] - k1 = replace("$", "").replace(",", ""): null

2023-08-24 17:40:24 - [TEST_STEP][PASSED] - out.println(j1): null

2023-08-24 17:40:24 - [TEST_STEP][PASSED] - out.println(k1): null

2023-08-24 17:40:24 - [TEST_STEP][PASSED] - if (j1 >= k1): null

2023-08-24 17:40:24 - [TEST_STEP][PASSED] - out.println("coupon applied"): null

2023-08-24 17:40:24 - [TEST_STEP][PASSED] - click(findTestObject("OPCPage/Final_comparar_OPC")): Object: 'Object Repository/OPCPage/Final_comparar_OPC' is clicked on

2023-08-24 17:40:24 - [MESSAGE][PASSED] - Object: 'Object Repository/OPCPage/Final_comparar_OPC' is clicked on]]></system-out>
         <system-err><![CDATA[]]></system-err>
      </testcase>
      <testcase name="Test Cases/Checkout/TS_SMOKE_SUITE_082" time="246.225" classname="Test Cases/Checkout/TS_SMOKE_SUITE_082" status="FAILED">
         <failure type="FAILED" message="Test Cases/Checkout/TS_SMOKE_SUITE_082 FAILED.
Reason:
com.kms.katalon.core.exception.StepFailedException: Unable to click on object 'Object Repository/OPCPage/cardContinue_checkout_popUP'
	at com.kms.katalon.core.webui.keyword.internal.WebUIKeywordMain.stepFailed(WebUIKeywordMain.groovy:64)
	at com.kms.katalon.core.webui.keyword.internal.WebUIKeywordMain.runKeyword(WebUIKeywordMain.groovy:26)
	at com.kms.katalon.core.webui.keyword.builtin.ClickKeyword.click(ClickKeyword.groovy:74)
	at com.kms.katalon.core.webui.keyword.builtin.ClickKeyword.execute(ClickKeyword.groovy:40)
	at com.kms.katalon.core.keyword.internal.KeywordExecutor.executeKeywordForPlatform(KeywordExecutor.groovy:74)
	at com.kms.katalon.core.webui.keyword.WebUiBuiltInKeywords.click(WebUiBuiltInKeywords.groovy:620)
	at com.kms.katalon.core.webui.keyword.WebUiBuiltInKeywords$click$2.call(Unknown Source)
	at TS_SMOKE_SUITE_082.run(TS_SMOKE_SUITE_082:83)
	at com.kms.katalon.core.main.ScriptEngine.run(ScriptEngine.java:194)
	at com.kms.katalon.core.main.ScriptEngine.runScriptAsRawText(ScriptEngine.java:119)
	at com.kms.katalon.core.main.TestCaseExecutor.runScript(TestCaseExecutor.java:448)
	at com.kms.katalon.core.main.TestCaseExecutor.doExecute(TestCaseExecutor.java:439)
	at com.kms.katalon.core.main.TestCaseExecutor.processExecutionPhase(TestCaseExecutor.java:418)
	at com.kms.katalon.core.main.TestCaseExecutor.accessMainPhase(TestCaseExecutor.java:410)
	at com.kms.katalon.core.main.TestCaseExecutor.execute(TestCaseExecutor.java:285)
	at com.kms.katalon.core.common.CommonExecutor.accessTestCaseMainPhase(CommonExecutor.java:65)
	at com.kms.katalon.core.main.TestSuiteExecutor.accessTestSuiteMainPhase(TestSuiteExecutor.java:148)
	at com.kms.katalon.core.main.TestSuiteExecutor.execute(TestSuiteExecutor.java:106)
	at com.kms.katalon.core.main.TestCaseMain.startTestSuite(TestCaseMain.java:187)
	at com.kms.katalon.core.main.TestCaseMain$startTestSuite$0.call(Unknown Source)
	at TempTestSuite1692874420462.run(TempTestSuite1692874420462.groovy:36)
Caused by: com.kms.katalon.core.webui.exception.WebElementNotFoundException: Web element with id: 'Object Repository/OPCPage/cardContinue_checkout_popUP' located by '//div[@class='opc_continuarModalloggedInCC isAndroid']//button' not found
	at com.kms.katalon.core.webui.common.WebUiCommonHelper.findWebElement(WebUiCommonHelper.java:1381)
	at com.kms.katalon.core.webui.keyword.internal.WebUIAbstractKeyword.findWebElement(WebUIAbstractKeyword.groovy:27)
	at com.kms.katalon.core.webui.keyword.builtin.ClickKeyword$_click_closure1.doCall(ClickKeyword.groovy:65)
	at com.kms.katalon.core.webui.keyword.builtin.ClickKeyword$_click_closure1.call(ClickKeyword.groovy)
	at com.kms.katalon.core.webui.keyword.internal.WebUIKeywordMain.runKeyword(WebUIKeywordMain.groovy:20)
	... 19 more
"/>
         <system-out><![CDATA[2023-08-24 17:40:24 - [TEST_CASE][FAILED] - Test Cases/Checkout/TS_SMOKE_SUITE_082: Test Cases/Checkout/TS_SMOKE_SUITE_082 FAILED.
Reason:
com.kms.katalon.core.exception.StepFailedException: Unable to click on object 'Object Repository/OPCPage/cardContinue_checkout_popUP'
	at com.kms.katalon.core.webui.keyword.internal.WebUIKeywordMain.stepFailed(WebUIKeywordMain.groovy:64)
	at com.kms.katalon.core.webui.keyword.internal.WebUIKeywordMain.runKeyword(WebUIKeywordMain.groovy:26)
	at com.kms.katalon.core.webui.keyword.builtin.ClickKeyword.click(ClickKeyword.groovy:74)
	at com.kms.katalon.core.webui.keyword.builtin.ClickKeyword.execute(ClickKeyword.groovy:40)
	at com.kms.katalon.core.keyword.internal.KeywordExecutor.executeKeywordForPlatform(KeywordExecutor.groovy:74)
	at com.kms.katalon.core.webui.keyword.WebUiBuiltInKeywords.click(WebUiBuiltInKeywords.groovy:620)
	at com.kms.katalon.core.webui.keyword.WebUiBuiltInKeywords$click$2.call(Unknown Source)
	at TS_SMOKE_SUITE_082.run(TS_SMOKE_SUITE_082:83)
	at com.kms.katalon.core.main.ScriptEngine.run(ScriptEngine.java:194)
	at com.kms.katalon.core.main.ScriptEngine.runScriptAsRawText(ScriptEngine.java:119)
	at com.kms.katalon.core.main.TestCaseExecutor.runScript(TestCaseExecutor.java:448)
	at com.kms.katalon.core.main.TestCaseExecutor.doExecute(TestCaseExecutor.java:439)
	at com.kms.katalon.core.main.TestCaseExecutor.processExecutionPhase(TestCaseExecutor.java:418)
	at com.kms.katalon.core.main.TestCaseExecutor.accessMainPhase(TestCaseExecutor.java:410)
	at com.kms.katalon.core.main.TestCaseExecutor.execute(TestCaseExecutor.java:285)
	at com.kms.katalon.core.common.CommonExecutor.accessTestCaseMainPhase(CommonExecutor.java:65)
	at com.kms.katalon.core.main.TestSuiteExecutor.accessTestSuiteMainPhase(TestSuiteExecutor.java:148)
	at com.kms.katalon.core.main.TestSuiteExecutor.execute(TestSuiteExecutor.java:106)
	at com.kms.katalon.core.main.TestCaseMain.startTestSuite(TestCaseMain.java:187)
	at com.kms.katalon.core.main.TestCaseMain$startTestSuite$0.call(Unknown Source)
	at TempTestSuite1692874420462.run(TempTestSuite1692874420462.groovy:36)
Caused by: com.kms.katalon.core.webui.exception.WebElementNotFoundException: Web element with id: 'Object Repository/OPCPage/cardContinue_checkout_popUP' located by '//div[@class='opc_continuarModalloggedInCC isAndroid']//button' not found
	at com.kms.katalon.core.webui.common.WebUiCommonHelper.findWebElement(WebUiCommonHelper.java:1381)
	at com.kms.katalon.core.webui.keyword.internal.WebUIAbstractKeyword.findWebElement(WebUIAbstractKeyword.groovy:27)
	at com.kms.katalon.core.webui.keyword.builtin.ClickKeyword$_click_closure1.doCall(ClickKeyword.groovy:65)
	at com.kms.katalon.core.webui.keyword.builtin.ClickKeyword$_click_closure1.call(ClickKeyword.groovy)
	at com.kms.katalon.core.webui.keyword.internal.WebUIKeywordMain.runKeyword(WebUIKeywordMain.groovy:20)
	... 19 more


2023-08-24 17:40:25 - [TEST_STEP][PASSED] - openBrowser(""): Browser is opened with url: ''

2023-08-24 17:40:25 - [MESSAGE][WARNING] - A browser is already opened. Closing browser and opening a new one

2023-08-24 17:40:25 - [MESSAGE][INFO] - Starting 'Chrome' driver

2023-08-24 17:40:25 - [MESSAGE][INFO] - Action delay is set to 0 milliseconds

2023-08-24 17:40:27 - [MESSAGE][PASSED] - Browser is opened with url: ''

2023-08-24 17:40:27 - [TEST_STEP][PASSED] - navigateToUrl(URL): Navigate to 'https://odtaqaa.liverpool.com.mx/tienda/home' successfully

2023-08-24 17:41:12 - [MESSAGE][PASSED] - Navigate to 'https://odtaqaa.liverpool.com.mx/tienda/home' successfully

2023-08-24 17:41:12 - [TEST_STEP][PASSED] - maximizeWindow(): Current window maximized

2023-08-24 17:41:13 - [MESSAGE][PASSED] - Current window maximized

2023-08-24 17:41:13 - [TEST_STEP][PASSED] - click(findTestObject("HomePage/Iniciar sesion")): Object: 'Object Repository/HomePage/Iniciar sesion' is clicked on

2023-08-24 17:41:13 - [MESSAGE][PASSED] - Object: 'Object Repository/HomePage/Iniciar sesion' is clicked on

2023-08-24 17:41:13 - [TEST_STEP][PASSED] - callTestCase(findTestCase("CommonMethods/loginFromHomePage"), ["username":Username, "password":Password], STOP_ON_FAILURE): Call Test Case 'Test Cases/CommonMethods/loginFromHomePage' successfully

2023-08-24 17:41:13 - [TEST_CASE][PASSED] - Test Cases/CommonMethods/loginFromHomePage: Test Cases/CommonMethods/loginFromHomePage

2023-08-24 17:41:13 - [TEST_STEP][PASSED] - delay(3): Delayed 3 second(s)

2023-08-24 17:41:16 - [MESSAGE][PASSED] - Delayed 3 second(s)

2023-08-24 17:41:16 - [TEST_STEP][PASSED] - click(findTestObject("HomePage/EnterUsername_LP")): Object: 'Object Repository/HomePage/EnterUsername_LP' is clicked on

2023-08-24 17:41:30 - [MESSAGE][PASSED] - Object: 'Object Repository/HomePage/EnterUsername_LP' is clicked on

2023-08-24 17:41:30 - [TEST_STEP][PASSED] - setText(findTestObject("HomePage/EnterUsername_LP"), username): Text 'hcheruvu29@digisprint.com' is set on object 'Object Repository/HomePage/EnterUsername_LP'

2023-08-24 17:41:30 - [MESSAGE][PASSED] - Text 'hcheruvu29@digisprint.com' is set on object 'Object Repository/HomePage/EnterUsername_LP'

2023-08-24 17:41:30 - [TEST_STEP][PASSED] - click(findTestObject("HomePage/EnterPassword_LP")): Object: 'Object Repository/HomePage/EnterPassword_LP' is clicked on

2023-08-24 17:41:31 - [MESSAGE][PASSED] - Object: 'Object Repository/HomePage/EnterPassword_LP' is clicked on

2023-08-24 17:41:31 - [TEST_STEP][PASSED] - setText(findTestObject("HomePage/EnterPassword_LP"), password): Text 'Test@12345' is set on object 'Object Repository/HomePage/EnterPassword_LP'

2023-08-24 17:41:31 - [MESSAGE][PASSED] - Text 'Test@12345' is set on object 'Object Repository/HomePage/EnterPassword_LP'

2023-08-24 17:41:31 - [TEST_STEP][PASSED] - click(findTestObject("HomePage/inciar")): Object: 'Object Repository/HomePage/inciar' is clicked on

2023-08-24 17:41:49 - [MESSAGE][PASSED] - Object: 'Object Repository/HomePage/inciar' is clicked on

2023-08-24 17:41:49 - [MESSAGE][PASSED] - Call Test Case 'Test Cases/CommonMethods/loginFromHomePage' successfully

2023-08-24 17:41:49 - [TEST_STEP][PASSED] - callTestCase(findTestCase("CommonMethods/EmptyCart_RunAt_HP"), [:], OPTIONAL): Unable to call Test Case 'Test Cases/CommonMethods/EmptyCart_RunAt_HP' (Root cause: com.kms.katalon.core.exception.StepErrorException: Call Test Case 'Test Cases/CommonMethods/EmptyCart_RunAt_HP' failed because of error(s)
	at com.kms.katalon.core.keyword.builtin.CallTestCaseKeyword$_callTestCase_closure1.doCall(CallTestCaseKeyword.groovy:66)
	at com.kms.katalon.core.keyword.builtin.CallTestCaseKeyword$_callTestCase_closure1.call(CallTestCaseKeyword.groovy)
	at com.kms.katalon.core.keyword.internal.KeywordMain.runKeyword(KeywordMain.groovy:75)
	at com.kms.katalon.core.keyword.builtin.CallTestCaseKeyword.callTestCase(CallTestCaseKeyword.groovy:81)
	at com.kms.katalon.core.keyword.builtin.CallTestCaseKeyword.execute(CallTestCaseKeyword.groovy:44)
	at com.kms.katalon.core.keyword.internal.KeywordExecutor.executeKeywordForPlatform(KeywordExecutor.groovy:74)
	at com.kms.katalon.core.keyword.BuiltinKeywords.callTestCase(BuiltinKeywords.groovy:310)
	at TS_SMOKE_SUITE_082.run(TS_SMOKE_SUITE_082:31)
	at com.kms.katalon.core.main.ScriptEngine.run(ScriptEngine.java:194)
	at com.kms.katalon.core.main.ScriptEngine.runScriptAsRawText(ScriptEngine.java:119)
	at com.kms.katalon.core.main.TestCaseExecutor.runScript(TestCaseExecutor.java:448)
	at com.kms.katalon.core.main.TestCaseExecutor.doExecute(TestCaseExecutor.java:439)
	at com.kms.katalon.core.main.TestCaseExecutor.processExecutionPhase(TestCaseExecutor.java:418)
	at com.kms.katalon.core.main.TestCaseExecutor.accessMainPhase(TestCaseExecutor.java:410)
	at com.kms.katalon.core.main.TestCaseExecutor.execute(TestCaseExecutor.java:285)
	at com.kms.katalon.core.common.CommonExecutor.accessTestCaseMainPhase(CommonExecutor.java:65)
	at com.kms.katalon.core.main.TestSuiteExecutor.accessTestSuiteMainPhase(TestSuiteExecutor.java:148)
	at com.kms.katalon.core.main.TestSuiteExecutor.execute(TestSuiteExecutor.java:106)
	at com.kms.katalon.core.main.TestCaseMain.startTestSuite(TestCaseMain.java:187)
	at com.kms.katalon.core.main.TestCaseMain$startTestSuite$0.call(Unknown Source)
	at TempTestSuite1692874420462.run(TempTestSuite1692874420462.groovy:36)
Caused by: java.lang.NullPointerException
	at com.kms.katalon.core.webui.common.WebUiCommonHelper.findElementsBySelectedMethod(WebUiCommonHelper.java:896)
	at com.kms.katalon.core.webui.common.WebUiCommonHelper.findElementsByDefault(WebUiCommonHelper.java:892)
	at com.kms.katalon.core.webui.common.WebUiCommonHelper.findWebElements(WebUiCommonHelper.java:720)
	at com.kms.katalon.core.webui.keyword.internal.WebUIAbstractKeyword.findWebElements(WebUIAbstractKeyword.groovy:32)
	at com.kms.katalon.core.webui.keyword.WebUiBuiltInKeywords.findWebElements(WebUiBuiltInKeywords.groovy:2860)
	at com.kms.katalon.core.webui.keyword.WebUiBuiltInKeywords$findWebElements$19.call(Unknown Source)
	at EmptyCart_RunAt_HP.run(EmptyCart_RunAt_HP:39)
	at com.kms.katalon.core.main.ScriptEngine.run(ScriptEngine.java:194)
	at com.kms.katalon.core.main.ScriptEngine.runScriptAsRawText(ScriptEngine.java:119)
	at com.kms.katalon.core.main.TestCaseExecutor.runScript(TestCaseExecutor.java:448)
	at com.kms.katalon.core.main.TestCaseExecutor.doExecute(TestCaseExecutor.java:439)
	at com.kms.katalon.core.main.TestCaseExecutor.processExecutionPhase(TestCaseExecutor.java:418)
	at com.kms.katalon.core.main.TestCaseExecutor.accessMainPhase(TestCaseExecutor.java:410)
	at com.kms.katalon.core.main.TestCaseExecutor.execute(TestCaseExecutor.java:285)
	at com.kms.katalon.core.main.TestCaseMain.runTestCase(TestCaseMain.java:144)
	at com.kms.katalon.core.keyword.builtin.CallTestCaseKeyword$_callTestCase_closure1.doCall(CallTestCaseKeyword.groovy:59)
	... 20 more
)

2023-08-24 17:41:49 - [TEST_CASE][ERROR] - Test Cases/CommonMethods/EmptyCart_RunAt_HP: Test Cases/CommonMethods/EmptyCart_RunAt_HP FAILED.
Reason:
java.lang.NullPointerException
	at com.kms.katalon.core.webui.common.WebUiCommonHelper.findElementsBySelectedMethod(WebUiCommonHelper.java:896)
	at com.kms.katalon.core.webui.common.WebUiCommonHelper.findElementsByDefault(WebUiCommonHelper.java:892)
	at com.kms.katalon.core.webui.common.WebUiCommonHelper.findWebElements(WebUiCommonHelper.java:720)
	at com.kms.katalon.core.webui.keyword.internal.WebUIAbstractKeyword.findWebElements(WebUIAbstractKeyword.groovy:32)
	at com.kms.katalon.core.webui.keyword.WebUiBuiltInKeywords.findWebElements(WebUiBuiltInKeywords.groovy:2860)
	at com.kms.katalon.core.webui.keyword.WebUiBuiltInKeywords$findWebElements$19.call(Unknown Source)
	at EmptyCart_RunAt_HP.run(EmptyCart_RunAt_HP:39)
	at com.kms.katalon.core.main.ScriptEngine.run(ScriptEngine.java:194)
	at com.kms.katalon.core.main.ScriptEngine.runScriptAsRawText(ScriptEngine.java:119)
	at com.kms.katalon.core.main.TestCaseExecutor.runScript(TestCaseExecutor.java:448)
	at com.kms.katalon.core.main.TestCaseExecutor.doExecute(TestCaseExecutor.java:439)
	at com.kms.katalon.core.main.TestCaseExecutor.processExecutionPhase(TestCaseExecutor.java:418)
	at com.kms.katalon.core.main.TestCaseExecutor.accessMainPhase(TestCaseExecutor.java:410)
	at com.kms.katalon.core.main.TestCaseExecutor.execute(TestCaseExecutor.java:285)
	at com.kms.katalon.core.main.TestCaseMain.runTestCase(TestCaseMain.java:144)
	at com.kms.katalon.core.keyword.builtin.CallTestCaseKeyword$_callTestCase_closure1.doCall(CallTestCaseKeyword.groovy:59)
	at com.kms.katalon.core.keyword.builtin.CallTestCaseKeyword$_callTestCase_closure1.call(CallTestCaseKeyword.groovy)
	at com.kms.katalon.core.keyword.internal.KeywordMain.runKeyword(KeywordMain.groovy:75)
	at com.kms.katalon.core.keyword.builtin.CallTestCaseKeyword.callTestCase(CallTestCaseKeyword.groovy:81)
	at com.kms.katalon.core.keyword.builtin.CallTestCaseKeyword.execute(CallTestCaseKeyword.groovy:44)
	at com.kms.katalon.core.keyword.internal.KeywordExecutor.executeKeywordForPlatform(KeywordExecutor.groovy:74)
	at com.kms.katalon.core.keyword.BuiltinKeywords.callTestCase(BuiltinKeywords.groovy:310)
	at TS_SMOKE_SUITE_082.run(TS_SMOKE_SUITE_082:31)
	at com.kms.katalon.core.main.ScriptEngine.run(ScriptEngine.java:194)
	at com.kms.katalon.core.main.ScriptEngine.runScriptAsRawText(ScriptEngine.java:119)
	at com.kms.katalon.core.main.TestCaseExecutor.runScript(TestCaseExecutor.java:448)
	at com.kms.katalon.core.main.TestCaseExecutor.doExecute(TestCaseExecutor.java:439)
	at com.kms.katalon.core.main.TestCaseExecutor.processExecutionPhase(TestCaseExecutor.java:418)
	at com.kms.katalon.core.main.TestCaseExecutor.accessMainPhase(TestCaseExecutor.java:410)
	at com.kms.katalon.core.main.TestCaseExecutor.execute(TestCaseExecutor.java:285)
	at com.kms.katalon.core.common.CommonExecutor.accessTestCaseMainPhase(CommonExecutor.java:65)
	at com.kms.katalon.core.main.TestSuiteExecutor.accessTestSuiteMainPhase(TestSuiteExecutor.java:148)
	at com.kms.katalon.core.main.TestSuiteExecutor.execute(TestSuiteExecutor.java:106)
	at com.kms.katalon.core.main.TestCaseMain.startTestSuite(TestCaseMain.java:187)
	at com.kms.katalon.core.main.TestCaseMain$startTestSuite$0.call(Unknown Source)
	at TempTestSuite1692874420462.run(TempTestSuite1692874420462.groovy:36)


2023-08-24 17:41:49 - [TEST_STEP][PASSED] - delay(2, OPTIONAL): Delayed 2 second(s)

2023-08-24 17:41:51 - [MESSAGE][PASSED] - Delayed 2 second(s)

2023-08-24 17:41:51 - [TEST_STEP][PASSED] - click(findTestObject("HomePage/bag_header_HP"), OPTIONAL): Object: 'Object Repository/HomePage/bag_header_HP' is clicked on

2023-08-24 17:42:33 - [MESSAGE][PASSED] - Object: 'Object Repository/HomePage/bag_header_HP' is clicked on

2023-08-24 17:42:33 - [TEST_STEP][ERROR] - listElement = findWebElements(findTestObject("CartPage/Product1_remove_cart"), 2): Test Cases/CommonMethods/EmptyCart_RunAt_HP FAILED.
Reason:
java.lang.NullPointerException
	at com.kms.katalon.core.webui.common.WebUiCommonHelper.findElementsBySelectedMethod(WebUiCommonHelper.java:896)
	at com.kms.katalon.core.webui.common.WebUiCommonHelper.findElementsByDefault(WebUiCommonHelper.java:892)
	at com.kms.katalon.core.webui.common.WebUiCommonHelper.findWebElements(WebUiCommonHelper.java:720)
	at com.kms.katalon.core.webui.keyword.internal.WebUIAbstractKeyword.findWebElements(WebUIAbstractKeyword.groovy:32)
	at com.kms.katalon.core.webui.keyword.WebUiBuiltInKeywords.findWebElements(WebUiBuiltInKeywords.groovy:2860)
	at com.kms.katalon.core.webui.keyword.WebUiBuiltInKeywords$findWebElements$19.call(Unknown Source)
	at EmptyCart_RunAt_HP.run(EmptyCart_RunAt_HP:39)
	at com.kms.katalon.core.main.ScriptEngine.run(ScriptEngine.java:194)
	at com.kms.katalon.core.main.ScriptEngine.runScriptAsRawText(ScriptEngine.java:119)
	at com.kms.katalon.core.main.TestCaseExecutor.runScript(TestCaseExecutor.java:448)
	at com.kms.katalon.core.main.TestCaseExecutor.doExecute(TestCaseExecutor.java:439)
	at com.kms.katalon.core.main.TestCaseExecutor.processExecutionPhase(TestCaseExecutor.java:418)
	at com.kms.katalon.core.main.TestCaseExecutor.accessMainPhase(TestCaseExecutor.java:410)
	at com.kms.katalon.core.main.TestCaseExecutor.execute(TestCaseExecutor.java:285)
	at com.kms.katalon.core.main.TestCaseMain.runTestCase(TestCaseMain.java:144)
	at com.kms.katalon.core.keyword.builtin.CallTestCaseKeyword$_callTestCase_closure1.doCall(CallTestCaseKeyword.groovy:59)
	at com.kms.katalon.core.keyword.builtin.CallTestCaseKeyword$_callTestCase_closure1.call(CallTestCaseKeyword.groovy)
	at com.kms.katalon.core.keyword.internal.KeywordMain.runKeyword(KeywordMain.groovy:75)
	at com.kms.katalon.core.keyword.builtin.CallTestCaseKeyword.callTestCase(CallTestCaseKeyword.groovy:81)
	at com.kms.katalon.core.keyword.builtin.CallTestCaseKeyword.execute(CallTestCaseKeyword.groovy:44)
	at com.kms.katalon.core.keyword.internal.KeywordExecutor.executeKeywordForPlatform(KeywordExecutor.groovy:74)
	at com.kms.katalon.core.keyword.BuiltinKeywords.callTestCase(BuiltinKeywords.groovy:310)
	at TS_SMOKE_SUITE_082.run(TS_SMOKE_SUITE_082:31)
	at com.kms.katalon.core.main.ScriptEngine.run(ScriptEngine.java:194)
	at com.kms.katalon.core.main.ScriptEngine.runScriptAsRawText(ScriptEngine.java:119)
	at com.kms.katalon.core.main.TestCaseExecutor.runScript(TestCaseExecutor.java:448)
	at com.kms.katalon.core.main.TestCaseExecutor.doExecute(TestCaseExecutor.java:439)
	at com.kms.katalon.core.main.TestCaseExecutor.processExecutionPhase(TestCaseExecutor.java:418)
	at com.kms.katalon.core.main.TestCaseExecutor.accessMainPhase(TestCaseExecutor.java:410)
	at com.kms.katalon.core.main.TestCaseExecutor.execute(TestCaseExecutor.java:285)
	at com.kms.katalon.core.common.CommonExecutor.accessTestCaseMainPhase(CommonExecutor.java:65)
	at com.kms.katalon.core.main.TestSuiteExecutor.accessTestSuiteMainPhase(TestSuiteExecutor.java:148)
	at com.kms.katalon.core.main.TestSuiteExecutor.execute(TestSuiteExecutor.java:106)
	at com.kms.katalon.core.main.TestCaseMain.startTestSuite(TestCaseMain.java:187)
	at com.kms.katalon.core.main.TestCaseMain$startTestSuite$0.call(Unknown Source)
	at TempTestSuite1692874420462.run(TempTestSuite1692874420462.groovy:36)


2023-08-24 17:42:33 - [MESSAGE][WARNING] - Test object with id 'Object Repository/CartPage/Product1_remove_cart' does not exist

2023-08-24 17:42:33 - [MESSAGE][ERROR] - Test Cases/CommonMethods/EmptyCart_RunAt_HP FAILED.
Reason:
java.lang.NullPointerException
	at com.kms.katalon.core.webui.common.WebUiCommonHelper.findElementsBySelectedMethod(WebUiCommonHelper.java:896)
	at com.kms.katalon.core.webui.common.WebUiCommonHelper.findElementsByDefault(WebUiCommonHelper.java:892)
	at com.kms.katalon.core.webui.common.WebUiCommonHelper.findWebElements(WebUiCommonHelper.java:720)
	at com.kms.katalon.core.webui.keyword.internal.WebUIAbstractKeyword.findWebElements(WebUIAbstractKeyword.groovy:32)
	at com.kms.katalon.core.webui.keyword.WebUiBuiltInKeywords.findWebElements(WebUiBuiltInKeywords.groovy:2860)
	at com.kms.katalon.core.webui.keyword.WebUiBuiltInKeywords$findWebElements$19.call(Unknown Source)
	at EmptyCart_RunAt_HP.run(EmptyCart_RunAt_HP:39)
	at com.kms.katalon.core.main.ScriptEngine.run(ScriptEngine.java:194)
	at com.kms.katalon.core.main.ScriptEngine.runScriptAsRawText(ScriptEngine.java:119)
	at com.kms.katalon.core.main.TestCaseExecutor.runScript(TestCaseExecutor.java:448)
	at com.kms.katalon.core.main.TestCaseExecutor.doExecute(TestCaseExecutor.java:439)
	at com.kms.katalon.core.main.TestCaseExecutor.processExecutionPhase(TestCaseExecutor.java:418)
	at com.kms.katalon.core.main.TestCaseExecutor.accessMainPhase(TestCaseExecutor.java:410)
	at com.kms.katalon.core.main.TestCaseExecutor.execute(TestCaseExecutor.java:285)
	at com.kms.katalon.core.main.TestCaseMain.runTestCase(TestCaseMain.java:144)
	at com.kms.katalon.core.keyword.builtin.CallTestCaseKeyword$_callTestCase_closure1.doCall(CallTestCaseKeyword.groovy:59)
	at com.kms.katalon.core.keyword.builtin.CallTestCaseKeyword$_callTestCase_closure1.call(CallTestCaseKeyword.groovy)
	at com.kms.katalon.core.keyword.internal.KeywordMain.runKeyword(KeywordMain.groovy:75)
	at com.kms.katalon.core.keyword.builtin.CallTestCaseKeyword.callTestCase(CallTestCaseKeyword.groovy:81)
	at com.kms.katalon.core.keyword.builtin.CallTestCaseKeyword.execute(CallTestCaseKeyword.groovy:44)
	at com.kms.katalon.core.keyword.internal.KeywordExecutor.executeKeywordForPlatform(KeywordExecutor.groovy:74)
	at com.kms.katalon.core.keyword.BuiltinKeywords.callTestCase(BuiltinKeywords.groovy:310)
	at TS_SMOKE_SUITE_082.run(TS_SMOKE_SUITE_082:31)
	at com.kms.katalon.core.main.ScriptEngine.run(ScriptEngine.java:194)
	at com.kms.katalon.core.main.ScriptEngine.runScriptAsRawText(ScriptEngine.java:119)
	at com.kms.katalon.core.main.TestCaseExecutor.runScript(TestCaseExecutor.java:448)
	at com.kms.katalon.core.main.TestCaseExecutor.doExecute(TestCaseExecutor.java:439)
	at com.kms.katalon.core.main.TestCaseExecutor.processExecutionPhase(TestCaseExecutor.java:418)
	at com.kms.katalon.core.main.TestCaseExecutor.accessMainPhase(TestCaseExecutor.java:410)
	at com.kms.katalon.core.main.TestCaseExecutor.execute(TestCaseExecutor.java:285)
	at com.kms.katalon.core.common.CommonExecutor.accessTestCaseMainPhase(CommonExecutor.java:65)
	at com.kms.katalon.core.main.TestSuiteExecutor.accessTestSuiteMainPhase(TestSuiteExecutor.java:148)
	at com.kms.katalon.core.main.TestSuiteExecutor.execute(TestSuiteExecutor.java:106)
	at com.kms.katalon.core.main.TestCaseMain.startTestSuite(TestCaseMain.java:187)
	at com.kms.katalon.core.main.TestCaseMain$startTestSuite$0.call(Unknown Source)
	at TempTestSuite1692874420462.run(TempTestSuite1692874420462.groovy:36)


2023-08-24 17:42:33 - [MESSAGE][WARNING] - Unable to call Test Case 'Test Cases/CommonMethods/EmptyCart_RunAt_HP' (Root cause: com.kms.katalon.core.exception.StepErrorException: Call Test Case 'Test Cases/CommonMethods/EmptyCart_RunAt_HP' failed because of error(s)
	at com.kms.katalon.core.keyword.builtin.CallTestCaseKeyword$_callTestCase_closure1.doCall(CallTestCaseKeyword.groovy:66)
	at com.kms.katalon.core.keyword.builtin.CallTestCaseKeyword$_callTestCase_closure1.call(CallTestCaseKeyword.groovy)
	at com.kms.katalon.core.keyword.internal.KeywordMain.runKeyword(KeywordMain.groovy:75)
	at com.kms.katalon.core.keyword.builtin.CallTestCaseKeyword.callTestCase(CallTestCaseKeyword.groovy:81)
	at com.kms.katalon.core.keyword.builtin.CallTestCaseKeyword.execute(CallTestCaseKeyword.groovy:44)
	at com.kms.katalon.core.keyword.internal.KeywordExecutor.executeKeywordForPlatform(KeywordExecutor.groovy:74)
	at com.kms.katalon.core.keyword.BuiltinKeywords.callTestCase(BuiltinKeywords.groovy:310)
	at TS_SMOKE_SUITE_082.run(TS_SMOKE_SUITE_082:31)
	at com.kms.katalon.core.main.ScriptEngine.run(ScriptEngine.java:194)
	at com.kms.katalon.core.main.ScriptEngine.runScriptAsRawText(ScriptEngine.java:119)
	at com.kms.katalon.core.main.TestCaseExecutor.runScript(TestCaseExecutor.java:448)
	at com.kms.katalon.core.main.TestCaseExecutor.doExecute(TestCaseExecutor.java:439)
	at com.kms.katalon.core.main.TestCaseExecutor.processExecutionPhase(TestCaseExecutor.java:418)
	at com.kms.katalon.core.main.TestCaseExecutor.accessMainPhase(TestCaseExecutor.java:410)
	at com.kms.katalon.core.main.TestCaseExecutor.execute(TestCaseExecutor.java:285)
	at com.kms.katalon.core.common.CommonExecutor.accessTestCaseMainPhase(CommonExecutor.java:65)
	at com.kms.katalon.core.main.TestSuiteExecutor.accessTestSuiteMainPhase(TestSuiteExecutor.java:148)
	at com.kms.katalon.core.main.TestSuiteExecutor.execute(TestSuiteExecutor.java:106)
	at com.kms.katalon.core.main.TestCaseMain.startTestSuite(TestCaseMain.java:187)
	at com.kms.katalon.core.main.TestCaseMain$startTestSuite$0.call(Unknown Source)
	at TempTestSuite1692874420462.run(TempTestSuite1692874420462.groovy:36)
Caused by: java.lang.NullPointerException
	at com.kms.katalon.core.webui.common.WebUiCommonHelper.findElementsBySelectedMethod(WebUiCommonHelper.java:896)
	at com.kms.katalon.core.webui.common.WebUiCommonHelper.findElementsByDefault(WebUiCommonHelper.java:892)
	at com.kms.katalon.core.webui.common.WebUiCommonHelper.findWebElements(WebUiCommonHelper.java:720)
	at com.kms.katalon.core.webui.keyword.internal.WebUIAbstractKeyword.findWebElements(WebUIAbstractKeyword.groovy:32)
	at com.kms.katalon.core.webui.keyword.WebUiBuiltInKeywords.findWebElements(WebUiBuiltInKeywords.groovy:2860)
	at com.kms.katalon.core.webui.keyword.WebUiBuiltInKeywords$findWebElements$19.call(Unknown Source)
	at EmptyCart_RunAt_HP.run(EmptyCart_RunAt_HP:39)
	at com.kms.katalon.core.main.ScriptEngine.run(ScriptEngine.java:194)
	at com.kms.katalon.core.main.ScriptEngine.runScriptAsRawText(ScriptEngine.java:119)
	at com.kms.katalon.core.main.TestCaseExecutor.runScript(TestCaseExecutor.java:448)
	at com.kms.katalon.core.main.TestCaseExecutor.doExecute(TestCaseExecutor.java:439)
	at com.kms.katalon.core.main.TestCaseExecutor.processExecutionPhase(TestCaseExecutor.java:418)
	at com.kms.katalon.core.main.TestCaseExecutor.accessMainPhase(TestCaseExecutor.java:410)
	at com.kms.katalon.core.main.TestCaseExecutor.execute(TestCaseExecutor.java:285)
	at com.kms.katalon.core.main.TestCaseMain.runTestCase(TestCaseMain.java:144)
	at com.kms.katalon.core.keyword.builtin.CallTestCaseKeyword$_callTestCase_closure1.doCall(CallTestCaseKeyword.groovy:59)
	... 20 more
)

2023-08-24 17:42:33 - [TEST_STEP][PASSED] - click(findTestObject("HomePage/Logo_hp")): Object: 'Object Repository/HomePage/Logo_hp' is clicked on

2023-08-24 17:42:34 - [MESSAGE][PASSED] - Object: 'Object Repository/HomePage/Logo_hp' is clicked on

2023-08-24 17:42:34 - [TEST_STEP][PASSED] - callTestCase(findTestCase("CommonMethods/SearchForAProduct_search"), ["searchTerm":SLProduct], STOP_ON_FAILURE): Call Test Case 'Test Cases/CommonMethods/SearchForAProduct_search' successfully

2023-08-24 17:42:34 - [TEST_CASE][PASSED] - Test Cases/CommonMethods/SearchForAProduct_search: Test Cases/CommonMethods/SearchForAProduct_search

2023-08-24 17:42:34 - [TEST_STEP][PASSED] - click(findTestObject("HomePage/Buscar1"), STOP_ON_FAILURE): Object: 'Object Repository/HomePage/Buscar1' is clicked on

2023-08-24 17:42:35 - [MESSAGE][PASSED] - Object: 'Object Repository/HomePage/Buscar1' is clicked on

2023-08-24 17:42:35 - [TEST_STEP][PASSED] - delay(3): Delayed 3 second(s)

2023-08-24 17:42:38 - [MESSAGE][PASSED] - Delayed 3 second(s)

2023-08-24 17:42:38 - [TEST_STEP][PASSED] - setText(findTestObject("HomePage/Buscar1"), searchTerm): Text 'vaso' is set on object 'Object Repository/HomePage/Buscar1'

2023-08-24 17:42:39 - [MESSAGE][PASSED] - Text 'vaso' is set on object 'Object Repository/HomePage/Buscar1'

2023-08-24 17:42:39 - [TEST_STEP][PASSED] - delay(3): Delayed 3 second(s)

2023-08-24 17:42:42 - [MESSAGE][PASSED] - Delayed 3 second(s)

2023-08-24 17:42:42 - [TEST_STEP][PASSED] - sendKeys(findTestObject("HomePage/Seach_TextBox_hp"), Keys.chord(ENTER)): Keys 'ENTER + ' sent to object: 'Object Repository/HomePage/Seach_TextBox_hp'

2023-08-24 17:42:43 - [MESSAGE][PASSED] - Keys 'ENTER + ' sent to object: 'Object Repository/HomePage/Seach_TextBox_hp'

2023-08-24 17:42:43 - [MESSAGE][PASSED] - Call Test Case 'Test Cases/CommonMethods/SearchForAProduct_search' successfully

2023-08-24 17:42:43 - [TEST_STEP][PASSED] - delay(3): Delayed 3 second(s)

2023-08-24 17:42:46 - [MESSAGE][PASSED] - Delayed 3 second(s)

2023-08-24 17:42:46 - [TEST_STEP][PASSED] - click(findTestObject("PLPPage/product1_PLP"), OPTIONAL): Object: 'Object Repository/PLPPage/product1_PLP' is clicked on

2023-08-24 17:43:02 - [MESSAGE][PASSED] - Object: 'Object Repository/PLPPage/product1_PLP' is clicked on

2023-08-24 17:43:02 - [TEST_STEP][PASSED] - click(findTestObject("PDPPage/AddToCart_PDP")): Object: 'Object Repository/PDPPage/AddToCart_PDP' is clicked on

2023-08-24 17:43:20 - [MESSAGE][PASSED] - Object: 'Object Repository/PDPPage/AddToCart_PDP' is clicked on

2023-08-24 17:43:20 - [TEST_STEP][PASSED] - click(findTestObject("HomePage/bag_header_HP")): Object: 'Object Repository/HomePage/bag_header_HP' is clicked on

2023-08-24 17:43:23 - [MESSAGE][PASSED] - Object: 'Object Repository/HomePage/bag_header_HP' is clicked on

2023-08-24 17:43:23 - [TEST_STEP][PASSED] - click(findTestObject("CartPage/BuyButton_Cart")): Object: 'Object Repository/CartPage/BuyButton_Cart' is clicked on

2023-08-24 17:43:25 - [MESSAGE][PASSED] - Object: 'Object Repository/CartPage/BuyButton_Cart' is clicked on

2023-08-24 17:43:25 - [TEST_STEP][PASSED] - click(findTestObject("OPCPage/paymentMethod_change_OPC")): Object: 'Object Repository/OPCPage/paymentMethod_change_OPC' is clicked on

2023-08-24 17:43:33 - [MESSAGE][PASSED] - Object: 'Object Repository/OPCPage/paymentMethod_change_OPC' is clicked on

2023-08-24 17:43:33 - [TEST_STEP][PASSED] - scrollToElement(findTestObject("OPCPage/card3_Option_OPC"), 0): Scroll to object 'Object Repository/OPCPage/card3_Option_OPC' successfully

2023-08-24 17:43:33 - [MESSAGE][WARNING] - Timeout '0' is invalid. Using default page load timeout: '30'

2023-08-24 17:43:35 - [MESSAGE][PASSED] - Scroll to object 'Object Repository/OPCPage/card3_Option_OPC' successfully

2023-08-24 17:43:35 - [TEST_STEP][PASSED] - delay(3): Delayed 3 second(s)

2023-08-24 17:43:38 - [MESSAGE][PASSED] - Delayed 3 second(s)

2023-08-24 17:43:38 - [TEST_STEP][PASSED] - click(findTestObject("OPCPage/card3_Option_OPC")): Object: 'Object Repository/OPCPage/card3_Option_OPC' is clicked on

2023-08-24 17:43:38 - [MESSAGE][PASSED] - Object: 'Object Repository/OPCPage/card3_Option_OPC' is clicked on

2023-08-24 17:43:38 - [TEST_STEP][PASSED] - delay(3): Delayed 3 second(s)

2023-08-24 17:43:41 - [MESSAGE][PASSED] - Delayed 3 second(s)

2023-08-24 17:43:41 - [TEST_STEP][PASSED] - click(findTestObject("OPCPage/option2DropDown_editos_card_OPC")): Object: 'Object Repository/OPCPage/option2DropDown_editos_card_OPC' is clicked on

2023-08-24 17:43:41 - [MESSAGE][PASSED] - Object: 'Object Repository/OPCPage/option2DropDown_editos_card_OPC' is clicked on

2023-08-24 17:43:41 - [TEST_STEP][PASSED] - sendKeys(findTestObject("OPCPage/AddressSection_card_popup_enterPINCODE_OPC"), Keys.chord(CONTROL, "a")): Keys 'CONTROL + a' sent to object: 'Object Repository/OPCPage/AddressSection_card_popup_enterPINCODE_OPC'

2023-08-24 17:43:47 - [MESSAGE][PASSED] - Keys 'CONTROL + a' sent to object: 'Object Repository/OPCPage/AddressSection_card_popup_enterPINCODE_OPC'

2023-08-24 17:43:47 - [TEST_STEP][PASSED] - delay(5): Delayed 5 second(s)

2023-08-24 17:43:52 - [MESSAGE][PASSED] - Delayed 5 second(s)

2023-08-24 17:43:52 - [TEST_STEP][PASSED] - sendKeys(findTestObject("OPCPage/AddressSection_card_popup_enterPINCODE_OPC"), Keys.chord(BACK_SPACE)): Keys 'BACK_SPACE + ' sent to object: 'Object Repository/OPCPage/AddressSection_card_popup_enterPINCODE_OPC'

2023-08-24 17:43:52 - [MESSAGE][PASSED] - Keys 'BACK_SPACE + ' sent to object: 'Object Repository/OPCPage/AddressSection_card_popup_enterPINCODE_OPC'

2023-08-24 17:43:52 - [TEST_STEP][PASSED] - clearText(findTestObject("OPCPage/AddressSection_card_popup_enterPINCODE_OPC"), STOP_ON_FAILURE): Text of object 'Object Repository/OPCPage/AddressSection_card_popup_enterPINCODE_OPC' is cleared

2023-08-24 17:43:53 - [MESSAGE][PASSED] - Text of object 'Object Repository/OPCPage/AddressSection_card_popup_enterPINCODE_OPC' is cleared

2023-08-24 17:43:53 - [TEST_STEP][PASSED] - delay(5): Delayed 5 second(s)

2023-08-24 17:43:58 - [MESSAGE][PASSED] - Delayed 5 second(s)

2023-08-24 17:43:58 - [TEST_STEP][PASSED] - cpCode1 = "12000": null

2023-08-24 17:43:58 - [TEST_STEP][PASSED] - cpCode2 = "11100": null

2023-08-24 17:43:58 - [TEST_STEP][PASSED] - cpCode = getText(findTestObject("OPCPage/AddressSection_card_popup_enterPINCODE_OPC"), STOP_ON_FAILURE): Text of object 'Object Repository/OPCPage/AddressSection_card_popup_enterPINCODE_OPC' is: ''

2023-08-24 17:43:58 - [MESSAGE][PASSED] - Text of object 'Object Repository/OPCPage/AddressSection_card_popup_enterPINCODE_OPC' is: ''

2023-08-24 17:43:58 - [TEST_STEP][PASSED] - if (cpCode == cpCode1): null

2023-08-24 17:43:58 - [TEST_STEP][PASSED] - else: Text '11100' is set on object 'Object Repository/OPCPage/AddressSection_card_popup_enterPINCODE_OPC'

2023-08-24 17:43:58 - [TEST_STEP][PASSED] - setText(findTestObject("OPCPage/AddressSection_card_popup_enterPINCODE_OPC"), cpCode2): Text '11100' is set on object 'Object Repository/OPCPage/AddressSection_card_popup_enterPINCODE_OPC'

2023-08-24 17:43:59 - [MESSAGE][PASSED] - Text '11100' is set on object 'Object Repository/OPCPage/AddressSection_card_popup_enterPINCODE_OPC'

2023-08-24 17:43:59 - [TEST_STEP][FAILED] - click(findTestObject("OPCPage/cardContinue_checkout_popUP")): Unable to click on object 'Object Repository/OPCPage/cardContinue_checkout_popUP' (Root cause: com.kms.katalon.core.exception.StepFailedException: Unable to click on object 'Object Repository/OPCPage/cardContinue_checkout_popUP'
	at com.kms.katalon.core.webui.keyword.internal.WebUIKeywordMain.stepFailed(WebUIKeywordMain.groovy:64)
	at com.kms.katalon.core.webui.keyword.internal.WebUIKeywordMain.runKeyword(WebUIKeywordMain.groovy:26)
	at com.kms.katalon.core.webui.keyword.builtin.ClickKeyword.click(ClickKeyword.groovy:74)
	at com.kms.katalon.core.webui.keyword.builtin.ClickKeyword.execute(ClickKeyword.groovy:40)
	at com.kms.katalon.core.keyword.internal.KeywordExecutor.executeKeywordForPlatform(KeywordExecutor.groovy:74)
	at com.kms.katalon.core.webui.keyword.WebUiBuiltInKeywords.click(WebUiBuiltInKeywords.groovy:620)
	at com.kms.katalon.core.webui.keyword.WebUiBuiltInKeywords$click$2.call(Unknown Source)
	at TS_SMOKE_SUITE_082.run(TS_SMOKE_SUITE_082:83)
	at com.kms.katalon.core.main.ScriptEngine.run(ScriptEngine.java:194)
	at com.kms.katalon.core.main.ScriptEngine.runScriptAsRawText(ScriptEngine.java:119)
	at com.kms.katalon.core.main.TestCaseExecutor.runScript(TestCaseExecutor.java:448)
	at com.kms.katalon.core.main.TestCaseExecutor.doExecute(TestCaseExecutor.java:439)
	at com.kms.katalon.core.main.TestCaseExecutor.processExecutionPhase(TestCaseExecutor.java:418)
	at com.kms.katalon.core.main.TestCaseExecutor.accessMainPhase(TestCaseExecutor.java:410)
	at com.kms.katalon.core.main.TestCaseExecutor.execute(TestCaseExecutor.java:285)
	at com.kms.katalon.core.common.CommonExecutor.accessTestCaseMainPhase(CommonExecutor.java:65)
	at com.kms.katalon.core.main.TestSuiteExecutor.accessTestSuiteMainPhase(TestSuiteExecutor.java:148)
	at com.kms.katalon.core.main.TestSuiteExecutor.execute(TestSuiteExecutor.java:106)
	at com.kms.katalon.core.main.TestCaseMain.startTestSuite(TestCaseMain.java:187)
	at com.kms.katalon.core.main.TestCaseMain$startTestSuite$0.call(Unknown Source)
	at TempTestSuite1692874420462.run(TempTestSuite1692874420462.groovy:36)
Caused by: com.kms.katalon.core.webui.exception.WebElementNotFoundException: Web element with id: 'Object Repository/OPCPage/cardContinue_checkout_popUP' located by '//div[@class='opc_continuarModalloggedInCC isAndroid']//button' not found
	at com.kms.katalon.core.webui.common.WebUiCommonHelper.findWebElement(WebUiCommonHelper.java:1381)
	at com.kms.katalon.core.webui.keyword.internal.WebUIAbstractKeyword.findWebElement(WebUIAbstractKeyword.groovy:27)
	at com.kms.katalon.core.webui.keyword.builtin.ClickKeyword$_click_closure1.doCall(ClickKeyword.groovy:65)
	at com.kms.katalon.core.webui.keyword.builtin.ClickKeyword$_click_closure1.call(ClickKeyword.groovy)
	at com.kms.katalon.core.webui.keyword.internal.WebUIKeywordMain.runKeyword(WebUIKeywordMain.groovy:20)
	at com.kms.katalon.core.webui.keyword.builtin.ClickKeyword.click(ClickKeyword.groovy:74)
	at com.kms.katalon.core.webui.keyword.builtin.ClickKeyword.execute(ClickKeyword.groovy:40)
	at com.kms.katalon.core.keyword.internal.KeywordExecutor.executeKeywordForPlatform(KeywordExecutor.groovy:74)
	at com.kms.katalon.core.webui.keyword.WebUiBuiltInKeywords.click(WebUiBuiltInKeywords.groovy:620)
	at com.kms.katalon.core.webui.keyword.WebUiBuiltInKeywords$click$2.call(Unknown Source)
	at Script1691553342759.run(Script1691553342759.groovy:83)
	... 13 more
)

2023-08-24 17:44:30 - [MESSAGE][INFO] - Unable to find the element located by 'By.xpath: //div[@class='opc_continuarModalloggedInCC isAndroid']//button'. Please recheck the objects properties to make sure the desired element is located. 

2023-08-24 17:44:30 - [MESSAGE][FAILED] - Unable to click on object 'Object Repository/OPCPage/cardContinue_checkout_popUP' (Root cause: com.kms.katalon.core.exception.StepFailedException: Unable to click on object 'Object Repository/OPCPage/cardContinue_checkout_popUP'
	at com.kms.katalon.core.webui.keyword.internal.WebUIKeywordMain.stepFailed(WebUIKeywordMain.groovy:64)
	at com.kms.katalon.core.webui.keyword.internal.WebUIKeywordMain.runKeyword(WebUIKeywordMain.groovy:26)
	at com.kms.katalon.core.webui.keyword.builtin.ClickKeyword.click(ClickKeyword.groovy:74)
	at com.kms.katalon.core.webui.keyword.builtin.ClickKeyword.execute(ClickKeyword.groovy:40)
	at com.kms.katalon.core.keyword.internal.KeywordExecutor.executeKeywordForPlatform(KeywordExecutor.groovy:74)
	at com.kms.katalon.core.webui.keyword.WebUiBuiltInKeywords.click(WebUiBuiltInKeywords.groovy:620)
	at com.kms.katalon.core.webui.keyword.WebUiBuiltInKeywords$click$2.call(Unknown Source)
	at TS_SMOKE_SUITE_082.run(TS_SMOKE_SUITE_082:83)
	at com.kms.katalon.core.main.ScriptEngine.run(ScriptEngine.java:194)
	at com.kms.katalon.core.main.ScriptEngine.runScriptAsRawText(ScriptEngine.java:119)
	at com.kms.katalon.core.main.TestCaseExecutor.runScript(TestCaseExecutor.java:448)
	at com.kms.katalon.core.main.TestCaseExecutor.doExecute(TestCaseExecutor.java:439)
	at com.kms.katalon.core.main.TestCaseExecutor.processExecutionPhase(TestCaseExecutor.java:418)
	at com.kms.katalon.core.main.TestCaseExecutor.accessMainPhase(TestCaseExecutor.java:410)
	at com.kms.katalon.core.main.TestCaseExecutor.execute(TestCaseExecutor.java:285)
	at com.kms.katalon.core.common.CommonExecutor.accessTestCaseMainPhase(CommonExecutor.java:65)
	at com.kms.katalon.core.main.TestSuiteExecutor.accessTestSuiteMainPhase(TestSuiteExecutor.java:148)
	at com.kms.katalon.core.main.TestSuiteExecutor.execute(TestSuiteExecutor.java:106)
	at com.kms.katalon.core.main.TestCaseMain.startTestSuite(TestCaseMain.java:187)
	at com.kms.katalon.core.main.TestCaseMain$startTestSuite$0.call(Unknown Source)
	at TempTestSuite1692874420462.run(TempTestSuite1692874420462.groovy:36)
Caused by: com.kms.katalon.core.webui.exception.WebElementNotFoundException: Web element with id: 'Object Repository/OPCPage/cardContinue_checkout_popUP' located by '//div[@class='opc_continuarModalloggedInCC isAndroid']//button' not found
	at com.kms.katalon.core.webui.common.WebUiCommonHelper.findWebElement(WebUiCommonHelper.java:1381)
	at com.kms.katalon.core.webui.keyword.internal.WebUIAbstractKeyword.findWebElement(WebUIAbstractKeyword.groovy:27)
	at com.kms.katalon.core.webui.keyword.builtin.ClickKeyword$_click_closure1.doCall(ClickKeyword.groovy:65)
	at com.kms.katalon.core.webui.keyword.builtin.ClickKeyword$_click_closure1.call(ClickKeyword.groovy)
	at com.kms.katalon.core.webui.keyword.internal.WebUIKeywordMain.runKeyword(WebUIKeywordMain.groovy:20)
	at com.kms.katalon.core.webui.keyword.builtin.ClickKeyword.click(ClickKeyword.groovy:74)
	at com.kms.katalon.core.webui.keyword.builtin.ClickKeyword.execute(ClickKeyword.groovy:40)
	at com.kms.katalon.core.keyword.internal.KeywordExecutor.executeKeywordForPlatform(KeywordExecutor.groovy:74)
	at com.kms.katalon.core.webui.keyword.WebUiBuiltInKeywords.click(WebUiBuiltInKeywords.groovy:620)
	at com.kms.katalon.core.webui.keyword.WebUiBuiltInKeywords$click$2.call(Unknown Source)
	at Script1691553342759.run(Script1691553342759.groovy:83)
	... 13 more
)
[[ATTACHMENT|D:\\backup\\LiverpoolProject_SmokeSuite\\Reports\\20230824_162340\\SmokeSuite_AllModules\\20230824_162340\\1692879270813.png]]]]></system-out>
         <system-err><![CDATA[2023-08-24 17:40:24 - [TEST_CASE][FAILED] - Test Cases/Checkout/TS_SMOKE_SUITE_082: Test Cases/Checkout/TS_SMOKE_SUITE_082 FAILED.
Reason:
com.kms.katalon.core.exception.StepFailedException: Unable to click on object 'Object Repository/OPCPage/cardContinue_checkout_popUP'
	at com.kms.katalon.core.webui.keyword.internal.WebUIKeywordMain.stepFailed(WebUIKeywordMain.groovy:64)
	at com.kms.katalon.core.webui.keyword.internal.WebUIKeywordMain.runKeyword(WebUIKeywordMain.groovy:26)
	at com.kms.katalon.core.webui.keyword.builtin.ClickKeyword.click(ClickKeyword.groovy:74)
	at com.kms.katalon.core.webui.keyword.builtin.ClickKeyword.execute(ClickKeyword.groovy:40)
	at com.kms.katalon.core.keyword.internal.KeywordExecutor.executeKeywordForPlatform(KeywordExecutor.groovy:74)
	at com.kms.katalon.core.webui.keyword.WebUiBuiltInKeywords.click(WebUiBuiltInKeywords.groovy:620)
	at com.kms.katalon.core.webui.keyword.WebUiBuiltInKeywords$click$2.call(Unknown Source)
	at TS_SMOKE_SUITE_082.run(TS_SMOKE_SUITE_082:83)
	at com.kms.katalon.core.main.ScriptEngine.run(ScriptEngine.java:194)
	at com.kms.katalon.core.main.ScriptEngine.runScriptAsRawText(ScriptEngine.java:119)
	at com.kms.katalon.core.main.TestCaseExecutor.runScript(TestCaseExecutor.java:448)
	at com.kms.katalon.core.main.TestCaseExecutor.doExecute(TestCaseExecutor.java:439)
	at com.kms.katalon.core.main.TestCaseExecutor.processExecutionPhase(TestCaseExecutor.java:418)
	at com.kms.katalon.core.main.TestCaseExecutor.accessMainPhase(TestCaseExecutor.java:410)
	at com.kms.katalon.core.main.TestCaseExecutor.execute(TestCaseExecutor.java:285)
	at com.kms.katalon.core.common.CommonExecutor.accessTestCaseMainPhase(CommonExecutor.java:65)
	at com.kms.katalon.core.main.TestSuiteExecutor.accessTestSuiteMainPhase(TestSuiteExecutor.java:148)
	at com.kms.katalon.core.main.TestSuiteExecutor.execute(TestSuiteExecutor.java:106)
	at com.kms.katalon.core.main.TestCaseMain.startTestSuite(TestCaseMain.java:187)
	at com.kms.katalon.core.main.TestCaseMain$startTestSuite$0.call(Unknown Source)
	at TempTestSuite1692874420462.run(TempTestSuite1692874420462.groovy:36)
Caused by: com.kms.katalon.core.webui.exception.WebElementNotFoundException: Web element with id: 'Object Repository/OPCPage/cardContinue_checkout_popUP' located by '//div[@class='opc_continuarModalloggedInCC isAndroid']//button' not found
	at com.kms.katalon.core.webui.common.WebUiCommonHelper.findWebElement(WebUiCommonHelper.java:1381)
	at com.kms.katalon.core.webui.keyword.internal.WebUIAbstractKeyword.findWebElement(WebUIAbstractKeyword.groovy:27)
	at com.kms.katalon.core.webui.keyword.builtin.ClickKeyword$_click_closure1.doCall(ClickKeyword.groovy:65)
	at com.kms.katalon.core.webui.keyword.builtin.ClickKeyword$_click_closure1.call(ClickKeyword.groovy)
	at com.kms.katalon.core.webui.keyword.internal.WebUIKeywordMain.runKeyword(WebUIKeywordMain.groovy:20)
	... 19 more]]></system-err>
      </testcase>
      <testcase name="Test Cases/Checkout/TS_SMOKE_SUITE_083" time="192.957" classname="Test Cases/Checkout/TS_SMOKE_SUITE_083" status="PASSED">
         <system-out><![CDATA[2023-08-24 17:44:30 - [TEST_CASE][PASSED] - Test Cases/Checkout/TS_SMOKE_SUITE_083: Test Cases/Checkout/TS_SMOKE_SUITE_083

2023-08-24 17:44:31 - [TEST_STEP][PASSED] - openBrowser(""): Browser is opened with url: ''

2023-08-24 17:44:31 - [MESSAGE][WARNING] - A browser is already opened. Closing browser and opening a new one

2023-08-24 17:44:32 - [MESSAGE][INFO] - Starting 'Chrome' driver

2023-08-24 17:44:32 - [MESSAGE][INFO] - Action delay is set to 0 milliseconds

2023-08-24 17:44:33 - [MESSAGE][PASSED] - Browser is opened with url: ''

2023-08-24 17:44:33 - [TEST_STEP][PASSED] - navigateToUrl(URL): Navigate to 'https://odtaqaa.liverpool.com.mx/tienda/home' successfully

2023-08-24 17:45:18 - [MESSAGE][PASSED] - Navigate to 'https://odtaqaa.liverpool.com.mx/tienda/home' successfully

2023-08-24 17:45:18 - [TEST_STEP][PASSED] - maximizeWindow(): Current window maximized

2023-08-24 17:45:19 - [MESSAGE][PASSED] - Current window maximized

2023-08-24 17:45:19 - [TEST_STEP][PASSED] - click(findTestObject("HomePage/Iniciar sesion")): Object: 'Object Repository/HomePage/Iniciar sesion' is clicked on

2023-08-24 17:45:19 - [MESSAGE][PASSED] - Object: 'Object Repository/HomePage/Iniciar sesion' is clicked on

2023-08-24 17:45:19 - [TEST_STEP][PASSED] - callTestCase(findTestCase("CommonMethods/login_odtaqab"), [:], STOP_ON_FAILURE): Call Test Case 'Test Cases/CommonMethods/login_odtaqab' successfully

2023-08-24 17:45:19 - [TEST_CASE][PASSED] - Test Cases/CommonMethods/login_odtaqab: Test Cases/CommonMethods/login_odtaqab

2023-08-24 17:45:19 - [TEST_STEP][PASSED] - click(findTestObject("HomePage/Iniciar sesion")): Object: 'Object Repository/HomePage/Iniciar sesion' is clicked on

2023-08-24 17:45:20 - [MESSAGE][PASSED] - Object: 'Object Repository/HomePage/Iniciar sesion' is clicked on

2023-08-24 17:45:20 - [TEST_STEP][PASSED] - enhancedClick(findTestObject("HomePage/EnterUsername_LP")): Object: 'Object Repository/HomePage/EnterUsername_LP' is clicked on

2023-08-24 17:45:38 - [MESSAGE][PASSED] - Object: 'Object Repository/HomePage/EnterUsername_LP' is clicked on

2023-08-24 17:45:38 - [TEST_STEP][PASSED] - setText(findTestObject("HomePage/EnterUsername_LP"), username): Text 'hcheruvu29@digisprint.com' is set on object 'Object Repository/HomePage/EnterUsername_LP'

2023-08-24 17:45:39 - [MESSAGE][PASSED] - Text 'hcheruvu29@digisprint.com' is set on object 'Object Repository/HomePage/EnterUsername_LP'

2023-08-24 17:45:39 - [TEST_STEP][PASSED] - delay(2): Delayed 2 second(s)

2023-08-24 17:45:41 - [MESSAGE][PASSED] - Delayed 2 second(s)

2023-08-24 17:45:41 - [TEST_STEP][PASSED] - enhancedClick(findTestObject("HomePage/EnterPassword_LP")): Object: 'Object Repository/HomePage/EnterPassword_LP' is clicked on

2023-08-24 17:45:41 - [MESSAGE][PASSED] - Object: 'Object Repository/HomePage/EnterPassword_LP' is clicked on

2023-08-24 17:45:41 - [TEST_STEP][PASSED] - delay(2): Delayed 2 second(s)

2023-08-24 17:45:43 - [MESSAGE][PASSED] - Delayed 2 second(s)

2023-08-24 17:45:43 - [TEST_STEP][PASSED] - setText(findTestObject("HomePage/EnterPassword_LP"), password): Text 'Test@12345' is set on object 'Object Repository/HomePage/EnterPassword_LP'

2023-08-24 17:45:44 - [MESSAGE][PASSED] - Text 'Test@12345' is set on object 'Object Repository/HomePage/EnterPassword_LP'

2023-08-24 17:45:44 - [TEST_STEP][PASSED] - click(findTestObject("HomePage/inciar")): Object: 'Object Repository/HomePage/inciar' is clicked on

2023-08-24 17:45:51 - [MESSAGE][PASSED] - Object: 'Object Repository/HomePage/inciar' is clicked on

2023-08-24 17:45:51 - [MESSAGE][PASSED] - Call Test Case 'Test Cases/CommonMethods/login_odtaqab' successfully

2023-08-24 17:45:51 - [TEST_STEP][PASSED] - callTestCase(findTestCase("CommonMethods/SearchForAProduct_search"), ["searchTerm":SLProduct], STOP_ON_FAILURE): Call Test Case 'Test Cases/CommonMethods/SearchForAProduct_search' successfully

2023-08-24 17:45:51 - [TEST_CASE][PASSED] - Test Cases/CommonMethods/SearchForAProduct_search: Test Cases/CommonMethods/SearchForAProduct_search

2023-08-24 17:45:51 - [TEST_STEP][PASSED] - click(findTestObject("HomePage/Buscar1"), STOP_ON_FAILURE): Object: 'Object Repository/HomePage/Buscar1' is clicked on

2023-08-24 17:46:47 - [MESSAGE][PASSED] - Object: 'Object Repository/HomePage/Buscar1' is clicked on

2023-08-24 17:46:47 - [TEST_STEP][PASSED] - delay(3): Delayed 3 second(s)

2023-08-24 17:46:50 - [MESSAGE][PASSED] - Delayed 3 second(s)

2023-08-24 17:46:50 - [TEST_STEP][PASSED] - setText(findTestObject("HomePage/Buscar1"), searchTerm): Text 'vaso' is set on object 'Object Repository/HomePage/Buscar1'

2023-08-24 17:46:51 - [MESSAGE][PASSED] - Text 'vaso' is set on object 'Object Repository/HomePage/Buscar1'

2023-08-24 17:46:51 - [TEST_STEP][PASSED] - delay(3): Delayed 3 second(s)

2023-08-24 17:46:54 - [MESSAGE][PASSED] - Delayed 3 second(s)

2023-08-24 17:46:54 - [TEST_STEP][PASSED] - sendKeys(findTestObject("HomePage/Seach_TextBox_hp"), Keys.chord(ENTER)): Keys 'ENTER + ' sent to object: 'Object Repository/HomePage/Seach_TextBox_hp'

2023-08-24 17:46:57 - [MESSAGE][PASSED] - Keys 'ENTER + ' sent to object: 'Object Repository/HomePage/Seach_TextBox_hp'

2023-08-24 17:46:57 - [MESSAGE][PASSED] - Call Test Case 'Test Cases/CommonMethods/SearchForAProduct_search' successfully

2023-08-24 17:46:57 - [TEST_STEP][PASSED] - click(findTestObject("PLPPage/product2_cardPrice_PLP"), OPTIONAL): Object: 'Object Repository/PLPPage/product2_cardPrice_PLP' is clicked on

2023-08-24 17:47:14 - [MESSAGE][PASSED] - Object: 'Object Repository/PLPPage/product2_cardPrice_PLP' is clicked on

2023-08-24 17:47:14 - [TEST_STEP][PASSED] - click(findTestObject("PDPPage/AddToCart_PDP")): Object: 'Object Repository/PDPPage/AddToCart_PDP' is clicked on

2023-08-24 17:47:26 - [MESSAGE][PASSED] - Object: 'Object Repository/PDPPage/AddToCart_PDP' is clicked on

2023-08-24 17:47:26 - [TEST_STEP][PASSED] - click(findTestObject("HomePage/bag_header_HP")): Object: 'Object Repository/HomePage/bag_header_HP' is clicked on

2023-08-24 17:47:30 - [MESSAGE][PASSED] - Object: 'Object Repository/HomePage/bag_header_HP' is clicked on

2023-08-24 17:47:30 - [TEST_STEP][PASSED] - click(findTestObject("CartPage/BuyButton_Cart")): Object: 'Object Repository/CartPage/BuyButton_Cart' is clicked on

2023-08-24 17:47:35 - [MESSAGE][PASSED] - Object: 'Object Repository/CartPage/BuyButton_Cart' is clicked on

2023-08-24 17:47:35 - [TEST_STEP][PASSED] - click(findTestObject("OPCPage/Final_comparar_OPC")): Object: 'Object Repository/OPCPage/Final_comparar_OPC' is clicked on

2023-08-24 17:47:42 - [MESSAGE][PASSED] - Object: 'Object Repository/OPCPage/Final_comparar_OPC' is clicked on

2023-08-24 17:47:42 - [TEST_STEP][PASSED] - verifyElementPresent(findTestObject("OPCPage/ConfirmOrder_Checkout"), 0): Object 'Object Repository/OPCPage/ConfirmOrder_Checkout' is present

2023-08-24 17:47:42 - [MESSAGE][WARNING] - Timeout '0' is invalid. Using default page load timeout: '30'

2023-08-24 17:47:43 - [MESSAGE][PASSED] - Object 'Object Repository/OPCPage/ConfirmOrder_Checkout' is present

2023-08-24 17:47:43 - [TEST_STEP][PASSED] - closeBrowser(): Browser is closed

2023-08-24 17:47:43 - [MESSAGE][PASSED] - Browser is closed]]></system-out>
         <system-err><![CDATA[]]></system-err>
      </testcase>
      <testcase name="Test Cases/Checkout/TS_SMOKE_SUITE_086" time="248.2" classname="Test Cases/Checkout/TS_SMOKE_SUITE_086" status="FAILED">
         <failure type="FAILED" message="Test Cases/Checkout/TS_SMOKE_SUITE_086 FAILED.
Reason:
com.kms.katalon.core.exception.StepFailedException: Call Test Case 'Test Cases/CommonMethods/login_odtaqab' failed
	at com.kms.katalon.core.keyword.builtin.CallTestCaseKeyword$_callTestCase_closure1.doCall(CallTestCaseKeyword.groovy:63)
	at com.kms.katalon.core.keyword.builtin.CallTestCaseKeyword$_callTestCase_closure1.call(CallTestCaseKeyword.groovy)
	at com.kms.katalon.core.keyword.internal.KeywordMain.runKeyword(KeywordMain.groovy:75)
	at com.kms.katalon.core.keyword.builtin.CallTestCaseKeyword.callTestCase(CallTestCaseKeyword.groovy:81)
	at com.kms.katalon.core.keyword.builtin.CallTestCaseKeyword.execute(CallTestCaseKeyword.groovy:44)
	at com.kms.katalon.core.keyword.internal.KeywordExecutor.executeKeywordForPlatform(KeywordExecutor.groovy:74)
	at com.kms.katalon.core.keyword.BuiltinKeywords.callTestCase(BuiltinKeywords.groovy:310)
	at TS_SMOKE_SUITE_086.run(TS_SMOKE_SUITE_086:48)
	at com.kms.katalon.core.main.ScriptEngine.run(ScriptEngine.java:194)
	at com.kms.katalon.core.main.ScriptEngine.runScriptAsRawText(ScriptEngine.java:119)
	at com.kms.katalon.core.main.TestCaseExecutor.runScript(TestCaseExecutor.java:448)
	at com.kms.katalon.core.main.TestCaseExecutor.doExecute(TestCaseExecutor.java:439)
	at com.kms.katalon.core.main.TestCaseExecutor.processExecutionPhase(TestCaseExecutor.java:418)
	at com.kms.katalon.core.main.TestCaseExecutor.accessMainPhase(TestCaseExecutor.java:410)
	at com.kms.katalon.core.main.TestCaseExecutor.execute(TestCaseExecutor.java:285)
	at com.kms.katalon.core.common.CommonExecutor.accessTestCaseMainPhase(CommonExecutor.java:65)
	at com.kms.katalon.core.main.TestSuiteExecutor.accessTestSuiteMainPhase(TestSuiteExecutor.java:148)
	at com.kms.katalon.core.main.TestSuiteExecutor.execute(TestSuiteExecutor.java:106)
	at com.kms.katalon.core.main.TestCaseMain.startTestSuite(TestCaseMain.java:187)
	at com.kms.katalon.core.main.TestCaseMain$startTestSuite$0.call(Unknown Source)
	at TempTestSuite1692874420462.run(TempTestSuite1692874420462.groovy:36)
Caused by: com.kms.katalon.core.exception.StepFailedException: Unable to click on object 'Object Repository/HomePage/Iniciar sesion'
	at com.kms.katalon.core.webui.keyword.internal.WebUIKeywordMain.stepFailed(WebUIKeywordMain.groovy:64)
	at com.kms.katalon.core.webui.keyword.internal.WebUIKeywordMain.runKeyword(WebUIKeywordMain.groovy:26)
	at com.kms.katalon.core.webui.keyword.builtin.ClickKeyword.click(ClickKeyword.groovy:74)
	at com.kms.katalon.core.webui.keyword.builtin.ClickKeyword.execute(ClickKeyword.groovy:40)
	at com.kms.katalon.core.keyword.internal.KeywordExecutor.executeKeywordForPlatform(KeywordExecutor.groovy:74)
	at com.kms.katalon.core.webui.keyword.WebUiBuiltInKeywords.click(WebUiBuiltInKeywords.groovy:620)
	at com.kms.katalon.core.webui.keyword.WebUiBuiltInKeywords$click$2.call(Unknown Source)
	at login_odtaqab.run(login_odtaqab:20)
	at com.kms.katalon.core.main.ScriptEngine.run(ScriptEngine.java:194)
	at com.kms.katalon.core.main.ScriptEngine.runScriptAsRawText(ScriptEngine.java:119)
	at com.kms.katalon.core.main.TestCaseExecutor.runScript(TestCaseExecutor.java:448)
	at com.kms.katalon.core.main.TestCaseExecutor.doExecute(TestCaseExecutor.java:439)
	at com.kms.katalon.core.main.TestCaseExecutor.processExecutionPhase(TestCaseExecutor.java:418)
	at com.kms.katalon.core.main.TestCaseExecutor.accessMainPhase(TestCaseExecutor.java:410)
	at com.kms.katalon.core.main.TestCaseExecutor.execute(TestCaseExecutor.java:285)
	at com.kms.katalon.core.main.TestCaseMain.runTestCase(TestCaseMain.java:144)
	at com.kms.katalon.core.keyword.builtin.CallTestCaseKeyword$_callTestCase_closure1.doCall(CallTestCaseKeyword.groovy:59)
	... 20 more
Caused by: com.kms.katalon.core.webui.exception.WebElementNotFoundException: Web element with id: 'Object Repository/HomePage/Iniciar sesion' located by '(//span[@class='a-header__topLink'])' not found
	at com.kms.katalon.core.webui.common.WebUiCommonHelper.findWebElement(WebUiCommonHelper.java:1381)
	at com.kms.katalon.core.webui.keyword.internal.WebUIAbstractKeyword.findWebElement(WebUIAbstractKeyword.groovy:27)
	at com.kms.katalon.core.webui.keyword.builtin.ClickKeyword$_click_closure1.doCall(ClickKeyword.groovy:65)
	at com.kms.katalon.core.webui.keyword.builtin.ClickKeyword$_click_closure1.call(ClickKeyword.groovy)
	at com.kms.katalon.core.webui.keyword.internal.WebUIKeywordMain.runKeyword(WebUIKeywordMain.groovy:20)
	... 35 more
"/>
         <system-out><![CDATA[2023-08-24 17:47:43 - [TEST_CASE][FAILED] - Test Cases/Checkout/TS_SMOKE_SUITE_086: Test Cases/Checkout/TS_SMOKE_SUITE_086 FAILED.
Reason:
com.kms.katalon.core.exception.StepFailedException: Call Test Case 'Test Cases/CommonMethods/login_odtaqab' failed
	at com.kms.katalon.core.keyword.builtin.CallTestCaseKeyword$_callTestCase_closure1.doCall(CallTestCaseKeyword.groovy:63)
	at com.kms.katalon.core.keyword.builtin.CallTestCaseKeyword$_callTestCase_closure1.call(CallTestCaseKeyword.groovy)
	at com.kms.katalon.core.keyword.internal.KeywordMain.runKeyword(KeywordMain.groovy:75)
	at com.kms.katalon.core.keyword.builtin.CallTestCaseKeyword.callTestCase(CallTestCaseKeyword.groovy:81)
	at com.kms.katalon.core.keyword.builtin.CallTestCaseKeyword.execute(CallTestCaseKeyword.groovy:44)
	at com.kms.katalon.core.keyword.internal.KeywordExecutor.executeKeywordForPlatform(KeywordExecutor.groovy:74)
	at com.kms.katalon.core.keyword.BuiltinKeywords.callTestCase(BuiltinKeywords.groovy:310)
	at TS_SMOKE_SUITE_086.run(TS_SMOKE_SUITE_086:48)
	at com.kms.katalon.core.main.ScriptEngine.run(ScriptEngine.java:194)
	at com.kms.katalon.core.main.ScriptEngine.runScriptAsRawText(ScriptEngine.java:119)
	at com.kms.katalon.core.main.TestCaseExecutor.runScript(TestCaseExecutor.java:448)
	at com.kms.katalon.core.main.TestCaseExecutor.doExecute(TestCaseExecutor.java:439)
	at com.kms.katalon.core.main.TestCaseExecutor.processExecutionPhase(TestCaseExecutor.java:418)
	at com.kms.katalon.core.main.TestCaseExecutor.accessMainPhase(TestCaseExecutor.java:410)
	at com.kms.katalon.core.main.TestCaseExecutor.execute(TestCaseExecutor.java:285)
	at com.kms.katalon.core.common.CommonExecutor.accessTestCaseMainPhase(CommonExecutor.java:65)
	at com.kms.katalon.core.main.TestSuiteExecutor.accessTestSuiteMainPhase(TestSuiteExecutor.java:148)
	at com.kms.katalon.core.main.TestSuiteExecutor.execute(TestSuiteExecutor.java:106)
	at com.kms.katalon.core.main.TestCaseMain.startTestSuite(TestCaseMain.java:187)
	at com.kms.katalon.core.main.TestCaseMain$startTestSuite$0.call(Unknown Source)
	at TempTestSuite1692874420462.run(TempTestSuite1692874420462.groovy:36)
Caused by: com.kms.katalon.core.exception.StepFailedException: Unable to click on object 'Object Repository/HomePage/Iniciar sesion'
	at com.kms.katalon.core.webui.keyword.internal.WebUIKeywordMain.stepFailed(WebUIKeywordMain.groovy:64)
	at com.kms.katalon.core.webui.keyword.internal.WebUIKeywordMain.runKeyword(WebUIKeywordMain.groovy:26)
	at com.kms.katalon.core.webui.keyword.builtin.ClickKeyword.click(ClickKeyword.groovy:74)
	at com.kms.katalon.core.webui.keyword.builtin.ClickKeyword.execute(ClickKeyword.groovy:40)
	at com.kms.katalon.core.keyword.internal.KeywordExecutor.executeKeywordForPlatform(KeywordExecutor.groovy:74)
	at com.kms.katalon.core.webui.keyword.WebUiBuiltInKeywords.click(WebUiBuiltInKeywords.groovy:620)
	at com.kms.katalon.core.webui.keyword.WebUiBuiltInKeywords$click$2.call(Unknown Source)
	at login_odtaqab.run(login_odtaqab:20)
	at com.kms.katalon.core.main.ScriptEngine.run(ScriptEngine.java:194)
	at com.kms.katalon.core.main.ScriptEngine.runScriptAsRawText(ScriptEngine.java:119)
	at com.kms.katalon.core.main.TestCaseExecutor.runScript(TestCaseExecutor.java:448)
	at com.kms.katalon.core.main.TestCaseExecutor.doExecute(TestCaseExecutor.java:439)
	at com.kms.katalon.core.main.TestCaseExecutor.processExecutionPhase(TestCaseExecutor.java:418)
	at com.kms.katalon.core.main.TestCaseExecutor.accessMainPhase(TestCaseExecutor.java:410)
	at com.kms.katalon.core.main.TestCaseExecutor.execute(TestCaseExecutor.java:285)
	at com.kms.katalon.core.main.TestCaseMain.runTestCase(TestCaseMain.java:144)
	at com.kms.katalon.core.keyword.builtin.CallTestCaseKeyword$_callTestCase_closure1.doCall(CallTestCaseKeyword.groovy:59)
	... 20 more
Caused by: com.kms.katalon.core.webui.exception.WebElementNotFoundException: Web element with id: 'Object Repository/HomePage/Iniciar sesion' located by '(//span[@class='a-header__topLink'])' not found
	at com.kms.katalon.core.webui.common.WebUiCommonHelper.findWebElement(WebUiCommonHelper.java:1381)
	at com.kms.katalon.core.webui.keyword.internal.WebUIAbstractKeyword.findWebElement(WebUIAbstractKeyword.groovy:27)
	at com.kms.katalon.core.webui.keyword.builtin.ClickKeyword$_click_closure1.doCall(ClickKeyword.groovy:65)
	at com.kms.katalon.core.webui.keyword.builtin.ClickKeyword$_click_closure1.call(ClickKeyword.groovy)
	at com.kms.katalon.core.webui.keyword.internal.WebUIKeywordMain.runKeyword(WebUIKeywordMain.groovy:20)
	... 35 more


2023-08-24 17:47:44 - [TEST_STEP][PASSED] - openBrowser(""): Browser is opened with url: ''

2023-08-24 17:47:44 - [MESSAGE][INFO] - Starting 'Chrome' driver

2023-08-24 17:47:44 - [MESSAGE][INFO] - Action delay is set to 0 milliseconds

2023-08-24 17:47:45 - [MESSAGE][PASSED] - Browser is opened with url: ''

2023-08-24 17:47:45 - [TEST_STEP][PASSED] - navigateToUrl(URL): Navigate to 'https://odtaqaa.liverpool.com.mx/tienda/home' successfully

2023-08-24 17:48:32 - [MESSAGE][PASSED] - Navigate to 'https://odtaqaa.liverpool.com.mx/tienda/home' successfully

2023-08-24 17:48:32 - [TEST_STEP][PASSED] - maximizeWindow(): Current window maximized

2023-08-24 17:48:32 - [MESSAGE][PASSED] - Current window maximized

2023-08-24 17:48:32 - [TEST_STEP][PASSED] - click(findTestObject("HomePage/Iniciar sesion")): Object: 'Object Repository/HomePage/Iniciar sesion' is clicked on

2023-08-24 17:48:33 - [MESSAGE][PASSED] - Object: 'Object Repository/HomePage/Iniciar sesion' is clicked on

2023-08-24 17:48:33 - [TEST_STEP][PASSED] - callTestCase(findTestCase("CommonMethods/loginFromHomePage"), ["username":Username, "password":Password], STOP_ON_FAILURE): Call Test Case 'Test Cases/CommonMethods/loginFromHomePage' successfully

2023-08-24 17:48:33 - [TEST_CASE][PASSED] - Test Cases/CommonMethods/loginFromHomePage: Test Cases/CommonMethods/loginFromHomePage

2023-08-24 17:48:33 - [TEST_STEP][PASSED] - delay(3): Delayed 3 second(s)

2023-08-24 17:48:36 - [MESSAGE][PASSED] - Delayed 3 second(s)

2023-08-24 17:48:36 - [TEST_STEP][PASSED] - click(findTestObject("HomePage/EnterUsername_LP")): Object: 'Object Repository/HomePage/EnterUsername_LP' is clicked on

2023-08-24 17:48:40 - [MESSAGE][PASSED] - Object: 'Object Repository/HomePage/EnterUsername_LP' is clicked on

2023-08-24 17:48:40 - [TEST_STEP][PASSED] - setText(findTestObject("HomePage/EnterUsername_LP"), username): Text 'hcheruvu29@digisprint.com' is set on object 'Object Repository/HomePage/EnterUsername_LP'

2023-08-24 17:48:41 - [MESSAGE][PASSED] - Text 'hcheruvu29@digisprint.com' is set on object 'Object Repository/HomePage/EnterUsername_LP'

2023-08-24 17:48:41 - [TEST_STEP][PASSED] - click(findTestObject("HomePage/EnterPassword_LP")): Object: 'Object Repository/HomePage/EnterPassword_LP' is clicked on

2023-08-24 17:48:41 - [MESSAGE][PASSED] - Object: 'Object Repository/HomePage/EnterPassword_LP' is clicked on

2023-08-24 17:48:41 - [TEST_STEP][PASSED] - setText(findTestObject("HomePage/EnterPassword_LP"), password): Text 'Test@12345' is set on object 'Object Repository/HomePage/EnterPassword_LP'

2023-08-24 17:48:42 - [MESSAGE][PASSED] - Text 'Test@12345' is set on object 'Object Repository/HomePage/EnterPassword_LP'

2023-08-24 17:48:42 - [TEST_STEP][PASSED] - click(findTestObject("HomePage/inciar")): Object: 'Object Repository/HomePage/inciar' is clicked on

2023-08-24 17:48:55 - [MESSAGE][PASSED] - Object: 'Object Repository/HomePage/inciar' is clicked on

2023-08-24 17:48:55 - [MESSAGE][PASSED] - Call Test Case 'Test Cases/CommonMethods/loginFromHomePage' successfully

2023-08-24 17:48:55 - [TEST_STEP][PASSED] - callTestCase(findTestCase("CommonMethods/SearchForAProduct_search"), ["searchTerm":SLProduct], STOP_ON_FAILURE): Call Test Case 'Test Cases/CommonMethods/SearchForAProduct_search' successfully

2023-08-24 17:48:55 - [TEST_CASE][PASSED] - Test Cases/CommonMethods/SearchForAProduct_search: Test Cases/CommonMethods/SearchForAProduct_search

2023-08-24 17:48:55 - [TEST_STEP][PASSED] - click(findTestObject("HomePage/Buscar1"), STOP_ON_FAILURE): Object: 'Object Repository/HomePage/Buscar1' is clicked on

2023-08-24 17:50:04 - [MESSAGE][PASSED] - Object: 'Object Repository/HomePage/Buscar1' is clicked on

2023-08-24 17:50:04 - [TEST_STEP][PASSED] - delay(3): Delayed 3 second(s)

2023-08-24 17:50:07 - [MESSAGE][PASSED] - Delayed 3 second(s)

2023-08-24 17:50:07 - [TEST_STEP][PASSED] - setText(findTestObject("HomePage/Buscar1"), searchTerm): Text 'vaso' is set on object 'Object Repository/HomePage/Buscar1'

2023-08-24 17:50:07 - [MESSAGE][PASSED] - Text 'vaso' is set on object 'Object Repository/HomePage/Buscar1'

2023-08-24 17:50:07 - [TEST_STEP][PASSED] - delay(3): Delayed 3 second(s)

2023-08-24 17:50:10 - [MESSAGE][PASSED] - Delayed 3 second(s)

2023-08-24 17:50:10 - [TEST_STEP][PASSED] - sendKeys(findTestObject("HomePage/Seach_TextBox_hp"), Keys.chord(ENTER)): Keys 'ENTER + ' sent to object: 'Object Repository/HomePage/Seach_TextBox_hp'

2023-08-24 17:50:11 - [MESSAGE][PASSED] - Keys 'ENTER + ' sent to object: 'Object Repository/HomePage/Seach_TextBox_hp'

2023-08-24 17:50:11 - [MESSAGE][PASSED] - Call Test Case 'Test Cases/CommonMethods/SearchForAProduct_search' successfully

2023-08-24 17:50:11 - [TEST_STEP][PASSED] - click(findTestObject("PLPPage/product2_cardPrice_PLP"), OPTIONAL): Object: 'Object Repository/PLPPage/product2_cardPrice_PLP' is clicked on

2023-08-24 17:50:36 - [MESSAGE][PASSED] - Object: 'Object Repository/PLPPage/product2_cardPrice_PLP' is clicked on

2023-08-24 17:50:36 - [TEST_STEP][PASSED] - click(findTestObject("PDPPage/AddToCart_PDP")): Object: 'Object Repository/PDPPage/AddToCart_PDP' is clicked on

2023-08-24 17:50:48 - [MESSAGE][PASSED] - Object: 'Object Repository/PDPPage/AddToCart_PDP' is clicked on

2023-08-24 17:50:48 - [TEST_STEP][PASSED] - click(findTestObject("HomePage/bag_header_HP")): Object: 'Object Repository/HomePage/bag_header_HP' is clicked on

2023-08-24 17:50:52 - [MESSAGE][PASSED] - Object: 'Object Repository/HomePage/bag_header_HP' is clicked on

2023-08-24 17:50:52 - [TEST_STEP][PASSED] - click(findTestObject("CartPage/BuyButton_Cart")): Object: 'Object Repository/CartPage/BuyButton_Cart' is clicked on

2023-08-24 17:50:57 - [MESSAGE][PASSED] - Object: 'Object Repository/CartPage/BuyButton_Cart' is clicked on

2023-08-24 17:50:57 - [TEST_STEP][PASSED] - click(findTestObject("OPCPage/Final_comparar_OPC")): Object: 'Object Repository/OPCPage/Final_comparar_OPC' is clicked on

2023-08-24 17:51:05 - [MESSAGE][PASSED] - Object: 'Object Repository/OPCPage/Final_comparar_OPC' is clicked on

2023-08-24 17:51:05 - [TEST_STEP][PASSED] - verifyElementPresent(findTestObject("OPCPage/ConfirmOrder_Checkout"), 0): Object 'Object Repository/OPCPage/ConfirmOrder_Checkout' is present

2023-08-24 17:51:05 - [MESSAGE][WARNING] - Timeout '0' is invalid. Using default page load timeout: '30'

2023-08-24 17:51:05 - [MESSAGE][PASSED] - Object 'Object Repository/OPCPage/ConfirmOrder_Checkout' is present

2023-08-24 17:51:05 - [TEST_STEP][PASSED] - navigateToUrl(URL): Navigate to 'https://odtaqaa.liverpool.com.mx/tienda/home' successfully

2023-08-24 17:51:20 - [MESSAGE][PASSED] - Navigate to 'https://odtaqaa.liverpool.com.mx/tienda/home' successfully

2023-08-24 17:51:20 - [TEST_STEP][FAILED] - callTestCase(findTestCase("CommonMethods/login_odtaqab"), [:], STOP_ON_FAILURE): Unable to call Test Case 'Test Cases/CommonMethods/login_odtaqab' (Root cause: com.kms.katalon.core.exception.StepFailedException: Call Test Case 'Test Cases/CommonMethods/login_odtaqab' failed
	at com.kms.katalon.core.keyword.builtin.CallTestCaseKeyword$_callTestCase_closure1.doCall(CallTestCaseKeyword.groovy:63)
	at com.kms.katalon.core.keyword.builtin.CallTestCaseKeyword$_callTestCase_closure1.call(CallTestCaseKeyword.groovy)
	at com.kms.katalon.core.keyword.internal.KeywordMain.runKeyword(KeywordMain.groovy:75)
	at com.kms.katalon.core.keyword.builtin.CallTestCaseKeyword.callTestCase(CallTestCaseKeyword.groovy:81)
	at com.kms.katalon.core.keyword.builtin.CallTestCaseKeyword.execute(CallTestCaseKeyword.groovy:44)
	at com.kms.katalon.core.keyword.internal.KeywordExecutor.executeKeywordForPlatform(KeywordExecutor.groovy:74)
	at com.kms.katalon.core.keyword.BuiltinKeywords.callTestCase(BuiltinKeywords.groovy:310)
	at TS_SMOKE_SUITE_086.run(TS_SMOKE_SUITE_086:48)
	at com.kms.katalon.core.main.ScriptEngine.run(ScriptEngine.java:194)
	at com.kms.katalon.core.main.ScriptEngine.runScriptAsRawText(ScriptEngine.java:119)
	at com.kms.katalon.core.main.TestCaseExecutor.runScript(TestCaseExecutor.java:448)
	at com.kms.katalon.core.main.TestCaseExecutor.doExecute(TestCaseExecutor.java:439)
	at com.kms.katalon.core.main.TestCaseExecutor.processExecutionPhase(TestCaseExecutor.java:418)
	at com.kms.katalon.core.main.TestCaseExecutor.accessMainPhase(TestCaseExecutor.java:410)
	at com.kms.katalon.core.main.TestCaseExecutor.execute(TestCaseExecutor.java:285)
	at com.kms.katalon.core.common.CommonExecutor.accessTestCaseMainPhase(CommonExecutor.java:65)
	at com.kms.katalon.core.main.TestSuiteExecutor.accessTestSuiteMainPhase(TestSuiteExecutor.java:148)
	at com.kms.katalon.core.main.TestSuiteExecutor.execute(TestSuiteExecutor.java:106)
	at com.kms.katalon.core.main.TestCaseMain.startTestSuite(TestCaseMain.java:187)
	at com.kms.katalon.core.main.TestCaseMain$startTestSuite$0.call(Unknown Source)
	at TempTestSuite1692874420462.run(TempTestSuite1692874420462.groovy:36)
Caused by: com.kms.katalon.core.exception.StepFailedException: Unable to click on object 'Object Repository/HomePage/Iniciar sesion'
	at com.kms.katalon.core.webui.keyword.internal.WebUIKeywordMain.stepFailed(WebUIKeywordMain.groovy:64)
	at com.kms.katalon.core.webui.keyword.internal.WebUIKeywordMain.runKeyword(WebUIKeywordMain.groovy:26)
	at com.kms.katalon.core.webui.keyword.builtin.ClickKeyword.click(ClickKeyword.groovy:74)
	at com.kms.katalon.core.webui.keyword.builtin.ClickKeyword.execute(ClickKeyword.groovy:40)
	at com.kms.katalon.core.keyword.internal.KeywordExecutor.executeKeywordForPlatform(KeywordExecutor.groovy:74)
	at com.kms.katalon.core.webui.keyword.WebUiBuiltInKeywords.click(WebUiBuiltInKeywords.groovy:620)
	at com.kms.katalon.core.webui.keyword.WebUiBuiltInKeywords$click$2.call(Unknown Source)
	at login_odtaqab.run(login_odtaqab:20)
	at com.kms.katalon.core.main.ScriptEngine.run(ScriptEngine.java:194)
	at com.kms.katalon.core.main.ScriptEngine.runScriptAsRawText(ScriptEngine.java:119)
	at com.kms.katalon.core.main.TestCaseExecutor.runScript(TestCaseExecutor.java:448)
	at com.kms.katalon.core.main.TestCaseExecutor.doExecute(TestCaseExecutor.java:439)
	at com.kms.katalon.core.main.TestCaseExecutor.processExecutionPhase(TestCaseExecutor.java:418)
	at com.kms.katalon.core.main.TestCaseExecutor.accessMainPhase(TestCaseExecutor.java:410)
	at com.kms.katalon.core.main.TestCaseExecutor.execute(TestCaseExecutor.java:285)
	at com.kms.katalon.core.main.TestCaseMain.runTestCase(TestCaseMain.java:144)
	at com.kms.katalon.core.keyword.builtin.CallTestCaseKeyword$_callTestCase_closure1.doCall(CallTestCaseKeyword.groovy:59)
	... 20 more
Caused by: com.kms.katalon.core.webui.exception.WebElementNotFoundException: Web element with id: 'Object Repository/HomePage/Iniciar sesion' located by '(//span[@class='a-header__topLink'])' not found
	at com.kms.katalon.core.webui.common.WebUiCommonHelper.findWebElement(WebUiCommonHelper.java:1381)
	at com.kms.katalon.core.webui.keyword.internal.WebUIAbstractKeyword.findWebElement(WebUIAbstractKeyword.groovy:27)
	at com.kms.katalon.core.webui.keyword.builtin.ClickKeyword$_click_closure1.doCall(ClickKeyword.groovy:65)
	at com.kms.katalon.core.webui.keyword.builtin.ClickKeyword$_click_closure1.call(ClickKeyword.groovy)
	at com.kms.katalon.core.webui.keyword.internal.WebUIKeywordMain.runKeyword(WebUIKeywordMain.groovy:20)
	... 35 more
)

2023-08-24 17:51:20 - [TEST_CASE][FAILED] - Test Cases/CommonMethods/login_odtaqab: Test Cases/CommonMethods/login_odtaqab FAILED.
Reason:
com.kms.katalon.core.exception.StepFailedException: Unable to click on object 'Object Repository/HomePage/Iniciar sesion'
	at com.kms.katalon.core.webui.keyword.internal.WebUIKeywordMain.stepFailed(WebUIKeywordMain.groovy:64)
	at com.kms.katalon.core.webui.keyword.internal.WebUIKeywordMain.runKeyword(WebUIKeywordMain.groovy:26)
	at com.kms.katalon.core.webui.keyword.builtin.ClickKeyword.click(ClickKeyword.groovy:74)
	at com.kms.katalon.core.webui.keyword.builtin.ClickKeyword.execute(ClickKeyword.groovy:40)
	at com.kms.katalon.core.keyword.internal.KeywordExecutor.executeKeywordForPlatform(KeywordExecutor.groovy:74)
	at com.kms.katalon.core.webui.keyword.WebUiBuiltInKeywords.click(WebUiBuiltInKeywords.groovy:620)
	at com.kms.katalon.core.webui.keyword.WebUiBuiltInKeywords$click$2.call(Unknown Source)
	at login_odtaqab.run(login_odtaqab:20)
	at com.kms.katalon.core.main.ScriptEngine.run(ScriptEngine.java:194)
	at com.kms.katalon.core.main.ScriptEngine.runScriptAsRawText(ScriptEngine.java:119)
	at com.kms.katalon.core.main.TestCaseExecutor.runScript(TestCaseExecutor.java:448)
	at com.kms.katalon.core.main.TestCaseExecutor.doExecute(TestCaseExecutor.java:439)
	at com.kms.katalon.core.main.TestCaseExecutor.processExecutionPhase(TestCaseExecutor.java:418)
	at com.kms.katalon.core.main.TestCaseExecutor.accessMainPhase(TestCaseExecutor.java:410)
	at com.kms.katalon.core.main.TestCaseExecutor.execute(TestCaseExecutor.java:285)
	at com.kms.katalon.core.main.TestCaseMain.runTestCase(TestCaseMain.java:144)
	at com.kms.katalon.core.keyword.builtin.CallTestCaseKeyword$_callTestCase_closure1.doCall(CallTestCaseKeyword.groovy:59)
	at com.kms.katalon.core.keyword.builtin.CallTestCaseKeyword$_callTestCase_closure1.call(CallTestCaseKeyword.groovy)
	at com.kms.katalon.core.keyword.internal.KeywordMain.runKeyword(KeywordMain.groovy:75)
	at com.kms.katalon.core.keyword.builtin.CallTestCaseKeyword.callTestCase(CallTestCaseKeyword.groovy:81)
	at com.kms.katalon.core.keyword.builtin.CallTestCaseKeyword.execute(CallTestCaseKeyword.groovy:44)
	at com.kms.katalon.core.keyword.internal.KeywordExecutor.executeKeywordForPlatform(KeywordExecutor.groovy:74)
	at com.kms.katalon.core.keyword.BuiltinKeywords.callTestCase(BuiltinKeywords.groovy:310)
	at TS_SMOKE_SUITE_086.run(TS_SMOKE_SUITE_086:48)
	at com.kms.katalon.core.main.ScriptEngine.run(ScriptEngine.java:194)
	at com.kms.katalon.core.main.ScriptEngine.runScriptAsRawText(ScriptEngine.java:119)
	at com.kms.katalon.core.main.TestCaseExecutor.runScript(TestCaseExecutor.java:448)
	at com.kms.katalon.core.main.TestCaseExecutor.doExecute(TestCaseExecutor.java:439)
	at com.kms.katalon.core.main.TestCaseExecutor.processExecutionPhase(TestCaseExecutor.java:418)
	at com.kms.katalon.core.main.TestCaseExecutor.accessMainPhase(TestCaseExecutor.java:410)
	at com.kms.katalon.core.main.TestCaseExecutor.execute(TestCaseExecutor.java:285)
	at com.kms.katalon.core.common.CommonExecutor.accessTestCaseMainPhase(CommonExecutor.java:65)
	at com.kms.katalon.core.main.TestSuiteExecutor.accessTestSuiteMainPhase(TestSuiteExecutor.java:148)
	at com.kms.katalon.core.main.TestSuiteExecutor.execute(TestSuiteExecutor.java:106)
	at com.kms.katalon.core.main.TestCaseMain.startTestSuite(TestCaseMain.java:187)
	at com.kms.katalon.core.main.TestCaseMain$startTestSuite$0.call(Unknown Source)
	at TempTestSuite1692874420462.run(TempTestSuite1692874420462.groovy:36)
Caused by: com.kms.katalon.core.webui.exception.WebElementNotFoundException: Web element with id: 'Object Repository/HomePage/Iniciar sesion' located by '(//span[@class='a-header__topLink'])' not found
	at com.kms.katalon.core.webui.common.WebUiCommonHelper.findWebElement(WebUiCommonHelper.java:1381)
	at com.kms.katalon.core.webui.keyword.internal.WebUIAbstractKeyword.findWebElement(WebUIAbstractKeyword.groovy:27)
	at com.kms.katalon.core.webui.keyword.builtin.ClickKeyword$_click_closure1.doCall(ClickKeyword.groovy:65)
	at com.kms.katalon.core.webui.keyword.builtin.ClickKeyword$_click_closure1.call(ClickKeyword.groovy)
	at com.kms.katalon.core.webui.keyword.internal.WebUIKeywordMain.runKeyword(WebUIKeywordMain.groovy:20)
	... 35 more


2023-08-24 17:51:20 - [TEST_STEP][FAILED] - click(findTestObject("HomePage/Iniciar sesion")): Unable to click on object 'Object Repository/HomePage/Iniciar sesion' (Root cause: com.kms.katalon.core.exception.StepFailedException: Unable to click on object 'Object Repository/HomePage/Iniciar sesion'
	at com.kms.katalon.core.webui.keyword.internal.WebUIKeywordMain.stepFailed(WebUIKeywordMain.groovy:64)
	at com.kms.katalon.core.webui.keyword.internal.WebUIKeywordMain.runKeyword(WebUIKeywordMain.groovy:26)
	at com.kms.katalon.core.webui.keyword.builtin.ClickKeyword.click(ClickKeyword.groovy:74)
	at com.kms.katalon.core.webui.keyword.builtin.ClickKeyword.execute(ClickKeyword.groovy:40)
	at com.kms.katalon.core.keyword.internal.KeywordExecutor.executeKeywordForPlatform(KeywordExecutor.groovy:74)
	at com.kms.katalon.core.webui.keyword.WebUiBuiltInKeywords.click(WebUiBuiltInKeywords.groovy:620)
	at com.kms.katalon.core.webui.keyword.WebUiBuiltInKeywords$click$2.call(Unknown Source)
	at login_odtaqab.run(login_odtaqab:20)
	at com.kms.katalon.core.main.ScriptEngine.run(ScriptEngine.java:194)
	at com.kms.katalon.core.main.ScriptEngine.runScriptAsRawText(ScriptEngine.java:119)
	at com.kms.katalon.core.main.TestCaseExecutor.runScript(TestCaseExecutor.java:448)
	at com.kms.katalon.core.main.TestCaseExecutor.doExecute(TestCaseExecutor.java:439)
	at com.kms.katalon.core.main.TestCaseExecutor.processExecutionPhase(TestCaseExecutor.java:418)
	at com.kms.katalon.core.main.TestCaseExecutor.accessMainPhase(TestCaseExecutor.java:410)
	at com.kms.katalon.core.main.TestCaseExecutor.execute(TestCaseExecutor.java:285)
	at com.kms.katalon.core.main.TestCaseMain.runTestCase(TestCaseMain.java:144)
	at com.kms.katalon.core.keyword.builtin.CallTestCaseKeyword$_callTestCase_closure1.doCall(CallTestCaseKeyword.groovy:59)
	at com.kms.katalon.core.keyword.builtin.CallTestCaseKeyword$_callTestCase_closure1.call(CallTestCaseKeyword.groovy)
	at com.kms.katalon.core.keyword.internal.KeywordMain.runKeyword(KeywordMain.groovy:75)
	at com.kms.katalon.core.keyword.builtin.CallTestCaseKeyword.callTestCase(CallTestCaseKeyword.groovy:81)
	at com.kms.katalon.core.keyword.builtin.CallTestCaseKeyword.execute(CallTestCaseKeyword.groovy:44)
	at com.kms.katalon.core.keyword.internal.KeywordExecutor.executeKeywordForPlatform(KeywordExecutor.groovy:74)
	at com.kms.katalon.core.keyword.BuiltinKeywords.callTestCase(BuiltinKeywords.groovy:310)
	at TS_SMOKE_SUITE_086.run(TS_SMOKE_SUITE_086:48)
	at com.kms.katalon.core.main.ScriptEngine.run(ScriptEngine.java:194)
	at com.kms.katalon.core.main.ScriptEngine.runScriptAsRawText(ScriptEngine.java:119)
	at com.kms.katalon.core.main.TestCaseExecutor.runScript(TestCaseExecutor.java:448)
	at com.kms.katalon.core.main.TestCaseExecutor.doExecute(TestCaseExecutor.java:439)
	at com.kms.katalon.core.main.TestCaseExecutor.processExecutionPhase(TestCaseExecutor.java:418)
	at com.kms.katalon.core.main.TestCaseExecutor.accessMainPhase(TestCaseExecutor.java:410)
	at com.kms.katalon.core.main.TestCaseExecutor.execute(TestCaseExecutor.java:285)
	at com.kms.katalon.core.common.CommonExecutor.accessTestCaseMainPhase(CommonExecutor.java:65)
	at com.kms.katalon.core.main.TestSuiteExecutor.accessTestSuiteMainPhase(TestSuiteExecutor.java:148)
	at com.kms.katalon.core.main.TestSuiteExecutor.execute(TestSuiteExecutor.java:106)
	at com.kms.katalon.core.main.TestCaseMain.startTestSuite(TestCaseMain.java:187)
	at com.kms.katalon.core.main.TestCaseMain$startTestSuite$0.call(Unknown Source)
	at TempTestSuite1692874420462.run(TempTestSuite1692874420462.groovy:36)
Caused by: com.kms.katalon.core.webui.exception.WebElementNotFoundException: Web element with id: 'Object Repository/HomePage/Iniciar sesion' located by '(//span[@class='a-header__topLink'])' not found
	at com.kms.katalon.core.webui.common.WebUiCommonHelper.findWebElement(WebUiCommonHelper.java:1381)
	at com.kms.katalon.core.webui.keyword.internal.WebUIAbstractKeyword.findWebElement(WebUIAbstractKeyword.groovy:27)
	at com.kms.katalon.core.webui.keyword.builtin.ClickKeyword$_click_closure1.doCall(ClickKeyword.groovy:65)
	at com.kms.katalon.core.webui.keyword.builtin.ClickKeyword$_click_closure1.call(ClickKeyword.groovy)
	at com.kms.katalon.core.webui.keyword.internal.WebUIKeywordMain.runKeyword(WebUIKeywordMain.groovy:20)
	at com.kms.katalon.core.webui.keyword.builtin.ClickKeyword.click(ClickKeyword.groovy:74)
	at com.kms.katalon.core.webui.keyword.builtin.ClickKeyword.execute(ClickKeyword.groovy:40)
	at com.kms.katalon.core.keyword.internal.KeywordExecutor.executeKeywordForPlatform(KeywordExecutor.groovy:74)
	at com.kms.katalon.core.webui.keyword.WebUiBuiltInKeywords.click(WebUiBuiltInKeywords.groovy:620)
	at com.kms.katalon.core.webui.keyword.WebUiBuiltInKeywords$click$2.call(Unknown Source)
	at Script1682278963047.run(Script1682278963047.groovy:20)
	at com.kms.katalon.core.main.ScriptEngine.run(ScriptEngine.java:194)
	at com.kms.katalon.core.main.ScriptEngine.runScriptAsRawText(ScriptEngine.java:119)
	at com.kms.katalon.core.main.TestCaseExecutor.runScript(TestCaseExecutor.java:448)
	at com.kms.katalon.core.main.TestCaseExecutor.doExecute(TestCaseExecutor.java:439)
	at com.kms.katalon.core.main.TestCaseExecutor.processExecutionPhase(TestCaseExecutor.java:418)
	at com.kms.katalon.core.main.TestCaseExecutor.accessMainPhase(TestCaseExecutor.java:410)
	at com.kms.katalon.core.main.TestCaseExecutor.execute(TestCaseExecutor.java:285)
	at com.kms.katalon.core.main.TestCaseMain.runTestCase(TestCaseMain.java:144)
	at com.kms.katalon.core.keyword.builtin.CallTestCaseKeyword$_callTestCase_closure1.doCall(CallTestCaseKeyword.groovy:59)
	at com.kms.katalon.core.keyword.builtin.CallTestCaseKeyword$_callTestCase_closure1.call(CallTestCaseKeyword.groovy)
	at com.kms.katalon.core.keyword.internal.KeywordMain.runKeyword(KeywordMain.groovy:75)
	at com.kms.katalon.core.keyword.builtin.CallTestCaseKeyword.callTestCase(CallTestCaseKeyword.groovy:81)
	at com.kms.katalon.core.keyword.builtin.CallTestCaseKeyword.execute(CallTestCaseKeyword.groovy:44)
	at com.kms.katalon.core.keyword.internal.KeywordExecutor.executeKeywordForPlatform(KeywordExecutor.groovy:74)
	at com.kms.katalon.core.keyword.BuiltinKeywords.callTestCase(BuiltinKeywords.groovy:310)
	at Script1691572246319.run(Script1691572246319.groovy:48)
	... 13 more
)

2023-08-24 17:51:51 - [MESSAGE][INFO] - Unable to find the element located by 'By.xpath: (//span[@class='a-header__topLink'])'. Please recheck the objects properties to make sure the desired element is located. 

2023-08-24 17:51:52 - [MESSAGE][FAILED] - Unable to click on object 'Object Repository/HomePage/Iniciar sesion' (Root cause: com.kms.katalon.core.exception.StepFailedException: Unable to click on object 'Object Repository/HomePage/Iniciar sesion'
	at com.kms.katalon.core.webui.keyword.internal.WebUIKeywordMain.stepFailed(WebUIKeywordMain.groovy:64)
	at com.kms.katalon.core.webui.keyword.internal.WebUIKeywordMain.runKeyword(WebUIKeywordMain.groovy:26)
	at com.kms.katalon.core.webui.keyword.builtin.ClickKeyword.click(ClickKeyword.groovy:74)
	at com.kms.katalon.core.webui.keyword.builtin.ClickKeyword.execute(ClickKeyword.groovy:40)
	at com.kms.katalon.core.keyword.internal.KeywordExecutor.executeKeywordForPlatform(KeywordExecutor.groovy:74)
	at com.kms.katalon.core.webui.keyword.WebUiBuiltInKeywords.click(WebUiBuiltInKeywords.groovy:620)
	at com.kms.katalon.core.webui.keyword.WebUiBuiltInKeywords$click$2.call(Unknown Source)
	at login_odtaqab.run(login_odtaqab:20)
	at com.kms.katalon.core.main.ScriptEngine.run(ScriptEngine.java:194)
	at com.kms.katalon.core.main.ScriptEngine.runScriptAsRawText(ScriptEngine.java:119)
	at com.kms.katalon.core.main.TestCaseExecutor.runScript(TestCaseExecutor.java:448)
	at com.kms.katalon.core.main.TestCaseExecutor.doExecute(TestCaseExecutor.java:439)
	at com.kms.katalon.core.main.TestCaseExecutor.processExecutionPhase(TestCaseExecutor.java:418)
	at com.kms.katalon.core.main.TestCaseExecutor.accessMainPhase(TestCaseExecutor.java:410)
	at com.kms.katalon.core.main.TestCaseExecutor.execute(TestCaseExecutor.java:285)
	at com.kms.katalon.core.main.TestCaseMain.runTestCase(TestCaseMain.java:144)
	at com.kms.katalon.core.keyword.builtin.CallTestCaseKeyword$_callTestCase_closure1.doCall(CallTestCaseKeyword.groovy:59)
	at com.kms.katalon.core.keyword.builtin.CallTestCaseKeyword$_callTestCase_closure1.call(CallTestCaseKeyword.groovy)
	at com.kms.katalon.core.keyword.internal.KeywordMain.runKeyword(KeywordMain.groovy:75)
	at com.kms.katalon.core.keyword.builtin.CallTestCaseKeyword.callTestCase(CallTestCaseKeyword.groovy:81)
	at com.kms.katalon.core.keyword.builtin.CallTestCaseKeyword.execute(CallTestCaseKeyword.groovy:44)
	at com.kms.katalon.core.keyword.internal.KeywordExecutor.executeKeywordForPlatform(KeywordExecutor.groovy:74)
	at com.kms.katalon.core.keyword.BuiltinKeywords.callTestCase(BuiltinKeywords.groovy:310)
	at TS_SMOKE_SUITE_086.run(TS_SMOKE_SUITE_086:48)
	at com.kms.katalon.core.main.ScriptEngine.run(ScriptEngine.java:194)
	at com.kms.katalon.core.main.ScriptEngine.runScriptAsRawText(ScriptEngine.java:119)
	at com.kms.katalon.core.main.TestCaseExecutor.runScript(TestCaseExecutor.java:448)
	at com.kms.katalon.core.main.TestCaseExecutor.doExecute(TestCaseExecutor.java:439)
	at com.kms.katalon.core.main.TestCaseExecutor.processExecutionPhase(TestCaseExecutor.java:418)
	at com.kms.katalon.core.main.TestCaseExecutor.accessMainPhase(TestCaseExecutor.java:410)
	at com.kms.katalon.core.main.TestCaseExecutor.execute(TestCaseExecutor.java:285)
	at com.kms.katalon.core.common.CommonExecutor.accessTestCaseMainPhase(CommonExecutor.java:65)
	at com.kms.katalon.core.main.TestSuiteExecutor.accessTestSuiteMainPhase(TestSuiteExecutor.java:148)
	at com.kms.katalon.core.main.TestSuiteExecutor.execute(TestSuiteExecutor.java:106)
	at com.kms.katalon.core.main.TestCaseMain.startTestSuite(TestCaseMain.java:187)
	at com.kms.katalon.core.main.TestCaseMain$startTestSuite$0.call(Unknown Source)
	at TempTestSuite1692874420462.run(TempTestSuite1692874420462.groovy:36)
Caused by: com.kms.katalon.core.webui.exception.WebElementNotFoundException: Web element with id: 'Object Repository/HomePage/Iniciar sesion' located by '(//span[@class='a-header__topLink'])' not found
	at com.kms.katalon.core.webui.common.WebUiCommonHelper.findWebElement(WebUiCommonHelper.java:1381)
	at com.kms.katalon.core.webui.keyword.internal.WebUIAbstractKeyword.findWebElement(WebUIAbstractKeyword.groovy:27)
	at com.kms.katalon.core.webui.keyword.builtin.ClickKeyword$_click_closure1.doCall(ClickKeyword.groovy:65)
	at com.kms.katalon.core.webui.keyword.builtin.ClickKeyword$_click_closure1.call(ClickKeyword.groovy)
	at com.kms.katalon.core.webui.keyword.internal.WebUIKeywordMain.runKeyword(WebUIKeywordMain.groovy:20)
	at com.kms.katalon.core.webui.keyword.builtin.ClickKeyword.click(ClickKeyword.groovy:74)
	at com.kms.katalon.core.webui.keyword.builtin.ClickKeyword.execute(ClickKeyword.groovy:40)
	at com.kms.katalon.core.keyword.internal.KeywordExecutor.executeKeywordForPlatform(KeywordExecutor.groovy:74)
	at com.kms.katalon.core.webui.keyword.WebUiBuiltInKeywords.click(WebUiBuiltInKeywords.groovy:620)
	at com.kms.katalon.core.webui.keyword.WebUiBuiltInKeywords$click$2.call(Unknown Source)
	at Script1682278963047.run(Script1682278963047.groovy:20)
	at com.kms.katalon.core.main.ScriptEngine.run(ScriptEngine.java:194)
	at com.kms.katalon.core.main.ScriptEngine.runScriptAsRawText(ScriptEngine.java:119)
	at com.kms.katalon.core.main.TestCaseExecutor.runScript(TestCaseExecutor.java:448)
	at com.kms.katalon.core.main.TestCaseExecutor.doExecute(TestCaseExecutor.java:439)
	at com.kms.katalon.core.main.TestCaseExecutor.processExecutionPhase(TestCaseExecutor.java:418)
	at com.kms.katalon.core.main.TestCaseExecutor.accessMainPhase(TestCaseExecutor.java:410)
	at com.kms.katalon.core.main.TestCaseExecutor.execute(TestCaseExecutor.java:285)
	at com.kms.katalon.core.main.TestCaseMain.runTestCase(TestCaseMain.java:144)
	at com.kms.katalon.core.keyword.builtin.CallTestCaseKeyword$_callTestCase_closure1.doCall(CallTestCaseKeyword.groovy:59)
	at com.kms.katalon.core.keyword.builtin.CallTestCaseKeyword$_callTestCase_closure1.call(CallTestCaseKeyword.groovy)
	at com.kms.katalon.core.keyword.internal.KeywordMain.runKeyword(KeywordMain.groovy:75)
	at com.kms.katalon.core.keyword.builtin.CallTestCaseKeyword.callTestCase(CallTestCaseKeyword.groovy:81)
	at com.kms.katalon.core.keyword.builtin.CallTestCaseKeyword.execute(CallTestCaseKeyword.groovy:44)
	at com.kms.katalon.core.keyword.internal.KeywordExecutor.executeKeywordForPlatform(KeywordExecutor.groovy:74)
	at com.kms.katalon.core.keyword.BuiltinKeywords.callTestCase(BuiltinKeywords.groovy:310)
	at Script1691572246319.run(Script1691572246319.groovy:48)
	... 13 more
)
[[ATTACHMENT|D:\\backup\\LiverpoolProject_SmokeSuite\\Reports\\20230824_162340\\SmokeSuite_AllModules\\20230824_162340\\1692879711532.png]]

2023-08-24 17:51:52 - [MESSAGE][FAILED] - Unable to call Test Case 'Test Cases/CommonMethods/login_odtaqab' (Root cause: com.kms.katalon.core.exception.StepFailedException: Call Test Case 'Test Cases/CommonMethods/login_odtaqab' failed
	at com.kms.katalon.core.keyword.builtin.CallTestCaseKeyword$_callTestCase_closure1.doCall(CallTestCaseKeyword.groovy:63)
	at com.kms.katalon.core.keyword.builtin.CallTestCaseKeyword$_callTestCase_closure1.call(CallTestCaseKeyword.groovy)
	at com.kms.katalon.core.keyword.internal.KeywordMain.runKeyword(KeywordMain.groovy:75)
	at com.kms.katalon.core.keyword.builtin.CallTestCaseKeyword.callTestCase(CallTestCaseKeyword.groovy:81)
	at com.kms.katalon.core.keyword.builtin.CallTestCaseKeyword.execute(CallTestCaseKeyword.groovy:44)
	at com.kms.katalon.core.keyword.internal.KeywordExecutor.executeKeywordForPlatform(KeywordExecutor.groovy:74)
	at com.kms.katalon.core.keyword.BuiltinKeywords.callTestCase(BuiltinKeywords.groovy:310)
	at TS_SMOKE_SUITE_086.run(TS_SMOKE_SUITE_086:48)
	at com.kms.katalon.core.main.ScriptEngine.run(ScriptEngine.java:194)
	at com.kms.katalon.core.main.ScriptEngine.runScriptAsRawText(ScriptEngine.java:119)
	at com.kms.katalon.core.main.TestCaseExecutor.runScript(TestCaseExecutor.java:448)
	at com.kms.katalon.core.main.TestCaseExecutor.doExecute(TestCaseExecutor.java:439)
	at com.kms.katalon.core.main.TestCaseExecutor.processExecutionPhase(TestCaseExecutor.java:418)
	at com.kms.katalon.core.main.TestCaseExecutor.accessMainPhase(TestCaseExecutor.java:410)
	at com.kms.katalon.core.main.TestCaseExecutor.execute(TestCaseExecutor.java:285)
	at com.kms.katalon.core.common.CommonExecutor.accessTestCaseMainPhase(CommonExecutor.java:65)
	at com.kms.katalon.core.main.TestSuiteExecutor.accessTestSuiteMainPhase(TestSuiteExecutor.java:148)
	at com.kms.katalon.core.main.TestSuiteExecutor.execute(TestSuiteExecutor.java:106)
	at com.kms.katalon.core.main.TestCaseMain.startTestSuite(TestCaseMain.java:187)
	at com.kms.katalon.core.main.TestCaseMain$startTestSuite$0.call(Unknown Source)
	at TempTestSuite1692874420462.run(TempTestSuite1692874420462.groovy:36)
Caused by: com.kms.katalon.core.exception.StepFailedException: Unable to click on object 'Object Repository/HomePage/Iniciar sesion'
	at com.kms.katalon.core.webui.keyword.internal.WebUIKeywordMain.stepFailed(WebUIKeywordMain.groovy:64)
	at com.kms.katalon.core.webui.keyword.internal.WebUIKeywordMain.runKeyword(WebUIKeywordMain.groovy:26)
	at com.kms.katalon.core.webui.keyword.builtin.ClickKeyword.click(ClickKeyword.groovy:74)
	at com.kms.katalon.core.webui.keyword.builtin.ClickKeyword.execute(ClickKeyword.groovy:40)
	at com.kms.katalon.core.keyword.internal.KeywordExecutor.executeKeywordForPlatform(KeywordExecutor.groovy:74)
	at com.kms.katalon.core.webui.keyword.WebUiBuiltInKeywords.click(WebUiBuiltInKeywords.groovy:620)
	at com.kms.katalon.core.webui.keyword.WebUiBuiltInKeywords$click$2.call(Unknown Source)
	at login_odtaqab.run(login_odtaqab:20)
	at com.kms.katalon.core.main.ScriptEngine.run(ScriptEngine.java:194)
	at com.kms.katalon.core.main.ScriptEngine.runScriptAsRawText(ScriptEngine.java:119)
	at com.kms.katalon.core.main.TestCaseExecutor.runScript(TestCaseExecutor.java:448)
	at com.kms.katalon.core.main.TestCaseExecutor.doExecute(TestCaseExecutor.java:439)
	at com.kms.katalon.core.main.TestCaseExecutor.processExecutionPhase(TestCaseExecutor.java:418)
	at com.kms.katalon.core.main.TestCaseExecutor.accessMainPhase(TestCaseExecutor.java:410)
	at com.kms.katalon.core.main.TestCaseExecutor.execute(TestCaseExecutor.java:285)
	at com.kms.katalon.core.main.TestCaseMain.runTestCase(TestCaseMain.java:144)
	at com.kms.katalon.core.keyword.builtin.CallTestCaseKeyword$_callTestCase_closure1.doCall(CallTestCaseKeyword.groovy:59)
	... 20 more
Caused by: com.kms.katalon.core.webui.exception.WebElementNotFoundException: Web element with id: 'Object Repository/HomePage/Iniciar sesion' located by '(//span[@class='a-header__topLink'])' not found
	at com.kms.katalon.core.webui.common.WebUiCommonHelper.findWebElement(WebUiCommonHelper.java:1381)
	at com.kms.katalon.core.webui.keyword.internal.WebUIAbstractKeyword.findWebElement(WebUIAbstractKeyword.groovy:27)
	at com.kms.katalon.core.webui.keyword.builtin.ClickKeyword$_click_closure1.doCall(ClickKeyword.groovy:65)
	at com.kms.katalon.core.webui.keyword.builtin.ClickKeyword$_click_closure1.call(ClickKeyword.groovy)
	at com.kms.katalon.core.webui.keyword.internal.WebUIKeywordMain.runKeyword(WebUIKeywordMain.groovy:20)
	... 35 more
)]]></system-out>
         <system-err><![CDATA[2023-08-24 17:47:43 - [TEST_CASE][FAILED] - Test Cases/Checkout/TS_SMOKE_SUITE_086: Test Cases/Checkout/TS_SMOKE_SUITE_086 FAILED.
Reason:
com.kms.katalon.core.exception.StepFailedException: Call Test Case 'Test Cases/CommonMethods/login_odtaqab' failed
	at com.kms.katalon.core.keyword.builtin.CallTestCaseKeyword$_callTestCase_closure1.doCall(CallTestCaseKeyword.groovy:63)
	at com.kms.katalon.core.keyword.builtin.CallTestCaseKeyword$_callTestCase_closure1.call(CallTestCaseKeyword.groovy)
	at com.kms.katalon.core.keyword.internal.KeywordMain.runKeyword(KeywordMain.groovy:75)
	at com.kms.katalon.core.keyword.builtin.CallTestCaseKeyword.callTestCase(CallTestCaseKeyword.groovy:81)
	at com.kms.katalon.core.keyword.builtin.CallTestCaseKeyword.execute(CallTestCaseKeyword.groovy:44)
	at com.kms.katalon.core.keyword.internal.KeywordExecutor.executeKeywordForPlatform(KeywordExecutor.groovy:74)
	at com.kms.katalon.core.keyword.BuiltinKeywords.callTestCase(BuiltinKeywords.groovy:310)
	at TS_SMOKE_SUITE_086.run(TS_SMOKE_SUITE_086:48)
	at com.kms.katalon.core.main.ScriptEngine.run(ScriptEngine.java:194)
	at com.kms.katalon.core.main.ScriptEngine.runScriptAsRawText(ScriptEngine.java:119)
	at com.kms.katalon.core.main.TestCaseExecutor.runScript(TestCaseExecutor.java:448)
	at com.kms.katalon.core.main.TestCaseExecutor.doExecute(TestCaseExecutor.java:439)
	at com.kms.katalon.core.main.TestCaseExecutor.processExecutionPhase(TestCaseExecutor.java:418)
	at com.kms.katalon.core.main.TestCaseExecutor.accessMainPhase(TestCaseExecutor.java:410)
	at com.kms.katalon.core.main.TestCaseExecutor.execute(TestCaseExecutor.java:285)
	at com.kms.katalon.core.common.CommonExecutor.accessTestCaseMainPhase(CommonExecutor.java:65)
	at com.kms.katalon.core.main.TestSuiteExecutor.accessTestSuiteMainPhase(TestSuiteExecutor.java:148)
	at com.kms.katalon.core.main.TestSuiteExecutor.execute(TestSuiteExecutor.java:106)
	at com.kms.katalon.core.main.TestCaseMain.startTestSuite(TestCaseMain.java:187)
	at com.kms.katalon.core.main.TestCaseMain$startTestSuite$0.call(Unknown Source)
	at TempTestSuite1692874420462.run(TempTestSuite1692874420462.groovy:36)
Caused by: com.kms.katalon.core.exception.StepFailedException: Unable to click on object 'Object Repository/HomePage/Iniciar sesion'
	at com.kms.katalon.core.webui.keyword.internal.WebUIKeywordMain.stepFailed(WebUIKeywordMain.groovy:64)
	at com.kms.katalon.core.webui.keyword.internal.WebUIKeywordMain.runKeyword(WebUIKeywordMain.groovy:26)
	at com.kms.katalon.core.webui.keyword.builtin.ClickKeyword.click(ClickKeyword.groovy:74)
	at com.kms.katalon.core.webui.keyword.builtin.ClickKeyword.execute(ClickKeyword.groovy:40)
	at com.kms.katalon.core.keyword.internal.KeywordExecutor.executeKeywordForPlatform(KeywordExecutor.groovy:74)
	at com.kms.katalon.core.webui.keyword.WebUiBuiltInKeywords.click(WebUiBuiltInKeywords.groovy:620)
	at com.kms.katalon.core.webui.keyword.WebUiBuiltInKeywords$click$2.call(Unknown Source)
	at login_odtaqab.run(login_odtaqab:20)
	at com.kms.katalon.core.main.ScriptEngine.run(ScriptEngine.java:194)
	at com.kms.katalon.core.main.ScriptEngine.runScriptAsRawText(ScriptEngine.java:119)
	at com.kms.katalon.core.main.TestCaseExecutor.runScript(TestCaseExecutor.java:448)
	at com.kms.katalon.core.main.TestCaseExecutor.doExecute(TestCaseExecutor.java:439)
	at com.kms.katalon.core.main.TestCaseExecutor.processExecutionPhase(TestCaseExecutor.java:418)
	at com.kms.katalon.core.main.TestCaseExecutor.accessMainPhase(TestCaseExecutor.java:410)
	at com.kms.katalon.core.main.TestCaseExecutor.execute(TestCaseExecutor.java:285)
	at com.kms.katalon.core.main.TestCaseMain.runTestCase(TestCaseMain.java:144)
	at com.kms.katalon.core.keyword.builtin.CallTestCaseKeyword$_callTestCase_closure1.doCall(CallTestCaseKeyword.groovy:59)
	... 20 more
Caused by: com.kms.katalon.core.webui.exception.WebElementNotFoundException: Web element with id: 'Object Repository/HomePage/Iniciar sesion' located by '(//span[@class='a-header__topLink'])' not found
	at com.kms.katalon.core.webui.common.WebUiCommonHelper.findWebElement(WebUiCommonHelper.java:1381)
	at com.kms.katalon.core.webui.keyword.internal.WebUIAbstractKeyword.findWebElement(WebUIAbstractKeyword.groovy:27)
	at com.kms.katalon.core.webui.keyword.builtin.ClickKeyword$_click_closure1.doCall(ClickKeyword.groovy:65)
	at com.kms.katalon.core.webui.keyword.builtin.ClickKeyword$_click_closure1.call(ClickKeyword.groovy)
	at com.kms.katalon.core.webui.keyword.internal.WebUIKeywordMain.runKeyword(WebUIKeywordMain.groovy:20)
	... 35 more]]></system-err>
      </testcase>
      <testcase name="Test Cases/Checkout/TS_SMOKE_SUITE_087" time="193.571" classname="Test Cases/Checkout/TS_SMOKE_SUITE_087" status="PASSED">
         <system-out><![CDATA[2023-08-24 17:51:52 - [TEST_CASE][PASSED] - Test Cases/Checkout/TS_SMOKE_SUITE_087: Test Cases/Checkout/TS_SMOKE_SUITE_087

2023-08-24 17:51:52 - [TEST_STEP][PASSED] - openBrowser(""): Browser is opened with url: ''

2023-08-24 17:51:52 - [MESSAGE][WARNING] - A browser is already opened. Closing browser and opening a new one

2023-08-24 17:51:53 - [MESSAGE][INFO] - Starting 'Chrome' driver

2023-08-24 17:51:53 - [MESSAGE][INFO] - Action delay is set to 0 milliseconds

2023-08-24 17:51:54 - [MESSAGE][PASSED] - Browser is opened with url: ''

2023-08-24 17:51:54 - [TEST_STEP][PASSED] - navigateToUrl(URL): Navigate to 'https://odtaqaa.liverpool.com.mx/tienda/home' successfully

2023-08-24 17:52:39 - [MESSAGE][PASSED] - Navigate to 'https://odtaqaa.liverpool.com.mx/tienda/home' successfully

2023-08-24 17:52:39 - [TEST_STEP][PASSED] - maximizeWindow(): Current window maximized

2023-08-24 17:52:39 - [MESSAGE][PASSED] - Current window maximized

2023-08-24 17:52:39 - [TEST_STEP][PASSED] - click(findTestObject("HomePage/Iniciar sesion")): Object: 'Object Repository/HomePage/Iniciar sesion' is clicked on

2023-08-24 17:52:40 - [MESSAGE][PASSED] - Object: 'Object Repository/HomePage/Iniciar sesion' is clicked on

2023-08-24 17:52:40 - [TEST_STEP][PASSED] - callTestCase(findTestCase("CommonMethods/login_odtaqab"), [:], STOP_ON_FAILURE): Call Test Case 'Test Cases/CommonMethods/login_odtaqab' successfully

2023-08-24 17:52:40 - [TEST_CASE][PASSED] - Test Cases/CommonMethods/login_odtaqab: Test Cases/CommonMethods/login_odtaqab

2023-08-24 17:52:40 - [TEST_STEP][PASSED] - click(findTestObject("HomePage/Iniciar sesion")): Object: 'Object Repository/HomePage/Iniciar sesion' is clicked on

2023-08-24 17:52:41 - [MESSAGE][PASSED] - Object: 'Object Repository/HomePage/Iniciar sesion' is clicked on

2023-08-24 17:52:41 - [TEST_STEP][PASSED] - enhancedClick(findTestObject("HomePage/EnterUsername_LP")): Object: 'Object Repository/HomePage/EnterUsername_LP' is clicked on

2023-08-24 17:52:55 - [MESSAGE][PASSED] - Object: 'Object Repository/HomePage/EnterUsername_LP' is clicked on

2023-08-24 17:52:55 - [TEST_STEP][PASSED] - setText(findTestObject("HomePage/EnterUsername_LP"), username): Text 'hcheruvu29@digisprint.com' is set on object 'Object Repository/HomePage/EnterUsername_LP'

2023-08-24 17:52:56 - [MESSAGE][PASSED] - Text 'hcheruvu29@digisprint.com' is set on object 'Object Repository/HomePage/EnterUsername_LP'

2023-08-24 17:52:56 - [TEST_STEP][PASSED] - delay(2): Delayed 2 second(s)

2023-08-24 17:52:58 - [MESSAGE][PASSED] - Delayed 2 second(s)

2023-08-24 17:52:58 - [TEST_STEP][PASSED] - enhancedClick(findTestObject("HomePage/EnterPassword_LP")): Object: 'Object Repository/HomePage/EnterPassword_LP' is clicked on

2023-08-24 17:52:58 - [MESSAGE][PASSED] - Object: 'Object Repository/HomePage/EnterPassword_LP' is clicked on

2023-08-24 17:52:58 - [TEST_STEP][PASSED] - delay(2): Delayed 2 second(s)

2023-08-24 17:53:00 - [MESSAGE][PASSED] - Delayed 2 second(s)

2023-08-24 17:53:00 - [TEST_STEP][PASSED] - setText(findTestObject("HomePage/EnterPassword_LP"), password): Text 'Test@12345' is set on object 'Object Repository/HomePage/EnterPassword_LP'

2023-08-24 17:53:01 - [MESSAGE][PASSED] - Text 'Test@12345' is set on object 'Object Repository/HomePage/EnterPassword_LP'

2023-08-24 17:53:01 - [TEST_STEP][PASSED] - click(findTestObject("HomePage/inciar")): Object: 'Object Repository/HomePage/inciar' is clicked on

2023-08-24 17:53:24 - [MESSAGE][PASSED] - Object: 'Object Repository/HomePage/inciar' is clicked on

2023-08-24 17:53:24 - [MESSAGE][PASSED] - Call Test Case 'Test Cases/CommonMethods/login_odtaqab' successfully

2023-08-24 17:53:24 - [TEST_STEP][PASSED] - callTestCase(findTestCase("CommonMethods/SearchForAProduct_search"), ["searchTerm":SLProduct], STOP_ON_FAILURE): Call Test Case 'Test Cases/CommonMethods/SearchForAProduct_search' successfully

2023-08-24 17:53:24 - [TEST_CASE][PASSED] - Test Cases/CommonMethods/SearchForAProduct_search: Test Cases/CommonMethods/SearchForAProduct_search

2023-08-24 17:53:24 - [TEST_STEP][PASSED] - click(findTestObject("HomePage/Buscar1"), STOP_ON_FAILURE): Object: 'Object Repository/HomePage/Buscar1' is clicked on

2023-08-24 17:53:31 - [MESSAGE][PASSED] - Object: 'Object Repository/HomePage/Buscar1' is clicked on

2023-08-24 17:53:31 - [TEST_STEP][PASSED] - delay(3): Delayed 3 second(s)

2023-08-24 17:53:34 - [MESSAGE][PASSED] - Delayed 3 second(s)

2023-08-24 17:53:34 - [TEST_STEP][PASSED] - setText(findTestObject("HomePage/Buscar1"), searchTerm): Text 'vaso' is set on object 'Object Repository/HomePage/Buscar1'

2023-08-24 17:53:35 - [MESSAGE][PASSED] - Text 'vaso' is set on object 'Object Repository/HomePage/Buscar1'

2023-08-24 17:53:35 - [TEST_STEP][PASSED] - delay(3): Delayed 3 second(s)

2023-08-24 17:53:38 - [MESSAGE][PASSED] - Delayed 3 second(s)

2023-08-24 17:53:38 - [TEST_STEP][PASSED] - sendKeys(findTestObject("HomePage/Seach_TextBox_hp"), Keys.chord(ENTER)): Keys 'ENTER + ' sent to object: 'Object Repository/HomePage/Seach_TextBox_hp'

2023-08-24 17:53:41 - [MESSAGE][PASSED] - Keys 'ENTER + ' sent to object: 'Object Repository/HomePage/Seach_TextBox_hp'

2023-08-24 17:53:41 - [MESSAGE][PASSED] - Call Test Case 'Test Cases/CommonMethods/SearchForAProduct_search' successfully

2023-08-24 17:53:41 - [TEST_STEP][PASSED] - click(findTestObject("PLPPage/product2_cardPrice_PLP"), OPTIONAL): Object: 'Object Repository/PLPPage/product2_cardPrice_PLP' is clicked on

2023-08-24 17:54:21 - [MESSAGE][PASSED] - Object: 'Object Repository/PLPPage/product2_cardPrice_PLP' is clicked on

2023-08-24 17:54:21 - [TEST_STEP][PASSED] - click(findTestObject("PDPPage/AddToCart_PDP")): Object: 'Object Repository/PDPPage/AddToCart_PDP' is clicked on

2023-08-24 17:54:35 - [MESSAGE][PASSED] - Object: 'Object Repository/PDPPage/AddToCart_PDP' is clicked on

2023-08-24 17:54:35 - [TEST_STEP][PASSED] - click(findTestObject("HomePage/bag_header_HP")): Object: 'Object Repository/HomePage/bag_header_HP' is clicked on

2023-08-24 17:54:39 - [MESSAGE][PASSED] - Object: 'Object Repository/HomePage/bag_header_HP' is clicked on

2023-08-24 17:54:39 - [TEST_STEP][PASSED] - click(findTestObject("CartPage/BuyButton_Cart")): Object: 'Object Repository/CartPage/BuyButton_Cart' is clicked on

2023-08-24 17:54:43 - [MESSAGE][PASSED] - Object: 'Object Repository/CartPage/BuyButton_Cart' is clicked on

2023-08-24 17:54:43 - [TEST_STEP][PASSED] - click(findTestObject("OPCPage/paymentMethod_change_OPC"), OPTIONAL): Object: 'Object Repository/OPCPage/paymentMethod_change_OPC' is clicked on

2023-08-24 17:54:52 - [MESSAGE][PASSED] - Object: 'Object Repository/OPCPage/paymentMethod_change_OPC' is clicked on

2023-08-24 17:54:52 - [TEST_STEP][PASSED] - click(findTestObject("OPCPage/paymentMethod_button1_OPC"), OPTIONAL): Object: 'Object Repository/OPCPage/paymentMethod_button1_OPC' is clicked on

2023-08-24 17:54:53 - [MESSAGE][PASSED] - Object: 'Object Repository/OPCPage/paymentMethod_button1_OPC' is clicked on

2023-08-24 17:54:53 - [TEST_STEP][PASSED] - setText(findTestObject("OPCPage/enterCardCVV_OPC"), "413", OPTIONAL): Text '413' is set on object 'Object Repository/OPCPage/enterCardCVV_OPC'

2023-08-24 17:54:54 - [MESSAGE][PASSED] - Text '413' is set on object 'Object Repository/OPCPage/enterCardCVV_OPC'

2023-08-24 17:54:54 - [TEST_STEP][PASSED] - setText(findTestObject("OPCPage/enterCardExpire_OPC"), "1225", OPTIONAL): Text '1225' is set on object 'Object Repository/OPCPage/enterCardExpire_OPC'

2023-08-24 17:54:55 - [MESSAGE][PASSED] - Text '1225' is set on object 'Object Repository/OPCPage/enterCardExpire_OPC'

2023-08-24 17:54:55 - [TEST_STEP][PASSED] - click(findTestObject("OPCPage/cardContinue_checkout_popUP"), OPTIONAL): Object: 'Object Repository/OPCPage/cardContinue_checkout_popUP' is clicked on

2023-08-24 17:54:55 - [MESSAGE][PASSED] - Object: 'Object Repository/OPCPage/cardContinue_checkout_popUP' is clicked on

2023-08-24 17:54:55 - [TEST_STEP][PASSED] - click(findTestObject("OPCPage/Final_comparar_OPC")): Object: 'Object Repository/OPCPage/Final_comparar_OPC' is clicked on

2023-08-24 17:54:58 - [MESSAGE][PASSED] - Object: 'Object Repository/OPCPage/Final_comparar_OPC' is clicked on

2023-08-24 17:54:58 - [TEST_STEP][PASSED] - verifyElementPresent(findTestObject("OPCPage/ConfirmOrder_Checkout"), 0): Object 'Object Repository/OPCPage/ConfirmOrder_Checkout' is present

2023-08-24 17:54:58 - [MESSAGE][WARNING] - Timeout '0' is invalid. Using default page load timeout: '30'

2023-08-24 17:55:04 - [MESSAGE][PASSED] - Object 'Object Repository/OPCPage/ConfirmOrder_Checkout' is present

2023-08-24 17:55:04 - [TEST_STEP][PASSED] - closeBrowser(): Browser is closed

2023-08-24 17:55:05 - [MESSAGE][PASSED] - Browser is closed]]></system-out>
         <system-err><![CDATA[]]></system-err>
      </testcase>
      <testcase name="Test Cases/Checkout/TS_SMOKE_SUITE_088" time="184.697" classname="Test Cases/Checkout/TS_SMOKE_SUITE_088" status="FAILED">
         <failure type="FAILED" message="Test Cases/Checkout/TS_SMOKE_SUITE_088 FAILED.
Reason:
com.kms.katalon.core.exception.StepFailedException: Unable to verify object 'Object Repository/OPCPage/ConfirmOrder_Checkout' is present
	at com.kms.katalon.core.webui.keyword.internal.WebUIKeywordMain.stepFailed(WebUIKeywordMain.groovy:64)
	at com.kms.katalon.core.webui.keyword.internal.WebUIKeywordMain.runKeyword(WebUIKeywordMain.groovy:26)
	at com.kms.katalon.core.webui.keyword.builtin.VerifyElementPresentKeyword.verifyElementPresent(VerifyElementPresentKeyword.groovy:92)
	at com.kms.katalon.core.webui.keyword.builtin.VerifyElementPresentKeyword.execute(VerifyElementPresentKeyword.groovy:68)
	at com.kms.katalon.core.keyword.internal.KeywordExecutor.executeKeywordForPlatform(KeywordExecutor.groovy:74)
	at com.kms.katalon.core.webui.keyword.WebUiBuiltInKeywords.verifyElementPresent(WebUiBuiltInKeywords.groovy:1464)
	at com.kms.katalon.core.webui.keyword.WebUiBuiltInKeywords$verifyElementPresent$5.call(Unknown Source)
	at TS_SMOKE_SUITE_088.run(TS_SMOKE_SUITE_088:47)
	at com.kms.katalon.core.main.ScriptEngine.run(ScriptEngine.java:194)
	at com.kms.katalon.core.main.ScriptEngine.runScriptAsRawText(ScriptEngine.java:119)
	at com.kms.katalon.core.main.TestCaseExecutor.runScript(TestCaseExecutor.java:448)
	at com.kms.katalon.core.main.TestCaseExecutor.doExecute(TestCaseExecutor.java:439)
	at com.kms.katalon.core.main.TestCaseExecutor.processExecutionPhase(TestCaseExecutor.java:418)
	at com.kms.katalon.core.main.TestCaseExecutor.accessMainPhase(TestCaseExecutor.java:410)
	at com.kms.katalon.core.main.TestCaseExecutor.execute(TestCaseExecutor.java:285)
	at com.kms.katalon.core.common.CommonExecutor.accessTestCaseMainPhase(CommonExecutor.java:65)
	at com.kms.katalon.core.main.TestSuiteExecutor.accessTestSuiteMainPhase(TestSuiteExecutor.java:148)
	at com.kms.katalon.core.main.TestSuiteExecutor.execute(TestSuiteExecutor.java:106)
	at com.kms.katalon.core.main.TestCaseMain.startTestSuite(TestCaseMain.java:187)
	at com.kms.katalon.core.main.TestCaseMain$startTestSuite$0.call(Unknown Source)
	at TempTestSuite1692874420462.run(TempTestSuite1692874420462.groovy:36)
Caused by: com.kms.katalon.core.exception.StepFailedException: com.kms.katalon.core.webui.exception.WebElementNotFoundException: Web element with id: 'Object Repository/OPCPage/ConfirmOrder_Checkout' located by '//button[@id='submitForOther']' not found
	at com.kms.katalon.core.webui.keyword.internal.WebUIKeywordMain.stepFailed(WebUIKeywordMain.groovy:64)
	at com.kms.katalon.core.webui.keyword.builtin.VerifyElementPresentKeyword$_verifyElementPresent_closure1.doCall(VerifyElementPresentKeyword.groovy:85)
	at com.kms.katalon.core.webui.keyword.builtin.VerifyElementPresentKeyword$_verifyElementPresent_closure1.call(VerifyElementPresentKeyword.groovy)
	at com.kms.katalon.core.webui.keyword.internal.WebUIKeywordMain.runKeyword(WebUIKeywordMain.groovy:20)
	... 19 more
"/>
         <system-out><![CDATA[2023-08-24 17:55:05 - [TEST_CASE][FAILED] - Test Cases/Checkout/TS_SMOKE_SUITE_088: Test Cases/Checkout/TS_SMOKE_SUITE_088 FAILED.
Reason:
com.kms.katalon.core.exception.StepFailedException: Unable to verify object 'Object Repository/OPCPage/ConfirmOrder_Checkout' is present
	at com.kms.katalon.core.webui.keyword.internal.WebUIKeywordMain.stepFailed(WebUIKeywordMain.groovy:64)
	at com.kms.katalon.core.webui.keyword.internal.WebUIKeywordMain.runKeyword(WebUIKeywordMain.groovy:26)
	at com.kms.katalon.core.webui.keyword.builtin.VerifyElementPresentKeyword.verifyElementPresent(VerifyElementPresentKeyword.groovy:92)
	at com.kms.katalon.core.webui.keyword.builtin.VerifyElementPresentKeyword.execute(VerifyElementPresentKeyword.groovy:68)
	at com.kms.katalon.core.keyword.internal.KeywordExecutor.executeKeywordForPlatform(KeywordExecutor.groovy:74)
	at com.kms.katalon.core.webui.keyword.WebUiBuiltInKeywords.verifyElementPresent(WebUiBuiltInKeywords.groovy:1464)
	at com.kms.katalon.core.webui.keyword.WebUiBuiltInKeywords$verifyElementPresent$5.call(Unknown Source)
	at TS_SMOKE_SUITE_088.run(TS_SMOKE_SUITE_088:47)
	at com.kms.katalon.core.main.ScriptEngine.run(ScriptEngine.java:194)
	at com.kms.katalon.core.main.ScriptEngine.runScriptAsRawText(ScriptEngine.java:119)
	at com.kms.katalon.core.main.TestCaseExecutor.runScript(TestCaseExecutor.java:448)
	at com.kms.katalon.core.main.TestCaseExecutor.doExecute(TestCaseExecutor.java:439)
	at com.kms.katalon.core.main.TestCaseExecutor.processExecutionPhase(TestCaseExecutor.java:418)
	at com.kms.katalon.core.main.TestCaseExecutor.accessMainPhase(TestCaseExecutor.java:410)
	at com.kms.katalon.core.main.TestCaseExecutor.execute(TestCaseExecutor.java:285)
	at com.kms.katalon.core.common.CommonExecutor.accessTestCaseMainPhase(CommonExecutor.java:65)
	at com.kms.katalon.core.main.TestSuiteExecutor.accessTestSuiteMainPhase(TestSuiteExecutor.java:148)
	at com.kms.katalon.core.main.TestSuiteExecutor.execute(TestSuiteExecutor.java:106)
	at com.kms.katalon.core.main.TestCaseMain.startTestSuite(TestCaseMain.java:187)
	at com.kms.katalon.core.main.TestCaseMain$startTestSuite$0.call(Unknown Source)
	at TempTestSuite1692874420462.run(TempTestSuite1692874420462.groovy:36)
Caused by: com.kms.katalon.core.exception.StepFailedException: com.kms.katalon.core.webui.exception.WebElementNotFoundException: Web element with id: 'Object Repository/OPCPage/ConfirmOrder_Checkout' located by '//button[@id='submitForOther']' not found
	at com.kms.katalon.core.webui.keyword.internal.WebUIKeywordMain.stepFailed(WebUIKeywordMain.groovy:64)
	at com.kms.katalon.core.webui.keyword.builtin.VerifyElementPresentKeyword$_verifyElementPresent_closure1.doCall(VerifyElementPresentKeyword.groovy:85)
	at com.kms.katalon.core.webui.keyword.builtin.VerifyElementPresentKeyword$_verifyElementPresent_closure1.call(VerifyElementPresentKeyword.groovy)
	at com.kms.katalon.core.webui.keyword.internal.WebUIKeywordMain.runKeyword(WebUIKeywordMain.groovy:20)
	... 19 more


2023-08-24 17:55:05 - [TEST_STEP][PASSED] - openBrowser(""): Browser is opened with url: ''

2023-08-24 17:55:05 - [MESSAGE][INFO] - Starting 'Chrome' driver

2023-08-24 17:55:05 - [MESSAGE][INFO] - Action delay is set to 0 milliseconds

2023-08-24 17:55:07 - [MESSAGE][PASSED] - Browser is opened with url: ''

2023-08-24 17:55:07 - [TEST_STEP][PASSED] - navigateToUrl(URL): Navigate to 'https://odtaqaa.liverpool.com.mx/tienda/home' successfully

2023-08-24 17:55:52 - [MESSAGE][PASSED] - Navigate to 'https://odtaqaa.liverpool.com.mx/tienda/home' successfully

2023-08-24 17:55:52 - [TEST_STEP][PASSED] - maximizeWindow(): Current window maximized

2023-08-24 17:55:52 - [MESSAGE][PASSED] - Current window maximized

2023-08-24 17:55:52 - [TEST_STEP][PASSED] - click(findTestObject("HomePage/Iniciar sesion")): Object: 'Object Repository/HomePage/Iniciar sesion' is clicked on

2023-08-24 17:55:52 - [MESSAGE][PASSED] - Object: 'Object Repository/HomePage/Iniciar sesion' is clicked on

2023-08-24 17:55:52 - [TEST_STEP][PASSED] - callTestCase(findTestCase("CommonMethods/loginFromHomePage"), ["username":Username, "password":Password], STOP_ON_FAILURE): Call Test Case 'Test Cases/CommonMethods/loginFromHomePage' successfully

2023-08-24 17:55:52 - [TEST_CASE][PASSED] - Test Cases/CommonMethods/loginFromHomePage: Test Cases/CommonMethods/loginFromHomePage

2023-08-24 17:55:52 - [TEST_STEP][PASSED] - delay(3): Delayed 3 second(s)

2023-08-24 17:55:55 - [MESSAGE][PASSED] - Delayed 3 second(s)

2023-08-24 17:55:55 - [TEST_STEP][PASSED] - click(findTestObject("HomePage/EnterUsername_LP")): Object: 'Object Repository/HomePage/EnterUsername_LP' is clicked on

2023-08-24 17:56:08 - [MESSAGE][PASSED] - Object: 'Object Repository/HomePage/EnterUsername_LP' is clicked on

2023-08-24 17:56:08 - [TEST_STEP][PASSED] - setText(findTestObject("HomePage/EnterUsername_LP"), username): Text 'hcheruvu29@digisprint.com' is set on object 'Object Repository/HomePage/EnterUsername_LP'

2023-08-24 17:56:08 - [MESSAGE][PASSED] - Text 'hcheruvu29@digisprint.com' is set on object 'Object Repository/HomePage/EnterUsername_LP'

2023-08-24 17:56:08 - [TEST_STEP][PASSED] - click(findTestObject("HomePage/EnterPassword_LP")): Object: 'Object Repository/HomePage/EnterPassword_LP' is clicked on

2023-08-24 17:56:09 - [MESSAGE][PASSED] - Object: 'Object Repository/HomePage/EnterPassword_LP' is clicked on

2023-08-24 17:56:09 - [TEST_STEP][PASSED] - setText(findTestObject("HomePage/EnterPassword_LP"), password): Text 'Test@12345' is set on object 'Object Repository/HomePage/EnterPassword_LP'

2023-08-24 17:56:09 - [MESSAGE][PASSED] - Text 'Test@12345' is set on object 'Object Repository/HomePage/EnterPassword_LP'

2023-08-24 17:56:09 - [TEST_STEP][PASSED] - click(findTestObject("HomePage/inciar")): Object: 'Object Repository/HomePage/inciar' is clicked on

2023-08-24 17:56:18 - [MESSAGE][PASSED] - Object: 'Object Repository/HomePage/inciar' is clicked on

2023-08-24 17:56:18 - [MESSAGE][PASSED] - Call Test Case 'Test Cases/CommonMethods/loginFromHomePage' successfully

2023-08-24 17:56:18 - [TEST_STEP][PASSED] - click(findTestObject("HomePage/header_Hola_text_HP")): Object: 'Object Repository/HomePage/header_Hola_text_HP' is clicked on

2023-08-24 17:57:07 - [MESSAGE][PASSED] - Object: 'Object Repository/HomePage/header_Hola_text_HP' is clicked on

2023-08-24 17:57:07 - [TEST_STEP][PASSED] - click(findTestObject("HomePage/a_Mis Compras")): Object: 'Object Repository/HomePage/a_Mis Compras' is clicked on

2023-08-24 17:57:07 - [MESSAGE][PASSED] - Object: 'Object Repository/HomePage/a_Mis Compras' is clicked on

2023-08-24 17:57:07 - [TEST_STEP][PASSED] - scrollToElement(findTestObject("AccountManagement/Tiempo_aire_MyAccount"), 0): Scroll to object 'Object Repository/AccountManagement/Tiempo_aire_MyAccount' successfully

2023-08-24 17:57:07 - [MESSAGE][WARNING] - Timeout '0' is invalid. Using default page load timeout: '30'

2023-08-24 17:57:22 - [MESSAGE][PASSED] - Scroll to object 'Object Repository/AccountManagement/Tiempo_aire_MyAccount' successfully

2023-08-24 17:57:22 - [TEST_STEP][PASSED] - click(findTestObject("AccountManagement/Tiempo_aire_MyAccount")): Object: 'Object Repository/AccountManagement/Tiempo_aire_MyAccount' is clicked on

2023-08-24 17:57:34 - [MESSAGE][PASSED] - Object: 'Object Repository/AccountManagement/Tiempo_aire_MyAccount' is clicked on

2023-08-24 17:57:34 - [TEST_STEP][PASSED] - enhancedClick(findTestObject("AccountManagement/ATT/checkbox1_MyAccount")): Object: 'Object Repository/AccountManagement/ATT/checkbox1_MyAccount' is clicked on

2023-08-24 17:57:35 - [MESSAGE][PASSED] - Object: 'Object Repository/AccountManagement/ATT/checkbox1_MyAccount' is clicked on

2023-08-24 17:57:35 - [TEST_STEP][PASSED] - enhancedClick(findTestObject("AccountManagement/ATT/paymentOption1_ATT_card_MyAccount")): Object: 'Object Repository/AccountManagement/ATT/paymentOption1_ATT_card_MyAccount' is clicked on

2023-08-24 17:57:37 - [MESSAGE][PASSED] - Object: 'Object Repository/AccountManagement/ATT/paymentOption1_ATT_card_MyAccount' is clicked on

2023-08-24 17:57:37 - [TEST_STEP][PASSED] - setText(findTestObject("AccountManagement/ATT/card_cvv_ATT_MyAccount"), "805"): Text '805' is set on object 'Object Repository/AccountManagement/ATT/card_cvv_ATT_MyAccount'

2023-08-24 17:57:38 - [MESSAGE][PASSED] - Text '805' is set on object 'Object Repository/AccountManagement/ATT/card_cvv_ATT_MyAccount'

2023-08-24 17:57:38 - [TEST_STEP][PASSED] - click(findTestObject("AccountManagement/ATT/finalize_recharge_MyAccount")): Object: 'Object Repository/AccountManagement/ATT/finalize_recharge_MyAccount' is clicked on

2023-08-24 17:57:38 - [MESSAGE][PASSED] - Object: 'Object Repository/AccountManagement/ATT/finalize_recharge_MyAccount' is clicked on

2023-08-24 17:57:38 - [TEST_STEP][FAILED] - verifyElementPresent(findTestObject("OPCPage/ConfirmOrder_Checkout"), 0): Unable to verify object 'Object Repository/OPCPage/ConfirmOrder_Checkout' is present (Root cause: com.kms.katalon.core.exception.StepFailedException: Unable to verify object 'Object Repository/OPCPage/ConfirmOrder_Checkout' is present
	at com.kms.katalon.core.webui.keyword.internal.WebUIKeywordMain.stepFailed(WebUIKeywordMain.groovy:64)
	at com.kms.katalon.core.webui.keyword.internal.WebUIKeywordMain.runKeyword(WebUIKeywordMain.groovy:26)
	at com.kms.katalon.core.webui.keyword.builtin.VerifyElementPresentKeyword.verifyElementPresent(VerifyElementPresentKeyword.groovy:92)
	at com.kms.katalon.core.webui.keyword.builtin.VerifyElementPresentKeyword.execute(VerifyElementPresentKeyword.groovy:68)
	at com.kms.katalon.core.keyword.internal.KeywordExecutor.executeKeywordForPlatform(KeywordExecutor.groovy:74)
	at com.kms.katalon.core.webui.keyword.WebUiBuiltInKeywords.verifyElementPresent(WebUiBuiltInKeywords.groovy:1464)
	at com.kms.katalon.core.webui.keyword.WebUiBuiltInKeywords$verifyElementPresent$5.call(Unknown Source)
	at TS_SMOKE_SUITE_088.run(TS_SMOKE_SUITE_088:47)
	at com.kms.katalon.core.main.ScriptEngine.run(ScriptEngine.java:194)
	at com.kms.katalon.core.main.ScriptEngine.runScriptAsRawText(ScriptEngine.java:119)
	at com.kms.katalon.core.main.TestCaseExecutor.runScript(TestCaseExecutor.java:448)
	at com.kms.katalon.core.main.TestCaseExecutor.doExecute(TestCaseExecutor.java:439)
	at com.kms.katalon.core.main.TestCaseExecutor.processExecutionPhase(TestCaseExecutor.java:418)
	at com.kms.katalon.core.main.TestCaseExecutor.accessMainPhase(TestCaseExecutor.java:410)
	at com.kms.katalon.core.main.TestCaseExecutor.execute(TestCaseExecutor.java:285)
	at com.kms.katalon.core.common.CommonExecutor.accessTestCaseMainPhase(CommonExecutor.java:65)
	at com.kms.katalon.core.main.TestSuiteExecutor.accessTestSuiteMainPhase(TestSuiteExecutor.java:148)
	at com.kms.katalon.core.main.TestSuiteExecutor.execute(TestSuiteExecutor.java:106)
	at com.kms.katalon.core.main.TestCaseMain.startTestSuite(TestCaseMain.java:187)
	at com.kms.katalon.core.main.TestCaseMain$startTestSuite$0.call(Unknown Source)
	at TempTestSuite1692874420462.run(TempTestSuite1692874420462.groovy:36)
Caused by: com.kms.katalon.core.exception.StepFailedException: com.kms.katalon.core.webui.exception.WebElementNotFoundException: Web element with id: 'Object Repository/OPCPage/ConfirmOrder_Checkout' located by '//button[@id='submitForOther']' not found
	at com.kms.katalon.core.webui.keyword.internal.WebUIKeywordMain.stepFailed(WebUIKeywordMain.groovy:64)
	at com.kms.katalon.core.webui.keyword.builtin.VerifyElementPresentKeyword$_verifyElementPresent_closure1.doCall(VerifyElementPresentKeyword.groovy:85)
	at com.kms.katalon.core.webui.keyword.builtin.VerifyElementPresentKeyword$_verifyElementPresent_closure1.call(VerifyElementPresentKeyword.groovy)
	at com.kms.katalon.core.webui.keyword.internal.WebUIKeywordMain.runKeyword(WebUIKeywordMain.groovy:20)
	... 19 more
)

2023-08-24 17:57:39 - [MESSAGE][WARNING] - Timeout '0' is invalid. Using default page load timeout: '30'

2023-08-24 17:58:10 - [MESSAGE][INFO] - Unable to find the element located by 'By.xpath: //button[@id='submitForOther']'. Please recheck the objects properties to make sure the desired element is located. 

2023-08-24 17:58:10 - [MESSAGE][FAILED] - com.kms.katalon.core.webui.exception.WebElementNotFoundException: Web element with id: 'Object Repository/OPCPage/ConfirmOrder_Checkout' located by '//button[@id='submitForOther']' not found (Root cause: com.kms.katalon.core.exception.StepFailedException: com.kms.katalon.core.webui.exception.WebElementNotFoundException: Web element with id: 'Object Repository/OPCPage/ConfirmOrder_Checkout' located by '//button[@id='submitForOther']' not found
	at com.kms.katalon.core.webui.keyword.internal.WebUIKeywordMain.stepFailed(WebUIKeywordMain.groovy:64)
	at com.kms.katalon.core.webui.keyword.builtin.VerifyElementPresentKeyword$_verifyElementPresent_closure1.doCall(VerifyElementPresentKeyword.groovy:85)
	at com.kms.katalon.core.webui.keyword.builtin.VerifyElementPresentKeyword$_verifyElementPresent_closure1.call(VerifyElementPresentKeyword.groovy)
	at com.kms.katalon.core.webui.keyword.internal.WebUIKeywordMain.runKeyword(WebUIKeywordMain.groovy:20)
	at com.kms.katalon.core.webui.keyword.builtin.VerifyElementPresentKeyword.verifyElementPresent(VerifyElementPresentKeyword.groovy:92)
	at com.kms.katalon.core.webui.keyword.builtin.VerifyElementPresentKeyword.execute(VerifyElementPresentKeyword.groovy:68)
	at com.kms.katalon.core.keyword.internal.KeywordExecutor.executeKeywordForPlatform(KeywordExecutor.groovy:74)
	at com.kms.katalon.core.webui.keyword.WebUiBuiltInKeywords.verifyElementPresent(WebUiBuiltInKeywords.groovy:1464)
	at com.kms.katalon.core.webui.keyword.WebUiBuiltInKeywords$verifyElementPresent$5.call(Unknown Source)
	at TS_SMOKE_SUITE_088.run(TS_SMOKE_SUITE_088:47)
	at com.kms.katalon.core.main.ScriptEngine.run(ScriptEngine.java:194)
	at com.kms.katalon.core.main.ScriptEngine.runScriptAsRawText(ScriptEngine.java:119)
	at com.kms.katalon.core.main.TestCaseExecutor.runScript(TestCaseExecutor.java:448)
	at com.kms.katalon.core.main.TestCaseExecutor.doExecute(TestCaseExecutor.java:439)
	at com.kms.katalon.core.main.TestCaseExecutor.processExecutionPhase(TestCaseExecutor.java:418)
	at com.kms.katalon.core.main.TestCaseExecutor.accessMainPhase(TestCaseExecutor.java:410)
	at com.kms.katalon.core.main.TestCaseExecutor.execute(TestCaseExecutor.java:285)
	at com.kms.katalon.core.common.CommonExecutor.accessTestCaseMainPhase(CommonExecutor.java:65)
	at com.kms.katalon.core.main.TestSuiteExecutor.accessTestSuiteMainPhase(TestSuiteExecutor.java:148)
	at com.kms.katalon.core.main.TestSuiteExecutor.execute(TestSuiteExecutor.java:106)
	at com.kms.katalon.core.main.TestCaseMain.startTestSuite(TestCaseMain.java:187)
	at com.kms.katalon.core.main.TestCaseMain$startTestSuite$0.call(Unknown Source)
	at TempTestSuite1692874420462.run(TempTestSuite1692874420462.groovy:36)
)
[[ATTACHMENT|D:\\backup\\LiverpoolProject_SmokeSuite\\Reports\\20230824_162340\\SmokeSuite_AllModules\\20230824_162340\\1692880090134.png]]

2023-08-24 17:58:10 - [MESSAGE][FAILED] - Unable to verify object 'Object Repository/OPCPage/ConfirmOrder_Checkout' is present (Root cause: com.kms.katalon.core.exception.StepFailedException: Unable to verify object 'Object Repository/OPCPage/ConfirmOrder_Checkout' is present
	at com.kms.katalon.core.webui.keyword.internal.WebUIKeywordMain.stepFailed(WebUIKeywordMain.groovy:64)
	at com.kms.katalon.core.webui.keyword.internal.WebUIKeywordMain.runKeyword(WebUIKeywordMain.groovy:26)
	at com.kms.katalon.core.webui.keyword.builtin.VerifyElementPresentKeyword.verifyElementPresent(VerifyElementPresentKeyword.groovy:92)
	at com.kms.katalon.core.webui.keyword.builtin.VerifyElementPresentKeyword.execute(VerifyElementPresentKeyword.groovy:68)
	at com.kms.katalon.core.keyword.internal.KeywordExecutor.executeKeywordForPlatform(KeywordExecutor.groovy:74)
	at com.kms.katalon.core.webui.keyword.WebUiBuiltInKeywords.verifyElementPresent(WebUiBuiltInKeywords.groovy:1464)
	at com.kms.katalon.core.webui.keyword.WebUiBuiltInKeywords$verifyElementPresent$5.call(Unknown Source)
	at TS_SMOKE_SUITE_088.run(TS_SMOKE_SUITE_088:47)
	at com.kms.katalon.core.main.ScriptEngine.run(ScriptEngine.java:194)
	at com.kms.katalon.core.main.ScriptEngine.runScriptAsRawText(ScriptEngine.java:119)
	at com.kms.katalon.core.main.TestCaseExecutor.runScript(TestCaseExecutor.java:448)
	at com.kms.katalon.core.main.TestCaseExecutor.doExecute(TestCaseExecutor.java:439)
	at com.kms.katalon.core.main.TestCaseExecutor.processExecutionPhase(TestCaseExecutor.java:418)
	at com.kms.katalon.core.main.TestCaseExecutor.accessMainPhase(TestCaseExecutor.java:410)
	at com.kms.katalon.core.main.TestCaseExecutor.execute(TestCaseExecutor.java:285)
	at com.kms.katalon.core.common.CommonExecutor.accessTestCaseMainPhase(CommonExecutor.java:65)
	at com.kms.katalon.core.main.TestSuiteExecutor.accessTestSuiteMainPhase(TestSuiteExecutor.java:148)
	at com.kms.katalon.core.main.TestSuiteExecutor.execute(TestSuiteExecutor.java:106)
	at com.kms.katalon.core.main.TestCaseMain.startTestSuite(TestCaseMain.java:187)
	at com.kms.katalon.core.main.TestCaseMain$startTestSuite$0.call(Unknown Source)
	at TempTestSuite1692874420462.run(TempTestSuite1692874420462.groovy:36)
Caused by: com.kms.katalon.core.exception.StepFailedException: com.kms.katalon.core.webui.exception.WebElementNotFoundException: Web element with id: 'Object Repository/OPCPage/ConfirmOrder_Checkout' located by '//button[@id='submitForOther']' not found
	at com.kms.katalon.core.webui.keyword.internal.WebUIKeywordMain.stepFailed(WebUIKeywordMain.groovy:64)
	at com.kms.katalon.core.webui.keyword.builtin.VerifyElementPresentKeyword$_verifyElementPresent_closure1.doCall(VerifyElementPresentKeyword.groovy:85)
	at com.kms.katalon.core.webui.keyword.builtin.VerifyElementPresentKeyword$_verifyElementPresent_closure1.call(VerifyElementPresentKeyword.groovy)
	at com.kms.katalon.core.webui.keyword.internal.WebUIKeywordMain.runKeyword(WebUIKeywordMain.groovy:20)
	... 19 more
)
[[ATTACHMENT|D:\\backup\\LiverpoolProject_SmokeSuite\\Reports\\20230824_162340\\SmokeSuite_AllModules\\20230824_162340\\1692880090283.png]]]]></system-out>
         <system-err><![CDATA[2023-08-24 17:55:05 - [TEST_CASE][FAILED] - Test Cases/Checkout/TS_SMOKE_SUITE_088: Test Cases/Checkout/TS_SMOKE_SUITE_088 FAILED.
Reason:
com.kms.katalon.core.exception.StepFailedException: Unable to verify object 'Object Repository/OPCPage/ConfirmOrder_Checkout' is present
	at com.kms.katalon.core.webui.keyword.internal.WebUIKeywordMain.stepFailed(WebUIKeywordMain.groovy:64)
	at com.kms.katalon.core.webui.keyword.internal.WebUIKeywordMain.runKeyword(WebUIKeywordMain.groovy:26)
	at com.kms.katalon.core.webui.keyword.builtin.VerifyElementPresentKeyword.verifyElementPresent(VerifyElementPresentKeyword.groovy:92)
	at com.kms.katalon.core.webui.keyword.builtin.VerifyElementPresentKeyword.execute(VerifyElementPresentKeyword.groovy:68)
	at com.kms.katalon.core.keyword.internal.KeywordExecutor.executeKeywordForPlatform(KeywordExecutor.groovy:74)
	at com.kms.katalon.core.webui.keyword.WebUiBuiltInKeywords.verifyElementPresent(WebUiBuiltInKeywords.groovy:1464)
	at com.kms.katalon.core.webui.keyword.WebUiBuiltInKeywords$verifyElementPresent$5.call(Unknown Source)
	at TS_SMOKE_SUITE_088.run(TS_SMOKE_SUITE_088:47)
	at com.kms.katalon.core.main.ScriptEngine.run(ScriptEngine.java:194)
	at com.kms.katalon.core.main.ScriptEngine.runScriptAsRawText(ScriptEngine.java:119)
	at com.kms.katalon.core.main.TestCaseExecutor.runScript(TestCaseExecutor.java:448)
	at com.kms.katalon.core.main.TestCaseExecutor.doExecute(TestCaseExecutor.java:439)
	at com.kms.katalon.core.main.TestCaseExecutor.processExecutionPhase(TestCaseExecutor.java:418)
	at com.kms.katalon.core.main.TestCaseExecutor.accessMainPhase(TestCaseExecutor.java:410)
	at com.kms.katalon.core.main.TestCaseExecutor.execute(TestCaseExecutor.java:285)
	at com.kms.katalon.core.common.CommonExecutor.accessTestCaseMainPhase(CommonExecutor.java:65)
	at com.kms.katalon.core.main.TestSuiteExecutor.accessTestSuiteMainPhase(TestSuiteExecutor.java:148)
	at com.kms.katalon.core.main.TestSuiteExecutor.execute(TestSuiteExecutor.java:106)
	at com.kms.katalon.core.main.TestCaseMain.startTestSuite(TestCaseMain.java:187)
	at com.kms.katalon.core.main.TestCaseMain$startTestSuite$0.call(Unknown Source)
	at TempTestSuite1692874420462.run(TempTestSuite1692874420462.groovy:36)
Caused by: com.kms.katalon.core.exception.StepFailedException: com.kms.katalon.core.webui.exception.WebElementNotFoundException: Web element with id: 'Object Repository/OPCPage/ConfirmOrder_Checkout' located by '//button[@id='submitForOther']' not found
	at com.kms.katalon.core.webui.keyword.internal.WebUIKeywordMain.stepFailed(WebUIKeywordMain.groovy:64)
	at com.kms.katalon.core.webui.keyword.builtin.VerifyElementPresentKeyword$_verifyElementPresent_closure1.doCall(VerifyElementPresentKeyword.groovy:85)
	at com.kms.katalon.core.webui.keyword.builtin.VerifyElementPresentKeyword$_verifyElementPresent_closure1.call(VerifyElementPresentKeyword.groovy)
	at com.kms.katalon.core.webui.keyword.internal.WebUIKeywordMain.runKeyword(WebUIKeywordMain.groovy:20)
	... 19 more]]></system-err>
      </testcase>
      <testcase name="Test Cases/HomePage/TS_SMOKE_SUITE_001" time="52.255" classname="Test Cases/HomePage/TS_SMOKE_SUITE_001" status="PASSED">
         <system-out><![CDATA[2023-08-24 17:58:10 - [TEST_CASE][PASSED] - Test Cases/HomePage/TS_SMOKE_SUITE_001: Test Cases/HomePage/TS_SMOKE_SUITE_001

2023-08-24 17:58:10 - [TEST_STEP][PASSED] - openBrowser(""): Browser is opened with url: ''

2023-08-24 17:58:10 - [MESSAGE][WARNING] - A browser is already opened. Closing browser and opening a new one

2023-08-24 17:58:11 - [MESSAGE][INFO] - Starting 'Chrome' driver

2023-08-24 17:58:11 - [MESSAGE][INFO] - Action delay is set to 0 milliseconds

2023-08-24 17:58:12 - [MESSAGE][PASSED] - Browser is opened with url: ''

2023-08-24 17:58:12 - [TEST_STEP][PASSED] - navigateToUrl(URL): Navigate to 'https://odtaqaa.liverpool.com.mx/tienda/home' successfully

2023-08-24 17:59:00 - [MESSAGE][PASSED] - Navigate to 'https://odtaqaa.liverpool.com.mx/tienda/home' successfully

2023-08-24 17:59:00 - [TEST_STEP][PASSED] - maximizeWindow(): Current window maximized

2023-08-24 17:59:01 - [MESSAGE][PASSED] - Current window maximized

2023-08-24 17:59:01 - [TEST_STEP][PASSED] - verifyElementPresent(findTestObject("HomePage/Logo_hp"), 0): Object 'Object Repository/HomePage/Logo_hp' is present

2023-08-24 17:59:01 - [MESSAGE][WARNING] - Timeout '0' is invalid. Using default page load timeout: '30'

2023-08-24 17:59:01 - [MESSAGE][PASSED] - Object 'Object Repository/HomePage/Logo_hp' is present

2023-08-24 17:59:01 - [TEST_STEP][PASSED] - closeBrowser(): Browser is closed

2023-08-24 17:59:02 - [MESSAGE][PASSED] - Browser is closed]]></system-out>
         <system-err><![CDATA[]]></system-err>
      </testcase>
      <testcase name="Test Cases/HomePage/TS_SMOKE_SUITE_002" time="53.921" classname="Test Cases/HomePage/TS_SMOKE_SUITE_002" status="PASSED">
         <system-out><![CDATA[2023-08-24 17:59:02 - [TEST_CASE][PASSED] - Test Cases/HomePage/TS_SMOKE_SUITE_002: Test Cases/HomePage/TS_SMOKE_SUITE_002

2023-08-24 17:59:02 - [TEST_STEP][PASSED] - openBrowser(""): Browser is opened with url: ''

2023-08-24 17:59:02 - [MESSAGE][INFO] - Starting 'Chrome' driver

2023-08-24 17:59:02 - [MESSAGE][INFO] - Action delay is set to 0 milliseconds

2023-08-24 17:59:04 - [MESSAGE][PASSED] - Browser is opened with url: ''

2023-08-24 17:59:04 - [TEST_STEP][PASSED] - navigateToUrl(URL): Navigate to 'https://odtaqaa.liverpool.com.mx/tienda/home' successfully

2023-08-24 17:59:51 - [MESSAGE][PASSED] - Navigate to 'https://odtaqaa.liverpool.com.mx/tienda/home' successfully

2023-08-24 17:59:51 - [TEST_STEP][PASSED] - maximizeWindow(): Current window maximized

2023-08-24 17:59:51 - [MESSAGE][PASSED] - Current window maximized

2023-08-24 17:59:51 - [TEST_STEP][PASSED] - verifyElementPresent(findTestObject("HomePage/Logo_hp"), 0): Object 'Object Repository/HomePage/Logo_hp' is present

2023-08-24 17:59:51 - [MESSAGE][WARNING] - Timeout '0' is invalid. Using default page load timeout: '30'

2023-08-24 17:59:51 - [MESSAGE][PASSED] - Object 'Object Repository/HomePage/Logo_hp' is present

2023-08-24 17:59:51 - [TEST_STEP][PASSED] - verifyElementPresent(findTestObject("HomePage/Departamentos"), 0): Object 'Object Repository/HomePage/Departamentos' is present

2023-08-24 17:59:51 - [MESSAGE][WARNING] - Timeout '0' is invalid. Using default page load timeout: '30'

2023-08-24 17:59:52 - [MESSAGE][PASSED] - Object 'Object Repository/HomePage/Departamentos' is present

2023-08-24 17:59:52 - [TEST_STEP][PASSED] - verifyElementPresent(findTestObject("HomePage/brand1_HP"), 0): Object 'Object Repository/HomePage/brand1_HP' is present

2023-08-24 17:59:52 - [MESSAGE][WARNING] - Timeout '0' is invalid. Using default page load timeout: '30'

2023-08-24 17:59:52 - [MESSAGE][PASSED] - Object 'Object Repository/HomePage/brand1_HP' is present

2023-08-24 17:59:52 - [TEST_STEP][PASSED] - verifyElementPresent(findTestObject("HomePage/brand2_HP"), 0): Object 'Object Repository/HomePage/brand2_HP' is present

2023-08-24 17:59:52 - [MESSAGE][WARNING] - Timeout '0' is invalid. Using default page load timeout: '30'

2023-08-24 17:59:53 - [MESSAGE][PASSED] - Object 'Object Repository/HomePage/brand2_HP' is present

2023-08-24 17:59:53 - [TEST_STEP][PASSED] - verifyElementPresent(findTestObject("HomePage/brand3_HP"), 0): Object 'Object Repository/HomePage/brand3_HP' is present

2023-08-24 17:59:53 - [MESSAGE][WARNING] - Timeout '0' is invalid. Using default page load timeout: '30'

2023-08-24 17:59:53 - [MESSAGE][PASSED] - Object 'Object Repository/HomePage/brand3_HP' is present

2023-08-24 17:59:53 - [TEST_STEP][PASSED] - verifyElementPresent(findTestObject("HomePage/brand4_HP"), 0): Object 'Object Repository/HomePage/brand4_HP' is present

2023-08-24 17:59:53 - [MESSAGE][WARNING] - Timeout '0' is invalid. Using default page load timeout: '30'

2023-08-24 17:59:53 - [MESSAGE][PASSED] - Object 'Object Repository/HomePage/brand4_HP' is present

2023-08-24 17:59:53 - [TEST_STEP][PASSED] - verifyElementPresent(findTestObject("HomePage/mesa_de_regalos_HP"), 0): Object 'Object Repository/HomePage/mesa_de_regalos_HP' is present

2023-08-24 17:59:53 - [MESSAGE][WARNING] - Timeout '0' is invalid. Using default page load timeout: '30'

2023-08-24 17:59:54 - [MESSAGE][PASSED] - Object 'Object Repository/HomePage/mesa_de_regalos_HP' is present

2023-08-24 17:59:54 - [TEST_STEP][PASSED] - verifyElementPresent(findTestObject("HomePage/credito_HP"), 0): Object 'Object Repository/HomePage/credito_HP' is present

2023-08-24 17:59:54 - [MESSAGE][WARNING] - Timeout '0' is invalid. Using default page load timeout: '30'

2023-08-24 17:59:54 - [MESSAGE][PASSED] - Object 'Object Repository/HomePage/credito_HP' is present

2023-08-24 17:59:54 - [TEST_STEP][PASSED] - verifyElementPresent(findTestObject("HomePage/MainSearchbar_HP"), 0): Object 'Object Repository/HomePage/MainSearchbar_HP' is present

2023-08-24 17:59:54 - [MESSAGE][WARNING] - Timeout '0' is invalid. Using default page load timeout: '30'

2023-08-24 17:59:54 - [MESSAGE][PASSED] - Object 'Object Repository/HomePage/MainSearchbar_HP' is present

2023-08-24 17:59:54 - [TEST_STEP][PASSED] - verifyElementPresent(findTestObject("HomePage/Iniciar sesion"), 0): Object 'Object Repository/HomePage/Iniciar sesion' is present

2023-08-24 17:59:54 - [MESSAGE][WARNING] - Timeout '0' is invalid. Using default page load timeout: '30'

2023-08-24 17:59:54 - [MESSAGE][PASSED] - Object 'Object Repository/HomePage/Iniciar sesion' is present

2023-08-24 17:59:54 - [TEST_STEP][PASSED] - verifyElementPresent(findTestObject("HomePage/Tiendas_HP"), 0): Object 'Object Repository/HomePage/Tiendas_HP' is present

2023-08-24 17:59:54 - [MESSAGE][WARNING] - Timeout '0' is invalid. Using default page load timeout: '30'

2023-08-24 17:59:55 - [MESSAGE][PASSED] - Object 'Object Repository/HomePage/Tiendas_HP' is present

2023-08-24 17:59:55 - [TEST_STEP][PASSED] - verifyElementPresent(findTestObject("HomePage/Mis Compras_hp"), 0): Object 'Object Repository/HomePage/Mis Compras_hp' is present

2023-08-24 17:59:55 - [MESSAGE][WARNING] - Timeout '0' is invalid. Using default page load timeout: '30'

2023-08-24 17:59:55 - [MESSAGE][PASSED] - Object 'Object Repository/HomePage/Mis Compras_hp' is present

2023-08-24 17:59:55 - [TEST_STEP][PASSED] - verifyElementPresent(findTestObject("HomePage/Ayuda_HP"), 0): Object 'Object Repository/HomePage/Ayuda_HP' is present

2023-08-24 17:59:55 - [MESSAGE][WARNING] - Timeout '0' is invalid. Using default page load timeout: '30'

2023-08-24 17:59:55 - [MESSAGE][PASSED] - Object 'Object Repository/HomePage/Ayuda_HP' is present

2023-08-24 17:59:55 - [TEST_STEP][PASSED] - closeBrowser(): Browser is closed

2023-08-24 17:59:56 - [MESSAGE][PASSED] - Browser is closed]]></system-out>
         <system-err><![CDATA[]]></system-err>
      </testcase>
      <testcase name="Test Cases/HomePage/TS_SMOKE_SUITE_003" time="49.634" classname="Test Cases/HomePage/TS_SMOKE_SUITE_003" status="PASSED">
         <system-out><![CDATA[2023-08-24 17:59:56 - [TEST_CASE][PASSED] - Test Cases/HomePage/TS_SMOKE_SUITE_003: Test Cases/HomePage/TS_SMOKE_SUITE_003

2023-08-24 17:59:56 - [TEST_STEP][PASSED] - openBrowser(""): Browser is opened with url: ''

2023-08-24 17:59:56 - [MESSAGE][INFO] - Starting 'Chrome' driver

2023-08-24 17:59:56 - [MESSAGE][INFO] - Action delay is set to 0 milliseconds

2023-08-24 17:59:58 - [MESSAGE][PASSED] - Browser is opened with url: ''

2023-08-24 17:59:58 - [TEST_STEP][PASSED] - navigateToUrl(URL): Navigate to 'https://odtaqaa.liverpool.com.mx/tienda/home' successfully

2023-08-24 18:00:42 - [MESSAGE][PASSED] - Navigate to 'https://odtaqaa.liverpool.com.mx/tienda/home' successfully

2023-08-24 18:00:42 - [TEST_STEP][PASSED] - maximizeWindow(): Current window maximized

2023-08-24 18:00:42 - [MESSAGE][PASSED] - Current window maximized

2023-08-24 18:00:42 - [TEST_STEP][PASSED] - verifyElementPresent(findTestObject("HomePage/Logo_hp"), 0): Object 'Object Repository/HomePage/Logo_hp' is present

2023-08-24 18:00:42 - [MESSAGE][WARNING] - Timeout '0' is invalid. Using default page load timeout: '30'

2023-08-24 18:00:43 - [MESSAGE][PASSED] - Object 'Object Repository/HomePage/Logo_hp' is present

2023-08-24 18:00:43 - [TEST_STEP][PASSED] - mouseOver(findTestObject("HomePage/Departamentos")): Object: 'Object Repository/HomePage/Departamentos' is hovered

2023-08-24 18:00:43 - [MESSAGE][PASSED] - Object: 'Object Repository/HomePage/Departamentos' is hovered

2023-08-24 18:00:43 - [TEST_STEP][PASSED] - verifyElementClickable(findTestObject("HomePage/L1_Category1_HP")): Object 'Object Repository/HomePage/L1_Category1_HP' is clickable

2023-08-24 18:00:44 - [MESSAGE][PASSED] - Object 'Object Repository/HomePage/L1_Category1_HP' is clickable

2023-08-24 18:00:44 - [TEST_STEP][PASSED] - mouseOver(findTestObject("HomePage/L1_Category1_HP")): Object: 'Object Repository/HomePage/L1_Category1_HP' is hovered

2023-08-24 18:00:44 - [MESSAGE][PASSED] - Object: 'Object Repository/HomePage/L1_Category1_HP' is hovered

2023-08-24 18:00:44 - [TEST_STEP][PASSED] - verifyElementClickable(findTestObject("HomePage/L2CategoryInFlyout_HP")): Object 'Object Repository/HomePage/L2CategoryInFlyout_HP' is clickable

2023-08-24 18:00:45 - [MESSAGE][PASSED] - Object 'Object Repository/HomePage/L2CategoryInFlyout_HP' is clickable

2023-08-24 18:00:45 - [TEST_STEP][PASSED] - verifyElementClickable(findTestObject("HomePage/L3CategoriesInFlyout_HP")): Object 'Object Repository/HomePage/L3CategoriesInFlyout_HP' is clickable

2023-08-24 18:00:45 - [MESSAGE][PASSED] - Object 'Object Repository/HomePage/L3CategoriesInFlyout_HP' is clickable

2023-08-24 18:00:45 - [TEST_STEP][PASSED] - closeBrowser(STOP_ON_FAILURE): Browser is closed

2023-08-24 18:00:46 - [MESSAGE][PASSED] - Browser is closed]]></system-out>
         <system-err><![CDATA[]]></system-err>
      </testcase>
      <testcase name="Test Cases/HomePage/TS_SMOKE_SUITE_006" time="121.46" classname="Test Cases/HomePage/TS_SMOKE_SUITE_006" status="FAILED">
         <failure type="FAILED" message="Test Cases/HomePage/TS_SMOKE_SUITE_006 FAILED.
Reason:
com.kms.katalon.core.exception.StepFailedException: Unable to verify object 'Object Repository/HomePage/gr/Find_gift_table_GR' is present
	at com.kms.katalon.core.webui.keyword.internal.WebUIKeywordMain.stepFailed(WebUIKeywordMain.groovy:64)
	at com.kms.katalon.core.webui.keyword.internal.WebUIKeywordMain.runKeyword(WebUIKeywordMain.groovy:26)
	at com.kms.katalon.core.webui.keyword.builtin.VerifyElementPresentKeyword.verifyElementPresent(VerifyElementPresentKeyword.groovy:92)
	at com.kms.katalon.core.webui.keyword.builtin.VerifyElementPresentKeyword.execute(VerifyElementPresentKeyword.groovy:68)
	at com.kms.katalon.core.keyword.internal.KeywordExecutor.executeKeywordForPlatform(KeywordExecutor.groovy:74)
	at com.kms.katalon.core.webui.keyword.WebUiBuiltInKeywords.verifyElementPresent(WebUiBuiltInKeywords.groovy:1464)
	at com.kms.katalon.core.webui.keyword.WebUiBuiltInKeywords$verifyElementPresent$5.call(Unknown Source)
	at TS_SMOKE_SUITE_006.run(TS_SMOKE_SUITE_006:30)
	at com.kms.katalon.core.main.ScriptEngine.run(ScriptEngine.java:194)
	at com.kms.katalon.core.main.ScriptEngine.runScriptAsRawText(ScriptEngine.java:119)
	at com.kms.katalon.core.main.TestCaseExecutor.runScript(TestCaseExecutor.java:448)
	at com.kms.katalon.core.main.TestCaseExecutor.doExecute(TestCaseExecutor.java:439)
	at com.kms.katalon.core.main.TestCaseExecutor.processExecutionPhase(TestCaseExecutor.java:418)
	at com.kms.katalon.core.main.TestCaseExecutor.accessMainPhase(TestCaseExecutor.java:410)
	at com.kms.katalon.core.main.TestCaseExecutor.execute(TestCaseExecutor.java:285)
	at com.kms.katalon.core.common.CommonExecutor.accessTestCaseMainPhase(CommonExecutor.java:65)
	at com.kms.katalon.core.main.TestSuiteExecutor.accessTestSuiteMainPhase(TestSuiteExecutor.java:148)
	at com.kms.katalon.core.main.TestSuiteExecutor.execute(TestSuiteExecutor.java:106)
	at com.kms.katalon.core.main.TestCaseMain.startTestSuite(TestCaseMain.java:187)
	at com.kms.katalon.core.main.TestCaseMain$startTestSuite$0.call(Unknown Source)
	at TempTestSuite1692874420462.run(TempTestSuite1692874420462.groovy:36)
Caused by: com.kms.katalon.core.exception.StepFailedException: com.kms.katalon.core.webui.exception.WebElementNotFoundException: Web element with id: 'Object Repository/HomePage/gr/Find_gift_table_GR' located by '(//button[@class='btnPrimary btnExtraLarge'])[1]' not found
	at com.kms.katalon.core.webui.keyword.internal.WebUIKeywordMain.stepFailed(WebUIKeywordMain.groovy:64)
	at com.kms.katalon.core.webui.keyword.builtin.VerifyElementPresentKeyword$_verifyElementPresent_closure1.doCall(VerifyElementPresentKeyword.groovy:85)
	at com.kms.katalon.core.webui.keyword.builtin.VerifyElementPresentKeyword$_verifyElementPresent_closure1.call(VerifyElementPresentKeyword.groovy)
	at com.kms.katalon.core.webui.keyword.internal.WebUIKeywordMain.runKeyword(WebUIKeywordMain.groovy:20)
	... 19 more
"/>
         <system-out><![CDATA[2023-08-24 18:00:46 - [TEST_CASE][FAILED] - Test Cases/HomePage/TS_SMOKE_SUITE_006: Test Cases/HomePage/TS_SMOKE_SUITE_006 FAILED.
Reason:
com.kms.katalon.core.exception.StepFailedException: Unable to verify object 'Object Repository/HomePage/gr/Find_gift_table_GR' is present
	at com.kms.katalon.core.webui.keyword.internal.WebUIKeywordMain.stepFailed(WebUIKeywordMain.groovy:64)
	at com.kms.katalon.core.webui.keyword.internal.WebUIKeywordMain.runKeyword(WebUIKeywordMain.groovy:26)
	at com.kms.katalon.core.webui.keyword.builtin.VerifyElementPresentKeyword.verifyElementPresent(VerifyElementPresentKeyword.groovy:92)
	at com.kms.katalon.core.webui.keyword.builtin.VerifyElementPresentKeyword.execute(VerifyElementPresentKeyword.groovy:68)
	at com.kms.katalon.core.keyword.internal.KeywordExecutor.executeKeywordForPlatform(KeywordExecutor.groovy:74)
	at com.kms.katalon.core.webui.keyword.WebUiBuiltInKeywords.verifyElementPresent(WebUiBuiltInKeywords.groovy:1464)
	at com.kms.katalon.core.webui.keyword.WebUiBuiltInKeywords$verifyElementPresent$5.call(Unknown Source)
	at TS_SMOKE_SUITE_006.run(TS_SMOKE_SUITE_006:30)
	at com.kms.katalon.core.main.ScriptEngine.run(ScriptEngine.java:194)
	at com.kms.katalon.core.main.ScriptEngine.runScriptAsRawText(ScriptEngine.java:119)
	at com.kms.katalon.core.main.TestCaseExecutor.runScript(TestCaseExecutor.java:448)
	at com.kms.katalon.core.main.TestCaseExecutor.doExecute(TestCaseExecutor.java:439)
	at com.kms.katalon.core.main.TestCaseExecutor.processExecutionPhase(TestCaseExecutor.java:418)
	at com.kms.katalon.core.main.TestCaseExecutor.accessMainPhase(TestCaseExecutor.java:410)
	at com.kms.katalon.core.main.TestCaseExecutor.execute(TestCaseExecutor.java:285)
	at com.kms.katalon.core.common.CommonExecutor.accessTestCaseMainPhase(CommonExecutor.java:65)
	at com.kms.katalon.core.main.TestSuiteExecutor.accessTestSuiteMainPhase(TestSuiteExecutor.java:148)
	at com.kms.katalon.core.main.TestSuiteExecutor.execute(TestSuiteExecutor.java:106)
	at com.kms.katalon.core.main.TestCaseMain.startTestSuite(TestCaseMain.java:187)
	at com.kms.katalon.core.main.TestCaseMain$startTestSuite$0.call(Unknown Source)
	at TempTestSuite1692874420462.run(TempTestSuite1692874420462.groovy:36)
Caused by: com.kms.katalon.core.exception.StepFailedException: com.kms.katalon.core.webui.exception.WebElementNotFoundException: Web element with id: 'Object Repository/HomePage/gr/Find_gift_table_GR' located by '(//button[@class='btnPrimary btnExtraLarge'])[1]' not found
	at com.kms.katalon.core.webui.keyword.internal.WebUIKeywordMain.stepFailed(WebUIKeywordMain.groovy:64)
	at com.kms.katalon.core.webui.keyword.builtin.VerifyElementPresentKeyword$_verifyElementPresent_closure1.doCall(VerifyElementPresentKeyword.groovy:85)
	at com.kms.katalon.core.webui.keyword.builtin.VerifyElementPresentKeyword$_verifyElementPresent_closure1.call(VerifyElementPresentKeyword.groovy)
	at com.kms.katalon.core.webui.keyword.internal.WebUIKeywordMain.runKeyword(WebUIKeywordMain.groovy:20)
	... 19 more


2023-08-24 18:00:46 - [TEST_STEP][PASSED] - openBrowser(""): Browser is opened with url: ''

2023-08-24 18:00:46 - [MESSAGE][INFO] - Starting 'Chrome' driver

2023-08-24 18:00:46 - [MESSAGE][INFO] - Action delay is set to 0 milliseconds

2023-08-24 18:00:47 - [MESSAGE][PASSED] - Browser is opened with url: ''

2023-08-24 18:00:47 - [TEST_STEP][PASSED] - navigateToUrl(URL): Navigate to 'https://odtaqaa.liverpool.com.mx/tienda/home' successfully

2023-08-24 18:01:49 - [MESSAGE][PASSED] - Navigate to 'https://odtaqaa.liverpool.com.mx/tienda/home' successfully

2023-08-24 18:01:49 - [TEST_STEP][PASSED] - maximizeWindow(): Current window maximized

2023-08-24 18:01:49 - [MESSAGE][PASSED] - Current window maximized

2023-08-24 18:01:49 - [TEST_STEP][PASSED] - verifyElementClickable(findTestObject("HomePage/Mesa de regalos_HP")): Object 'Object Repository/HomePage/Mesa de regalos_HP' is clickable

2023-08-24 18:01:50 - [MESSAGE][PASSED] - Object 'Object Repository/HomePage/Mesa de regalos_HP' is clickable

2023-08-24 18:01:50 - [TEST_STEP][PASSED] - click(findTestObject("HomePage/Mesa de regalos_HP")): Object: 'Object Repository/HomePage/Mesa de regalos_HP' is clicked on

2023-08-24 18:02:16 - [MESSAGE][PASSED] - Object: 'Object Repository/HomePage/Mesa de regalos_HP' is clicked on

2023-08-24 18:02:16 - [TEST_STEP][FAILED] - verifyElementPresent(findTestObject("HomePage/gr/Find_gift_table_GR"), 0): Unable to verify object 'Object Repository/HomePage/gr/Find_gift_table_GR' is present (Root cause: com.kms.katalon.core.exception.StepFailedException: Unable to verify object 'Object Repository/HomePage/gr/Find_gift_table_GR' is present
	at com.kms.katalon.core.webui.keyword.internal.WebUIKeywordMain.stepFailed(WebUIKeywordMain.groovy:64)
	at com.kms.katalon.core.webui.keyword.internal.WebUIKeywordMain.runKeyword(WebUIKeywordMain.groovy:26)
	at com.kms.katalon.core.webui.keyword.builtin.VerifyElementPresentKeyword.verifyElementPresent(VerifyElementPresentKeyword.groovy:92)
	at com.kms.katalon.core.webui.keyword.builtin.VerifyElementPresentKeyword.execute(VerifyElementPresentKeyword.groovy:68)
	at com.kms.katalon.core.keyword.internal.KeywordExecutor.executeKeywordForPlatform(KeywordExecutor.groovy:74)
	at com.kms.katalon.core.webui.keyword.WebUiBuiltInKeywords.verifyElementPresent(WebUiBuiltInKeywords.groovy:1464)
	at com.kms.katalon.core.webui.keyword.WebUiBuiltInKeywords$verifyElementPresent$5.call(Unknown Source)
	at TS_SMOKE_SUITE_006.run(TS_SMOKE_SUITE_006:30)
	at com.kms.katalon.core.main.ScriptEngine.run(ScriptEngine.java:194)
	at com.kms.katalon.core.main.ScriptEngine.runScriptAsRawText(ScriptEngine.java:119)
	at com.kms.katalon.core.main.TestCaseExecutor.runScript(TestCaseExecutor.java:448)
	at com.kms.katalon.core.main.TestCaseExecutor.doExecute(TestCaseExecutor.java:439)
	at com.kms.katalon.core.main.TestCaseExecutor.processExecutionPhase(TestCaseExecutor.java:418)
	at com.kms.katalon.core.main.TestCaseExecutor.accessMainPhase(TestCaseExecutor.java:410)
	at com.kms.katalon.core.main.TestCaseExecutor.execute(TestCaseExecutor.java:285)
	at com.kms.katalon.core.common.CommonExecutor.accessTestCaseMainPhase(CommonExecutor.java:65)
	at com.kms.katalon.core.main.TestSuiteExecutor.accessTestSuiteMainPhase(TestSuiteExecutor.java:148)
	at com.kms.katalon.core.main.TestSuiteExecutor.execute(TestSuiteExecutor.java:106)
	at com.kms.katalon.core.main.TestCaseMain.startTestSuite(TestCaseMain.java:187)
	at com.kms.katalon.core.main.TestCaseMain$startTestSuite$0.call(Unknown Source)
	at TempTestSuite1692874420462.run(TempTestSuite1692874420462.groovy:36)
Caused by: com.kms.katalon.core.exception.StepFailedException: com.kms.katalon.core.webui.exception.WebElementNotFoundException: Web element with id: 'Object Repository/HomePage/gr/Find_gift_table_GR' located by '(//button[@class='btnPrimary btnExtraLarge'])[1]' not found
	at com.kms.katalon.core.webui.keyword.internal.WebUIKeywordMain.stepFailed(WebUIKeywordMain.groovy:64)
	at com.kms.katalon.core.webui.keyword.builtin.VerifyElementPresentKeyword$_verifyElementPresent_closure1.doCall(VerifyElementPresentKeyword.groovy:85)
	at com.kms.katalon.core.webui.keyword.builtin.VerifyElementPresentKeyword$_verifyElementPresent_closure1.call(VerifyElementPresentKeyword.groovy)
	at com.kms.katalon.core.webui.keyword.internal.WebUIKeywordMain.runKeyword(WebUIKeywordMain.groovy:20)
	... 19 more
)

2023-08-24 18:02:16 - [MESSAGE][WARNING] - Timeout '0' is invalid. Using default page load timeout: '30'

2023-08-24 18:02:47 - [MESSAGE][INFO] - Unable to find the element located by 'By.xpath: (//button[@class='btnPrimary btnExtraLarge'])[1]'. Please recheck the objects properties to make sure the desired element is located. 

2023-08-24 18:02:47 - [MESSAGE][FAILED] - com.kms.katalon.core.webui.exception.WebElementNotFoundException: Web element with id: 'Object Repository/HomePage/gr/Find_gift_table_GR' located by '(//button[@class='btnPrimary btnExtraLarge'])[1]' not found (Root cause: com.kms.katalon.core.exception.StepFailedException: com.kms.katalon.core.webui.exception.WebElementNotFoundException: Web element with id: 'Object Repository/HomePage/gr/Find_gift_table_GR' located by '(//button[@class='btnPrimary btnExtraLarge'])[1]' not found
	at com.kms.katalon.core.webui.keyword.internal.WebUIKeywordMain.stepFailed(WebUIKeywordMain.groovy:64)
	at com.kms.katalon.core.webui.keyword.builtin.VerifyElementPresentKeyword$_verifyElementPresent_closure1.doCall(VerifyElementPresentKeyword.groovy:85)
	at com.kms.katalon.core.webui.keyword.builtin.VerifyElementPresentKeyword$_verifyElementPresent_closure1.call(VerifyElementPresentKeyword.groovy)
	at com.kms.katalon.core.webui.keyword.internal.WebUIKeywordMain.runKeyword(WebUIKeywordMain.groovy:20)
	at com.kms.katalon.core.webui.keyword.builtin.VerifyElementPresentKeyword.verifyElementPresent(VerifyElementPresentKeyword.groovy:92)
	at com.kms.katalon.core.webui.keyword.builtin.VerifyElementPresentKeyword.execute(VerifyElementPresentKeyword.groovy:68)
	at com.kms.katalon.core.keyword.internal.KeywordExecutor.executeKeywordForPlatform(KeywordExecutor.groovy:74)
	at com.kms.katalon.core.webui.keyword.WebUiBuiltInKeywords.verifyElementPresent(WebUiBuiltInKeywords.groovy:1464)
	at com.kms.katalon.core.webui.keyword.WebUiBuiltInKeywords$verifyElementPresent$5.call(Unknown Source)
	at TS_SMOKE_SUITE_006.run(TS_SMOKE_SUITE_006:30)
	at com.kms.katalon.core.main.ScriptEngine.run(ScriptEngine.java:194)
	at com.kms.katalon.core.main.ScriptEngine.runScriptAsRawText(ScriptEngine.java:119)
	at com.kms.katalon.core.main.TestCaseExecutor.runScript(TestCaseExecutor.java:448)
	at com.kms.katalon.core.main.TestCaseExecutor.doExecute(TestCaseExecutor.java:439)
	at com.kms.katalon.core.main.TestCaseExecutor.processExecutionPhase(TestCaseExecutor.java:418)
	at com.kms.katalon.core.main.TestCaseExecutor.accessMainPhase(TestCaseExecutor.java:410)
	at com.kms.katalon.core.main.TestCaseExecutor.execute(TestCaseExecutor.java:285)
	at com.kms.katalon.core.common.CommonExecutor.accessTestCaseMainPhase(CommonExecutor.java:65)
	at com.kms.katalon.core.main.TestSuiteExecutor.accessTestSuiteMainPhase(TestSuiteExecutor.java:148)
	at com.kms.katalon.core.main.TestSuiteExecutor.execute(TestSuiteExecutor.java:106)
	at com.kms.katalon.core.main.TestCaseMain.startTestSuite(TestCaseMain.java:187)
	at com.kms.katalon.core.main.TestCaseMain$startTestSuite$0.call(Unknown Source)
	at TempTestSuite1692874420462.run(TempTestSuite1692874420462.groovy:36)
)
[[ATTACHMENT|D:\\backup\\LiverpoolProject_SmokeSuite\\Reports\\20230824_162340\\SmokeSuite_AllModules\\20230824_162340\\1692880367440.png]]

2023-08-24 18:02:47 - [MESSAGE][FAILED] - Unable to verify object 'Object Repository/HomePage/gr/Find_gift_table_GR' is present (Root cause: com.kms.katalon.core.exception.StepFailedException: Unable to verify object 'Object Repository/HomePage/gr/Find_gift_table_GR' is present
	at com.kms.katalon.core.webui.keyword.internal.WebUIKeywordMain.stepFailed(WebUIKeywordMain.groovy:64)
	at com.kms.katalon.core.webui.keyword.internal.WebUIKeywordMain.runKeyword(WebUIKeywordMain.groovy:26)
	at com.kms.katalon.core.webui.keyword.builtin.VerifyElementPresentKeyword.verifyElementPresent(VerifyElementPresentKeyword.groovy:92)
	at com.kms.katalon.core.webui.keyword.builtin.VerifyElementPresentKeyword.execute(VerifyElementPresentKeyword.groovy:68)
	at com.kms.katalon.core.keyword.internal.KeywordExecutor.executeKeywordForPlatform(KeywordExecutor.groovy:74)
	at com.kms.katalon.core.webui.keyword.WebUiBuiltInKeywords.verifyElementPresent(WebUiBuiltInKeywords.groovy:1464)
	at com.kms.katalon.core.webui.keyword.WebUiBuiltInKeywords$verifyElementPresent$5.call(Unknown Source)
	at TS_SMOKE_SUITE_006.run(TS_SMOKE_SUITE_006:30)
	at com.kms.katalon.core.main.ScriptEngine.run(ScriptEngine.java:194)
	at com.kms.katalon.core.main.ScriptEngine.runScriptAsRawText(ScriptEngine.java:119)
	at com.kms.katalon.core.main.TestCaseExecutor.runScript(TestCaseExecutor.java:448)
	at com.kms.katalon.core.main.TestCaseExecutor.doExecute(TestCaseExecutor.java:439)
	at com.kms.katalon.core.main.TestCaseExecutor.processExecutionPhase(TestCaseExecutor.java:418)
	at com.kms.katalon.core.main.TestCaseExecutor.accessMainPhase(TestCaseExecutor.java:410)
	at com.kms.katalon.core.main.TestCaseExecutor.execute(TestCaseExecutor.java:285)
	at com.kms.katalon.core.common.CommonExecutor.accessTestCaseMainPhase(CommonExecutor.java:65)
	at com.kms.katalon.core.main.TestSuiteExecutor.accessTestSuiteMainPhase(TestSuiteExecutor.java:148)
	at com.kms.katalon.core.main.TestSuiteExecutor.execute(TestSuiteExecutor.java:106)
	at com.kms.katalon.core.main.TestCaseMain.startTestSuite(TestCaseMain.java:187)
	at com.kms.katalon.core.main.TestCaseMain$startTestSuite$0.call(Unknown Source)
	at TempTestSuite1692874420462.run(TempTestSuite1692874420462.groovy:36)
Caused by: com.kms.katalon.core.exception.StepFailedException: com.kms.katalon.core.webui.exception.WebElementNotFoundException: Web element with id: 'Object Repository/HomePage/gr/Find_gift_table_GR' located by '(//button[@class='btnPrimary btnExtraLarge'])[1]' not found
	at com.kms.katalon.core.webui.keyword.internal.WebUIKeywordMain.stepFailed(WebUIKeywordMain.groovy:64)
	at com.kms.katalon.core.webui.keyword.builtin.VerifyElementPresentKeyword$_verifyElementPresent_closure1.doCall(VerifyElementPresentKeyword.groovy:85)
	at com.kms.katalon.core.webui.keyword.builtin.VerifyElementPresentKeyword$_verifyElementPresent_closure1.call(VerifyElementPresentKeyword.groovy)
	at com.kms.katalon.core.webui.keyword.internal.WebUIKeywordMain.runKeyword(WebUIKeywordMain.groovy:20)
	... 19 more
)
[[ATTACHMENT|D:\\backup\\LiverpoolProject_SmokeSuite\\Reports\\20230824_162340\\SmokeSuite_AllModules\\20230824_162340\\1692880367570.png]]]]></system-out>
         <system-err><![CDATA[2023-08-24 18:00:46 - [TEST_CASE][FAILED] - Test Cases/HomePage/TS_SMOKE_SUITE_006: Test Cases/HomePage/TS_SMOKE_SUITE_006 FAILED.
Reason:
com.kms.katalon.core.exception.StepFailedException: Unable to verify object 'Object Repository/HomePage/gr/Find_gift_table_GR' is present
	at com.kms.katalon.core.webui.keyword.internal.WebUIKeywordMain.stepFailed(WebUIKeywordMain.groovy:64)
	at com.kms.katalon.core.webui.keyword.internal.WebUIKeywordMain.runKeyword(WebUIKeywordMain.groovy:26)
	at com.kms.katalon.core.webui.keyword.builtin.VerifyElementPresentKeyword.verifyElementPresent(VerifyElementPresentKeyword.groovy:92)
	at com.kms.katalon.core.webui.keyword.builtin.VerifyElementPresentKeyword.execute(VerifyElementPresentKeyword.groovy:68)
	at com.kms.katalon.core.keyword.internal.KeywordExecutor.executeKeywordForPlatform(KeywordExecutor.groovy:74)
	at com.kms.katalon.core.webui.keyword.WebUiBuiltInKeywords.verifyElementPresent(WebUiBuiltInKeywords.groovy:1464)
	at com.kms.katalon.core.webui.keyword.WebUiBuiltInKeywords$verifyElementPresent$5.call(Unknown Source)
	at TS_SMOKE_SUITE_006.run(TS_SMOKE_SUITE_006:30)
	at com.kms.katalon.core.main.ScriptEngine.run(ScriptEngine.java:194)
	at com.kms.katalon.core.main.ScriptEngine.runScriptAsRawText(ScriptEngine.java:119)
	at com.kms.katalon.core.main.TestCaseExecutor.runScript(TestCaseExecutor.java:448)
	at com.kms.katalon.core.main.TestCaseExecutor.doExecute(TestCaseExecutor.java:439)
	at com.kms.katalon.core.main.TestCaseExecutor.processExecutionPhase(TestCaseExecutor.java:418)
	at com.kms.katalon.core.main.TestCaseExecutor.accessMainPhase(TestCaseExecutor.java:410)
	at com.kms.katalon.core.main.TestCaseExecutor.execute(TestCaseExecutor.java:285)
	at com.kms.katalon.core.common.CommonExecutor.accessTestCaseMainPhase(CommonExecutor.java:65)
	at com.kms.katalon.core.main.TestSuiteExecutor.accessTestSuiteMainPhase(TestSuiteExecutor.java:148)
	at com.kms.katalon.core.main.TestSuiteExecutor.execute(TestSuiteExecutor.java:106)
	at com.kms.katalon.core.main.TestCaseMain.startTestSuite(TestCaseMain.java:187)
	at com.kms.katalon.core.main.TestCaseMain$startTestSuite$0.call(Unknown Source)
	at TempTestSuite1692874420462.run(TempTestSuite1692874420462.groovy:36)
Caused by: com.kms.katalon.core.exception.StepFailedException: com.kms.katalon.core.webui.exception.WebElementNotFoundException: Web element with id: 'Object Repository/HomePage/gr/Find_gift_table_GR' located by '(//button[@class='btnPrimary btnExtraLarge'])[1]' not found
	at com.kms.katalon.core.webui.keyword.internal.WebUIKeywordMain.stepFailed(WebUIKeywordMain.groovy:64)
	at com.kms.katalon.core.webui.keyword.builtin.VerifyElementPresentKeyword$_verifyElementPresent_closure1.doCall(VerifyElementPresentKeyword.groovy:85)
	at com.kms.katalon.core.webui.keyword.builtin.VerifyElementPresentKeyword$_verifyElementPresent_closure1.call(VerifyElementPresentKeyword.groovy)
	at com.kms.katalon.core.webui.keyword.internal.WebUIKeywordMain.runKeyword(WebUIKeywordMain.groovy:20)
	... 19 more]]></system-err>
      </testcase>
      <testcase name="Test Cases/HomePage/TS_SMOKE_SUITE_007" time="72.1" classname="Test Cases/HomePage/TS_SMOKE_SUITE_007" status="PASSED">
         <system-out><![CDATA[2023-08-24 18:02:47 - [TEST_CASE][PASSED] - Test Cases/HomePage/TS_SMOKE_SUITE_007: Test Cases/HomePage/TS_SMOKE_SUITE_007

2023-08-24 18:02:47 - [TEST_STEP][PASSED] - openBrowser(""): Browser is opened with url: ''

2023-08-24 18:02:47 - [MESSAGE][WARNING] - A browser is already opened. Closing browser and opening a new one

2023-08-24 18:02:48 - [MESSAGE][INFO] - Starting 'Chrome' driver

2023-08-24 18:02:48 - [MESSAGE][INFO] - Action delay is set to 0 milliseconds

2023-08-24 18:02:50 - [MESSAGE][PASSED] - Browser is opened with url: ''

2023-08-24 18:02:50 - [TEST_STEP][PASSED] - navigateToUrl(URL): Navigate to 'https://odtaqaa.liverpool.com.mx/tienda/home' successfully

2023-08-24 18:03:37 - [MESSAGE][PASSED] - Navigate to 'https://odtaqaa.liverpool.com.mx/tienda/home' successfully

2023-08-24 18:03:37 - [TEST_STEP][PASSED] - maximizeWindow(): Current window maximized

2023-08-24 18:03:37 - [MESSAGE][PASSED] - Current window maximized

2023-08-24 18:03:37 - [TEST_STEP][PASSED] - click(findTestObject("HomePage/Iniciar sesion"), STOP_ON_FAILURE): Object: 'Object Repository/HomePage/Iniciar sesion' is clicked on

2023-08-24 18:03:38 - [MESSAGE][PASSED] - Object: 'Object Repository/HomePage/Iniciar sesion' is clicked on

2023-08-24 18:03:38 - [TEST_STEP][PASSED] - verifyElementPresent(findTestObject("HomePage/EnterUsername_LP"), 0): Object 'Object Repository/HomePage/EnterUsername_LP' is present

2023-08-24 18:03:38 - [MESSAGE][WARNING] - Timeout '0' is invalid. Using default page load timeout: '30'

2023-08-24 18:03:58 - [MESSAGE][PASSED] - Object 'Object Repository/HomePage/EnterUsername_LP' is present

2023-08-24 18:03:58 - [TEST_STEP][PASSED] - verifyElementPresent(findTestObject("HomePage/EnterPassword_LP"), 0): Object 'Object Repository/HomePage/EnterPassword_LP' is present

2023-08-24 18:03:58 - [MESSAGE][WARNING] - Timeout '0' is invalid. Using default page load timeout: '30'

2023-08-24 18:03:59 - [MESSAGE][PASSED] - Object 'Object Repository/HomePage/EnterPassword_LP' is present

2023-08-24 18:03:59 - [TEST_STEP][PASSED] - closeBrowser(): Browser is closed

2023-08-24 18:03:59 - [MESSAGE][PASSED] - Browser is closed]]></system-out>
         <system-err><![CDATA[]]></system-err>
      </testcase>
      <testcase name="Test Cases/HomePage/TS_SMOKE_SUITE_008" time="56.356" classname="Test Cases/HomePage/TS_SMOKE_SUITE_008" status="PASSED">
         <system-out><![CDATA[2023-08-24 18:03:59 - [TEST_CASE][PASSED] - Test Cases/HomePage/TS_SMOKE_SUITE_008: Test Cases/HomePage/TS_SMOKE_SUITE_008

2023-08-24 18:04:00 - [TEST_STEP][PASSED] - openBrowser(""): Browser is opened with url: ''

2023-08-24 18:04:00 - [MESSAGE][INFO] - Starting 'Chrome' driver

2023-08-24 18:04:00 - [MESSAGE][INFO] - Action delay is set to 0 milliseconds

2023-08-24 18:04:01 - [MESSAGE][PASSED] - Browser is opened with url: ''

2023-08-24 18:04:01 - [TEST_STEP][PASSED] - navigateToUrl(URL): Navigate to 'https://odtaqaa.liverpool.com.mx/tienda/home' successfully

2023-08-24 18:04:46 - [MESSAGE][PASSED] - Navigate to 'https://odtaqaa.liverpool.com.mx/tienda/home' successfully

2023-08-24 18:04:46 - [TEST_STEP][PASSED] - maximizeWindow(): Current window maximized

2023-08-24 18:04:46 - [MESSAGE][PASSED] - Current window maximized

2023-08-24 18:04:46 - [TEST_STEP][PASSED] - click(findTestObject("HomePage/Tiendas_HP"), STOP_ON_FAILURE): Object: 'Object Repository/HomePage/Tiendas_HP' is clicked on

2023-08-24 18:04:47 - [MESSAGE][PASSED] - Object: 'Object Repository/HomePage/Tiendas_HP' is clicked on

2023-08-24 18:04:47 - [TEST_STEP][PASSED] - verifyElementPresent(findTestObject("SLP/breadCrumb_SLP"), 0): Object 'Object Repository/SLP/breadCrumb_SLP' is present

2023-08-24 18:04:47 - [MESSAGE][WARNING] - Timeout '0' is invalid. Using default page load timeout: '30'

2023-08-24 18:04:54 - [MESSAGE][PASSED] - Object 'Object Repository/SLP/breadCrumb_SLP' is present

2023-08-24 18:04:54 - [TEST_STEP][PASSED] - verifyElementPresent(findTestObject("SLP/Map_Verify_slp"), 0): Object 'Object Repository/SLP/Map_Verify_slp' is present

2023-08-24 18:04:54 - [MESSAGE][WARNING] - Timeout '0' is invalid. Using default page load timeout: '30'

2023-08-24 18:04:55 - [MESSAGE][PASSED] - Object 'Object Repository/SLP/Map_Verify_slp' is present

2023-08-24 18:04:55 - [TEST_STEP][PASSED] - verifyElementPresent(findTestObject("SLP/find_store_title_SLP"), 0): Object 'Object Repository/SLP/find_store_title_SLP' is present

2023-08-24 18:04:55 - [MESSAGE][WARNING] - Timeout '0' is invalid. Using default page load timeout: '30'

2023-08-24 18:04:55 - [MESSAGE][PASSED] - Object 'Object Repository/SLP/find_store_title_SLP' is present

2023-08-24 18:04:55 - [TEST_STEP][PASSED] - closeBrowser(): Browser is closed

2023-08-24 18:04:56 - [MESSAGE][PASSED] - Browser is closed]]></system-out>
         <system-err><![CDATA[]]></system-err>
      </testcase>
      <testcase name="Test Cases/HomePage/TS_SMOKE_SUITE_009" time="64.829" classname="Test Cases/HomePage/TS_SMOKE_SUITE_009" status="PASSED">
         <system-out><![CDATA[2023-08-24 18:04:56 - [TEST_CASE][PASSED] - Test Cases/HomePage/TS_SMOKE_SUITE_009: Test Cases/HomePage/TS_SMOKE_SUITE_009

2023-08-24 18:04:56 - [TEST_STEP][PASSED] - openBrowser(""): Browser is opened with url: ''

2023-08-24 18:04:56 - [MESSAGE][INFO] - Starting 'Chrome' driver

2023-08-24 18:04:56 - [MESSAGE][INFO] - Action delay is set to 0 milliseconds

2023-08-24 18:04:57 - [MESSAGE][PASSED] - Browser is opened with url: ''

2023-08-24 18:04:57 - [TEST_STEP][PASSED] - navigateToUrl(URL): Navigate to 'https://odtaqaa.liverpool.com.mx/tienda/home' successfully

2023-08-24 18:05:41 - [MESSAGE][PASSED] - Navigate to 'https://odtaqaa.liverpool.com.mx/tienda/home' successfully

2023-08-24 18:05:41 - [TEST_STEP][PASSED] - maximizeWindow(): Current window maximized

2023-08-24 18:05:42 - [MESSAGE][PASSED] - Current window maximized

2023-08-24 18:05:42 - [TEST_STEP][PASSED] - click(findTestObject("HomePage/Mis Compras_hp"), STOP_ON_FAILURE): Object: 'Object Repository/HomePage/Mis Compras_hp' is clicked on

2023-08-24 18:05:42 - [MESSAGE][PASSED] - Object: 'Object Repository/HomePage/Mis Compras_hp' is clicked on

2023-08-24 18:05:42 - [TEST_STEP][PASSED] - verifyElementPresent(findTestObject("HomePage/EnterUsername_LP"), 0): Object 'Object Repository/HomePage/EnterUsername_LP' is present

2023-08-24 18:05:42 - [MESSAGE][WARNING] - Timeout '0' is invalid. Using default page load timeout: '30'

2023-08-24 18:05:59 - [MESSAGE][PASSED] - Object 'Object Repository/HomePage/EnterUsername_LP' is present

2023-08-24 18:05:59 - [TEST_STEP][PASSED] - verifyElementPresent(findTestObject("HomePage/EnterPassword_LP"), 0): Object 'Object Repository/HomePage/EnterPassword_LP' is present

2023-08-24 18:05:59 - [MESSAGE][WARNING] - Timeout '0' is invalid. Using default page load timeout: '30'

2023-08-24 18:06:00 - [MESSAGE][PASSED] - Object 'Object Repository/HomePage/EnterPassword_LP' is present

2023-08-24 18:06:00 - [TEST_STEP][PASSED] - closeBrowser(): Browser is closed

2023-08-24 18:06:00 - [MESSAGE][PASSED] - Browser is closed]]></system-out>
         <system-err><![CDATA[]]></system-err>
      </testcase>
      <testcase name="Test Cases/HomePage/TS_SMOKE_SUITE_010" time="146.671" classname="Test Cases/HomePage/TS_SMOKE_SUITE_010" status="PASSED">
         <system-out><![CDATA[2023-08-24 18:06:00 - [TEST_CASE][PASSED] - Test Cases/HomePage/TS_SMOKE_SUITE_010: Test Cases/HomePage/TS_SMOKE_SUITE_010

2023-08-24 18:06:01 - [TEST_STEP][PASSED] - openBrowser(""): Browser is opened with url: ''

2023-08-24 18:06:01 - [MESSAGE][INFO] - Starting 'Chrome' driver

2023-08-24 18:06:01 - [MESSAGE][INFO] - Action delay is set to 0 milliseconds

2023-08-24 18:06:02 - [MESSAGE][PASSED] - Browser is opened with url: ''

2023-08-24 18:06:02 - [TEST_STEP][PASSED] - navigateToUrl(URL): Navigate to 'https://odtaqaa.liverpool.com.mx/tienda/home' successfully

2023-08-24 18:06:50 - [MESSAGE][PASSED] - Navigate to 'https://odtaqaa.liverpool.com.mx/tienda/home' successfully

2023-08-24 18:06:50 - [TEST_STEP][PASSED] - maximizeWindow(): Current window maximized

2023-08-24 18:06:50 - [MESSAGE][PASSED] - Current window maximized

2023-08-24 18:06:50 - [TEST_STEP][PASSED] - callTestCase(findTestCase("CommonMethods/login_odtaqab"), [:], STOP_ON_FAILURE): Call Test Case 'Test Cases/CommonMethods/login_odtaqab' successfully

2023-08-24 18:06:50 - [TEST_CASE][PASSED] - Test Cases/CommonMethods/login_odtaqab: Test Cases/CommonMethods/login_odtaqab

2023-08-24 18:06:50 - [TEST_STEP][PASSED] - click(findTestObject("HomePage/Iniciar sesion")): Object: 'Object Repository/HomePage/Iniciar sesion' is clicked on

2023-08-24 18:06:51 - [MESSAGE][PASSED] - Object: 'Object Repository/HomePage/Iniciar sesion' is clicked on

2023-08-24 18:06:51 - [TEST_STEP][PASSED] - enhancedClick(findTestObject("HomePage/EnterUsername_LP")): Object: 'Object Repository/HomePage/EnterUsername_LP' is clicked on

2023-08-24 18:07:10 - [MESSAGE][PASSED] - Object: 'Object Repository/HomePage/EnterUsername_LP' is clicked on

2023-08-24 18:07:10 - [TEST_STEP][PASSED] - setText(findTestObject("HomePage/EnterUsername_LP"), username): Text 'hcheruvu29@digisprint.com' is set on object 'Object Repository/HomePage/EnterUsername_LP'

2023-08-24 18:07:10 - [MESSAGE][PASSED] - Text 'hcheruvu29@digisprint.com' is set on object 'Object Repository/HomePage/EnterUsername_LP'

2023-08-24 18:07:10 - [TEST_STEP][PASSED] - delay(2): Delayed 2 second(s)

2023-08-24 18:07:12 - [MESSAGE][PASSED] - Delayed 2 second(s)

2023-08-24 18:07:12 - [TEST_STEP][PASSED] - enhancedClick(findTestObject("HomePage/EnterPassword_LP")): Object: 'Object Repository/HomePage/EnterPassword_LP' is clicked on

2023-08-24 18:07:13 - [MESSAGE][PASSED] - Object: 'Object Repository/HomePage/EnterPassword_LP' is clicked on

2023-08-24 18:07:13 - [TEST_STEP][PASSED] - delay(2): Delayed 2 second(s)

2023-08-24 18:07:15 - [MESSAGE][PASSED] - Delayed 2 second(s)

2023-08-24 18:07:15 - [TEST_STEP][PASSED] - setText(findTestObject("HomePage/EnterPassword_LP"), password): Text 'Test@12345' is set on object 'Object Repository/HomePage/EnterPassword_LP'

2023-08-24 18:07:15 - [MESSAGE][PASSED] - Text 'Test@12345' is set on object 'Object Repository/HomePage/EnterPassword_LP'

2023-08-24 18:07:15 - [TEST_STEP][PASSED] - click(findTestObject("HomePage/inciar")): Object: 'Object Repository/HomePage/inciar' is clicked on

2023-08-24 18:07:35 - [MESSAGE][PASSED] - Object: 'Object Repository/HomePage/inciar' is clicked on

2023-08-24 18:07:35 - [MESSAGE][PASSED] - Call Test Case 'Test Cases/CommonMethods/login_odtaqab' successfully

2023-08-24 18:07:35 - [TEST_STEP][PASSED] - click(findTestObject("HomePage/Mis Compras_hp")): Object: 'Object Repository/HomePage/Mis Compras_hp' is clicked on

2023-08-24 18:08:15 - [MESSAGE][PASSED] - Object: 'Object Repository/HomePage/Mis Compras_hp' is clicked on

2023-08-24 18:08:15 - [TEST_STEP][PASSED] - verifyElementPresent(findTestObject("MyOrdersPage/aside_leftNavigation_misCompras"), 0): Object 'Object Repository/MyOrdersPage/aside_leftNavigation_misCompras' is present

2023-08-24 18:08:15 - [MESSAGE][WARNING] - Timeout '0' is invalid. Using default page load timeout: '30'

2023-08-24 18:08:26 - [MESSAGE][PASSED] - Object 'Object Repository/MyOrdersPage/aside_leftNavigation_misCompras' is present

2023-08-24 18:08:26 - [TEST_STEP][PASSED] - verifyElementPresent(findTestObject("MyOrdersPage/breadCrumb_misCompras"), 0): Object 'Object Repository/MyOrdersPage/breadCrumb_misCompras' is present

2023-08-24 18:08:26 - [MESSAGE][WARNING] - Timeout '0' is invalid. Using default page load timeout: '30'

2023-08-24 18:08:26 - [MESSAGE][PASSED] - Object 'Object Repository/MyOrdersPage/breadCrumb_misCompras' is present

2023-08-24 18:08:26 - [TEST_STEP][PASSED] - closeBrowser(): Browser is closed

2023-08-24 18:08:27 - [MESSAGE][PASSED] - Browser is closed]]></system-out>
         <system-err><![CDATA[]]></system-err>
      </testcase>
      <testcase name="Test Cases/HomePage/TS_SMOKE_SUITE_011" time="115.655" classname="Test Cases/HomePage/TS_SMOKE_SUITE_011" status="PASSED">
         <system-out><![CDATA[2023-08-24 18:08:27 - [TEST_CASE][PASSED] - Test Cases/HomePage/TS_SMOKE_SUITE_011: Test Cases/HomePage/TS_SMOKE_SUITE_011

2023-08-24 18:08:27 - [TEST_STEP][PASSED] - openBrowser(""): Browser is opened with url: ''

2023-08-24 18:08:27 - [MESSAGE][INFO] - Starting 'Chrome' driver

2023-08-24 18:08:27 - [MESSAGE][INFO] - Action delay is set to 0 milliseconds

2023-08-24 18:08:29 - [MESSAGE][PASSED] - Browser is opened with url: ''

2023-08-24 18:08:29 - [TEST_STEP][PASSED] - navigateToUrl(URL): Navigate to 'https://odtaqaa.liverpool.com.mx/tienda/home' successfully

2023-08-24 18:09:22 - [MESSAGE][PASSED] - Navigate to 'https://odtaqaa.liverpool.com.mx/tienda/home' successfully

2023-08-24 18:09:22 - [TEST_STEP][PASSED] - maximizeWindow(): Current window maximized

2023-08-24 18:09:23 - [MESSAGE][PASSED] - Current window maximized

2023-08-24 18:09:23 - [TEST_STEP][PASSED] - click(findTestObject("HomePage/Mis Compras_hp"), STOP_ON_FAILURE): Object: 'Object Repository/HomePage/Mis Compras_hp' is clicked on

2023-08-24 18:09:23 - [MESSAGE][PASSED] - Object: 'Object Repository/HomePage/Mis Compras_hp' is clicked on

2023-08-24 18:09:23 - [TEST_STEP][PASSED] - callTestCase(findTestCase("CommonMethods/login_odtaqab"), [:], OPTIONAL): Call Test Case 'Test Cases/CommonMethods/login_odtaqab' successfully

2023-08-24 18:09:23 - [TEST_CASE][PASSED] - Test Cases/CommonMethods/login_odtaqab: Test Cases/CommonMethods/login_odtaqab

2023-08-24 18:09:23 - [TEST_STEP][PASSED] - click(findTestObject("HomePage/Iniciar sesion")): Object: 'Object Repository/HomePage/Iniciar sesion' is clicked on

2023-08-24 18:09:24 - [MESSAGE][PASSED] - Object: 'Object Repository/HomePage/Iniciar sesion' is clicked on

2023-08-24 18:09:24 - [TEST_STEP][PASSED] - enhancedClick(findTestObject("HomePage/EnterUsername_LP")): Object: 'Object Repository/HomePage/EnterUsername_LP' is clicked on

2023-08-24 18:09:43 - [MESSAGE][PASSED] - Object: 'Object Repository/HomePage/EnterUsername_LP' is clicked on

2023-08-24 18:09:43 - [TEST_STEP][PASSED] - setText(findTestObject("HomePage/EnterUsername_LP"), username): Text 'hcheruvu29@digisprint.com' is set on object 'Object Repository/HomePage/EnterUsername_LP'

2023-08-24 18:09:44 - [MESSAGE][PASSED] - Text 'hcheruvu29@digisprint.com' is set on object 'Object Repository/HomePage/EnterUsername_LP'

2023-08-24 18:09:44 - [TEST_STEP][PASSED] - delay(2): Delayed 2 second(s)

2023-08-24 18:09:46 - [MESSAGE][PASSED] - Delayed 2 second(s)

2023-08-24 18:09:46 - [TEST_STEP][PASSED] - enhancedClick(findTestObject("HomePage/EnterPassword_LP")): Object: 'Object Repository/HomePage/EnterPassword_LP' is clicked on

2023-08-24 18:09:46 - [MESSAGE][PASSED] - Object: 'Object Repository/HomePage/EnterPassword_LP' is clicked on

2023-08-24 18:09:46 - [TEST_STEP][PASSED] - delay(2): Delayed 2 second(s)

2023-08-24 18:09:48 - [MESSAGE][PASSED] - Delayed 2 second(s)

2023-08-24 18:09:48 - [TEST_STEP][PASSED] - setText(findTestObject("HomePage/EnterPassword_LP"), password): Text 'Test@12345' is set on object 'Object Repository/HomePage/EnterPassword_LP'

2023-08-24 18:09:49 - [MESSAGE][PASSED] - Text 'Test@12345' is set on object 'Object Repository/HomePage/EnterPassword_LP'

2023-08-24 18:09:49 - [TEST_STEP][PASSED] - click(findTestObject("HomePage/inciar")): Object: 'Object Repository/HomePage/inciar' is clicked on

2023-08-24 18:10:02 - [MESSAGE][PASSED] - Object: 'Object Repository/HomePage/inciar' is clicked on

2023-08-24 18:10:02 - [MESSAGE][PASSED] - Call Test Case 'Test Cases/CommonMethods/login_odtaqab' successfully

2023-08-24 18:10:02 - [TEST_STEP][PASSED] - click(findTestObject("HomePage/Ayuda_HP")): Object: 'Object Repository/HomePage/Ayuda_HP' is clicked on

2023-08-24 18:10:18 - [MESSAGE][PASSED] - Object: 'Object Repository/HomePage/Ayuda_HP' is clicked on

2023-08-24 18:10:18 - [TEST_STEP][PASSED] - verifyElementPresent(findTestObject("HomePage/img_Cmo podemos ayudarte_logoAyuda"), 0): Object 'Object Repository/HomePage/img_Cmo podemos ayudarte_logoAyuda' is present

2023-08-24 18:10:18 - [MESSAGE][WARNING] - Timeout '0' is invalid. Using default page load timeout: '30'

2023-08-24 18:10:22 - [MESSAGE][PASSED] - Object 'Object Repository/HomePage/img_Cmo podemos ayudarte_logoAyuda' is present

2023-08-24 18:10:22 - [TEST_STEP][PASSED] - verifyElementPresent(findTestObject("HomePage/img_Cmo podemos ayudarte_logoAyuda_helpPage"), 0): Object 'Object Repository/HomePage/img_Cmo podemos ayudarte_logoAyuda_helpPage' is present

2023-08-24 18:10:22 - [MESSAGE][WARNING] - Timeout '0' is invalid. Using default page load timeout: '30'

2023-08-24 18:10:22 - [MESSAGE][PASSED] - Object 'Object Repository/HomePage/img_Cmo podemos ayudarte_logoAyuda_helpPage' is present

2023-08-24 18:10:22 - [TEST_STEP][PASSED] - closeBrowser(): Browser is closed

2023-08-24 18:10:23 - [MESSAGE][PASSED] - Browser is closed]]></system-out>
         <system-err><![CDATA[]]></system-err>
      </testcase>
      <testcase name="Test Cases/HomePage/TS_SMOKE_SUITE_012" time="146.488" classname="Test Cases/HomePage/TS_SMOKE_SUITE_012" status="PASSED">
         <system-out><![CDATA[2023-08-24 18:10:23 - [TEST_CASE][PASSED] - Test Cases/HomePage/TS_SMOKE_SUITE_012: Test Cases/HomePage/TS_SMOKE_SUITE_012

2023-08-24 18:10:23 - [TEST_STEP][PASSED] - openBrowser(""): Browser is opened with url: ''

2023-08-24 18:10:23 - [MESSAGE][INFO] - Starting 'Chrome' driver

2023-08-24 18:10:23 - [MESSAGE][INFO] - Action delay is set to 0 milliseconds

2023-08-24 18:10:24 - [MESSAGE][PASSED] - Browser is opened with url: ''

2023-08-24 18:10:24 - [TEST_STEP][PASSED] - navigateToUrl(URL): Navigate to 'https://odtaqaa.liverpool.com.mx/tienda/home' successfully

2023-08-24 18:11:22 - [MESSAGE][PASSED] - Navigate to 'https://odtaqaa.liverpool.com.mx/tienda/home' successfully

2023-08-24 18:11:22 - [TEST_STEP][PASSED] - maximizeWindow(): Current window maximized

2023-08-24 18:11:22 - [MESSAGE][PASSED] - Current window maximized

2023-08-24 18:11:22 - [TEST_STEP][PASSED] - callTestCase(findTestCase("CommonMethods/login_odtaqab"), [:], OPTIONAL): Call Test Case 'Test Cases/CommonMethods/login_odtaqab' successfully

2023-08-24 18:11:22 - [TEST_CASE][PASSED] - Test Cases/CommonMethods/login_odtaqab: Test Cases/CommonMethods/login_odtaqab

2023-08-24 18:11:22 - [TEST_STEP][PASSED] - click(findTestObject("HomePage/Iniciar sesion")): Object: 'Object Repository/HomePage/Iniciar sesion' is clicked on

2023-08-24 18:11:23 - [MESSAGE][PASSED] - Object: 'Object Repository/HomePage/Iniciar sesion' is clicked on

2023-08-24 18:11:23 - [TEST_STEP][PASSED] - enhancedClick(findTestObject("HomePage/EnterUsername_LP")): Object: 'Object Repository/HomePage/EnterUsername_LP' is clicked on

2023-08-24 18:11:51 - [MESSAGE][PASSED] - Object: 'Object Repository/HomePage/EnterUsername_LP' is clicked on

2023-08-24 18:11:51 - [TEST_STEP][PASSED] - setText(findTestObject("HomePage/EnterUsername_LP"), username): Text 'hcheruvu29@digisprint.com' is set on object 'Object Repository/HomePage/EnterUsername_LP'

2023-08-24 18:11:52 - [MESSAGE][PASSED] - Text 'hcheruvu29@digisprint.com' is set on object 'Object Repository/HomePage/EnterUsername_LP'

2023-08-24 18:11:52 - [TEST_STEP][PASSED] - delay(2): Delayed 2 second(s)

2023-08-24 18:11:54 - [MESSAGE][PASSED] - Delayed 2 second(s)

2023-08-24 18:11:54 - [TEST_STEP][PASSED] - enhancedClick(findTestObject("HomePage/EnterPassword_LP")): Object: 'Object Repository/HomePage/EnterPassword_LP' is clicked on

2023-08-24 18:11:54 - [MESSAGE][PASSED] - Object: 'Object Repository/HomePage/EnterPassword_LP' is clicked on

2023-08-24 18:11:54 - [TEST_STEP][PASSED] - delay(2): Delayed 2 second(s)

2023-08-24 18:11:56 - [MESSAGE][PASSED] - Delayed 2 second(s)

2023-08-24 18:11:56 - [TEST_STEP][PASSED] - setText(findTestObject("HomePage/EnterPassword_LP"), password): Text 'Test@12345' is set on object 'Object Repository/HomePage/EnterPassword_LP'

2023-08-24 18:11:57 - [MESSAGE][PASSED] - Text 'Test@12345' is set on object 'Object Repository/HomePage/EnterPassword_LP'

2023-08-24 18:11:57 - [TEST_STEP][PASSED] - click(findTestObject("HomePage/inciar")): Object: 'Object Repository/HomePage/inciar' is clicked on

2023-08-24 18:12:04 - [MESSAGE][PASSED] - Object: 'Object Repository/HomePage/inciar' is clicked on

2023-08-24 18:12:04 - [MESSAGE][PASSED] - Call Test Case 'Test Cases/CommonMethods/login_odtaqab' successfully

2023-08-24 18:12:04 - [TEST_STEP][PASSED] - verifyElementPresent(findTestObject("HomePage/span_HolaUser_hp"), 0): Object 'Object Repository/HomePage/span_HolaUser_hp' is present

2023-08-24 18:12:04 - [MESSAGE][WARNING] - Timeout '0' is invalid. Using default page load timeout: '30'

2023-08-24 18:12:48 - [MESSAGE][PASSED] - Object 'Object Repository/HomePage/span_HolaUser_hp' is present

2023-08-24 18:12:48 - [TEST_STEP][PASSED] - closeBrowser(): Browser is closed

2023-08-24 18:12:49 - [MESSAGE][PASSED] - Browser is closed]]></system-out>
         <system-err><![CDATA[]]></system-err>
      </testcase>
      <testcase name="Test Cases/HomePage/TS_SMOKE_SUITE_013" time="80.639" classname="Test Cases/HomePage/TS_SMOKE_SUITE_013" status="PASSED">
         <system-out><![CDATA[2023-08-24 18:12:49 - [TEST_CASE][PASSED] - Test Cases/HomePage/TS_SMOKE_SUITE_013: Test Cases/HomePage/TS_SMOKE_SUITE_013

2023-08-24 18:12:50 - [TEST_STEP][PASSED] - randomemail = a.GenerateRandomEmail.generateRandomEmail(): a.GenerateRandomEmail.generateRandomEmail is PASSED

2023-08-24 18:12:50 - [MESSAGE][INFO] - automationMwqXAcRG@digisprint.com

2023-08-24 18:12:50 - [MESSAGE][PASSED] - a.GenerateRandomEmail.generateRandomEmail is PASSED

2023-08-24 18:12:50 - [TEST_STEP][PASSED] - openBrowser(""): Browser is opened with url: ''

2023-08-24 18:12:50 - [MESSAGE][INFO] - Starting 'Chrome' driver

2023-08-24 18:12:50 - [MESSAGE][INFO] - Action delay is set to 0 milliseconds

2023-08-24 18:12:51 - [MESSAGE][PASSED] - Browser is opened with url: ''

2023-08-24 18:12:51 - [TEST_STEP][PASSED] - navigateToUrl(URL): Navigate to 'https://odtaqaa.liverpool.com.mx/tienda/home' successfully

2023-08-24 18:13:33 - [MESSAGE][PASSED] - Navigate to 'https://odtaqaa.liverpool.com.mx/tienda/home' successfully

2023-08-24 18:13:33 - [TEST_STEP][PASSED] - click(findTestObject("HomePage/Iniciar sesion"), STOP_ON_FAILURE): Object: 'Object Repository/HomePage/Iniciar sesion' is clicked on

2023-08-24 18:13:33 - [MESSAGE][PASSED] - Object: 'Object Repository/HomePage/Iniciar sesion' is clicked on

2023-08-24 18:13:33 - [TEST_STEP][PASSED] - delay(7): Delayed 7 second(s)

2023-08-24 18:13:40 - [MESSAGE][PASSED] - Delayed 7 second(s)

2023-08-24 18:13:40 - [TEST_STEP][PASSED] - enhancedClick(findTestObject("HomePage/loginpage/create_account_hp"), STOP_ON_FAILURE): Object: 'Object Repository/HomePage/loginpage/create_account_hp' is clicked on

2023-08-24 18:13:49 - [MESSAGE][PASSED] - Object: 'Object Repository/HomePage/loginpage/create_account_hp' is clicked on

2023-08-24 18:13:49 - [TEST_STEP][PASSED] - setText(findTestObject("HomePage/loginpage/newAccountemail_LP"), randomemail): Text 'automationMwqXAcRG@digisprint.com' is set on object 'Object Repository/HomePage/loginpage/newAccountemail_LP'

2023-08-24 18:13:50 - [MESSAGE][PASSED] - Text 'automationMwqXAcRG@digisprint.com' is set on object 'Object Repository/HomePage/loginpage/newAccountemail_LP'

2023-08-24 18:13:50 - [TEST_STEP][PASSED] - setText(findTestObject("HomePage/loginpage/newAccountPassword_LP"), "ABCjklxyz@7000"): Text 'ABCjklxyz@7000' is set on object 'Object Repository/HomePage/loginpage/newAccountPassword_LP'

2023-08-24 18:13:51 - [MESSAGE][PASSED] - Text 'ABCjklxyz@7000' is set on object 'Object Repository/HomePage/loginpage/newAccountPassword_LP'

2023-08-24 18:13:51 - [TEST_STEP][PASSED] - click(findTestObject("HomePage/loginpage/submit_LP"), STOP_ON_FAILURE): Object: 'Object Repository/HomePage/loginpage/submit_LP' is clicked on

2023-08-24 18:14:02 - [MESSAGE][PASSED] - Object: 'Object Repository/HomePage/loginpage/submit_LP' is clicked on

2023-08-24 18:14:02 - [TEST_STEP][PASSED] - setText(findTestObject("HomePage/loginpage/name_LP"), "abc"): Text 'abc' is set on object 'Object Repository/HomePage/loginpage/name_LP'

2023-08-24 18:14:07 - [MESSAGE][PASSED] - Text 'abc' is set on object 'Object Repository/HomePage/loginpage/name_LP'

2023-08-24 18:14:07 - [TEST_STEP][PASSED] - setText(findTestObject("HomePage/loginpage/fatherName_LP"), "xyz"): Text 'xyz' is set on object 'Object Repository/HomePage/loginpage/fatherName_LP'

2023-08-24 18:14:08 - [MESSAGE][PASSED] - Text 'xyz' is set on object 'Object Repository/HomePage/loginpage/fatherName_LP'

2023-08-24 18:14:08 - [TEST_STEP][PASSED] - setText(findTestObject("HomePage/loginpage/maternalName_LP"), "jkl"): Text 'jkl' is set on object 'Object Repository/HomePage/loginpage/maternalName_LP'

2023-08-24 18:14:08 - [MESSAGE][PASSED] - Text 'jkl' is set on object 'Object Repository/HomePage/loginpage/maternalName_LP'

2023-08-24 18:14:08 - [TEST_STEP][PASSED] - click(findTestObject("HomePage/loginpage/hombre_radioButton_LP"), STOP_ON_FAILURE): Object: 'Object Repository/HomePage/loginpage/hombre_radioButton_LP' is clicked on

2023-08-24 18:14:09 - [MESSAGE][PASSED] - Object: 'Object Repository/HomePage/loginpage/hombre_radioButton_LP' is clicked on

2023-08-24 18:14:09 - [TEST_STEP][PASSED] - click(findTestObject("HomePage/loginpage/createAccount_button_LP"), STOP_ON_FAILURE): Object: 'Object Repository/HomePage/loginpage/createAccount_button_LP' is clicked on

2023-08-24 18:14:09 - [MESSAGE][PASSED] - Object: 'Object Repository/HomePage/loginpage/createAccount_button_LP' is clicked on

2023-08-24 18:14:09 - [TEST_STEP][PASSED] - closeBrowser(): Browser is closed

2023-08-24 18:14:10 - [MESSAGE][PASSED] - Browser is closed]]></system-out>
         <system-err><![CDATA[]]></system-err>
      </testcase>
      <testcase name="Test Cases/HomePage/TS_SMOKE_SUITE_014" time="174.254" classname="Test Cases/HomePage/TS_SMOKE_SUITE_014" status="PASSED">
         <system-out><![CDATA[2023-08-24 18:14:10 - [TEST_CASE][PASSED] - Test Cases/HomePage/TS_SMOKE_SUITE_014: Test Cases/HomePage/TS_SMOKE_SUITE_014

2023-08-24 18:14:10 - [TEST_STEP][PASSED] - openBrowser(""): Browser is opened with url: ''

2023-08-24 18:14:10 - [MESSAGE][INFO] - Starting 'Chrome' driver

2023-08-24 18:14:10 - [MESSAGE][INFO] - Action delay is set to 0 milliseconds

2023-08-24 18:14:12 - [MESSAGE][PASSED] - Browser is opened with url: ''

2023-08-24 18:14:12 - [TEST_STEP][PASSED] - navigateToUrl(URL): Navigate to 'https://odtaqaa.liverpool.com.mx/tienda/home' successfully

2023-08-24 18:14:59 - [MESSAGE][PASSED] - Navigate to 'https://odtaqaa.liverpool.com.mx/tienda/home' successfully

2023-08-24 18:14:59 - [TEST_STEP][PASSED] - maximizeWindow(): Current window maximized

2023-08-24 18:14:59 - [MESSAGE][PASSED] - Current window maximized

2023-08-24 18:14:59 - [TEST_STEP][PASSED] - callTestCase(findTestCase("CommonMethods/login_odtaqab"), [:], OPTIONAL): Call Test Case 'Test Cases/CommonMethods/login_odtaqab' successfully

2023-08-24 18:14:59 - [TEST_CASE][PASSED] - Test Cases/CommonMethods/login_odtaqab: Test Cases/CommonMethods/login_odtaqab

2023-08-24 18:14:59 - [TEST_STEP][PASSED] - click(findTestObject("HomePage/Iniciar sesion")): Object: 'Object Repository/HomePage/Iniciar sesion' is clicked on

2023-08-24 18:15:00 - [MESSAGE][PASSED] - Object: 'Object Repository/HomePage/Iniciar sesion' is clicked on

2023-08-24 18:15:00 - [TEST_STEP][PASSED] - enhancedClick(findTestObject("HomePage/EnterUsername_LP")): Object: 'Object Repository/HomePage/EnterUsername_LP' is clicked on

2023-08-24 18:15:16 - [MESSAGE][PASSED] - Object: 'Object Repository/HomePage/EnterUsername_LP' is clicked on

2023-08-24 18:15:16 - [TEST_STEP][PASSED] - setText(findTestObject("HomePage/EnterUsername_LP"), username): Text 'hcheruvu29@digisprint.com' is set on object 'Object Repository/HomePage/EnterUsername_LP'

2023-08-24 18:15:16 - [MESSAGE][PASSED] - Text 'hcheruvu29@digisprint.com' is set on object 'Object Repository/HomePage/EnterUsername_LP'

2023-08-24 18:15:16 - [TEST_STEP][PASSED] - delay(2): Delayed 2 second(s)

2023-08-24 18:15:18 - [MESSAGE][PASSED] - Delayed 2 second(s)

2023-08-24 18:15:18 - [TEST_STEP][PASSED] - enhancedClick(findTestObject("HomePage/EnterPassword_LP")): Object: 'Object Repository/HomePage/EnterPassword_LP' is clicked on

2023-08-24 18:15:19 - [MESSAGE][PASSED] - Object: 'Object Repository/HomePage/EnterPassword_LP' is clicked on

2023-08-24 18:15:19 - [TEST_STEP][PASSED] - delay(2): Delayed 2 second(s)

2023-08-24 18:15:21 - [MESSAGE][PASSED] - Delayed 2 second(s)

2023-08-24 18:15:21 - [TEST_STEP][PASSED] - setText(findTestObject("HomePage/EnterPassword_LP"), password): Text 'Test@12345' is set on object 'Object Repository/HomePage/EnterPassword_LP'

2023-08-24 18:15:21 - [MESSAGE][PASSED] - Text 'Test@12345' is set on object 'Object Repository/HomePage/EnterPassword_LP'

2023-08-24 18:15:21 - [TEST_STEP][PASSED] - click(findTestObject("HomePage/inciar")): Object: 'Object Repository/HomePage/inciar' is clicked on

2023-08-24 18:16:19 - [MESSAGE][PASSED] - Object: 'Object Repository/HomePage/inciar' is clicked on

2023-08-24 18:16:19 - [MESSAGE][PASSED] - Call Test Case 'Test Cases/CommonMethods/login_odtaqab' successfully

2023-08-24 18:16:19 - [TEST_STEP][PASSED] - delay(5): Delayed 5 second(s)

2023-08-24 18:16:24 - [MESSAGE][PASSED] - Delayed 5 second(s)

2023-08-24 18:16:24 - [TEST_STEP][PASSED] - mouseOver(findTestObject("HomePage/AfterLogin_Homepage")): Object: 'Object Repository/HomePage/AfterLogin_Homepage' is hovered

2023-08-24 18:16:25 - [MESSAGE][PASSED] - Object: 'Object Repository/HomePage/AfterLogin_Homepage' is hovered

2023-08-24 18:16:25 - [TEST_STEP][PASSED] - delay(5): Delayed 5 second(s)

2023-08-24 18:16:30 - [MESSAGE][PASSED] - Delayed 5 second(s)

2023-08-24 18:16:30 - [TEST_STEP][PASSED] - click(findTestObject("AccountManagement/MyAccountButton_Account")): Object: 'Object Repository/AccountManagement/MyAccountButton_Account' is clicked on

2023-08-24 18:16:30 - [MESSAGE][PASSED] - Object: 'Object Repository/AccountManagement/MyAccountButton_Account' is clicked on

2023-08-24 18:16:30 - [TEST_STEP][PASSED] - click(findTestObject("AccountManagement/UpdatePeronalData_Account")): Object: 'Object Repository/AccountManagement/UpdatePeronalData_Account' is clicked on

2023-08-24 18:16:37 - [MESSAGE][PASSED] - Object: 'Object Repository/AccountManagement/UpdatePeronalData_Account' is clicked on

2023-08-24 18:16:37 - [TEST_STEP][PASSED] - verifyElementPresent(findTestObject("AccountManagement/firstName_update_accountManagement"), 0): Object 'Object Repository/AccountManagement/firstName_update_accountManagement' is present

2023-08-24 18:16:37 - [MESSAGE][WARNING] - Timeout '0' is invalid. Using default page load timeout: '30'

2023-08-24 18:16:42 - [MESSAGE][PASSED] - Object 'Object Repository/AccountManagement/firstName_update_accountManagement' is present

2023-08-24 18:16:42 - [TEST_STEP][PASSED] - delay(5): Delayed 5 second(s)

2023-08-24 18:16:47 - [MESSAGE][PASSED] - Delayed 5 second(s)

2023-08-24 18:16:47 - [TEST_STEP][PASSED] - Name = "harish": null

2023-08-24 18:16:47 - [TEST_STEP][PASSED] - sendKeys(findTestObject("AccountManagement/firstName_update_accountManagement"), Keys.chord(CONTROL, "a")): Keys 'CONTROL + a' sent to object: 'Object Repository/AccountManagement/firstName_update_accountManagement'

2023-08-24 18:16:47 - [MESSAGE][PASSED] - Keys 'CONTROL + a' sent to object: 'Object Repository/AccountManagement/firstName_update_accountManagement'

2023-08-24 18:16:47 - [TEST_STEP][PASSED] - delay(5): Delayed 5 second(s)

2023-08-24 18:16:52 - [MESSAGE][PASSED] - Delayed 5 second(s)

2023-08-24 18:16:52 - [TEST_STEP][PASSED] - sendKeys(findTestObject("AccountManagement/firstName_update_accountManagement"), Keys.chord(BACK_SPACE)): Keys 'BACK_SPACE + ' sent to object: 'Object Repository/AccountManagement/firstName_update_accountManagement'

2023-08-24 18:16:53 - [MESSAGE][PASSED] - Keys 'BACK_SPACE + ' sent to object: 'Object Repository/AccountManagement/firstName_update_accountManagement'

2023-08-24 18:16:53 - [TEST_STEP][PASSED] - clearText(findTestObject("AccountManagement/firstName_update_accountManagement"), STOP_ON_FAILURE): Text of object 'Object Repository/AccountManagement/firstName_update_accountManagement' is cleared

2023-08-24 18:16:53 - [MESSAGE][PASSED] - Text of object 'Object Repository/AccountManagement/firstName_update_accountManagement' is cleared

2023-08-24 18:16:53 - [TEST_STEP][PASSED] - delay(5): Delayed 5 second(s)

2023-08-24 18:16:58 - [MESSAGE][PASSED] - Delayed 5 second(s)

2023-08-24 18:16:58 - [TEST_STEP][PASSED] - setText(findTestObject("AccountManagement/firstName_update_accountManagement"), Name): Text 'harish' is set on object 'Object Repository/AccountManagement/firstName_update_accountManagement'

2023-08-24 18:16:59 - [MESSAGE][PASSED] - Text 'harish' is set on object 'Object Repository/AccountManagement/firstName_update_accountManagement'

2023-08-24 18:16:59 - [TEST_STEP][PASSED] - out.println(Name): null

2023-08-24 18:16:59 - [TEST_STEP][PASSED] - click(findTestObject("AccountManagement/UpdateButton_Account")): Object: 'Object Repository/AccountManagement/UpdateButton_Account' is clicked on

2023-08-24 18:16:59 - [MESSAGE][PASSED] - Object: 'Object Repository/AccountManagement/UpdateButton_Account' is clicked on

2023-08-24 18:16:59 - [TEST_STEP][PASSED] - delay(3): Delayed 3 second(s)

2023-08-24 18:17:02 - [MESSAGE][PASSED] - Delayed 3 second(s)

2023-08-24 18:17:02 - [TEST_STEP][PASSED] - verifyElementText(findTestObject("HomePage/header_Hola_text_HP"), "Hola " + Name): Actual text and expected text of test object 'Object Repository/HomePage/header_Hola_text_HP' are matched.

2023-08-24 18:17:03 - [MESSAGE][PASSED] - Actual text and expected text of test object 'Object Repository/HomePage/header_Hola_text_HP' are matched.

2023-08-24 18:17:03 - [TEST_STEP][PASSED] - closeBrowser(): Browser is closed

2023-08-24 18:17:04 - [MESSAGE][PASSED] - Browser is closed]]></system-out>
         <system-err><![CDATA[]]></system-err>
      </testcase>
      <testcase name="Test Cases/HomePage/TS_SMOKE_SUITE_015" time="114.751" classname="Test Cases/HomePage/TS_SMOKE_SUITE_015" status="FAILED">
         <failure type="FAILED" message="Test Cases/HomePage/TS_SMOKE_SUITE_015 FAILED.
Reason:
com.kms.katalon.core.exception.StepFailedException: Unable to move mouse over object 'Object Repository/HomePage/header_Hola_text_HP'
	at com.kms.katalon.core.webui.keyword.internal.WebUIKeywordMain.stepFailed(WebUIKeywordMain.groovy:64)
	at com.kms.katalon.core.webui.keyword.internal.WebUIKeywordMain.runKeyword(WebUIKeywordMain.groovy:26)
	at com.kms.katalon.core.webui.keyword.builtin.MouseOverKeyword.mouseOver(MouseOverKeyword.groovy:66)
	at com.kms.katalon.core.webui.keyword.builtin.MouseOverKeyword.execute(MouseOverKeyword.groovy:40)
	at com.kms.katalon.core.keyword.internal.KeywordExecutor.executeKeywordForPlatform(KeywordExecutor.groovy:74)
	at com.kms.katalon.core.webui.keyword.WebUiBuiltInKeywords.mouseOver(WebUiBuiltInKeywords.groovy:794)
	at com.kms.katalon.core.webui.keyword.WebUiBuiltInKeywords$mouseOver$14.call(Unknown Source)
	at TS_SMOKE_SUITE_015.run(TS_SMOKE_SUITE_015:28)
	at com.kms.katalon.core.main.ScriptEngine.run(ScriptEngine.java:194)
	at com.kms.katalon.core.main.ScriptEngine.runScriptAsRawText(ScriptEngine.java:119)
	at com.kms.katalon.core.main.TestCaseExecutor.runScript(TestCaseExecutor.java:448)
	at com.kms.katalon.core.main.TestCaseExecutor.doExecute(TestCaseExecutor.java:439)
	at com.kms.katalon.core.main.TestCaseExecutor.processExecutionPhase(TestCaseExecutor.java:418)
	at com.kms.katalon.core.main.TestCaseExecutor.accessMainPhase(TestCaseExecutor.java:410)
	at com.kms.katalon.core.main.TestCaseExecutor.execute(TestCaseExecutor.java:285)
	at com.kms.katalon.core.common.CommonExecutor.accessTestCaseMainPhase(CommonExecutor.java:65)
	at com.kms.katalon.core.main.TestSuiteExecutor.accessTestSuiteMainPhase(TestSuiteExecutor.java:148)
	at com.kms.katalon.core.main.TestSuiteExecutor.execute(TestSuiteExecutor.java:106)
	at com.kms.katalon.core.main.TestCaseMain.startTestSuite(TestCaseMain.java:187)
	at com.kms.katalon.core.main.TestCaseMain$startTestSuite$0.call(Unknown Source)
	at TempTestSuite1692874420462.run(TempTestSuite1692874420462.groovy:36)
Caused by: com.kms.katalon.core.webui.exception.WebElementNotFoundException: Web element with id: 'Object Repository/HomePage/header_Hola_text_HP' located by '//span[@class='a-header__topLink popover-session']' not found
	at com.kms.katalon.core.webui.common.WebUiCommonHelper.findWebElement(WebUiCommonHelper.java:1381)
	at com.kms.katalon.core.webui.keyword.internal.WebUIAbstractKeyword.findWebElement(WebUIAbstractKeyword.groovy:27)
	at com.kms.katalon.core.webui.keyword.internal.WebUIAbstractKeyword.findWebElement(WebUIAbstractKeyword.groovy:26)
	at com.kms.katalon.core.webui.keyword.builtin.MouseOverKeyword$_mouseOver_closure1.doCall(MouseOverKeyword.groovy:54)
	at com.kms.katalon.core.webui.keyword.builtin.MouseOverKeyword$_mouseOver_closure1.call(MouseOverKeyword.groovy)
	at com.kms.katalon.core.webui.keyword.internal.WebUIKeywordMain.runKeyword(WebUIKeywordMain.groovy:20)
	... 19 more
"/>
         <system-out><![CDATA[2023-08-24 18:17:04 - [TEST_CASE][FAILED] - Test Cases/HomePage/TS_SMOKE_SUITE_015: Test Cases/HomePage/TS_SMOKE_SUITE_015 FAILED.
Reason:
com.kms.katalon.core.exception.StepFailedException: Unable to move mouse over object 'Object Repository/HomePage/header_Hola_text_HP'
	at com.kms.katalon.core.webui.keyword.internal.WebUIKeywordMain.stepFailed(WebUIKeywordMain.groovy:64)
	at com.kms.katalon.core.webui.keyword.internal.WebUIKeywordMain.runKeyword(WebUIKeywordMain.groovy:26)
	at com.kms.katalon.core.webui.keyword.builtin.MouseOverKeyword.mouseOver(MouseOverKeyword.groovy:66)
	at com.kms.katalon.core.webui.keyword.builtin.MouseOverKeyword.execute(MouseOverKeyword.groovy:40)
	at com.kms.katalon.core.keyword.internal.KeywordExecutor.executeKeywordForPlatform(KeywordExecutor.groovy:74)
	at com.kms.katalon.core.webui.keyword.WebUiBuiltInKeywords.mouseOver(WebUiBuiltInKeywords.groovy:794)
	at com.kms.katalon.core.webui.keyword.WebUiBuiltInKeywords$mouseOver$14.call(Unknown Source)
	at TS_SMOKE_SUITE_015.run(TS_SMOKE_SUITE_015:28)
	at com.kms.katalon.core.main.ScriptEngine.run(ScriptEngine.java:194)
	at com.kms.katalon.core.main.ScriptEngine.runScriptAsRawText(ScriptEngine.java:119)
	at com.kms.katalon.core.main.TestCaseExecutor.runScript(TestCaseExecutor.java:448)
	at com.kms.katalon.core.main.TestCaseExecutor.doExecute(TestCaseExecutor.java:439)
	at com.kms.katalon.core.main.TestCaseExecutor.processExecutionPhase(TestCaseExecutor.java:418)
	at com.kms.katalon.core.main.TestCaseExecutor.accessMainPhase(TestCaseExecutor.java:410)
	at com.kms.katalon.core.main.TestCaseExecutor.execute(TestCaseExecutor.java:285)
	at com.kms.katalon.core.common.CommonExecutor.accessTestCaseMainPhase(CommonExecutor.java:65)
	at com.kms.katalon.core.main.TestSuiteExecutor.accessTestSuiteMainPhase(TestSuiteExecutor.java:148)
	at com.kms.katalon.core.main.TestSuiteExecutor.execute(TestSuiteExecutor.java:106)
	at com.kms.katalon.core.main.TestCaseMain.startTestSuite(TestCaseMain.java:187)
	at com.kms.katalon.core.main.TestCaseMain$startTestSuite$0.call(Unknown Source)
	at TempTestSuite1692874420462.run(TempTestSuite1692874420462.groovy:36)
Caused by: com.kms.katalon.core.webui.exception.WebElementNotFoundException: Web element with id: 'Object Repository/HomePage/header_Hola_text_HP' located by '//span[@class='a-header__topLink popover-session']' not found
	at com.kms.katalon.core.webui.common.WebUiCommonHelper.findWebElement(WebUiCommonHelper.java:1381)
	at com.kms.katalon.core.webui.keyword.internal.WebUIAbstractKeyword.findWebElement(WebUIAbstractKeyword.groovy:27)
	at com.kms.katalon.core.webui.keyword.internal.WebUIAbstractKeyword.findWebElement(WebUIAbstractKeyword.groovy:26)
	at com.kms.katalon.core.webui.keyword.builtin.MouseOverKeyword$_mouseOver_closure1.doCall(MouseOverKeyword.groovy:54)
	at com.kms.katalon.core.webui.keyword.builtin.MouseOverKeyword$_mouseOver_closure1.call(MouseOverKeyword.groovy)
	at com.kms.katalon.core.webui.keyword.internal.WebUIKeywordMain.runKeyword(WebUIKeywordMain.groovy:20)
	... 19 more


2023-08-24 18:17:04 - [TEST_STEP][PASSED] - openBrowser(""): Browser is opened with url: ''

2023-08-24 18:17:04 - [MESSAGE][INFO] - Starting 'Chrome' driver

2023-08-24 18:17:04 - [MESSAGE][INFO] - Action delay is set to 0 milliseconds

2023-08-24 18:17:06 - [MESSAGE][PASSED] - Browser is opened with url: ''

2023-08-24 18:17:06 - [TEST_STEP][PASSED] - navigateToUrl(URL): Navigate to 'https://odtaqaa.liverpool.com.mx/tienda/home' successfully

2023-08-24 18:17:57 - [MESSAGE][PASSED] - Navigate to 'https://odtaqaa.liverpool.com.mx/tienda/home' successfully

2023-08-24 18:17:57 - [TEST_STEP][PASSED] - maximizeWindow(): Current window maximized

2023-08-24 18:17:57 - [MESSAGE][PASSED] - Current window maximized

2023-08-24 18:17:57 - [TEST_STEP][PASSED] - callTestCase(findTestCase("CommonMethods/login_odtaqab"), [:], OPTIONAL): Call Test Case 'Test Cases/CommonMethods/login_odtaqab' successfully

2023-08-24 18:17:57 - [TEST_CASE][PASSED] - Test Cases/CommonMethods/login_odtaqab: Test Cases/CommonMethods/login_odtaqab

2023-08-24 18:17:57 - [TEST_STEP][PASSED] - click(findTestObject("HomePage/Iniciar sesion")): Object: 'Object Repository/HomePage/Iniciar sesion' is clicked on

2023-08-24 18:17:58 - [MESSAGE][PASSED] - Object: 'Object Repository/HomePage/Iniciar sesion' is clicked on

2023-08-24 18:17:58 - [TEST_STEP][PASSED] - enhancedClick(findTestObject("HomePage/EnterUsername_LP")): Object: 'Object Repository/HomePage/EnterUsername_LP' is clicked on

2023-08-24 18:18:13 - [MESSAGE][PASSED] - Object: 'Object Repository/HomePage/EnterUsername_LP' is clicked on

2023-08-24 18:18:13 - [TEST_STEP][PASSED] - setText(findTestObject("HomePage/EnterUsername_LP"), username): Text 'hcheruvu29@digisprint.com' is set on object 'Object Repository/HomePage/EnterUsername_LP'

2023-08-24 18:18:14 - [MESSAGE][PASSED] - Text 'hcheruvu29@digisprint.com' is set on object 'Object Repository/HomePage/EnterUsername_LP'

2023-08-24 18:18:14 - [TEST_STEP][PASSED] - delay(2): Delayed 2 second(s)

2023-08-24 18:18:16 - [MESSAGE][PASSED] - Delayed 2 second(s)

2023-08-24 18:18:16 - [TEST_STEP][PASSED] - enhancedClick(findTestObject("HomePage/EnterPassword_LP")): Object: 'Object Repository/HomePage/EnterPassword_LP' is clicked on

2023-08-24 18:18:16 - [MESSAGE][PASSED] - Object: 'Object Repository/HomePage/EnterPassword_LP' is clicked on

2023-08-24 18:18:16 - [TEST_STEP][PASSED] - delay(2): Delayed 2 second(s)

2023-08-24 18:18:18 - [MESSAGE][PASSED] - Delayed 2 second(s)

2023-08-24 18:18:18 - [TEST_STEP][PASSED] - setText(findTestObject("HomePage/EnterPassword_LP"), password): Text 'Test@12345' is set on object 'Object Repository/HomePage/EnterPassword_LP'

2023-08-24 18:18:19 - [MESSAGE][PASSED] - Text 'Test@12345' is set on object 'Object Repository/HomePage/EnterPassword_LP'

2023-08-24 18:18:19 - [TEST_STEP][PASSED] - click(findTestObject("HomePage/inciar")): Object: 'Object Repository/HomePage/inciar' is clicked on

2023-08-24 18:18:27 - [MESSAGE][PASSED] - Object: 'Object Repository/HomePage/inciar' is clicked on

2023-08-24 18:18:27 - [MESSAGE][PASSED] - Call Test Case 'Test Cases/CommonMethods/login_odtaqab' successfully

2023-08-24 18:18:27 - [TEST_STEP][FAILED] - mouseOver(findTestObject("HomePage/header_Hola_text_HP"), STOP_ON_FAILURE): Unable to move mouse over object 'Object Repository/HomePage/header_Hola_text_HP' (Root cause: com.kms.katalon.core.exception.StepFailedException: Unable to move mouse over object 'Object Repository/HomePage/header_Hola_text_HP'
	at com.kms.katalon.core.webui.keyword.internal.WebUIKeywordMain.stepFailed(WebUIKeywordMain.groovy:64)
	at com.kms.katalon.core.webui.keyword.internal.WebUIKeywordMain.runKeyword(WebUIKeywordMain.groovy:26)
	at com.kms.katalon.core.webui.keyword.builtin.MouseOverKeyword.mouseOver(MouseOverKeyword.groovy:66)
	at com.kms.katalon.core.webui.keyword.builtin.MouseOverKeyword.execute(MouseOverKeyword.groovy:40)
	at com.kms.katalon.core.keyword.internal.KeywordExecutor.executeKeywordForPlatform(KeywordExecutor.groovy:74)
	at com.kms.katalon.core.webui.keyword.WebUiBuiltInKeywords.mouseOver(WebUiBuiltInKeywords.groovy:794)
	at com.kms.katalon.core.webui.keyword.WebUiBuiltInKeywords$mouseOver$14.call(Unknown Source)
	at TS_SMOKE_SUITE_015.run(TS_SMOKE_SUITE_015:28)
	at com.kms.katalon.core.main.ScriptEngine.run(ScriptEngine.java:194)
	at com.kms.katalon.core.main.ScriptEngine.runScriptAsRawText(ScriptEngine.java:119)
	at com.kms.katalon.core.main.TestCaseExecutor.runScript(TestCaseExecutor.java:448)
	at com.kms.katalon.core.main.TestCaseExecutor.doExecute(TestCaseExecutor.java:439)
	at com.kms.katalon.core.main.TestCaseExecutor.processExecutionPhase(TestCaseExecutor.java:418)
	at com.kms.katalon.core.main.TestCaseExecutor.accessMainPhase(TestCaseExecutor.java:410)
	at com.kms.katalon.core.main.TestCaseExecutor.execute(TestCaseExecutor.java:285)
	at com.kms.katalon.core.common.CommonExecutor.accessTestCaseMainPhase(CommonExecutor.java:65)
	at com.kms.katalon.core.main.TestSuiteExecutor.accessTestSuiteMainPhase(TestSuiteExecutor.java:148)
	at com.kms.katalon.core.main.TestSuiteExecutor.execute(TestSuiteExecutor.java:106)
	at com.kms.katalon.core.main.TestCaseMain.startTestSuite(TestCaseMain.java:187)
	at com.kms.katalon.core.main.TestCaseMain$startTestSuite$0.call(Unknown Source)
	at TempTestSuite1692874420462.run(TempTestSuite1692874420462.groovy:36)
Caused by: com.kms.katalon.core.webui.exception.WebElementNotFoundException: Web element with id: 'Object Repository/HomePage/header_Hola_text_HP' located by '//span[@class='a-header__topLink popover-session']' not found
	at com.kms.katalon.core.webui.common.WebUiCommonHelper.findWebElement(WebUiCommonHelper.java:1381)
	at com.kms.katalon.core.webui.keyword.internal.WebUIAbstractKeyword.findWebElement(WebUIAbstractKeyword.groovy:27)
	at com.kms.katalon.core.webui.keyword.internal.WebUIAbstractKeyword.findWebElement(WebUIAbstractKeyword.groovy:26)
	at com.kms.katalon.core.webui.keyword.builtin.MouseOverKeyword$_mouseOver_closure1.doCall(MouseOverKeyword.groovy:54)
	at com.kms.katalon.core.webui.keyword.builtin.MouseOverKeyword$_mouseOver_closure1.call(MouseOverKeyword.groovy)
	at com.kms.katalon.core.webui.keyword.internal.WebUIKeywordMain.runKeyword(WebUIKeywordMain.groovy:20)
	at com.kms.katalon.core.webui.keyword.builtin.MouseOverKeyword.mouseOver(MouseOverKeyword.groovy:66)
	at com.kms.katalon.core.webui.keyword.builtin.MouseOverKeyword.execute(MouseOverKeyword.groovy:40)
	at com.kms.katalon.core.keyword.internal.KeywordExecutor.executeKeywordForPlatform(KeywordExecutor.groovy:74)
	at com.kms.katalon.core.webui.keyword.WebUiBuiltInKeywords.mouseOver(WebUiBuiltInKeywords.groovy:794)
	at com.kms.katalon.core.webui.keyword.WebUiBuiltInKeywords$mouseOver$14.call(Unknown Source)
	at Script1690955500732.run(Script1690955500732.groovy:28)
	... 13 more
)

2023-08-24 18:18:59 - [MESSAGE][INFO] - Unable to find the element located by 'By.xpath: //span[@class='a-header__topLink popover-session']'. Please recheck the objects properties to make sure the desired element is located. 

2023-08-24 18:18:59 - [MESSAGE][FAILED] - Unable to move mouse over object 'Object Repository/HomePage/header_Hola_text_HP' (Root cause: com.kms.katalon.core.exception.StepFailedException: Unable to move mouse over object 'Object Repository/HomePage/header_Hola_text_HP'
	at com.kms.katalon.core.webui.keyword.internal.WebUIKeywordMain.stepFailed(WebUIKeywordMain.groovy:64)
	at com.kms.katalon.core.webui.keyword.internal.WebUIKeywordMain.runKeyword(WebUIKeywordMain.groovy:26)
	at com.kms.katalon.core.webui.keyword.builtin.MouseOverKeyword.mouseOver(MouseOverKeyword.groovy:66)
	at com.kms.katalon.core.webui.keyword.builtin.MouseOverKeyword.execute(MouseOverKeyword.groovy:40)
	at com.kms.katalon.core.keyword.internal.KeywordExecutor.executeKeywordForPlatform(KeywordExecutor.groovy:74)
	at com.kms.katalon.core.webui.keyword.WebUiBuiltInKeywords.mouseOver(WebUiBuiltInKeywords.groovy:794)
	at com.kms.katalon.core.webui.keyword.WebUiBuiltInKeywords$mouseOver$14.call(Unknown Source)
	at TS_SMOKE_SUITE_015.run(TS_SMOKE_SUITE_015:28)
	at com.kms.katalon.core.main.ScriptEngine.run(ScriptEngine.java:194)
	at com.kms.katalon.core.main.ScriptEngine.runScriptAsRawText(ScriptEngine.java:119)
	at com.kms.katalon.core.main.TestCaseExecutor.runScript(TestCaseExecutor.java:448)
	at com.kms.katalon.core.main.TestCaseExecutor.doExecute(TestCaseExecutor.java:439)
	at com.kms.katalon.core.main.TestCaseExecutor.processExecutionPhase(TestCaseExecutor.java:418)
	at com.kms.katalon.core.main.TestCaseExecutor.accessMainPhase(TestCaseExecutor.java:410)
	at com.kms.katalon.core.main.TestCaseExecutor.execute(TestCaseExecutor.java:285)
	at com.kms.katalon.core.common.CommonExecutor.accessTestCaseMainPhase(CommonExecutor.java:65)
	at com.kms.katalon.core.main.TestSuiteExecutor.accessTestSuiteMainPhase(TestSuiteExecutor.java:148)
	at com.kms.katalon.core.main.TestSuiteExecutor.execute(TestSuiteExecutor.java:106)
	at com.kms.katalon.core.main.TestCaseMain.startTestSuite(TestCaseMain.java:187)
	at com.kms.katalon.core.main.TestCaseMain$startTestSuite$0.call(Unknown Source)
	at TempTestSuite1692874420462.run(TempTestSuite1692874420462.groovy:36)
Caused by: com.kms.katalon.core.webui.exception.WebElementNotFoundException: Web element with id: 'Object Repository/HomePage/header_Hola_text_HP' located by '//span[@class='a-header__topLink popover-session']' not found
	at com.kms.katalon.core.webui.common.WebUiCommonHelper.findWebElement(WebUiCommonHelper.java:1381)
	at com.kms.katalon.core.webui.keyword.internal.WebUIAbstractKeyword.findWebElement(WebUIAbstractKeyword.groovy:27)
	at com.kms.katalon.core.webui.keyword.internal.WebUIAbstractKeyword.findWebElement(WebUIAbstractKeyword.groovy:26)
	at com.kms.katalon.core.webui.keyword.builtin.MouseOverKeyword$_mouseOver_closure1.doCall(MouseOverKeyword.groovy:54)
	at com.kms.katalon.core.webui.keyword.builtin.MouseOverKeyword$_mouseOver_closure1.call(MouseOverKeyword.groovy)
	at com.kms.katalon.core.webui.keyword.internal.WebUIKeywordMain.runKeyword(WebUIKeywordMain.groovy:20)
	at com.kms.katalon.core.webui.keyword.builtin.MouseOverKeyword.mouseOver(MouseOverKeyword.groovy:66)
	at com.kms.katalon.core.webui.keyword.builtin.MouseOverKeyword.execute(MouseOverKeyword.groovy:40)
	at com.kms.katalon.core.keyword.internal.KeywordExecutor.executeKeywordForPlatform(KeywordExecutor.groovy:74)
	at com.kms.katalon.core.webui.keyword.WebUiBuiltInKeywords.mouseOver(WebUiBuiltInKeywords.groovy:794)
	at com.kms.katalon.core.webui.keyword.WebUiBuiltInKeywords$mouseOver$14.call(Unknown Source)
	at Script1690955500732.run(Script1690955500732.groovy:28)
	... 13 more
)
[[ATTACHMENT|D:\\backup\\LiverpoolProject_SmokeSuite\\Reports\\20230824_162340\\SmokeSuite_AllModules\\20230824_162340\\1692881339077.png]]]]></system-out>
         <system-err><![CDATA[2023-08-24 18:17:04 - [TEST_CASE][FAILED] - Test Cases/HomePage/TS_SMOKE_SUITE_015: Test Cases/HomePage/TS_SMOKE_SUITE_015 FAILED.
Reason:
com.kms.katalon.core.exception.StepFailedException: Unable to move mouse over object 'Object Repository/HomePage/header_Hola_text_HP'
	at com.kms.katalon.core.webui.keyword.internal.WebUIKeywordMain.stepFailed(WebUIKeywordMain.groovy:64)
	at com.kms.katalon.core.webui.keyword.internal.WebUIKeywordMain.runKeyword(WebUIKeywordMain.groovy:26)
	at com.kms.katalon.core.webui.keyword.builtin.MouseOverKeyword.mouseOver(MouseOverKeyword.groovy:66)
	at com.kms.katalon.core.webui.keyword.builtin.MouseOverKeyword.execute(MouseOverKeyword.groovy:40)
	at com.kms.katalon.core.keyword.internal.KeywordExecutor.executeKeywordForPlatform(KeywordExecutor.groovy:74)
	at com.kms.katalon.core.webui.keyword.WebUiBuiltInKeywords.mouseOver(WebUiBuiltInKeywords.groovy:794)
	at com.kms.katalon.core.webui.keyword.WebUiBuiltInKeywords$mouseOver$14.call(Unknown Source)
	at TS_SMOKE_SUITE_015.run(TS_SMOKE_SUITE_015:28)
	at com.kms.katalon.core.main.ScriptEngine.run(ScriptEngine.java:194)
	at com.kms.katalon.core.main.ScriptEngine.runScriptAsRawText(ScriptEngine.java:119)
	at com.kms.katalon.core.main.TestCaseExecutor.runScript(TestCaseExecutor.java:448)
	at com.kms.katalon.core.main.TestCaseExecutor.doExecute(TestCaseExecutor.java:439)
	at com.kms.katalon.core.main.TestCaseExecutor.processExecutionPhase(TestCaseExecutor.java:418)
	at com.kms.katalon.core.main.TestCaseExecutor.accessMainPhase(TestCaseExecutor.java:410)
	at com.kms.katalon.core.main.TestCaseExecutor.execute(TestCaseExecutor.java:285)
	at com.kms.katalon.core.common.CommonExecutor.accessTestCaseMainPhase(CommonExecutor.java:65)
	at com.kms.katalon.core.main.TestSuiteExecutor.accessTestSuiteMainPhase(TestSuiteExecutor.java:148)
	at com.kms.katalon.core.main.TestSuiteExecutor.execute(TestSuiteExecutor.java:106)
	at com.kms.katalon.core.main.TestCaseMain.startTestSuite(TestCaseMain.java:187)
	at com.kms.katalon.core.main.TestCaseMain$startTestSuite$0.call(Unknown Source)
	at TempTestSuite1692874420462.run(TempTestSuite1692874420462.groovy:36)
Caused by: com.kms.katalon.core.webui.exception.WebElementNotFoundException: Web element with id: 'Object Repository/HomePage/header_Hola_text_HP' located by '//span[@class='a-header__topLink popover-session']' not found
	at com.kms.katalon.core.webui.common.WebUiCommonHelper.findWebElement(WebUiCommonHelper.java:1381)
	at com.kms.katalon.core.webui.keyword.internal.WebUIAbstractKeyword.findWebElement(WebUIAbstractKeyword.groovy:27)
	at com.kms.katalon.core.webui.keyword.internal.WebUIAbstractKeyword.findWebElement(WebUIAbstractKeyword.groovy:26)
	at com.kms.katalon.core.webui.keyword.builtin.MouseOverKeyword$_mouseOver_closure1.doCall(MouseOverKeyword.groovy:54)
	at com.kms.katalon.core.webui.keyword.builtin.MouseOverKeyword$_mouseOver_closure1.call(MouseOverKeyword.groovy)
	at com.kms.katalon.core.webui.keyword.internal.WebUIKeywordMain.runKeyword(WebUIKeywordMain.groovy:20)
	... 19 more]]></system-err>
      </testcase>
      <testcase name="Test Cases/Search/TS_SMOKE_SUITE_059" time="72.422" classname="Test Cases/Search/TS_SMOKE_SUITE_059" status="PASSED">
         <system-out><![CDATA[2023-08-24 18:18:59 - [TEST_CASE][PASSED] - Test Cases/Search/TS_SMOKE_SUITE_059: Test Cases/Search/TS_SMOKE_SUITE_059

2023-08-24 18:18:59 - [TEST_STEP][PASSED] - openBrowser(""): Browser is opened with url: ''

2023-08-24 18:18:59 - [MESSAGE][WARNING] - A browser is already opened. Closing browser and opening a new one

2023-08-24 18:19:00 - [MESSAGE][INFO] - Starting 'Chrome' driver

2023-08-24 18:19:00 - [MESSAGE][INFO] - Action delay is set to 0 milliseconds

2023-08-24 18:19:01 - [MESSAGE][PASSED] - Browser is opened with url: ''

2023-08-24 18:19:01 - [TEST_STEP][PASSED] - navigateToUrl(URL): Navigate to 'https://odtaqaa.liverpool.com.mx/tienda/home' successfully

2023-08-24 18:19:51 - [MESSAGE][PASSED] - Navigate to 'https://odtaqaa.liverpool.com.mx/tienda/home' successfully

2023-08-24 18:19:51 - [TEST_STEP][PASSED] - maximizeWindow(): Current window maximized

2023-08-24 18:19:51 - [MESSAGE][PASSED] - Current window maximized

2023-08-24 18:19:51 - [TEST_STEP][PASSED] - callTestCase(findTestCase("CommonMethods/SearchForAProduct_search"), ["searchTerm":"mac"], STOP_ON_FAILURE): Call Test Case 'Test Cases/CommonMethods/SearchForAProduct_search' successfully

2023-08-24 18:19:51 - [TEST_CASE][PASSED] - Test Cases/CommonMethods/SearchForAProduct_search: Test Cases/CommonMethods/SearchForAProduct_search

2023-08-24 18:19:51 - [TEST_STEP][PASSED] - click(findTestObject("HomePage/Buscar1"), STOP_ON_FAILURE): Object: 'Object Repository/HomePage/Buscar1' is clicked on

2023-08-24 18:19:52 - [MESSAGE][PASSED] - Object: 'Object Repository/HomePage/Buscar1' is clicked on

2023-08-24 18:19:52 - [TEST_STEP][PASSED] - delay(3): Delayed 3 second(s)

2023-08-24 18:19:55 - [MESSAGE][PASSED] - Delayed 3 second(s)

2023-08-24 18:19:55 - [TEST_STEP][PASSED] - setText(findTestObject("HomePage/Buscar1"), searchTerm): Text 'mac' is set on object 'Object Repository/HomePage/Buscar1'

2023-08-24 18:19:56 - [MESSAGE][PASSED] - Text 'mac' is set on object 'Object Repository/HomePage/Buscar1'

2023-08-24 18:19:56 - [TEST_STEP][PASSED] - delay(3): Delayed 3 second(s)

2023-08-24 18:19:59 - [MESSAGE][PASSED] - Delayed 3 second(s)

2023-08-24 18:19:59 - [TEST_STEP][PASSED] - sendKeys(findTestObject("HomePage/Seach_TextBox_hp"), Keys.chord(ENTER)): Keys 'ENTER + ' sent to object: 'Object Repository/HomePage/Seach_TextBox_hp'

2023-08-24 18:20:03 - [MESSAGE][PASSED] - Keys 'ENTER + ' sent to object: 'Object Repository/HomePage/Seach_TextBox_hp'

2023-08-24 18:20:03 - [MESSAGE][PASSED] - Call Test Case 'Test Cases/CommonMethods/SearchForAProduct_search' successfully

2023-08-24 18:20:03 - [TEST_STEP][PASSED] - verifyElementPresent(findTestObject("PDPPage/product_56_PDP"), 0): Object 'Object Repository/PDPPage/product_56_PDP' is present

2023-08-24 18:20:03 - [MESSAGE][WARNING] - Timeout '0' is invalid. Using default page load timeout: '30'

2023-08-24 18:20:10 - [MESSAGE][PASSED] - Object 'Object Repository/PDPPage/product_56_PDP' is present

2023-08-24 18:20:10 - [TEST_STEP][PASSED] - verifyElementNotPresent(findTestObject("PDPPage/product_57_PDP"), 0): Web element with id: 'Object Repository/PDPPage/product_57_PDP' located by 'By.xpath: //ul[@class="m-product__listingPlp"]//li[57]' is not present after '30' second(s)

2023-08-24 18:20:10 - [MESSAGE][WARNING] - Timeout '0' is invalid. Using default page load timeout: '30'

2023-08-24 18:20:11 - [MESSAGE][PASSED] - Web element with id: 'Object Repository/PDPPage/product_57_PDP' located by 'By.xpath: //ul[@class="m-product__listingPlp"]//li[57]' is not present after '30' second(s)

2023-08-24 18:20:11 - [TEST_STEP][PASSED] - closeBrowser(): Browser is closed

2023-08-24 18:20:11 - [MESSAGE][PASSED] - Browser is closed]]></system-out>
         <system-err><![CDATA[]]></system-err>
      </testcase>
      <testcase name="Test Cases/Search/TS_SMOKE_SUITE_060" time="117.663" classname="Test Cases/Search/TS_SMOKE_SUITE_060" status="PASSED">
         <system-out><![CDATA[2023-08-24 18:20:11 - [TEST_CASE][PASSED] - Test Cases/Search/TS_SMOKE_SUITE_060: Test Cases/Search/TS_SMOKE_SUITE_060

2023-08-24 18:20:12 - [TEST_STEP][PASSED] - openBrowser(""): Browser is opened with url: ''

2023-08-24 18:20:12 - [MESSAGE][INFO] - Starting 'Chrome' driver

2023-08-24 18:20:12 - [MESSAGE][INFO] - Action delay is set to 0 milliseconds

2023-08-24 18:20:13 - [MESSAGE][PASSED] - Browser is opened with url: ''

2023-08-24 18:20:13 - [TEST_STEP][PASSED] - navigateToUrl(URL): Navigate to 'https://odtaqaa.liverpool.com.mx/tienda/home' successfully

2023-08-24 18:21:18 - [MESSAGE][PASSED] - Navigate to 'https://odtaqaa.liverpool.com.mx/tienda/home' successfully

2023-08-24 18:21:18 - [TEST_STEP][PASSED] - maximizeWindow(): Current window maximized

2023-08-24 18:21:18 - [MESSAGE][PASSED] - Current window maximized

2023-08-24 18:21:18 - [TEST_STEP][PASSED] - callTestCase(findTestCase("CommonMethods/SearchForAProduct_search"), ["searchTerm":"mac"], STOP_ON_FAILURE): Call Test Case 'Test Cases/CommonMethods/SearchForAProduct_search' successfully

2023-08-24 18:21:18 - [TEST_CASE][PASSED] - Test Cases/CommonMethods/SearchForAProduct_search: Test Cases/CommonMethods/SearchForAProduct_search

2023-08-24 18:21:18 - [TEST_STEP][PASSED] - click(findTestObject("HomePage/Buscar1"), STOP_ON_FAILURE): Object: 'Object Repository/HomePage/Buscar1' is clicked on

2023-08-24 18:21:20 - [MESSAGE][PASSED] - Object: 'Object Repository/HomePage/Buscar1' is clicked on

2023-08-24 18:21:20 - [TEST_STEP][PASSED] - delay(3): Delayed 3 second(s)

2023-08-24 18:21:23 - [MESSAGE][PASSED] - Delayed 3 second(s)

2023-08-24 18:21:23 - [TEST_STEP][PASSED] - setText(findTestObject("HomePage/Buscar1"), searchTerm): Text 'mac' is set on object 'Object Repository/HomePage/Buscar1'

2023-08-24 18:21:24 - [MESSAGE][PASSED] - Text 'mac' is set on object 'Object Repository/HomePage/Buscar1'

2023-08-24 18:21:24 - [TEST_STEP][PASSED] - delay(3): Delayed 3 second(s)

2023-08-24 18:21:27 - [MESSAGE][PASSED] - Delayed 3 second(s)

2023-08-24 18:21:27 - [TEST_STEP][PASSED] - sendKeys(findTestObject("HomePage/Seach_TextBox_hp"), Keys.chord(ENTER)): Keys 'ENTER + ' sent to object: 'Object Repository/HomePage/Seach_TextBox_hp'

2023-08-24 18:21:30 - [MESSAGE][PASSED] - Keys 'ENTER + ' sent to object: 'Object Repository/HomePage/Seach_TextBox_hp'

2023-08-24 18:21:30 - [MESSAGE][PASSED] - Call Test Case 'Test Cases/CommonMethods/SearchForAProduct_search' successfully

2023-08-24 18:21:30 - [TEST_STEP][PASSED] - click(findTestObject("HomePage/Logo_hp")): Object: 'Object Repository/HomePage/Logo_hp' is clicked on

2023-08-24 18:21:31 - [MESSAGE][PASSED] - Object: 'Object Repository/HomePage/Logo_hp' is clicked on

2023-08-24 18:21:31 - [TEST_STEP][PASSED] - callTestCase(findTestCase("CommonMethods/SearchForAProduct_search"), ["searchTerm":"mac"], STOP_ON_FAILURE): Call Test Case 'Test Cases/CommonMethods/SearchForAProduct_search' successfully

2023-08-24 18:21:31 - [TEST_CASE][PASSED] - Test Cases/CommonMethods/SearchForAProduct_search: Test Cases/CommonMethods/SearchForAProduct_search

2023-08-24 18:21:31 - [TEST_STEP][PASSED] - click(findTestObject("HomePage/Buscar1"), STOP_ON_FAILURE): Object: 'Object Repository/HomePage/Buscar1' is clicked on

2023-08-24 18:21:32 - [MESSAGE][PASSED] - Object: 'Object Repository/HomePage/Buscar1' is clicked on

2023-08-24 18:21:32 - [TEST_STEP][PASSED] - delay(3): Delayed 3 second(s)

2023-08-24 18:21:35 - [MESSAGE][PASSED] - Delayed 3 second(s)

2023-08-24 18:21:35 - [TEST_STEP][PASSED] - setText(findTestObject("HomePage/Buscar1"), searchTerm): Text 'mac' is set on object 'Object Repository/HomePage/Buscar1'

2023-08-24 18:21:52 - [MESSAGE][PASSED] - Text 'mac' is set on object 'Object Repository/HomePage/Buscar1'

2023-08-24 18:21:52 - [TEST_STEP][PASSED] - delay(3): Delayed 3 second(s)

2023-08-24 18:21:55 - [MESSAGE][PASSED] - Delayed 3 second(s)

2023-08-24 18:21:55 - [TEST_STEP][PASSED] - sendKeys(findTestObject("HomePage/Seach_TextBox_hp"), Keys.chord(ENTER)): Keys 'ENTER + ' sent to object: 'Object Repository/HomePage/Seach_TextBox_hp'

2023-08-24 18:21:57 - [MESSAGE][PASSED] - Keys 'ENTER + ' sent to object: 'Object Repository/HomePage/Seach_TextBox_hp'

2023-08-24 18:21:57 - [MESSAGE][PASSED] - Call Test Case 'Test Cases/CommonMethods/SearchForAProduct_search' successfully

2023-08-24 18:21:57 - [TEST_STEP][PASSED] - verifyElementPresent(findTestObject("PLPPage/facetes/Facet_Seller_liverpool_PLP"), 0): Object 'Object Repository/PLPPage/facetes/Facet_Seller_liverpool_PLP' is present

2023-08-24 18:21:57 - [MESSAGE][WARNING] - Timeout '0' is invalid. Using default page load timeout: '30'

2023-08-24 18:22:02 - [MESSAGE][PASSED] - Object 'Object Repository/PLPPage/facetes/Facet_Seller_liverpool_PLP' is present

2023-08-24 18:22:02 - [TEST_STEP][PASSED] - a = getText(findTestObject("PLPPage/Facet_Seller_liverpool_title_PLP"), STOP_ON_FAILURE): Text of object 'Object Repository/PLPPage/Facet_Seller_liverpool_title_PLP' is: 'Liverpool (123)'

2023-08-24 18:22:02 - [MESSAGE][PASSED] - Text of object 'Object Repository/PLPPage/Facet_Seller_liverpool_title_PLP' is: 'Liverpool (123)'

2023-08-24 18:22:02 - [TEST_STEP][PASSED] - click(findTestObject("PLPPage/facetes/Facet_Seller_liverpool_PLP"), STOP_ON_FAILURE): Object: 'Object Repository/PLPPage/facetes/Facet_Seller_liverpool_PLP' is clicked on

2023-08-24 18:22:03 - [MESSAGE][PASSED] - Object: 'Object Repository/PLPPage/facetes/Facet_Seller_liverpool_PLP' is clicked on

2023-08-24 18:22:03 - [TEST_STEP][PASSED] - b = getText(findTestObject("PLPPage/facetes/selectedfacet1_PLP")): Text of object 'Object Repository/PLPPage/facetes/selectedfacet1_PLP' is: 'Liverpool'

2023-08-24 18:22:08 - [MESSAGE][PASSED] - Text of object 'Object Repository/PLPPage/facetes/selectedfacet1_PLP' is: 'Liverpool'

2023-08-24 18:22:08 - [TEST_STEP][PASSED] - out.println(a): null

2023-08-24 18:22:08 - [TEST_STEP][PASSED] - out.println(b): null

2023-08-24 18:22:08 - [TEST_STEP][PASSED] - if (a.contains(b)): null

2023-08-24 18:22:08 - [TEST_STEP][PASSED] - out.println("facet selected"): null

2023-08-24 18:22:08 - [TEST_STEP][PASSED] - closeBrowser(): Browser is closed

2023-08-24 18:22:09 - [MESSAGE][PASSED] - Browser is closed]]></system-out>
         <system-err><![CDATA[]]></system-err>
      </testcase>
      <testcase name="Test Cases/Search/TS_SMOKE_SUITE_061" time="153.202" classname="Test Cases/Search/TS_SMOKE_SUITE_061" status="PASSED">
         <system-out><![CDATA[2023-08-24 18:22:09 - [TEST_CASE][PASSED] - Test Cases/Search/TS_SMOKE_SUITE_061: Test Cases/Search/TS_SMOKE_SUITE_061

2023-08-24 18:22:09 - [TEST_STEP][PASSED] - openBrowser(""): Browser is opened with url: ''

2023-08-24 18:22:09 - [MESSAGE][INFO] - Starting 'Chrome' driver

2023-08-24 18:22:09 - [MESSAGE][INFO] - Action delay is set to 0 milliseconds

2023-08-24 18:22:11 - [MESSAGE][PASSED] - Browser is opened with url: ''

2023-08-24 18:22:11 - [TEST_STEP][PASSED] - navigateToUrl(URL): Navigate to 'https://odtaqaa.liverpool.com.mx/tienda/home' successfully

2023-08-24 18:23:01 - [MESSAGE][PASSED] - Navigate to 'https://odtaqaa.liverpool.com.mx/tienda/home' successfully

2023-08-24 18:23:01 - [TEST_STEP][PASSED] - maximizeWindow(): Current window maximized

2023-08-24 18:23:01 - [MESSAGE][PASSED] - Current window maximized

2023-08-24 18:23:01 - [TEST_STEP][PASSED] - callTestCase(findTestCase("CommonMethods/SearchForAProduct_search"), ["searchTerm":"mac"], STOP_ON_FAILURE): Call Test Case 'Test Cases/CommonMethods/SearchForAProduct_search' successfully

2023-08-24 18:23:01 - [TEST_CASE][PASSED] - Test Cases/CommonMethods/SearchForAProduct_search: Test Cases/CommonMethods/SearchForAProduct_search

2023-08-24 18:23:01 - [TEST_STEP][PASSED] - click(findTestObject("HomePage/Buscar1"), STOP_ON_FAILURE): Object: 'Object Repository/HomePage/Buscar1' is clicked on

2023-08-24 18:23:02 - [MESSAGE][PASSED] - Object: 'Object Repository/HomePage/Buscar1' is clicked on

2023-08-24 18:23:02 - [TEST_STEP][PASSED] - delay(3): Delayed 3 second(s)

2023-08-24 18:23:05 - [MESSAGE][PASSED] - Delayed 3 second(s)

2023-08-24 18:23:05 - [TEST_STEP][PASSED] - setText(findTestObject("HomePage/Buscar1"), searchTerm): Text 'mac' is set on object 'Object Repository/HomePage/Buscar1'

2023-08-24 18:23:06 - [MESSAGE][PASSED] - Text 'mac' is set on object 'Object Repository/HomePage/Buscar1'

2023-08-24 18:23:06 - [TEST_STEP][PASSED] - delay(3): Delayed 3 second(s)

2023-08-24 18:23:09 - [MESSAGE][PASSED] - Delayed 3 second(s)

2023-08-24 18:23:09 - [TEST_STEP][PASSED] - sendKeys(findTestObject("HomePage/Seach_TextBox_hp"), Keys.chord(ENTER)): Keys 'ENTER + ' sent to object: 'Object Repository/HomePage/Seach_TextBox_hp'

2023-08-24 18:23:13 - [MESSAGE][PASSED] - Keys 'ENTER + ' sent to object: 'Object Repository/HomePage/Seach_TextBox_hp'

2023-08-24 18:23:13 - [MESSAGE][PASSED] - Call Test Case 'Test Cases/CommonMethods/SearchForAProduct_search' successfully

2023-08-24 18:23:13 - [TEST_STEP][PASSED] - click(findTestObject("HomePage/Logo_hp")): Object: 'Object Repository/HomePage/Logo_hp' is clicked on

2023-08-24 18:23:16 - [MESSAGE][PASSED] - Object: 'Object Repository/HomePage/Logo_hp' is clicked on

2023-08-24 18:23:16 - [TEST_STEP][PASSED] - callTestCase(findTestCase("CommonMethods/SearchForAProduct_search"), ["searchTerm":"mac"], STOP_ON_FAILURE): Call Test Case 'Test Cases/CommonMethods/SearchForAProduct_search' successfully

2023-08-24 18:23:16 - [TEST_CASE][PASSED] - Test Cases/CommonMethods/SearchForAProduct_search: Test Cases/CommonMethods/SearchForAProduct_search

2023-08-24 18:23:16 - [TEST_STEP][PASSED] - click(findTestObject("HomePage/Buscar1"), STOP_ON_FAILURE): Object: 'Object Repository/HomePage/Buscar1' is clicked on

2023-08-24 18:23:17 - [MESSAGE][PASSED] - Object: 'Object Repository/HomePage/Buscar1' is clicked on

2023-08-24 18:23:17 - [TEST_STEP][PASSED] - delay(3): Delayed 3 second(s)

2023-08-24 18:23:20 - [MESSAGE][PASSED] - Delayed 3 second(s)

2023-08-24 18:23:20 - [TEST_STEP][PASSED] - setText(findTestObject("HomePage/Buscar1"), searchTerm): Text 'mac' is set on object 'Object Repository/HomePage/Buscar1'

2023-08-24 18:23:41 - [MESSAGE][PASSED] - Text 'mac' is set on object 'Object Repository/HomePage/Buscar1'

2023-08-24 18:23:41 - [TEST_STEP][PASSED] - delay(3): Delayed 3 second(s)

2023-08-24 18:23:44 - [MESSAGE][PASSED] - Delayed 3 second(s)

2023-08-24 18:23:44 - [TEST_STEP][PASSED] - sendKeys(findTestObject("HomePage/Seach_TextBox_hp"), Keys.chord(ENTER)): Keys 'ENTER + ' sent to object: 'Object Repository/HomePage/Seach_TextBox_hp'

2023-08-24 18:23:44 - [MESSAGE][PASSED] - Keys 'ENTER + ' sent to object: 'Object Repository/HomePage/Seach_TextBox_hp'

2023-08-24 18:23:44 - [MESSAGE][PASSED] - Call Test Case 'Test Cases/CommonMethods/SearchForAProduct_search' successfully

2023-08-24 18:23:44 - [TEST_STEP][PASSED] - delay(5): Delayed 5 second(s)

2023-08-24 18:23:49 - [MESSAGE][PASSED] - Delayed 5 second(s)

2023-08-24 18:23:49 - [TEST_STEP][PASSED] - scrollToElement(findTestObject("PLPPage/pagenation_1_PLP"), 0): Scroll to object 'Object Repository/PLPPage/pagenation_1_PLP' successfully

2023-08-24 18:23:49 - [MESSAGE][WARNING] - Timeout '0' is invalid. Using default page load timeout: '30'

2023-08-24 18:23:54 - [MESSAGE][PASSED] - Scroll to object 'Object Repository/PLPPage/pagenation_1_PLP' successfully

2023-08-24 18:23:54 - [TEST_STEP][PASSED] - scrollToPosition(450, 0): Browser is scrolled to position x = 450, y = 0

2023-08-24 18:23:55 - [MESSAGE][PASSED] - Browser is scrolled to position x = 450, y = 0

2023-08-24 18:23:55 - [TEST_STEP][PASSED] - click(findTestObject("PLPPage/pagenation_2_PLP"), STOP_ON_FAILURE): Object: 'Object Repository/PLPPage/pagenation_2_PLP' is clicked on

2023-08-24 18:23:56 - [MESSAGE][PASSED] - Object: 'Object Repository/PLPPage/pagenation_2_PLP' is clicked on

2023-08-24 18:23:56 - [TEST_STEP][PASSED] - delay(10): Delayed 10 second(s)

2023-08-24 18:24:06 - [MESSAGE][PASSED] - Delayed 10 second(s)

2023-08-24 18:24:06 - [TEST_STEP][PASSED] - a1 = getUrl(): Current window's url is: 'https://odtaqaa.liverpool.com.mx/tienda/page-2?s=mac'

2023-08-24 18:24:06 - [MESSAGE][PASSED] - Current window's url is: 'https://odtaqaa.liverpool.com.mx/tienda/page-2?s=mac'

2023-08-24 18:24:06 - [TEST_STEP][PASSED] - out.println(a1): null

2023-08-24 18:24:06 - [TEST_STEP][PASSED] - a = a1.contains("page-2"): null

2023-08-24 18:24:06 - [TEST_STEP][PASSED] - out.println(a): null

2023-08-24 18:24:06 - [TEST_STEP][PASSED] - delay(10): Delayed 10 second(s)

2023-08-24 18:24:16 - [MESSAGE][PASSED] - Delayed 10 second(s)

2023-08-24 18:24:16 - [TEST_STEP][PASSED] - out.println(a): null

2023-08-24 18:24:16 - [TEST_STEP][PASSED] - delay(5): Delayed 5 second(s)

2023-08-24 18:24:21 - [MESSAGE][PASSED] - Delayed 5 second(s)

2023-08-24 18:24:21 - [TEST_STEP][PASSED] - scrollToElement(findTestObject("PLPPage/pagenation_1_PLP"), 0): Scroll to object 'Object Repository/PLPPage/pagenation_1_PLP' successfully

2023-08-24 18:24:21 - [MESSAGE][WARNING] - Timeout '0' is invalid. Using default page load timeout: '30'

2023-08-24 18:24:21 - [MESSAGE][PASSED] - Scroll to object 'Object Repository/PLPPage/pagenation_1_PLP' successfully

2023-08-24 18:24:21 - [TEST_STEP][PASSED] - delay(10): Delayed 10 second(s)

2023-08-24 18:24:31 - [MESSAGE][PASSED] - Delayed 10 second(s)

2023-08-24 18:24:31 - [TEST_STEP][PASSED] - click(findTestObject("PLPPage/pagenation_1_PLP"), STOP_ON_FAILURE): Object: 'Object Repository/PLPPage/pagenation_1_PLP' is clicked on

2023-08-24 18:24:31 - [MESSAGE][PASSED] - Object: 'Object Repository/PLPPage/pagenation_1_PLP' is clicked on

2023-08-24 18:24:31 - [TEST_STEP][PASSED] - delay(10): Delayed 10 second(s)

2023-08-24 18:24:41 - [MESSAGE][PASSED] - Delayed 10 second(s)

2023-08-24 18:24:41 - [TEST_STEP][PASSED] - if (a == true): null

2023-08-24 18:24:41 - [TEST_STEP][PASSED] - out.println("pagenation clicked page 2"): null

2023-08-24 18:24:41 - [TEST_STEP][PASSED] - b1 = getUrl(): Current window's url is: 'https://odtaqaa.liverpool.com.mx/tienda/page-1?s=mac'

2023-08-24 18:24:41 - [MESSAGE][PASSED] - Current window's url is: 'https://odtaqaa.liverpool.com.mx/tienda/page-1?s=mac'

2023-08-24 18:24:41 - [TEST_STEP][PASSED] - b = b1.contains("page-1"): null

2023-08-24 18:24:41 - [TEST_STEP][PASSED] - out.println(b1): null

2023-08-24 18:24:41 - [TEST_STEP][PASSED] - if (b == true): null

2023-08-24 18:24:41 - [TEST_STEP][PASSED] - out.println("pagenation clicked page 1"): null

2023-08-24 18:24:41 - [TEST_STEP][PASSED] - closeBrowser(): Browser is closed

2023-08-24 18:24:42 - [MESSAGE][PASSED] - Browser is closed]]></system-out>
         <system-err><![CDATA[]]></system-err>
      </testcase>
      <testcase name="Test Cases/Search/TS_SMOKE_SUITE_062" time="150.415" classname="Test Cases/Search/TS_SMOKE_SUITE_062" status="PASSED">
         <system-out><![CDATA[2023-08-24 18:24:42 - [TEST_CASE][PASSED] - Test Cases/Search/TS_SMOKE_SUITE_062: Test Cases/Search/TS_SMOKE_SUITE_062

2023-08-24 18:24:42 - [TEST_STEP][PASSED] - openBrowser(""): Browser is opened with url: ''

2023-08-24 18:24:42 - [MESSAGE][INFO] - Starting 'Chrome' driver

2023-08-24 18:24:42 - [MESSAGE][INFO] - Action delay is set to 0 milliseconds

2023-08-24 18:24:44 - [MESSAGE][PASSED] - Browser is opened with url: ''

2023-08-24 18:24:44 - [TEST_STEP][PASSED] - navigateToUrl(URL): Navigate to 'https://odtaqaa.liverpool.com.mx/tienda/home' successfully

2023-08-24 18:25:24 - [MESSAGE][PASSED] - Navigate to 'https://odtaqaa.liverpool.com.mx/tienda/home' successfully

2023-08-24 18:25:24 - [TEST_STEP][PASSED] - maximizeWindow(): Current window maximized

2023-08-24 18:25:25 - [MESSAGE][PASSED] - Current window maximized

2023-08-24 18:25:25 - [TEST_STEP][PASSED] - callTestCase(findTestCase("CommonMethods/SearchForAProduct_search"), ["searchTerm":"mac"], STOP_ON_FAILURE): Call Test Case 'Test Cases/CommonMethods/SearchForAProduct_search' successfully

2023-08-24 18:25:25 - [TEST_CASE][PASSED] - Test Cases/CommonMethods/SearchForAProduct_search: Test Cases/CommonMethods/SearchForAProduct_search

2023-08-24 18:25:25 - [TEST_STEP][PASSED] - click(findTestObject("HomePage/Buscar1"), STOP_ON_FAILURE): Object: 'Object Repository/HomePage/Buscar1' is clicked on

2023-08-24 18:25:25 - [MESSAGE][PASSED] - Object: 'Object Repository/HomePage/Buscar1' is clicked on

2023-08-24 18:25:25 - [TEST_STEP][PASSED] - delay(3): Delayed 3 second(s)

2023-08-24 18:25:28 - [MESSAGE][PASSED] - Delayed 3 second(s)

2023-08-24 18:25:28 - [TEST_STEP][PASSED] - setText(findTestObject("HomePage/Buscar1"), searchTerm): Text 'mac' is set on object 'Object Repository/HomePage/Buscar1'

2023-08-24 18:25:29 - [MESSAGE][PASSED] - Text 'mac' is set on object 'Object Repository/HomePage/Buscar1'

2023-08-24 18:25:29 - [TEST_STEP][PASSED] - delay(3): Delayed 3 second(s)

2023-08-24 18:25:32 - [MESSAGE][PASSED] - Delayed 3 second(s)

2023-08-24 18:25:32 - [TEST_STEP][PASSED] - sendKeys(findTestObject("HomePage/Seach_TextBox_hp"), Keys.chord(ENTER)): Keys 'ENTER + ' sent to object: 'Object Repository/HomePage/Seach_TextBox_hp'

2023-08-24 18:25:41 - [MESSAGE][PASSED] - Keys 'ENTER + ' sent to object: 'Object Repository/HomePage/Seach_TextBox_hp'

2023-08-24 18:25:41 - [MESSAGE][PASSED] - Call Test Case 'Test Cases/CommonMethods/SearchForAProduct_search' successfully

2023-08-24 18:25:41 - [TEST_STEP][PASSED] - click(findTestObject("HomePage/Logo_hp")): Object: 'Object Repository/HomePage/Logo_hp' is clicked on

2023-08-24 18:26:41 - [MESSAGE][PASSED] - Object: 'Object Repository/HomePage/Logo_hp' is clicked on

2023-08-24 18:26:41 - [TEST_STEP][PASSED] - callTestCase(findTestCase("CommonMethods/SearchForAProduct_search"), ["searchTerm":"mac"], STOP_ON_FAILURE): Call Test Case 'Test Cases/CommonMethods/SearchForAProduct_search' successfully

2023-08-24 18:26:41 - [TEST_CASE][PASSED] - Test Cases/CommonMethods/SearchForAProduct_search: Test Cases/CommonMethods/SearchForAProduct_search

2023-08-24 18:26:41 - [TEST_STEP][PASSED] - click(findTestObject("HomePage/Buscar1"), STOP_ON_FAILURE): Object: 'Object Repository/HomePage/Buscar1' is clicked on

2023-08-24 18:26:41 - [MESSAGE][PASSED] - Object: 'Object Repository/HomePage/Buscar1' is clicked on

2023-08-24 18:26:41 - [TEST_STEP][PASSED] - delay(3): Delayed 3 second(s)

2023-08-24 18:26:44 - [MESSAGE][PASSED] - Delayed 3 second(s)

2023-08-24 18:26:44 - [TEST_STEP][PASSED] - setText(findTestObject("HomePage/Buscar1"), searchTerm): Text 'mac' is set on object 'Object Repository/HomePage/Buscar1'

2023-08-24 18:26:50 - [MESSAGE][PASSED] - Text 'mac' is set on object 'Object Repository/HomePage/Buscar1'

2023-08-24 18:26:50 - [TEST_STEP][PASSED] - delay(3): Delayed 3 second(s)

2023-08-24 18:26:53 - [MESSAGE][PASSED] - Delayed 3 second(s)

2023-08-24 18:26:53 - [TEST_STEP][PASSED] - sendKeys(findTestObject("HomePage/Seach_TextBox_hp"), Keys.chord(ENTER)): Keys 'ENTER + ' sent to object: 'Object Repository/HomePage/Seach_TextBox_hp'

2023-08-24 18:26:57 - [MESSAGE][PASSED] - Keys 'ENTER + ' sent to object: 'Object Repository/HomePage/Seach_TextBox_hp'

2023-08-24 18:26:57 - [MESSAGE][PASSED] - Call Test Case 'Test Cases/CommonMethods/SearchForAProduct_search' successfully

2023-08-24 18:26:57 - [TEST_STEP][PASSED] - verifyElementPresent(findTestObject("PLPPage/product1_cardPrice_PLP"), 0): Object 'Object Repository/PLPPage/product1_cardPrice_PLP' is present

2023-08-24 18:26:57 - [MESSAGE][WARNING] - Timeout '0' is invalid. Using default page load timeout: '30'

2023-08-24 18:27:12 - [MESSAGE][PASSED] - Object 'Object Repository/PLPPage/product1_cardPrice_PLP' is present

2023-08-24 18:27:12 - [TEST_STEP][PASSED] - verifyElementPresent(findTestObject("PLPPage/product1_discountPrice_PLP"), 0): Object 'Object Repository/PLPPage/product1_discountPrice_PLP' is present

2023-08-24 18:27:12 - [MESSAGE][WARNING] - Timeout '0' is invalid. Using default page load timeout: '30'

2023-08-24 18:27:12 - [MESSAGE][PASSED] - Object 'Object Repository/PLPPage/product1_discountPrice_PLP' is present

2023-08-24 18:27:12 - [TEST_STEP][PASSED] - closeBrowser(): Browser is closed

2023-08-24 18:27:13 - [MESSAGE][PASSED] - Browser is closed]]></system-out>
         <system-err><![CDATA[]]></system-err>
      </testcase>
      <testcase name="Test Cases/Search/TS_SMOKE_SUITE_063" time="110.976" classname="Test Cases/Search/TS_SMOKE_SUITE_063" status="PASSED">
         <system-out><![CDATA[2023-08-24 18:27:13 - [TEST_CASE][PASSED] - Test Cases/Search/TS_SMOKE_SUITE_063: Test Cases/Search/TS_SMOKE_SUITE_063

2023-08-24 18:27:13 - [TEST_STEP][PASSED] - openBrowser(""): Browser is opened with url: ''

2023-08-24 18:27:13 - [MESSAGE][INFO] - Starting 'Chrome' driver

2023-08-24 18:27:13 - [MESSAGE][INFO] - Action delay is set to 0 milliseconds

2023-08-24 18:27:14 - [MESSAGE][PASSED] - Browser is opened with url: ''

2023-08-24 18:27:14 - [TEST_STEP][PASSED] - navigateToUrl(URL): Navigate to 'https://odtaqaa.liverpool.com.mx/tienda/home' successfully

2023-08-24 18:28:12 - [MESSAGE][PASSED] - Navigate to 'https://odtaqaa.liverpool.com.mx/tienda/home' successfully

2023-08-24 18:28:12 - [TEST_STEP][PASSED] - maximizeWindow(): Current window maximized

2023-08-24 18:28:12 - [MESSAGE][PASSED] - Current window maximized

2023-08-24 18:28:12 - [TEST_STEP][PASSED] - callTestCase(findTestCase("CommonMethods/SearchForAProduct_search"), ["searchTerm":"mac"], STOP_ON_FAILURE): Call Test Case 'Test Cases/CommonMethods/SearchForAProduct_search' successfully

2023-08-24 18:28:12 - [TEST_CASE][PASSED] - Test Cases/CommonMethods/SearchForAProduct_search: Test Cases/CommonMethods/SearchForAProduct_search

2023-08-24 18:28:12 - [TEST_STEP][PASSED] - click(findTestObject("HomePage/Buscar1"), STOP_ON_FAILURE): Object: 'Object Repository/HomePage/Buscar1' is clicked on

2023-08-24 18:28:13 - [MESSAGE][PASSED] - Object: 'Object Repository/HomePage/Buscar1' is clicked on

2023-08-24 18:28:13 - [TEST_STEP][PASSED] - delay(3): Delayed 3 second(s)

2023-08-24 18:28:16 - [MESSAGE][PASSED] - Delayed 3 second(s)

2023-08-24 18:28:16 - [TEST_STEP][PASSED] - setText(findTestObject("HomePage/Buscar1"), searchTerm): Text 'mac' is set on object 'Object Repository/HomePage/Buscar1'

2023-08-24 18:28:17 - [MESSAGE][PASSED] - Text 'mac' is set on object 'Object Repository/HomePage/Buscar1'

2023-08-24 18:28:17 - [TEST_STEP][PASSED] - delay(3): Delayed 3 second(s)

2023-08-24 18:28:20 - [MESSAGE][PASSED] - Delayed 3 second(s)

2023-08-24 18:28:20 - [TEST_STEP][PASSED] - sendKeys(findTestObject("HomePage/Seach_TextBox_hp"), Keys.chord(ENTER)): Keys 'ENTER + ' sent to object: 'Object Repository/HomePage/Seach_TextBox_hp'

2023-08-24 18:28:25 - [MESSAGE][PASSED] - Keys 'ENTER + ' sent to object: 'Object Repository/HomePage/Seach_TextBox_hp'

2023-08-24 18:28:25 - [MESSAGE][PASSED] - Call Test Case 'Test Cases/CommonMethods/SearchForAProduct_search' successfully

2023-08-24 18:28:25 - [TEST_STEP][PASSED] - click(findTestObject("HomePage/Logo_hp")): Object: 'Object Repository/HomePage/Logo_hp' is clicked on

2023-08-24 18:28:26 - [MESSAGE][PASSED] - Object: 'Object Repository/HomePage/Logo_hp' is clicked on

2023-08-24 18:28:26 - [TEST_STEP][PASSED] - callTestCase(findTestCase("CommonMethods/SearchForAProduct_search"), ["searchTerm":"mac"], STOP_ON_FAILURE): Call Test Case 'Test Cases/CommonMethods/SearchForAProduct_search' successfully

2023-08-24 18:28:26 - [TEST_CASE][PASSED] - Test Cases/CommonMethods/SearchForAProduct_search: Test Cases/CommonMethods/SearchForAProduct_search

2023-08-24 18:28:26 - [TEST_STEP][PASSED] - click(findTestObject("HomePage/Buscar1"), STOP_ON_FAILURE): Object: 'Object Repository/HomePage/Buscar1' is clicked on

2023-08-24 18:28:26 - [MESSAGE][PASSED] - Object: 'Object Repository/HomePage/Buscar1' is clicked on

2023-08-24 18:28:26 - [TEST_STEP][PASSED] - delay(3): Delayed 3 second(s)

2023-08-24 18:28:29 - [MESSAGE][PASSED] - Delayed 3 second(s)

2023-08-24 18:28:29 - [TEST_STEP][PASSED] - setText(findTestObject("HomePage/Buscar1"), searchTerm): Text 'mac' is set on object 'Object Repository/HomePage/Buscar1'

2023-08-24 18:28:53 - [MESSAGE][PASSED] - Text 'mac' is set on object 'Object Repository/HomePage/Buscar1'

2023-08-24 18:28:53 - [TEST_STEP][PASSED] - delay(3): Delayed 3 second(s)

2023-08-24 18:28:56 - [MESSAGE][PASSED] - Delayed 3 second(s)

2023-08-24 18:28:56 - [TEST_STEP][PASSED] - sendKeys(findTestObject("HomePage/Seach_TextBox_hp"), Keys.chord(ENTER)): Keys 'ENTER + ' sent to object: 'Object Repository/HomePage/Seach_TextBox_hp'

2023-08-24 18:28:58 - [MESSAGE][PASSED] - Keys 'ENTER + ' sent to object: 'Object Repository/HomePage/Seach_TextBox_hp'

2023-08-24 18:28:58 - [MESSAGE][PASSED] - Call Test Case 'Test Cases/CommonMethods/SearchForAProduct_search' successfully

2023-08-24 18:28:58 - [TEST_STEP][PASSED] - scrollToElement(findTestObject("PLPPage/facetes/ColorTitleFacet_PLP"), 0): Scroll to object 'Object Repository/PLPPage/facetes/ColorTitleFacet_PLP' successfully

2023-08-24 18:28:58 - [MESSAGE][WARNING] - Timeout '0' is invalid. Using default page load timeout: '30'

2023-08-24 18:29:02 - [MESSAGE][PASSED] - Scroll to object 'Object Repository/PLPPage/facetes/ColorTitleFacet_PLP' successfully

2023-08-24 18:29:02 - [TEST_STEP][PASSED] - verifyElementPresent(findTestObject("PLPPage/facetes/Color_1_facet_PLP"), 0): Object 'Object Repository/PLPPage/facetes/Color_1_facet_PLP' is present

2023-08-24 18:29:02 - [MESSAGE][WARNING] - Timeout '0' is invalid. Using default page load timeout: '30'

2023-08-24 18:29:03 - [MESSAGE][PASSED] - Object 'Object Repository/PLPPage/facetes/Color_1_facet_PLP' is present

2023-08-24 18:29:03 - [TEST_STEP][PASSED] - closeBrowser(): Browser is closed

2023-08-24 18:29:04 - [MESSAGE][PASSED] - Browser is closed]]></system-out>
         <system-err><![CDATA[]]></system-err>
      </testcase>
      <testcase name="Test Cases/Search/TS_SMOKE_SUITE_069" time="104.565" classname="Test Cases/Search/TS_SMOKE_SUITE_069" status="PASSED">
         <system-out><![CDATA[2023-08-24 18:29:04 - [TEST_CASE][PASSED] - Test Cases/Search/TS_SMOKE_SUITE_069: Test Cases/Search/TS_SMOKE_SUITE_069

2023-08-24 18:29:04 - [TEST_STEP][PASSED] - openBrowser(""): Browser is opened with url: ''

2023-08-24 18:29:04 - [MESSAGE][INFO] - Starting 'Chrome' driver

2023-08-24 18:29:04 - [MESSAGE][INFO] - Action delay is set to 0 milliseconds

2023-08-24 18:29:05 - [MESSAGE][PASSED] - Browser is opened with url: ''

2023-08-24 18:29:05 - [TEST_STEP][PASSED] - navigateToUrl(URL): Navigate to 'https://odtaqaa.liverpool.com.mx/tienda/home' successfully

2023-08-24 18:30:06 - [MESSAGE][PASSED] - Navigate to 'https://odtaqaa.liverpool.com.mx/tienda/home' successfully

2023-08-24 18:30:06 - [TEST_STEP][PASSED] - maximizeWindow(): Current window maximized

2023-08-24 18:30:06 - [MESSAGE][PASSED] - Current window maximized

2023-08-24 18:30:06 - [TEST_STEP][PASSED] - setText(findTestObject("HomePage/MainSearchbar_HP"), "vaso"): Text 'vaso' is set on object 'Object Repository/HomePage/MainSearchbar_HP'

2023-08-24 18:30:07 - [MESSAGE][PASSED] - Text 'vaso' is set on object 'Object Repository/HomePage/MainSearchbar_HP'

2023-08-24 18:30:07 - [TEST_STEP][PASSED] - click(findTestObject("HomePage/searchbar_searchbutton_HP")): Object: 'Object Repository/HomePage/searchbar_searchbutton_HP' is clicked on

2023-08-24 18:30:08 - [MESSAGE][PASSED] - Object: 'Object Repository/HomePage/searchbar_searchbutton_HP' is clicked on

2023-08-24 18:30:08 - [TEST_STEP][PASSED] - click(findTestObject("PLPPage/Sortby_PLP")): Object: 'Object Repository/PLPPage/Sortby_PLP' is clicked on

2023-08-24 18:30:34 - [MESSAGE][PASSED] - Object: 'Object Repository/PLPPage/Sortby_PLP' is clicked on

2023-08-24 18:30:34 - [TEST_STEP][PASSED] - click(findTestObject("PLPPage/LowPricetoHighSortBy_PLP")): Object: 'Object Repository/PLPPage/LowPricetoHighSortBy_PLP' is clicked on

2023-08-24 18:30:35 - [MESSAGE][PASSED] - Object: 'Object Repository/PLPPage/LowPricetoHighSortBy_PLP' is clicked on

2023-08-24 18:30:35 - [TEST_STEP][PASSED] - productcardprice1 = getText(findTestObject("PLPPage/product1_cardPrice_PLP")): Text of object 'Object Repository/PLPPage/product1_cardPrice_PLP' is: '$1900'

2023-08-24 18:30:42 - [MESSAGE][PASSED] - Text of object 'Object Repository/PLPPage/product1_cardPrice_PLP' is: '$1900'

2023-08-24 18:30:42 - [TEST_STEP][PASSED] - productcardprice2 = getText(findTestObject("PLPPage/product2_cardPrice_PLP")): Text of object 'Object Repository/PLPPage/product2_cardPrice_PLP' is: '$2900'

2023-08-24 18:30:43 - [MESSAGE][PASSED] - Text of object 'Object Repository/PLPPage/product2_cardPrice_PLP' is: '$2900'

2023-08-24 18:30:43 - [TEST_STEP][PASSED] - productcardprice3 = getText(findTestObject("PLPPage/product3_cardPrice_PLP")): Text of object 'Object Repository/PLPPage/product3_cardPrice_PLP' is: '$3500'

2023-08-24 18:30:43 - [MESSAGE][PASSED] - Text of object 'Object Repository/PLPPage/product3_cardPrice_PLP' is: '$3500'

2023-08-24 18:30:43 - [TEST_STEP][PASSED] - if (productcardprice1 <= productcardprice2 && productcardprice2 <= productcardprice3): null

2023-08-24 18:30:43 - [TEST_STEP][PASSED] - println("in sorted order arccording to first three product"): null

2023-08-24 18:30:43 - [TEST_STEP][PASSED] - click(findTestObject("PLPPage/Sortby_PLP")): Object: 'Object Repository/PLPPage/Sortby_PLP' is clicked on

2023-08-24 18:30:43 - [MESSAGE][PASSED] - Object: 'Object Repository/PLPPage/Sortby_PLP' is clicked on

2023-08-24 18:30:43 - [TEST_STEP][PASSED] - click(findTestObject("PLPPage/HighToLowPriceSortby_PLP")): Object: 'Object Repository/PLPPage/HighToLowPriceSortby_PLP' is clicked on

2023-08-24 18:30:44 - [MESSAGE][PASSED] - Object: 'Object Repository/PLPPage/HighToLowPriceSortby_PLP' is clicked on

2023-08-24 18:30:44 - [TEST_STEP][PASSED] - productcardprice1 = getText(findTestObject("PLPPage/product1_cardPrice_PLP")): Text of object 'Object Repository/PLPPage/product1_cardPrice_PLP' is: '$9,36000'

2023-08-24 18:30:47 - [MESSAGE][PASSED] - Text of object 'Object Repository/PLPPage/product1_cardPrice_PLP' is: '$9,36000'

2023-08-24 18:30:47 - [TEST_STEP][PASSED] - productcardprice2 = getText(findTestObject("PLPPage/product2_cardPrice_PLP")): Text of object 'Object Repository/PLPPage/product2_cardPrice_PLP' is: '$9,36000'

2023-08-24 18:30:47 - [MESSAGE][PASSED] - Text of object 'Object Repository/PLPPage/product2_cardPrice_PLP' is: '$9,36000'

2023-08-24 18:30:47 - [TEST_STEP][PASSED] - productcardprice3 = getText(findTestObject("PLPPage/product3_cardPrice_PLP")): Text of object 'Object Repository/PLPPage/product3_cardPrice_PLP' is: '$7,80000'

2023-08-24 18:30:47 - [MESSAGE][PASSED] - Text of object 'Object Repository/PLPPage/product3_cardPrice_PLP' is: '$7,80000'

2023-08-24 18:30:47 - [TEST_STEP][PASSED] - if (productcardprice1 >= productcardprice2 && productcardprice2 >= productcardprice3): null

2023-08-24 18:30:47 - [TEST_STEP][PASSED] - println("in sorted order arccording to first three product"): null

2023-08-24 18:30:47 - [TEST_STEP][PASSED] - closeBrowser(): Browser is closed

2023-08-24 18:30:48 - [MESSAGE][PASSED] - Browser is closed]]></system-out>
         <system-err><![CDATA[]]></system-err>
      </testcase>
      <testcase name="Test Cases/Search/TS_SMOKE_SUITE_070" time="131.436" classname="Test Cases/Search/TS_SMOKE_SUITE_070" status="PASSED">
         <system-out><![CDATA[2023-08-24 18:30:48 - [TEST_CASE][PASSED] - Test Cases/Search/TS_SMOKE_SUITE_070: Test Cases/Search/TS_SMOKE_SUITE_070

2023-08-24 18:30:49 - [TEST_STEP][PASSED] - openBrowser(""): Browser is opened with url: ''

2023-08-24 18:30:49 - [MESSAGE][INFO] - Starting 'Chrome' driver

2023-08-24 18:30:49 - [MESSAGE][INFO] - Action delay is set to 0 milliseconds

2023-08-24 18:30:50 - [MESSAGE][PASSED] - Browser is opened with url: ''

2023-08-24 18:30:50 - [TEST_STEP][PASSED] - navigateToUrl(URL): Navigate to 'https://odtaqaa.liverpool.com.mx/tienda/home' successfully

2023-08-24 18:31:36 - [MESSAGE][PASSED] - Navigate to 'https://odtaqaa.liverpool.com.mx/tienda/home' successfully

2023-08-24 18:31:36 - [TEST_STEP][PASSED] - maximizeWindow(): Current window maximized

2023-08-24 18:31:36 - [MESSAGE][PASSED] - Current window maximized

2023-08-24 18:31:36 - [TEST_STEP][PASSED] - callTestCase(findTestCase("CommonMethods/SearchForAProduct_search"), ["searchTerm":"mac"], STOP_ON_FAILURE): Call Test Case 'Test Cases/CommonMethods/SearchForAProduct_search' successfully

2023-08-24 18:31:36 - [TEST_CASE][PASSED] - Test Cases/CommonMethods/SearchForAProduct_search: Test Cases/CommonMethods/SearchForAProduct_search

2023-08-24 18:31:36 - [TEST_STEP][PASSED] - click(findTestObject("HomePage/Buscar1"), STOP_ON_FAILURE): Object: 'Object Repository/HomePage/Buscar1' is clicked on

2023-08-24 18:31:37 - [MESSAGE][PASSED] - Object: 'Object Repository/HomePage/Buscar1' is clicked on

2023-08-24 18:31:37 - [TEST_STEP][PASSED] - delay(3): Delayed 3 second(s)

2023-08-24 18:31:40 - [MESSAGE][PASSED] - Delayed 3 second(s)

2023-08-24 18:31:40 - [TEST_STEP][PASSED] - setText(findTestObject("HomePage/Buscar1"), searchTerm): Text 'mac' is set on object 'Object Repository/HomePage/Buscar1'

2023-08-24 18:31:41 - [MESSAGE][PASSED] - Text 'mac' is set on object 'Object Repository/HomePage/Buscar1'

2023-08-24 18:31:41 - [TEST_STEP][PASSED] - delay(3): Delayed 3 second(s)

2023-08-24 18:31:44 - [MESSAGE][PASSED] - Delayed 3 second(s)

2023-08-24 18:31:44 - [TEST_STEP][PASSED] - sendKeys(findTestObject("HomePage/Seach_TextBox_hp"), Keys.chord(ENTER)): Keys 'ENTER + ' sent to object: 'Object Repository/HomePage/Seach_TextBox_hp'

2023-08-24 18:31:47 - [MESSAGE][PASSED] - Keys 'ENTER + ' sent to object: 'Object Repository/HomePage/Seach_TextBox_hp'

2023-08-24 18:31:47 - [MESSAGE][PASSED] - Call Test Case 'Test Cases/CommonMethods/SearchForAProduct_search' successfully

2023-08-24 18:31:47 - [TEST_STEP][PASSED] - click(findTestObject("HomePage/Logo_hp")): Object: 'Object Repository/HomePage/Logo_hp' is clicked on

2023-08-24 18:31:47 - [MESSAGE][PASSED] - Object: 'Object Repository/HomePage/Logo_hp' is clicked on

2023-08-24 18:31:47 - [TEST_STEP][PASSED] - callTestCase(findTestCase("CommonMethods/SearchForAProduct_search"), ["searchTerm":"mac"], STOP_ON_FAILURE): Call Test Case 'Test Cases/CommonMethods/SearchForAProduct_search' successfully

2023-08-24 18:31:47 - [TEST_CASE][PASSED] - Test Cases/CommonMethods/SearchForAProduct_search: Test Cases/CommonMethods/SearchForAProduct_search

2023-08-24 18:31:47 - [TEST_STEP][PASSED] - click(findTestObject("HomePage/Buscar1"), STOP_ON_FAILURE): Object: 'Object Repository/HomePage/Buscar1' is clicked on

2023-08-24 18:31:48 - [MESSAGE][PASSED] - Object: 'Object Repository/HomePage/Buscar1' is clicked on

2023-08-24 18:31:48 - [TEST_STEP][PASSED] - delay(3): Delayed 3 second(s)

2023-08-24 18:31:51 - [MESSAGE][PASSED] - Delayed 3 second(s)

2023-08-24 18:31:51 - [TEST_STEP][PASSED] - setText(findTestObject("HomePage/Buscar1"), searchTerm): Text 'mac' is set on object 'Object Repository/HomePage/Buscar1'

2023-08-24 18:32:12 - [MESSAGE][PASSED] - Text 'mac' is set on object 'Object Repository/HomePage/Buscar1'

2023-08-24 18:32:12 - [TEST_STEP][PASSED] - delay(3): Delayed 3 second(s)

2023-08-24 18:32:15 - [MESSAGE][PASSED] - Delayed 3 second(s)

2023-08-24 18:32:15 - [TEST_STEP][PASSED] - sendKeys(findTestObject("HomePage/Seach_TextBox_hp"), Keys.chord(ENTER)): Keys 'ENTER + ' sent to object: 'Object Repository/HomePage/Seach_TextBox_hp'

2023-08-24 18:32:17 - [MESSAGE][PASSED] - Keys 'ENTER + ' sent to object: 'Object Repository/HomePage/Seach_TextBox_hp'

2023-08-24 18:32:17 - [MESSAGE][PASSED] - Call Test Case 'Test Cases/CommonMethods/SearchForAProduct_search' successfully

2023-08-24 18:32:17 - [TEST_STEP][PASSED] - delay(5): Delayed 5 second(s)

2023-08-24 18:32:22 - [MESSAGE][PASSED] - Delayed 5 second(s)

2023-08-24 18:32:22 - [TEST_STEP][PASSED] - scrollToElement(findTestObject("PLPPage/ForwardArrow_Pagenation_PLP"), 0): Scroll to object 'Object Repository/PLPPage/ForwardArrow_Pagenation_PLP' successfully

2023-08-24 18:32:22 - [MESSAGE][WARNING] - Timeout '0' is invalid. Using default page load timeout: '30'

2023-08-24 18:32:22 - [MESSAGE][PASSED] - Scroll to object 'Object Repository/PLPPage/ForwardArrow_Pagenation_PLP' successfully

2023-08-24 18:32:22 - [TEST_STEP][PASSED] - delay(5): Delayed 5 second(s)

2023-08-24 18:32:27 - [MESSAGE][PASSED] - Delayed 5 second(s)

2023-08-24 18:32:27 - [TEST_STEP][PASSED] - click(findTestObject("PLPPage/ForwardArrow_Pagenation_PLP"), STOP_ON_FAILURE): Object: 'Object Repository/PLPPage/ForwardArrow_Pagenation_PLP' is clicked on

2023-08-24 18:32:28 - [MESSAGE][PASSED] - Object: 'Object Repository/PLPPage/ForwardArrow_Pagenation_PLP' is clicked on

2023-08-24 18:32:28 - [TEST_STEP][PASSED] - delay(10): Delayed 10 second(s)

2023-08-24 18:32:38 - [MESSAGE][PASSED] - Delayed 10 second(s)

2023-08-24 18:32:38 - [TEST_STEP][PASSED] - a1 = getUrl(): Current window's url is: 'https://odtaqaa.liverpool.com.mx/tienda/page-2?s=mac'

2023-08-24 18:32:38 - [MESSAGE][PASSED] - Current window's url is: 'https://odtaqaa.liverpool.com.mx/tienda/page-2?s=mac'

2023-08-24 18:32:38 - [TEST_STEP][PASSED] - out.println(a1): null

2023-08-24 18:32:38 - [TEST_STEP][PASSED] - a = a1.contains("page-2"): null

2023-08-24 18:32:38 - [TEST_STEP][PASSED] - out.println(a): null

2023-08-24 18:32:38 - [TEST_STEP][PASSED] - delay(5): Delayed 5 second(s)

2023-08-24 18:32:43 - [MESSAGE][PASSED] - Delayed 5 second(s)

2023-08-24 18:32:43 - [TEST_STEP][PASSED] - if (a == true): null

2023-08-24 18:32:43 - [TEST_STEP][PASSED] - out.println("pagenation clicked page 2"): null

2023-08-24 18:32:43 - [TEST_STEP][PASSED] - scrollToElement(findTestObject("PLPPage/BackArrow_Pagenation_PLP"), 0): Scroll to object 'Object Repository/PLPPage/BackArrow_Pagenation_PLP' successfully

2023-08-24 18:32:43 - [MESSAGE][WARNING] - Timeout '0' is invalid. Using default page load timeout: '30'

2023-08-24 18:32:43 - [MESSAGE][PASSED] - Scroll to object 'Object Repository/PLPPage/BackArrow_Pagenation_PLP' successfully

2023-08-24 18:32:43 - [TEST_STEP][PASSED] - delay(5): Delayed 5 second(s)

2023-08-24 18:32:48 - [MESSAGE][PASSED] - Delayed 5 second(s)

2023-08-24 18:32:48 - [TEST_STEP][PASSED] - click(findTestObject("PLPPage/BackArrow_Pagenation_PLP"), STOP_ON_FAILURE): Object: 'Object Repository/PLPPage/BackArrow_Pagenation_PLP' is clicked on

2023-08-24 18:32:49 - [MESSAGE][PASSED] - Object: 'Object Repository/PLPPage/BackArrow_Pagenation_PLP' is clicked on

2023-08-24 18:32:49 - [TEST_STEP][PASSED] - delay(10): Delayed 10 second(s)

2023-08-24 18:32:59 - [MESSAGE][PASSED] - Delayed 10 second(s)

2023-08-24 18:32:59 - [TEST_STEP][PASSED] - b1 = getUrl(): Current window's url is: 'https://odtaqaa.liverpool.com.mx/tienda/page-1?s=mac'

2023-08-24 18:32:59 - [MESSAGE][PASSED] - Current window's url is: 'https://odtaqaa.liverpool.com.mx/tienda/page-1?s=mac'

2023-08-24 18:32:59 - [TEST_STEP][PASSED] - b = b1.contains("page-1"): null

2023-08-24 18:32:59 - [TEST_STEP][PASSED] - out.println(b1): null

2023-08-24 18:32:59 - [TEST_STEP][PASSED] - if (b == true): null

2023-08-24 18:32:59 - [TEST_STEP][PASSED] - out.println("pagenation clicked page 1"): null

2023-08-24 18:32:59 - [TEST_STEP][PASSED] - closeBrowser(): Browser is closed

2023-08-24 18:33:00 - [MESSAGE][PASSED] - Browser is closed]]></system-out>
         <system-err><![CDATA[]]></system-err>
      </testcase>
      <testcase name="Test Cases/ShoppingCart/TS_SMOKE_SUITE_026" time="148.944" classname="Test Cases/ShoppingCart/TS_SMOKE_SUITE_026" status="PASSED">
         <system-out><![CDATA[2023-08-24 18:33:00 - [TEST_CASE][PASSED] - Test Cases/ShoppingCart/TS_SMOKE_SUITE_026: Test Cases/ShoppingCart/TS_SMOKE_SUITE_026

2023-08-24 18:33:00 - [TEST_STEP][PASSED] - openBrowser(""): Browser is opened with url: ''

2023-08-24 18:33:00 - [MESSAGE][INFO] - Starting 'Chrome' driver

2023-08-24 18:33:00 - [MESSAGE][INFO] - Action delay is set to 0 milliseconds

2023-08-24 18:33:01 - [MESSAGE][PASSED] - Browser is opened with url: ''

2023-08-24 18:33:01 - [TEST_STEP][PASSED] - navigateToUrl(URL): Navigate to 'https://odtaqaa.liverpool.com.mx/tienda/home' successfully

2023-08-24 18:33:44 - [MESSAGE][PASSED] - Navigate to 'https://odtaqaa.liverpool.com.mx/tienda/home' successfully

2023-08-24 18:33:44 - [TEST_STEP][PASSED] - maximizeWindow(): Current window maximized

2023-08-24 18:33:45 - [MESSAGE][PASSED] - Current window maximized

2023-08-24 18:33:45 - [TEST_STEP][PASSED] - callTestCase(findTestCase("CommonMethods/SearchForAProduct_search"), ["searchTerm":SL], STOP_ON_FAILURE): Call Test Case 'Test Cases/CommonMethods/SearchForAProduct_search' successfully

2023-08-24 18:33:45 - [TEST_CASE][PASSED] - Test Cases/CommonMethods/SearchForAProduct_search: Test Cases/CommonMethods/SearchForAProduct_search

2023-08-24 18:33:45 - [TEST_STEP][PASSED] - click(findTestObject("HomePage/Buscar1"), STOP_ON_FAILURE): Object: 'Object Repository/HomePage/Buscar1' is clicked on

2023-08-24 18:33:45 - [MESSAGE][PASSED] - Object: 'Object Repository/HomePage/Buscar1' is clicked on

2023-08-24 18:33:45 - [TEST_STEP][PASSED] - delay(3): Delayed 3 second(s)

2023-08-24 18:33:48 - [MESSAGE][PASSED] - Delayed 3 second(s)

2023-08-24 18:33:48 - [TEST_STEP][PASSED] - setText(findTestObject("HomePage/Buscar1"), searchTerm): Text 'MAC' is set on object 'Object Repository/HomePage/Buscar1'

2023-08-24 18:33:49 - [MESSAGE][PASSED] - Text 'MAC' is set on object 'Object Repository/HomePage/Buscar1'

2023-08-24 18:33:49 - [TEST_STEP][PASSED] - delay(3): Delayed 3 second(s)

2023-08-24 18:33:52 - [MESSAGE][PASSED] - Delayed 3 second(s)

2023-08-24 18:33:52 - [TEST_STEP][PASSED] - sendKeys(findTestObject("HomePage/Seach_TextBox_hp"), Keys.chord(ENTER)): Keys 'ENTER + ' sent to object: 'Object Repository/HomePage/Seach_TextBox_hp'

2023-08-24 18:33:54 - [MESSAGE][PASSED] - Keys 'ENTER + ' sent to object: 'Object Repository/HomePage/Seach_TextBox_hp'

2023-08-24 18:33:54 - [MESSAGE][PASSED] - Call Test Case 'Test Cases/CommonMethods/SearchForAProduct_search' successfully

2023-08-24 18:33:54 - [TEST_STEP][PASSED] - click(findTestObject("HomePage/FirstProduct_plp")): Object: 'Object Repository/HomePage/FirstProduct_plp' is clicked on

2023-08-24 18:34:17 - [MESSAGE][PASSED] - Object: 'Object Repository/HomePage/FirstProduct_plp' is clicked on

2023-08-24 18:34:17 - [TEST_STEP][PASSED] - click(findTestObject("PDPPage/AddToCart_pdp")): Object: 'Object Repository/PDPPage/AddToCart_pdp' is clicked on

2023-08-24 18:35:03 - [MESSAGE][PASSED] - Object: 'Object Repository/PDPPage/AddToCart_pdp' is clicked on

2023-08-24 18:35:03 - [TEST_STEP][NOT_RUN] - click(findTestObject("PLPPage/ProtectYourPurchase_plp")): NOT_RUN: click(findTestObject("PLPPage/ProtectYourPurchase_plp"))

2023-08-24 18:35:03 - [MESSAGE][NOT_RUN] - NOT_RUN: click(findTestObject("PLPPage/ProtectYourPurchase_plp"))

2023-08-24 18:35:03 - [TEST_STEP][PASSED] - click(findTestObject("HomePage/Cart_header")): Object: 'Object Repository/HomePage/Cart_header' is clicked on

2023-08-24 18:35:12 - [MESSAGE][PASSED] - Object: 'Object Repository/HomePage/Cart_header' is clicked on

2023-08-24 18:35:12 - [TEST_STEP][PASSED] - click(findTestObject("CartPage/BuyButton_Cart")): Object: 'Object Repository/CartPage/BuyButton_Cart' is clicked on

2023-08-24 18:35:18 - [MESSAGE][PASSED] - Object: 'Object Repository/CartPage/BuyButton_Cart' is clicked on

2023-08-24 18:35:18 - [TEST_STEP][PASSED] - verifyElementPresent(findTestObject("HomePage/LoginPage_hp"), 0): Object 'Object Repository/HomePage/LoginPage_hp' is present

2023-08-24 18:35:18 - [MESSAGE][WARNING] - Timeout '0' is invalid. Using default page load timeout: '30'

2023-08-24 18:35:28 - [MESSAGE][PASSED] - Object 'Object Repository/HomePage/LoginPage_hp' is present

2023-08-24 18:35:28 - [TEST_STEP][PASSED] - closeBrowser(): Browser is closed

2023-08-24 18:35:29 - [MESSAGE][PASSED] - Browser is closed]]></system-out>
         <system-err><![CDATA[]]></system-err>
      </testcase>
      <testcase name="Test Cases/ShoppingCart/TS_SMOKE_SUITE_027" time="145.326" classname="Test Cases/ShoppingCart/TS_SMOKE_SUITE_027" status="PASSED">
         <system-out><![CDATA[2023-08-24 18:35:29 - [TEST_CASE][PASSED] - Test Cases/ShoppingCart/TS_SMOKE_SUITE_027: Test Cases/ShoppingCart/TS_SMOKE_SUITE_027

2023-08-24 18:35:29 - [TEST_STEP][PASSED] - openBrowser(""): Browser is opened with url: ''

2023-08-24 18:35:29 - [MESSAGE][INFO] - Starting 'Chrome' driver

2023-08-24 18:35:29 - [MESSAGE][INFO] - Action delay is set to 0 milliseconds

2023-08-24 18:35:30 - [MESSAGE][PASSED] - Browser is opened with url: ''

2023-08-24 18:35:30 - [TEST_STEP][PASSED] - navigateToUrl(URL): Navigate to 'https://odtaqaa.liverpool.com.mx/tienda/home' successfully

2023-08-24 18:36:17 - [MESSAGE][PASSED] - Navigate to 'https://odtaqaa.liverpool.com.mx/tienda/home' successfully

2023-08-24 18:36:17 - [TEST_STEP][PASSED] - maximizeWindow(): Current window maximized

2023-08-24 18:36:17 - [MESSAGE][PASSED] - Current window maximized

2023-08-24 18:36:17 - [TEST_STEP][PASSED] - callTestCase(findTestCase("CommonMethods/SearchForAProduct_search"), ["searchTerm":SL], STOP_ON_FAILURE): Call Test Case 'Test Cases/CommonMethods/SearchForAProduct_search' successfully

2023-08-24 18:36:17 - [TEST_CASE][PASSED] - Test Cases/CommonMethods/SearchForAProduct_search: Test Cases/CommonMethods/SearchForAProduct_search

2023-08-24 18:36:17 - [TEST_STEP][PASSED] - click(findTestObject("HomePage/Buscar1"), STOP_ON_FAILURE): Object: 'Object Repository/HomePage/Buscar1' is clicked on

2023-08-24 18:36:18 - [MESSAGE][PASSED] - Object: 'Object Repository/HomePage/Buscar1' is clicked on

2023-08-24 18:36:18 - [TEST_STEP][PASSED] - delay(3): Delayed 3 second(s)

2023-08-24 18:36:21 - [MESSAGE][PASSED] - Delayed 3 second(s)

2023-08-24 18:36:21 - [TEST_STEP][PASSED] - setText(findTestObject("HomePage/Buscar1"), searchTerm): Text 'MAC' is set on object 'Object Repository/HomePage/Buscar1'

2023-08-24 18:36:22 - [MESSAGE][PASSED] - Text 'MAC' is set on object 'Object Repository/HomePage/Buscar1'

2023-08-24 18:36:22 - [TEST_STEP][PASSED] - delay(3): Delayed 3 second(s)

2023-08-24 18:36:25 - [MESSAGE][PASSED] - Delayed 3 second(s)

2023-08-24 18:36:25 - [TEST_STEP][PASSED] - sendKeys(findTestObject("HomePage/Seach_TextBox_hp"), Keys.chord(ENTER)): Keys 'ENTER + ' sent to object: 'Object Repository/HomePage/Seach_TextBox_hp'

2023-08-24 18:36:27 - [MESSAGE][PASSED] - Keys 'ENTER + ' sent to object: 'Object Repository/HomePage/Seach_TextBox_hp'

2023-08-24 18:36:27 - [MESSAGE][PASSED] - Call Test Case 'Test Cases/CommonMethods/SearchForAProduct_search' successfully

2023-08-24 18:36:27 - [TEST_STEP][PASSED] - click(findTestObject("HomePage/FirstProduct_plp")): Object: 'Object Repository/HomePage/FirstProduct_plp' is clicked on

2023-08-24 18:37:11 - [MESSAGE][PASSED] - Object: 'Object Repository/HomePage/FirstProduct_plp' is clicked on

2023-08-24 18:37:11 - [TEST_STEP][PASSED] - click(findTestObject("PDPPage/AddToCart_pdp")): Object: 'Object Repository/PDPPage/AddToCart_pdp' is clicked on

2023-08-24 18:37:35 - [MESSAGE][PASSED] - Object: 'Object Repository/PDPPage/AddToCart_pdp' is clicked on

2023-08-24 18:37:35 - [TEST_STEP][NOT_RUN] - click(findTestObject("PLPPage/ProtectYourPurchase_plp")): NOT_RUN: click(findTestObject("PLPPage/ProtectYourPurchase_plp"))

2023-08-24 18:37:35 - [MESSAGE][NOT_RUN] - NOT_RUN: click(findTestObject("PLPPage/ProtectYourPurchase_plp"))

2023-08-24 18:37:35 - [TEST_STEP][PASSED] - click(findTestObject("HomePage/Cart_header")): Object: 'Object Repository/HomePage/Cart_header' is clicked on

2023-08-24 18:37:39 - [MESSAGE][PASSED] - Object: 'Object Repository/HomePage/Cart_header' is clicked on

2023-08-24 18:37:39 - [TEST_STEP][PASSED] - click(findTestObject("CartPage/BuyButton_Cart")): Object: 'Object Repository/CartPage/BuyButton_Cart' is clicked on

2023-08-24 18:37:45 - [MESSAGE][PASSED] - Object: 'Object Repository/CartPage/BuyButton_Cart' is clicked on

2023-08-24 18:37:45 - [TEST_STEP][PASSED] - verifyElementPresent(findTestObject("HomePage/LoginPage_hp"), 0): Object 'Object Repository/HomePage/LoginPage_hp' is present

2023-08-24 18:37:45 - [MESSAGE][WARNING] - Timeout '0' is invalid. Using default page load timeout: '30'

2023-08-24 18:37:53 - [MESSAGE][PASSED] - Object 'Object Repository/HomePage/LoginPage_hp' is present

2023-08-24 18:37:53 - [TEST_STEP][PASSED] - closeBrowser(): Browser is closed

2023-08-24 18:37:54 - [MESSAGE][PASSED] - Browser is closed]]></system-out>
         <system-err><![CDATA[]]></system-err>
      </testcase>
      <testcase name="Test Cases/ShoppingCart/TS_SMOKE_SUITE_028" time="133.703" classname="Test Cases/ShoppingCart/TS_SMOKE_SUITE_028" status="PASSED">
         <system-out><![CDATA[2023-08-24 18:37:54 - [TEST_CASE][PASSED] - Test Cases/ShoppingCart/TS_SMOKE_SUITE_028: Test Cases/ShoppingCart/TS_SMOKE_SUITE_028

2023-08-24 18:37:54 - [TEST_STEP][PASSED] - openBrowser(""): Browser is opened with url: ''

2023-08-24 18:37:54 - [MESSAGE][INFO] - Starting 'Chrome' driver

2023-08-24 18:37:54 - [MESSAGE][INFO] - Action delay is set to 0 milliseconds

2023-08-24 18:37:56 - [MESSAGE][PASSED] - Browser is opened with url: ''

2023-08-24 18:37:56 - [TEST_STEP][PASSED] - navigateToUrl(URL): Navigate to 'https://odtaqaa.liverpool.com.mx/tienda/home' successfully

2023-08-24 18:38:41 - [MESSAGE][PASSED] - Navigate to 'https://odtaqaa.liverpool.com.mx/tienda/home' successfully

2023-08-24 18:38:41 - [TEST_STEP][PASSED] - maximizeWindow(): Current window maximized

2023-08-24 18:38:41 - [MESSAGE][PASSED] - Current window maximized

2023-08-24 18:38:41 - [TEST_STEP][PASSED] - callTestCase(findTestCase("CommonMethods/SearchForAProduct_search"), ["searchTerm":SL], STOP_ON_FAILURE): Call Test Case 'Test Cases/CommonMethods/SearchForAProduct_search' successfully

2023-08-24 18:38:41 - [TEST_CASE][PASSED] - Test Cases/CommonMethods/SearchForAProduct_search: Test Cases/CommonMethods/SearchForAProduct_search

2023-08-24 18:38:41 - [TEST_STEP][PASSED] - click(findTestObject("HomePage/Buscar1"), STOP_ON_FAILURE): Object: 'Object Repository/HomePage/Buscar1' is clicked on

2023-08-24 18:38:42 - [MESSAGE][PASSED] - Object: 'Object Repository/HomePage/Buscar1' is clicked on

2023-08-24 18:38:42 - [TEST_STEP][PASSED] - delay(3): Delayed 3 second(s)

2023-08-24 18:38:45 - [MESSAGE][PASSED] - Delayed 3 second(s)

2023-08-24 18:38:45 - [TEST_STEP][PASSED] - setText(findTestObject("HomePage/Buscar1"), searchTerm): Text 'MAC' is set on object 'Object Repository/HomePage/Buscar1'

2023-08-24 18:38:46 - [MESSAGE][PASSED] - Text 'MAC' is set on object 'Object Repository/HomePage/Buscar1'

2023-08-24 18:38:46 - [TEST_STEP][PASSED] - delay(3): Delayed 3 second(s)

2023-08-24 18:38:49 - [MESSAGE][PASSED] - Delayed 3 second(s)

2023-08-24 18:38:49 - [TEST_STEP][PASSED] - sendKeys(findTestObject("HomePage/Seach_TextBox_hp"), Keys.chord(ENTER)): Keys 'ENTER + ' sent to object: 'Object Repository/HomePage/Seach_TextBox_hp'

2023-08-24 18:38:55 - [MESSAGE][PASSED] - Keys 'ENTER + ' sent to object: 'Object Repository/HomePage/Seach_TextBox_hp'

2023-08-24 18:38:55 - [MESSAGE][PASSED] - Call Test Case 'Test Cases/CommonMethods/SearchForAProduct_search' successfully

2023-08-24 18:38:55 - [TEST_STEP][PASSED] - click(findTestObject("HomePage/FirstProduct_plp")): Object: 'Object Repository/HomePage/FirstProduct_plp' is clicked on

2023-08-24 18:39:17 - [MESSAGE][PASSED] - Object: 'Object Repository/HomePage/FirstProduct_plp' is clicked on

2023-08-24 18:39:17 - [TEST_STEP][PASSED] - click(findTestObject("PDPPage/AddToCart_pdp")): Object: 'Object Repository/PDPPage/AddToCart_pdp' is clicked on

2023-08-24 18:39:36 - [MESSAGE][PASSED] - Object: 'Object Repository/PDPPage/AddToCart_pdp' is clicked on

2023-08-24 18:39:36 - [TEST_STEP][NOT_RUN] - click(findTestObject("PLPPage/ProtectYourPurchase_plp")): NOT_RUN: click(findTestObject("PLPPage/ProtectYourPurchase_plp"))

2023-08-24 18:39:36 - [MESSAGE][NOT_RUN] - NOT_RUN: click(findTestObject("PLPPage/ProtectYourPurchase_plp"))

2023-08-24 18:39:36 - [TEST_STEP][PASSED] - click(findTestObject("HomePage/Cart_header")): Object: 'Object Repository/HomePage/Cart_header' is clicked on

2023-08-24 18:39:40 - [MESSAGE][PASSED] - Object: 'Object Repository/HomePage/Cart_header' is clicked on

2023-08-24 18:39:40 - [TEST_STEP][PASSED] - click(findTestObject("CartPage/BuyButton_Cart")): Object: 'Object Repository/CartPage/BuyButton_Cart' is clicked on

2023-08-24 18:39:58 - [MESSAGE][PASSED] - Object: 'Object Repository/CartPage/BuyButton_Cart' is clicked on

2023-08-24 18:39:58 - [TEST_STEP][PASSED] - verifyElementPresent(findTestObject("HomePage/LoginPage_hp"), 0): Object 'Object Repository/HomePage/LoginPage_hp' is present

2023-08-24 18:39:58 - [MESSAGE][WARNING] - Timeout '0' is invalid. Using default page load timeout: '30'

2023-08-24 18:40:07 - [MESSAGE][PASSED] - Object 'Object Repository/HomePage/LoginPage_hp' is present

2023-08-24 18:40:07 - [TEST_STEP][PASSED] - closeBrowser(): Browser is closed

2023-08-24 18:40:08 - [MESSAGE][PASSED] - Browser is closed]]></system-out>
         <system-err><![CDATA[]]></system-err>
      </testcase>
      <testcase name="Test Cases/ShoppingCart/TS_SMOKE_SUITE_029" time="250.986" classname="Test Cases/ShoppingCart/TS_SMOKE_SUITE_029" status="PASSED">
         <system-out><![CDATA[2023-08-24 18:40:08 - [TEST_CASE][PASSED] - Test Cases/ShoppingCart/TS_SMOKE_SUITE_029: Test Cases/ShoppingCart/TS_SMOKE_SUITE_029

2023-08-24 18:40:08 - [TEST_STEP][PASSED] - openBrowser(""): Browser is opened with url: ''

2023-08-24 18:40:08 - [MESSAGE][INFO] - Starting 'Chrome' driver

2023-08-24 18:40:08 - [MESSAGE][INFO] - Action delay is set to 0 milliseconds

2023-08-24 18:40:09 - [MESSAGE][PASSED] - Browser is opened with url: ''

2023-08-24 18:40:09 - [TEST_STEP][PASSED] - navigateToUrl(URL): Navigate to 'https://odtaqaa.liverpool.com.mx/tienda/home' successfully

2023-08-24 18:41:02 - [MESSAGE][PASSED] - Navigate to 'https://odtaqaa.liverpool.com.mx/tienda/home' successfully

2023-08-24 18:41:02 - [TEST_STEP][PASSED] - maximizeWindow(): Current window maximized

2023-08-24 18:41:02 - [MESSAGE][PASSED] - Current window maximized

2023-08-24 18:41:02 - [TEST_STEP][PASSED] - click(findTestObject("HomePage/Iniciar sesion")): Object: 'Object Repository/HomePage/Iniciar sesion' is clicked on

2023-08-24 18:41:03 - [MESSAGE][PASSED] - Object: 'Object Repository/HomePage/Iniciar sesion' is clicked on

2023-08-24 18:41:03 - [TEST_STEP][PASSED] - callTestCase(findTestCase("CommonMethods/loginFromHomePage"), ["username":username, "password":password], STOP_ON_FAILURE): Call Test Case 'Test Cases/CommonMethods/loginFromHomePage' successfully

2023-08-24 18:41:03 - [TEST_CASE][PASSED] - Test Cases/CommonMethods/loginFromHomePage: Test Cases/CommonMethods/loginFromHomePage

2023-08-24 18:41:03 - [TEST_STEP][PASSED] - delay(3): Delayed 3 second(s)

2023-08-24 18:41:06 - [MESSAGE][PASSED] - Delayed 3 second(s)

2023-08-24 18:41:06 - [TEST_STEP][PASSED] - click(findTestObject("HomePage/EnterUsername_LP")): Object: 'Object Repository/HomePage/EnterUsername_LP' is clicked on

2023-08-24 18:41:23 - [MESSAGE][PASSED] - Object: 'Object Repository/HomePage/EnterUsername_LP' is clicked on

2023-08-24 18:41:23 - [TEST_STEP][PASSED] - setText(findTestObject("HomePage/EnterUsername_LP"), username): Text 'hcheruvu29@digisprint.com' is set on object 'Object Repository/HomePage/EnterUsername_LP'

2023-08-24 18:41:23 - [MESSAGE][PASSED] - Text 'hcheruvu29@digisprint.com' is set on object 'Object Repository/HomePage/EnterUsername_LP'

2023-08-24 18:41:23 - [TEST_STEP][PASSED] - click(findTestObject("HomePage/EnterPassword_LP")): Object: 'Object Repository/HomePage/EnterPassword_LP' is clicked on

2023-08-24 18:41:24 - [MESSAGE][PASSED] - Object: 'Object Repository/HomePage/EnterPassword_LP' is clicked on

2023-08-24 18:41:24 - [TEST_STEP][PASSED] - setText(findTestObject("HomePage/EnterPassword_LP"), password): Text 'Test@12345' is set on object 'Object Repository/HomePage/EnterPassword_LP'

2023-08-24 18:41:24 - [MESSAGE][PASSED] - Text 'Test@12345' is set on object 'Object Repository/HomePage/EnterPassword_LP'

2023-08-24 18:41:24 - [TEST_STEP][PASSED] - click(findTestObject("HomePage/inciar")): Object: 'Object Repository/HomePage/inciar' is clicked on

2023-08-24 18:41:36 - [MESSAGE][PASSED] - Object: 'Object Repository/HomePage/inciar' is clicked on

2023-08-24 18:41:36 - [MESSAGE][PASSED] - Call Test Case 'Test Cases/CommonMethods/loginFromHomePage' successfully

2023-08-24 18:41:36 - [TEST_STEP][PASSED] - callTestCase(findTestCase("CommonMethods/SearchForAProduct_search"), ["searchTerm":SLSearchTerm], STOP_ON_FAILURE): Call Test Case 'Test Cases/CommonMethods/SearchForAProduct_search' successfully

2023-08-24 18:41:36 - [TEST_CASE][PASSED] - Test Cases/CommonMethods/SearchForAProduct_search: Test Cases/CommonMethods/SearchForAProduct_search

2023-08-24 18:41:36 - [TEST_STEP][PASSED] - click(findTestObject("HomePage/Buscar1"), STOP_ON_FAILURE): Object: 'Object Repository/HomePage/Buscar1' is clicked on

2023-08-24 18:42:34 - [MESSAGE][PASSED] - Object: 'Object Repository/HomePage/Buscar1' is clicked on

2023-08-24 18:42:34 - [TEST_STEP][PASSED] - delay(3): Delayed 3 second(s)

2023-08-24 18:42:37 - [MESSAGE][PASSED] - Delayed 3 second(s)

2023-08-24 18:42:37 - [TEST_STEP][PASSED] - setText(findTestObject("HomePage/Buscar1"), searchTerm): Text 'Vaso' is set on object 'Object Repository/HomePage/Buscar1'

2023-08-24 18:42:37 - [MESSAGE][PASSED] - Text 'Vaso' is set on object 'Object Repository/HomePage/Buscar1'

2023-08-24 18:42:37 - [TEST_STEP][PASSED] - delay(3): Delayed 3 second(s)

2023-08-24 18:42:41 - [MESSAGE][PASSED] - Delayed 3 second(s)

2023-08-24 18:42:41 - [TEST_STEP][PASSED] - sendKeys(findTestObject("HomePage/Seach_TextBox_hp"), Keys.chord(ENTER)): Keys 'ENTER + ' sent to object: 'Object Repository/HomePage/Seach_TextBox_hp'

2023-08-24 18:42:45 - [MESSAGE][PASSED] - Keys 'ENTER + ' sent to object: 'Object Repository/HomePage/Seach_TextBox_hp'

2023-08-24 18:42:45 - [MESSAGE][PASSED] - Call Test Case 'Test Cases/CommonMethods/SearchForAProduct_search' successfully

2023-08-24 18:42:45 - [TEST_STEP][PASSED] - click(findTestObject("PLPPage/product-2-DiscountPrice_PLP")): Object: 'Object Repository/PLPPage/product-2-DiscountPrice_PLP' is clicked on

2023-08-24 18:43:24 - [MESSAGE][PASSED] - Object: 'Object Repository/PLPPage/product-2-DiscountPrice_PLP' is clicked on

2023-08-24 18:43:24 - [TEST_STEP][PASSED] - click(findTestObject("PDPPage/AddToCart_pdp")): Object: 'Object Repository/PDPPage/AddToCart_pdp' is clicked on

2023-08-24 18:43:39 - [MESSAGE][PASSED] - Object: 'Object Repository/PDPPage/AddToCart_pdp' is clicked on

2023-08-24 18:43:39 - [TEST_STEP][PASSED] - click(findTestObject("PLPPage/ProtectYourPurchase_plp"), OPTIONAL): Unable to click on object 'Object Repository/PLPPage/ProtectYourPurchase_plp' (Root cause: com.kms.katalon.core.exception.StepFailedException: Unable to click on object 'Object Repository/PLPPage/ProtectYourPurchase_plp'
	at com.kms.katalon.core.webui.keyword.internal.WebUIKeywordMain.stepFailed(WebUIKeywordMain.groovy:64)
	at com.kms.katalon.core.webui.keyword.internal.WebUIKeywordMain.runKeyword(WebUIKeywordMain.groovy:26)
	at com.kms.katalon.core.webui.keyword.builtin.ClickKeyword.click(ClickKeyword.groovy:74)
	at com.kms.katalon.core.webui.keyword.builtin.ClickKeyword.execute(ClickKeyword.groovy:40)
	at com.kms.katalon.core.keyword.internal.KeywordExecutor.executeKeywordForPlatform(KeywordExecutor.groovy:74)
	at com.kms.katalon.core.webui.keyword.WebUiBuiltInKeywords.click(WebUiBuiltInKeywords.groovy:608)
	at com.kms.katalon.core.webui.keyword.WebUiBuiltInKeywords$click$11.call(Unknown Source)
	at TS_SMOKE_SUITE_029.run(TS_SMOKE_SUITE_029:38)
	at com.kms.katalon.core.main.ScriptEngine.run(ScriptEngine.java:194)
	at com.kms.katalon.core.main.ScriptEngine.runScriptAsRawText(ScriptEngine.java:119)
	at com.kms.katalon.core.main.TestCaseExecutor.runScript(TestCaseExecutor.java:448)
	at com.kms.katalon.core.main.TestCaseExecutor.doExecute(TestCaseExecutor.java:439)
	at com.kms.katalon.core.main.TestCaseExecutor.processExecutionPhase(TestCaseExecutor.java:418)
	at com.kms.katalon.core.main.TestCaseExecutor.accessMainPhase(TestCaseExecutor.java:410)
	at com.kms.katalon.core.main.TestCaseExecutor.execute(TestCaseExecutor.java:285)
	at com.kms.katalon.core.common.CommonExecutor.accessTestCaseMainPhase(CommonExecutor.java:65)
	at com.kms.katalon.core.main.TestSuiteExecutor.accessTestSuiteMainPhase(TestSuiteExecutor.java:148)
	at com.kms.katalon.core.main.TestSuiteExecutor.execute(TestSuiteExecutor.java:106)
	at com.kms.katalon.core.main.TestCaseMain.startTestSuite(TestCaseMain.java:187)
	at com.kms.katalon.core.main.TestCaseMain$startTestSuite$0.call(Unknown Source)
	at TempTestSuite1692874420462.run(TempTestSuite1692874420462.groovy:36)
Caused by: com.kms.katalon.core.webui.exception.WebElementNotFoundException: Web element with id: 'Object Repository/PLPPage/ProtectYourPurchase_plp' located by '//button[contains(text(), 'Agregar garantía')]' not found
	at com.kms.katalon.core.webui.common.WebUiCommonHelper.findWebElement(WebUiCommonHelper.java:1381)
	at com.kms.katalon.core.webui.keyword.internal.WebUIAbstractKeyword.findWebElement(WebUIAbstractKeyword.groovy:27)
	at com.kms.katalon.core.webui.keyword.builtin.ClickKeyword$_click_closure1.doCall(ClickKeyword.groovy:65)
	at com.kms.katalon.core.webui.keyword.builtin.ClickKeyword$_click_closure1.call(ClickKeyword.groovy)
	at com.kms.katalon.core.webui.keyword.internal.WebUIKeywordMain.runKeyword(WebUIKeywordMain.groovy:20)
	at com.kms.katalon.core.webui.keyword.builtin.ClickKeyword.click(ClickKeyword.groovy:74)
	at com.kms.katalon.core.webui.keyword.builtin.ClickKeyword.execute(ClickKeyword.groovy:40)
	at com.kms.katalon.core.keyword.internal.KeywordExecutor.executeKeywordForPlatform(KeywordExecutor.groovy:74)
	at com.kms.katalon.core.webui.keyword.WebUiBuiltInKeywords.click(WebUiBuiltInKeywords.groovy:608)
	at com.kms.katalon.core.webui.keyword.WebUiBuiltInKeywords$click$11.call(Unknown Source)
	at Script1691124701877.run(Script1691124701877.groovy:38)
	... 13 more
)

2023-08-24 18:44:10 - [MESSAGE][INFO] - Unable to find the element located by 'By.xpath: //button[contains(text(), 'Agregar garantía')]'. Please recheck the objects properties to make sure the desired element is located. 

2023-08-24 18:44:10 - [MESSAGE][WARNING] - Unable to click on object 'Object Repository/PLPPage/ProtectYourPurchase_plp' (Root cause: com.kms.katalon.core.exception.StepFailedException: Unable to click on object 'Object Repository/PLPPage/ProtectYourPurchase_plp'
	at com.kms.katalon.core.webui.keyword.internal.WebUIKeywordMain.stepFailed(WebUIKeywordMain.groovy:64)
	at com.kms.katalon.core.webui.keyword.internal.WebUIKeywordMain.runKeyword(WebUIKeywordMain.groovy:26)
	at com.kms.katalon.core.webui.keyword.builtin.ClickKeyword.click(ClickKeyword.groovy:74)
	at com.kms.katalon.core.webui.keyword.builtin.ClickKeyword.execute(ClickKeyword.groovy:40)
	at com.kms.katalon.core.keyword.internal.KeywordExecutor.executeKeywordForPlatform(KeywordExecutor.groovy:74)
	at com.kms.katalon.core.webui.keyword.WebUiBuiltInKeywords.click(WebUiBuiltInKeywords.groovy:608)
	at com.kms.katalon.core.webui.keyword.WebUiBuiltInKeywords$click$11.call(Unknown Source)
	at TS_SMOKE_SUITE_029.run(TS_SMOKE_SUITE_029:38)
	at com.kms.katalon.core.main.ScriptEngine.run(ScriptEngine.java:194)
	at com.kms.katalon.core.main.ScriptEngine.runScriptAsRawText(ScriptEngine.java:119)
	at com.kms.katalon.core.main.TestCaseExecutor.runScript(TestCaseExecutor.java:448)
	at com.kms.katalon.core.main.TestCaseExecutor.doExecute(TestCaseExecutor.java:439)
	at com.kms.katalon.core.main.TestCaseExecutor.processExecutionPhase(TestCaseExecutor.java:418)
	at com.kms.katalon.core.main.TestCaseExecutor.accessMainPhase(TestCaseExecutor.java:410)
	at com.kms.katalon.core.main.TestCaseExecutor.execute(TestCaseExecutor.java:285)
	at com.kms.katalon.core.common.CommonExecutor.accessTestCaseMainPhase(CommonExecutor.java:65)
	at com.kms.katalon.core.main.TestSuiteExecutor.accessTestSuiteMainPhase(TestSuiteExecutor.java:148)
	at com.kms.katalon.core.main.TestSuiteExecutor.execute(TestSuiteExecutor.java:106)
	at com.kms.katalon.core.main.TestCaseMain.startTestSuite(TestCaseMain.java:187)
	at com.kms.katalon.core.main.TestCaseMain$startTestSuite$0.call(Unknown Source)
	at TempTestSuite1692874420462.run(TempTestSuite1692874420462.groovy:36)
Caused by: com.kms.katalon.core.webui.exception.WebElementNotFoundException: Web element with id: 'Object Repository/PLPPage/ProtectYourPurchase_plp' located by '//button[contains(text(), 'Agregar garantía')]' not found
	at com.kms.katalon.core.webui.common.WebUiCommonHelper.findWebElement(WebUiCommonHelper.java:1381)
	at com.kms.katalon.core.webui.keyword.internal.WebUIAbstractKeyword.findWebElement(WebUIAbstractKeyword.groovy:27)
	at com.kms.katalon.core.webui.keyword.builtin.ClickKeyword$_click_closure1.doCall(ClickKeyword.groovy:65)
	at com.kms.katalon.core.webui.keyword.builtin.ClickKeyword$_click_closure1.call(ClickKeyword.groovy)
	at com.kms.katalon.core.webui.keyword.internal.WebUIKeywordMain.runKeyword(WebUIKeywordMain.groovy:20)
	at com.kms.katalon.core.webui.keyword.builtin.ClickKeyword.click(ClickKeyword.groovy:74)
	at com.kms.katalon.core.webui.keyword.builtin.ClickKeyword.execute(ClickKeyword.groovy:40)
	at com.kms.katalon.core.keyword.internal.KeywordExecutor.executeKeywordForPlatform(KeywordExecutor.groovy:74)
	at com.kms.katalon.core.webui.keyword.WebUiBuiltInKeywords.click(WebUiBuiltInKeywords.groovy:608)
	at com.kms.katalon.core.webui.keyword.WebUiBuiltInKeywords$click$11.call(Unknown Source)
	at Script1691124701877.run(Script1691124701877.groovy:38)
	... 13 more
)
[[ATTACHMENT|D:\\backup\\LiverpoolProject_SmokeSuite\\Reports\\20230824_162340\\SmokeSuite_AllModules\\20230824_162340\\1692882850359.png]]

2023-08-24 18:44:10 - [TEST_STEP][PASSED] - click(findTestObject("HomePage/Cart_header")): Object: 'Object Repository/HomePage/Cart_header' is clicked on

2023-08-24 18:44:13 - [MESSAGE][PASSED] - Object: 'Object Repository/HomePage/Cart_header' is clicked on

2023-08-24 18:44:13 - [TEST_STEP][PASSED] - click(findTestObject("CartPage/BuyButton_Cart")): Object: 'Object Repository/CartPage/BuyButton_Cart' is clicked on

2023-08-24 18:44:18 - [MESSAGE][PASSED] - Object: 'Object Repository/CartPage/BuyButton_Cart' is clicked on

2023-08-24 18:44:18 - [TEST_STEP][PASSED] - CheckoutURL = getUrl(): Current window's url is: 'https://odtaqaa.liverpool.com.mx/tienda/cart'

2023-08-24 18:44:18 - [MESSAGE][PASSED] - Current window's url is: 'https://odtaqaa.liverpool.com.mx/tienda/cart'

2023-08-24 18:44:18 - [TEST_STEP][PASSED] - if (CheckoutURL == CheckoutLink): null

2023-08-24 18:44:18 - [TEST_STEP][PASSED] - closeBrowser(): Browser is closed

2023-08-24 18:44:19 - [MESSAGE][PASSED] - Browser is closed]]></system-out>
         <system-err><![CDATA[]]></system-err>
      </testcase>
      <testcase name="Test Cases/ShoppingCart/TS_SMOKE_SUITE_030" time="199.446" classname="Test Cases/ShoppingCart/TS_SMOKE_SUITE_030" status="PASSED">
         <system-out><![CDATA[2023-08-24 18:44:19 - [TEST_CASE][PASSED] - Test Cases/ShoppingCart/TS_SMOKE_SUITE_030: Test Cases/ShoppingCart/TS_SMOKE_SUITE_030

2023-08-24 18:44:19 - [TEST_STEP][PASSED] - openBrowser(""): Browser is opened with url: ''

2023-08-24 18:44:19 - [MESSAGE][INFO] - Starting 'Chrome' driver

2023-08-24 18:44:19 - [MESSAGE][INFO] - Action delay is set to 0 milliseconds

2023-08-24 18:44:20 - [MESSAGE][PASSED] - Browser is opened with url: ''

2023-08-24 18:44:20 - [TEST_STEP][PASSED] - navigateToUrl(URL): Navigate to 'https://odtaqaa.liverpool.com.mx/tienda/home' successfully

2023-08-24 18:45:05 - [MESSAGE][PASSED] - Navigate to 'https://odtaqaa.liverpool.com.mx/tienda/home' successfully

2023-08-24 18:45:05 - [TEST_STEP][PASSED] - maximizeWindow(): Current window maximized

2023-08-24 18:45:05 - [MESSAGE][PASSED] - Current window maximized

2023-08-24 18:45:05 - [TEST_STEP][PASSED] - click(findTestObject("HomePage/Iniciar sesion")): Object: 'Object Repository/HomePage/Iniciar sesion' is clicked on

2023-08-24 18:45:06 - [MESSAGE][PASSED] - Object: 'Object Repository/HomePage/Iniciar sesion' is clicked on

2023-08-24 18:45:06 - [TEST_STEP][PASSED] - callTestCase(findTestCase("CommonMethods/loginFromHomePage"), ["username":username, "password":password], STOP_ON_FAILURE): Call Test Case 'Test Cases/CommonMethods/loginFromHomePage' successfully

2023-08-24 18:45:06 - [TEST_CASE][PASSED] - Test Cases/CommonMethods/loginFromHomePage: Test Cases/CommonMethods/loginFromHomePage

2023-08-24 18:45:06 - [TEST_STEP][PASSED] - delay(3): Delayed 3 second(s)

2023-08-24 18:45:09 - [MESSAGE][PASSED] - Delayed 3 second(s)

2023-08-24 18:45:09 - [TEST_STEP][PASSED] - click(findTestObject("HomePage/EnterUsername_LP")): Object: 'Object Repository/HomePage/EnterUsername_LP' is clicked on

2023-08-24 18:45:23 - [MESSAGE][PASSED] - Object: 'Object Repository/HomePage/EnterUsername_LP' is clicked on

2023-08-24 18:45:23 - [TEST_STEP][PASSED] - setText(findTestObject("HomePage/EnterUsername_LP"), username): Text 'hcheruvu29@digisprint.com' is set on object 'Object Repository/HomePage/EnterUsername_LP'

2023-08-24 18:45:24 - [MESSAGE][PASSED] - Text 'hcheruvu29@digisprint.com' is set on object 'Object Repository/HomePage/EnterUsername_LP'

2023-08-24 18:45:24 - [TEST_STEP][PASSED] - click(findTestObject("HomePage/EnterPassword_LP")): Object: 'Object Repository/HomePage/EnterPassword_LP' is clicked on

2023-08-24 18:45:24 - [MESSAGE][PASSED] - Object: 'Object Repository/HomePage/EnterPassword_LP' is clicked on

2023-08-24 18:45:24 - [TEST_STEP][PASSED] - setText(findTestObject("HomePage/EnterPassword_LP"), password): Text 'Test@12345' is set on object 'Object Repository/HomePage/EnterPassword_LP'

2023-08-24 18:45:25 - [MESSAGE][PASSED] - Text 'Test@12345' is set on object 'Object Repository/HomePage/EnterPassword_LP'

2023-08-24 18:45:25 - [TEST_STEP][PASSED] - click(findTestObject("HomePage/inciar")): Object: 'Object Repository/HomePage/inciar' is clicked on

2023-08-24 18:45:35 - [MESSAGE][PASSED] - Object: 'Object Repository/HomePage/inciar' is clicked on

2023-08-24 18:45:35 - [MESSAGE][PASSED] - Call Test Case 'Test Cases/CommonMethods/loginFromHomePage' successfully

2023-08-24 18:45:35 - [TEST_STEP][PASSED] - callTestCase(findTestCase("CommonMethods/SearchForAProduct_search"), ["searchTerm":SLSearchTerm], STOP_ON_FAILURE): Call Test Case 'Test Cases/CommonMethods/SearchForAProduct_search' successfully

2023-08-24 18:45:35 - [TEST_CASE][PASSED] - Test Cases/CommonMethods/SearchForAProduct_search: Test Cases/CommonMethods/SearchForAProduct_search

2023-08-24 18:45:35 - [TEST_STEP][PASSED] - click(findTestObject("HomePage/Buscar1"), STOP_ON_FAILURE): Object: 'Object Repository/HomePage/Buscar1' is clicked on

2023-08-24 18:46:11 - [MESSAGE][PASSED] - Object: 'Object Repository/HomePage/Buscar1' is clicked on

2023-08-24 18:46:11 - [TEST_STEP][PASSED] - delay(3): Delayed 3 second(s)

2023-08-24 18:46:14 - [MESSAGE][PASSED] - Delayed 3 second(s)

2023-08-24 18:46:14 - [TEST_STEP][PASSED] - setText(findTestObject("HomePage/Buscar1"), searchTerm): Text 'Vaso' is set on object 'Object Repository/HomePage/Buscar1'

2023-08-24 18:46:15 - [MESSAGE][PASSED] - Text 'Vaso' is set on object 'Object Repository/HomePage/Buscar1'

2023-08-24 18:46:15 - [TEST_STEP][PASSED] - delay(3): Delayed 3 second(s)

2023-08-24 18:46:18 - [MESSAGE][PASSED] - Delayed 3 second(s)

2023-08-24 18:46:18 - [TEST_STEP][PASSED] - sendKeys(findTestObject("HomePage/Seach_TextBox_hp"), Keys.chord(ENTER)): Keys 'ENTER + ' sent to object: 'Object Repository/HomePage/Seach_TextBox_hp'

2023-08-24 18:46:19 - [MESSAGE][PASSED] - Keys 'ENTER + ' sent to object: 'Object Repository/HomePage/Seach_TextBox_hp'

2023-08-24 18:46:19 - [MESSAGE][PASSED] - Call Test Case 'Test Cases/CommonMethods/SearchForAProduct_search' successfully

2023-08-24 18:46:19 - [TEST_STEP][PASSED] - click(findTestObject("HomePage/FirstProduct_plp")): Object: 'Object Repository/HomePage/FirstProduct_plp' is clicked on

2023-08-24 18:46:40 - [MESSAGE][PASSED] - Object: 'Object Repository/HomePage/FirstProduct_plp' is clicked on

2023-08-24 18:46:40 - [TEST_STEP][PASSED] - click(findTestObject("PDPPage/AddToCart_pdp")): Object: 'Object Repository/PDPPage/AddToCart_pdp' is clicked on

2023-08-24 18:46:58 - [MESSAGE][PASSED] - Object: 'Object Repository/PDPPage/AddToCart_pdp' is clicked on

2023-08-24 18:46:58 - [TEST_STEP][PASSED] - click(findTestObject("PLPPage/ProtectYourPurchase_plp"), OPTIONAL): Unable to click on object 'Object Repository/PLPPage/ProtectYourPurchase_plp' (Root cause: com.kms.katalon.core.exception.StepFailedException: Unable to click on object 'Object Repository/PLPPage/ProtectYourPurchase_plp'
	at com.kms.katalon.core.webui.keyword.internal.WebUIKeywordMain.stepFailed(WebUIKeywordMain.groovy:64)
	at com.kms.katalon.core.webui.keyword.internal.WebUIKeywordMain.runKeyword(WebUIKeywordMain.groovy:26)
	at com.kms.katalon.core.webui.keyword.builtin.ClickKeyword.click(ClickKeyword.groovy:74)
	at com.kms.katalon.core.webui.keyword.builtin.ClickKeyword.execute(ClickKeyword.groovy:40)
	at com.kms.katalon.core.keyword.internal.KeywordExecutor.executeKeywordForPlatform(KeywordExecutor.groovy:74)
	at com.kms.katalon.core.webui.keyword.WebUiBuiltInKeywords.click(WebUiBuiltInKeywords.groovy:608)
	at com.kms.katalon.core.webui.keyword.WebUiBuiltInKeywords$click$11.call(Unknown Source)
	at TS_SMOKE_SUITE_030.run(TS_SMOKE_SUITE_030:38)
	at com.kms.katalon.core.main.ScriptEngine.run(ScriptEngine.java:194)
	at com.kms.katalon.core.main.ScriptEngine.runScriptAsRawText(ScriptEngine.java:119)
	at com.kms.katalon.core.main.TestCaseExecutor.runScript(TestCaseExecutor.java:448)
	at com.kms.katalon.core.main.TestCaseExecutor.doExecute(TestCaseExecutor.java:439)
	at com.kms.katalon.core.main.TestCaseExecutor.processExecutionPhase(TestCaseExecutor.java:418)
	at com.kms.katalon.core.main.TestCaseExecutor.accessMainPhase(TestCaseExecutor.java:410)
	at com.kms.katalon.core.main.TestCaseExecutor.execute(TestCaseExecutor.java:285)
	at com.kms.katalon.core.common.CommonExecutor.accessTestCaseMainPhase(CommonExecutor.java:65)
	at com.kms.katalon.core.main.TestSuiteExecutor.accessTestSuiteMainPhase(TestSuiteExecutor.java:148)
	at com.kms.katalon.core.main.TestSuiteExecutor.execute(TestSuiteExecutor.java:106)
	at com.kms.katalon.core.main.TestCaseMain.startTestSuite(TestCaseMain.java:187)
	at com.kms.katalon.core.main.TestCaseMain$startTestSuite$0.call(Unknown Source)
	at TempTestSuite1692874420462.run(TempTestSuite1692874420462.groovy:36)
Caused by: com.kms.katalon.core.webui.exception.WebElementNotFoundException: Web element with id: 'Object Repository/PLPPage/ProtectYourPurchase_plp' located by '//button[contains(text(), 'Agregar garantía')]' not found
	at com.kms.katalon.core.webui.common.WebUiCommonHelper.findWebElement(WebUiCommonHelper.java:1381)
	at com.kms.katalon.core.webui.keyword.internal.WebUIAbstractKeyword.findWebElement(WebUIAbstractKeyword.groovy:27)
	at com.kms.katalon.core.webui.keyword.builtin.ClickKeyword$_click_closure1.doCall(ClickKeyword.groovy:65)
	at com.kms.katalon.core.webui.keyword.builtin.ClickKeyword$_click_closure1.call(ClickKeyword.groovy)
	at com.kms.katalon.core.webui.keyword.internal.WebUIKeywordMain.runKeyword(WebUIKeywordMain.groovy:20)
	at com.kms.katalon.core.webui.keyword.builtin.ClickKeyword.click(ClickKeyword.groovy:74)
	at com.kms.katalon.core.webui.keyword.builtin.ClickKeyword.execute(ClickKeyword.groovy:40)
	at com.kms.katalon.core.keyword.internal.KeywordExecutor.executeKeywordForPlatform(KeywordExecutor.groovy:74)
	at com.kms.katalon.core.webui.keyword.WebUiBuiltInKeywords.click(WebUiBuiltInKeywords.groovy:608)
	at com.kms.katalon.core.webui.keyword.WebUiBuiltInKeywords$click$11.call(Unknown Source)
	at Script1691126662264.run(Script1691126662264.groovy:38)
	... 13 more
)

2023-08-24 18:47:29 - [MESSAGE][INFO] - Unable to find the element located by 'By.xpath: //button[contains(text(), 'Agregar garantía')]'. Please recheck the objects properties to make sure the desired element is located. 

2023-08-24 18:47:30 - [MESSAGE][WARNING] - Unable to click on object 'Object Repository/PLPPage/ProtectYourPurchase_plp' (Root cause: com.kms.katalon.core.exception.StepFailedException: Unable to click on object 'Object Repository/PLPPage/ProtectYourPurchase_plp'
	at com.kms.katalon.core.webui.keyword.internal.WebUIKeywordMain.stepFailed(WebUIKeywordMain.groovy:64)
	at com.kms.katalon.core.webui.keyword.internal.WebUIKeywordMain.runKeyword(WebUIKeywordMain.groovy:26)
	at com.kms.katalon.core.webui.keyword.builtin.ClickKeyword.click(ClickKeyword.groovy:74)
	at com.kms.katalon.core.webui.keyword.builtin.ClickKeyword.execute(ClickKeyword.groovy:40)
	at com.kms.katalon.core.keyword.internal.KeywordExecutor.executeKeywordForPlatform(KeywordExecutor.groovy:74)
	at com.kms.katalon.core.webui.keyword.WebUiBuiltInKeywords.click(WebUiBuiltInKeywords.groovy:608)
	at com.kms.katalon.core.webui.keyword.WebUiBuiltInKeywords$click$11.call(Unknown Source)
	at TS_SMOKE_SUITE_030.run(TS_SMOKE_SUITE_030:38)
	at com.kms.katalon.core.main.ScriptEngine.run(ScriptEngine.java:194)
	at com.kms.katalon.core.main.ScriptEngine.runScriptAsRawText(ScriptEngine.java:119)
	at com.kms.katalon.core.main.TestCaseExecutor.runScript(TestCaseExecutor.java:448)
	at com.kms.katalon.core.main.TestCaseExecutor.doExecute(TestCaseExecutor.java:439)
	at com.kms.katalon.core.main.TestCaseExecutor.processExecutionPhase(TestCaseExecutor.java:418)
	at com.kms.katalon.core.main.TestCaseExecutor.accessMainPhase(TestCaseExecutor.java:410)
	at com.kms.katalon.core.main.TestCaseExecutor.execute(TestCaseExecutor.java:285)
	at com.kms.katalon.core.common.CommonExecutor.accessTestCaseMainPhase(CommonExecutor.java:65)
	at com.kms.katalon.core.main.TestSuiteExecutor.accessTestSuiteMainPhase(TestSuiteExecutor.java:148)
	at com.kms.katalon.core.main.TestSuiteExecutor.execute(TestSuiteExecutor.java:106)
	at com.kms.katalon.core.main.TestCaseMain.startTestSuite(TestCaseMain.java:187)
	at com.kms.katalon.core.main.TestCaseMain$startTestSuite$0.call(Unknown Source)
	at TempTestSuite1692874420462.run(TempTestSuite1692874420462.groovy:36)
Caused by: com.kms.katalon.core.webui.exception.WebElementNotFoundException: Web element with id: 'Object Repository/PLPPage/ProtectYourPurchase_plp' located by '//button[contains(text(), 'Agregar garantía')]' not found
	at com.kms.katalon.core.webui.common.WebUiCommonHelper.findWebElement(WebUiCommonHelper.java:1381)
	at com.kms.katalon.core.webui.keyword.internal.WebUIAbstractKeyword.findWebElement(WebUIAbstractKeyword.groovy:27)
	at com.kms.katalon.core.webui.keyword.builtin.ClickKeyword$_click_closure1.doCall(ClickKeyword.groovy:65)
	at com.kms.katalon.core.webui.keyword.builtin.ClickKeyword$_click_closure1.call(ClickKeyword.groovy)
	at com.kms.katalon.core.webui.keyword.internal.WebUIKeywordMain.runKeyword(WebUIKeywordMain.groovy:20)
	at com.kms.katalon.core.webui.keyword.builtin.ClickKeyword.click(ClickKeyword.groovy:74)
	at com.kms.katalon.core.webui.keyword.builtin.ClickKeyword.execute(ClickKeyword.groovy:40)
	at com.kms.katalon.core.keyword.internal.KeywordExecutor.executeKeywordForPlatform(KeywordExecutor.groovy:74)
	at com.kms.katalon.core.webui.keyword.WebUiBuiltInKeywords.click(WebUiBuiltInKeywords.groovy:608)
	at com.kms.katalon.core.webui.keyword.WebUiBuiltInKeywords$click$11.call(Unknown Source)
	at Script1691126662264.run(Script1691126662264.groovy:38)
	... 13 more
)
[[ATTACHMENT|D:\\backup\\LiverpoolProject_SmokeSuite\\Reports\\20230824_162340\\SmokeSuite_AllModules\\20230824_162340\\1692883049827.png]]

2023-08-24 18:47:30 - [TEST_STEP][PASSED] - click(findTestObject("HomePage/Cart_header")): Object: 'Object Repository/HomePage/Cart_header' is clicked on

2023-08-24 18:47:32 - [MESSAGE][PASSED] - Object: 'Object Repository/HomePage/Cart_header' is clicked on

2023-08-24 18:47:32 - [TEST_STEP][PASSED] - click(findTestObject("CartPage/BuyButton_Cart")): Object: 'Object Repository/CartPage/BuyButton_Cart' is clicked on

2023-08-24 18:47:37 - [MESSAGE][PASSED] - Object: 'Object Repository/CartPage/BuyButton_Cart' is clicked on

2023-08-24 18:47:37 - [TEST_STEP][PASSED] - CheckoutURL = getUrl(): Current window's url is: 'https://odtaqaa.liverpool.com.mx/tienda/cart'

2023-08-24 18:47:37 - [MESSAGE][PASSED] - Current window's url is: 'https://odtaqaa.liverpool.com.mx/tienda/cart'

2023-08-24 18:47:37 - [TEST_STEP][PASSED] - if (CheckoutURL == CheckoutLink): null

2023-08-24 18:47:37 - [TEST_STEP][PASSED] - closeBrowser(): Browser is closed

2023-08-24 18:47:38 - [MESSAGE][PASSED] - Browser is closed]]></system-out>
         <system-err><![CDATA[]]></system-err>
      </testcase>
      <system-out><![CDATA[2023-08-24 16:23:46 - [TEST_SUITE][FAILED] - SmokeSuite_AllModules: Test Cases/AccountManagement/TS_SMOKE_SUITE_018 FAILED.
Reason:
com.kms.katalon.core.exception.StepFailedException: Unable to click on object 'Object Repository/AccountManagement/ClickAndCollectStores_accounts'
	at com.kms.katalon.core.webui.keyword.internal.WebUIKeywordMain.stepFailed(WebUIKeywordMain.groovy:64)
	at com.kms.katalon.core.webui.keyword.internal.WebUIKeywordMain.runKeyword(WebUIKeywordMain.groovy:26)
	at com.kms.katalon.core.webui.keyword.builtin.ClickKeyword.click(ClickKeyword.groovy:74)
	at com.kms.katalon.core.webui.keyword.builtin.ClickKeyword.execute(ClickKeyword.groovy:40)
	at com.kms.katalon.core.keyword.internal.KeywordExecutor.executeKeywordForPlatform(KeywordExecutor.groovy:74)
	at com.kms.katalon.core.webui.keyword.WebUiBuiltInKeywords.click(WebUiBuiltInKeywords.groovy:620)
	at com.kms.katalon.core.webui.keyword.WebUiBuiltInKeywords$click$2.call(Unknown Source)
	at TS_SMOKE_SUITE_018.run(TS_SMOKE_SUITE_018:88)
	at com.kms.katalon.core.main.ScriptEngine.run(ScriptEngine.java:194)
	at com.kms.katalon.core.main.ScriptEngine.runScriptAsRawText(ScriptEngine.java:119)
	at com.kms.katalon.core.main.TestCaseExecutor.runScript(TestCaseExecutor.java:448)
	at com.kms.katalon.core.main.TestCaseExecutor.doExecute(TestCaseExecutor.java:439)
	at com.kms.katalon.core.main.TestCaseExecutor.processExecutionPhase(TestCaseExecutor.java:418)
	at com.kms.katalon.core.main.TestCaseExecutor.accessMainPhase(TestCaseExecutor.java:410)
	at com.kms.katalon.core.main.TestCaseExecutor.execute(TestCaseExecutor.java:285)
	at com.kms.katalon.core.common.CommonExecutor.accessTestCaseMainPhase(CommonExecutor.java:65)
	at com.kms.katalon.core.main.TestSuiteExecutor.accessTestSuiteMainPhase(TestSuiteExecutor.java:148)
	at com.kms.katalon.core.main.TestSuiteExecutor.execute(TestSuiteExecutor.java:106)
	at com.kms.katalon.core.main.TestCaseMain.startTestSuite(TestCaseMain.java:187)
	at com.kms.katalon.core.main.TestCaseMain$startTestSuite$0.call(Unknown Source)
	at TempTestSuite1692874420462.run(TempTestSuite1692874420462.groovy:36)
Caused by: com.kms.katalon.core.webui.exception.WebElementNotFoundException: Web element with id: 'Object Repository/AccountManagement/ClickAndCollectStores_accounts' located by '(//span[@class='mdc-tab__ripple mdc-ripple-upgraded'])[2]' not found
	at com.kms.katalon.core.webui.common.WebUiCommonHelper.findWebElement(WebUiCommonHelper.java:1381)
	at com.kms.katalon.core.webui.keyword.internal.WebUIAbstractKeyword.findWebElement(WebUIAbstractKeyword.groovy:27)
	at com.kms.katalon.core.webui.keyword.builtin.ClickKeyword$_click_closure1.doCall(ClickKeyword.groovy:65)
	at com.kms.katalon.core.webui.keyword.builtin.ClickKeyword$_click_closure1.call(ClickKeyword.groovy)
	at com.kms.katalon.core.webui.keyword.internal.WebUIKeywordMain.runKeyword(WebUIKeywordMain.groovy:20)
	... 19 more]]></system-out>
      <system-err><![CDATA[2023-08-24 16:23:46 - [TEST_SUITE][FAILED] - SmokeSuite_AllModules: Test Cases/AccountManagement/TS_SMOKE_SUITE_018 FAILED.
Reason:
com.kms.katalon.core.exception.StepFailedException: Unable to click on object 'Object Repository/AccountManagement/ClickAndCollectStores_accounts'
	at com.kms.katalon.core.webui.keyword.internal.WebUIKeywordMain.stepFailed(WebUIKeywordMain.groovy:64)
	at com.kms.katalon.core.webui.keyword.internal.WebUIKeywordMain.runKeyword(WebUIKeywordMain.groovy:26)
	at com.kms.katalon.core.webui.keyword.builtin.ClickKeyword.click(ClickKeyword.groovy:74)
	at com.kms.katalon.core.webui.keyword.builtin.ClickKeyword.execute(ClickKeyword.groovy:40)
	at com.kms.katalon.core.keyword.internal.KeywordExecutor.executeKeywordForPlatform(KeywordExecutor.groovy:74)
	at com.kms.katalon.core.webui.keyword.WebUiBuiltInKeywords.click(WebUiBuiltInKeywords.groovy:620)
	at com.kms.katalon.core.webui.keyword.WebUiBuiltInKeywords$click$2.call(Unknown Source)
	at TS_SMOKE_SUITE_018.run(TS_SMOKE_SUITE_018:88)
	at com.kms.katalon.core.main.ScriptEngine.run(ScriptEngine.java:194)
	at com.kms.katalon.core.main.ScriptEngine.runScriptAsRawText(ScriptEngine.java:119)
	at com.kms.katalon.core.main.TestCaseExecutor.runScript(TestCaseExecutor.java:448)
	at com.kms.katalon.core.main.TestCaseExecutor.doExecute(TestCaseExecutor.java:439)
	at com.kms.katalon.core.main.TestCaseExecutor.processExecutionPhase(TestCaseExecutor.java:418)
	at com.kms.katalon.core.main.TestCaseExecutor.accessMainPhase(TestCaseExecutor.java:410)
	at com.kms.katalon.core.main.TestCaseExecutor.execute(TestCaseExecutor.java:285)
	at com.kms.katalon.core.common.CommonExecutor.accessTestCaseMainPhase(CommonExecutor.java:65)
	at com.kms.katalon.core.main.TestSuiteExecutor.accessTestSuiteMainPhase(TestSuiteExecutor.java:148)
	at com.kms.katalon.core.main.TestSuiteExecutor.execute(TestSuiteExecutor.java:106)
	at com.kms.katalon.core.main.TestCaseMain.startTestSuite(TestCaseMain.java:187)
	at com.kms.katalon.core.main.TestCaseMain$startTestSuite$0.call(Unknown Source)
	at TempTestSuite1692874420462.run(TempTestSuite1692874420462.groovy:36)
Caused by: com.kms.katalon.core.webui.exception.WebElementNotFoundException: Web element with id: 'Object Repository/AccountManagement/ClickAndCollectStores_accounts' located by '(//span[@class='mdc-tab__ripple mdc-ripple-upgraded'])[2]' not found
	at com.kms.katalon.core.webui.common.WebUiCommonHelper.findWebElement(WebUiCommonHelper.java:1381)
	at com.kms.katalon.core.webui.keyword.internal.WebUIAbstractKeyword.findWebElement(WebUIAbstractKeyword.groovy:27)
	at com.kms.katalon.core.webui.keyword.builtin.ClickKeyword$_click_closure1.doCall(ClickKeyword.groovy:65)
	at com.kms.katalon.core.webui.keyword.builtin.ClickKeyword$_click_closure1.call(ClickKeyword.groovy)
	at com.kms.katalon.core.webui.keyword.internal.WebUIKeywordMain.runKeyword(WebUIKeywordMain.groovy:20)
	... 19 more]]></system-err>
   </testsuite>
</testsuites>
