<?xml version="1.0" encoding="UTF-8"?>
<testsuites name="checkout" time="2615.558" tests="12" failures="6" errors="0">
   <testsuite name="checkout" tests="12" failures="6" errors="0" time="2615.558" skipped="0" timestamp="2023-08-16 16:23:02" hostname="DELL - DESKTOP-L51QJLB" id="Test Suites/checkout">
      <properties>
         <property name="deviceName" value=""/>
         <property name="devicePlatform" value=""/>
         <property name="logFolder" value="D:\\backup\\Liverpool_SmokeSuite1\\Reports\\20230816_162257\\checkout\\20230816_162257"/>
         <property name="logFiles" value="D:\\backup\\Liverpool_SmokeSuite1\\Reports\\20230816_162257\\checkout\\20230816_162257\\execution0.log"/>
         <property name="attachments" value="D:\\backup\\Liverpool_SmokeSuite1\\Reports\\20230816_162257\\checkout\\20230816_162257\\1692183274169.png, D:\\backup\\Liverpool_SmokeSuite1\\Reports\\20230816_162257\\checkout\\20230816_162257\\1692183508836.png, D:\\backup\\Liverpool_SmokeSuite1\\Reports\\20230816_162257\\checkout\\20230816_162257\\1692184250000.png, D:\\backup\\Liverpool_SmokeSuite1\\Reports\\20230816_162257\\checkout\\20230816_162257\\1692184253709.png, D:\\backup\\Liverpool_SmokeSuite1\\Reports\\20230816_162257\\checkout\\20230816_162257\\1692184561282.png, D:\\backup\\Liverpool_SmokeSuite1\\Reports\\20230816_162257\\checkout\\20230816_162257\\1692184779001.png, D:\\backup\\Liverpool_SmokeSuite1\\Reports\\20230816_162257\\checkout\\20230816_162257\\1692185370201.png, D:\\backup\\Liverpool_SmokeSuite1\\Reports\\20230816_162257\\checkout\\20230816_162257\\1692185797945.png, D:\\backup\\Liverpool_SmokeSuite1\\Reports\\20230816_162257\\checkout\\20230816_162257\\1692185798088.png"/>
         <property name="hostName" value="DELL - DESKTOP-L51QJLB"/>
         <property name="os" value="Windows 10 64bit"/>
         <property name="katalonVersion" value="8.5.5.208"/>
         <property name="browser" value="Chrome 115.0.0.0"/>
         <property name="hostAddress" value="172.22.45.204"/>
         <property name="sessionId" value="2fbb768d954dc2ce3ae3e7465b5fc0f5"/>
         <property name="seleniumVersion" value="3.141.59"/>
         <property name="proxyInformation" value="ProxyInformation { proxyOption=NO_PROXY, proxyServerType=HTTP, username=, password=********, proxyServerAddress=, proxyServerPort=0, executionList=&quot;&quot;, isApplyToDesiredCapabilities=true }"/>
         <property name="platform" value="Windows 10"/>
      </properties>
      <testcase name="Test Cases/Checkout/TS_SMOKE_SUITE_072" time="91.011" classname="Test Cases/Checkout/TS_SMOKE_SUITE_072" status="FAILED">
         <failure type="FAILED" message="Test Cases/Checkout/TS_SMOKE_SUITE_072 FAILED.
Reason:
com.kms.katalon.core.exception.StepFailedException: Unable to click on object 'Object Repository/HomePage/Iniciar sesion'
	at com.kms.katalon.core.webui.keyword.internal.WebUIKeywordMain.stepFailed(WebUIKeywordMain.groovy:64)
	at com.kms.katalon.core.webui.keyword.internal.WebUIKeywordMain.runKeyword(WebUIKeywordMain.groovy:26)
	at com.kms.katalon.core.webui.keyword.builtin.ClickKeyword.click(ClickKeyword.groovy:74)
	at com.kms.katalon.core.webui.keyword.builtin.ClickKeyword.execute(ClickKeyword.groovy:40)
	at com.kms.katalon.core.keyword.internal.KeywordExecutor.executeKeywordForPlatform(KeywordExecutor.groovy:74)
	at com.kms.katalon.core.webui.keyword.WebUiBuiltInKeywords.click(WebUiBuiltInKeywords.groovy:620)
	at com.kms.katalon.core.webui.keyword.WebUiBuiltInKeywords$click$2.call(Unknown Source)
	at TS_SMOKE_SUITE_072.run(TS_SMOKE_SUITE_072:28)
	at com.kms.katalon.core.main.ScriptEngine.run(ScriptEngine.java:194)
	at com.kms.katalon.core.main.ScriptEngine.runScriptAsRawText(ScriptEngine.java:119)
	at com.kms.katalon.core.main.TestCaseExecutor.runScript(TestCaseExecutor.java:448)
	at com.kms.katalon.core.main.TestCaseExecutor.doExecute(TestCaseExecutor.java:439)
	at com.kms.katalon.core.main.TestCaseExecutor.processExecutionPhase(TestCaseExecutor.java:418)
	at com.kms.katalon.core.main.TestCaseExecutor.accessMainPhase(TestCaseExecutor.java:410)
	at com.kms.katalon.core.main.TestCaseExecutor.execute(TestCaseExecutor.java:285)
	at com.kms.katalon.core.common.CommonExecutor.accessTestCaseMainPhase(CommonExecutor.java:65)
	at com.kms.katalon.core.main.TestSuiteExecutor.accessTestSuiteMainPhase(TestSuiteExecutor.java:151)
	at com.kms.katalon.core.main.TestSuiteExecutor.execute(TestSuiteExecutor.java:106)
	at com.kms.katalon.core.main.TestCaseMain.startTestSuite(TestCaseMain.java:185)
	at com.kms.katalon.core.main.TestCaseMain$startTestSuite$0.call(Unknown Source)
	at TempTestSuite1692183177032.run(TempTestSuite1692183177032.groovy:36)
Caused by: org.openqa.selenium.ElementNotInteractableException: element not interactable
  (Session info: chrome=115.0.5790.171)
Build info: version: '3.141.59', revision: 'e82be7d358', time: '2018-11-14T08:25:53'
System info: host: 'DESKTOP-L51QJLB', ip: '172.22.45.204', os.name: 'Windows 10', os.arch: 'amd64', os.version: '10.0', java.version: '1.8.0_282'
Driver info: com.kms.katalon.selenium.driver.CChromeDriver
Capabilities {acceptInsecureCerts: false, browserName: chrome, browserVersion: 115.0.5790.171, chrome: {chromedriverVersion: 114.0.5735.90 (386bc09e8f4f..., userDataDir: C:\Users\DELL\AppData\Local...}, goog:chromeOptions: {debuggerAddress: localhost:52148}, javascriptEnabled: true, networkConnectionEnabled: false, pageLoadStrategy: normal, platform: WINDOWS, platformName: WINDOWS, proxy: Proxy(), setWindowRect: true, strictFileInteractability: false, timeouts: {implicit: 0, pageLoad: 300000, script: 30000}, unhandledPromptBehavior: dismiss and notify, webauthn:extension:credBlob: true, webauthn:extension:largeBlob: true, webauthn:extension:minPinLength: true, webauthn:extension:prf: true, webauthn:virtualAuthenticators: true}
Session ID: 27592eb98ba12edd3ad60cce5ca20b22
	at org.openqa.selenium.remote.http.W3CHttpResponseCodec.createException(W3CHttpResponseCodec.java:187)
	at org.openqa.selenium.remote.http.W3CHttpResponseCodec.decode(W3CHttpResponseCodec.java:122)
	at org.openqa.selenium.remote.http.W3CHttpResponseCodec.decode(W3CHttpResponseCodec.java:49)
	at org.openqa.selenium.remote.HttpCommandExecutor.execute(HttpCommandExecutor.java:158)
	at org.openqa.selenium.remote.service.DriverCommandExecutor.execute(DriverCommandExecutor.java:83)
	at org.openqa.selenium.remote.RemoteWebDriver.execute(RemoteWebDriver.java:552)
	at com.kms.katalon.selenium.driver.CChromeDriver.execute(CChromeDriver.java:19)
	at org.openqa.selenium.remote.RemoteWebElement.execute(RemoteWebElement.java:285)
	at org.openqa.selenium.remote.RemoteWebElement.click(RemoteWebElement.java:84)
	at org.openqa.selenium.support.events.EventFiringWebDriver$EventFiringWebElement.lambda$new$0(EventFiringWebDriver.java:404)
	at com.sun.proxy.$Proxy11.click(Unknown Source)
	at org.openqa.selenium.support.events.EventFiringWebDriver$EventFiringWebElement.click(EventFiringWebDriver.java:417)
	at org.openqa.selenium.WebElement$click.call(Unknown Source)
	at com.kms.katalon.core.webui.keyword.builtin.ClickKeyword.clickUntilSuccessWithTimeout(ClickKeyword.groovy:81)
	at com.kms.katalon.core.webui.keyword.builtin.ClickKeyword.clickUntilSuccessWithTimeout(ClickKeyword.groovy)
	at com.kms.katalon.core.webui.keyword.builtin.ClickKeyword$_click_closure1.doCall(ClickKeyword.groovy:67)
	at com.kms.katalon.core.webui.keyword.builtin.ClickKeyword$_click_closure1.call(ClickKeyword.groovy)
	at com.kms.katalon.core.webui.keyword.internal.WebUIKeywordMain.runKeyword(WebUIKeywordMain.groovy:20)
	... 19 more
"/>
         <system-out><![CDATA[2023-08-16 16:23:03 - [TEST_CASE][FAILED] - Test Cases/Checkout/TS_SMOKE_SUITE_072: Test Cases/Checkout/TS_SMOKE_SUITE_072 FAILED.
Reason:
com.kms.katalon.core.exception.StepFailedException: Unable to click on object 'Object Repository/HomePage/Iniciar sesion'
	at com.kms.katalon.core.webui.keyword.internal.WebUIKeywordMain.stepFailed(WebUIKeywordMain.groovy:64)
	at com.kms.katalon.core.webui.keyword.internal.WebUIKeywordMain.runKeyword(WebUIKeywordMain.groovy:26)
	at com.kms.katalon.core.webui.keyword.builtin.ClickKeyword.click(ClickKeyword.groovy:74)
	at com.kms.katalon.core.webui.keyword.builtin.ClickKeyword.execute(ClickKeyword.groovy:40)
	at com.kms.katalon.core.keyword.internal.KeywordExecutor.executeKeywordForPlatform(KeywordExecutor.groovy:74)
	at com.kms.katalon.core.webui.keyword.WebUiBuiltInKeywords.click(WebUiBuiltInKeywords.groovy:620)
	at com.kms.katalon.core.webui.keyword.WebUiBuiltInKeywords$click$2.call(Unknown Source)
	at TS_SMOKE_SUITE_072.run(TS_SMOKE_SUITE_072:28)
	at com.kms.katalon.core.main.ScriptEngine.run(ScriptEngine.java:194)
	at com.kms.katalon.core.main.ScriptEngine.runScriptAsRawText(ScriptEngine.java:119)
	at com.kms.katalon.core.main.TestCaseExecutor.runScript(TestCaseExecutor.java:448)
	at com.kms.katalon.core.main.TestCaseExecutor.doExecute(TestCaseExecutor.java:439)
	at com.kms.katalon.core.main.TestCaseExecutor.processExecutionPhase(TestCaseExecutor.java:418)
	at com.kms.katalon.core.main.TestCaseExecutor.accessMainPhase(TestCaseExecutor.java:410)
	at com.kms.katalon.core.main.TestCaseExecutor.execute(TestCaseExecutor.java:285)
	at com.kms.katalon.core.common.CommonExecutor.accessTestCaseMainPhase(CommonExecutor.java:65)
	at com.kms.katalon.core.main.TestSuiteExecutor.accessTestSuiteMainPhase(TestSuiteExecutor.java:151)
	at com.kms.katalon.core.main.TestSuiteExecutor.execute(TestSuiteExecutor.java:106)
	at com.kms.katalon.core.main.TestCaseMain.startTestSuite(TestCaseMain.java:185)
	at com.kms.katalon.core.main.TestCaseMain$startTestSuite$0.call(Unknown Source)
	at TempTestSuite1692183177032.run(TempTestSuite1692183177032.groovy:36)
Caused by: org.openqa.selenium.ElementNotInteractableException: element not interactable
  (Session info: chrome=115.0.5790.171)
Build info: version: '3.141.59', revision: 'e82be7d358', time: '2018-11-14T08:25:53'
System info: host: 'DESKTOP-L51QJLB', ip: '172.22.45.204', os.name: 'Windows 10', os.arch: 'amd64', os.version: '10.0', java.version: '1.8.0_282'
Driver info: com.kms.katalon.selenium.driver.CChromeDriver
Capabilities {acceptInsecureCerts: false, browserName: chrome, browserVersion: 115.0.5790.171, chrome: {chromedriverVersion: 114.0.5735.90 (386bc09e8f4f..., userDataDir: C:\Users\DELL\AppData\Local...}, goog:chromeOptions: {debuggerAddress: localhost:52148}, javascriptEnabled: true, networkConnectionEnabled: false, pageLoadStrategy: normal, platform: WINDOWS, platformName: WINDOWS, proxy: Proxy(), setWindowRect: true, strictFileInteractability: false, timeouts: {implicit: 0, pageLoad: 300000, script: 30000}, unhandledPromptBehavior: dismiss and notify, webauthn:extension:credBlob: true, webauthn:extension:largeBlob: true, webauthn:extension:minPinLength: true, webauthn:extension:prf: true, webauthn:virtualAuthenticators: true}
Session ID: 27592eb98ba12edd3ad60cce5ca20b22
	at org.openqa.selenium.remote.http.W3CHttpResponseCodec.createException(W3CHttpResponseCodec.java:187)
	at org.openqa.selenium.remote.http.W3CHttpResponseCodec.decode(W3CHttpResponseCodec.java:122)
	at org.openqa.selenium.remote.http.W3CHttpResponseCodec.decode(W3CHttpResponseCodec.java:49)
	at org.openqa.selenium.remote.HttpCommandExecutor.execute(HttpCommandExecutor.java:158)
	at org.openqa.selenium.remote.service.DriverCommandExecutor.execute(DriverCommandExecutor.java:83)
	at org.openqa.selenium.remote.RemoteWebDriver.execute(RemoteWebDriver.java:552)
	at com.kms.katalon.selenium.driver.CChromeDriver.execute(CChromeDriver.java:19)
	at org.openqa.selenium.remote.RemoteWebElement.execute(RemoteWebElement.java:285)
	at org.openqa.selenium.remote.RemoteWebElement.click(RemoteWebElement.java:84)
	at org.openqa.selenium.support.events.EventFiringWebDriver$EventFiringWebElement.lambda$new$0(EventFiringWebDriver.java:404)
	at com.sun.proxy.$Proxy11.click(Unknown Source)
	at org.openqa.selenium.support.events.EventFiringWebDriver$EventFiringWebElement.click(EventFiringWebDriver.java:417)
	at org.openqa.selenium.WebElement$click.call(Unknown Source)
	at com.kms.katalon.core.webui.keyword.builtin.ClickKeyword.clickUntilSuccessWithTimeout(ClickKeyword.groovy:81)
	at com.kms.katalon.core.webui.keyword.builtin.ClickKeyword.clickUntilSuccessWithTimeout(ClickKeyword.groovy)
	at com.kms.katalon.core.webui.keyword.builtin.ClickKeyword$_click_closure1.doCall(ClickKeyword.groovy:67)
	at com.kms.katalon.core.webui.keyword.builtin.ClickKeyword$_click_closure1.call(ClickKeyword.groovy)
	at com.kms.katalon.core.webui.keyword.internal.WebUIKeywordMain.runKeyword(WebUIKeywordMain.groovy:20)
	... 19 more


2023-08-16 16:23:04 - [TEST_STEP][PASSED] - openBrowser(""): Browser is opened with url: ''

2023-08-16 16:23:05 - [MESSAGE][INFO] - Starting 'Chrome' driver

2023-08-16 16:23:05 - [MESSAGE][INFO] - Action delay is set to 0 milliseconds

2023-08-16 16:23:09 - [MESSAGE][PASSED] - Browser is opened with url: ''

2023-08-16 16:23:09 - [TEST_STEP][PASSED] - maximizeWindow(): Current window maximized

2023-08-16 16:23:10 - [MESSAGE][PASSED] - Current window maximized

2023-08-16 16:23:10 - [TEST_STEP][PASSED] - navigateToUrl(URL): Navigate to 'https://odtaqaa.liverpool.com.mx/tienda/home' successfully

2023-08-16 16:24:33 - [MESSAGE][PASSED] - Navigate to 'https://odtaqaa.liverpool.com.mx/tienda/home' successfully

2023-08-16 16:24:33 - [TEST_STEP][FAILED] - click(findTestObject("HomePage/Iniciar sesion")): Unable to click on object 'Object Repository/HomePage/Iniciar sesion' (Root cause: com.kms.katalon.core.exception.StepFailedException: Unable to click on object 'Object Repository/HomePage/Iniciar sesion'
	at com.kms.katalon.core.webui.keyword.internal.WebUIKeywordMain.stepFailed(WebUIKeywordMain.groovy:64)
	at com.kms.katalon.core.webui.keyword.internal.WebUIKeywordMain.runKeyword(WebUIKeywordMain.groovy:26)
	at com.kms.katalon.core.webui.keyword.builtin.ClickKeyword.click(ClickKeyword.groovy:74)
	at com.kms.katalon.core.webui.keyword.builtin.ClickKeyword.execute(ClickKeyword.groovy:40)
	at com.kms.katalon.core.keyword.internal.KeywordExecutor.executeKeywordForPlatform(KeywordExecutor.groovy:74)
	at com.kms.katalon.core.webui.keyword.WebUiBuiltInKeywords.click(WebUiBuiltInKeywords.groovy:620)
	at com.kms.katalon.core.webui.keyword.WebUiBuiltInKeywords$click$2.call(Unknown Source)
	at TS_SMOKE_SUITE_072.run(TS_SMOKE_SUITE_072:28)
	at com.kms.katalon.core.main.ScriptEngine.run(ScriptEngine.java:194)
	at com.kms.katalon.core.main.ScriptEngine.runScriptAsRawText(ScriptEngine.java:119)
	at com.kms.katalon.core.main.TestCaseExecutor.runScript(TestCaseExecutor.java:448)
	at com.kms.katalon.core.main.TestCaseExecutor.doExecute(TestCaseExecutor.java:439)
	at com.kms.katalon.core.main.TestCaseExecutor.processExecutionPhase(TestCaseExecutor.java:418)
	at com.kms.katalon.core.main.TestCaseExecutor.accessMainPhase(TestCaseExecutor.java:410)
	at com.kms.katalon.core.main.TestCaseExecutor.execute(TestCaseExecutor.java:285)
	at com.kms.katalon.core.common.CommonExecutor.accessTestCaseMainPhase(CommonExecutor.java:65)
	at com.kms.katalon.core.main.TestSuiteExecutor.accessTestSuiteMainPhase(TestSuiteExecutor.java:151)
	at com.kms.katalon.core.main.TestSuiteExecutor.execute(TestSuiteExecutor.java:106)
	at com.kms.katalon.core.main.TestCaseMain.startTestSuite(TestCaseMain.java:185)
	at com.kms.katalon.core.main.TestCaseMain$startTestSuite$0.call(Unknown Source)
	at TempTestSuite1692183177032.run(TempTestSuite1692183177032.groovy:36)
Caused by: org.openqa.selenium.ElementNotInteractableException: element not interactable
  (Session info: chrome=115.0.5790.171)
Build info: version: '3.141.59', revision: 'e82be7d358', time: '2018-11-14T08:25:53'
System info: host: 'DESKTOP-L51QJLB', ip: '172.22.45.204', os.name: 'Windows 10', os.arch: 'amd64', os.version: '10.0', java.version: '1.8.0_282'
Driver info: com.kms.katalon.selenium.driver.CChromeDriver
Capabilities {acceptInsecureCerts: false, browserName: chrome, browserVersion: 115.0.5790.171, chrome: {chromedriverVersion: 114.0.5735.90 (386bc09e8f4f..., userDataDir: C:\Users\DELL\AppData\Local...}, goog:chromeOptions: {debuggerAddress: localhost:52148}, javascriptEnabled: true, networkConnectionEnabled: false, pageLoadStrategy: normal, platform: WINDOWS, platformName: WINDOWS, proxy: Proxy(), setWindowRect: true, strictFileInteractability: false, timeouts: {implicit: 0, pageLoad: 300000, script: 30000}, unhandledPromptBehavior: dismiss and notify, webauthn:extension:credBlob: true, webauthn:extension:largeBlob: true, webauthn:extension:minPinLength: true, webauthn:extension:prf: true, webauthn:virtualAuthenticators: true}
Session ID: 27592eb98ba12edd3ad60cce5ca20b22
	at org.openqa.selenium.remote.http.W3CHttpResponseCodec.createException(W3CHttpResponseCodec.java:187)
	at org.openqa.selenium.remote.http.W3CHttpResponseCodec.decode(W3CHttpResponseCodec.java:122)
	at org.openqa.selenium.remote.http.W3CHttpResponseCodec.decode(W3CHttpResponseCodec.java:49)
	at org.openqa.selenium.remote.HttpCommandExecutor.execute(HttpCommandExecutor.java:158)
	at org.openqa.selenium.remote.service.DriverCommandExecutor.execute(DriverCommandExecutor.java:83)
	at org.openqa.selenium.remote.RemoteWebDriver.execute(RemoteWebDriver.java:552)
	at com.kms.katalon.selenium.driver.CChromeDriver.execute(CChromeDriver.java:19)
	at org.openqa.selenium.remote.RemoteWebElement.execute(RemoteWebElement.java:285)
	at org.openqa.selenium.remote.RemoteWebElement.click(RemoteWebElement.java:84)
	at org.openqa.selenium.support.events.EventFiringWebDriver$EventFiringWebElement.lambda$new$0(EventFiringWebDriver.java:404)
	at com.sun.proxy.$Proxy11.click(Unknown Source)
	at org.openqa.selenium.support.events.EventFiringWebDriver$EventFiringWebElement.click(EventFiringWebDriver.java:417)
	at org.openqa.selenium.WebElement$click.call(Unknown Source)
	at com.kms.katalon.core.webui.keyword.builtin.ClickKeyword.clickUntilSuccessWithTimeout(ClickKeyword.groovy:81)
	at com.kms.katalon.core.webui.keyword.builtin.ClickKeyword.clickUntilSuccessWithTimeout(ClickKeyword.groovy)
	at com.kms.katalon.core.webui.keyword.builtin.ClickKeyword$_click_closure1.doCall(ClickKeyword.groovy:67)
	at com.kms.katalon.core.webui.keyword.builtin.ClickKeyword$_click_closure1.call(ClickKeyword.groovy)
	at com.kms.katalon.core.webui.keyword.internal.WebUIKeywordMain.runKeyword(WebUIKeywordMain.groovy:20)
	at com.kms.katalon.core.webui.keyword.builtin.ClickKeyword.click(ClickKeyword.groovy:74)
	at com.kms.katalon.core.webui.keyword.builtin.ClickKeyword.execute(ClickKeyword.groovy:40)
	at com.kms.katalon.core.keyword.internal.KeywordExecutor.executeKeywordForPlatform(KeywordExecutor.groovy:74)
	at com.kms.katalon.core.webui.keyword.WebUiBuiltInKeywords.click(WebUiBuiltInKeywords.groovy:620)
	at com.kms.katalon.core.webui.keyword.WebUiBuiltInKeywords$click$2.call(Unknown Source)
	at Script1691128462202.run(Script1691128462202.groovy:28)
	... 13 more
)

2023-08-16 16:24:34 - [MESSAGE][FAILED] - Unable to click on object 'Object Repository/HomePage/Iniciar sesion' (Root cause: com.kms.katalon.core.exception.StepFailedException: Unable to click on object 'Object Repository/HomePage/Iniciar sesion'
	at com.kms.katalon.core.webui.keyword.internal.WebUIKeywordMain.stepFailed(WebUIKeywordMain.groovy:64)
	at com.kms.katalon.core.webui.keyword.internal.WebUIKeywordMain.runKeyword(WebUIKeywordMain.groovy:26)
	at com.kms.katalon.core.webui.keyword.builtin.ClickKeyword.click(ClickKeyword.groovy:74)
	at com.kms.katalon.core.webui.keyword.builtin.ClickKeyword.execute(ClickKeyword.groovy:40)
	at com.kms.katalon.core.keyword.internal.KeywordExecutor.executeKeywordForPlatform(KeywordExecutor.groovy:74)
	at com.kms.katalon.core.webui.keyword.WebUiBuiltInKeywords.click(WebUiBuiltInKeywords.groovy:620)
	at com.kms.katalon.core.webui.keyword.WebUiBuiltInKeywords$click$2.call(Unknown Source)
	at TS_SMOKE_SUITE_072.run(TS_SMOKE_SUITE_072:28)
	at com.kms.katalon.core.main.ScriptEngine.run(ScriptEngine.java:194)
	at com.kms.katalon.core.main.ScriptEngine.runScriptAsRawText(ScriptEngine.java:119)
	at com.kms.katalon.core.main.TestCaseExecutor.runScript(TestCaseExecutor.java:448)
	at com.kms.katalon.core.main.TestCaseExecutor.doExecute(TestCaseExecutor.java:439)
	at com.kms.katalon.core.main.TestCaseExecutor.processExecutionPhase(TestCaseExecutor.java:418)
	at com.kms.katalon.core.main.TestCaseExecutor.accessMainPhase(TestCaseExecutor.java:410)
	at com.kms.katalon.core.main.TestCaseExecutor.execute(TestCaseExecutor.java:285)
	at com.kms.katalon.core.common.CommonExecutor.accessTestCaseMainPhase(CommonExecutor.java:65)
	at com.kms.katalon.core.main.TestSuiteExecutor.accessTestSuiteMainPhase(TestSuiteExecutor.java:151)
	at com.kms.katalon.core.main.TestSuiteExecutor.execute(TestSuiteExecutor.java:106)
	at com.kms.katalon.core.main.TestCaseMain.startTestSuite(TestCaseMain.java:185)
	at com.kms.katalon.core.main.TestCaseMain$startTestSuite$0.call(Unknown Source)
	at TempTestSuite1692183177032.run(TempTestSuite1692183177032.groovy:36)
Caused by: org.openqa.selenium.ElementNotInteractableException: element not interactable
  (Session info: chrome=115.0.5790.171)
Build info: version: '3.141.59', revision: 'e82be7d358', time: '2018-11-14T08:25:53'
System info: host: 'DESKTOP-L51QJLB', ip: '172.22.45.204', os.name: 'Windows 10', os.arch: 'amd64', os.version: '10.0', java.version: '1.8.0_282'
Driver info: com.kms.katalon.selenium.driver.CChromeDriver
Capabilities {acceptInsecureCerts: false, browserName: chrome, browserVersion: 115.0.5790.171, chrome: {chromedriverVersion: 114.0.5735.90 (386bc09e8f4f..., userDataDir: C:\Users\DELL\AppData\Local...}, goog:chromeOptions: {debuggerAddress: localhost:52148}, javascriptEnabled: true, networkConnectionEnabled: false, pageLoadStrategy: normal, platform: WINDOWS, platformName: WINDOWS, proxy: Proxy(), setWindowRect: true, strictFileInteractability: false, timeouts: {implicit: 0, pageLoad: 300000, script: 30000}, unhandledPromptBehavior: dismiss and notify, webauthn:extension:credBlob: true, webauthn:extension:largeBlob: true, webauthn:extension:minPinLength: true, webauthn:extension:prf: true, webauthn:virtualAuthenticators: true}
Session ID: 27592eb98ba12edd3ad60cce5ca20b22
	at org.openqa.selenium.remote.http.W3CHttpResponseCodec.createException(W3CHttpResponseCodec.java:187)
	at org.openqa.selenium.remote.http.W3CHttpResponseCodec.decode(W3CHttpResponseCodec.java:122)
	at org.openqa.selenium.remote.http.W3CHttpResponseCodec.decode(W3CHttpResponseCodec.java:49)
	at org.openqa.selenium.remote.HttpCommandExecutor.execute(HttpCommandExecutor.java:158)
	at org.openqa.selenium.remote.service.DriverCommandExecutor.execute(DriverCommandExecutor.java:83)
	at org.openqa.selenium.remote.RemoteWebDriver.execute(RemoteWebDriver.java:552)
	at com.kms.katalon.selenium.driver.CChromeDriver.execute(CChromeDriver.java:19)
	at org.openqa.selenium.remote.RemoteWebElement.execute(RemoteWebElement.java:285)
	at org.openqa.selenium.remote.RemoteWebElement.click(RemoteWebElement.java:84)
	at org.openqa.selenium.support.events.EventFiringWebDriver$EventFiringWebElement.lambda$new$0(EventFiringWebDriver.java:404)
	at com.sun.proxy.$Proxy11.click(Unknown Source)
	at org.openqa.selenium.support.events.EventFiringWebDriver$EventFiringWebElement.click(EventFiringWebDriver.java:417)
	at org.openqa.selenium.WebElement$click.call(Unknown Source)
	at com.kms.katalon.core.webui.keyword.builtin.ClickKeyword.clickUntilSuccessWithTimeout(ClickKeyword.groovy:81)
	at com.kms.katalon.core.webui.keyword.builtin.ClickKeyword.clickUntilSuccessWithTimeout(ClickKeyword.groovy)
	at com.kms.katalon.core.webui.keyword.builtin.ClickKeyword$_click_closure1.doCall(ClickKeyword.groovy:67)
	at com.kms.katalon.core.webui.keyword.builtin.ClickKeyword$_click_closure1.call(ClickKeyword.groovy)
	at com.kms.katalon.core.webui.keyword.internal.WebUIKeywordMain.runKeyword(WebUIKeywordMain.groovy:20)
	at com.kms.katalon.core.webui.keyword.builtin.ClickKeyword.click(ClickKeyword.groovy:74)
	at com.kms.katalon.core.webui.keyword.builtin.ClickKeyword.execute(ClickKeyword.groovy:40)
	at com.kms.katalon.core.keyword.internal.KeywordExecutor.executeKeywordForPlatform(KeywordExecutor.groovy:74)
	at com.kms.katalon.core.webui.keyword.WebUiBuiltInKeywords.click(WebUiBuiltInKeywords.groovy:620)
	at com.kms.katalon.core.webui.keyword.WebUiBuiltInKeywords$click$2.call(Unknown Source)
	at Script1691128462202.run(Script1691128462202.groovy:28)
	... 13 more
)
[[ATTACHMENT|D:\\backup\\Liverpool_SmokeSuite1\\Reports\\20230816_162257\\checkout\\20230816_162257\\1692183274169.png]]]]></system-out>
         <system-err><![CDATA[2023-08-16 16:23:03 - [TEST_CASE][FAILED] - Test Cases/Checkout/TS_SMOKE_SUITE_072: Test Cases/Checkout/TS_SMOKE_SUITE_072 FAILED.
Reason:
com.kms.katalon.core.exception.StepFailedException: Unable to click on object 'Object Repository/HomePage/Iniciar sesion'
	at com.kms.katalon.core.webui.keyword.internal.WebUIKeywordMain.stepFailed(WebUIKeywordMain.groovy:64)
	at com.kms.katalon.core.webui.keyword.internal.WebUIKeywordMain.runKeyword(WebUIKeywordMain.groovy:26)
	at com.kms.katalon.core.webui.keyword.builtin.ClickKeyword.click(ClickKeyword.groovy:74)
	at com.kms.katalon.core.webui.keyword.builtin.ClickKeyword.execute(ClickKeyword.groovy:40)
	at com.kms.katalon.core.keyword.internal.KeywordExecutor.executeKeywordForPlatform(KeywordExecutor.groovy:74)
	at com.kms.katalon.core.webui.keyword.WebUiBuiltInKeywords.click(WebUiBuiltInKeywords.groovy:620)
	at com.kms.katalon.core.webui.keyword.WebUiBuiltInKeywords$click$2.call(Unknown Source)
	at TS_SMOKE_SUITE_072.run(TS_SMOKE_SUITE_072:28)
	at com.kms.katalon.core.main.ScriptEngine.run(ScriptEngine.java:194)
	at com.kms.katalon.core.main.ScriptEngine.runScriptAsRawText(ScriptEngine.java:119)
	at com.kms.katalon.core.main.TestCaseExecutor.runScript(TestCaseExecutor.java:448)
	at com.kms.katalon.core.main.TestCaseExecutor.doExecute(TestCaseExecutor.java:439)
	at com.kms.katalon.core.main.TestCaseExecutor.processExecutionPhase(TestCaseExecutor.java:418)
	at com.kms.katalon.core.main.TestCaseExecutor.accessMainPhase(TestCaseExecutor.java:410)
	at com.kms.katalon.core.main.TestCaseExecutor.execute(TestCaseExecutor.java:285)
	at com.kms.katalon.core.common.CommonExecutor.accessTestCaseMainPhase(CommonExecutor.java:65)
	at com.kms.katalon.core.main.TestSuiteExecutor.accessTestSuiteMainPhase(TestSuiteExecutor.java:151)
	at com.kms.katalon.core.main.TestSuiteExecutor.execute(TestSuiteExecutor.java:106)
	at com.kms.katalon.core.main.TestCaseMain.startTestSuite(TestCaseMain.java:185)
	at com.kms.katalon.core.main.TestCaseMain$startTestSuite$0.call(Unknown Source)
	at TempTestSuite1692183177032.run(TempTestSuite1692183177032.groovy:36)
Caused by: org.openqa.selenium.ElementNotInteractableException: element not interactable
  (Session info: chrome=115.0.5790.171)
Build info: version: '3.141.59', revision: 'e82be7d358', time: '2018-11-14T08:25:53'
System info: host: 'DESKTOP-L51QJLB', ip: '172.22.45.204', os.name: 'Windows 10', os.arch: 'amd64', os.version: '10.0', java.version: '1.8.0_282'
Driver info: com.kms.katalon.selenium.driver.CChromeDriver
Capabilities {acceptInsecureCerts: false, browserName: chrome, browserVersion: 115.0.5790.171, chrome: {chromedriverVersion: 114.0.5735.90 (386bc09e8f4f..., userDataDir: C:\Users\DELL\AppData\Local...}, goog:chromeOptions: {debuggerAddress: localhost:52148}, javascriptEnabled: true, networkConnectionEnabled: false, pageLoadStrategy: normal, platform: WINDOWS, platformName: WINDOWS, proxy: Proxy(), setWindowRect: true, strictFileInteractability: false, timeouts: {implicit: 0, pageLoad: 300000, script: 30000}, unhandledPromptBehavior: dismiss and notify, webauthn:extension:credBlob: true, webauthn:extension:largeBlob: true, webauthn:extension:minPinLength: true, webauthn:extension:prf: true, webauthn:virtualAuthenticators: true}
Session ID: 27592eb98ba12edd3ad60cce5ca20b22
	at org.openqa.selenium.remote.http.W3CHttpResponseCodec.createException(W3CHttpResponseCodec.java:187)
	at org.openqa.selenium.remote.http.W3CHttpResponseCodec.decode(W3CHttpResponseCodec.java:122)
	at org.openqa.selenium.remote.http.W3CHttpResponseCodec.decode(W3CHttpResponseCodec.java:49)
	at org.openqa.selenium.remote.HttpCommandExecutor.execute(HttpCommandExecutor.java:158)
	at org.openqa.selenium.remote.service.DriverCommandExecutor.execute(DriverCommandExecutor.java:83)
	at org.openqa.selenium.remote.RemoteWebDriver.execute(RemoteWebDriver.java:552)
	at com.kms.katalon.selenium.driver.CChromeDriver.execute(CChromeDriver.java:19)
	at org.openqa.selenium.remote.RemoteWebElement.execute(RemoteWebElement.java:285)
	at org.openqa.selenium.remote.RemoteWebElement.click(RemoteWebElement.java:84)
	at org.openqa.selenium.support.events.EventFiringWebDriver$EventFiringWebElement.lambda$new$0(EventFiringWebDriver.java:404)
	at com.sun.proxy.$Proxy11.click(Unknown Source)
	at org.openqa.selenium.support.events.EventFiringWebDriver$EventFiringWebElement.click(EventFiringWebDriver.java:417)
	at org.openqa.selenium.WebElement$click.call(Unknown Source)
	at com.kms.katalon.core.webui.keyword.builtin.ClickKeyword.clickUntilSuccessWithTimeout(ClickKeyword.groovy:81)
	at com.kms.katalon.core.webui.keyword.builtin.ClickKeyword.clickUntilSuccessWithTimeout(ClickKeyword.groovy)
	at com.kms.katalon.core.webui.keyword.builtin.ClickKeyword$_click_closure1.doCall(ClickKeyword.groovy:67)
	at com.kms.katalon.core.webui.keyword.builtin.ClickKeyword$_click_closure1.call(ClickKeyword.groovy)
	at com.kms.katalon.core.webui.keyword.internal.WebUIKeywordMain.runKeyword(WebUIKeywordMain.groovy:20)
	... 19 more]]></system-err>
      </testcase>
      <testcase name="Test Cases/Checkout/TS_SMOKE_SUITE_073" time="290.204" classname="Test Cases/Checkout/TS_SMOKE_SUITE_073" status="PASSED">
         <system-out><![CDATA[2023-08-16 16:24:34 - [TEST_CASE][PASSED] - Test Cases/Checkout/TS_SMOKE_SUITE_073: Test Cases/Checkout/TS_SMOKE_SUITE_073

2023-08-16 16:24:35 - [TEST_STEP][PASSED] - openBrowser(""): Browser is opened with url: ''

2023-08-16 16:24:35 - [MESSAGE][WARNING] - A browser is already opened. Closing browser and opening a new one

2023-08-16 16:24:36 - [MESSAGE][INFO] - Starting 'Chrome' driver

2023-08-16 16:24:36 - [MESSAGE][INFO] - Action delay is set to 0 milliseconds

2023-08-16 16:24:37 - [MESSAGE][PASSED] - Browser is opened with url: ''

2023-08-16 16:24:37 - [TEST_STEP][PASSED] - navigateToUrl(URL): Navigate to 'https://odtaqaa.liverpool.com.mx/tienda/home' successfully

2023-08-16 16:25:23 - [MESSAGE][PASSED] - Navigate to 'https://odtaqaa.liverpool.com.mx/tienda/home' successfully

2023-08-16 16:25:23 - [TEST_STEP][PASSED] - maximizeWindow(): Current window maximized

2023-08-16 16:25:23 - [MESSAGE][PASSED] - Current window maximized

2023-08-16 16:25:23 - [TEST_STEP][PASSED] - click(findTestObject("HomePage/Iniciar sesion")): Object: 'Object Repository/HomePage/Iniciar sesion' is clicked on

2023-08-16 16:25:23 - [MESSAGE][PASSED] - Object: 'Object Repository/HomePage/Iniciar sesion' is clicked on

2023-08-16 16:25:23 - [TEST_STEP][PASSED] - callTestCase(findTestCase("CommonMethods/loginFromHomePage"), ["username":Username, "password":Password], STOP_ON_FAILURE): Call Test Case 'Test Cases/CommonMethods/loginFromHomePage' successfully

2023-08-16 16:25:23 - [TEST_CASE][PASSED] - Test Cases/CommonMethods/loginFromHomePage: Test Cases/CommonMethods/loginFromHomePage

2023-08-16 16:25:24 - [TEST_STEP][PASSED] - delay(3): Delayed 3 second(s)

2023-08-16 16:25:27 - [MESSAGE][PASSED] - Delayed 3 second(s)

2023-08-16 16:25:27 - [TEST_STEP][PASSED] - click(findTestObject("HomePage/EnterUsername_LP")): Object: 'Object Repository/HomePage/EnterUsername_LP' is clicked on

2023-08-16 16:25:35 - [MESSAGE][PASSED] - Object: 'Object Repository/HomePage/EnterUsername_LP' is clicked on

2023-08-16 16:25:35 - [TEST_STEP][PASSED] - setText(findTestObject("HomePage/EnterUsername_LP"), username): Text 'hcheruvu29@digisprint.com' is set on object 'Object Repository/HomePage/EnterUsername_LP'

2023-08-16 16:25:36 - [MESSAGE][PASSED] - Text 'hcheruvu29@digisprint.com' is set on object 'Object Repository/HomePage/EnterUsername_LP'

2023-08-16 16:25:36 - [TEST_STEP][PASSED] - click(findTestObject("HomePage/EnterPassword_LP")): Object: 'Object Repository/HomePage/EnterPassword_LP' is clicked on

2023-08-16 16:25:36 - [MESSAGE][PASSED] - Object: 'Object Repository/HomePage/EnterPassword_LP' is clicked on

2023-08-16 16:25:36 - [TEST_STEP][PASSED] - setText(findTestObject("HomePage/EnterPassword_LP"), password): Text 'Test@12345' is set on object 'Object Repository/HomePage/EnterPassword_LP'

2023-08-16 16:25:37 - [MESSAGE][PASSED] - Text 'Test@12345' is set on object 'Object Repository/HomePage/EnterPassword_LP'

2023-08-16 16:25:37 - [TEST_STEP][PASSED] - click(findTestObject("HomePage/inciar")): Object: 'Object Repository/HomePage/inciar' is clicked on

2023-08-16 16:25:44 - [MESSAGE][PASSED] - Object: 'Object Repository/HomePage/inciar' is clicked on

2023-08-16 16:25:44 - [MESSAGE][PASSED] - Call Test Case 'Test Cases/CommonMethods/loginFromHomePage' successfully

2023-08-16 16:25:44 - [TEST_STEP][PASSED] - callTestCase(findTestCase("CommonMethods/EmptyCart_RunAt_HP"), [:], OPTIONAL): Unable to call Test Case 'Test Cases/CommonMethods/EmptyCart_RunAt_HP' (Root cause: com.kms.katalon.core.exception.StepErrorException: Call Test Case 'Test Cases/CommonMethods/EmptyCart_RunAt_HP' failed because of error(s)
	at com.kms.katalon.core.keyword.builtin.CallTestCaseKeyword$_callTestCase_closure1.doCall(CallTestCaseKeyword.groovy:66)
	at com.kms.katalon.core.keyword.builtin.CallTestCaseKeyword$_callTestCase_closure1.call(CallTestCaseKeyword.groovy)
	at com.kms.katalon.core.keyword.internal.KeywordMain.runKeyword(KeywordMain.groovy:74)
	at com.kms.katalon.core.keyword.builtin.CallTestCaseKeyword.callTestCase(CallTestCaseKeyword.groovy:81)
	at com.kms.katalon.core.keyword.builtin.CallTestCaseKeyword.execute(CallTestCaseKeyword.groovy:44)
	at com.kms.katalon.core.keyword.internal.KeywordExecutor.executeKeywordForPlatform(KeywordExecutor.groovy:74)
	at com.kms.katalon.core.keyword.BuiltinKeywords.callTestCase(BuiltinKeywords.groovy:334)
	at TS_SMOKE_SUITE_073.run(TS_SMOKE_SUITE_073:31)
	at com.kms.katalon.core.main.ScriptEngine.run(ScriptEngine.java:194)
	at com.kms.katalon.core.main.ScriptEngine.runScriptAsRawText(ScriptEngine.java:119)
	at com.kms.katalon.core.main.TestCaseExecutor.runScript(TestCaseExecutor.java:448)
	at com.kms.katalon.core.main.TestCaseExecutor.doExecute(TestCaseExecutor.java:439)
	at com.kms.katalon.core.main.TestCaseExecutor.processExecutionPhase(TestCaseExecutor.java:418)
	at com.kms.katalon.core.main.TestCaseExecutor.accessMainPhase(TestCaseExecutor.java:410)
	at com.kms.katalon.core.main.TestCaseExecutor.execute(TestCaseExecutor.java:285)
	at com.kms.katalon.core.common.CommonExecutor.accessTestCaseMainPhase(CommonExecutor.java:65)
	at com.kms.katalon.core.main.TestSuiteExecutor.accessTestSuiteMainPhase(TestSuiteExecutor.java:151)
	at com.kms.katalon.core.main.TestSuiteExecutor.execute(TestSuiteExecutor.java:106)
	at com.kms.katalon.core.main.TestCaseMain.startTestSuite(TestCaseMain.java:185)
	at com.kms.katalon.core.main.TestCaseMain$startTestSuite$0.call(Unknown Source)
	at TempTestSuite1692183177032.run(TempTestSuite1692183177032.groovy:36)
Caused by: java.lang.NullPointerException
	at com.kms.katalon.core.webui.common.WebUiCommonHelper.findElementsBySelectedMethod(WebUiCommonHelper.java:889)
	at com.kms.katalon.core.webui.common.WebUiCommonHelper.findElementsByDefault(WebUiCommonHelper.java:885)
	at com.kms.katalon.core.webui.common.WebUiCommonHelper.findWebElements(WebUiCommonHelper.java:720)
	at com.kms.katalon.core.webui.keyword.internal.WebUIAbstractKeyword.findWebElements(WebUIAbstractKeyword.groovy:32)
	at com.kms.katalon.core.webui.keyword.WebUiBuiltInKeywords.findWebElements(WebUiBuiltInKeywords.groovy:2860)
	at com.kms.katalon.core.webui.keyword.WebUiBuiltInKeywords$findWebElements$5.call(Unknown Source)
	at EmptyCart_RunAt_HP.run(EmptyCart_RunAt_HP:39)
	at com.kms.katalon.core.main.ScriptEngine.run(ScriptEngine.java:194)
	at com.kms.katalon.core.main.ScriptEngine.runScriptAsRawText(ScriptEngine.java:119)
	at com.kms.katalon.core.main.TestCaseExecutor.runScript(TestCaseExecutor.java:448)
	at com.kms.katalon.core.main.TestCaseExecutor.doExecute(TestCaseExecutor.java:439)
	at com.kms.katalon.core.main.TestCaseExecutor.processExecutionPhase(TestCaseExecutor.java:418)
	at com.kms.katalon.core.main.TestCaseExecutor.accessMainPhase(TestCaseExecutor.java:410)
	at com.kms.katalon.core.main.TestCaseExecutor.execute(TestCaseExecutor.java:285)
	at com.kms.katalon.core.main.TestCaseMain.runTestCase(TestCaseMain.java:142)
	at com.kms.katalon.core.keyword.builtin.CallTestCaseKeyword$_callTestCase_closure1.doCall(CallTestCaseKeyword.groovy:59)
	... 20 more
)

2023-08-16 16:25:44 - [TEST_CASE][ERROR] - Test Cases/CommonMethods/EmptyCart_RunAt_HP: Test Cases/CommonMethods/EmptyCart_RunAt_HP FAILED.
Reason:
java.lang.NullPointerException
	at com.kms.katalon.core.webui.common.WebUiCommonHelper.findElementsBySelectedMethod(WebUiCommonHelper.java:889)
	at com.kms.katalon.core.webui.common.WebUiCommonHelper.findElementsByDefault(WebUiCommonHelper.java:885)
	at com.kms.katalon.core.webui.common.WebUiCommonHelper.findWebElements(WebUiCommonHelper.java:720)
	at com.kms.katalon.core.webui.keyword.internal.WebUIAbstractKeyword.findWebElements(WebUIAbstractKeyword.groovy:32)
	at com.kms.katalon.core.webui.keyword.WebUiBuiltInKeywords.findWebElements(WebUiBuiltInKeywords.groovy:2860)
	at com.kms.katalon.core.webui.keyword.WebUiBuiltInKeywords$findWebElements$5.call(Unknown Source)
	at EmptyCart_RunAt_HP.run(EmptyCart_RunAt_HP:39)
	at com.kms.katalon.core.main.ScriptEngine.run(ScriptEngine.java:194)
	at com.kms.katalon.core.main.ScriptEngine.runScriptAsRawText(ScriptEngine.java:119)
	at com.kms.katalon.core.main.TestCaseExecutor.runScript(TestCaseExecutor.java:448)
	at com.kms.katalon.core.main.TestCaseExecutor.doExecute(TestCaseExecutor.java:439)
	at com.kms.katalon.core.main.TestCaseExecutor.processExecutionPhase(TestCaseExecutor.java:418)
	at com.kms.katalon.core.main.TestCaseExecutor.accessMainPhase(TestCaseExecutor.java:410)
	at com.kms.katalon.core.main.TestCaseExecutor.execute(TestCaseExecutor.java:285)
	at com.kms.katalon.core.main.TestCaseMain.runTestCase(TestCaseMain.java:142)
	at com.kms.katalon.core.keyword.builtin.CallTestCaseKeyword$_callTestCase_closure1.doCall(CallTestCaseKeyword.groovy:59)
	at com.kms.katalon.core.keyword.builtin.CallTestCaseKeyword$_callTestCase_closure1.call(CallTestCaseKeyword.groovy)
	at com.kms.katalon.core.keyword.internal.KeywordMain.runKeyword(KeywordMain.groovy:74)
	at com.kms.katalon.core.keyword.builtin.CallTestCaseKeyword.callTestCase(CallTestCaseKeyword.groovy:81)
	at com.kms.katalon.core.keyword.builtin.CallTestCaseKeyword.execute(CallTestCaseKeyword.groovy:44)
	at com.kms.katalon.core.keyword.internal.KeywordExecutor.executeKeywordForPlatform(KeywordExecutor.groovy:74)
	at com.kms.katalon.core.keyword.BuiltinKeywords.callTestCase(BuiltinKeywords.groovy:334)
	at TS_SMOKE_SUITE_073.run(TS_SMOKE_SUITE_073:31)
	at com.kms.katalon.core.main.ScriptEngine.run(ScriptEngine.java:194)
	at com.kms.katalon.core.main.ScriptEngine.runScriptAsRawText(ScriptEngine.java:119)
	at com.kms.katalon.core.main.TestCaseExecutor.runScript(TestCaseExecutor.java:448)
	at com.kms.katalon.core.main.TestCaseExecutor.doExecute(TestCaseExecutor.java:439)
	at com.kms.katalon.core.main.TestCaseExecutor.processExecutionPhase(TestCaseExecutor.java:418)
	at com.kms.katalon.core.main.TestCaseExecutor.accessMainPhase(TestCaseExecutor.java:410)
	at com.kms.katalon.core.main.TestCaseExecutor.execute(TestCaseExecutor.java:285)
	at com.kms.katalon.core.common.CommonExecutor.accessTestCaseMainPhase(CommonExecutor.java:65)
	at com.kms.katalon.core.main.TestSuiteExecutor.accessTestSuiteMainPhase(TestSuiteExecutor.java:151)
	at com.kms.katalon.core.main.TestSuiteExecutor.execute(TestSuiteExecutor.java:106)
	at com.kms.katalon.core.main.TestCaseMain.startTestSuite(TestCaseMain.java:185)
	at com.kms.katalon.core.main.TestCaseMain$startTestSuite$0.call(Unknown Source)
	at TempTestSuite1692183177032.run(TempTestSuite1692183177032.groovy:36)


2023-08-16 16:25:45 - [TEST_STEP][PASSED] - delay(2, OPTIONAL): Delayed 2 second(s)

2023-08-16 16:25:47 - [MESSAGE][PASSED] - Delayed 2 second(s)

2023-08-16 16:25:47 - [TEST_STEP][PASSED] - click(findTestObject("HomePage/bag_header_HP"), OPTIONAL): Object: 'Object Repository/HomePage/bag_header_HP' is clicked on

2023-08-16 16:26:40 - [MESSAGE][PASSED] - Object: 'Object Repository/HomePage/bag_header_HP' is clicked on

2023-08-16 16:26:40 - [TEST_STEP][ERROR] - listElement = findWebElements(findTestObject("CartPage/Product1_remove_cart"), 2): Test Cases/CommonMethods/EmptyCart_RunAt_HP FAILED.
Reason:
java.lang.NullPointerException
	at com.kms.katalon.core.webui.common.WebUiCommonHelper.findElementsBySelectedMethod(WebUiCommonHelper.java:889)
	at com.kms.katalon.core.webui.common.WebUiCommonHelper.findElementsByDefault(WebUiCommonHelper.java:885)
	at com.kms.katalon.core.webui.common.WebUiCommonHelper.findWebElements(WebUiCommonHelper.java:720)
	at com.kms.katalon.core.webui.keyword.internal.WebUIAbstractKeyword.findWebElements(WebUIAbstractKeyword.groovy:32)
	at com.kms.katalon.core.webui.keyword.WebUiBuiltInKeywords.findWebElements(WebUiBuiltInKeywords.groovy:2860)
	at com.kms.katalon.core.webui.keyword.WebUiBuiltInKeywords$findWebElements$5.call(Unknown Source)
	at EmptyCart_RunAt_HP.run(EmptyCart_RunAt_HP:39)
	at com.kms.katalon.core.main.ScriptEngine.run(ScriptEngine.java:194)
	at com.kms.katalon.core.main.ScriptEngine.runScriptAsRawText(ScriptEngine.java:119)
	at com.kms.katalon.core.main.TestCaseExecutor.runScript(TestCaseExecutor.java:448)
	at com.kms.katalon.core.main.TestCaseExecutor.doExecute(TestCaseExecutor.java:439)
	at com.kms.katalon.core.main.TestCaseExecutor.processExecutionPhase(TestCaseExecutor.java:418)
	at com.kms.katalon.core.main.TestCaseExecutor.accessMainPhase(TestCaseExecutor.java:410)
	at com.kms.katalon.core.main.TestCaseExecutor.execute(TestCaseExecutor.java:285)
	at com.kms.katalon.core.main.TestCaseMain.runTestCase(TestCaseMain.java:142)
	at com.kms.katalon.core.keyword.builtin.CallTestCaseKeyword$_callTestCase_closure1.doCall(CallTestCaseKeyword.groovy:59)
	at com.kms.katalon.core.keyword.builtin.CallTestCaseKeyword$_callTestCase_closure1.call(CallTestCaseKeyword.groovy)
	at com.kms.katalon.core.keyword.internal.KeywordMain.runKeyword(KeywordMain.groovy:74)
	at com.kms.katalon.core.keyword.builtin.CallTestCaseKeyword.callTestCase(CallTestCaseKeyword.groovy:81)
	at com.kms.katalon.core.keyword.builtin.CallTestCaseKeyword.execute(CallTestCaseKeyword.groovy:44)
	at com.kms.katalon.core.keyword.internal.KeywordExecutor.executeKeywordForPlatform(KeywordExecutor.groovy:74)
	at com.kms.katalon.core.keyword.BuiltinKeywords.callTestCase(BuiltinKeywords.groovy:334)
	at TS_SMOKE_SUITE_073.run(TS_SMOKE_SUITE_073:31)
	at com.kms.katalon.core.main.ScriptEngine.run(ScriptEngine.java:194)
	at com.kms.katalon.core.main.ScriptEngine.runScriptAsRawText(ScriptEngine.java:119)
	at com.kms.katalon.core.main.TestCaseExecutor.runScript(TestCaseExecutor.java:448)
	at com.kms.katalon.core.main.TestCaseExecutor.doExecute(TestCaseExecutor.java:439)
	at com.kms.katalon.core.main.TestCaseExecutor.processExecutionPhase(TestCaseExecutor.java:418)
	at com.kms.katalon.core.main.TestCaseExecutor.accessMainPhase(TestCaseExecutor.java:410)
	at com.kms.katalon.core.main.TestCaseExecutor.execute(TestCaseExecutor.java:285)
	at com.kms.katalon.core.common.CommonExecutor.accessTestCaseMainPhase(CommonExecutor.java:65)
	at com.kms.katalon.core.main.TestSuiteExecutor.accessTestSuiteMainPhase(TestSuiteExecutor.java:151)
	at com.kms.katalon.core.main.TestSuiteExecutor.execute(TestSuiteExecutor.java:106)
	at com.kms.katalon.core.main.TestCaseMain.startTestSuite(TestCaseMain.java:185)
	at com.kms.katalon.core.main.TestCaseMain$startTestSuite$0.call(Unknown Source)
	at TempTestSuite1692183177032.run(TempTestSuite1692183177032.groovy:36)


2023-08-16 16:26:40 - [MESSAGE][WARNING] - Test object with id 'Object Repository/CartPage/Product1_remove_cart' does not exist

2023-08-16 16:26:40 - [MESSAGE][ERROR] - Test Cases/CommonMethods/EmptyCart_RunAt_HP FAILED.
Reason:
java.lang.NullPointerException
	at com.kms.katalon.core.webui.common.WebUiCommonHelper.findElementsBySelectedMethod(WebUiCommonHelper.java:889)
	at com.kms.katalon.core.webui.common.WebUiCommonHelper.findElementsByDefault(WebUiCommonHelper.java:885)
	at com.kms.katalon.core.webui.common.WebUiCommonHelper.findWebElements(WebUiCommonHelper.java:720)
	at com.kms.katalon.core.webui.keyword.internal.WebUIAbstractKeyword.findWebElements(WebUIAbstractKeyword.groovy:32)
	at com.kms.katalon.core.webui.keyword.WebUiBuiltInKeywords.findWebElements(WebUiBuiltInKeywords.groovy:2860)
	at com.kms.katalon.core.webui.keyword.WebUiBuiltInKeywords$findWebElements$5.call(Unknown Source)
	at EmptyCart_RunAt_HP.run(EmptyCart_RunAt_HP:39)
	at com.kms.katalon.core.main.ScriptEngine.run(ScriptEngine.java:194)
	at com.kms.katalon.core.main.ScriptEngine.runScriptAsRawText(ScriptEngine.java:119)
	at com.kms.katalon.core.main.TestCaseExecutor.runScript(TestCaseExecutor.java:448)
	at com.kms.katalon.core.main.TestCaseExecutor.doExecute(TestCaseExecutor.java:439)
	at com.kms.katalon.core.main.TestCaseExecutor.processExecutionPhase(TestCaseExecutor.java:418)
	at com.kms.katalon.core.main.TestCaseExecutor.accessMainPhase(TestCaseExecutor.java:410)
	at com.kms.katalon.core.main.TestCaseExecutor.execute(TestCaseExecutor.java:285)
	at com.kms.katalon.core.main.TestCaseMain.runTestCase(TestCaseMain.java:142)
	at com.kms.katalon.core.keyword.builtin.CallTestCaseKeyword$_callTestCase_closure1.doCall(CallTestCaseKeyword.groovy:59)
	at com.kms.katalon.core.keyword.builtin.CallTestCaseKeyword$_callTestCase_closure1.call(CallTestCaseKeyword.groovy)
	at com.kms.katalon.core.keyword.internal.KeywordMain.runKeyword(KeywordMain.groovy:74)
	at com.kms.katalon.core.keyword.builtin.CallTestCaseKeyword.callTestCase(CallTestCaseKeyword.groovy:81)
	at com.kms.katalon.core.keyword.builtin.CallTestCaseKeyword.execute(CallTestCaseKeyword.groovy:44)
	at com.kms.katalon.core.keyword.internal.KeywordExecutor.executeKeywordForPlatform(KeywordExecutor.groovy:74)
	at com.kms.katalon.core.keyword.BuiltinKeywords.callTestCase(BuiltinKeywords.groovy:334)
	at TS_SMOKE_SUITE_073.run(TS_SMOKE_SUITE_073:31)
	at com.kms.katalon.core.main.ScriptEngine.run(ScriptEngine.java:194)
	at com.kms.katalon.core.main.ScriptEngine.runScriptAsRawText(ScriptEngine.java:119)
	at com.kms.katalon.core.main.TestCaseExecutor.runScript(TestCaseExecutor.java:448)
	at com.kms.katalon.core.main.TestCaseExecutor.doExecute(TestCaseExecutor.java:439)
	at com.kms.katalon.core.main.TestCaseExecutor.processExecutionPhase(TestCaseExecutor.java:418)
	at com.kms.katalon.core.main.TestCaseExecutor.accessMainPhase(TestCaseExecutor.java:410)
	at com.kms.katalon.core.main.TestCaseExecutor.execute(TestCaseExecutor.java:285)
	at com.kms.katalon.core.common.CommonExecutor.accessTestCaseMainPhase(CommonExecutor.java:65)
	at com.kms.katalon.core.main.TestSuiteExecutor.accessTestSuiteMainPhase(TestSuiteExecutor.java:151)
	at com.kms.katalon.core.main.TestSuiteExecutor.execute(TestSuiteExecutor.java:106)
	at com.kms.katalon.core.main.TestCaseMain.startTestSuite(TestCaseMain.java:185)
	at com.kms.katalon.core.main.TestCaseMain$startTestSuite$0.call(Unknown Source)
	at TempTestSuite1692183177032.run(TempTestSuite1692183177032.groovy:36)


2023-08-16 16:26:40 - [MESSAGE][WARNING] - Unable to call Test Case 'Test Cases/CommonMethods/EmptyCart_RunAt_HP' (Root cause: com.kms.katalon.core.exception.StepErrorException: Call Test Case 'Test Cases/CommonMethods/EmptyCart_RunAt_HP' failed because of error(s)
	at com.kms.katalon.core.keyword.builtin.CallTestCaseKeyword$_callTestCase_closure1.doCall(CallTestCaseKeyword.groovy:66)
	at com.kms.katalon.core.keyword.builtin.CallTestCaseKeyword$_callTestCase_closure1.call(CallTestCaseKeyword.groovy)
	at com.kms.katalon.core.keyword.internal.KeywordMain.runKeyword(KeywordMain.groovy:74)
	at com.kms.katalon.core.keyword.builtin.CallTestCaseKeyword.callTestCase(CallTestCaseKeyword.groovy:81)
	at com.kms.katalon.core.keyword.builtin.CallTestCaseKeyword.execute(CallTestCaseKeyword.groovy:44)
	at com.kms.katalon.core.keyword.internal.KeywordExecutor.executeKeywordForPlatform(KeywordExecutor.groovy:74)
	at com.kms.katalon.core.keyword.BuiltinKeywords.callTestCase(BuiltinKeywords.groovy:334)
	at TS_SMOKE_SUITE_073.run(TS_SMOKE_SUITE_073:31)
	at com.kms.katalon.core.main.ScriptEngine.run(ScriptEngine.java:194)
	at com.kms.katalon.core.main.ScriptEngine.runScriptAsRawText(ScriptEngine.java:119)
	at com.kms.katalon.core.main.TestCaseExecutor.runScript(TestCaseExecutor.java:448)
	at com.kms.katalon.core.main.TestCaseExecutor.doExecute(TestCaseExecutor.java:439)
	at com.kms.katalon.core.main.TestCaseExecutor.processExecutionPhase(TestCaseExecutor.java:418)
	at com.kms.katalon.core.main.TestCaseExecutor.accessMainPhase(TestCaseExecutor.java:410)
	at com.kms.katalon.core.main.TestCaseExecutor.execute(TestCaseExecutor.java:285)
	at com.kms.katalon.core.common.CommonExecutor.accessTestCaseMainPhase(CommonExecutor.java:65)
	at com.kms.katalon.core.main.TestSuiteExecutor.accessTestSuiteMainPhase(TestSuiteExecutor.java:151)
	at com.kms.katalon.core.main.TestSuiteExecutor.execute(TestSuiteExecutor.java:106)
	at com.kms.katalon.core.main.TestCaseMain.startTestSuite(TestCaseMain.java:185)
	at com.kms.katalon.core.main.TestCaseMain$startTestSuite$0.call(Unknown Source)
	at TempTestSuite1692183177032.run(TempTestSuite1692183177032.groovy:36)
Caused by: java.lang.NullPointerException
	at com.kms.katalon.core.webui.common.WebUiCommonHelper.findElementsBySelectedMethod(WebUiCommonHelper.java:889)
	at com.kms.katalon.core.webui.common.WebUiCommonHelper.findElementsByDefault(WebUiCommonHelper.java:885)
	at com.kms.katalon.core.webui.common.WebUiCommonHelper.findWebElements(WebUiCommonHelper.java:720)
	at com.kms.katalon.core.webui.keyword.internal.WebUIAbstractKeyword.findWebElements(WebUIAbstractKeyword.groovy:32)
	at com.kms.katalon.core.webui.keyword.WebUiBuiltInKeywords.findWebElements(WebUiBuiltInKeywords.groovy:2860)
	at com.kms.katalon.core.webui.keyword.WebUiBuiltInKeywords$findWebElements$5.call(Unknown Source)
	at EmptyCart_RunAt_HP.run(EmptyCart_RunAt_HP:39)
	at com.kms.katalon.core.main.ScriptEngine.run(ScriptEngine.java:194)
	at com.kms.katalon.core.main.ScriptEngine.runScriptAsRawText(ScriptEngine.java:119)
	at com.kms.katalon.core.main.TestCaseExecutor.runScript(TestCaseExecutor.java:448)
	at com.kms.katalon.core.main.TestCaseExecutor.doExecute(TestCaseExecutor.java:439)
	at com.kms.katalon.core.main.TestCaseExecutor.processExecutionPhase(TestCaseExecutor.java:418)
	at com.kms.katalon.core.main.TestCaseExecutor.accessMainPhase(TestCaseExecutor.java:410)
	at com.kms.katalon.core.main.TestCaseExecutor.execute(TestCaseExecutor.java:285)
	at com.kms.katalon.core.main.TestCaseMain.runTestCase(TestCaseMain.java:142)
	at com.kms.katalon.core.keyword.builtin.CallTestCaseKeyword$_callTestCase_closure1.doCall(CallTestCaseKeyword.groovy:59)
	... 20 more
)

2023-08-16 16:26:40 - [TEST_STEP][PASSED] - click(findTestObject("HomePage/Logo_hp")): Object: 'Object Repository/HomePage/Logo_hp' is clicked on

2023-08-16 16:26:41 - [MESSAGE][PASSED] - Object: 'Object Repository/HomePage/Logo_hp' is clicked on

2023-08-16 16:26:41 - [TEST_STEP][PASSED] - callTestCase(findTestCase("CommonMethods/SearchForAProduct_search"), ["searchTerm":SLProduct], STOP_ON_FAILURE): Call Test Case 'Test Cases/CommonMethods/SearchForAProduct_search' successfully

2023-08-16 16:26:41 - [TEST_CASE][PASSED] - Test Cases/CommonMethods/SearchForAProduct_search: Test Cases/CommonMethods/SearchForAProduct_search

2023-08-16 16:26:42 - [TEST_STEP][PASSED] - click(findTestObject("HomePage/Buscar1"), STOP_ON_FAILURE): Object: 'Object Repository/HomePage/Buscar1' is clicked on

2023-08-16 16:26:42 - [MESSAGE][PASSED] - Object: 'Object Repository/HomePage/Buscar1' is clicked on

2023-08-16 16:26:42 - [TEST_STEP][PASSED] - delay(3): Delayed 3 second(s)

2023-08-16 16:26:45 - [MESSAGE][PASSED] - Delayed 3 second(s)

2023-08-16 16:26:45 - [TEST_STEP][PASSED] - setText(findTestObject("HomePage/Buscar1"), searchTerm): Text 'vaso' is set on object 'Object Repository/HomePage/Buscar1'

2023-08-16 16:26:46 - [MESSAGE][PASSED] - Text 'vaso' is set on object 'Object Repository/HomePage/Buscar1'

2023-08-16 16:26:46 - [TEST_STEP][PASSED] - delay(3): Delayed 3 second(s)

2023-08-16 16:26:49 - [MESSAGE][PASSED] - Delayed 3 second(s)

2023-08-16 16:26:49 - [TEST_STEP][PASSED] - sendKeys(findTestObject("HomePage/Seach_TextBox_hp"), Keys.chord(ENTER)): Keys 'ENTER + ' sent to object: 'Object Repository/HomePage/Seach_TextBox_hp'

2023-08-16 16:26:51 - [MESSAGE][PASSED] - Keys 'ENTER + ' sent to object: 'Object Repository/HomePage/Seach_TextBox_hp'

2023-08-16 16:26:51 - [MESSAGE][PASSED] - Call Test Case 'Test Cases/CommonMethods/SearchForAProduct_search' successfully

2023-08-16 16:26:51 - [TEST_STEP][PASSED] - click(findTestObject("PLPPage/product1_PLP"), OPTIONAL): Object: 'Object Repository/PLPPage/product1_PLP' is clicked on

2023-08-16 16:27:06 - [MESSAGE][PASSED] - Object: 'Object Repository/PLPPage/product1_PLP' is clicked on

2023-08-16 16:27:06 - [TEST_STEP][PASSED] - click(findTestObject("PDPPage/AddToCart_PDP")): Object: 'Object Repository/PDPPage/AddToCart_PDP' is clicked on

2023-08-16 16:27:28 - [MESSAGE][PASSED] - Object: 'Object Repository/PDPPage/AddToCart_PDP' is clicked on

2023-08-16 16:27:28 - [TEST_STEP][PASSED] - click(findTestObject("HomePage/bag_header_HP")): Object: 'Object Repository/HomePage/bag_header_HP' is clicked on

2023-08-16 16:27:32 - [MESSAGE][PASSED] - Object: 'Object Repository/HomePage/bag_header_HP' is clicked on

2023-08-16 16:27:32 - [TEST_STEP][PASSED] - click(findTestObject("CartPage/BuyButton_Cart")): Object: 'Object Repository/CartPage/BuyButton_Cart' is clicked on

2023-08-16 16:27:34 - [MESSAGE][PASSED] - Object: 'Object Repository/CartPage/BuyButton_Cart' is clicked on

2023-08-16 16:27:34 - [TEST_STEP][PASSED] - click(findTestObject("OPCPage/ChangeAddress_Checkout")): Object: 'Object Repository/OPCPage/ChangeAddress_Checkout' is clicked on

2023-08-16 16:27:43 - [MESSAGE][PASSED] - Object: 'Object Repository/OPCPage/ChangeAddress_Checkout' is clicked on

2023-08-16 16:27:43 - [TEST_STEP][PASSED] - click(findTestObject("OPCPage/3DotButton2_Checkout")): Object: 'Object Repository/OPCPage/3DotButton2_Checkout' is clicked on

2023-08-16 16:27:45 - [MESSAGE][PASSED] - Object: 'Object Repository/OPCPage/3DotButton2_Checkout' is clicked on

2023-08-16 16:27:45 - [TEST_STEP][PASSED] - click(findTestObject("OPCPage/EditAddress_Checkout")): Object: 'Object Repository/OPCPage/EditAddress_Checkout' is clicked on

2023-08-16 16:27:46 - [MESSAGE][PASSED] - Object: 'Object Repository/OPCPage/EditAddress_Checkout' is clicked on

2023-08-16 16:27:46 - [TEST_STEP][PASSED] - setText(findTestObject("OPCPage/shortName_addAddress_opc"), ShortName): Text 'NewTest12345' is set on object 'Object Repository/OPCPage/shortName_addAddress_opc'

2023-08-16 16:27:48 - [MESSAGE][PASSED] - Text 'NewTest12345' is set on object 'Object Repository/OPCPage/shortName_addAddress_opc'

2023-08-16 16:27:48 - [TEST_STEP][PASSED] - delay(5): Delayed 5 second(s)

2023-08-16 16:27:53 - [MESSAGE][PASSED] - Delayed 5 second(s)

2023-08-16 16:27:53 - [TEST_STEP][PASSED] - enhancedClick(findTestObject("OPCPage/ContinueButtonAddAddress_Checkout")): Object: 'Object Repository/OPCPage/ContinueButtonAddAddress_Checkout' is clicked on

2023-08-16 16:27:54 - [MESSAGE][PASSED] - Object: 'Object Repository/OPCPage/ContinueButtonAddAddress_Checkout' is clicked on

2023-08-16 16:27:54 - [TEST_STEP][PASSED] - enhancedClick(findTestObject("OPCPage/ContinueButtonAddAddress_Checkout"), OPTIONAL): Object: 'Object Repository/OPCPage/ContinueButtonAddAddress_Checkout' is clicked on

2023-08-16 16:27:57 - [MESSAGE][PASSED] - Object: 'Object Repository/OPCPage/ContinueButtonAddAddress_Checkout' is clicked on

2023-08-16 16:27:57 - [TEST_STEP][PASSED] - enhancedClick(findTestObject("OPCPage/ContinueButtonAddAddress_Checkout"), OPTIONAL): Unable to click on object 'Object Repository/OPCPage/ContinueButtonAddAddress_Checkout' (Root cause: com.kms.katalon.core.exception.StepFailedException: Unable to click on object 'Object Repository/OPCPage/ContinueButtonAddAddress_Checkout'
	at com.kms.katalon.core.webui.keyword.internal.WebUIKeywordMain.stepFailed(WebUIKeywordMain.groovy:64)
	at com.kms.katalon.core.webui.keyword.internal.WebUIKeywordMain.runKeyword(WebUIKeywordMain.groovy:26)
	at com.kms.katalon.core.webui.keyword.builtin.EnhancedClickKeyword.click(EnhancedClickKeyword.groovy:94)
	at com.kms.katalon.core.webui.keyword.builtin.EnhancedClickKeyword.execute(EnhancedClickKeyword.groovy:42)
	at com.kms.katalon.core.keyword.internal.KeywordExecutor.executeKeywordForPlatform(KeywordExecutor.groovy:74)
	at com.kms.katalon.core.webui.keyword.WebUiBuiltInKeywords.enhancedClick(WebUiBuiltInKeywords.groovy:633)
	at com.kms.katalon.core.webui.keyword.WebUiBuiltInKeywords$enhancedClick$8.call(Unknown Source)
	at TS_SMOKE_SUITE_073.run(TS_SMOKE_SUITE_073:60)
	at com.kms.katalon.core.main.ScriptEngine.run(ScriptEngine.java:194)
	at com.kms.katalon.core.main.ScriptEngine.runScriptAsRawText(ScriptEngine.java:119)
	at com.kms.katalon.core.main.TestCaseExecutor.runScript(TestCaseExecutor.java:448)
	at com.kms.katalon.core.main.TestCaseExecutor.doExecute(TestCaseExecutor.java:439)
	at com.kms.katalon.core.main.TestCaseExecutor.processExecutionPhase(TestCaseExecutor.java:418)
	at com.kms.katalon.core.main.TestCaseExecutor.accessMainPhase(TestCaseExecutor.java:410)
	at com.kms.katalon.core.main.TestCaseExecutor.execute(TestCaseExecutor.java:285)
	at com.kms.katalon.core.common.CommonExecutor.accessTestCaseMainPhase(CommonExecutor.java:65)
	at com.kms.katalon.core.main.TestSuiteExecutor.accessTestSuiteMainPhase(TestSuiteExecutor.java:151)
	at com.kms.katalon.core.main.TestSuiteExecutor.execute(TestSuiteExecutor.java:106)
	at com.kms.katalon.core.main.TestCaseMain.startTestSuite(TestCaseMain.java:185)
	at com.kms.katalon.core.main.TestCaseMain$startTestSuite$0.call(Unknown Source)
	at TempTestSuite1692183177032.run(TempTestSuite1692183177032.groovy:36)
Caused by: com.kms.katalon.core.webui.exception.WebElementNotFoundException: Web element with id: 'Object Repository/OPCPage/ContinueButtonAddAddress_Checkout' located by '(//button[@class='a-btn a-btn--primary'])[1]' not found
	at com.kms.katalon.core.webui.common.WebUiCommonHelper.findWebElement(WebUiCommonHelper.java:1370)
	at com.kms.katalon.core.webui.keyword.internal.WebUIAbstractKeyword.findWebElement(WebUIAbstractKeyword.groovy:27)
	at com.kms.katalon.core.webui.keyword.internal.WebUIAbstractKeyword.findWebElement(WebUIAbstractKeyword.groovy:26)
	at com.kms.katalon.core.webui.keyword.builtin.EnhancedClickKeyword$_click_closure1.doCall(EnhancedClickKeyword.groovy:66)
	at com.kms.katalon.core.webui.keyword.builtin.EnhancedClickKeyword$_click_closure1.call(EnhancedClickKeyword.groovy)
	at com.kms.katalon.core.webui.keyword.internal.WebUIKeywordMain.runKeyword(WebUIKeywordMain.groovy:20)
	at com.kms.katalon.core.webui.keyword.builtin.EnhancedClickKeyword.click(EnhancedClickKeyword.groovy:94)
	at com.kms.katalon.core.webui.keyword.builtin.EnhancedClickKeyword.execute(EnhancedClickKeyword.groovy:42)
	at com.kms.katalon.core.keyword.internal.KeywordExecutor.executeKeywordForPlatform(KeywordExecutor.groovy:74)
	at com.kms.katalon.core.webui.keyword.WebUiBuiltInKeywords.enhancedClick(WebUiBuiltInKeywords.groovy:633)
	at com.kms.katalon.core.webui.keyword.WebUiBuiltInKeywords$enhancedClick$8.call(Unknown Source)
	at Script1691447282623.run(Script1691447282623.groovy:60)
	... 13 more
)

2023-08-16 16:28:28 - [MESSAGE][INFO] - Unable to find the element located by 'By.xpath: (//button[@class='a-btn a-btn--primary'])[1]'. Please recheck the objects properties to make sure the desired element is located. 

2023-08-16 16:28:29 - [MESSAGE][WARNING] - Unable to click on object 'Object Repository/OPCPage/ContinueButtonAddAddress_Checkout' (Root cause: com.kms.katalon.core.exception.StepFailedException: Unable to click on object 'Object Repository/OPCPage/ContinueButtonAddAddress_Checkout'
	at com.kms.katalon.core.webui.keyword.internal.WebUIKeywordMain.stepFailed(WebUIKeywordMain.groovy:64)
	at com.kms.katalon.core.webui.keyword.internal.WebUIKeywordMain.runKeyword(WebUIKeywordMain.groovy:26)
	at com.kms.katalon.core.webui.keyword.builtin.EnhancedClickKeyword.click(EnhancedClickKeyword.groovy:94)
	at com.kms.katalon.core.webui.keyword.builtin.EnhancedClickKeyword.execute(EnhancedClickKeyword.groovy:42)
	at com.kms.katalon.core.keyword.internal.KeywordExecutor.executeKeywordForPlatform(KeywordExecutor.groovy:74)
	at com.kms.katalon.core.webui.keyword.WebUiBuiltInKeywords.enhancedClick(WebUiBuiltInKeywords.groovy:633)
	at com.kms.katalon.core.webui.keyword.WebUiBuiltInKeywords$enhancedClick$8.call(Unknown Source)
	at TS_SMOKE_SUITE_073.run(TS_SMOKE_SUITE_073:60)
	at com.kms.katalon.core.main.ScriptEngine.run(ScriptEngine.java:194)
	at com.kms.katalon.core.main.ScriptEngine.runScriptAsRawText(ScriptEngine.java:119)
	at com.kms.katalon.core.main.TestCaseExecutor.runScript(TestCaseExecutor.java:448)
	at com.kms.katalon.core.main.TestCaseExecutor.doExecute(TestCaseExecutor.java:439)
	at com.kms.katalon.core.main.TestCaseExecutor.processExecutionPhase(TestCaseExecutor.java:418)
	at com.kms.katalon.core.main.TestCaseExecutor.accessMainPhase(TestCaseExecutor.java:410)
	at com.kms.katalon.core.main.TestCaseExecutor.execute(TestCaseExecutor.java:285)
	at com.kms.katalon.core.common.CommonExecutor.accessTestCaseMainPhase(CommonExecutor.java:65)
	at com.kms.katalon.core.main.TestSuiteExecutor.accessTestSuiteMainPhase(TestSuiteExecutor.java:151)
	at com.kms.katalon.core.main.TestSuiteExecutor.execute(TestSuiteExecutor.java:106)
	at com.kms.katalon.core.main.TestCaseMain.startTestSuite(TestCaseMain.java:185)
	at com.kms.katalon.core.main.TestCaseMain$startTestSuite$0.call(Unknown Source)
	at TempTestSuite1692183177032.run(TempTestSuite1692183177032.groovy:36)
Caused by: com.kms.katalon.core.webui.exception.WebElementNotFoundException: Web element with id: 'Object Repository/OPCPage/ContinueButtonAddAddress_Checkout' located by '(//button[@class='a-btn a-btn--primary'])[1]' not found
	at com.kms.katalon.core.webui.common.WebUiCommonHelper.findWebElement(WebUiCommonHelper.java:1370)
	at com.kms.katalon.core.webui.keyword.internal.WebUIAbstractKeyword.findWebElement(WebUIAbstractKeyword.groovy:27)
	at com.kms.katalon.core.webui.keyword.internal.WebUIAbstractKeyword.findWebElement(WebUIAbstractKeyword.groovy:26)
	at com.kms.katalon.core.webui.keyword.builtin.EnhancedClickKeyword$_click_closure1.doCall(EnhancedClickKeyword.groovy:66)
	at com.kms.katalon.core.webui.keyword.builtin.EnhancedClickKeyword$_click_closure1.call(EnhancedClickKeyword.groovy)
	at com.kms.katalon.core.webui.keyword.internal.WebUIKeywordMain.runKeyword(WebUIKeywordMain.groovy:20)
	at com.kms.katalon.core.webui.keyword.builtin.EnhancedClickKeyword.click(EnhancedClickKeyword.groovy:94)
	at com.kms.katalon.core.webui.keyword.builtin.EnhancedClickKeyword.execute(EnhancedClickKeyword.groovy:42)
	at com.kms.katalon.core.keyword.internal.KeywordExecutor.executeKeywordForPlatform(KeywordExecutor.groovy:74)
	at com.kms.katalon.core.webui.keyword.WebUiBuiltInKeywords.enhancedClick(WebUiBuiltInKeywords.groovy:633)
	at com.kms.katalon.core.webui.keyword.WebUiBuiltInKeywords$enhancedClick$8.call(Unknown Source)
	at Script1691447282623.run(Script1691447282623.groovy:60)
	... 13 more
)
[[ATTACHMENT|D:\\backup\\Liverpool_SmokeSuite1\\Reports\\20230816_162257\\checkout\\20230816_162257\\1692183508836.png]]

2023-08-16 16:28:29 - [TEST_STEP][PASSED] - click(findTestObject("HomePage/Logo_hp")): Object: 'Object Repository/HomePage/Logo_hp' is clicked on

2023-08-16 16:28:51 - [MESSAGE][PASSED] - Object: 'Object Repository/HomePage/Logo_hp' is clicked on

2023-08-16 16:28:51 - [TEST_STEP][PASSED] - mouseOver(findTestObject("HomePage/span_HolaUser_hp")): Object: 'Object Repository/HomePage/span_HolaUser_hp' is hovered

2023-08-16 16:28:51 - [MESSAGE][PASSED] - Object: 'Object Repository/HomePage/span_HolaUser_hp' is hovered

2023-08-16 16:28:51 - [TEST_STEP][PASSED] - click(findTestObject("HomePage/myAccount_hp")): Object: 'Object Repository/HomePage/myAccount_hp' is clicked on

2023-08-16 16:28:52 - [MESSAGE][PASSED] - Object: 'Object Repository/HomePage/myAccount_hp' is clicked on

2023-08-16 16:28:52 - [TEST_STEP][PASSED] - click(findTestObject("AccountManagement/deliveryAddress_MyAccount")): Object: 'Object Repository/AccountManagement/deliveryAddress_MyAccount' is clicked on

2023-08-16 16:29:02 - [MESSAGE][PASSED] - Object: 'Object Repository/AccountManagement/deliveryAddress_MyAccount' is clicked on

2023-08-16 16:29:02 - [TEST_STEP][PASSED] - addressBlockContainer = getText(findTestObject("AccountManagement/addressBlockContainer_Account")): Text of object 'Object Repository/AccountManagement/addressBlockContainer_Account' is: 'AUTOMATIONeNveMnDa
Predeterminada
aBLcTbWQ cheruvu venaTest
Regina Street, 1231232342
san fransisco, BARRIO DE LA LUZ
MILPA ALTA, 12000, MX, CIUDAD DE MEXICO
Teléfonos:
12-98239589
7000000000'

2023-08-16 16:29:24 - [MESSAGE][PASSED] - Text of object 'Object Repository/AccountManagement/addressBlockContainer_Account' is: 'AUTOMATIONeNveMnDa
Predeterminada
aBLcTbWQ cheruvu venaTest
Regina Street, 1231232342
san fransisco, BARRIO DE LA LUZ
MILPA ALTA, 12000, MX, CIUDAD DE MEXICO
Teléfonos:
12-98239589
7000000000'

2023-08-16 16:29:24 - [TEST_STEP][PASSED] - if (addressBlockContainer == ShortName): null

2023-08-16 16:29:24 - [TEST_STEP][PASSED] - closeBrowser(): Browser is closed

2023-08-16 16:29:24 - [MESSAGE][PASSED] - Browser is closed]]></system-out>
         <system-err><![CDATA[]]></system-err>
      </testcase>
      <testcase name="Test Cases/Checkout/TS_SMOKE_SUITE_075" time="228.365" classname="Test Cases/Checkout/TS_SMOKE_SUITE_075" status="PASSED">
         <system-out><![CDATA[2023-08-16 16:29:24 - [TEST_CASE][PASSED] - Test Cases/Checkout/TS_SMOKE_SUITE_075: Test Cases/Checkout/TS_SMOKE_SUITE_075

2023-08-16 16:29:25 - [TEST_STEP][PASSED] - openBrowser(""): Browser is opened with url: ''

2023-08-16 16:29:25 - [MESSAGE][INFO] - Starting 'Chrome' driver

2023-08-16 16:29:25 - [MESSAGE][INFO] - Action delay is set to 0 milliseconds

2023-08-16 16:29:26 - [MESSAGE][PASSED] - Browser is opened with url: ''

2023-08-16 16:29:26 - [TEST_STEP][PASSED] - navigateToUrl(URL): Navigate to 'https://odtaqaa.liverpool.com.mx/tienda/home' successfully

2023-08-16 16:30:11 - [MESSAGE][PASSED] - Navigate to 'https://odtaqaa.liverpool.com.mx/tienda/home' successfully

2023-08-16 16:30:11 - [TEST_STEP][PASSED] - maximizeWindow(): Current window maximized

2023-08-16 16:30:11 - [MESSAGE][PASSED] - Current window maximized

2023-08-16 16:30:11 - [TEST_STEP][PASSED] - click(findTestObject("HomePage/Iniciar sesion")): Object: 'Object Repository/HomePage/Iniciar sesion' is clicked on

2023-08-16 16:30:12 - [MESSAGE][PASSED] - Object: 'Object Repository/HomePage/Iniciar sesion' is clicked on

2023-08-16 16:30:12 - [TEST_STEP][PASSED] - callTestCase(findTestCase("CommonMethods/loginFromHomePage"), ["username":Username, "password":Password], STOP_ON_FAILURE): Call Test Case 'Test Cases/CommonMethods/loginFromHomePage' successfully

2023-08-16 16:30:12 - [TEST_CASE][PASSED] - Test Cases/CommonMethods/loginFromHomePage: Test Cases/CommonMethods/loginFromHomePage

2023-08-16 16:30:12 - [TEST_STEP][PASSED] - delay(3): Delayed 3 second(s)

2023-08-16 16:30:15 - [MESSAGE][PASSED] - Delayed 3 second(s)

2023-08-16 16:30:15 - [TEST_STEP][PASSED] - click(findTestObject("HomePage/EnterUsername_LP")): Object: 'Object Repository/HomePage/EnterUsername_LP' is clicked on

2023-08-16 16:30:26 - [MESSAGE][PASSED] - Object: 'Object Repository/HomePage/EnterUsername_LP' is clicked on

2023-08-16 16:30:26 - [TEST_STEP][PASSED] - setText(findTestObject("HomePage/EnterUsername_LP"), username): Text 'hcheruvu29@digisprint.com' is set on object 'Object Repository/HomePage/EnterUsername_LP'

2023-08-16 16:30:26 - [MESSAGE][PASSED] - Text 'hcheruvu29@digisprint.com' is set on object 'Object Repository/HomePage/EnterUsername_LP'

2023-08-16 16:30:26 - [TEST_STEP][PASSED] - click(findTestObject("HomePage/EnterPassword_LP")): Object: 'Object Repository/HomePage/EnterPassword_LP' is clicked on

2023-08-16 16:30:27 - [MESSAGE][PASSED] - Object: 'Object Repository/HomePage/EnterPassword_LP' is clicked on

2023-08-16 16:30:27 - [TEST_STEP][PASSED] - setText(findTestObject("HomePage/EnterPassword_LP"), password): Text 'Test@12345' is set on object 'Object Repository/HomePage/EnterPassword_LP'

2023-08-16 16:30:28 - [MESSAGE][PASSED] - Text 'Test@12345' is set on object 'Object Repository/HomePage/EnterPassword_LP'

2023-08-16 16:30:28 - [TEST_STEP][PASSED] - click(findTestObject("HomePage/inciar")): Object: 'Object Repository/HomePage/inciar' is clicked on

2023-08-16 16:30:41 - [MESSAGE][PASSED] - Object: 'Object Repository/HomePage/inciar' is clicked on

2023-08-16 16:30:41 - [MESSAGE][PASSED] - Call Test Case 'Test Cases/CommonMethods/loginFromHomePage' successfully

2023-08-16 16:30:41 - [TEST_STEP][PASSED] - callTestCase(findTestCase("CommonMethods/clickMyAccountFromHeader"), [:], STOP_ON_FAILURE): Call Test Case 'Test Cases/CommonMethods/clickMyAccountFromHeader' successfully

2023-08-16 16:30:41 - [TEST_CASE][PASSED] - Test Cases/CommonMethods/clickMyAccountFromHeader: Test Cases/CommonMethods/clickMyAccountFromHeader

2023-08-16 16:30:42 - [TEST_STEP][PASSED] - click(findTestObject("HomePage/header_Hola_text_HP")): Object: 'Object Repository/HomePage/header_Hola_text_HP' is clicked on

2023-08-16 16:31:31 - [MESSAGE][PASSED] - Object: 'Object Repository/HomePage/header_Hola_text_HP' is clicked on

2023-08-16 16:31:31 - [TEST_STEP][PASSED] - click(findTestObject("HomePage/myAccount_hp"), STOP_ON_FAILURE): Object: 'Object Repository/HomePage/myAccount_hp' is clicked on

2023-08-16 16:31:32 - [MESSAGE][PASSED] - Object: 'Object Repository/HomePage/myAccount_hp' is clicked on

2023-08-16 16:31:32 - [TEST_STEP][PASSED] - verifyElementPresent(findTestObject("AccountManagement/miCuenta_breadCrumb_MyAccount"), 0): Object 'Object Repository/AccountManagement/miCuenta_breadCrumb_MyAccount' is present

2023-08-16 16:31:32 - [MESSAGE][WARNING] - Timeout '0' is invalid. Using default page load timeout: '30'

2023-08-16 16:31:38 - [MESSAGE][PASSED] - Object 'Object Repository/AccountManagement/miCuenta_breadCrumb_MyAccount' is present

2023-08-16 16:31:38 - [MESSAGE][PASSED] - Call Test Case 'Test Cases/CommonMethods/clickMyAccountFromHeader' successfully

2023-08-16 16:31:38 - [TEST_STEP][PASSED] - click(findTestObject("OPCPage/deliveryAddressHeading_address_opc")): Object: 'Object Repository/OPCPage/deliveryAddressHeading_address_opc' is clicked on

2023-08-16 16:31:38 - [MESSAGE][PASSED] - Object: 'Object Repository/OPCPage/deliveryAddressHeading_address_opc' is clicked on

2023-08-16 16:31:38 - [TEST_STEP][PASSED] - callTestCase(findTestCase("CommonMethods/ClickDelivery_MyAccount"), [:], STOP_ON_FAILURE): Call Test Case 'Test Cases/CommonMethods/ClickDelivery_MyAccount' successfully

2023-08-16 16:31:38 - [TEST_CASE][PASSED] - Test Cases/CommonMethods/ClickDelivery_MyAccount: Test Cases/CommonMethods/ClickDelivery_MyAccount

2023-08-16 16:31:38 - [TEST_STEP][PASSED] - click(findTestObject("OPCPage/DeliveryAddresses_User")): Object: 'Object Repository/OPCPage/DeliveryAddresses_User' is clicked on

2023-08-16 16:31:40 - [MESSAGE][PASSED] - Object: 'Object Repository/OPCPage/DeliveryAddresses_User' is clicked on

2023-08-16 16:31:40 - [MESSAGE][PASSED] - Call Test Case 'Test Cases/CommonMethods/ClickDelivery_MyAccount' successfully

2023-08-16 16:31:40 - [TEST_STEP][PASSED] - click(findTestObject("AccountManagement/ClickAndCollectStores_accounts")): Object: 'Object Repository/AccountManagement/ClickAndCollectStores_accounts' is clicked on

2023-08-16 16:31:47 - [MESSAGE][PASSED] - Object: 'Object Repository/AccountManagement/ClickAndCollectStores_accounts' is clicked on

2023-08-16 16:31:47 - [TEST_STEP][PASSED] - click(findTestObject("OPCPage/3DotButton_Checkout")): Object: 'Object Repository/OPCPage/3DotButton_Checkout' is clicked on

2023-08-16 16:31:49 - [MESSAGE][PASSED] - Object: 'Object Repository/OPCPage/3DotButton_Checkout' is clicked on

2023-08-16 16:31:49 - [TEST_STEP][PASSED] - click(findTestObject("AccountManagement/ClickNCollectionDefault_Account")): Object: 'Object Repository/AccountManagement/ClickNCollectionDefault_Account' is clicked on

2023-08-16 16:31:49 - [MESSAGE][PASSED] - Object: 'Object Repository/AccountManagement/ClickNCollectionDefault_Account' is clicked on

2023-08-16 16:31:49 - [TEST_STEP][PASSED] - TitleAddress = getText(findTestObject("AccountManagement/ClickNCollectionAddressTitle_Account")): Text of object 'Object Repository/AccountManagement/ClickNCollectionAddressTitle_Account' is: 'Liverpool Ags. Villasunción'

2023-08-16 16:31:53 - [MESSAGE][PASSED] - Text of object 'Object Repository/AccountManagement/ClickNCollectionAddressTitle_Account' is: 'Liverpool Ags. Villasunción'

2023-08-16 16:31:53 - [TEST_STEP][PASSED] - click(findTestObject("HomePage/Logo_hp")): Object: 'Object Repository/HomePage/Logo_hp' is clicked on

2023-08-16 16:31:54 - [MESSAGE][PASSED] - Object: 'Object Repository/HomePage/Logo_hp' is clicked on

2023-08-16 16:31:54 - [TEST_STEP][PASSED] - callTestCase(findTestCase("CommonMethods/SearchForAProduct_search"), ["searchTerm":SLProduct], STOP_ON_FAILURE): Call Test Case 'Test Cases/CommonMethods/SearchForAProduct_search' successfully

2023-08-16 16:31:54 - [TEST_CASE][PASSED] - Test Cases/CommonMethods/SearchForAProduct_search: Test Cases/CommonMethods/SearchForAProduct_search

2023-08-16 16:31:54 - [TEST_STEP][PASSED] - click(findTestObject("HomePage/Buscar1"), STOP_ON_FAILURE): Object: 'Object Repository/HomePage/Buscar1' is clicked on

2023-08-16 16:31:57 - [MESSAGE][PASSED] - Object: 'Object Repository/HomePage/Buscar1' is clicked on

2023-08-16 16:31:57 - [TEST_STEP][PASSED] - delay(3): Delayed 3 second(s)

2023-08-16 16:32:00 - [MESSAGE][PASSED] - Delayed 3 second(s)

2023-08-16 16:32:00 - [TEST_STEP][PASSED] - setText(findTestObject("HomePage/Buscar1"), searchTerm): Text 'vaso' is set on object 'Object Repository/HomePage/Buscar1'

2023-08-16 16:32:01 - [MESSAGE][PASSED] - Text 'vaso' is set on object 'Object Repository/HomePage/Buscar1'

2023-08-16 16:32:01 - [TEST_STEP][PASSED] - delay(3): Delayed 3 second(s)

2023-08-16 16:32:04 - [MESSAGE][PASSED] - Delayed 3 second(s)

2023-08-16 16:32:04 - [TEST_STEP][PASSED] - sendKeys(findTestObject("HomePage/Seach_TextBox_hp"), Keys.chord(ENTER)): Keys 'ENTER + ' sent to object: 'Object Repository/HomePage/Seach_TextBox_hp'

2023-08-16 16:32:08 - [MESSAGE][PASSED] - Keys 'ENTER + ' sent to object: 'Object Repository/HomePage/Seach_TextBox_hp'

2023-08-16 16:32:08 - [MESSAGE][PASSED] - Call Test Case 'Test Cases/CommonMethods/SearchForAProduct_search' successfully

2023-08-16 16:32:08 - [TEST_STEP][PASSED] - click(findTestObject("PLPPage/product1_PLP"), OPTIONAL): Object: 'Object Repository/PLPPage/product1_PLP' is clicked on

2023-08-16 16:32:25 - [MESSAGE][PASSED] - Object: 'Object Repository/PLPPage/product1_PLP' is clicked on

2023-08-16 16:32:25 - [TEST_STEP][PASSED] - click(findTestObject("PDPPage/AddToCart_PDP")): Object: 'Object Repository/PDPPage/AddToCart_PDP' is clicked on

2023-08-16 16:32:45 - [MESSAGE][PASSED] - Object: 'Object Repository/PDPPage/AddToCart_PDP' is clicked on

2023-08-16 16:32:45 - [TEST_STEP][PASSED] - click(findTestObject("HomePage/bag_header_HP")): Object: 'Object Repository/HomePage/bag_header_HP' is clicked on

2023-08-16 16:32:50 - [MESSAGE][PASSED] - Object: 'Object Repository/HomePage/bag_header_HP' is clicked on

2023-08-16 16:32:50 - [TEST_STEP][PASSED] - click(findTestObject("CartPage/BuyButton_Cart")): Object: 'Object Repository/CartPage/BuyButton_Cart' is clicked on

2023-08-16 16:32:56 - [MESSAGE][PASSED] - Object: 'Object Repository/CartPage/BuyButton_Cart' is clicked on

2023-08-16 16:32:56 - [TEST_STEP][PASSED] - DefaultAddress = getText(findTestObject("OPCPage/DefaultAddress_Checkout")): Text of object 'Object Repository/OPCPage/DefaultAddress_Checkout' is: 'Click & Collect 
- Liverpool Ags. Villasunción
Cambiar'

2023-08-16 16:33:07 - [MESSAGE][PASSED] - Text of object 'Object Repository/OPCPage/DefaultAddress_Checkout' is: 'Click & Collect 
- Liverpool Ags. Villasunción
Cambiar'

2023-08-16 16:33:07 - [TEST_STEP][PASSED] - if (TitleAddress == DefaultAddress): null

2023-08-16 16:33:07 - [TEST_STEP][PASSED] - click(findTestObject("OPCPage/ChangeAddress_Checkout")): Object: 'Object Repository/OPCPage/ChangeAddress_Checkout' is clicked on

2023-08-16 16:33:07 - [MESSAGE][PASSED] - Object: 'Object Repository/OPCPage/ChangeAddress_Checkout' is clicked on

2023-08-16 16:33:07 - [TEST_STEP][PASSED] - click(findTestObject("OPCPage/AddAddressButtonPopup_checkout")): Object: 'Object Repository/OPCPage/AddAddressButtonPopup_checkout' is clicked on

2023-08-16 16:33:10 - [MESSAGE][PASSED] - Object: 'Object Repository/OPCPage/AddAddressButtonPopup_checkout' is clicked on

2023-08-16 16:33:10 - [TEST_STEP][PASSED] - click(findTestObject("OPCPage/AddressPopupCLickNCollect_Checkout"), STOP_ON_FAILURE): Object: 'Object Repository/OPCPage/AddressPopupCLickNCollect_Checkout' is clicked on

2023-08-16 16:33:11 - [MESSAGE][PASSED] - Object: 'Object Repository/OPCPage/AddressPopupCLickNCollect_Checkout' is clicked on

2023-08-16 16:33:11 - [TEST_STEP][PASSED] - verifyElementPresent(findTestObject("OPCPage/CheckAddressDefault_Checkout"), 0): Object 'Object Repository/OPCPage/CheckAddressDefault_Checkout' is present

2023-08-16 16:33:11 - [MESSAGE][WARNING] - Timeout '0' is invalid. Using default page load timeout: '30'

2023-08-16 16:33:11 - [MESSAGE][PASSED] - Object 'Object Repository/OPCPage/CheckAddressDefault_Checkout' is present

2023-08-16 16:33:11 - [TEST_STEP][PASSED] - verifyElementPresent(findTestObject("OPCPage/ClickNCollectionRadioButton_Checkout"), 0): Object 'Object Repository/OPCPage/ClickNCollectionRadioButton_Checkout' is present

2023-08-16 16:33:12 - [MESSAGE][WARNING] - Timeout '0' is invalid. Using default page load timeout: '30'

2023-08-16 16:33:12 - [MESSAGE][PASSED] - Object 'Object Repository/OPCPage/ClickNCollectionRadioButton_Checkout' is present

2023-08-16 16:33:12 - [TEST_STEP][PASSED] - closeBrowser(): Browser is closed

2023-08-16 16:33:13 - [MESSAGE][PASSED] - Browser is closed]]></system-out>
         <system-err><![CDATA[]]></system-err>
      </testcase>
      <testcase name="Test Cases/Checkout/TS_SMOKE_SUITE_076" time="221.975" classname="Test Cases/Checkout/TS_SMOKE_SUITE_076" status="PASSED">
         <system-out><![CDATA[2023-08-16 16:33:13 - [TEST_CASE][PASSED] - Test Cases/Checkout/TS_SMOKE_SUITE_076: Test Cases/Checkout/TS_SMOKE_SUITE_076

2023-08-16 16:33:13 - [TEST_STEP][PASSED] - openBrowser(""): Browser is opened with url: ''

2023-08-16 16:33:13 - [MESSAGE][INFO] - Starting 'Chrome' driver

2023-08-16 16:33:13 - [MESSAGE][INFO] - Action delay is set to 0 milliseconds

2023-08-16 16:33:15 - [MESSAGE][PASSED] - Browser is opened with url: ''

2023-08-16 16:33:15 - [TEST_STEP][PASSED] - navigateToUrl(URL): Navigate to 'https://odtaqaa.liverpool.com.mx/tienda/home' successfully

2023-08-16 16:34:03 - [MESSAGE][PASSED] - Navigate to 'https://odtaqaa.liverpool.com.mx/tienda/home' successfully

2023-08-16 16:34:03 - [TEST_STEP][PASSED] - maximizeWindow(): Current window maximized

2023-08-16 16:34:03 - [MESSAGE][PASSED] - Current window maximized

2023-08-16 16:34:03 - [TEST_STEP][PASSED] - click(findTestObject("HomePage/Iniciar sesion")): Object: 'Object Repository/HomePage/Iniciar sesion' is clicked on

2023-08-16 16:34:04 - [MESSAGE][PASSED] - Object: 'Object Repository/HomePage/Iniciar sesion' is clicked on

2023-08-16 16:34:04 - [TEST_STEP][PASSED] - callTestCase(findTestCase("CommonMethods/loginFromHomePage"), ["username":Username, "password":Password], STOP_ON_FAILURE): Call Test Case 'Test Cases/CommonMethods/loginFromHomePage' successfully

2023-08-16 16:34:04 - [TEST_CASE][PASSED] - Test Cases/CommonMethods/loginFromHomePage: Test Cases/CommonMethods/loginFromHomePage

2023-08-16 16:34:04 - [TEST_STEP][PASSED] - delay(3): Delayed 3 second(s)

2023-08-16 16:34:07 - [MESSAGE][PASSED] - Delayed 3 second(s)

2023-08-16 16:34:07 - [TEST_STEP][PASSED] - click(findTestObject("HomePage/EnterUsername_LP")): Object: 'Object Repository/HomePage/EnterUsername_LP' is clicked on

2023-08-16 16:34:21 - [MESSAGE][PASSED] - Object: 'Object Repository/HomePage/EnterUsername_LP' is clicked on

2023-08-16 16:34:21 - [TEST_STEP][PASSED] - setText(findTestObject("HomePage/EnterUsername_LP"), username): Text 'hcheruvu29@digisprint.com' is set on object 'Object Repository/HomePage/EnterUsername_LP'

2023-08-16 16:34:21 - [MESSAGE][PASSED] - Text 'hcheruvu29@digisprint.com' is set on object 'Object Repository/HomePage/EnterUsername_LP'

2023-08-16 16:34:21 - [TEST_STEP][PASSED] - click(findTestObject("HomePage/EnterPassword_LP")): Object: 'Object Repository/HomePage/EnterPassword_LP' is clicked on

2023-08-16 16:34:22 - [MESSAGE][PASSED] - Object: 'Object Repository/HomePage/EnterPassword_LP' is clicked on

2023-08-16 16:34:22 - [TEST_STEP][PASSED] - setText(findTestObject("HomePage/EnterPassword_LP"), password): Text 'Test@12345' is set on object 'Object Repository/HomePage/EnterPassword_LP'

2023-08-16 16:34:23 - [MESSAGE][PASSED] - Text 'Test@12345' is set on object 'Object Repository/HomePage/EnterPassword_LP'

2023-08-16 16:34:23 - [TEST_STEP][PASSED] - click(findTestObject("HomePage/inciar")): Object: 'Object Repository/HomePage/inciar' is clicked on

2023-08-16 16:34:47 - [MESSAGE][PASSED] - Object: 'Object Repository/HomePage/inciar' is clicked on

2023-08-16 16:34:47 - [MESSAGE][PASSED] - Call Test Case 'Test Cases/CommonMethods/loginFromHomePage' successfully

2023-08-16 16:34:47 - [TEST_STEP][PASSED] - callTestCase(findTestCase("CommonMethods/EmptyCart_RunAt_HP"), [:], OPTIONAL): Unable to call Test Case 'Test Cases/CommonMethods/EmptyCart_RunAt_HP' (Root cause: com.kms.katalon.core.exception.StepErrorException: Call Test Case 'Test Cases/CommonMethods/EmptyCart_RunAt_HP' failed because of error(s)
	at com.kms.katalon.core.keyword.builtin.CallTestCaseKeyword$_callTestCase_closure1.doCall(CallTestCaseKeyword.groovy:66)
	at com.kms.katalon.core.keyword.builtin.CallTestCaseKeyword$_callTestCase_closure1.call(CallTestCaseKeyword.groovy)
	at com.kms.katalon.core.keyword.internal.KeywordMain.runKeyword(KeywordMain.groovy:74)
	at com.kms.katalon.core.keyword.builtin.CallTestCaseKeyword.callTestCase(CallTestCaseKeyword.groovy:81)
	at com.kms.katalon.core.keyword.builtin.CallTestCaseKeyword.execute(CallTestCaseKeyword.groovy:44)
	at com.kms.katalon.core.keyword.internal.KeywordExecutor.executeKeywordForPlatform(KeywordExecutor.groovy:74)
	at com.kms.katalon.core.keyword.BuiltinKeywords.callTestCase(BuiltinKeywords.groovy:334)
	at TS_SMOKE_SUITE_076.run(TS_SMOKE_SUITE_076:31)
	at com.kms.katalon.core.main.ScriptEngine.run(ScriptEngine.java:194)
	at com.kms.katalon.core.main.ScriptEngine.runScriptAsRawText(ScriptEngine.java:119)
	at com.kms.katalon.core.main.TestCaseExecutor.runScript(TestCaseExecutor.java:448)
	at com.kms.katalon.core.main.TestCaseExecutor.doExecute(TestCaseExecutor.java:439)
	at com.kms.katalon.core.main.TestCaseExecutor.processExecutionPhase(TestCaseExecutor.java:418)
	at com.kms.katalon.core.main.TestCaseExecutor.accessMainPhase(TestCaseExecutor.java:410)
	at com.kms.katalon.core.main.TestCaseExecutor.execute(TestCaseExecutor.java:285)
	at com.kms.katalon.core.common.CommonExecutor.accessTestCaseMainPhase(CommonExecutor.java:65)
	at com.kms.katalon.core.main.TestSuiteExecutor.accessTestSuiteMainPhase(TestSuiteExecutor.java:151)
	at com.kms.katalon.core.main.TestSuiteExecutor.execute(TestSuiteExecutor.java:106)
	at com.kms.katalon.core.main.TestCaseMain.startTestSuite(TestCaseMain.java:185)
	at com.kms.katalon.core.main.TestCaseMain$startTestSuite$0.call(Unknown Source)
	at TempTestSuite1692183177032.run(TempTestSuite1692183177032.groovy:36)
Caused by: java.lang.NullPointerException
	at com.kms.katalon.core.webui.common.WebUiCommonHelper.findElementsBySelectedMethod(WebUiCommonHelper.java:889)
	at com.kms.katalon.core.webui.common.WebUiCommonHelper.findElementsByDefault(WebUiCommonHelper.java:885)
	at com.kms.katalon.core.webui.common.WebUiCommonHelper.findWebElements(WebUiCommonHelper.java:720)
	at com.kms.katalon.core.webui.keyword.internal.WebUIAbstractKeyword.findWebElements(WebUIAbstractKeyword.groovy:32)
	at com.kms.katalon.core.webui.keyword.WebUiBuiltInKeywords.findWebElements(WebUiBuiltInKeywords.groovy:2860)
	at com.kms.katalon.core.webui.keyword.WebUiBuiltInKeywords$findWebElements$5.call(Unknown Source)
	at EmptyCart_RunAt_HP.run(EmptyCart_RunAt_HP:39)
	at com.kms.katalon.core.main.ScriptEngine.run(ScriptEngine.java:194)
	at com.kms.katalon.core.main.ScriptEngine.runScriptAsRawText(ScriptEngine.java:119)
	at com.kms.katalon.core.main.TestCaseExecutor.runScript(TestCaseExecutor.java:448)
	at com.kms.katalon.core.main.TestCaseExecutor.doExecute(TestCaseExecutor.java:439)
	at com.kms.katalon.core.main.TestCaseExecutor.processExecutionPhase(TestCaseExecutor.java:418)
	at com.kms.katalon.core.main.TestCaseExecutor.accessMainPhase(TestCaseExecutor.java:410)
	at com.kms.katalon.core.main.TestCaseExecutor.execute(TestCaseExecutor.java:285)
	at com.kms.katalon.core.main.TestCaseMain.runTestCase(TestCaseMain.java:142)
	at com.kms.katalon.core.keyword.builtin.CallTestCaseKeyword$_callTestCase_closure1.doCall(CallTestCaseKeyword.groovy:59)
	... 20 more
)

2023-08-16 16:34:47 - [TEST_CASE][ERROR] - Test Cases/CommonMethods/EmptyCart_RunAt_HP: Test Cases/CommonMethods/EmptyCart_RunAt_HP FAILED.
Reason:
java.lang.NullPointerException
	at com.kms.katalon.core.webui.common.WebUiCommonHelper.findElementsBySelectedMethod(WebUiCommonHelper.java:889)
	at com.kms.katalon.core.webui.common.WebUiCommonHelper.findElementsByDefault(WebUiCommonHelper.java:885)
	at com.kms.katalon.core.webui.common.WebUiCommonHelper.findWebElements(WebUiCommonHelper.java:720)
	at com.kms.katalon.core.webui.keyword.internal.WebUIAbstractKeyword.findWebElements(WebUIAbstractKeyword.groovy:32)
	at com.kms.katalon.core.webui.keyword.WebUiBuiltInKeywords.findWebElements(WebUiBuiltInKeywords.groovy:2860)
	at com.kms.katalon.core.webui.keyword.WebUiBuiltInKeywords$findWebElements$5.call(Unknown Source)
	at EmptyCart_RunAt_HP.run(EmptyCart_RunAt_HP:39)
	at com.kms.katalon.core.main.ScriptEngine.run(ScriptEngine.java:194)
	at com.kms.katalon.core.main.ScriptEngine.runScriptAsRawText(ScriptEngine.java:119)
	at com.kms.katalon.core.main.TestCaseExecutor.runScript(TestCaseExecutor.java:448)
	at com.kms.katalon.core.main.TestCaseExecutor.doExecute(TestCaseExecutor.java:439)
	at com.kms.katalon.core.main.TestCaseExecutor.processExecutionPhase(TestCaseExecutor.java:418)
	at com.kms.katalon.core.main.TestCaseExecutor.accessMainPhase(TestCaseExecutor.java:410)
	at com.kms.katalon.core.main.TestCaseExecutor.execute(TestCaseExecutor.java:285)
	at com.kms.katalon.core.main.TestCaseMain.runTestCase(TestCaseMain.java:142)
	at com.kms.katalon.core.keyword.builtin.CallTestCaseKeyword$_callTestCase_closure1.doCall(CallTestCaseKeyword.groovy:59)
	at com.kms.katalon.core.keyword.builtin.CallTestCaseKeyword$_callTestCase_closure1.call(CallTestCaseKeyword.groovy)
	at com.kms.katalon.core.keyword.internal.KeywordMain.runKeyword(KeywordMain.groovy:74)
	at com.kms.katalon.core.keyword.builtin.CallTestCaseKeyword.callTestCase(CallTestCaseKeyword.groovy:81)
	at com.kms.katalon.core.keyword.builtin.CallTestCaseKeyword.execute(CallTestCaseKeyword.groovy:44)
	at com.kms.katalon.core.keyword.internal.KeywordExecutor.executeKeywordForPlatform(KeywordExecutor.groovy:74)
	at com.kms.katalon.core.keyword.BuiltinKeywords.callTestCase(BuiltinKeywords.groovy:334)
	at TS_SMOKE_SUITE_076.run(TS_SMOKE_SUITE_076:31)
	at com.kms.katalon.core.main.ScriptEngine.run(ScriptEngine.java:194)
	at com.kms.katalon.core.main.ScriptEngine.runScriptAsRawText(ScriptEngine.java:119)
	at com.kms.katalon.core.main.TestCaseExecutor.runScript(TestCaseExecutor.java:448)
	at com.kms.katalon.core.main.TestCaseExecutor.doExecute(TestCaseExecutor.java:439)
	at com.kms.katalon.core.main.TestCaseExecutor.processExecutionPhase(TestCaseExecutor.java:418)
	at com.kms.katalon.core.main.TestCaseExecutor.accessMainPhase(TestCaseExecutor.java:410)
	at com.kms.katalon.core.main.TestCaseExecutor.execute(TestCaseExecutor.java:285)
	at com.kms.katalon.core.common.CommonExecutor.accessTestCaseMainPhase(CommonExecutor.java:65)
	at com.kms.katalon.core.main.TestSuiteExecutor.accessTestSuiteMainPhase(TestSuiteExecutor.java:151)
	at com.kms.katalon.core.main.TestSuiteExecutor.execute(TestSuiteExecutor.java:106)
	at com.kms.katalon.core.main.TestCaseMain.startTestSuite(TestCaseMain.java:185)
	at com.kms.katalon.core.main.TestCaseMain$startTestSuite$0.call(Unknown Source)
	at TempTestSuite1692183177032.run(TempTestSuite1692183177032.groovy:36)


2023-08-16 16:34:47 - [TEST_STEP][PASSED] - delay(2, OPTIONAL): Delayed 2 second(s)

2023-08-16 16:34:49 - [MESSAGE][PASSED] - Delayed 2 second(s)

2023-08-16 16:34:49 - [TEST_STEP][PASSED] - click(findTestObject("HomePage/bag_header_HP"), OPTIONAL): Object: 'Object Repository/HomePage/bag_header_HP' is clicked on

2023-08-16 16:35:42 - [MESSAGE][PASSED] - Object: 'Object Repository/HomePage/bag_header_HP' is clicked on

2023-08-16 16:35:42 - [TEST_STEP][ERROR] - listElement = findWebElements(findTestObject("CartPage/Product1_remove_cart"), 2): Test Cases/CommonMethods/EmptyCart_RunAt_HP FAILED.
Reason:
java.lang.NullPointerException
	at com.kms.katalon.core.webui.common.WebUiCommonHelper.findElementsBySelectedMethod(WebUiCommonHelper.java:889)
	at com.kms.katalon.core.webui.common.WebUiCommonHelper.findElementsByDefault(WebUiCommonHelper.java:885)
	at com.kms.katalon.core.webui.common.WebUiCommonHelper.findWebElements(WebUiCommonHelper.java:720)
	at com.kms.katalon.core.webui.keyword.internal.WebUIAbstractKeyword.findWebElements(WebUIAbstractKeyword.groovy:32)
	at com.kms.katalon.core.webui.keyword.WebUiBuiltInKeywords.findWebElements(WebUiBuiltInKeywords.groovy:2860)
	at com.kms.katalon.core.webui.keyword.WebUiBuiltInKeywords$findWebElements$5.call(Unknown Source)
	at EmptyCart_RunAt_HP.run(EmptyCart_RunAt_HP:39)
	at com.kms.katalon.core.main.ScriptEngine.run(ScriptEngine.java:194)
	at com.kms.katalon.core.main.ScriptEngine.runScriptAsRawText(ScriptEngine.java:119)
	at com.kms.katalon.core.main.TestCaseExecutor.runScript(TestCaseExecutor.java:448)
	at com.kms.katalon.core.main.TestCaseExecutor.doExecute(TestCaseExecutor.java:439)
	at com.kms.katalon.core.main.TestCaseExecutor.processExecutionPhase(TestCaseExecutor.java:418)
	at com.kms.katalon.core.main.TestCaseExecutor.accessMainPhase(TestCaseExecutor.java:410)
	at com.kms.katalon.core.main.TestCaseExecutor.execute(TestCaseExecutor.java:285)
	at com.kms.katalon.core.main.TestCaseMain.runTestCase(TestCaseMain.java:142)
	at com.kms.katalon.core.keyword.builtin.CallTestCaseKeyword$_callTestCase_closure1.doCall(CallTestCaseKeyword.groovy:59)
	at com.kms.katalon.core.keyword.builtin.CallTestCaseKeyword$_callTestCase_closure1.call(CallTestCaseKeyword.groovy)
	at com.kms.katalon.core.keyword.internal.KeywordMain.runKeyword(KeywordMain.groovy:74)
	at com.kms.katalon.core.keyword.builtin.CallTestCaseKeyword.callTestCase(CallTestCaseKeyword.groovy:81)
	at com.kms.katalon.core.keyword.builtin.CallTestCaseKeyword.execute(CallTestCaseKeyword.groovy:44)
	at com.kms.katalon.core.keyword.internal.KeywordExecutor.executeKeywordForPlatform(KeywordExecutor.groovy:74)
	at com.kms.katalon.core.keyword.BuiltinKeywords.callTestCase(BuiltinKeywords.groovy:334)
	at TS_SMOKE_SUITE_076.run(TS_SMOKE_SUITE_076:31)
	at com.kms.katalon.core.main.ScriptEngine.run(ScriptEngine.java:194)
	at com.kms.katalon.core.main.ScriptEngine.runScriptAsRawText(ScriptEngine.java:119)
	at com.kms.katalon.core.main.TestCaseExecutor.runScript(TestCaseExecutor.java:448)
	at com.kms.katalon.core.main.TestCaseExecutor.doExecute(TestCaseExecutor.java:439)
	at com.kms.katalon.core.main.TestCaseExecutor.processExecutionPhase(TestCaseExecutor.java:418)
	at com.kms.katalon.core.main.TestCaseExecutor.accessMainPhase(TestCaseExecutor.java:410)
	at com.kms.katalon.core.main.TestCaseExecutor.execute(TestCaseExecutor.java:285)
	at com.kms.katalon.core.common.CommonExecutor.accessTestCaseMainPhase(CommonExecutor.java:65)
	at com.kms.katalon.core.main.TestSuiteExecutor.accessTestSuiteMainPhase(TestSuiteExecutor.java:151)
	at com.kms.katalon.core.main.TestSuiteExecutor.execute(TestSuiteExecutor.java:106)
	at com.kms.katalon.core.main.TestCaseMain.startTestSuite(TestCaseMain.java:185)
	at com.kms.katalon.core.main.TestCaseMain$startTestSuite$0.call(Unknown Source)
	at TempTestSuite1692183177032.run(TempTestSuite1692183177032.groovy:36)


2023-08-16 16:35:42 - [MESSAGE][WARNING] - Test object with id 'Object Repository/CartPage/Product1_remove_cart' does not exist

2023-08-16 16:35:42 - [MESSAGE][ERROR] - Test Cases/CommonMethods/EmptyCart_RunAt_HP FAILED.
Reason:
java.lang.NullPointerException
	at com.kms.katalon.core.webui.common.WebUiCommonHelper.findElementsBySelectedMethod(WebUiCommonHelper.java:889)
	at com.kms.katalon.core.webui.common.WebUiCommonHelper.findElementsByDefault(WebUiCommonHelper.java:885)
	at com.kms.katalon.core.webui.common.WebUiCommonHelper.findWebElements(WebUiCommonHelper.java:720)
	at com.kms.katalon.core.webui.keyword.internal.WebUIAbstractKeyword.findWebElements(WebUIAbstractKeyword.groovy:32)
	at com.kms.katalon.core.webui.keyword.WebUiBuiltInKeywords.findWebElements(WebUiBuiltInKeywords.groovy:2860)
	at com.kms.katalon.core.webui.keyword.WebUiBuiltInKeywords$findWebElements$5.call(Unknown Source)
	at EmptyCart_RunAt_HP.run(EmptyCart_RunAt_HP:39)
	at com.kms.katalon.core.main.ScriptEngine.run(ScriptEngine.java:194)
	at com.kms.katalon.core.main.ScriptEngine.runScriptAsRawText(ScriptEngine.java:119)
	at com.kms.katalon.core.main.TestCaseExecutor.runScript(TestCaseExecutor.java:448)
	at com.kms.katalon.core.main.TestCaseExecutor.doExecute(TestCaseExecutor.java:439)
	at com.kms.katalon.core.main.TestCaseExecutor.processExecutionPhase(TestCaseExecutor.java:418)
	at com.kms.katalon.core.main.TestCaseExecutor.accessMainPhase(TestCaseExecutor.java:410)
	at com.kms.katalon.core.main.TestCaseExecutor.execute(TestCaseExecutor.java:285)
	at com.kms.katalon.core.main.TestCaseMain.runTestCase(TestCaseMain.java:142)
	at com.kms.katalon.core.keyword.builtin.CallTestCaseKeyword$_callTestCase_closure1.doCall(CallTestCaseKeyword.groovy:59)
	at com.kms.katalon.core.keyword.builtin.CallTestCaseKeyword$_callTestCase_closure1.call(CallTestCaseKeyword.groovy)
	at com.kms.katalon.core.keyword.internal.KeywordMain.runKeyword(KeywordMain.groovy:74)
	at com.kms.katalon.core.keyword.builtin.CallTestCaseKeyword.callTestCase(CallTestCaseKeyword.groovy:81)
	at com.kms.katalon.core.keyword.builtin.CallTestCaseKeyword.execute(CallTestCaseKeyword.groovy:44)
	at com.kms.katalon.core.keyword.internal.KeywordExecutor.executeKeywordForPlatform(KeywordExecutor.groovy:74)
	at com.kms.katalon.core.keyword.BuiltinKeywords.callTestCase(BuiltinKeywords.groovy:334)
	at TS_SMOKE_SUITE_076.run(TS_SMOKE_SUITE_076:31)
	at com.kms.katalon.core.main.ScriptEngine.run(ScriptEngine.java:194)
	at com.kms.katalon.core.main.ScriptEngine.runScriptAsRawText(ScriptEngine.java:119)
	at com.kms.katalon.core.main.TestCaseExecutor.runScript(TestCaseExecutor.java:448)
	at com.kms.katalon.core.main.TestCaseExecutor.doExecute(TestCaseExecutor.java:439)
	at com.kms.katalon.core.main.TestCaseExecutor.processExecutionPhase(TestCaseExecutor.java:418)
	at com.kms.katalon.core.main.TestCaseExecutor.accessMainPhase(TestCaseExecutor.java:410)
	at com.kms.katalon.core.main.TestCaseExecutor.execute(TestCaseExecutor.java:285)
	at com.kms.katalon.core.common.CommonExecutor.accessTestCaseMainPhase(CommonExecutor.java:65)
	at com.kms.katalon.core.main.TestSuiteExecutor.accessTestSuiteMainPhase(TestSuiteExecutor.java:151)
	at com.kms.katalon.core.main.TestSuiteExecutor.execute(TestSuiteExecutor.java:106)
	at com.kms.katalon.core.main.TestCaseMain.startTestSuite(TestCaseMain.java:185)
	at com.kms.katalon.core.main.TestCaseMain$startTestSuite$0.call(Unknown Source)
	at TempTestSuite1692183177032.run(TempTestSuite1692183177032.groovy:36)


2023-08-16 16:35:42 - [MESSAGE][WARNING] - Unable to call Test Case 'Test Cases/CommonMethods/EmptyCart_RunAt_HP' (Root cause: com.kms.katalon.core.exception.StepErrorException: Call Test Case 'Test Cases/CommonMethods/EmptyCart_RunAt_HP' failed because of error(s)
	at com.kms.katalon.core.keyword.builtin.CallTestCaseKeyword$_callTestCase_closure1.doCall(CallTestCaseKeyword.groovy:66)
	at com.kms.katalon.core.keyword.builtin.CallTestCaseKeyword$_callTestCase_closure1.call(CallTestCaseKeyword.groovy)
	at com.kms.katalon.core.keyword.internal.KeywordMain.runKeyword(KeywordMain.groovy:74)
	at com.kms.katalon.core.keyword.builtin.CallTestCaseKeyword.callTestCase(CallTestCaseKeyword.groovy:81)
	at com.kms.katalon.core.keyword.builtin.CallTestCaseKeyword.execute(CallTestCaseKeyword.groovy:44)
	at com.kms.katalon.core.keyword.internal.KeywordExecutor.executeKeywordForPlatform(KeywordExecutor.groovy:74)
	at com.kms.katalon.core.keyword.BuiltinKeywords.callTestCase(BuiltinKeywords.groovy:334)
	at TS_SMOKE_SUITE_076.run(TS_SMOKE_SUITE_076:31)
	at com.kms.katalon.core.main.ScriptEngine.run(ScriptEngine.java:194)
	at com.kms.katalon.core.main.ScriptEngine.runScriptAsRawText(ScriptEngine.java:119)
	at com.kms.katalon.core.main.TestCaseExecutor.runScript(TestCaseExecutor.java:448)
	at com.kms.katalon.core.main.TestCaseExecutor.doExecute(TestCaseExecutor.java:439)
	at com.kms.katalon.core.main.TestCaseExecutor.processExecutionPhase(TestCaseExecutor.java:418)
	at com.kms.katalon.core.main.TestCaseExecutor.accessMainPhase(TestCaseExecutor.java:410)
	at com.kms.katalon.core.main.TestCaseExecutor.execute(TestCaseExecutor.java:285)
	at com.kms.katalon.core.common.CommonExecutor.accessTestCaseMainPhase(CommonExecutor.java:65)
	at com.kms.katalon.core.main.TestSuiteExecutor.accessTestSuiteMainPhase(TestSuiteExecutor.java:151)
	at com.kms.katalon.core.main.TestSuiteExecutor.execute(TestSuiteExecutor.java:106)
	at com.kms.katalon.core.main.TestCaseMain.startTestSuite(TestCaseMain.java:185)
	at com.kms.katalon.core.main.TestCaseMain$startTestSuite$0.call(Unknown Source)
	at TempTestSuite1692183177032.run(TempTestSuite1692183177032.groovy:36)
Caused by: java.lang.NullPointerException
	at com.kms.katalon.core.webui.common.WebUiCommonHelper.findElementsBySelectedMethod(WebUiCommonHelper.java:889)
	at com.kms.katalon.core.webui.common.WebUiCommonHelper.findElementsByDefault(WebUiCommonHelper.java:885)
	at com.kms.katalon.core.webui.common.WebUiCommonHelper.findWebElements(WebUiCommonHelper.java:720)
	at com.kms.katalon.core.webui.keyword.internal.WebUIAbstractKeyword.findWebElements(WebUIAbstractKeyword.groovy:32)
	at com.kms.katalon.core.webui.keyword.WebUiBuiltInKeywords.findWebElements(WebUiBuiltInKeywords.groovy:2860)
	at com.kms.katalon.core.webui.keyword.WebUiBuiltInKeywords$findWebElements$5.call(Unknown Source)
	at EmptyCart_RunAt_HP.run(EmptyCart_RunAt_HP:39)
	at com.kms.katalon.core.main.ScriptEngine.run(ScriptEngine.java:194)
	at com.kms.katalon.core.main.ScriptEngine.runScriptAsRawText(ScriptEngine.java:119)
	at com.kms.katalon.core.main.TestCaseExecutor.runScript(TestCaseExecutor.java:448)
	at com.kms.katalon.core.main.TestCaseExecutor.doExecute(TestCaseExecutor.java:439)
	at com.kms.katalon.core.main.TestCaseExecutor.processExecutionPhase(TestCaseExecutor.java:418)
	at com.kms.katalon.core.main.TestCaseExecutor.accessMainPhase(TestCaseExecutor.java:410)
	at com.kms.katalon.core.main.TestCaseExecutor.execute(TestCaseExecutor.java:285)
	at com.kms.katalon.core.main.TestCaseMain.runTestCase(TestCaseMain.java:142)
	at com.kms.katalon.core.keyword.builtin.CallTestCaseKeyword$_callTestCase_closure1.doCall(CallTestCaseKeyword.groovy:59)
	... 20 more
)

2023-08-16 16:35:42 - [TEST_STEP][PASSED] - click(findTestObject("HomePage/Logo_hp")): Object: 'Object Repository/HomePage/Logo_hp' is clicked on

2023-08-16 16:35:43 - [MESSAGE][PASSED] - Object: 'Object Repository/HomePage/Logo_hp' is clicked on

2023-08-16 16:35:43 - [TEST_STEP][PASSED] - callTestCase(findTestCase("CommonMethods/SearchForAProduct_search"), ["searchTerm":SLProduct], STOP_ON_FAILURE): Call Test Case 'Test Cases/CommonMethods/SearchForAProduct_search' successfully

2023-08-16 16:35:43 - [TEST_CASE][PASSED] - Test Cases/CommonMethods/SearchForAProduct_search: Test Cases/CommonMethods/SearchForAProduct_search

2023-08-16 16:35:43 - [TEST_STEP][PASSED] - click(findTestObject("HomePage/Buscar1"), STOP_ON_FAILURE): Object: 'Object Repository/HomePage/Buscar1' is clicked on

2023-08-16 16:35:44 - [MESSAGE][PASSED] - Object: 'Object Repository/HomePage/Buscar1' is clicked on

2023-08-16 16:35:44 - [TEST_STEP][PASSED] - delay(3): Delayed 3 second(s)

2023-08-16 16:35:47 - [MESSAGE][PASSED] - Delayed 3 second(s)

2023-08-16 16:35:47 - [TEST_STEP][PASSED] - setText(findTestObject("HomePage/Buscar1"), searchTerm): Text 'vaso' is set on object 'Object Repository/HomePage/Buscar1'

2023-08-16 16:35:48 - [MESSAGE][PASSED] - Text 'vaso' is set on object 'Object Repository/HomePage/Buscar1'

2023-08-16 16:35:48 - [TEST_STEP][PASSED] - delay(3): Delayed 3 second(s)

2023-08-16 16:35:51 - [MESSAGE][PASSED] - Delayed 3 second(s)

2023-08-16 16:35:51 - [TEST_STEP][PASSED] - sendKeys(findTestObject("HomePage/Seach_TextBox_hp"), Keys.chord(ENTER)): Keys 'ENTER + ' sent to object: 'Object Repository/HomePage/Seach_TextBox_hp'

2023-08-16 16:35:53 - [MESSAGE][PASSED] - Keys 'ENTER + ' sent to object: 'Object Repository/HomePage/Seach_TextBox_hp'

2023-08-16 16:35:53 - [MESSAGE][PASSED] - Call Test Case 'Test Cases/CommonMethods/SearchForAProduct_search' successfully

2023-08-16 16:35:53 - [TEST_STEP][PASSED] - click(findTestObject("PLPPage/product1_PLP"), OPTIONAL): Object: 'Object Repository/PLPPage/product1_PLP' is clicked on

2023-08-16 16:36:13 - [MESSAGE][PASSED] - Object: 'Object Repository/PLPPage/product1_PLP' is clicked on

2023-08-16 16:36:13 - [TEST_STEP][PASSED] - click(findTestObject("PDPPage/AddToCart_PDP")): Object: 'Object Repository/PDPPage/AddToCart_PDP' is clicked on

2023-08-16 16:36:32 - [MESSAGE][PASSED] - Object: 'Object Repository/PDPPage/AddToCart_PDP' is clicked on

2023-08-16 16:36:32 - [TEST_STEP][PASSED] - click(findTestObject("HomePage/bag_header_HP")): Object: 'Object Repository/HomePage/bag_header_HP' is clicked on

2023-08-16 16:36:37 - [MESSAGE][PASSED] - Object: 'Object Repository/HomePage/bag_header_HP' is clicked on

2023-08-16 16:36:37 - [TEST_STEP][PASSED] - click(findTestObject("CartPage/BuyButton_Cart")): Object: 'Object Repository/CartPage/BuyButton_Cart' is clicked on

2023-08-16 16:36:39 - [MESSAGE][PASSED] - Object: 'Object Repository/CartPage/BuyButton_Cart' is clicked on

2023-08-16 16:36:39 - [TEST_STEP][PASSED] - callTestCase(findTestCase("CommonMethods/assert_OPC(CheckoutPage)"), [:], STOP_ON_FAILURE): Call Test Case 'Test Cases/CommonMethods/assert_OPC(CheckoutPage)' successfully

2023-08-16 16:36:40 - [TEST_CASE][PASSED] - Test Cases/CommonMethods/assert_OPC(CheckoutPage): Test Cases/CommonMethods/assert_OPC(CheckoutPage)

2023-08-16 16:36:40 - [TEST_STEP][PASSED] - verifyElementPresent(findTestObject("OPCPage/paymentMethod_title_OPC"), 0): Object 'Object Repository/OPCPage/paymentMethod_title_OPC' is present

2023-08-16 16:36:40 - [MESSAGE][WARNING] - Timeout '0' is invalid. Using default page load timeout: '30'

2023-08-16 16:36:52 - [MESSAGE][PASSED] - Object 'Object Repository/OPCPage/paymentMethod_title_OPC' is present

2023-08-16 16:36:52 - [TEST_STEP][PASSED] - verifyElementPresent(findTestObject("OPCPage/Final_comparar_OPC"), 0): Object 'Object Repository/OPCPage/Final_comparar_OPC' is present

2023-08-16 16:36:52 - [MESSAGE][WARNING] - Timeout '0' is invalid. Using default page load timeout: '30'

2023-08-16 16:36:53 - [MESSAGE][PASSED] - Object 'Object Repository/OPCPage/Final_comparar_OPC' is present

2023-08-16 16:36:53 - [TEST_STEP][PASSED] - verifyElementPresent(findTestObject("OPCPage/Articulos(title)_OPC"), 0): Object 'Object Repository/OPCPage/Articulos(title)_OPC' is present

2023-08-16 16:36:53 - [MESSAGE][WARNING] - Timeout '0' is invalid. Using default page load timeout: '30'

2023-08-16 16:36:54 - [MESSAGE][PASSED] - Object 'Object Repository/OPCPage/Articulos(title)_OPC' is present

2023-08-16 16:36:54 - [MESSAGE][PASSED] - Call Test Case 'Test Cases/CommonMethods/assert_OPC(CheckoutPage)' successfully

2023-08-16 16:36:54 - [TEST_STEP][PASSED] - closeBrowser(): Browser is closed

2023-08-16 16:36:55 - [MESSAGE][PASSED] - Browser is closed]]></system-out>
         <system-err><![CDATA[]]></system-err>
      </testcase>
      <testcase name="Test Cases/Checkout/TS_SMOKE_SUITE_077" time="238.71" classname="Test Cases/Checkout/TS_SMOKE_SUITE_077" status="FAILED">
         <failure type="FAILED" message="Test Cases/Checkout/TS_SMOKE_SUITE_077 FAILED.
Reason:
com.kms.katalon.core.exception.StepFailedException: Call Test Case 'Test Cases/CommonMethods/create_new_CARD_OPC' failed
	at com.kms.katalon.core.keyword.builtin.CallTestCaseKeyword$_callTestCase_closure1.doCall(CallTestCaseKeyword.groovy:63)
	at com.kms.katalon.core.keyword.builtin.CallTestCaseKeyword$_callTestCase_closure1.call(CallTestCaseKeyword.groovy)
	at com.kms.katalon.core.keyword.internal.KeywordMain.runKeyword(KeywordMain.groovy:74)
	at com.kms.katalon.core.keyword.builtin.CallTestCaseKeyword.callTestCase(CallTestCaseKeyword.groovy:81)
	at com.kms.katalon.core.keyword.builtin.CallTestCaseKeyword.execute(CallTestCaseKeyword.groovy:44)
	at com.kms.katalon.core.keyword.internal.KeywordExecutor.executeKeywordForPlatform(KeywordExecutor.groovy:74)
	at com.kms.katalon.core.keyword.BuiltinKeywords.callTestCase(BuiltinKeywords.groovy:334)
	at TS_SMOKE_SUITE_077.run(TS_SMOKE_SUITE_077:46)
	at com.kms.katalon.core.main.ScriptEngine.run(ScriptEngine.java:194)
	at com.kms.katalon.core.main.ScriptEngine.runScriptAsRawText(ScriptEngine.java:119)
	at com.kms.katalon.core.main.TestCaseExecutor.runScript(TestCaseExecutor.java:448)
	at com.kms.katalon.core.main.TestCaseExecutor.doExecute(TestCaseExecutor.java:439)
	at com.kms.katalon.core.main.TestCaseExecutor.processExecutionPhase(TestCaseExecutor.java:418)
	at com.kms.katalon.core.main.TestCaseExecutor.accessMainPhase(TestCaseExecutor.java:410)
	at com.kms.katalon.core.main.TestCaseExecutor.execute(TestCaseExecutor.java:285)
	at com.kms.katalon.core.common.CommonExecutor.accessTestCaseMainPhase(CommonExecutor.java:65)
	at com.kms.katalon.core.main.TestSuiteExecutor.accessTestSuiteMainPhase(TestSuiteExecutor.java:151)
	at com.kms.katalon.core.main.TestSuiteExecutor.execute(TestSuiteExecutor.java:106)
	at com.kms.katalon.core.main.TestCaseMain.startTestSuite(TestCaseMain.java:185)
	at com.kms.katalon.core.main.TestCaseMain$startTestSuite$0.call(Unknown Source)
	at TempTestSuite1692183177032.run(TempTestSuite1692183177032.groovy:36)
Caused by: com.kms.katalon.core.exception.StepFailedException: Unable to verify text 'csVWcpca' is present 
	at com.kms.katalon.core.webui.keyword.internal.WebUIKeywordMain.stepFailed(WebUIKeywordMain.groovy:64)
	at com.kms.katalon.core.webui.keyword.internal.WebUIKeywordMain.runKeyword(WebUIKeywordMain.groovy:26)
	at com.kms.katalon.core.webui.keyword.builtin.VerifyTextPresentKeyword.verifyTextPresent(VerifyTextPresentKeyword.groovy:83)
	at com.kms.katalon.core.webui.keyword.builtin.VerifyTextPresentKeyword.execute(VerifyTextPresentKeyword.groovy:68)
	at com.kms.katalon.core.keyword.internal.KeywordExecutor.executeKeywordForPlatform(KeywordExecutor.groovy:74)
	at com.kms.katalon.core.webui.keyword.WebUiBuiltInKeywords.verifyTextPresent(WebUiBuiltInKeywords.groovy:1723)
	at com.kms.katalon.core.webui.keyword.WebUiBuiltInKeywords$verifyTextPresent$13.call(Unknown Source)
	at create_new_CARD_OPC.run(create_new_CARD_OPC:52)
	at com.kms.katalon.core.main.ScriptEngine.run(ScriptEngine.java:194)
	at com.kms.katalon.core.main.ScriptEngine.runScriptAsRawText(ScriptEngine.java:119)
	at com.kms.katalon.core.main.TestCaseExecutor.runScript(TestCaseExecutor.java:448)
	at com.kms.katalon.core.main.TestCaseExecutor.doExecute(TestCaseExecutor.java:439)
	at com.kms.katalon.core.main.TestCaseExecutor.processExecutionPhase(TestCaseExecutor.java:418)
	at com.kms.katalon.core.main.TestCaseExecutor.accessMainPhase(TestCaseExecutor.java:410)
	at com.kms.katalon.core.main.TestCaseExecutor.execute(TestCaseExecutor.java:285)
	at com.kms.katalon.core.main.TestCaseMain.runTestCase(TestCaseMain.java:142)
	at com.kms.katalon.core.keyword.builtin.CallTestCaseKeyword$_callTestCase_closure1.doCall(CallTestCaseKeyword.groovy:59)
	... 20 more
Caused by: com.kms.katalon.core.exception.StepFailedException: Text 'csVWcpca' is not present on page 
	at com.kms.katalon.core.webui.keyword.internal.WebUIKeywordMain.stepFailed(WebUIKeywordMain.groovy:64)
	at com.kms.katalon.core.webui.keyword.builtin.VerifyTextPresentKeyword$_verifyTextPresent_closure1.doCall(VerifyTextPresentKeyword.groovy:79)
	at com.kms.katalon.core.webui.keyword.builtin.VerifyTextPresentKeyword$_verifyTextPresent_closure1.call(VerifyTextPresentKeyword.groovy)
	at com.kms.katalon.core.webui.keyword.internal.WebUIKeywordMain.runKeyword(WebUIKeywordMain.groovy:20)
	... 35 more
"/>
         <system-out><![CDATA[2023-08-16 16:36:55 - [TEST_CASE][FAILED] - Test Cases/Checkout/TS_SMOKE_SUITE_077: Test Cases/Checkout/TS_SMOKE_SUITE_077 FAILED.
Reason:
com.kms.katalon.core.exception.StepFailedException: Call Test Case 'Test Cases/CommonMethods/create_new_CARD_OPC' failed
	at com.kms.katalon.core.keyword.builtin.CallTestCaseKeyword$_callTestCase_closure1.doCall(CallTestCaseKeyword.groovy:63)
	at com.kms.katalon.core.keyword.builtin.CallTestCaseKeyword$_callTestCase_closure1.call(CallTestCaseKeyword.groovy)
	at com.kms.katalon.core.keyword.internal.KeywordMain.runKeyword(KeywordMain.groovy:74)
	at com.kms.katalon.core.keyword.builtin.CallTestCaseKeyword.callTestCase(CallTestCaseKeyword.groovy:81)
	at com.kms.katalon.core.keyword.builtin.CallTestCaseKeyword.execute(CallTestCaseKeyword.groovy:44)
	at com.kms.katalon.core.keyword.internal.KeywordExecutor.executeKeywordForPlatform(KeywordExecutor.groovy:74)
	at com.kms.katalon.core.keyword.BuiltinKeywords.callTestCase(BuiltinKeywords.groovy:334)
	at TS_SMOKE_SUITE_077.run(TS_SMOKE_SUITE_077:46)
	at com.kms.katalon.core.main.ScriptEngine.run(ScriptEngine.java:194)
	at com.kms.katalon.core.main.ScriptEngine.runScriptAsRawText(ScriptEngine.java:119)
	at com.kms.katalon.core.main.TestCaseExecutor.runScript(TestCaseExecutor.java:448)
	at com.kms.katalon.core.main.TestCaseExecutor.doExecute(TestCaseExecutor.java:439)
	at com.kms.katalon.core.main.TestCaseExecutor.processExecutionPhase(TestCaseExecutor.java:418)
	at com.kms.katalon.core.main.TestCaseExecutor.accessMainPhase(TestCaseExecutor.java:410)
	at com.kms.katalon.core.main.TestCaseExecutor.execute(TestCaseExecutor.java:285)
	at com.kms.katalon.core.common.CommonExecutor.accessTestCaseMainPhase(CommonExecutor.java:65)
	at com.kms.katalon.core.main.TestSuiteExecutor.accessTestSuiteMainPhase(TestSuiteExecutor.java:151)
	at com.kms.katalon.core.main.TestSuiteExecutor.execute(TestSuiteExecutor.java:106)
	at com.kms.katalon.core.main.TestCaseMain.startTestSuite(TestCaseMain.java:185)
	at com.kms.katalon.core.main.TestCaseMain$startTestSuite$0.call(Unknown Source)
	at TempTestSuite1692183177032.run(TempTestSuite1692183177032.groovy:36)
Caused by: com.kms.katalon.core.exception.StepFailedException: Unable to verify text 'csVWcpca' is present 
	at com.kms.katalon.core.webui.keyword.internal.WebUIKeywordMain.stepFailed(WebUIKeywordMain.groovy:64)
	at com.kms.katalon.core.webui.keyword.internal.WebUIKeywordMain.runKeyword(WebUIKeywordMain.groovy:26)
	at com.kms.katalon.core.webui.keyword.builtin.VerifyTextPresentKeyword.verifyTextPresent(VerifyTextPresentKeyword.groovy:83)
	at com.kms.katalon.core.webui.keyword.builtin.VerifyTextPresentKeyword.execute(VerifyTextPresentKeyword.groovy:68)
	at com.kms.katalon.core.keyword.internal.KeywordExecutor.executeKeywordForPlatform(KeywordExecutor.groovy:74)
	at com.kms.katalon.core.webui.keyword.WebUiBuiltInKeywords.verifyTextPresent(WebUiBuiltInKeywords.groovy:1723)
	at com.kms.katalon.core.webui.keyword.WebUiBuiltInKeywords$verifyTextPresent$13.call(Unknown Source)
	at create_new_CARD_OPC.run(create_new_CARD_OPC:52)
	at com.kms.katalon.core.main.ScriptEngine.run(ScriptEngine.java:194)
	at com.kms.katalon.core.main.ScriptEngine.runScriptAsRawText(ScriptEngine.java:119)
	at com.kms.katalon.core.main.TestCaseExecutor.runScript(TestCaseExecutor.java:448)
	at com.kms.katalon.core.main.TestCaseExecutor.doExecute(TestCaseExecutor.java:439)
	at com.kms.katalon.core.main.TestCaseExecutor.processExecutionPhase(TestCaseExecutor.java:418)
	at com.kms.katalon.core.main.TestCaseExecutor.accessMainPhase(TestCaseExecutor.java:410)
	at com.kms.katalon.core.main.TestCaseExecutor.execute(TestCaseExecutor.java:285)
	at com.kms.katalon.core.main.TestCaseMain.runTestCase(TestCaseMain.java:142)
	at com.kms.katalon.core.keyword.builtin.CallTestCaseKeyword$_callTestCase_closure1.doCall(CallTestCaseKeyword.groovy:59)
	... 20 more
Caused by: com.kms.katalon.core.exception.StepFailedException: Text 'csVWcpca' is not present on page 
	at com.kms.katalon.core.webui.keyword.internal.WebUIKeywordMain.stepFailed(WebUIKeywordMain.groovy:64)
	at com.kms.katalon.core.webui.keyword.builtin.VerifyTextPresentKeyword$_verifyTextPresent_closure1.doCall(VerifyTextPresentKeyword.groovy:79)
	at com.kms.katalon.core.webui.keyword.builtin.VerifyTextPresentKeyword$_verifyTextPresent_closure1.call(VerifyTextPresentKeyword.groovy)
	at com.kms.katalon.core.webui.keyword.internal.WebUIKeywordMain.runKeyword(WebUIKeywordMain.groovy:20)
	... 35 more


2023-08-16 16:36:55 - [TEST_STEP][PASSED] - openBrowser(""): Browser is opened with url: ''

2023-08-16 16:36:55 - [MESSAGE][INFO] - Starting 'Chrome' driver

2023-08-16 16:36:55 - [MESSAGE][INFO] - Action delay is set to 0 milliseconds

2023-08-16 16:36:57 - [MESSAGE][PASSED] - Browser is opened with url: ''

2023-08-16 16:36:57 - [TEST_STEP][PASSED] - navigateToUrl(URL): Navigate to 'https://odtaqaa.liverpool.com.mx/tienda/home' successfully

2023-08-16 16:37:44 - [MESSAGE][PASSED] - Navigate to 'https://odtaqaa.liverpool.com.mx/tienda/home' successfully

2023-08-16 16:37:44 - [TEST_STEP][PASSED] - maximizeWindow(): Current window maximized

2023-08-16 16:37:45 - [MESSAGE][PASSED] - Current window maximized

2023-08-16 16:37:45 - [TEST_STEP][PASSED] - click(findTestObject("HomePage/Iniciar sesion")): Object: 'Object Repository/HomePage/Iniciar sesion' is clicked on

2023-08-16 16:37:45 - [MESSAGE][PASSED] - Object: 'Object Repository/HomePage/Iniciar sesion' is clicked on

2023-08-16 16:37:45 - [TEST_STEP][PASSED] - callTestCase(findTestCase("CommonMethods/loginFromHomePage"), ["username":Username, "password":Password], STOP_ON_FAILURE): Call Test Case 'Test Cases/CommonMethods/loginFromHomePage' successfully

2023-08-16 16:37:45 - [TEST_CASE][PASSED] - Test Cases/CommonMethods/loginFromHomePage: Test Cases/CommonMethods/loginFromHomePage

2023-08-16 16:37:45 - [TEST_STEP][PASSED] - delay(3): Delayed 3 second(s)

2023-08-16 16:37:48 - [MESSAGE][PASSED] - Delayed 3 second(s)

2023-08-16 16:37:48 - [TEST_STEP][PASSED] - click(findTestObject("HomePage/EnterUsername_LP")): Object: 'Object Repository/HomePage/EnterUsername_LP' is clicked on

2023-08-16 16:38:40 - [MESSAGE][PASSED] - Object: 'Object Repository/HomePage/EnterUsername_LP' is clicked on

2023-08-16 16:38:40 - [TEST_STEP][PASSED] - setText(findTestObject("HomePage/EnterUsername_LP"), username): Text 'hcheruvu29@digisprint.com' is set on object 'Object Repository/HomePage/EnterUsername_LP'

2023-08-16 16:38:40 - [MESSAGE][PASSED] - Text 'hcheruvu29@digisprint.com' is set on object 'Object Repository/HomePage/EnterUsername_LP'

2023-08-16 16:38:40 - [TEST_STEP][PASSED] - click(findTestObject("HomePage/EnterPassword_LP")): Object: 'Object Repository/HomePage/EnterPassword_LP' is clicked on

2023-08-16 16:38:41 - [MESSAGE][PASSED] - Object: 'Object Repository/HomePage/EnterPassword_LP' is clicked on

2023-08-16 16:38:41 - [TEST_STEP][PASSED] - setText(findTestObject("HomePage/EnterPassword_LP"), password): Text 'Test@12345' is set on object 'Object Repository/HomePage/EnterPassword_LP'

2023-08-16 16:38:41 - [MESSAGE][PASSED] - Text 'Test@12345' is set on object 'Object Repository/HomePage/EnterPassword_LP'

2023-08-16 16:38:41 - [TEST_STEP][PASSED] - click(findTestObject("HomePage/inciar")): Object: 'Object Repository/HomePage/inciar' is clicked on

2023-08-16 16:38:49 - [MESSAGE][PASSED] - Object: 'Object Repository/HomePage/inciar' is clicked on

2023-08-16 16:38:49 - [MESSAGE][PASSED] - Call Test Case 'Test Cases/CommonMethods/loginFromHomePage' successfully

2023-08-16 16:38:49 - [TEST_STEP][PASSED] - callTestCase(findTestCase("CommonMethods/EmptyCart_RunAt_HP"), [:], OPTIONAL): Unable to call Test Case 'Test Cases/CommonMethods/EmptyCart_RunAt_HP' (Root cause: com.kms.katalon.core.exception.StepErrorException: Call Test Case 'Test Cases/CommonMethods/EmptyCart_RunAt_HP' failed because of error(s)
	at com.kms.katalon.core.keyword.builtin.CallTestCaseKeyword$_callTestCase_closure1.doCall(CallTestCaseKeyword.groovy:66)
	at com.kms.katalon.core.keyword.builtin.CallTestCaseKeyword$_callTestCase_closure1.call(CallTestCaseKeyword.groovy)
	at com.kms.katalon.core.keyword.internal.KeywordMain.runKeyword(KeywordMain.groovy:74)
	at com.kms.katalon.core.keyword.builtin.CallTestCaseKeyword.callTestCase(CallTestCaseKeyword.groovy:81)
	at com.kms.katalon.core.keyword.builtin.CallTestCaseKeyword.execute(CallTestCaseKeyword.groovy:44)
	at com.kms.katalon.core.keyword.internal.KeywordExecutor.executeKeywordForPlatform(KeywordExecutor.groovy:74)
	at com.kms.katalon.core.keyword.BuiltinKeywords.callTestCase(BuiltinKeywords.groovy:334)
	at TS_SMOKE_SUITE_077.run(TS_SMOKE_SUITE_077:31)
	at com.kms.katalon.core.main.ScriptEngine.run(ScriptEngine.java:194)
	at com.kms.katalon.core.main.ScriptEngine.runScriptAsRawText(ScriptEngine.java:119)
	at com.kms.katalon.core.main.TestCaseExecutor.runScript(TestCaseExecutor.java:448)
	at com.kms.katalon.core.main.TestCaseExecutor.doExecute(TestCaseExecutor.java:439)
	at com.kms.katalon.core.main.TestCaseExecutor.processExecutionPhase(TestCaseExecutor.java:418)
	at com.kms.katalon.core.main.TestCaseExecutor.accessMainPhase(TestCaseExecutor.java:410)
	at com.kms.katalon.core.main.TestCaseExecutor.execute(TestCaseExecutor.java:285)
	at com.kms.katalon.core.common.CommonExecutor.accessTestCaseMainPhase(CommonExecutor.java:65)
	at com.kms.katalon.core.main.TestSuiteExecutor.accessTestSuiteMainPhase(TestSuiteExecutor.java:151)
	at com.kms.katalon.core.main.TestSuiteExecutor.execute(TestSuiteExecutor.java:106)
	at com.kms.katalon.core.main.TestCaseMain.startTestSuite(TestCaseMain.java:185)
	at com.kms.katalon.core.main.TestCaseMain$startTestSuite$0.call(Unknown Source)
	at TempTestSuite1692183177032.run(TempTestSuite1692183177032.groovy:36)
Caused by: java.lang.NullPointerException
	at com.kms.katalon.core.webui.common.WebUiCommonHelper.findElementsBySelectedMethod(WebUiCommonHelper.java:889)
	at com.kms.katalon.core.webui.common.WebUiCommonHelper.findElementsByDefault(WebUiCommonHelper.java:885)
	at com.kms.katalon.core.webui.common.WebUiCommonHelper.findWebElements(WebUiCommonHelper.java:720)
	at com.kms.katalon.core.webui.keyword.internal.WebUIAbstractKeyword.findWebElements(WebUIAbstractKeyword.groovy:32)
	at com.kms.katalon.core.webui.keyword.WebUiBuiltInKeywords.findWebElements(WebUiBuiltInKeywords.groovy:2860)
	at com.kms.katalon.core.webui.keyword.WebUiBuiltInKeywords$findWebElements$5.call(Unknown Source)
	at EmptyCart_RunAt_HP.run(EmptyCart_RunAt_HP:39)
	at com.kms.katalon.core.main.ScriptEngine.run(ScriptEngine.java:194)
	at com.kms.katalon.core.main.ScriptEngine.runScriptAsRawText(ScriptEngine.java:119)
	at com.kms.katalon.core.main.TestCaseExecutor.runScript(TestCaseExecutor.java:448)
	at com.kms.katalon.core.main.TestCaseExecutor.doExecute(TestCaseExecutor.java:439)
	at com.kms.katalon.core.main.TestCaseExecutor.processExecutionPhase(TestCaseExecutor.java:418)
	at com.kms.katalon.core.main.TestCaseExecutor.accessMainPhase(TestCaseExecutor.java:410)
	at com.kms.katalon.core.main.TestCaseExecutor.execute(TestCaseExecutor.java:285)
	at com.kms.katalon.core.main.TestCaseMain.runTestCase(TestCaseMain.java:142)
	at com.kms.katalon.core.keyword.builtin.CallTestCaseKeyword$_callTestCase_closure1.doCall(CallTestCaseKeyword.groovy:59)
	... 20 more
)

2023-08-16 16:38:49 - [TEST_CASE][ERROR] - Test Cases/CommonMethods/EmptyCart_RunAt_HP: Test Cases/CommonMethods/EmptyCart_RunAt_HP FAILED.
Reason:
java.lang.NullPointerException
	at com.kms.katalon.core.webui.common.WebUiCommonHelper.findElementsBySelectedMethod(WebUiCommonHelper.java:889)
	at com.kms.katalon.core.webui.common.WebUiCommonHelper.findElementsByDefault(WebUiCommonHelper.java:885)
	at com.kms.katalon.core.webui.common.WebUiCommonHelper.findWebElements(WebUiCommonHelper.java:720)
	at com.kms.katalon.core.webui.keyword.internal.WebUIAbstractKeyword.findWebElements(WebUIAbstractKeyword.groovy:32)
	at com.kms.katalon.core.webui.keyword.WebUiBuiltInKeywords.findWebElements(WebUiBuiltInKeywords.groovy:2860)
	at com.kms.katalon.core.webui.keyword.WebUiBuiltInKeywords$findWebElements$5.call(Unknown Source)
	at EmptyCart_RunAt_HP.run(EmptyCart_RunAt_HP:39)
	at com.kms.katalon.core.main.ScriptEngine.run(ScriptEngine.java:194)
	at com.kms.katalon.core.main.ScriptEngine.runScriptAsRawText(ScriptEngine.java:119)
	at com.kms.katalon.core.main.TestCaseExecutor.runScript(TestCaseExecutor.java:448)
	at com.kms.katalon.core.main.TestCaseExecutor.doExecute(TestCaseExecutor.java:439)
	at com.kms.katalon.core.main.TestCaseExecutor.processExecutionPhase(TestCaseExecutor.java:418)
	at com.kms.katalon.core.main.TestCaseExecutor.accessMainPhase(TestCaseExecutor.java:410)
	at com.kms.katalon.core.main.TestCaseExecutor.execute(TestCaseExecutor.java:285)
	at com.kms.katalon.core.main.TestCaseMain.runTestCase(TestCaseMain.java:142)
	at com.kms.katalon.core.keyword.builtin.CallTestCaseKeyword$_callTestCase_closure1.doCall(CallTestCaseKeyword.groovy:59)
	at com.kms.katalon.core.keyword.builtin.CallTestCaseKeyword$_callTestCase_closure1.call(CallTestCaseKeyword.groovy)
	at com.kms.katalon.core.keyword.internal.KeywordMain.runKeyword(KeywordMain.groovy:74)
	at com.kms.katalon.core.keyword.builtin.CallTestCaseKeyword.callTestCase(CallTestCaseKeyword.groovy:81)
	at com.kms.katalon.core.keyword.builtin.CallTestCaseKeyword.execute(CallTestCaseKeyword.groovy:44)
	at com.kms.katalon.core.keyword.internal.KeywordExecutor.executeKeywordForPlatform(KeywordExecutor.groovy:74)
	at com.kms.katalon.core.keyword.BuiltinKeywords.callTestCase(BuiltinKeywords.groovy:334)
	at TS_SMOKE_SUITE_077.run(TS_SMOKE_SUITE_077:31)
	at com.kms.katalon.core.main.ScriptEngine.run(ScriptEngine.java:194)
	at com.kms.katalon.core.main.ScriptEngine.runScriptAsRawText(ScriptEngine.java:119)
	at com.kms.katalon.core.main.TestCaseExecutor.runScript(TestCaseExecutor.java:448)
	at com.kms.katalon.core.main.TestCaseExecutor.doExecute(TestCaseExecutor.java:439)
	at com.kms.katalon.core.main.TestCaseExecutor.processExecutionPhase(TestCaseExecutor.java:418)
	at com.kms.katalon.core.main.TestCaseExecutor.accessMainPhase(TestCaseExecutor.java:410)
	at com.kms.katalon.core.main.TestCaseExecutor.execute(TestCaseExecutor.java:285)
	at com.kms.katalon.core.common.CommonExecutor.accessTestCaseMainPhase(CommonExecutor.java:65)
	at com.kms.katalon.core.main.TestSuiteExecutor.accessTestSuiteMainPhase(TestSuiteExecutor.java:151)
	at com.kms.katalon.core.main.TestSuiteExecutor.execute(TestSuiteExecutor.java:106)
	at com.kms.katalon.core.main.TestCaseMain.startTestSuite(TestCaseMain.java:185)
	at com.kms.katalon.core.main.TestCaseMain$startTestSuite$0.call(Unknown Source)
	at TempTestSuite1692183177032.run(TempTestSuite1692183177032.groovy:36)


2023-08-16 16:38:49 - [TEST_STEP][PASSED] - delay(2, OPTIONAL): Delayed 2 second(s)

2023-08-16 16:38:51 - [MESSAGE][PASSED] - Delayed 2 second(s)

2023-08-16 16:38:51 - [TEST_STEP][PASSED] - click(findTestObject("HomePage/bag_header_HP"), OPTIONAL): Object: 'Object Repository/HomePage/bag_header_HP' is clicked on

2023-08-16 16:39:17 - [MESSAGE][PASSED] - Object: 'Object Repository/HomePage/bag_header_HP' is clicked on

2023-08-16 16:39:17 - [TEST_STEP][ERROR] - listElement = findWebElements(findTestObject("CartPage/Product1_remove_cart"), 2): Test Cases/CommonMethods/EmptyCart_RunAt_HP FAILED.
Reason:
java.lang.NullPointerException
	at com.kms.katalon.core.webui.common.WebUiCommonHelper.findElementsBySelectedMethod(WebUiCommonHelper.java:889)
	at com.kms.katalon.core.webui.common.WebUiCommonHelper.findElementsByDefault(WebUiCommonHelper.java:885)
	at com.kms.katalon.core.webui.common.WebUiCommonHelper.findWebElements(WebUiCommonHelper.java:720)
	at com.kms.katalon.core.webui.keyword.internal.WebUIAbstractKeyword.findWebElements(WebUIAbstractKeyword.groovy:32)
	at com.kms.katalon.core.webui.keyword.WebUiBuiltInKeywords.findWebElements(WebUiBuiltInKeywords.groovy:2860)
	at com.kms.katalon.core.webui.keyword.WebUiBuiltInKeywords$findWebElements$5.call(Unknown Source)
	at EmptyCart_RunAt_HP.run(EmptyCart_RunAt_HP:39)
	at com.kms.katalon.core.main.ScriptEngine.run(ScriptEngine.java:194)
	at com.kms.katalon.core.main.ScriptEngine.runScriptAsRawText(ScriptEngine.java:119)
	at com.kms.katalon.core.main.TestCaseExecutor.runScript(TestCaseExecutor.java:448)
	at com.kms.katalon.core.main.TestCaseExecutor.doExecute(TestCaseExecutor.java:439)
	at com.kms.katalon.core.main.TestCaseExecutor.processExecutionPhase(TestCaseExecutor.java:418)
	at com.kms.katalon.core.main.TestCaseExecutor.accessMainPhase(TestCaseExecutor.java:410)
	at com.kms.katalon.core.main.TestCaseExecutor.execute(TestCaseExecutor.java:285)
	at com.kms.katalon.core.main.TestCaseMain.runTestCase(TestCaseMain.java:142)
	at com.kms.katalon.core.keyword.builtin.CallTestCaseKeyword$_callTestCase_closure1.doCall(CallTestCaseKeyword.groovy:59)
	at com.kms.katalon.core.keyword.builtin.CallTestCaseKeyword$_callTestCase_closure1.call(CallTestCaseKeyword.groovy)
	at com.kms.katalon.core.keyword.internal.KeywordMain.runKeyword(KeywordMain.groovy:74)
	at com.kms.katalon.core.keyword.builtin.CallTestCaseKeyword.callTestCase(CallTestCaseKeyword.groovy:81)
	at com.kms.katalon.core.keyword.builtin.CallTestCaseKeyword.execute(CallTestCaseKeyword.groovy:44)
	at com.kms.katalon.core.keyword.internal.KeywordExecutor.executeKeywordForPlatform(KeywordExecutor.groovy:74)
	at com.kms.katalon.core.keyword.BuiltinKeywords.callTestCase(BuiltinKeywords.groovy:334)
	at TS_SMOKE_SUITE_077.run(TS_SMOKE_SUITE_077:31)
	at com.kms.katalon.core.main.ScriptEngine.run(ScriptEngine.java:194)
	at com.kms.katalon.core.main.ScriptEngine.runScriptAsRawText(ScriptEngine.java:119)
	at com.kms.katalon.core.main.TestCaseExecutor.runScript(TestCaseExecutor.java:448)
	at com.kms.katalon.core.main.TestCaseExecutor.doExecute(TestCaseExecutor.java:439)
	at com.kms.katalon.core.main.TestCaseExecutor.processExecutionPhase(TestCaseExecutor.java:418)
	at com.kms.katalon.core.main.TestCaseExecutor.accessMainPhase(TestCaseExecutor.java:410)
	at com.kms.katalon.core.main.TestCaseExecutor.execute(TestCaseExecutor.java:285)
	at com.kms.katalon.core.common.CommonExecutor.accessTestCaseMainPhase(CommonExecutor.java:65)
	at com.kms.katalon.core.main.TestSuiteExecutor.accessTestSuiteMainPhase(TestSuiteExecutor.java:151)
	at com.kms.katalon.core.main.TestSuiteExecutor.execute(TestSuiteExecutor.java:106)
	at com.kms.katalon.core.main.TestCaseMain.startTestSuite(TestCaseMain.java:185)
	at com.kms.katalon.core.main.TestCaseMain$startTestSuite$0.call(Unknown Source)
	at TempTestSuite1692183177032.run(TempTestSuite1692183177032.groovy:36)


2023-08-16 16:39:17 - [MESSAGE][WARNING] - Test object with id 'Object Repository/CartPage/Product1_remove_cart' does not exist

2023-08-16 16:39:17 - [MESSAGE][ERROR] - Test Cases/CommonMethods/EmptyCart_RunAt_HP FAILED.
Reason:
java.lang.NullPointerException
	at com.kms.katalon.core.webui.common.WebUiCommonHelper.findElementsBySelectedMethod(WebUiCommonHelper.java:889)
	at com.kms.katalon.core.webui.common.WebUiCommonHelper.findElementsByDefault(WebUiCommonHelper.java:885)
	at com.kms.katalon.core.webui.common.WebUiCommonHelper.findWebElements(WebUiCommonHelper.java:720)
	at com.kms.katalon.core.webui.keyword.internal.WebUIAbstractKeyword.findWebElements(WebUIAbstractKeyword.groovy:32)
	at com.kms.katalon.core.webui.keyword.WebUiBuiltInKeywords.findWebElements(WebUiBuiltInKeywords.groovy:2860)
	at com.kms.katalon.core.webui.keyword.WebUiBuiltInKeywords$findWebElements$5.call(Unknown Source)
	at EmptyCart_RunAt_HP.run(EmptyCart_RunAt_HP:39)
	at com.kms.katalon.core.main.ScriptEngine.run(ScriptEngine.java:194)
	at com.kms.katalon.core.main.ScriptEngine.runScriptAsRawText(ScriptEngine.java:119)
	at com.kms.katalon.core.main.TestCaseExecutor.runScript(TestCaseExecutor.java:448)
	at com.kms.katalon.core.main.TestCaseExecutor.doExecute(TestCaseExecutor.java:439)
	at com.kms.katalon.core.main.TestCaseExecutor.processExecutionPhase(TestCaseExecutor.java:418)
	at com.kms.katalon.core.main.TestCaseExecutor.accessMainPhase(TestCaseExecutor.java:410)
	at com.kms.katalon.core.main.TestCaseExecutor.execute(TestCaseExecutor.java:285)
	at com.kms.katalon.core.main.TestCaseMain.runTestCase(TestCaseMain.java:142)
	at com.kms.katalon.core.keyword.builtin.CallTestCaseKeyword$_callTestCase_closure1.doCall(CallTestCaseKeyword.groovy:59)
	at com.kms.katalon.core.keyword.builtin.CallTestCaseKeyword$_callTestCase_closure1.call(CallTestCaseKeyword.groovy)
	at com.kms.katalon.core.keyword.internal.KeywordMain.runKeyword(KeywordMain.groovy:74)
	at com.kms.katalon.core.keyword.builtin.CallTestCaseKeyword.callTestCase(CallTestCaseKeyword.groovy:81)
	at com.kms.katalon.core.keyword.builtin.CallTestCaseKeyword.execute(CallTestCaseKeyword.groovy:44)
	at com.kms.katalon.core.keyword.internal.KeywordExecutor.executeKeywordForPlatform(KeywordExecutor.groovy:74)
	at com.kms.katalon.core.keyword.BuiltinKeywords.callTestCase(BuiltinKeywords.groovy:334)
	at TS_SMOKE_SUITE_077.run(TS_SMOKE_SUITE_077:31)
	at com.kms.katalon.core.main.ScriptEngine.run(ScriptEngine.java:194)
	at com.kms.katalon.core.main.ScriptEngine.runScriptAsRawText(ScriptEngine.java:119)
	at com.kms.katalon.core.main.TestCaseExecutor.runScript(TestCaseExecutor.java:448)
	at com.kms.katalon.core.main.TestCaseExecutor.doExecute(TestCaseExecutor.java:439)
	at com.kms.katalon.core.main.TestCaseExecutor.processExecutionPhase(TestCaseExecutor.java:418)
	at com.kms.katalon.core.main.TestCaseExecutor.accessMainPhase(TestCaseExecutor.java:410)
	at com.kms.katalon.core.main.TestCaseExecutor.execute(TestCaseExecutor.java:285)
	at com.kms.katalon.core.common.CommonExecutor.accessTestCaseMainPhase(CommonExecutor.java:65)
	at com.kms.katalon.core.main.TestSuiteExecutor.accessTestSuiteMainPhase(TestSuiteExecutor.java:151)
	at com.kms.katalon.core.main.TestSuiteExecutor.execute(TestSuiteExecutor.java:106)
	at com.kms.katalon.core.main.TestCaseMain.startTestSuite(TestCaseMain.java:185)
	at com.kms.katalon.core.main.TestCaseMain$startTestSuite$0.call(Unknown Source)
	at TempTestSuite1692183177032.run(TempTestSuite1692183177032.groovy:36)


2023-08-16 16:39:17 - [MESSAGE][WARNING] - Unable to call Test Case 'Test Cases/CommonMethods/EmptyCart_RunAt_HP' (Root cause: com.kms.katalon.core.exception.StepErrorException: Call Test Case 'Test Cases/CommonMethods/EmptyCart_RunAt_HP' failed because of error(s)
	at com.kms.katalon.core.keyword.builtin.CallTestCaseKeyword$_callTestCase_closure1.doCall(CallTestCaseKeyword.groovy:66)
	at com.kms.katalon.core.keyword.builtin.CallTestCaseKeyword$_callTestCase_closure1.call(CallTestCaseKeyword.groovy)
	at com.kms.katalon.core.keyword.internal.KeywordMain.runKeyword(KeywordMain.groovy:74)
	at com.kms.katalon.core.keyword.builtin.CallTestCaseKeyword.callTestCase(CallTestCaseKeyword.groovy:81)
	at com.kms.katalon.core.keyword.builtin.CallTestCaseKeyword.execute(CallTestCaseKeyword.groovy:44)
	at com.kms.katalon.core.keyword.internal.KeywordExecutor.executeKeywordForPlatform(KeywordExecutor.groovy:74)
	at com.kms.katalon.core.keyword.BuiltinKeywords.callTestCase(BuiltinKeywords.groovy:334)
	at TS_SMOKE_SUITE_077.run(TS_SMOKE_SUITE_077:31)
	at com.kms.katalon.core.main.ScriptEngine.run(ScriptEngine.java:194)
	at com.kms.katalon.core.main.ScriptEngine.runScriptAsRawText(ScriptEngine.java:119)
	at com.kms.katalon.core.main.TestCaseExecutor.runScript(TestCaseExecutor.java:448)
	at com.kms.katalon.core.main.TestCaseExecutor.doExecute(TestCaseExecutor.java:439)
	at com.kms.katalon.core.main.TestCaseExecutor.processExecutionPhase(TestCaseExecutor.java:418)
	at com.kms.katalon.core.main.TestCaseExecutor.accessMainPhase(TestCaseExecutor.java:410)
	at com.kms.katalon.core.main.TestCaseExecutor.execute(TestCaseExecutor.java:285)
	at com.kms.katalon.core.common.CommonExecutor.accessTestCaseMainPhase(CommonExecutor.java:65)
	at com.kms.katalon.core.main.TestSuiteExecutor.accessTestSuiteMainPhase(TestSuiteExecutor.java:151)
	at com.kms.katalon.core.main.TestSuiteExecutor.execute(TestSuiteExecutor.java:106)
	at com.kms.katalon.core.main.TestCaseMain.startTestSuite(TestCaseMain.java:185)
	at com.kms.katalon.core.main.TestCaseMain$startTestSuite$0.call(Unknown Source)
	at TempTestSuite1692183177032.run(TempTestSuite1692183177032.groovy:36)
Caused by: java.lang.NullPointerException
	at com.kms.katalon.core.webui.common.WebUiCommonHelper.findElementsBySelectedMethod(WebUiCommonHelper.java:889)
	at com.kms.katalon.core.webui.common.WebUiCommonHelper.findElementsByDefault(WebUiCommonHelper.java:885)
	at com.kms.katalon.core.webui.common.WebUiCommonHelper.findWebElements(WebUiCommonHelper.java:720)
	at com.kms.katalon.core.webui.keyword.internal.WebUIAbstractKeyword.findWebElements(WebUIAbstractKeyword.groovy:32)
	at com.kms.katalon.core.webui.keyword.WebUiBuiltInKeywords.findWebElements(WebUiBuiltInKeywords.groovy:2860)
	at com.kms.katalon.core.webui.keyword.WebUiBuiltInKeywords$findWebElements$5.call(Unknown Source)
	at EmptyCart_RunAt_HP.run(EmptyCart_RunAt_HP:39)
	at com.kms.katalon.core.main.ScriptEngine.run(ScriptEngine.java:194)
	at com.kms.katalon.core.main.ScriptEngine.runScriptAsRawText(ScriptEngine.java:119)
	at com.kms.katalon.core.main.TestCaseExecutor.runScript(TestCaseExecutor.java:448)
	at com.kms.katalon.core.main.TestCaseExecutor.doExecute(TestCaseExecutor.java:439)
	at com.kms.katalon.core.main.TestCaseExecutor.processExecutionPhase(TestCaseExecutor.java:418)
	at com.kms.katalon.core.main.TestCaseExecutor.accessMainPhase(TestCaseExecutor.java:410)
	at com.kms.katalon.core.main.TestCaseExecutor.execute(TestCaseExecutor.java:285)
	at com.kms.katalon.core.main.TestCaseMain.runTestCase(TestCaseMain.java:142)
	at com.kms.katalon.core.keyword.builtin.CallTestCaseKeyword$_callTestCase_closure1.doCall(CallTestCaseKeyword.groovy:59)
	... 20 more
)

2023-08-16 16:39:17 - [TEST_STEP][PASSED] - click(findTestObject("HomePage/Logo_hp")): Object: 'Object Repository/HomePage/Logo_hp' is clicked on

2023-08-16 16:39:18 - [MESSAGE][PASSED] - Object: 'Object Repository/HomePage/Logo_hp' is clicked on

2023-08-16 16:39:18 - [TEST_STEP][PASSED] - callTestCase(findTestCase("CommonMethods/SearchForAProduct_search"), ["searchTerm":SLProduct], STOP_ON_FAILURE): Call Test Case 'Test Cases/CommonMethods/SearchForAProduct_search' successfully

2023-08-16 16:39:18 - [TEST_CASE][PASSED] - Test Cases/CommonMethods/SearchForAProduct_search: Test Cases/CommonMethods/SearchForAProduct_search

2023-08-16 16:39:18 - [TEST_STEP][PASSED] - click(findTestObject("HomePage/Buscar1"), STOP_ON_FAILURE): Object: 'Object Repository/HomePage/Buscar1' is clicked on

2023-08-16 16:39:19 - [MESSAGE][PASSED] - Object: 'Object Repository/HomePage/Buscar1' is clicked on

2023-08-16 16:39:19 - [TEST_STEP][PASSED] - delay(3): Delayed 3 second(s)

2023-08-16 16:39:22 - [MESSAGE][PASSED] - Delayed 3 second(s)

2023-08-16 16:39:22 - [TEST_STEP][PASSED] - setText(findTestObject("HomePage/Buscar1"), searchTerm): Text 'vaso' is set on object 'Object Repository/HomePage/Buscar1'

2023-08-16 16:39:23 - [MESSAGE][PASSED] - Text 'vaso' is set on object 'Object Repository/HomePage/Buscar1'

2023-08-16 16:39:23 - [TEST_STEP][PASSED] - delay(3): Delayed 3 second(s)

2023-08-16 16:39:26 - [MESSAGE][PASSED] - Delayed 3 second(s)

2023-08-16 16:39:26 - [TEST_STEP][PASSED] - sendKeys(findTestObject("HomePage/Seach_TextBox_hp"), Keys.chord(ENTER)): Keys 'ENTER + ' sent to object: 'Object Repository/HomePage/Seach_TextBox_hp'

2023-08-16 16:39:28 - [MESSAGE][PASSED] - Keys 'ENTER + ' sent to object: 'Object Repository/HomePage/Seach_TextBox_hp'

2023-08-16 16:39:28 - [MESSAGE][PASSED] - Call Test Case 'Test Cases/CommonMethods/SearchForAProduct_search' successfully

2023-08-16 16:39:28 - [TEST_STEP][PASSED] - click(findTestObject("PLPPage/product1_PLP"), OPTIONAL): Object: 'Object Repository/PLPPage/product1_PLP' is clicked on

2023-08-16 16:39:44 - [MESSAGE][PASSED] - Object: 'Object Repository/PLPPage/product1_PLP' is clicked on

2023-08-16 16:39:44 - [TEST_STEP][PASSED] - click(findTestObject("PDPPage/AddToCart_PDP")): Object: 'Object Repository/PDPPage/AddToCart_PDP' is clicked on

2023-08-16 16:40:11 - [MESSAGE][PASSED] - Object: 'Object Repository/PDPPage/AddToCart_PDP' is clicked on

2023-08-16 16:40:11 - [TEST_STEP][PASSED] - click(findTestObject("HomePage/bag_header_HP")): Object: 'Object Repository/HomePage/bag_header_HP' is clicked on

2023-08-16 16:40:15 - [MESSAGE][PASSED] - Object: 'Object Repository/HomePage/bag_header_HP' is clicked on

2023-08-16 16:40:15 - [TEST_STEP][PASSED] - click(findTestObject("CartPage/BuyButton_Cart")): Object: 'Object Repository/CartPage/BuyButton_Cart' is clicked on

2023-08-16 16:40:22 - [MESSAGE][PASSED] - Object: 'Object Repository/CartPage/BuyButton_Cart' is clicked on

2023-08-16 16:40:22 - [TEST_STEP][FAILED] - callTestCase(findTestCase("CommonMethods/create_new_CARD_OPC"), [:], STOP_ON_FAILURE): Unable to call Test Case 'Test Cases/CommonMethods/create_new_CARD_OPC' (Root cause: com.kms.katalon.core.exception.StepFailedException: Call Test Case 'Test Cases/CommonMethods/create_new_CARD_OPC' failed
	at com.kms.katalon.core.keyword.builtin.CallTestCaseKeyword$_callTestCase_closure1.doCall(CallTestCaseKeyword.groovy:63)
	at com.kms.katalon.core.keyword.builtin.CallTestCaseKeyword$_callTestCase_closure1.call(CallTestCaseKeyword.groovy)
	at com.kms.katalon.core.keyword.internal.KeywordMain.runKeyword(KeywordMain.groovy:74)
	at com.kms.katalon.core.keyword.builtin.CallTestCaseKeyword.callTestCase(CallTestCaseKeyword.groovy:81)
	at com.kms.katalon.core.keyword.builtin.CallTestCaseKeyword.execute(CallTestCaseKeyword.groovy:44)
	at com.kms.katalon.core.keyword.internal.KeywordExecutor.executeKeywordForPlatform(KeywordExecutor.groovy:74)
	at com.kms.katalon.core.keyword.BuiltinKeywords.callTestCase(BuiltinKeywords.groovy:334)
	at TS_SMOKE_SUITE_077.run(TS_SMOKE_SUITE_077:46)
	at com.kms.katalon.core.main.ScriptEngine.run(ScriptEngine.java:194)
	at com.kms.katalon.core.main.ScriptEngine.runScriptAsRawText(ScriptEngine.java:119)
	at com.kms.katalon.core.main.TestCaseExecutor.runScript(TestCaseExecutor.java:448)
	at com.kms.katalon.core.main.TestCaseExecutor.doExecute(TestCaseExecutor.java:439)
	at com.kms.katalon.core.main.TestCaseExecutor.processExecutionPhase(TestCaseExecutor.java:418)
	at com.kms.katalon.core.main.TestCaseExecutor.accessMainPhase(TestCaseExecutor.java:410)
	at com.kms.katalon.core.main.TestCaseExecutor.execute(TestCaseExecutor.java:285)
	at com.kms.katalon.core.common.CommonExecutor.accessTestCaseMainPhase(CommonExecutor.java:65)
	at com.kms.katalon.core.main.TestSuiteExecutor.accessTestSuiteMainPhase(TestSuiteExecutor.java:151)
	at com.kms.katalon.core.main.TestSuiteExecutor.execute(TestSuiteExecutor.java:106)
	at com.kms.katalon.core.main.TestCaseMain.startTestSuite(TestCaseMain.java:185)
	at com.kms.katalon.core.main.TestCaseMain$startTestSuite$0.call(Unknown Source)
	at TempTestSuite1692183177032.run(TempTestSuite1692183177032.groovy:36)
Caused by: com.kms.katalon.core.exception.StepFailedException: Unable to verify text 'csVWcpca' is present 
	at com.kms.katalon.core.webui.keyword.internal.WebUIKeywordMain.stepFailed(WebUIKeywordMain.groovy:64)
	at com.kms.katalon.core.webui.keyword.internal.WebUIKeywordMain.runKeyword(WebUIKeywordMain.groovy:26)
	at com.kms.katalon.core.webui.keyword.builtin.VerifyTextPresentKeyword.verifyTextPresent(VerifyTextPresentKeyword.groovy:83)
	at com.kms.katalon.core.webui.keyword.builtin.VerifyTextPresentKeyword.execute(VerifyTextPresentKeyword.groovy:68)
	at com.kms.katalon.core.keyword.internal.KeywordExecutor.executeKeywordForPlatform(KeywordExecutor.groovy:74)
	at com.kms.katalon.core.webui.keyword.WebUiBuiltInKeywords.verifyTextPresent(WebUiBuiltInKeywords.groovy:1723)
	at com.kms.katalon.core.webui.keyword.WebUiBuiltInKeywords$verifyTextPresent$13.call(Unknown Source)
	at create_new_CARD_OPC.run(create_new_CARD_OPC:52)
	at com.kms.katalon.core.main.ScriptEngine.run(ScriptEngine.java:194)
	at com.kms.katalon.core.main.ScriptEngine.runScriptAsRawText(ScriptEngine.java:119)
	at com.kms.katalon.core.main.TestCaseExecutor.runScript(TestCaseExecutor.java:448)
	at com.kms.katalon.core.main.TestCaseExecutor.doExecute(TestCaseExecutor.java:439)
	at com.kms.katalon.core.main.TestCaseExecutor.processExecutionPhase(TestCaseExecutor.java:418)
	at com.kms.katalon.core.main.TestCaseExecutor.accessMainPhase(TestCaseExecutor.java:410)
	at com.kms.katalon.core.main.TestCaseExecutor.execute(TestCaseExecutor.java:285)
	at com.kms.katalon.core.main.TestCaseMain.runTestCase(TestCaseMain.java:142)
	at com.kms.katalon.core.keyword.builtin.CallTestCaseKeyword$_callTestCase_closure1.doCall(CallTestCaseKeyword.groovy:59)
	... 20 more
Caused by: com.kms.katalon.core.exception.StepFailedException: Text 'csVWcpca' is not present on page 
	at com.kms.katalon.core.webui.keyword.internal.WebUIKeywordMain.stepFailed(WebUIKeywordMain.groovy:64)
	at com.kms.katalon.core.webui.keyword.builtin.VerifyTextPresentKeyword$_verifyTextPresent_closure1.doCall(VerifyTextPresentKeyword.groovy:79)
	at com.kms.katalon.core.webui.keyword.builtin.VerifyTextPresentKeyword$_verifyTextPresent_closure1.call(VerifyTextPresentKeyword.groovy)
	at com.kms.katalon.core.webui.keyword.internal.WebUIKeywordMain.runKeyword(WebUIKeywordMain.groovy:20)
	... 35 more
)

2023-08-16 16:40:22 - [TEST_CASE][FAILED] - Test Cases/CommonMethods/create_new_CARD_OPC: Test Cases/CommonMethods/create_new_CARD_OPC FAILED.
Reason:
com.kms.katalon.core.exception.StepFailedException: Unable to verify text 'csVWcpca' is present 
	at com.kms.katalon.core.webui.keyword.internal.WebUIKeywordMain.stepFailed(WebUIKeywordMain.groovy:64)
	at com.kms.katalon.core.webui.keyword.internal.WebUIKeywordMain.runKeyword(WebUIKeywordMain.groovy:26)
	at com.kms.katalon.core.webui.keyword.builtin.VerifyTextPresentKeyword.verifyTextPresent(VerifyTextPresentKeyword.groovy:83)
	at com.kms.katalon.core.webui.keyword.builtin.VerifyTextPresentKeyword.execute(VerifyTextPresentKeyword.groovy:68)
	at com.kms.katalon.core.keyword.internal.KeywordExecutor.executeKeywordForPlatform(KeywordExecutor.groovy:74)
	at com.kms.katalon.core.webui.keyword.WebUiBuiltInKeywords.verifyTextPresent(WebUiBuiltInKeywords.groovy:1723)
	at com.kms.katalon.core.webui.keyword.WebUiBuiltInKeywords$verifyTextPresent$13.call(Unknown Source)
	at create_new_CARD_OPC.run(create_new_CARD_OPC:52)
	at com.kms.katalon.core.main.ScriptEngine.run(ScriptEngine.java:194)
	at com.kms.katalon.core.main.ScriptEngine.runScriptAsRawText(ScriptEngine.java:119)
	at com.kms.katalon.core.main.TestCaseExecutor.runScript(TestCaseExecutor.java:448)
	at com.kms.katalon.core.main.TestCaseExecutor.doExecute(TestCaseExecutor.java:439)
	at com.kms.katalon.core.main.TestCaseExecutor.processExecutionPhase(TestCaseExecutor.java:418)
	at com.kms.katalon.core.main.TestCaseExecutor.accessMainPhase(TestCaseExecutor.java:410)
	at com.kms.katalon.core.main.TestCaseExecutor.execute(TestCaseExecutor.java:285)
	at com.kms.katalon.core.main.TestCaseMain.runTestCase(TestCaseMain.java:142)
	at com.kms.katalon.core.keyword.builtin.CallTestCaseKeyword$_callTestCase_closure1.doCall(CallTestCaseKeyword.groovy:59)
	at com.kms.katalon.core.keyword.builtin.CallTestCaseKeyword$_callTestCase_closure1.call(CallTestCaseKeyword.groovy)
	at com.kms.katalon.core.keyword.internal.KeywordMain.runKeyword(KeywordMain.groovy:74)
	at com.kms.katalon.core.keyword.builtin.CallTestCaseKeyword.callTestCase(CallTestCaseKeyword.groovy:81)
	at com.kms.katalon.core.keyword.builtin.CallTestCaseKeyword.execute(CallTestCaseKeyword.groovy:44)
	at com.kms.katalon.core.keyword.internal.KeywordExecutor.executeKeywordForPlatform(KeywordExecutor.groovy:74)
	at com.kms.katalon.core.keyword.BuiltinKeywords.callTestCase(BuiltinKeywords.groovy:334)
	at TS_SMOKE_SUITE_077.run(TS_SMOKE_SUITE_077:46)
	at com.kms.katalon.core.main.ScriptEngine.run(ScriptEngine.java:194)
	at com.kms.katalon.core.main.ScriptEngine.runScriptAsRawText(ScriptEngine.java:119)
	at com.kms.katalon.core.main.TestCaseExecutor.runScript(TestCaseExecutor.java:448)
	at com.kms.katalon.core.main.TestCaseExecutor.doExecute(TestCaseExecutor.java:439)
	at com.kms.katalon.core.main.TestCaseExecutor.processExecutionPhase(TestCaseExecutor.java:418)
	at com.kms.katalon.core.main.TestCaseExecutor.accessMainPhase(TestCaseExecutor.java:410)
	at com.kms.katalon.core.main.TestCaseExecutor.execute(TestCaseExecutor.java:285)
	at com.kms.katalon.core.common.CommonExecutor.accessTestCaseMainPhase(CommonExecutor.java:65)
	at com.kms.katalon.core.main.TestSuiteExecutor.accessTestSuiteMainPhase(TestSuiteExecutor.java:151)
	at com.kms.katalon.core.main.TestSuiteExecutor.execute(TestSuiteExecutor.java:106)
	at com.kms.katalon.core.main.TestCaseMain.startTestSuite(TestCaseMain.java:185)
	at com.kms.katalon.core.main.TestCaseMain$startTestSuite$0.call(Unknown Source)
	at TempTestSuite1692183177032.run(TempTestSuite1692183177032.groovy:36)
Caused by: com.kms.katalon.core.exception.StepFailedException: Text 'csVWcpca' is not present on page 
	at com.kms.katalon.core.webui.keyword.internal.WebUIKeywordMain.stepFailed(WebUIKeywordMain.groovy:64)
	at com.kms.katalon.core.webui.keyword.builtin.VerifyTextPresentKeyword$_verifyTextPresent_closure1.doCall(VerifyTextPresentKeyword.groovy:79)
	at com.kms.katalon.core.webui.keyword.builtin.VerifyTextPresentKeyword$_verifyTextPresent_closure1.call(VerifyTextPresentKeyword.groovy)
	at com.kms.katalon.core.webui.keyword.internal.WebUIKeywordMain.runKeyword(WebUIKeywordMain.groovy:20)
	... 35 more


2023-08-16 16:40:22 - [TEST_STEP][PASSED] - click(findTestObject("OPCPage/paymentMethod_change_OPC"), OPTIONAL): Object: 'Object Repository/OPCPage/paymentMethod_change_OPC' is clicked on

2023-08-16 16:40:34 - [MESSAGE][PASSED] - Object: 'Object Repository/OPCPage/paymentMethod_change_OPC' is clicked on

2023-08-16 16:40:34 - [TEST_STEP][PASSED] - click(findTestObject("OPCPage/Payment_Method_Card_OPC"), OPTIONAL): Object: 'Object Repository/OPCPage/Payment_Method_Card_OPC' is clicked on

2023-08-16 16:40:36 - [MESSAGE][PASSED] - Object: 'Object Repository/OPCPage/Payment_Method_Card_OPC' is clicked on

2023-08-16 16:40:36 - [TEST_STEP][PASSED] - click(findTestObject("OPCPage/addnewcard_Popup_OPC"), OPTIONAL): Object: 'Object Repository/OPCPage/addnewcard_Popup_OPC' is clicked on

2023-08-16 16:40:36 - [MESSAGE][PASSED] - Object: 'Object Repository/OPCPage/addnewcard_Popup_OPC' is clicked on

2023-08-16 16:40:36 - [TEST_STEP][PASSED] - cardnumber = "4111111" + RandomStringUtils.randomNumeric(9): null

2023-08-16 16:40:36 - [TEST_STEP][PASSED] - cardname = RandomStringUtils.randomAlphabetic(8): null

2023-08-16 16:40:36 - [TEST_STEP][PASSED] - setText(findTestObject("OPCPage/newCardNumber_OPC"), cardnumber): Text '4111111236707432' is set on object 'Object Repository/OPCPage/newCardNumber_OPC'

2023-08-16 16:40:40 - [MESSAGE][PASSED] - Text '4111111236707432' is set on object 'Object Repository/OPCPage/newCardNumber_OPC'

2023-08-16 16:40:40 - [TEST_STEP][PASSED] - setText(findTestObject("OPCPage/EnterCardAlias_OPC"), cardname): Text 'csVWcpca' is set on object 'Object Repository/OPCPage/EnterCardAlias_OPC'

2023-08-16 16:40:41 - [MESSAGE][PASSED] - Text 'csVWcpca' is set on object 'Object Repository/OPCPage/EnterCardAlias_OPC'

2023-08-16 16:40:41 - [TEST_STEP][PASSED] - setText(findTestObject("OPCPage/enterCardName_OPC"), "vedant"): Text 'vedant' is set on object 'Object Repository/OPCPage/enterCardName_OPC'

2023-08-16 16:40:42 - [MESSAGE][PASSED] - Text 'vedant' is set on object 'Object Repository/OPCPage/enterCardName_OPC'

2023-08-16 16:40:42 - [TEST_STEP][PASSED] - setText(findTestObject("OPCPage/newCard_expireDATE_POPup_Addcard_OPC"), "12/24"): Text '12/24' is set on object 'Object Repository/OPCPage/newCard_expireDATE_POPup_Addcard_OPC'

2023-08-16 16:40:43 - [MESSAGE][PASSED] - Text '12/24' is set on object 'Object Repository/OPCPage/newCard_expireDATE_POPup_Addcard_OPC'

2023-08-16 16:40:43 - [TEST_STEP][PASSED] - setText(findTestObject("OPCPage/enterCardCVV_OPC"), "123"): Text '123' is set on object 'Object Repository/OPCPage/enterCardCVV_OPC'

2023-08-16 16:40:44 - [MESSAGE][PASSED] - Text '123' is set on object 'Object Repository/OPCPage/enterCardCVV_OPC'

2023-08-16 16:40:44 - [TEST_STEP][PASSED] - click(findTestObject("OPCPage/AddCard_continue_POPup_OPC")): Object: 'Object Repository/OPCPage/AddCard_continue_POPup_OPC' is clicked on

2023-08-16 16:40:44 - [MESSAGE][PASSED] - Object: 'Object Repository/OPCPage/AddCard_continue_POPup_OPC' is clicked on

2023-08-16 16:40:44 - [TEST_STEP][PASSED] - delay(4): Delayed 4 second(s)

2023-08-16 16:40:48 - [MESSAGE][PASSED] - Delayed 4 second(s)

2023-08-16 16:40:48 - [TEST_STEP][PASSED] - callTestCase(findTestCase("CommonMethods/close any pop up"), [:], OPTIONAL): Unable to call Test Case 'Test Cases/CommonMethods/close any pop up' (Root cause: com.kms.katalon.core.exception.StepFailedException: Call Test Case 'Test Cases/CommonMethods/close any pop up' failed
	at com.kms.katalon.core.keyword.builtin.CallTestCaseKeyword$_callTestCase_closure1.doCall(CallTestCaseKeyword.groovy:63)
	at com.kms.katalon.core.keyword.builtin.CallTestCaseKeyword$_callTestCase_closure1.call(CallTestCaseKeyword.groovy)
	at com.kms.katalon.core.keyword.internal.KeywordMain.runKeyword(KeywordMain.groovy:74)
	at com.kms.katalon.core.keyword.builtin.CallTestCaseKeyword.callTestCase(CallTestCaseKeyword.groovy:81)
	at com.kms.katalon.core.keyword.builtin.CallTestCaseKeyword.execute(CallTestCaseKeyword.groovy:44)
	at com.kms.katalon.core.keyword.internal.KeywordExecutor.executeKeywordForPlatform(KeywordExecutor.groovy:74)
	at com.kms.katalon.core.keyword.BuiltinKeywords.callTestCase(BuiltinKeywords.groovy:334)
	at create_new_CARD_OPC.run(create_new_CARD_OPC:46)
	at com.kms.katalon.core.main.ScriptEngine.run(ScriptEngine.java:194)
	at com.kms.katalon.core.main.ScriptEngine.runScriptAsRawText(ScriptEngine.java:119)
	at com.kms.katalon.core.main.TestCaseExecutor.runScript(TestCaseExecutor.java:448)
	at com.kms.katalon.core.main.TestCaseExecutor.doExecute(TestCaseExecutor.java:439)
	at com.kms.katalon.core.main.TestCaseExecutor.processExecutionPhase(TestCaseExecutor.java:418)
	at com.kms.katalon.core.main.TestCaseExecutor.accessMainPhase(TestCaseExecutor.java:410)
	at com.kms.katalon.core.main.TestCaseExecutor.execute(TestCaseExecutor.java:285)
	at com.kms.katalon.core.main.TestCaseMain.runTestCase(TestCaseMain.java:142)
	at com.kms.katalon.core.keyword.builtin.CallTestCaseKeyword$_callTestCase_closure1.doCall(CallTestCaseKeyword.groovy:59)
	at com.kms.katalon.core.keyword.builtin.CallTestCaseKeyword$_callTestCase_closure1.call(CallTestCaseKeyword.groovy)
	at com.kms.katalon.core.keyword.internal.KeywordMain.runKeyword(KeywordMain.groovy:74)
	at com.kms.katalon.core.keyword.builtin.CallTestCaseKeyword.callTestCase(CallTestCaseKeyword.groovy:81)
	at com.kms.katalon.core.keyword.builtin.CallTestCaseKeyword.execute(CallTestCaseKeyword.groovy:44)
	at com.kms.katalon.core.keyword.internal.KeywordExecutor.executeKeywordForPlatform(KeywordExecutor.groovy:74)
	at com.kms.katalon.core.keyword.BuiltinKeywords.callTestCase(BuiltinKeywords.groovy:334)
	at TS_SMOKE_SUITE_077.run(TS_SMOKE_SUITE_077:46)
	at com.kms.katalon.core.main.ScriptEngine.run(ScriptEngine.java:194)
	at com.kms.katalon.core.main.ScriptEngine.runScriptAsRawText(ScriptEngine.java:119)
	at com.kms.katalon.core.main.TestCaseExecutor.runScript(TestCaseExecutor.java:448)
	at com.kms.katalon.core.main.TestCaseExecutor.doExecute(TestCaseExecutor.java:439)
	at com.kms.katalon.core.main.TestCaseExecutor.processExecutionPhase(TestCaseExecutor.java:418)
	at com.kms.katalon.core.main.TestCaseExecutor.accessMainPhase(TestCaseExecutor.java:410)
	at com.kms.katalon.core.main.TestCaseExecutor.execute(TestCaseExecutor.java:285)
	at com.kms.katalon.core.common.CommonExecutor.accessTestCaseMainPhase(CommonExecutor.java:65)
	at com.kms.katalon.core.main.TestSuiteExecutor.accessTestSuiteMainPhase(TestSuiteExecutor.java:151)
	at com.kms.katalon.core.main.TestSuiteExecutor.execute(TestSuiteExecutor.java:106)
	at com.kms.katalon.core.main.TestCaseMain.startTestSuite(TestCaseMain.java:185)
	at com.kms.katalon.core.main.TestCaseMain$startTestSuite$0.call(Unknown Source)
	at TempTestSuite1692183177032.run(TempTestSuite1692183177032.groovy:36)
Caused by: com.kms.katalon.core.exception.StepFailedException: Unable to click on object 'Object Repository/OPCPage/close_popup_OPC'
	at com.kms.katalon.core.webui.keyword.internal.WebUIKeywordMain.stepFailed(WebUIKeywordMain.groovy:64)
	at com.kms.katalon.core.webui.keyword.internal.WebUIKeywordMain.runKeyword(WebUIKeywordMain.groovy:26)
	at com.kms.katalon.core.webui.keyword.builtin.ClickKeyword.click(ClickKeyword.groovy:74)
	at com.kms.katalon.core.webui.keyword.builtin.ClickKeyword.execute(ClickKeyword.groovy:40)
	at com.kms.katalon.core.keyword.internal.KeywordExecutor.executeKeywordForPlatform(KeywordExecutor.groovy:74)
	at com.kms.katalon.core.webui.keyword.WebUiBuiltInKeywords.click(WebUiBuiltInKeywords.groovy:620)
	at com.kms.katalon.core.webui.keyword.WebUiBuiltInKeywords$click$2.call(Unknown Source)
	at close any pop up.run(close any pop up:22)
	at com.kms.katalon.core.main.ScriptEngine.run(ScriptEngine.java:194)
	at com.kms.katalon.core.main.ScriptEngine.runScriptAsRawText(ScriptEngine.java:119)
	at com.kms.katalon.core.main.TestCaseExecutor.runScript(TestCaseExecutor.java:448)
	at com.kms.katalon.core.main.TestCaseExecutor.doExecute(TestCaseExecutor.java:439)
	at com.kms.katalon.core.main.TestCaseExecutor.processExecutionPhase(TestCaseExecutor.java:418)
	at com.kms.katalon.core.main.TestCaseExecutor.accessMainPhase(TestCaseExecutor.java:410)
	at com.kms.katalon.core.main.TestCaseExecutor.execute(TestCaseExecutor.java:285)
	at com.kms.katalon.core.main.TestCaseMain.runTestCase(TestCaseMain.java:142)
	at com.kms.katalon.core.keyword.builtin.CallTestCaseKeyword$_callTestCase_closure1.doCall(CallTestCaseKeyword.groovy:59)
	... 36 more
Caused by: org.openqa.selenium.ElementNotInteractableException: element not interactable
  (Session info: chrome=115.0.5790.171)
Build info: version: '3.141.59', revision: 'e82be7d358', time: '2018-11-14T08:25:53'
System info: host: 'DESKTOP-L51QJLB', ip: '172.22.45.204', os.name: 'Windows 10', os.arch: 'amd64', os.version: '10.0', java.version: '1.8.0_282'
Driver info: com.kms.katalon.selenium.driver.CChromeDriver
Capabilities {acceptInsecureCerts: false, browserName: chrome, browserVersion: 115.0.5790.171, chrome: {chromedriverVersion: 114.0.5735.90 (386bc09e8f4f..., userDataDir: C:\Users\DELL\AppData\Local...}, goog:chromeOptions: {debuggerAddress: localhost:53368}, javascriptEnabled: true, networkConnectionEnabled: false, pageLoadStrategy: normal, platform: WINDOWS, platformName: WINDOWS, proxy: Proxy(), setWindowRect: true, strictFileInteractability: false, timeouts: {implicit: 0, pageLoad: 300000, script: 30000}, unhandledPromptBehavior: dismiss and notify, webauthn:extension:credBlob: true, webauthn:extension:largeBlob: true, webauthn:extension:minPinLength: true, webauthn:extension:prf: true, webauthn:virtualAuthenticators: true}
Session ID: 3c1f71a428642898e72d97630cfd8bac
	at org.openqa.selenium.remote.http.W3CHttpResponseCodec.createException(W3CHttpResponseCodec.java:187)
	at org.openqa.selenium.remote.http.W3CHttpResponseCodec.decode(W3CHttpResponseCodec.java:122)
	at org.openqa.selenium.remote.http.W3CHttpResponseCodec.decode(W3CHttpResponseCodec.java:49)
	at org.openqa.selenium.remote.HttpCommandExecutor.execute(HttpCommandExecutor.java:158)
	at org.openqa.selenium.remote.service.DriverCommandExecutor.execute(DriverCommandExecutor.java:83)
	at org.openqa.selenium.remote.RemoteWebDriver.execute(RemoteWebDriver.java:552)
	at com.kms.katalon.selenium.driver.CChromeDriver.execute(CChromeDriver.java:19)
	at org.openqa.selenium.remote.RemoteWebElement.execute(RemoteWebElement.java:285)
	at org.openqa.selenium.remote.RemoteWebElement.click(RemoteWebElement.java:84)
	at org.openqa.selenium.support.events.EventFiringWebDriver$EventFiringWebElement.lambda$new$0(EventFiringWebDriver.java:404)
	at com.sun.proxy.$Proxy11.click(Unknown Source)
	at org.openqa.selenium.support.events.EventFiringWebDriver$EventFiringWebElement.click(EventFiringWebDriver.java:417)
	at org.openqa.selenium.WebElement$click.call(Unknown Source)
	at com.kms.katalon.core.webui.keyword.builtin.ClickKeyword.clickUntilSuccessWithTimeout(ClickKeyword.groovy:81)
	at com.kms.katalon.core.webui.keyword.builtin.ClickKeyword.clickUntilSuccessWithTimeout(ClickKeyword.groovy)
	at com.kms.katalon.core.webui.keyword.builtin.ClickKeyword$_click_closure1.doCall(ClickKeyword.groovy:67)
	at com.kms.katalon.core.webui.keyword.builtin.ClickKeyword$_click_closure1.call(ClickKeyword.groovy)
	at com.kms.katalon.core.webui.keyword.internal.WebUIKeywordMain.runKeyword(WebUIKeywordMain.groovy:20)
	... 51 more
)

2023-08-16 16:40:48 - [TEST_CASE][FAILED] - Test Cases/CommonMethods/close any pop up: Test Cases/CommonMethods/close any pop up FAILED.
Reason:
com.kms.katalon.core.exception.StepFailedException: Unable to click on object 'Object Repository/OPCPage/close_popup_OPC'
	at com.kms.katalon.core.webui.keyword.internal.WebUIKeywordMain.stepFailed(WebUIKeywordMain.groovy:64)
	at com.kms.katalon.core.webui.keyword.internal.WebUIKeywordMain.runKeyword(WebUIKeywordMain.groovy:26)
	at com.kms.katalon.core.webui.keyword.builtin.ClickKeyword.click(ClickKeyword.groovy:74)
	at com.kms.katalon.core.webui.keyword.builtin.ClickKeyword.execute(ClickKeyword.groovy:40)
	at com.kms.katalon.core.keyword.internal.KeywordExecutor.executeKeywordForPlatform(KeywordExecutor.groovy:74)
	at com.kms.katalon.core.webui.keyword.WebUiBuiltInKeywords.click(WebUiBuiltInKeywords.groovy:620)
	at com.kms.katalon.core.webui.keyword.WebUiBuiltInKeywords$click$2.call(Unknown Source)
	at close any pop up.run(close any pop up:22)
	at com.kms.katalon.core.main.ScriptEngine.run(ScriptEngine.java:194)
	at com.kms.katalon.core.main.ScriptEngine.runScriptAsRawText(ScriptEngine.java:119)
	at com.kms.katalon.core.main.TestCaseExecutor.runScript(TestCaseExecutor.java:448)
	at com.kms.katalon.core.main.TestCaseExecutor.doExecute(TestCaseExecutor.java:439)
	at com.kms.katalon.core.main.TestCaseExecutor.processExecutionPhase(TestCaseExecutor.java:418)
	at com.kms.katalon.core.main.TestCaseExecutor.accessMainPhase(TestCaseExecutor.java:410)
	at com.kms.katalon.core.main.TestCaseExecutor.execute(TestCaseExecutor.java:285)
	at com.kms.katalon.core.main.TestCaseMain.runTestCase(TestCaseMain.java:142)
	at com.kms.katalon.core.keyword.builtin.CallTestCaseKeyword$_callTestCase_closure1.doCall(CallTestCaseKeyword.groovy:59)
	at com.kms.katalon.core.keyword.builtin.CallTestCaseKeyword$_callTestCase_closure1.call(CallTestCaseKeyword.groovy)
	at com.kms.katalon.core.keyword.internal.KeywordMain.runKeyword(KeywordMain.groovy:74)
	at com.kms.katalon.core.keyword.builtin.CallTestCaseKeyword.callTestCase(CallTestCaseKeyword.groovy:81)
	at com.kms.katalon.core.keyword.builtin.CallTestCaseKeyword.execute(CallTestCaseKeyword.groovy:44)
	at com.kms.katalon.core.keyword.internal.KeywordExecutor.executeKeywordForPlatform(KeywordExecutor.groovy:74)
	at com.kms.katalon.core.keyword.BuiltinKeywords.callTestCase(BuiltinKeywords.groovy:334)
	at create_new_CARD_OPC.run(create_new_CARD_OPC:46)
	at com.kms.katalon.core.main.ScriptEngine.run(ScriptEngine.java:194)
	at com.kms.katalon.core.main.ScriptEngine.runScriptAsRawText(ScriptEngine.java:119)
	at com.kms.katalon.core.main.TestCaseExecutor.runScript(TestCaseExecutor.java:448)
	at com.kms.katalon.core.main.TestCaseExecutor.doExecute(TestCaseExecutor.java:439)
	at com.kms.katalon.core.main.TestCaseExecutor.processExecutionPhase(TestCaseExecutor.java:418)
	at com.kms.katalon.core.main.TestCaseExecutor.accessMainPhase(TestCaseExecutor.java:410)
	at com.kms.katalon.core.main.TestCaseExecutor.execute(TestCaseExecutor.java:285)
	at com.kms.katalon.core.main.TestCaseMain.runTestCase(TestCaseMain.java:142)
	at com.kms.katalon.core.keyword.builtin.CallTestCaseKeyword$_callTestCase_closure1.doCall(CallTestCaseKeyword.groovy:59)
	at com.kms.katalon.core.keyword.builtin.CallTestCaseKeyword$_callTestCase_closure1.call(CallTestCaseKeyword.groovy)
	at com.kms.katalon.core.keyword.internal.KeywordMain.runKeyword(KeywordMain.groovy:74)
	at com.kms.katalon.core.keyword.builtin.CallTestCaseKeyword.callTestCase(CallTestCaseKeyword.groovy:81)
	at com.kms.katalon.core.keyword.builtin.CallTestCaseKeyword.execute(CallTestCaseKeyword.groovy:44)
	at com.kms.katalon.core.keyword.internal.KeywordExecutor.executeKeywordForPlatform(KeywordExecutor.groovy:74)
	at com.kms.katalon.core.keyword.BuiltinKeywords.callTestCase(BuiltinKeywords.groovy:334)
	at TS_SMOKE_SUITE_077.run(TS_SMOKE_SUITE_077:46)
	at com.kms.katalon.core.main.ScriptEngine.run(ScriptEngine.java:194)
	at com.kms.katalon.core.main.ScriptEngine.runScriptAsRawText(ScriptEngine.java:119)
	at com.kms.katalon.core.main.TestCaseExecutor.runScript(TestCaseExecutor.java:448)
	at com.kms.katalon.core.main.TestCaseExecutor.doExecute(TestCaseExecutor.java:439)
	at com.kms.katalon.core.main.TestCaseExecutor.processExecutionPhase(TestCaseExecutor.java:418)
	at com.kms.katalon.core.main.TestCaseExecutor.accessMainPhase(TestCaseExecutor.java:410)
	at com.kms.katalon.core.main.TestCaseExecutor.execute(TestCaseExecutor.java:285)
	at com.kms.katalon.core.common.CommonExecutor.accessTestCaseMainPhase(CommonExecutor.java:65)
	at com.kms.katalon.core.main.TestSuiteExecutor.accessTestSuiteMainPhase(TestSuiteExecutor.java:151)
	at com.kms.katalon.core.main.TestSuiteExecutor.execute(TestSuiteExecutor.java:106)
	at com.kms.katalon.core.main.TestCaseMain.startTestSuite(TestCaseMain.java:185)
	at com.kms.katalon.core.main.TestCaseMain$startTestSuite$0.call(Unknown Source)
	at TempTestSuite1692183177032.run(TempTestSuite1692183177032.groovy:36)
Caused by: org.openqa.selenium.ElementNotInteractableException: element not interactable
  (Session info: chrome=115.0.5790.171)
Build info: version: '3.141.59', revision: 'e82be7d358', time: '2018-11-14T08:25:53'
System info: host: 'DESKTOP-L51QJLB', ip: '172.22.45.204', os.name: 'Windows 10', os.arch: 'amd64', os.version: '10.0', java.version: '1.8.0_282'
Driver info: com.kms.katalon.selenium.driver.CChromeDriver
Capabilities {acceptInsecureCerts: false, browserName: chrome, browserVersion: 115.0.5790.171, chrome: {chromedriverVersion: 114.0.5735.90 (386bc09e8f4f..., userDataDir: C:\Users\DELL\AppData\Local...}, goog:chromeOptions: {debuggerAddress: localhost:53368}, javascriptEnabled: true, networkConnectionEnabled: false, pageLoadStrategy: normal, platform: WINDOWS, platformName: WINDOWS, proxy: Proxy(), setWindowRect: true, strictFileInteractability: false, timeouts: {implicit: 0, pageLoad: 300000, script: 30000}, unhandledPromptBehavior: dismiss and notify, webauthn:extension:credBlob: true, webauthn:extension:largeBlob: true, webauthn:extension:minPinLength: true, webauthn:extension:prf: true, webauthn:virtualAuthenticators: true}
Session ID: 3c1f71a428642898e72d97630cfd8bac
	at org.openqa.selenium.remote.http.W3CHttpResponseCodec.createException(W3CHttpResponseCodec.java:187)
	at org.openqa.selenium.remote.http.W3CHttpResponseCodec.decode(W3CHttpResponseCodec.java:122)
	at org.openqa.selenium.remote.http.W3CHttpResponseCodec.decode(W3CHttpResponseCodec.java:49)
	at org.openqa.selenium.remote.HttpCommandExecutor.execute(HttpCommandExecutor.java:158)
	at org.openqa.selenium.remote.service.DriverCommandExecutor.execute(DriverCommandExecutor.java:83)
	at org.openqa.selenium.remote.RemoteWebDriver.execute(RemoteWebDriver.java:552)
	at com.kms.katalon.selenium.driver.CChromeDriver.execute(CChromeDriver.java:19)
	at org.openqa.selenium.remote.RemoteWebElement.execute(RemoteWebElement.java:285)
	at org.openqa.selenium.remote.RemoteWebElement.click(RemoteWebElement.java:84)
	at org.openqa.selenium.support.events.EventFiringWebDriver$EventFiringWebElement.lambda$new$0(EventFiringWebDriver.java:404)
	at com.sun.proxy.$Proxy11.click(Unknown Source)
	at org.openqa.selenium.support.events.EventFiringWebDriver$EventFiringWebElement.click(EventFiringWebDriver.java:417)
	at org.openqa.selenium.WebElement$click.call(Unknown Source)
	at com.kms.katalon.core.webui.keyword.builtin.ClickKeyword.clickUntilSuccessWithTimeout(ClickKeyword.groovy:81)
	at com.kms.katalon.core.webui.keyword.builtin.ClickKeyword.clickUntilSuccessWithTimeout(ClickKeyword.groovy)
	at com.kms.katalon.core.webui.keyword.builtin.ClickKeyword$_click_closure1.doCall(ClickKeyword.groovy:67)
	at com.kms.katalon.core.webui.keyword.builtin.ClickKeyword$_click_closure1.call(ClickKeyword.groovy)
	at com.kms.katalon.core.webui.keyword.internal.WebUIKeywordMain.runKeyword(WebUIKeywordMain.groovy:20)
	... 51 more


2023-08-16 16:40:49 - [TEST_STEP][PASSED] - click(findTestObject("OPCPage/close_popup_OPC")): Object: 'Object Repository/OPCPage/close_popup_OPC' is clicked on

2023-08-16 16:40:49 - [MESSAGE][PASSED] - Object: 'Object Repository/OPCPage/close_popup_OPC' is clicked on

2023-08-16 16:40:49 - [TEST_STEP][FAILED] - click(findTestObject("OPCPage/close_popup_OPC")): Unable to click on object 'Object Repository/OPCPage/close_popup_OPC' (Root cause: com.kms.katalon.core.exception.StepFailedException: Unable to click on object 'Object Repository/OPCPage/close_popup_OPC'
	at com.kms.katalon.core.webui.keyword.internal.WebUIKeywordMain.stepFailed(WebUIKeywordMain.groovy:64)
	at com.kms.katalon.core.webui.keyword.internal.WebUIKeywordMain.runKeyword(WebUIKeywordMain.groovy:26)
	at com.kms.katalon.core.webui.keyword.builtin.ClickKeyword.click(ClickKeyword.groovy:74)
	at com.kms.katalon.core.webui.keyword.builtin.ClickKeyword.execute(ClickKeyword.groovy:40)
	at com.kms.katalon.core.keyword.internal.KeywordExecutor.executeKeywordForPlatform(KeywordExecutor.groovy:74)
	at com.kms.katalon.core.webui.keyword.WebUiBuiltInKeywords.click(WebUiBuiltInKeywords.groovy:620)
	at com.kms.katalon.core.webui.keyword.WebUiBuiltInKeywords$click$2.call(Unknown Source)
	at close any pop up.run(close any pop up:22)
	at com.kms.katalon.core.main.ScriptEngine.run(ScriptEngine.java:194)
	at com.kms.katalon.core.main.ScriptEngine.runScriptAsRawText(ScriptEngine.java:119)
	at com.kms.katalon.core.main.TestCaseExecutor.runScript(TestCaseExecutor.java:448)
	at com.kms.katalon.core.main.TestCaseExecutor.doExecute(TestCaseExecutor.java:439)
	at com.kms.katalon.core.main.TestCaseExecutor.processExecutionPhase(TestCaseExecutor.java:418)
	at com.kms.katalon.core.main.TestCaseExecutor.accessMainPhase(TestCaseExecutor.java:410)
	at com.kms.katalon.core.main.TestCaseExecutor.execute(TestCaseExecutor.java:285)
	at com.kms.katalon.core.main.TestCaseMain.runTestCase(TestCaseMain.java:142)
	at com.kms.katalon.core.keyword.builtin.CallTestCaseKeyword$_callTestCase_closure1.doCall(CallTestCaseKeyword.groovy:59)
	at com.kms.katalon.core.keyword.builtin.CallTestCaseKeyword$_callTestCase_closure1.call(CallTestCaseKeyword.groovy)
	at com.kms.katalon.core.keyword.internal.KeywordMain.runKeyword(KeywordMain.groovy:74)
	at com.kms.katalon.core.keyword.builtin.CallTestCaseKeyword.callTestCase(CallTestCaseKeyword.groovy:81)
	at com.kms.katalon.core.keyword.builtin.CallTestCaseKeyword.execute(CallTestCaseKeyword.groovy:44)
	at com.kms.katalon.core.keyword.internal.KeywordExecutor.executeKeywordForPlatform(KeywordExecutor.groovy:74)
	at com.kms.katalon.core.keyword.BuiltinKeywords.callTestCase(BuiltinKeywords.groovy:334)
	at create_new_CARD_OPC.run(create_new_CARD_OPC:46)
	at com.kms.katalon.core.main.ScriptEngine.run(ScriptEngine.java:194)
	at com.kms.katalon.core.main.ScriptEngine.runScriptAsRawText(ScriptEngine.java:119)
	at com.kms.katalon.core.main.TestCaseExecutor.runScript(TestCaseExecutor.java:448)
	at com.kms.katalon.core.main.TestCaseExecutor.doExecute(TestCaseExecutor.java:439)
	at com.kms.katalon.core.main.TestCaseExecutor.processExecutionPhase(TestCaseExecutor.java:418)
	at com.kms.katalon.core.main.TestCaseExecutor.accessMainPhase(TestCaseExecutor.java:410)
	at com.kms.katalon.core.main.TestCaseExecutor.execute(TestCaseExecutor.java:285)
	at com.kms.katalon.core.main.TestCaseMain.runTestCase(TestCaseMain.java:142)
	at com.kms.katalon.core.keyword.builtin.CallTestCaseKeyword$_callTestCase_closure1.doCall(CallTestCaseKeyword.groovy:59)
	at com.kms.katalon.core.keyword.builtin.CallTestCaseKeyword$_callTestCase_closure1.call(CallTestCaseKeyword.groovy)
	at com.kms.katalon.core.keyword.internal.KeywordMain.runKeyword(KeywordMain.groovy:74)
	at com.kms.katalon.core.keyword.builtin.CallTestCaseKeyword.callTestCase(CallTestCaseKeyword.groovy:81)
	at com.kms.katalon.core.keyword.builtin.CallTestCaseKeyword.execute(CallTestCaseKeyword.groovy:44)
	at com.kms.katalon.core.keyword.internal.KeywordExecutor.executeKeywordForPlatform(KeywordExecutor.groovy:74)
	at com.kms.katalon.core.keyword.BuiltinKeywords.callTestCase(BuiltinKeywords.groovy:334)
	at TS_SMOKE_SUITE_077.run(TS_SMOKE_SUITE_077:46)
	at com.kms.katalon.core.main.ScriptEngine.run(ScriptEngine.java:194)
	at com.kms.katalon.core.main.ScriptEngine.runScriptAsRawText(ScriptEngine.java:119)
	at com.kms.katalon.core.main.TestCaseExecutor.runScript(TestCaseExecutor.java:448)
	at com.kms.katalon.core.main.TestCaseExecutor.doExecute(TestCaseExecutor.java:439)
	at com.kms.katalon.core.main.TestCaseExecutor.processExecutionPhase(TestCaseExecutor.java:418)
	at com.kms.katalon.core.main.TestCaseExecutor.accessMainPhase(TestCaseExecutor.java:410)
	at com.kms.katalon.core.main.TestCaseExecutor.execute(TestCaseExecutor.java:285)
	at com.kms.katalon.core.common.CommonExecutor.accessTestCaseMainPhase(CommonExecutor.java:65)
	at com.kms.katalon.core.main.TestSuiteExecutor.accessTestSuiteMainPhase(TestSuiteExecutor.java:151)
	at com.kms.katalon.core.main.TestSuiteExecutor.execute(TestSuiteExecutor.java:106)
	at com.kms.katalon.core.main.TestCaseMain.startTestSuite(TestCaseMain.java:185)
	at com.kms.katalon.core.main.TestCaseMain$startTestSuite$0.call(Unknown Source)
	at TempTestSuite1692183177032.run(TempTestSuite1692183177032.groovy:36)
Caused by: org.openqa.selenium.ElementNotInteractableException: element not interactable
  (Session info: chrome=115.0.5790.171)
Build info: version: '3.141.59', revision: 'e82be7d358', time: '2018-11-14T08:25:53'
System info: host: 'DESKTOP-L51QJLB', ip: '172.22.45.204', os.name: 'Windows 10', os.arch: 'amd64', os.version: '10.0', java.version: '1.8.0_282'
Driver info: com.kms.katalon.selenium.driver.CChromeDriver
Capabilities {acceptInsecureCerts: false, browserName: chrome, browserVersion: 115.0.5790.171, chrome: {chromedriverVersion: 114.0.5735.90 (386bc09e8f4f..., userDataDir: C:\Users\DELL\AppData\Local...}, goog:chromeOptions: {debuggerAddress: localhost:53368}, javascriptEnabled: true, networkConnectionEnabled: false, pageLoadStrategy: normal, platform: WINDOWS, platformName: WINDOWS, proxy: Proxy(), setWindowRect: true, strictFileInteractability: false, timeouts: {implicit: 0, pageLoad: 300000, script: 30000}, unhandledPromptBehavior: dismiss and notify, webauthn:extension:credBlob: true, webauthn:extension:largeBlob: true, webauthn:extension:minPinLength: true, webauthn:extension:prf: true, webauthn:virtualAuthenticators: true}
Session ID: 3c1f71a428642898e72d97630cfd8bac
	at org.openqa.selenium.remote.http.W3CHttpResponseCodec.createException(W3CHttpResponseCodec.java:187)
	at org.openqa.selenium.remote.http.W3CHttpResponseCodec.decode(W3CHttpResponseCodec.java:122)
	at org.openqa.selenium.remote.http.W3CHttpResponseCodec.decode(W3CHttpResponseCodec.java:49)
	at org.openqa.selenium.remote.HttpCommandExecutor.execute(HttpCommandExecutor.java:158)
	at org.openqa.selenium.remote.service.DriverCommandExecutor.execute(DriverCommandExecutor.java:83)
	at org.openqa.selenium.remote.RemoteWebDriver.execute(RemoteWebDriver.java:552)
	at com.kms.katalon.selenium.driver.CChromeDriver.execute(CChromeDriver.java:19)
	at org.openqa.selenium.remote.RemoteWebElement.execute(RemoteWebElement.java:285)
	at org.openqa.selenium.remote.RemoteWebElement.click(RemoteWebElement.java:84)
	at org.openqa.selenium.support.events.EventFiringWebDriver$EventFiringWebElement.lambda$new$0(EventFiringWebDriver.java:404)
	at com.sun.proxy.$Proxy11.click(Unknown Source)
	at org.openqa.selenium.support.events.EventFiringWebDriver$EventFiringWebElement.click(EventFiringWebDriver.java:417)
	at org.openqa.selenium.WebElement$click.call(Unknown Source)
	at com.kms.katalon.core.webui.keyword.builtin.ClickKeyword.clickUntilSuccessWithTimeout(ClickKeyword.groovy:81)
	at com.kms.katalon.core.webui.keyword.builtin.ClickKeyword.clickUntilSuccessWithTimeout(ClickKeyword.groovy)
	at com.kms.katalon.core.webui.keyword.builtin.ClickKeyword$_click_closure1.doCall(ClickKeyword.groovy:67)
	at com.kms.katalon.core.webui.keyword.builtin.ClickKeyword$_click_closure1.call(ClickKeyword.groovy)
	at com.kms.katalon.core.webui.keyword.internal.WebUIKeywordMain.runKeyword(WebUIKeywordMain.groovy:20)
	at com.kms.katalon.core.webui.keyword.builtin.ClickKeyword.click(ClickKeyword.groovy:74)
	at com.kms.katalon.core.webui.keyword.builtin.ClickKeyword.execute(ClickKeyword.groovy:40)
	at com.kms.katalon.core.keyword.internal.KeywordExecutor.executeKeywordForPlatform(KeywordExecutor.groovy:74)
	at com.kms.katalon.core.webui.keyword.WebUiBuiltInKeywords.click(WebUiBuiltInKeywords.groovy:620)
	at com.kms.katalon.core.webui.keyword.WebUiBuiltInKeywords$click$2.call(Unknown Source)
	at Script1684135793852.run(Script1684135793852.groovy:22)
	at com.kms.katalon.core.main.ScriptEngine.run(ScriptEngine.java:194)
	at com.kms.katalon.core.main.ScriptEngine.runScriptAsRawText(ScriptEngine.java:119)
	at com.kms.katalon.core.main.TestCaseExecutor.runScript(TestCaseExecutor.java:448)
	at com.kms.katalon.core.main.TestCaseExecutor.doExecute(TestCaseExecutor.java:439)
	at com.kms.katalon.core.main.TestCaseExecutor.processExecutionPhase(TestCaseExecutor.java:418)
	at com.kms.katalon.core.main.TestCaseExecutor.accessMainPhase(TestCaseExecutor.java:410)
	at com.kms.katalon.core.main.TestCaseExecutor.execute(TestCaseExecutor.java:285)
	at com.kms.katalon.core.main.TestCaseMain.runTestCase(TestCaseMain.java:142)
	at com.kms.katalon.core.keyword.builtin.CallTestCaseKeyword$_callTestCase_closure1.doCall(CallTestCaseKeyword.groovy:59)
	at com.kms.katalon.core.keyword.builtin.CallTestCaseKeyword$_callTestCase_closure1.call(CallTestCaseKeyword.groovy)
	at com.kms.katalon.core.keyword.internal.KeywordMain.runKeyword(KeywordMain.groovy:74)
	at com.kms.katalon.core.keyword.builtin.CallTestCaseKeyword.callTestCase(CallTestCaseKeyword.groovy:81)
	at com.kms.katalon.core.keyword.builtin.CallTestCaseKeyword.execute(CallTestCaseKeyword.groovy:44)
	at com.kms.katalon.core.keyword.internal.KeywordExecutor.executeKeywordForPlatform(KeywordExecutor.groovy:74)
	at com.kms.katalon.core.keyword.BuiltinKeywords.callTestCase(BuiltinKeywords.groovy:334)
	at Script1684101683596.run(Script1684101683596.groovy:46)
	at com.kms.katalon.core.main.ScriptEngine.run(ScriptEngine.java:194)
	at com.kms.katalon.core.main.ScriptEngine.runScriptAsRawText(ScriptEngine.java:119)
	at com.kms.katalon.core.main.TestCaseExecutor.runScript(TestCaseExecutor.java:448)
	at com.kms.katalon.core.main.TestCaseExecutor.doExecute(TestCaseExecutor.java:439)
	at com.kms.katalon.core.main.TestCaseExecutor.processExecutionPhase(TestCaseExecutor.java:418)
	at com.kms.katalon.core.main.TestCaseExecutor.accessMainPhase(TestCaseExecutor.java:410)
	at com.kms.katalon.core.main.TestCaseExecutor.execute(TestCaseExecutor.java:285)
	at com.kms.katalon.core.main.TestCaseMain.runTestCase(TestCaseMain.java:142)
	at com.kms.katalon.core.keyword.builtin.CallTestCaseKeyword$_callTestCase_closure1.doCall(CallTestCaseKeyword.groovy:59)
	at com.kms.katalon.core.keyword.builtin.CallTestCaseKeyword$_callTestCase_closure1.call(CallTestCaseKeyword.groovy)
	at com.kms.katalon.core.keyword.internal.KeywordMain.runKeyword(KeywordMain.groovy:74)
	at com.kms.katalon.core.keyword.builtin.CallTestCaseKeyword.callTestCase(CallTestCaseKeyword.groovy:81)
	at com.kms.katalon.core.keyword.builtin.CallTestCaseKeyword.execute(CallTestCaseKeyword.groovy:44)
	at com.kms.katalon.core.keyword.internal.KeywordExecutor.executeKeywordForPlatform(KeywordExecutor.groovy:74)
	at com.kms.katalon.core.keyword.BuiltinKeywords.callTestCase(BuiltinKeywords.groovy:334)
	at Script1691525490171.run(Script1691525490171.groovy:46)
	... 13 more
)

2023-08-16 16:40:50 - [MESSAGE][FAILED] - Unable to click on object 'Object Repository/OPCPage/close_popup_OPC' (Root cause: com.kms.katalon.core.exception.StepFailedException: Unable to click on object 'Object Repository/OPCPage/close_popup_OPC'
	at com.kms.katalon.core.webui.keyword.internal.WebUIKeywordMain.stepFailed(WebUIKeywordMain.groovy:64)
	at com.kms.katalon.core.webui.keyword.internal.WebUIKeywordMain.runKeyword(WebUIKeywordMain.groovy:26)
	at com.kms.katalon.core.webui.keyword.builtin.ClickKeyword.click(ClickKeyword.groovy:74)
	at com.kms.katalon.core.webui.keyword.builtin.ClickKeyword.execute(ClickKeyword.groovy:40)
	at com.kms.katalon.core.keyword.internal.KeywordExecutor.executeKeywordForPlatform(KeywordExecutor.groovy:74)
	at com.kms.katalon.core.webui.keyword.WebUiBuiltInKeywords.click(WebUiBuiltInKeywords.groovy:620)
	at com.kms.katalon.core.webui.keyword.WebUiBuiltInKeywords$click$2.call(Unknown Source)
	at close any pop up.run(close any pop up:22)
	at com.kms.katalon.core.main.ScriptEngine.run(ScriptEngine.java:194)
	at com.kms.katalon.core.main.ScriptEngine.runScriptAsRawText(ScriptEngine.java:119)
	at com.kms.katalon.core.main.TestCaseExecutor.runScript(TestCaseExecutor.java:448)
	at com.kms.katalon.core.main.TestCaseExecutor.doExecute(TestCaseExecutor.java:439)
	at com.kms.katalon.core.main.TestCaseExecutor.processExecutionPhase(TestCaseExecutor.java:418)
	at com.kms.katalon.core.main.TestCaseExecutor.accessMainPhase(TestCaseExecutor.java:410)
	at com.kms.katalon.core.main.TestCaseExecutor.execute(TestCaseExecutor.java:285)
	at com.kms.katalon.core.main.TestCaseMain.runTestCase(TestCaseMain.java:142)
	at com.kms.katalon.core.keyword.builtin.CallTestCaseKeyword$_callTestCase_closure1.doCall(CallTestCaseKeyword.groovy:59)
	at com.kms.katalon.core.keyword.builtin.CallTestCaseKeyword$_callTestCase_closure1.call(CallTestCaseKeyword.groovy)
	at com.kms.katalon.core.keyword.internal.KeywordMain.runKeyword(KeywordMain.groovy:74)
	at com.kms.katalon.core.keyword.builtin.CallTestCaseKeyword.callTestCase(CallTestCaseKeyword.groovy:81)
	at com.kms.katalon.core.keyword.builtin.CallTestCaseKeyword.execute(CallTestCaseKeyword.groovy:44)
	at com.kms.katalon.core.keyword.internal.KeywordExecutor.executeKeywordForPlatform(KeywordExecutor.groovy:74)
	at com.kms.katalon.core.keyword.BuiltinKeywords.callTestCase(BuiltinKeywords.groovy:334)
	at create_new_CARD_OPC.run(create_new_CARD_OPC:46)
	at com.kms.katalon.core.main.ScriptEngine.run(ScriptEngine.java:194)
	at com.kms.katalon.core.main.ScriptEngine.runScriptAsRawText(ScriptEngine.java:119)
	at com.kms.katalon.core.main.TestCaseExecutor.runScript(TestCaseExecutor.java:448)
	at com.kms.katalon.core.main.TestCaseExecutor.doExecute(TestCaseExecutor.java:439)
	at com.kms.katalon.core.main.TestCaseExecutor.processExecutionPhase(TestCaseExecutor.java:418)
	at com.kms.katalon.core.main.TestCaseExecutor.accessMainPhase(TestCaseExecutor.java:410)
	at com.kms.katalon.core.main.TestCaseExecutor.execute(TestCaseExecutor.java:285)
	at com.kms.katalon.core.main.TestCaseMain.runTestCase(TestCaseMain.java:142)
	at com.kms.katalon.core.keyword.builtin.CallTestCaseKeyword$_callTestCase_closure1.doCall(CallTestCaseKeyword.groovy:59)
	at com.kms.katalon.core.keyword.builtin.CallTestCaseKeyword$_callTestCase_closure1.call(CallTestCaseKeyword.groovy)
	at com.kms.katalon.core.keyword.internal.KeywordMain.runKeyword(KeywordMain.groovy:74)
	at com.kms.katalon.core.keyword.builtin.CallTestCaseKeyword.callTestCase(CallTestCaseKeyword.groovy:81)
	at com.kms.katalon.core.keyword.builtin.CallTestCaseKeyword.execute(CallTestCaseKeyword.groovy:44)
	at com.kms.katalon.core.keyword.internal.KeywordExecutor.executeKeywordForPlatform(KeywordExecutor.groovy:74)
	at com.kms.katalon.core.keyword.BuiltinKeywords.callTestCase(BuiltinKeywords.groovy:334)
	at TS_SMOKE_SUITE_077.run(TS_SMOKE_SUITE_077:46)
	at com.kms.katalon.core.main.ScriptEngine.run(ScriptEngine.java:194)
	at com.kms.katalon.core.main.ScriptEngine.runScriptAsRawText(ScriptEngine.java:119)
	at com.kms.katalon.core.main.TestCaseExecutor.runScript(TestCaseExecutor.java:448)
	at com.kms.katalon.core.main.TestCaseExecutor.doExecute(TestCaseExecutor.java:439)
	at com.kms.katalon.core.main.TestCaseExecutor.processExecutionPhase(TestCaseExecutor.java:418)
	at com.kms.katalon.core.main.TestCaseExecutor.accessMainPhase(TestCaseExecutor.java:410)
	at com.kms.katalon.core.main.TestCaseExecutor.execute(TestCaseExecutor.java:285)
	at com.kms.katalon.core.common.CommonExecutor.accessTestCaseMainPhase(CommonExecutor.java:65)
	at com.kms.katalon.core.main.TestSuiteExecutor.accessTestSuiteMainPhase(TestSuiteExecutor.java:151)
	at com.kms.katalon.core.main.TestSuiteExecutor.execute(TestSuiteExecutor.java:106)
	at com.kms.katalon.core.main.TestCaseMain.startTestSuite(TestCaseMain.java:185)
	at com.kms.katalon.core.main.TestCaseMain$startTestSuite$0.call(Unknown Source)
	at TempTestSuite1692183177032.run(TempTestSuite1692183177032.groovy:36)
Caused by: org.openqa.selenium.ElementNotInteractableException: element not interactable
  (Session info: chrome=115.0.5790.171)
Build info: version: '3.141.59', revision: 'e82be7d358', time: '2018-11-14T08:25:53'
System info: host: 'DESKTOP-L51QJLB', ip: '172.22.45.204', os.name: 'Windows 10', os.arch: 'amd64', os.version: '10.0', java.version: '1.8.0_282'
Driver info: com.kms.katalon.selenium.driver.CChromeDriver
Capabilities {acceptInsecureCerts: false, browserName: chrome, browserVersion: 115.0.5790.171, chrome: {chromedriverVersion: 114.0.5735.90 (386bc09e8f4f..., userDataDir: C:\Users\DELL\AppData\Local...}, goog:chromeOptions: {debuggerAddress: localhost:53368}, javascriptEnabled: true, networkConnectionEnabled: false, pageLoadStrategy: normal, platform: WINDOWS, platformName: WINDOWS, proxy: Proxy(), setWindowRect: true, strictFileInteractability: false, timeouts: {implicit: 0, pageLoad: 300000, script: 30000}, unhandledPromptBehavior: dismiss and notify, webauthn:extension:credBlob: true, webauthn:extension:largeBlob: true, webauthn:extension:minPinLength: true, webauthn:extension:prf: true, webauthn:virtualAuthenticators: true}
Session ID: 3c1f71a428642898e72d97630cfd8bac
	at org.openqa.selenium.remote.http.W3CHttpResponseCodec.createException(W3CHttpResponseCodec.java:187)
	at org.openqa.selenium.remote.http.W3CHttpResponseCodec.decode(W3CHttpResponseCodec.java:122)
	at org.openqa.selenium.remote.http.W3CHttpResponseCodec.decode(W3CHttpResponseCodec.java:49)
	at org.openqa.selenium.remote.HttpCommandExecutor.execute(HttpCommandExecutor.java:158)
	at org.openqa.selenium.remote.service.DriverCommandExecutor.execute(DriverCommandExecutor.java:83)
	at org.openqa.selenium.remote.RemoteWebDriver.execute(RemoteWebDriver.java:552)
	at com.kms.katalon.selenium.driver.CChromeDriver.execute(CChromeDriver.java:19)
	at org.openqa.selenium.remote.RemoteWebElement.execute(RemoteWebElement.java:285)
	at org.openqa.selenium.remote.RemoteWebElement.click(RemoteWebElement.java:84)
	at org.openqa.selenium.support.events.EventFiringWebDriver$EventFiringWebElement.lambda$new$0(EventFiringWebDriver.java:404)
	at com.sun.proxy.$Proxy11.click(Unknown Source)
	at org.openqa.selenium.support.events.EventFiringWebDriver$EventFiringWebElement.click(EventFiringWebDriver.java:417)
	at org.openqa.selenium.WebElement$click.call(Unknown Source)
	at com.kms.katalon.core.webui.keyword.builtin.ClickKeyword.clickUntilSuccessWithTimeout(ClickKeyword.groovy:81)
	at com.kms.katalon.core.webui.keyword.builtin.ClickKeyword.clickUntilSuccessWithTimeout(ClickKeyword.groovy)
	at com.kms.katalon.core.webui.keyword.builtin.ClickKeyword$_click_closure1.doCall(ClickKeyword.groovy:67)
	at com.kms.katalon.core.webui.keyword.builtin.ClickKeyword$_click_closure1.call(ClickKeyword.groovy)
	at com.kms.katalon.core.webui.keyword.internal.WebUIKeywordMain.runKeyword(WebUIKeywordMain.groovy:20)
	at com.kms.katalon.core.webui.keyword.builtin.ClickKeyword.click(ClickKeyword.groovy:74)
	at com.kms.katalon.core.webui.keyword.builtin.ClickKeyword.execute(ClickKeyword.groovy:40)
	at com.kms.katalon.core.keyword.internal.KeywordExecutor.executeKeywordForPlatform(KeywordExecutor.groovy:74)
	at com.kms.katalon.core.webui.keyword.WebUiBuiltInKeywords.click(WebUiBuiltInKeywords.groovy:620)
	at com.kms.katalon.core.webui.keyword.WebUiBuiltInKeywords$click$2.call(Unknown Source)
	at Script1684135793852.run(Script1684135793852.groovy:22)
	at com.kms.katalon.core.main.ScriptEngine.run(ScriptEngine.java:194)
	at com.kms.katalon.core.main.ScriptEngine.runScriptAsRawText(ScriptEngine.java:119)
	at com.kms.katalon.core.main.TestCaseExecutor.runScript(TestCaseExecutor.java:448)
	at com.kms.katalon.core.main.TestCaseExecutor.doExecute(TestCaseExecutor.java:439)
	at com.kms.katalon.core.main.TestCaseExecutor.processExecutionPhase(TestCaseExecutor.java:418)
	at com.kms.katalon.core.main.TestCaseExecutor.accessMainPhase(TestCaseExecutor.java:410)
	at com.kms.katalon.core.main.TestCaseExecutor.execute(TestCaseExecutor.java:285)
	at com.kms.katalon.core.main.TestCaseMain.runTestCase(TestCaseMain.java:142)
	at com.kms.katalon.core.keyword.builtin.CallTestCaseKeyword$_callTestCase_closure1.doCall(CallTestCaseKeyword.groovy:59)
	at com.kms.katalon.core.keyword.builtin.CallTestCaseKeyword$_callTestCase_closure1.call(CallTestCaseKeyword.groovy)
	at com.kms.katalon.core.keyword.internal.KeywordMain.runKeyword(KeywordMain.groovy:74)
	at com.kms.katalon.core.keyword.builtin.CallTestCaseKeyword.callTestCase(CallTestCaseKeyword.groovy:81)
	at com.kms.katalon.core.keyword.builtin.CallTestCaseKeyword.execute(CallTestCaseKeyword.groovy:44)
	at com.kms.katalon.core.keyword.internal.KeywordExecutor.executeKeywordForPlatform(KeywordExecutor.groovy:74)
	at com.kms.katalon.core.keyword.BuiltinKeywords.callTestCase(BuiltinKeywords.groovy:334)
	at Script1684101683596.run(Script1684101683596.groovy:46)
	at com.kms.katalon.core.main.ScriptEngine.run(ScriptEngine.java:194)
	at com.kms.katalon.core.main.ScriptEngine.runScriptAsRawText(ScriptEngine.java:119)
	at com.kms.katalon.core.main.TestCaseExecutor.runScript(TestCaseExecutor.java:448)
	at com.kms.katalon.core.main.TestCaseExecutor.doExecute(TestCaseExecutor.java:439)
	at com.kms.katalon.core.main.TestCaseExecutor.processExecutionPhase(TestCaseExecutor.java:418)
	at com.kms.katalon.core.main.TestCaseExecutor.accessMainPhase(TestCaseExecutor.java:410)
	at com.kms.katalon.core.main.TestCaseExecutor.execute(TestCaseExecutor.java:285)
	at com.kms.katalon.core.main.TestCaseMain.runTestCase(TestCaseMain.java:142)
	at com.kms.katalon.core.keyword.builtin.CallTestCaseKeyword$_callTestCase_closure1.doCall(CallTestCaseKeyword.groovy:59)
	at com.kms.katalon.core.keyword.builtin.CallTestCaseKeyword$_callTestCase_closure1.call(CallTestCaseKeyword.groovy)
	at com.kms.katalon.core.keyword.internal.KeywordMain.runKeyword(KeywordMain.groovy:74)
	at com.kms.katalon.core.keyword.builtin.CallTestCaseKeyword.callTestCase(CallTestCaseKeyword.groovy:81)
	at com.kms.katalon.core.keyword.builtin.CallTestCaseKeyword.execute(CallTestCaseKeyword.groovy:44)
	at com.kms.katalon.core.keyword.internal.KeywordExecutor.executeKeywordForPlatform(KeywordExecutor.groovy:74)
	at com.kms.katalon.core.keyword.BuiltinKeywords.callTestCase(BuiltinKeywords.groovy:334)
	at Script1691525490171.run(Script1691525490171.groovy:46)
	... 13 more
)
[[ATTACHMENT|D:\\backup\\Liverpool_SmokeSuite1\\Reports\\20230816_162257\\checkout\\20230816_162257\\1692184250000.png]]

2023-08-16 16:40:50 - [MESSAGE][WARNING] - Unable to call Test Case 'Test Cases/CommonMethods/close any pop up' (Root cause: com.kms.katalon.core.exception.StepFailedException: Call Test Case 'Test Cases/CommonMethods/close any pop up' failed
	at com.kms.katalon.core.keyword.builtin.CallTestCaseKeyword$_callTestCase_closure1.doCall(CallTestCaseKeyword.groovy:63)
	at com.kms.katalon.core.keyword.builtin.CallTestCaseKeyword$_callTestCase_closure1.call(CallTestCaseKeyword.groovy)
	at com.kms.katalon.core.keyword.internal.KeywordMain.runKeyword(KeywordMain.groovy:74)
	at com.kms.katalon.core.keyword.builtin.CallTestCaseKeyword.callTestCase(CallTestCaseKeyword.groovy:81)
	at com.kms.katalon.core.keyword.builtin.CallTestCaseKeyword.execute(CallTestCaseKeyword.groovy:44)
	at com.kms.katalon.core.keyword.internal.KeywordExecutor.executeKeywordForPlatform(KeywordExecutor.groovy:74)
	at com.kms.katalon.core.keyword.BuiltinKeywords.callTestCase(BuiltinKeywords.groovy:334)
	at create_new_CARD_OPC.run(create_new_CARD_OPC:46)
	at com.kms.katalon.core.main.ScriptEngine.run(ScriptEngine.java:194)
	at com.kms.katalon.core.main.ScriptEngine.runScriptAsRawText(ScriptEngine.java:119)
	at com.kms.katalon.core.main.TestCaseExecutor.runScript(TestCaseExecutor.java:448)
	at com.kms.katalon.core.main.TestCaseExecutor.doExecute(TestCaseExecutor.java:439)
	at com.kms.katalon.core.main.TestCaseExecutor.processExecutionPhase(TestCaseExecutor.java:418)
	at com.kms.katalon.core.main.TestCaseExecutor.accessMainPhase(TestCaseExecutor.java:410)
	at com.kms.katalon.core.main.TestCaseExecutor.execute(TestCaseExecutor.java:285)
	at com.kms.katalon.core.main.TestCaseMain.runTestCase(TestCaseMain.java:142)
	at com.kms.katalon.core.keyword.builtin.CallTestCaseKeyword$_callTestCase_closure1.doCall(CallTestCaseKeyword.groovy:59)
	at com.kms.katalon.core.keyword.builtin.CallTestCaseKeyword$_callTestCase_closure1.call(CallTestCaseKeyword.groovy)
	at com.kms.katalon.core.keyword.internal.KeywordMain.runKeyword(KeywordMain.groovy:74)
	at com.kms.katalon.core.keyword.builtin.CallTestCaseKeyword.callTestCase(CallTestCaseKeyword.groovy:81)
	at com.kms.katalon.core.keyword.builtin.CallTestCaseKeyword.execute(CallTestCaseKeyword.groovy:44)
	at com.kms.katalon.core.keyword.internal.KeywordExecutor.executeKeywordForPlatform(KeywordExecutor.groovy:74)
	at com.kms.katalon.core.keyword.BuiltinKeywords.callTestCase(BuiltinKeywords.groovy:334)
	at TS_SMOKE_SUITE_077.run(TS_SMOKE_SUITE_077:46)
	at com.kms.katalon.core.main.ScriptEngine.run(ScriptEngine.java:194)
	at com.kms.katalon.core.main.ScriptEngine.runScriptAsRawText(ScriptEngine.java:119)
	at com.kms.katalon.core.main.TestCaseExecutor.runScript(TestCaseExecutor.java:448)
	at com.kms.katalon.core.main.TestCaseExecutor.doExecute(TestCaseExecutor.java:439)
	at com.kms.katalon.core.main.TestCaseExecutor.processExecutionPhase(TestCaseExecutor.java:418)
	at com.kms.katalon.core.main.TestCaseExecutor.accessMainPhase(TestCaseExecutor.java:410)
	at com.kms.katalon.core.main.TestCaseExecutor.execute(TestCaseExecutor.java:285)
	at com.kms.katalon.core.common.CommonExecutor.accessTestCaseMainPhase(CommonExecutor.java:65)
	at com.kms.katalon.core.main.TestSuiteExecutor.accessTestSuiteMainPhase(TestSuiteExecutor.java:151)
	at com.kms.katalon.core.main.TestSuiteExecutor.execute(TestSuiteExecutor.java:106)
	at com.kms.katalon.core.main.TestCaseMain.startTestSuite(TestCaseMain.java:185)
	at com.kms.katalon.core.main.TestCaseMain$startTestSuite$0.call(Unknown Source)
	at TempTestSuite1692183177032.run(TempTestSuite1692183177032.groovy:36)
Caused by: com.kms.katalon.core.exception.StepFailedException: Unable to click on object 'Object Repository/OPCPage/close_popup_OPC'
	at com.kms.katalon.core.webui.keyword.internal.WebUIKeywordMain.stepFailed(WebUIKeywordMain.groovy:64)
	at com.kms.katalon.core.webui.keyword.internal.WebUIKeywordMain.runKeyword(WebUIKeywordMain.groovy:26)
	at com.kms.katalon.core.webui.keyword.builtin.ClickKeyword.click(ClickKeyword.groovy:74)
	at com.kms.katalon.core.webui.keyword.builtin.ClickKeyword.execute(ClickKeyword.groovy:40)
	at com.kms.katalon.core.keyword.internal.KeywordExecutor.executeKeywordForPlatform(KeywordExecutor.groovy:74)
	at com.kms.katalon.core.webui.keyword.WebUiBuiltInKeywords.click(WebUiBuiltInKeywords.groovy:620)
	at com.kms.katalon.core.webui.keyword.WebUiBuiltInKeywords$click$2.call(Unknown Source)
	at close any pop up.run(close any pop up:22)
	at com.kms.katalon.core.main.ScriptEngine.run(ScriptEngine.java:194)
	at com.kms.katalon.core.main.ScriptEngine.runScriptAsRawText(ScriptEngine.java:119)
	at com.kms.katalon.core.main.TestCaseExecutor.runScript(TestCaseExecutor.java:448)
	at com.kms.katalon.core.main.TestCaseExecutor.doExecute(TestCaseExecutor.java:439)
	at com.kms.katalon.core.main.TestCaseExecutor.processExecutionPhase(TestCaseExecutor.java:418)
	at com.kms.katalon.core.main.TestCaseExecutor.accessMainPhase(TestCaseExecutor.java:410)
	at com.kms.katalon.core.main.TestCaseExecutor.execute(TestCaseExecutor.java:285)
	at com.kms.katalon.core.main.TestCaseMain.runTestCase(TestCaseMain.java:142)
	at com.kms.katalon.core.keyword.builtin.CallTestCaseKeyword$_callTestCase_closure1.doCall(CallTestCaseKeyword.groovy:59)
	... 36 more
Caused by: org.openqa.selenium.ElementNotInteractableException: element not interactable
  (Session info: chrome=115.0.5790.171)
Build info: version: '3.141.59', revision: 'e82be7d358', time: '2018-11-14T08:25:53'
System info: host: 'DESKTOP-L51QJLB', ip: '172.22.45.204', os.name: 'Windows 10', os.arch: 'amd64', os.version: '10.0', java.version: '1.8.0_282'
Driver info: com.kms.katalon.selenium.driver.CChromeDriver
Capabilities {acceptInsecureCerts: false, browserName: chrome, browserVersion: 115.0.5790.171, chrome: {chromedriverVersion: 114.0.5735.90 (386bc09e8f4f..., userDataDir: C:\Users\DELL\AppData\Local...}, goog:chromeOptions: {debuggerAddress: localhost:53368}, javascriptEnabled: true, networkConnectionEnabled: false, pageLoadStrategy: normal, platform: WINDOWS, platformName: WINDOWS, proxy: Proxy(), setWindowRect: true, strictFileInteractability: false, timeouts: {implicit: 0, pageLoad: 300000, script: 30000}, unhandledPromptBehavior: dismiss and notify, webauthn:extension:credBlob: true, webauthn:extension:largeBlob: true, webauthn:extension:minPinLength: true, webauthn:extension:prf: true, webauthn:virtualAuthenticators: true}
Session ID: 3c1f71a428642898e72d97630cfd8bac
	at org.openqa.selenium.remote.http.W3CHttpResponseCodec.createException(W3CHttpResponseCodec.java:187)
	at org.openqa.selenium.remote.http.W3CHttpResponseCodec.decode(W3CHttpResponseCodec.java:122)
	at org.openqa.selenium.remote.http.W3CHttpResponseCodec.decode(W3CHttpResponseCodec.java:49)
	at org.openqa.selenium.remote.HttpCommandExecutor.execute(HttpCommandExecutor.java:158)
	at org.openqa.selenium.remote.service.DriverCommandExecutor.execute(DriverCommandExecutor.java:83)
	at org.openqa.selenium.remote.RemoteWebDriver.execute(RemoteWebDriver.java:552)
	at com.kms.katalon.selenium.driver.CChromeDriver.execute(CChromeDriver.java:19)
	at org.openqa.selenium.remote.RemoteWebElement.execute(RemoteWebElement.java:285)
	at org.openqa.selenium.remote.RemoteWebElement.click(RemoteWebElement.java:84)
	at org.openqa.selenium.support.events.EventFiringWebDriver$EventFiringWebElement.lambda$new$0(EventFiringWebDriver.java:404)
	at com.sun.proxy.$Proxy11.click(Unknown Source)
	at org.openqa.selenium.support.events.EventFiringWebDriver$EventFiringWebElement.click(EventFiringWebDriver.java:417)
	at org.openqa.selenium.WebElement$click.call(Unknown Source)
	at com.kms.katalon.core.webui.keyword.builtin.ClickKeyword.clickUntilSuccessWithTimeout(ClickKeyword.groovy:81)
	at com.kms.katalon.core.webui.keyword.builtin.ClickKeyword.clickUntilSuccessWithTimeout(ClickKeyword.groovy)
	at com.kms.katalon.core.webui.keyword.builtin.ClickKeyword$_click_closure1.doCall(ClickKeyword.groovy:67)
	at com.kms.katalon.core.webui.keyword.builtin.ClickKeyword$_click_closure1.call(ClickKeyword.groovy)
	at com.kms.katalon.core.webui.keyword.internal.WebUIKeywordMain.runKeyword(WebUIKeywordMain.groovy:20)
	... 51 more
)

2023-08-16 16:40:50 - [TEST_STEP][PASSED] - click(findTestObject("OPCPage/paymentMethod_change_OPC")): Object: 'Object Repository/OPCPage/paymentMethod_change_OPC' is clicked on

2023-08-16 16:40:50 - [MESSAGE][PASSED] - Object: 'Object Repository/OPCPage/paymentMethod_change_OPC' is clicked on

2023-08-16 16:40:50 - [TEST_STEP][PASSED] - click(findTestObject("OPCPage/paymentMethod_button1_OPC")): Object: 'Object Repository/OPCPage/paymentMethod_button1_OPC' is clicked on

2023-08-16 16:40:52 - [MESSAGE][PASSED] - Object: 'Object Repository/OPCPage/paymentMethod_button1_OPC' is clicked on

2023-08-16 16:40:52 - [TEST_STEP][FAILED] - verifyTextPresent(cardname, false): Unable to verify text 'csVWcpca' is present  (Root cause: com.kms.katalon.core.exception.StepFailedException: Unable to verify text 'csVWcpca' is present 
	at com.kms.katalon.core.webui.keyword.internal.WebUIKeywordMain.stepFailed(WebUIKeywordMain.groovy:64)
	at com.kms.katalon.core.webui.keyword.internal.WebUIKeywordMain.runKeyword(WebUIKeywordMain.groovy:26)
	at com.kms.katalon.core.webui.keyword.builtin.VerifyTextPresentKeyword.verifyTextPresent(VerifyTextPresentKeyword.groovy:83)
	at com.kms.katalon.core.webui.keyword.builtin.VerifyTextPresentKeyword.execute(VerifyTextPresentKeyword.groovy:68)
	at com.kms.katalon.core.keyword.internal.KeywordExecutor.executeKeywordForPlatform(KeywordExecutor.groovy:74)
	at com.kms.katalon.core.webui.keyword.WebUiBuiltInKeywords.verifyTextPresent(WebUiBuiltInKeywords.groovy:1723)
	at com.kms.katalon.core.webui.keyword.WebUiBuiltInKeywords$verifyTextPresent$13.call(Unknown Source)
	at create_new_CARD_OPC.run(create_new_CARD_OPC:52)
	at com.kms.katalon.core.main.ScriptEngine.run(ScriptEngine.java:194)
	at com.kms.katalon.core.main.ScriptEngine.runScriptAsRawText(ScriptEngine.java:119)
	at com.kms.katalon.core.main.TestCaseExecutor.runScript(TestCaseExecutor.java:448)
	at com.kms.katalon.core.main.TestCaseExecutor.doExecute(TestCaseExecutor.java:439)
	at com.kms.katalon.core.main.TestCaseExecutor.processExecutionPhase(TestCaseExecutor.java:418)
	at com.kms.katalon.core.main.TestCaseExecutor.accessMainPhase(TestCaseExecutor.java:410)
	at com.kms.katalon.core.main.TestCaseExecutor.execute(TestCaseExecutor.java:285)
	at com.kms.katalon.core.main.TestCaseMain.runTestCase(TestCaseMain.java:142)
	at com.kms.katalon.core.keyword.builtin.CallTestCaseKeyword$_callTestCase_closure1.doCall(CallTestCaseKeyword.groovy:59)
	at com.kms.katalon.core.keyword.builtin.CallTestCaseKeyword$_callTestCase_closure1.call(CallTestCaseKeyword.groovy)
	at com.kms.katalon.core.keyword.internal.KeywordMain.runKeyword(KeywordMain.groovy:74)
	at com.kms.katalon.core.keyword.builtin.CallTestCaseKeyword.callTestCase(CallTestCaseKeyword.groovy:81)
	at com.kms.katalon.core.keyword.builtin.CallTestCaseKeyword.execute(CallTestCaseKeyword.groovy:44)
	at com.kms.katalon.core.keyword.internal.KeywordExecutor.executeKeywordForPlatform(KeywordExecutor.groovy:74)
	at com.kms.katalon.core.keyword.BuiltinKeywords.callTestCase(BuiltinKeywords.groovy:334)
	at TS_SMOKE_SUITE_077.run(TS_SMOKE_SUITE_077:46)
	at com.kms.katalon.core.main.ScriptEngine.run(ScriptEngine.java:194)
	at com.kms.katalon.core.main.ScriptEngine.runScriptAsRawText(ScriptEngine.java:119)
	at com.kms.katalon.core.main.TestCaseExecutor.runScript(TestCaseExecutor.java:448)
	at com.kms.katalon.core.main.TestCaseExecutor.doExecute(TestCaseExecutor.java:439)
	at com.kms.katalon.core.main.TestCaseExecutor.processExecutionPhase(TestCaseExecutor.java:418)
	at com.kms.katalon.core.main.TestCaseExecutor.accessMainPhase(TestCaseExecutor.java:410)
	at com.kms.katalon.core.main.TestCaseExecutor.execute(TestCaseExecutor.java:285)
	at com.kms.katalon.core.common.CommonExecutor.accessTestCaseMainPhase(CommonExecutor.java:65)
	at com.kms.katalon.core.main.TestSuiteExecutor.accessTestSuiteMainPhase(TestSuiteExecutor.java:151)
	at com.kms.katalon.core.main.TestSuiteExecutor.execute(TestSuiteExecutor.java:106)
	at com.kms.katalon.core.main.TestCaseMain.startTestSuite(TestCaseMain.java:185)
	at com.kms.katalon.core.main.TestCaseMain$startTestSuite$0.call(Unknown Source)
	at TempTestSuite1692183177032.run(TempTestSuite1692183177032.groovy:36)
Caused by: com.kms.katalon.core.exception.StepFailedException: Text 'csVWcpca' is not present on page 
	at com.kms.katalon.core.webui.keyword.internal.WebUIKeywordMain.stepFailed(WebUIKeywordMain.groovy:64)
	at com.kms.katalon.core.webui.keyword.builtin.VerifyTextPresentKeyword$_verifyTextPresent_closure1.doCall(VerifyTextPresentKeyword.groovy:79)
	at com.kms.katalon.core.webui.keyword.builtin.VerifyTextPresentKeyword$_verifyTextPresent_closure1.call(VerifyTextPresentKeyword.groovy)
	at com.kms.katalon.core.webui.keyword.internal.WebUIKeywordMain.runKeyword(WebUIKeywordMain.groovy:20)
	... 35 more
)

2023-08-16 16:40:53 - [MESSAGE][FAILED] - Text 'csVWcpca' is not present on page  (Root cause: com.kms.katalon.core.exception.StepFailedException: Text 'csVWcpca' is not present on page 
	at com.kms.katalon.core.webui.keyword.internal.WebUIKeywordMain.stepFailed(WebUIKeywordMain.groovy:64)
	at com.kms.katalon.core.webui.keyword.builtin.VerifyTextPresentKeyword$_verifyTextPresent_closure1.doCall(VerifyTextPresentKeyword.groovy:79)
	at com.kms.katalon.core.webui.keyword.builtin.VerifyTextPresentKeyword$_verifyTextPresent_closure1.call(VerifyTextPresentKeyword.groovy)
	at com.kms.katalon.core.webui.keyword.internal.WebUIKeywordMain.runKeyword(WebUIKeywordMain.groovy:20)
	at com.kms.katalon.core.webui.keyword.builtin.VerifyTextPresentKeyword.verifyTextPresent(VerifyTextPresentKeyword.groovy:83)
	at com.kms.katalon.core.webui.keyword.builtin.VerifyTextPresentKeyword.execute(VerifyTextPresentKeyword.groovy:68)
	at com.kms.katalon.core.keyword.internal.KeywordExecutor.executeKeywordForPlatform(KeywordExecutor.groovy:74)
	at com.kms.katalon.core.webui.keyword.WebUiBuiltInKeywords.verifyTextPresent(WebUiBuiltInKeywords.groovy:1723)
	at com.kms.katalon.core.webui.keyword.WebUiBuiltInKeywords$verifyTextPresent$13.call(Unknown Source)
	at create_new_CARD_OPC.run(create_new_CARD_OPC:52)
	at com.kms.katalon.core.main.ScriptEngine.run(ScriptEngine.java:194)
	at com.kms.katalon.core.main.ScriptEngine.runScriptAsRawText(ScriptEngine.java:119)
	at com.kms.katalon.core.main.TestCaseExecutor.runScript(TestCaseExecutor.java:448)
	at com.kms.katalon.core.main.TestCaseExecutor.doExecute(TestCaseExecutor.java:439)
	at com.kms.katalon.core.main.TestCaseExecutor.processExecutionPhase(TestCaseExecutor.java:418)
	at com.kms.katalon.core.main.TestCaseExecutor.accessMainPhase(TestCaseExecutor.java:410)
	at com.kms.katalon.core.main.TestCaseExecutor.execute(TestCaseExecutor.java:285)
	at com.kms.katalon.core.main.TestCaseMain.runTestCase(TestCaseMain.java:142)
	at com.kms.katalon.core.keyword.builtin.CallTestCaseKeyword$_callTestCase_closure1.doCall(CallTestCaseKeyword.groovy:59)
	at com.kms.katalon.core.keyword.builtin.CallTestCaseKeyword$_callTestCase_closure1.call(CallTestCaseKeyword.groovy)
	at com.kms.katalon.core.keyword.internal.KeywordMain.runKeyword(KeywordMain.groovy:74)
	at com.kms.katalon.core.keyword.builtin.CallTestCaseKeyword.callTestCase(CallTestCaseKeyword.groovy:81)
	at com.kms.katalon.core.keyword.builtin.CallTestCaseKeyword.execute(CallTestCaseKeyword.groovy:44)
	at com.kms.katalon.core.keyword.internal.KeywordExecutor.executeKeywordForPlatform(KeywordExecutor.groovy:74)
	at com.kms.katalon.core.keyword.BuiltinKeywords.callTestCase(BuiltinKeywords.groovy:334)
	at TS_SMOKE_SUITE_077.run(TS_SMOKE_SUITE_077:46)
	at com.kms.katalon.core.main.ScriptEngine.run(ScriptEngine.java:194)
	at com.kms.katalon.core.main.ScriptEngine.runScriptAsRawText(ScriptEngine.java:119)
	at com.kms.katalon.core.main.TestCaseExecutor.runScript(TestCaseExecutor.java:448)
	at com.kms.katalon.core.main.TestCaseExecutor.doExecute(TestCaseExecutor.java:439)
	at com.kms.katalon.core.main.TestCaseExecutor.processExecutionPhase(TestCaseExecutor.java:418)
	at com.kms.katalon.core.main.TestCaseExecutor.accessMainPhase(TestCaseExecutor.java:410)
	at com.kms.katalon.core.main.TestCaseExecutor.execute(TestCaseExecutor.java:285)
	at com.kms.katalon.core.common.CommonExecutor.accessTestCaseMainPhase(CommonExecutor.java:65)
	at com.kms.katalon.core.main.TestSuiteExecutor.accessTestSuiteMainPhase(TestSuiteExecutor.java:151)
	at com.kms.katalon.core.main.TestSuiteExecutor.execute(TestSuiteExecutor.java:106)
	at com.kms.katalon.core.main.TestCaseMain.startTestSuite(TestCaseMain.java:185)
	at com.kms.katalon.core.main.TestCaseMain$startTestSuite$0.call(Unknown Source)
	at TempTestSuite1692183177032.run(TempTestSuite1692183177032.groovy:36)
)

2023-08-16 16:40:53 - [MESSAGE][FAILED] - Unable to verify text 'csVWcpca' is present  (Root cause: com.kms.katalon.core.exception.StepFailedException: Unable to verify text 'csVWcpca' is present 
	at com.kms.katalon.core.webui.keyword.internal.WebUIKeywordMain.stepFailed(WebUIKeywordMain.groovy:64)
	at com.kms.katalon.core.webui.keyword.internal.WebUIKeywordMain.runKeyword(WebUIKeywordMain.groovy:26)
	at com.kms.katalon.core.webui.keyword.builtin.VerifyTextPresentKeyword.verifyTextPresent(VerifyTextPresentKeyword.groovy:83)
	at com.kms.katalon.core.webui.keyword.builtin.VerifyTextPresentKeyword.execute(VerifyTextPresentKeyword.groovy:68)
	at com.kms.katalon.core.keyword.internal.KeywordExecutor.executeKeywordForPlatform(KeywordExecutor.groovy:74)
	at com.kms.katalon.core.webui.keyword.WebUiBuiltInKeywords.verifyTextPresent(WebUiBuiltInKeywords.groovy:1723)
	at com.kms.katalon.core.webui.keyword.WebUiBuiltInKeywords$verifyTextPresent$13.call(Unknown Source)
	at create_new_CARD_OPC.run(create_new_CARD_OPC:52)
	at com.kms.katalon.core.main.ScriptEngine.run(ScriptEngine.java:194)
	at com.kms.katalon.core.main.ScriptEngine.runScriptAsRawText(ScriptEngine.java:119)
	at com.kms.katalon.core.main.TestCaseExecutor.runScript(TestCaseExecutor.java:448)
	at com.kms.katalon.core.main.TestCaseExecutor.doExecute(TestCaseExecutor.java:439)
	at com.kms.katalon.core.main.TestCaseExecutor.processExecutionPhase(TestCaseExecutor.java:418)
	at com.kms.katalon.core.main.TestCaseExecutor.accessMainPhase(TestCaseExecutor.java:410)
	at com.kms.katalon.core.main.TestCaseExecutor.execute(TestCaseExecutor.java:285)
	at com.kms.katalon.core.main.TestCaseMain.runTestCase(TestCaseMain.java:142)
	at com.kms.katalon.core.keyword.builtin.CallTestCaseKeyword$_callTestCase_closure1.doCall(CallTestCaseKeyword.groovy:59)
	at com.kms.katalon.core.keyword.builtin.CallTestCaseKeyword$_callTestCase_closure1.call(CallTestCaseKeyword.groovy)
	at com.kms.katalon.core.keyword.internal.KeywordMain.runKeyword(KeywordMain.groovy:74)
	at com.kms.katalon.core.keyword.builtin.CallTestCaseKeyword.callTestCase(CallTestCaseKeyword.groovy:81)
	at com.kms.katalon.core.keyword.builtin.CallTestCaseKeyword.execute(CallTestCaseKeyword.groovy:44)
	at com.kms.katalon.core.keyword.internal.KeywordExecutor.executeKeywordForPlatform(KeywordExecutor.groovy:74)
	at com.kms.katalon.core.keyword.BuiltinKeywords.callTestCase(BuiltinKeywords.groovy:334)
	at TS_SMOKE_SUITE_077.run(TS_SMOKE_SUITE_077:46)
	at com.kms.katalon.core.main.ScriptEngine.run(ScriptEngine.java:194)
	at com.kms.katalon.core.main.ScriptEngine.runScriptAsRawText(ScriptEngine.java:119)
	at com.kms.katalon.core.main.TestCaseExecutor.runScript(TestCaseExecutor.java:448)
	at com.kms.katalon.core.main.TestCaseExecutor.doExecute(TestCaseExecutor.java:439)
	at com.kms.katalon.core.main.TestCaseExecutor.processExecutionPhase(TestCaseExecutor.java:418)
	at com.kms.katalon.core.main.TestCaseExecutor.accessMainPhase(TestCaseExecutor.java:410)
	at com.kms.katalon.core.main.TestCaseExecutor.execute(TestCaseExecutor.java:285)
	at com.kms.katalon.core.common.CommonExecutor.accessTestCaseMainPhase(CommonExecutor.java:65)
	at com.kms.katalon.core.main.TestSuiteExecutor.accessTestSuiteMainPhase(TestSuiteExecutor.java:151)
	at com.kms.katalon.core.main.TestSuiteExecutor.execute(TestSuiteExecutor.java:106)
	at com.kms.katalon.core.main.TestCaseMain.startTestSuite(TestCaseMain.java:185)
	at com.kms.katalon.core.main.TestCaseMain$startTestSuite$0.call(Unknown Source)
	at TempTestSuite1692183177032.run(TempTestSuite1692183177032.groovy:36)
Caused by: com.kms.katalon.core.exception.StepFailedException: Text 'csVWcpca' is not present on page 
	at com.kms.katalon.core.webui.keyword.internal.WebUIKeywordMain.stepFailed(WebUIKeywordMain.groovy:64)
	at com.kms.katalon.core.webui.keyword.builtin.VerifyTextPresentKeyword$_verifyTextPresent_closure1.doCall(VerifyTextPresentKeyword.groovy:79)
	at com.kms.katalon.core.webui.keyword.builtin.VerifyTextPresentKeyword$_verifyTextPresent_closure1.call(VerifyTextPresentKeyword.groovy)
	at com.kms.katalon.core.webui.keyword.internal.WebUIKeywordMain.runKeyword(WebUIKeywordMain.groovy:20)
	... 35 more
)
[[ATTACHMENT|D:\\backup\\Liverpool_SmokeSuite1\\Reports\\20230816_162257\\checkout\\20230816_162257\\1692184253709.png]]

2023-08-16 16:40:53 - [MESSAGE][FAILED] - Unable to call Test Case 'Test Cases/CommonMethods/create_new_CARD_OPC' (Root cause: com.kms.katalon.core.exception.StepFailedException: Call Test Case 'Test Cases/CommonMethods/create_new_CARD_OPC' failed
	at com.kms.katalon.core.keyword.builtin.CallTestCaseKeyword$_callTestCase_closure1.doCall(CallTestCaseKeyword.groovy:63)
	at com.kms.katalon.core.keyword.builtin.CallTestCaseKeyword$_callTestCase_closure1.call(CallTestCaseKeyword.groovy)
	at com.kms.katalon.core.keyword.internal.KeywordMain.runKeyword(KeywordMain.groovy:74)
	at com.kms.katalon.core.keyword.builtin.CallTestCaseKeyword.callTestCase(CallTestCaseKeyword.groovy:81)
	at com.kms.katalon.core.keyword.builtin.CallTestCaseKeyword.execute(CallTestCaseKeyword.groovy:44)
	at com.kms.katalon.core.keyword.internal.KeywordExecutor.executeKeywordForPlatform(KeywordExecutor.groovy:74)
	at com.kms.katalon.core.keyword.BuiltinKeywords.callTestCase(BuiltinKeywords.groovy:334)
	at TS_SMOKE_SUITE_077.run(TS_SMOKE_SUITE_077:46)
	at com.kms.katalon.core.main.ScriptEngine.run(ScriptEngine.java:194)
	at com.kms.katalon.core.main.ScriptEngine.runScriptAsRawText(ScriptEngine.java:119)
	at com.kms.katalon.core.main.TestCaseExecutor.runScript(TestCaseExecutor.java:448)
	at com.kms.katalon.core.main.TestCaseExecutor.doExecute(TestCaseExecutor.java:439)
	at com.kms.katalon.core.main.TestCaseExecutor.processExecutionPhase(TestCaseExecutor.java:418)
	at com.kms.katalon.core.main.TestCaseExecutor.accessMainPhase(TestCaseExecutor.java:410)
	at com.kms.katalon.core.main.TestCaseExecutor.execute(TestCaseExecutor.java:285)
	at com.kms.katalon.core.common.CommonExecutor.accessTestCaseMainPhase(CommonExecutor.java:65)
	at com.kms.katalon.core.main.TestSuiteExecutor.accessTestSuiteMainPhase(TestSuiteExecutor.java:151)
	at com.kms.katalon.core.main.TestSuiteExecutor.execute(TestSuiteExecutor.java:106)
	at com.kms.katalon.core.main.TestCaseMain.startTestSuite(TestCaseMain.java:185)
	at com.kms.katalon.core.main.TestCaseMain$startTestSuite$0.call(Unknown Source)
	at TempTestSuite1692183177032.run(TempTestSuite1692183177032.groovy:36)
Caused by: com.kms.katalon.core.exception.StepFailedException: Unable to verify text 'csVWcpca' is present 
	at com.kms.katalon.core.webui.keyword.internal.WebUIKeywordMain.stepFailed(WebUIKeywordMain.groovy:64)
	at com.kms.katalon.core.webui.keyword.internal.WebUIKeywordMain.runKeyword(WebUIKeywordMain.groovy:26)
	at com.kms.katalon.core.webui.keyword.builtin.VerifyTextPresentKeyword.verifyTextPresent(VerifyTextPresentKeyword.groovy:83)
	at com.kms.katalon.core.webui.keyword.builtin.VerifyTextPresentKeyword.execute(VerifyTextPresentKeyword.groovy:68)
	at com.kms.katalon.core.keyword.internal.KeywordExecutor.executeKeywordForPlatform(KeywordExecutor.groovy:74)
	at com.kms.katalon.core.webui.keyword.WebUiBuiltInKeywords.verifyTextPresent(WebUiBuiltInKeywords.groovy:1723)
	at com.kms.katalon.core.webui.keyword.WebUiBuiltInKeywords$verifyTextPresent$13.call(Unknown Source)
	at create_new_CARD_OPC.run(create_new_CARD_OPC:52)
	at com.kms.katalon.core.main.ScriptEngine.run(ScriptEngine.java:194)
	at com.kms.katalon.core.main.ScriptEngine.runScriptAsRawText(ScriptEngine.java:119)
	at com.kms.katalon.core.main.TestCaseExecutor.runScript(TestCaseExecutor.java:448)
	at com.kms.katalon.core.main.TestCaseExecutor.doExecute(TestCaseExecutor.java:439)
	at com.kms.katalon.core.main.TestCaseExecutor.processExecutionPhase(TestCaseExecutor.java:418)
	at com.kms.katalon.core.main.TestCaseExecutor.accessMainPhase(TestCaseExecutor.java:410)
	at com.kms.katalon.core.main.TestCaseExecutor.execute(TestCaseExecutor.java:285)
	at com.kms.katalon.core.main.TestCaseMain.runTestCase(TestCaseMain.java:142)
	at com.kms.katalon.core.keyword.builtin.CallTestCaseKeyword$_callTestCase_closure1.doCall(CallTestCaseKeyword.groovy:59)
	... 20 more
Caused by: com.kms.katalon.core.exception.StepFailedException: Text 'csVWcpca' is not present on page 
	at com.kms.katalon.core.webui.keyword.internal.WebUIKeywordMain.stepFailed(WebUIKeywordMain.groovy:64)
	at com.kms.katalon.core.webui.keyword.builtin.VerifyTextPresentKeyword$_verifyTextPresent_closure1.doCall(VerifyTextPresentKeyword.groovy:79)
	at com.kms.katalon.core.webui.keyword.builtin.VerifyTextPresentKeyword$_verifyTextPresent_closure1.call(VerifyTextPresentKeyword.groovy)
	at com.kms.katalon.core.webui.keyword.internal.WebUIKeywordMain.runKeyword(WebUIKeywordMain.groovy:20)
	... 35 more
)]]></system-out>
         <system-err><![CDATA[2023-08-16 16:36:55 - [TEST_CASE][FAILED] - Test Cases/Checkout/TS_SMOKE_SUITE_077: Test Cases/Checkout/TS_SMOKE_SUITE_077 FAILED.
Reason:
com.kms.katalon.core.exception.StepFailedException: Call Test Case 'Test Cases/CommonMethods/create_new_CARD_OPC' failed
	at com.kms.katalon.core.keyword.builtin.CallTestCaseKeyword$_callTestCase_closure1.doCall(CallTestCaseKeyword.groovy:63)
	at com.kms.katalon.core.keyword.builtin.CallTestCaseKeyword$_callTestCase_closure1.call(CallTestCaseKeyword.groovy)
	at com.kms.katalon.core.keyword.internal.KeywordMain.runKeyword(KeywordMain.groovy:74)
	at com.kms.katalon.core.keyword.builtin.CallTestCaseKeyword.callTestCase(CallTestCaseKeyword.groovy:81)
	at com.kms.katalon.core.keyword.builtin.CallTestCaseKeyword.execute(CallTestCaseKeyword.groovy:44)
	at com.kms.katalon.core.keyword.internal.KeywordExecutor.executeKeywordForPlatform(KeywordExecutor.groovy:74)
	at com.kms.katalon.core.keyword.BuiltinKeywords.callTestCase(BuiltinKeywords.groovy:334)
	at TS_SMOKE_SUITE_077.run(TS_SMOKE_SUITE_077:46)
	at com.kms.katalon.core.main.ScriptEngine.run(ScriptEngine.java:194)
	at com.kms.katalon.core.main.ScriptEngine.runScriptAsRawText(ScriptEngine.java:119)
	at com.kms.katalon.core.main.TestCaseExecutor.runScript(TestCaseExecutor.java:448)
	at com.kms.katalon.core.main.TestCaseExecutor.doExecute(TestCaseExecutor.java:439)
	at com.kms.katalon.core.main.TestCaseExecutor.processExecutionPhase(TestCaseExecutor.java:418)
	at com.kms.katalon.core.main.TestCaseExecutor.accessMainPhase(TestCaseExecutor.java:410)
	at com.kms.katalon.core.main.TestCaseExecutor.execute(TestCaseExecutor.java:285)
	at com.kms.katalon.core.common.CommonExecutor.accessTestCaseMainPhase(CommonExecutor.java:65)
	at com.kms.katalon.core.main.TestSuiteExecutor.accessTestSuiteMainPhase(TestSuiteExecutor.java:151)
	at com.kms.katalon.core.main.TestSuiteExecutor.execute(TestSuiteExecutor.java:106)
	at com.kms.katalon.core.main.TestCaseMain.startTestSuite(TestCaseMain.java:185)
	at com.kms.katalon.core.main.TestCaseMain$startTestSuite$0.call(Unknown Source)
	at TempTestSuite1692183177032.run(TempTestSuite1692183177032.groovy:36)
Caused by: com.kms.katalon.core.exception.StepFailedException: Unable to verify text 'csVWcpca' is present 
	at com.kms.katalon.core.webui.keyword.internal.WebUIKeywordMain.stepFailed(WebUIKeywordMain.groovy:64)
	at com.kms.katalon.core.webui.keyword.internal.WebUIKeywordMain.runKeyword(WebUIKeywordMain.groovy:26)
	at com.kms.katalon.core.webui.keyword.builtin.VerifyTextPresentKeyword.verifyTextPresent(VerifyTextPresentKeyword.groovy:83)
	at com.kms.katalon.core.webui.keyword.builtin.VerifyTextPresentKeyword.execute(VerifyTextPresentKeyword.groovy:68)
	at com.kms.katalon.core.keyword.internal.KeywordExecutor.executeKeywordForPlatform(KeywordExecutor.groovy:74)
	at com.kms.katalon.core.webui.keyword.WebUiBuiltInKeywords.verifyTextPresent(WebUiBuiltInKeywords.groovy:1723)
	at com.kms.katalon.core.webui.keyword.WebUiBuiltInKeywords$verifyTextPresent$13.call(Unknown Source)
	at create_new_CARD_OPC.run(create_new_CARD_OPC:52)
	at com.kms.katalon.core.main.ScriptEngine.run(ScriptEngine.java:194)
	at com.kms.katalon.core.main.ScriptEngine.runScriptAsRawText(ScriptEngine.java:119)
	at com.kms.katalon.core.main.TestCaseExecutor.runScript(TestCaseExecutor.java:448)
	at com.kms.katalon.core.main.TestCaseExecutor.doExecute(TestCaseExecutor.java:439)
	at com.kms.katalon.core.main.TestCaseExecutor.processExecutionPhase(TestCaseExecutor.java:418)
	at com.kms.katalon.core.main.TestCaseExecutor.accessMainPhase(TestCaseExecutor.java:410)
	at com.kms.katalon.core.main.TestCaseExecutor.execute(TestCaseExecutor.java:285)
	at com.kms.katalon.core.main.TestCaseMain.runTestCase(TestCaseMain.java:142)
	at com.kms.katalon.core.keyword.builtin.CallTestCaseKeyword$_callTestCase_closure1.doCall(CallTestCaseKeyword.groovy:59)
	... 20 more
Caused by: com.kms.katalon.core.exception.StepFailedException: Text 'csVWcpca' is not present on page 
	at com.kms.katalon.core.webui.keyword.internal.WebUIKeywordMain.stepFailed(WebUIKeywordMain.groovy:64)
	at com.kms.katalon.core.webui.keyword.builtin.VerifyTextPresentKeyword$_verifyTextPresent_closure1.doCall(VerifyTextPresentKeyword.groovy:79)
	at com.kms.katalon.core.webui.keyword.builtin.VerifyTextPresentKeyword$_verifyTextPresent_closure1.call(VerifyTextPresentKeyword.groovy)
	at com.kms.katalon.core.webui.keyword.internal.WebUIKeywordMain.runKeyword(WebUIKeywordMain.groovy:20)
	... 35 more]]></system-err>
      </testcase>
      <testcase name="Test Cases/Checkout/TS_SMOKE_SUITE_078" time="192.185" classname="Test Cases/Checkout/TS_SMOKE_SUITE_078" status="PASSED">
         <system-out><![CDATA[2023-08-16 16:40:53 - [TEST_CASE][PASSED] - Test Cases/Checkout/TS_SMOKE_SUITE_078: Test Cases/Checkout/TS_SMOKE_SUITE_078

2023-08-16 16:40:54 - [TEST_STEP][PASSED] - openBrowser(""): Browser is opened with url: ''

2023-08-16 16:40:54 - [MESSAGE][WARNING] - A browser is already opened. Closing browser and opening a new one

2023-08-16 16:40:56 - [MESSAGE][INFO] - Starting 'Chrome' driver

2023-08-16 16:40:56 - [MESSAGE][INFO] - Action delay is set to 0 milliseconds

2023-08-16 16:40:57 - [MESSAGE][PASSED] - Browser is opened with url: ''

2023-08-16 16:40:57 - [TEST_STEP][PASSED] - navigateToUrl(URL): Navigate to 'https://odtaqaa.liverpool.com.mx/tienda/home' successfully

2023-08-16 16:41:52 - [MESSAGE][PASSED] - Navigate to 'https://odtaqaa.liverpool.com.mx/tienda/home' successfully

2023-08-16 16:41:52 - [TEST_STEP][PASSED] - maximizeWindow(): Current window maximized

2023-08-16 16:41:52 - [MESSAGE][PASSED] - Current window maximized

2023-08-16 16:41:52 - [TEST_STEP][PASSED] - click(findTestObject("HomePage/Iniciar sesion")): Object: 'Object Repository/HomePage/Iniciar sesion' is clicked on

2023-08-16 16:41:53 - [MESSAGE][PASSED] - Object: 'Object Repository/HomePage/Iniciar sesion' is clicked on

2023-08-16 16:41:53 - [TEST_STEP][PASSED] - callTestCase(findTestCase("CommonMethods/login_odtaqab"), [:], STOP_ON_FAILURE): Call Test Case 'Test Cases/CommonMethods/login_odtaqab' successfully

2023-08-16 16:41:53 - [TEST_CASE][PASSED] - Test Cases/CommonMethods/login_odtaqab: Test Cases/CommonMethods/login_odtaqab

2023-08-16 16:41:54 - [TEST_STEP][PASSED] - click(findTestObject("HomePage/Iniciar sesion")): Object: 'Object Repository/HomePage/Iniciar sesion' is clicked on

2023-08-16 16:41:54 - [MESSAGE][PASSED] - Object: 'Object Repository/HomePage/Iniciar sesion' is clicked on

2023-08-16 16:41:54 - [TEST_STEP][PASSED] - click(findTestObject("HomePage/EnterUsername_LP")): Object: 'Object Repository/HomePage/EnterUsername_LP' is clicked on

2023-08-16 16:41:59 - [MESSAGE][PASSED] - Object: 'Object Repository/HomePage/EnterUsername_LP' is clicked on

2023-08-16 16:41:59 - [TEST_STEP][PASSED] - setText(findTestObject("HomePage/EnterUsername_LP"), username): Text 'hcheruvu29@digisprint.com' is set on object 'Object Repository/HomePage/EnterUsername_LP'

2023-08-16 16:42:00 - [MESSAGE][PASSED] - Text 'hcheruvu29@digisprint.com' is set on object 'Object Repository/HomePage/EnterUsername_LP'

2023-08-16 16:42:00 - [TEST_STEP][PASSED] - delay(2): Delayed 2 second(s)

2023-08-16 16:42:02 - [MESSAGE][PASSED] - Delayed 2 second(s)

2023-08-16 16:42:02 - [TEST_STEP][PASSED] - click(findTestObject("HomePage/EnterPassword_LP")): Object: 'Object Repository/HomePage/EnterPassword_LP' is clicked on

2023-08-16 16:42:02 - [MESSAGE][PASSED] - Object: 'Object Repository/HomePage/EnterPassword_LP' is clicked on

2023-08-16 16:42:02 - [TEST_STEP][PASSED] - delay(2): Delayed 2 second(s)

2023-08-16 16:42:04 - [MESSAGE][PASSED] - Delayed 2 second(s)

2023-08-16 16:42:04 - [TEST_STEP][PASSED] - setText(findTestObject("HomePage/EnterPassword_LP"), password): Text 'Test@12345' is set on object 'Object Repository/HomePage/EnterPassword_LP'

2023-08-16 16:42:05 - [MESSAGE][PASSED] - Text 'Test@12345' is set on object 'Object Repository/HomePage/EnterPassword_LP'

2023-08-16 16:42:05 - [TEST_STEP][PASSED] - click(findTestObject("HomePage/inciar")): Object: 'Object Repository/HomePage/inciar' is clicked on

2023-08-16 16:42:16 - [MESSAGE][PASSED] - Object: 'Object Repository/HomePage/inciar' is clicked on

2023-08-16 16:42:16 - [MESSAGE][PASSED] - Call Test Case 'Test Cases/CommonMethods/login_odtaqab' successfully

2023-08-16 16:42:16 - [TEST_STEP][PASSED] - callTestCase(findTestCase("CommonMethods/SearchForAProduct_search"), ["searchTerm":SLProduct], STOP_ON_FAILURE): Call Test Case 'Test Cases/CommonMethods/SearchForAProduct_search' successfully

2023-08-16 16:42:16 - [TEST_CASE][PASSED] - Test Cases/CommonMethods/SearchForAProduct_search: Test Cases/CommonMethods/SearchForAProduct_search

2023-08-16 16:42:16 - [TEST_STEP][PASSED] - click(findTestObject("HomePage/Buscar1"), STOP_ON_FAILURE): Object: 'Object Repository/HomePage/Buscar1' is clicked on

2023-08-16 16:43:02 - [MESSAGE][PASSED] - Object: 'Object Repository/HomePage/Buscar1' is clicked on

2023-08-16 16:43:02 - [TEST_STEP][PASSED] - delay(3): Delayed 3 second(s)

2023-08-16 16:43:05 - [MESSAGE][PASSED] - Delayed 3 second(s)

2023-08-16 16:43:05 - [TEST_STEP][PASSED] - setText(findTestObject("HomePage/Buscar1"), searchTerm): Text 'vaso' is set on object 'Object Repository/HomePage/Buscar1'

2023-08-16 16:43:05 - [MESSAGE][PASSED] - Text 'vaso' is set on object 'Object Repository/HomePage/Buscar1'

2023-08-16 16:43:05 - [TEST_STEP][PASSED] - delay(3): Delayed 3 second(s)

2023-08-16 16:43:08 - [MESSAGE][PASSED] - Delayed 3 second(s)

2023-08-16 16:43:08 - [TEST_STEP][PASSED] - sendKeys(findTestObject("HomePage/Seach_TextBox_hp"), Keys.chord(ENTER)): Keys 'ENTER + ' sent to object: 'Object Repository/HomePage/Seach_TextBox_hp'

2023-08-16 16:43:09 - [MESSAGE][PASSED] - Keys 'ENTER + ' sent to object: 'Object Repository/HomePage/Seach_TextBox_hp'

2023-08-16 16:43:09 - [MESSAGE][PASSED] - Call Test Case 'Test Cases/CommonMethods/SearchForAProduct_search' successfully

2023-08-16 16:43:09 - [TEST_STEP][PASSED] - click(findTestObject("PLPPage/product2_cardPrice_PLP")): Object: 'Object Repository/PLPPage/product2_cardPrice_PLP' is clicked on

2023-08-16 16:43:31 - [MESSAGE][PASSED] - Object: 'Object Repository/PLPPage/product2_cardPrice_PLP' is clicked on

2023-08-16 16:43:31 - [TEST_STEP][PASSED] - click(findTestObject("PDPPage/AddToCart_PDP")): Object: 'Object Repository/PDPPage/AddToCart_PDP' is clicked on

2023-08-16 16:43:39 - [MESSAGE][PASSED] - Object: 'Object Repository/PDPPage/AddToCart_PDP' is clicked on

2023-08-16 16:43:39 - [TEST_STEP][PASSED] - click(findTestObject("HomePage/bag_header_HP")): Object: 'Object Repository/HomePage/bag_header_HP' is clicked on

2023-08-16 16:43:41 - [MESSAGE][PASSED] - Object: 'Object Repository/HomePage/bag_header_HP' is clicked on

2023-08-16 16:43:41 - [TEST_STEP][PASSED] - click(findTestObject("CartPage/BuyButton_Cart")): Object: 'Object Repository/CartPage/BuyButton_Cart' is clicked on

2023-08-16 16:43:44 - [MESSAGE][PASSED] - Object: 'Object Repository/CartPage/BuyButton_Cart' is clicked on

2023-08-16 16:43:44 - [TEST_STEP][PASSED] - click(findTestObject("OPCPage/paymentMethod_change_OPC")): Object: 'Object Repository/OPCPage/paymentMethod_change_OPC' is clicked on

2023-08-16 16:43:53 - [MESSAGE][PASSED] - Object: 'Object Repository/OPCPage/paymentMethod_change_OPC' is clicked on

2023-08-16 16:43:53 - [TEST_STEP][PASSED] - click(findTestObject("OPCPage/paymentMethod_button3_OPC")): Object: 'Object Repository/OPCPage/paymentMethod_button3_OPC' is clicked on

2023-08-16 16:43:55 - [MESSAGE][PASSED] - Object: 'Object Repository/OPCPage/paymentMethod_button3_OPC' is clicked on

2023-08-16 16:43:55 - [TEST_STEP][PASSED] - click(findTestObject("OPCPage/Continue_payment_3rdmethod_OPC")): Object: 'Object Repository/OPCPage/Continue_payment_3rdmethod_OPC' is clicked on

2023-08-16 16:43:58 - [MESSAGE][PASSED] - Object: 'Object Repository/OPCPage/Continue_payment_3rdmethod_OPC' is clicked on

2023-08-16 16:43:58 - [TEST_STEP][PASSED] - click(findTestObject("OPCPage/Final_comparar_OPC")): Object: 'Object Repository/OPCPage/Final_comparar_OPC' is clicked on

2023-08-16 16:44:05 - [MESSAGE][PASSED] - Object: 'Object Repository/OPCPage/Final_comparar_OPC' is clicked on

2023-08-16 16:44:05 - [TEST_STEP][PASSED] - closeBrowser(): Browser is closed

2023-08-16 16:44:06 - [MESSAGE][PASSED] - Browser is closed]]></system-out>
         <system-err><![CDATA[]]></system-err>
      </testcase>
      <testcase name="Test Cases/Checkout/TS_SMOKE_SUITE_080" time="115.395" classname="Test Cases/Checkout/TS_SMOKE_SUITE_080" status="FAILED">
         <failure type="FAILED" message="Test Cases/Checkout/TS_SMOKE_SUITE_080 FAILED.
Reason:
com.kms.katalon.core.exception.StepFailedException: Call Test Case 'Test Cases/CommonMethods/login_odtaqab' failed
	at com.kms.katalon.core.keyword.builtin.CallTestCaseKeyword$_callTestCase_closure1.doCall(CallTestCaseKeyword.groovy:63)
	at com.kms.katalon.core.keyword.builtin.CallTestCaseKeyword$_callTestCase_closure1.call(CallTestCaseKeyword.groovy)
	at com.kms.katalon.core.keyword.internal.KeywordMain.runKeyword(KeywordMain.groovy:74)
	at com.kms.katalon.core.keyword.builtin.CallTestCaseKeyword.callTestCase(CallTestCaseKeyword.groovy:81)
	at com.kms.katalon.core.keyword.builtin.CallTestCaseKeyword.execute(CallTestCaseKeyword.groovy:44)
	at com.kms.katalon.core.keyword.internal.KeywordExecutor.executeKeywordForPlatform(KeywordExecutor.groovy:74)
	at com.kms.katalon.core.keyword.BuiltinKeywords.callTestCase(BuiltinKeywords.groovy:334)
	at TS_SMOKE_SUITE_080.run(TS_SMOKE_SUITE_080:29)
	at com.kms.katalon.core.main.ScriptEngine.run(ScriptEngine.java:194)
	at com.kms.katalon.core.main.ScriptEngine.runScriptAsRawText(ScriptEngine.java:119)
	at com.kms.katalon.core.main.TestCaseExecutor.runScript(TestCaseExecutor.java:448)
	at com.kms.katalon.core.main.TestCaseExecutor.doExecute(TestCaseExecutor.java:439)
	at com.kms.katalon.core.main.TestCaseExecutor.processExecutionPhase(TestCaseExecutor.java:418)
	at com.kms.katalon.core.main.TestCaseExecutor.accessMainPhase(TestCaseExecutor.java:410)
	at com.kms.katalon.core.main.TestCaseExecutor.execute(TestCaseExecutor.java:285)
	at com.kms.katalon.core.common.CommonExecutor.accessTestCaseMainPhase(CommonExecutor.java:65)
	at com.kms.katalon.core.main.TestSuiteExecutor.accessTestSuiteMainPhase(TestSuiteExecutor.java:151)
	at com.kms.katalon.core.main.TestSuiteExecutor.execute(TestSuiteExecutor.java:106)
	at com.kms.katalon.core.main.TestCaseMain.startTestSuite(TestCaseMain.java:185)
	at com.kms.katalon.core.main.TestCaseMain$startTestSuite$0.call(Unknown Source)
	at TempTestSuite1692183177032.run(TempTestSuite1692183177032.groovy:36)
Caused by: com.kms.katalon.core.exception.StepFailedException: Unable to click on object 'Object Repository/HomePage/EnterUsername_LP'
	at com.kms.katalon.core.webui.keyword.internal.WebUIKeywordMain.stepFailed(WebUIKeywordMain.groovy:64)
	at com.kms.katalon.core.webui.keyword.internal.WebUIKeywordMain.runKeyword(WebUIKeywordMain.groovy:26)
	at com.kms.katalon.core.webui.keyword.builtin.ClickKeyword.click(ClickKeyword.groovy:74)
	at com.kms.katalon.core.webui.keyword.builtin.ClickKeyword.execute(ClickKeyword.groovy:40)
	at com.kms.katalon.core.keyword.internal.KeywordExecutor.executeKeywordForPlatform(KeywordExecutor.groovy:74)
	at com.kms.katalon.core.webui.keyword.WebUiBuiltInKeywords.click(WebUiBuiltInKeywords.groovy:620)
	at com.kms.katalon.core.webui.keyword.WebUiBuiltInKeywords$click$2.call(Unknown Source)
	at login_odtaqab.run(login_odtaqab:22)
	at com.kms.katalon.core.main.ScriptEngine.run(ScriptEngine.java:194)
	at com.kms.katalon.core.main.ScriptEngine.runScriptAsRawText(ScriptEngine.java:119)
	at com.kms.katalon.core.main.TestCaseExecutor.runScript(TestCaseExecutor.java:448)
	at com.kms.katalon.core.main.TestCaseExecutor.doExecute(TestCaseExecutor.java:439)
	at com.kms.katalon.core.main.TestCaseExecutor.processExecutionPhase(TestCaseExecutor.java:418)
	at com.kms.katalon.core.main.TestCaseExecutor.accessMainPhase(TestCaseExecutor.java:410)
	at com.kms.katalon.core.main.TestCaseExecutor.execute(TestCaseExecutor.java:285)
	at com.kms.katalon.core.main.TestCaseMain.runTestCase(TestCaseMain.java:142)
	at com.kms.katalon.core.keyword.builtin.CallTestCaseKeyword$_callTestCase_closure1.doCall(CallTestCaseKeyword.groovy:59)
	... 20 more
Caused by: com.kms.katalon.core.webui.exception.WebElementNotFoundException: Web element with id: 'Object Repository/HomePage/EnterUsername_LP' located by '//input[@id='username']' not found
	at com.kms.katalon.core.webui.common.WebUiCommonHelper.findWebElement(WebUiCommonHelper.java:1370)
	at com.kms.katalon.core.webui.keyword.internal.WebUIAbstractKeyword.findWebElement(WebUIAbstractKeyword.groovy:27)
	at com.kms.katalon.core.webui.keyword.builtin.ClickKeyword$_click_closure1.doCall(ClickKeyword.groovy:65)
	at com.kms.katalon.core.webui.keyword.builtin.ClickKeyword$_click_closure1.call(ClickKeyword.groovy)
	at com.kms.katalon.core.webui.keyword.internal.WebUIKeywordMain.runKeyword(WebUIKeywordMain.groovy:20)
	... 35 more
"/>
         <system-out><![CDATA[2023-08-16 16:44:06 - [TEST_CASE][FAILED] - Test Cases/Checkout/TS_SMOKE_SUITE_080: Test Cases/Checkout/TS_SMOKE_SUITE_080 FAILED.
Reason:
com.kms.katalon.core.exception.StepFailedException: Call Test Case 'Test Cases/CommonMethods/login_odtaqab' failed
	at com.kms.katalon.core.keyword.builtin.CallTestCaseKeyword$_callTestCase_closure1.doCall(CallTestCaseKeyword.groovy:63)
	at com.kms.katalon.core.keyword.builtin.CallTestCaseKeyword$_callTestCase_closure1.call(CallTestCaseKeyword.groovy)
	at com.kms.katalon.core.keyword.internal.KeywordMain.runKeyword(KeywordMain.groovy:74)
	at com.kms.katalon.core.keyword.builtin.CallTestCaseKeyword.callTestCase(CallTestCaseKeyword.groovy:81)
	at com.kms.katalon.core.keyword.builtin.CallTestCaseKeyword.execute(CallTestCaseKeyword.groovy:44)
	at com.kms.katalon.core.keyword.internal.KeywordExecutor.executeKeywordForPlatform(KeywordExecutor.groovy:74)
	at com.kms.katalon.core.keyword.BuiltinKeywords.callTestCase(BuiltinKeywords.groovy:334)
	at TS_SMOKE_SUITE_080.run(TS_SMOKE_SUITE_080:29)
	at com.kms.katalon.core.main.ScriptEngine.run(ScriptEngine.java:194)
	at com.kms.katalon.core.main.ScriptEngine.runScriptAsRawText(ScriptEngine.java:119)
	at com.kms.katalon.core.main.TestCaseExecutor.runScript(TestCaseExecutor.java:448)
	at com.kms.katalon.core.main.TestCaseExecutor.doExecute(TestCaseExecutor.java:439)
	at com.kms.katalon.core.main.TestCaseExecutor.processExecutionPhase(TestCaseExecutor.java:418)
	at com.kms.katalon.core.main.TestCaseExecutor.accessMainPhase(TestCaseExecutor.java:410)
	at com.kms.katalon.core.main.TestCaseExecutor.execute(TestCaseExecutor.java:285)
	at com.kms.katalon.core.common.CommonExecutor.accessTestCaseMainPhase(CommonExecutor.java:65)
	at com.kms.katalon.core.main.TestSuiteExecutor.accessTestSuiteMainPhase(TestSuiteExecutor.java:151)
	at com.kms.katalon.core.main.TestSuiteExecutor.execute(TestSuiteExecutor.java:106)
	at com.kms.katalon.core.main.TestCaseMain.startTestSuite(TestCaseMain.java:185)
	at com.kms.katalon.core.main.TestCaseMain$startTestSuite$0.call(Unknown Source)
	at TempTestSuite1692183177032.run(TempTestSuite1692183177032.groovy:36)
Caused by: com.kms.katalon.core.exception.StepFailedException: Unable to click on object 'Object Repository/HomePage/EnterUsername_LP'
	at com.kms.katalon.core.webui.keyword.internal.WebUIKeywordMain.stepFailed(WebUIKeywordMain.groovy:64)
	at com.kms.katalon.core.webui.keyword.internal.WebUIKeywordMain.runKeyword(WebUIKeywordMain.groovy:26)
	at com.kms.katalon.core.webui.keyword.builtin.ClickKeyword.click(ClickKeyword.groovy:74)
	at com.kms.katalon.core.webui.keyword.builtin.ClickKeyword.execute(ClickKeyword.groovy:40)
	at com.kms.katalon.core.keyword.internal.KeywordExecutor.executeKeywordForPlatform(KeywordExecutor.groovy:74)
	at com.kms.katalon.core.webui.keyword.WebUiBuiltInKeywords.click(WebUiBuiltInKeywords.groovy:620)
	at com.kms.katalon.core.webui.keyword.WebUiBuiltInKeywords$click$2.call(Unknown Source)
	at login_odtaqab.run(login_odtaqab:22)
	at com.kms.katalon.core.main.ScriptEngine.run(ScriptEngine.java:194)
	at com.kms.katalon.core.main.ScriptEngine.runScriptAsRawText(ScriptEngine.java:119)
	at com.kms.katalon.core.main.TestCaseExecutor.runScript(TestCaseExecutor.java:448)
	at com.kms.katalon.core.main.TestCaseExecutor.doExecute(TestCaseExecutor.java:439)
	at com.kms.katalon.core.main.TestCaseExecutor.processExecutionPhase(TestCaseExecutor.java:418)
	at com.kms.katalon.core.main.TestCaseExecutor.accessMainPhase(TestCaseExecutor.java:410)
	at com.kms.katalon.core.main.TestCaseExecutor.execute(TestCaseExecutor.java:285)
	at com.kms.katalon.core.main.TestCaseMain.runTestCase(TestCaseMain.java:142)
	at com.kms.katalon.core.keyword.builtin.CallTestCaseKeyword$_callTestCase_closure1.doCall(CallTestCaseKeyword.groovy:59)
	... 20 more
Caused by: com.kms.katalon.core.webui.exception.WebElementNotFoundException: Web element with id: 'Object Repository/HomePage/EnterUsername_LP' located by '//input[@id='username']' not found
	at com.kms.katalon.core.webui.common.WebUiCommonHelper.findWebElement(WebUiCommonHelper.java:1370)
	at com.kms.katalon.core.webui.keyword.internal.WebUIAbstractKeyword.findWebElement(WebUIAbstractKeyword.groovy:27)
	at com.kms.katalon.core.webui.keyword.builtin.ClickKeyword$_click_closure1.doCall(ClickKeyword.groovy:65)
	at com.kms.katalon.core.webui.keyword.builtin.ClickKeyword$_click_closure1.call(ClickKeyword.groovy)
	at com.kms.katalon.core.webui.keyword.internal.WebUIKeywordMain.runKeyword(WebUIKeywordMain.groovy:20)
	... 35 more


2023-08-16 16:44:06 - [TEST_STEP][PASSED] - openBrowser(""): Browser is opened with url: ''

2023-08-16 16:44:06 - [MESSAGE][INFO] - Starting 'Chrome' driver

2023-08-16 16:44:06 - [MESSAGE][INFO] - Action delay is set to 0 milliseconds

2023-08-16 16:44:08 - [MESSAGE][PASSED] - Browser is opened with url: ''

2023-08-16 16:44:08 - [TEST_STEP][PASSED] - navigateToUrl(URL): Navigate to 'https://odtaqaa.liverpool.com.mx/tienda/home' successfully

2023-08-16 16:45:15 - [MESSAGE][PASSED] - Navigate to 'https://odtaqaa.liverpool.com.mx/tienda/home' successfully

2023-08-16 16:45:15 - [TEST_STEP][PASSED] - maximizeWindow(): Current window maximized

2023-08-16 16:45:16 - [MESSAGE][PASSED] - Current window maximized

2023-08-16 16:45:16 - [TEST_STEP][PASSED] - click(findTestObject("HomePage/Iniciar sesion")): Object: 'Object Repository/HomePage/Iniciar sesion' is clicked on

2023-08-16 16:45:16 - [MESSAGE][PASSED] - Object: 'Object Repository/HomePage/Iniciar sesion' is clicked on

2023-08-16 16:45:16 - [TEST_STEP][FAILED] - callTestCase(findTestCase("CommonMethods/login_odtaqab"), [:], STOP_ON_FAILURE): Unable to call Test Case 'Test Cases/CommonMethods/login_odtaqab' (Root cause: com.kms.katalon.core.exception.StepFailedException: Call Test Case 'Test Cases/CommonMethods/login_odtaqab' failed
	at com.kms.katalon.core.keyword.builtin.CallTestCaseKeyword$_callTestCase_closure1.doCall(CallTestCaseKeyword.groovy:63)
	at com.kms.katalon.core.keyword.builtin.CallTestCaseKeyword$_callTestCase_closure1.call(CallTestCaseKeyword.groovy)
	at com.kms.katalon.core.keyword.internal.KeywordMain.runKeyword(KeywordMain.groovy:74)
	at com.kms.katalon.core.keyword.builtin.CallTestCaseKeyword.callTestCase(CallTestCaseKeyword.groovy:81)
	at com.kms.katalon.core.keyword.builtin.CallTestCaseKeyword.execute(CallTestCaseKeyword.groovy:44)
	at com.kms.katalon.core.keyword.internal.KeywordExecutor.executeKeywordForPlatform(KeywordExecutor.groovy:74)
	at com.kms.katalon.core.keyword.BuiltinKeywords.callTestCase(BuiltinKeywords.groovy:334)
	at TS_SMOKE_SUITE_080.run(TS_SMOKE_SUITE_080:29)
	at com.kms.katalon.core.main.ScriptEngine.run(ScriptEngine.java:194)
	at com.kms.katalon.core.main.ScriptEngine.runScriptAsRawText(ScriptEngine.java:119)
	at com.kms.katalon.core.main.TestCaseExecutor.runScript(TestCaseExecutor.java:448)
	at com.kms.katalon.core.main.TestCaseExecutor.doExecute(TestCaseExecutor.java:439)
	at com.kms.katalon.core.main.TestCaseExecutor.processExecutionPhase(TestCaseExecutor.java:418)
	at com.kms.katalon.core.main.TestCaseExecutor.accessMainPhase(TestCaseExecutor.java:410)
	at com.kms.katalon.core.main.TestCaseExecutor.execute(TestCaseExecutor.java:285)
	at com.kms.katalon.core.common.CommonExecutor.accessTestCaseMainPhase(CommonExecutor.java:65)
	at com.kms.katalon.core.main.TestSuiteExecutor.accessTestSuiteMainPhase(TestSuiteExecutor.java:151)
	at com.kms.katalon.core.main.TestSuiteExecutor.execute(TestSuiteExecutor.java:106)
	at com.kms.katalon.core.main.TestCaseMain.startTestSuite(TestCaseMain.java:185)
	at com.kms.katalon.core.main.TestCaseMain$startTestSuite$0.call(Unknown Source)
	at TempTestSuite1692183177032.run(TempTestSuite1692183177032.groovy:36)
Caused by: com.kms.katalon.core.exception.StepFailedException: Unable to click on object 'Object Repository/HomePage/EnterUsername_LP'
	at com.kms.katalon.core.webui.keyword.internal.WebUIKeywordMain.stepFailed(WebUIKeywordMain.groovy:64)
	at com.kms.katalon.core.webui.keyword.internal.WebUIKeywordMain.runKeyword(WebUIKeywordMain.groovy:26)
	at com.kms.katalon.core.webui.keyword.builtin.ClickKeyword.click(ClickKeyword.groovy:74)
	at com.kms.katalon.core.webui.keyword.builtin.ClickKeyword.execute(ClickKeyword.groovy:40)
	at com.kms.katalon.core.keyword.internal.KeywordExecutor.executeKeywordForPlatform(KeywordExecutor.groovy:74)
	at com.kms.katalon.core.webui.keyword.WebUiBuiltInKeywords.click(WebUiBuiltInKeywords.groovy:620)
	at com.kms.katalon.core.webui.keyword.WebUiBuiltInKeywords$click$2.call(Unknown Source)
	at login_odtaqab.run(login_odtaqab:22)
	at com.kms.katalon.core.main.ScriptEngine.run(ScriptEngine.java:194)
	at com.kms.katalon.core.main.ScriptEngine.runScriptAsRawText(ScriptEngine.java:119)
	at com.kms.katalon.core.main.TestCaseExecutor.runScript(TestCaseExecutor.java:448)
	at com.kms.katalon.core.main.TestCaseExecutor.doExecute(TestCaseExecutor.java:439)
	at com.kms.katalon.core.main.TestCaseExecutor.processExecutionPhase(TestCaseExecutor.java:418)
	at com.kms.katalon.core.main.TestCaseExecutor.accessMainPhase(TestCaseExecutor.java:410)
	at com.kms.katalon.core.main.TestCaseExecutor.execute(TestCaseExecutor.java:285)
	at com.kms.katalon.core.main.TestCaseMain.runTestCase(TestCaseMain.java:142)
	at com.kms.katalon.core.keyword.builtin.CallTestCaseKeyword$_callTestCase_closure1.doCall(CallTestCaseKeyword.groovy:59)
	... 20 more
Caused by: com.kms.katalon.core.webui.exception.WebElementNotFoundException: Web element with id: 'Object Repository/HomePage/EnterUsername_LP' located by '//input[@id='username']' not found
	at com.kms.katalon.core.webui.common.WebUiCommonHelper.findWebElement(WebUiCommonHelper.java:1370)
	at com.kms.katalon.core.webui.keyword.internal.WebUIAbstractKeyword.findWebElement(WebUIAbstractKeyword.groovy:27)
	at com.kms.katalon.core.webui.keyword.builtin.ClickKeyword$_click_closure1.doCall(ClickKeyword.groovy:65)
	at com.kms.katalon.core.webui.keyword.builtin.ClickKeyword$_click_closure1.call(ClickKeyword.groovy)
	at com.kms.katalon.core.webui.keyword.internal.WebUIKeywordMain.runKeyword(WebUIKeywordMain.groovy:20)
	... 35 more
)

2023-08-16 16:45:17 - [TEST_CASE][FAILED] - Test Cases/CommonMethods/login_odtaqab: Test Cases/CommonMethods/login_odtaqab FAILED.
Reason:
com.kms.katalon.core.exception.StepFailedException: Unable to click on object 'Object Repository/HomePage/EnterUsername_LP'
	at com.kms.katalon.core.webui.keyword.internal.WebUIKeywordMain.stepFailed(WebUIKeywordMain.groovy:64)
	at com.kms.katalon.core.webui.keyword.internal.WebUIKeywordMain.runKeyword(WebUIKeywordMain.groovy:26)
	at com.kms.katalon.core.webui.keyword.builtin.ClickKeyword.click(ClickKeyword.groovy:74)
	at com.kms.katalon.core.webui.keyword.builtin.ClickKeyword.execute(ClickKeyword.groovy:40)
	at com.kms.katalon.core.keyword.internal.KeywordExecutor.executeKeywordForPlatform(KeywordExecutor.groovy:74)
	at com.kms.katalon.core.webui.keyword.WebUiBuiltInKeywords.click(WebUiBuiltInKeywords.groovy:620)
	at com.kms.katalon.core.webui.keyword.WebUiBuiltInKeywords$click$2.call(Unknown Source)
	at login_odtaqab.run(login_odtaqab:22)
	at com.kms.katalon.core.main.ScriptEngine.run(ScriptEngine.java:194)
	at com.kms.katalon.core.main.ScriptEngine.runScriptAsRawText(ScriptEngine.java:119)
	at com.kms.katalon.core.main.TestCaseExecutor.runScript(TestCaseExecutor.java:448)
	at com.kms.katalon.core.main.TestCaseExecutor.doExecute(TestCaseExecutor.java:439)
	at com.kms.katalon.core.main.TestCaseExecutor.processExecutionPhase(TestCaseExecutor.java:418)
	at com.kms.katalon.core.main.TestCaseExecutor.accessMainPhase(TestCaseExecutor.java:410)
	at com.kms.katalon.core.main.TestCaseExecutor.execute(TestCaseExecutor.java:285)
	at com.kms.katalon.core.main.TestCaseMain.runTestCase(TestCaseMain.java:142)
	at com.kms.katalon.core.keyword.builtin.CallTestCaseKeyword$_callTestCase_closure1.doCall(CallTestCaseKeyword.groovy:59)
	at com.kms.katalon.core.keyword.builtin.CallTestCaseKeyword$_callTestCase_closure1.call(CallTestCaseKeyword.groovy)
	at com.kms.katalon.core.keyword.internal.KeywordMain.runKeyword(KeywordMain.groovy:74)
	at com.kms.katalon.core.keyword.builtin.CallTestCaseKeyword.callTestCase(CallTestCaseKeyword.groovy:81)
	at com.kms.katalon.core.keyword.builtin.CallTestCaseKeyword.execute(CallTestCaseKeyword.groovy:44)
	at com.kms.katalon.core.keyword.internal.KeywordExecutor.executeKeywordForPlatform(KeywordExecutor.groovy:74)
	at com.kms.katalon.core.keyword.BuiltinKeywords.callTestCase(BuiltinKeywords.groovy:334)
	at TS_SMOKE_SUITE_080.run(TS_SMOKE_SUITE_080:29)
	at com.kms.katalon.core.main.ScriptEngine.run(ScriptEngine.java:194)
	at com.kms.katalon.core.main.ScriptEngine.runScriptAsRawText(ScriptEngine.java:119)
	at com.kms.katalon.core.main.TestCaseExecutor.runScript(TestCaseExecutor.java:448)
	at com.kms.katalon.core.main.TestCaseExecutor.doExecute(TestCaseExecutor.java:439)
	at com.kms.katalon.core.main.TestCaseExecutor.processExecutionPhase(TestCaseExecutor.java:418)
	at com.kms.katalon.core.main.TestCaseExecutor.accessMainPhase(TestCaseExecutor.java:410)
	at com.kms.katalon.core.main.TestCaseExecutor.execute(TestCaseExecutor.java:285)
	at com.kms.katalon.core.common.CommonExecutor.accessTestCaseMainPhase(CommonExecutor.java:65)
	at com.kms.katalon.core.main.TestSuiteExecutor.accessTestSuiteMainPhase(TestSuiteExecutor.java:151)
	at com.kms.katalon.core.main.TestSuiteExecutor.execute(TestSuiteExecutor.java:106)
	at com.kms.katalon.core.main.TestCaseMain.startTestSuite(TestCaseMain.java:185)
	at com.kms.katalon.core.main.TestCaseMain$startTestSuite$0.call(Unknown Source)
	at TempTestSuite1692183177032.run(TempTestSuite1692183177032.groovy:36)
Caused by: com.kms.katalon.core.webui.exception.WebElementNotFoundException: Web element with id: 'Object Repository/HomePage/EnterUsername_LP' located by '//input[@id='username']' not found
	at com.kms.katalon.core.webui.common.WebUiCommonHelper.findWebElement(WebUiCommonHelper.java:1370)
	at com.kms.katalon.core.webui.keyword.internal.WebUIAbstractKeyword.findWebElement(WebUIAbstractKeyword.groovy:27)
	at com.kms.katalon.core.webui.keyword.builtin.ClickKeyword$_click_closure1.doCall(ClickKeyword.groovy:65)
	at com.kms.katalon.core.webui.keyword.builtin.ClickKeyword$_click_closure1.call(ClickKeyword.groovy)
	at com.kms.katalon.core.webui.keyword.internal.WebUIKeywordMain.runKeyword(WebUIKeywordMain.groovy:20)
	... 35 more


2023-08-16 16:45:17 - [TEST_STEP][PASSED] - click(findTestObject("HomePage/Iniciar sesion")): Object: 'Object Repository/HomePage/Iniciar sesion' is clicked on

2023-08-16 16:45:17 - [MESSAGE][PASSED] - Object: 'Object Repository/HomePage/Iniciar sesion' is clicked on

2023-08-16 16:45:17 - [TEST_STEP][FAILED] - click(findTestObject("HomePage/EnterUsername_LP")): Unable to click on object 'Object Repository/HomePage/EnterUsername_LP' (Root cause: com.kms.katalon.core.exception.StepFailedException: Unable to click on object 'Object Repository/HomePage/EnterUsername_LP'
	at com.kms.katalon.core.webui.keyword.internal.WebUIKeywordMain.stepFailed(WebUIKeywordMain.groovy:64)
	at com.kms.katalon.core.webui.keyword.internal.WebUIKeywordMain.runKeyword(WebUIKeywordMain.groovy:26)
	at com.kms.katalon.core.webui.keyword.builtin.ClickKeyword.click(ClickKeyword.groovy:74)
	at com.kms.katalon.core.webui.keyword.builtin.ClickKeyword.execute(ClickKeyword.groovy:40)
	at com.kms.katalon.core.keyword.internal.KeywordExecutor.executeKeywordForPlatform(KeywordExecutor.groovy:74)
	at com.kms.katalon.core.webui.keyword.WebUiBuiltInKeywords.click(WebUiBuiltInKeywords.groovy:620)
	at com.kms.katalon.core.webui.keyword.WebUiBuiltInKeywords$click$2.call(Unknown Source)
	at login_odtaqab.run(login_odtaqab:22)
	at com.kms.katalon.core.main.ScriptEngine.run(ScriptEngine.java:194)
	at com.kms.katalon.core.main.ScriptEngine.runScriptAsRawText(ScriptEngine.java:119)
	at com.kms.katalon.core.main.TestCaseExecutor.runScript(TestCaseExecutor.java:448)
	at com.kms.katalon.core.main.TestCaseExecutor.doExecute(TestCaseExecutor.java:439)
	at com.kms.katalon.core.main.TestCaseExecutor.processExecutionPhase(TestCaseExecutor.java:418)
	at com.kms.katalon.core.main.TestCaseExecutor.accessMainPhase(TestCaseExecutor.java:410)
	at com.kms.katalon.core.main.TestCaseExecutor.execute(TestCaseExecutor.java:285)
	at com.kms.katalon.core.main.TestCaseMain.runTestCase(TestCaseMain.java:142)
	at com.kms.katalon.core.keyword.builtin.CallTestCaseKeyword$_callTestCase_closure1.doCall(CallTestCaseKeyword.groovy:59)
	at com.kms.katalon.core.keyword.builtin.CallTestCaseKeyword$_callTestCase_closure1.call(CallTestCaseKeyword.groovy)
	at com.kms.katalon.core.keyword.internal.KeywordMain.runKeyword(KeywordMain.groovy:74)
	at com.kms.katalon.core.keyword.builtin.CallTestCaseKeyword.callTestCase(CallTestCaseKeyword.groovy:81)
	at com.kms.katalon.core.keyword.builtin.CallTestCaseKeyword.execute(CallTestCaseKeyword.groovy:44)
	at com.kms.katalon.core.keyword.internal.KeywordExecutor.executeKeywordForPlatform(KeywordExecutor.groovy:74)
	at com.kms.katalon.core.keyword.BuiltinKeywords.callTestCase(BuiltinKeywords.groovy:334)
	at TS_SMOKE_SUITE_080.run(TS_SMOKE_SUITE_080:29)
	at com.kms.katalon.core.main.ScriptEngine.run(ScriptEngine.java:194)
	at com.kms.katalon.core.main.ScriptEngine.runScriptAsRawText(ScriptEngine.java:119)
	at com.kms.katalon.core.main.TestCaseExecutor.runScript(TestCaseExecutor.java:448)
	at com.kms.katalon.core.main.TestCaseExecutor.doExecute(TestCaseExecutor.java:439)
	at com.kms.katalon.core.main.TestCaseExecutor.processExecutionPhase(TestCaseExecutor.java:418)
	at com.kms.katalon.core.main.TestCaseExecutor.accessMainPhase(TestCaseExecutor.java:410)
	at com.kms.katalon.core.main.TestCaseExecutor.execute(TestCaseExecutor.java:285)
	at com.kms.katalon.core.common.CommonExecutor.accessTestCaseMainPhase(CommonExecutor.java:65)
	at com.kms.katalon.core.main.TestSuiteExecutor.accessTestSuiteMainPhase(TestSuiteExecutor.java:151)
	at com.kms.katalon.core.main.TestSuiteExecutor.execute(TestSuiteExecutor.java:106)
	at com.kms.katalon.core.main.TestCaseMain.startTestSuite(TestCaseMain.java:185)
	at com.kms.katalon.core.main.TestCaseMain$startTestSuite$0.call(Unknown Source)
	at TempTestSuite1692183177032.run(TempTestSuite1692183177032.groovy:36)
Caused by: com.kms.katalon.core.webui.exception.WebElementNotFoundException: Web element with id: 'Object Repository/HomePage/EnterUsername_LP' located by '//input[@id='username']' not found
	at com.kms.katalon.core.webui.common.WebUiCommonHelper.findWebElement(WebUiCommonHelper.java:1370)
	at com.kms.katalon.core.webui.keyword.internal.WebUIAbstractKeyword.findWebElement(WebUIAbstractKeyword.groovy:27)
	at com.kms.katalon.core.webui.keyword.builtin.ClickKeyword$_click_closure1.doCall(ClickKeyword.groovy:65)
	at com.kms.katalon.core.webui.keyword.builtin.ClickKeyword$_click_closure1.call(ClickKeyword.groovy)
	at com.kms.katalon.core.webui.keyword.internal.WebUIKeywordMain.runKeyword(WebUIKeywordMain.groovy:20)
	at com.kms.katalon.core.webui.keyword.builtin.ClickKeyword.click(ClickKeyword.groovy:74)
	at com.kms.katalon.core.webui.keyword.builtin.ClickKeyword.execute(ClickKeyword.groovy:40)
	at com.kms.katalon.core.keyword.internal.KeywordExecutor.executeKeywordForPlatform(KeywordExecutor.groovy:74)
	at com.kms.katalon.core.webui.keyword.WebUiBuiltInKeywords.click(WebUiBuiltInKeywords.groovy:620)
	at com.kms.katalon.core.webui.keyword.WebUiBuiltInKeywords$click$2.call(Unknown Source)
	at Script1682278963047.run(Script1682278963047.groovy:22)
	at com.kms.katalon.core.main.ScriptEngine.run(ScriptEngine.java:194)
	at com.kms.katalon.core.main.ScriptEngine.runScriptAsRawText(ScriptEngine.java:119)
	at com.kms.katalon.core.main.TestCaseExecutor.runScript(TestCaseExecutor.java:448)
	at com.kms.katalon.core.main.TestCaseExecutor.doExecute(TestCaseExecutor.java:439)
	at com.kms.katalon.core.main.TestCaseExecutor.processExecutionPhase(TestCaseExecutor.java:418)
	at com.kms.katalon.core.main.TestCaseExecutor.accessMainPhase(TestCaseExecutor.java:410)
	at com.kms.katalon.core.main.TestCaseExecutor.execute(TestCaseExecutor.java:285)
	at com.kms.katalon.core.main.TestCaseMain.runTestCase(TestCaseMain.java:142)
	at com.kms.katalon.core.keyword.builtin.CallTestCaseKeyword$_callTestCase_closure1.doCall(CallTestCaseKeyword.groovy:59)
	at com.kms.katalon.core.keyword.builtin.CallTestCaseKeyword$_callTestCase_closure1.call(CallTestCaseKeyword.groovy)
	at com.kms.katalon.core.keyword.internal.KeywordMain.runKeyword(KeywordMain.groovy:74)
	at com.kms.katalon.core.keyword.builtin.CallTestCaseKeyword.callTestCase(CallTestCaseKeyword.groovy:81)
	at com.kms.katalon.core.keyword.builtin.CallTestCaseKeyword.execute(CallTestCaseKeyword.groovy:44)
	at com.kms.katalon.core.keyword.internal.KeywordExecutor.executeKeywordForPlatform(KeywordExecutor.groovy:74)
	at com.kms.katalon.core.keyword.BuiltinKeywords.callTestCase(BuiltinKeywords.groovy:334)
	at Script1691564191404.run(Script1691564191404.groovy:29)
	... 13 more
)

2023-08-16 16:46:01 - [MESSAGE][INFO] - Unable to find the element located by 'By.xpath: //input[@id='username']'. Please recheck the objects properties to make sure the desired element is located. 

2023-08-16 16:46:01 - [MESSAGE][FAILED] - Unable to click on object 'Object Repository/HomePage/EnterUsername_LP' (Root cause: com.kms.katalon.core.exception.StepFailedException: Unable to click on object 'Object Repository/HomePage/EnterUsername_LP'
	at com.kms.katalon.core.webui.keyword.internal.WebUIKeywordMain.stepFailed(WebUIKeywordMain.groovy:64)
	at com.kms.katalon.core.webui.keyword.internal.WebUIKeywordMain.runKeyword(WebUIKeywordMain.groovy:26)
	at com.kms.katalon.core.webui.keyword.builtin.ClickKeyword.click(ClickKeyword.groovy:74)
	at com.kms.katalon.core.webui.keyword.builtin.ClickKeyword.execute(ClickKeyword.groovy:40)
	at com.kms.katalon.core.keyword.internal.KeywordExecutor.executeKeywordForPlatform(KeywordExecutor.groovy:74)
	at com.kms.katalon.core.webui.keyword.WebUiBuiltInKeywords.click(WebUiBuiltInKeywords.groovy:620)
	at com.kms.katalon.core.webui.keyword.WebUiBuiltInKeywords$click$2.call(Unknown Source)
	at login_odtaqab.run(login_odtaqab:22)
	at com.kms.katalon.core.main.ScriptEngine.run(ScriptEngine.java:194)
	at com.kms.katalon.core.main.ScriptEngine.runScriptAsRawText(ScriptEngine.java:119)
	at com.kms.katalon.core.main.TestCaseExecutor.runScript(TestCaseExecutor.java:448)
	at com.kms.katalon.core.main.TestCaseExecutor.doExecute(TestCaseExecutor.java:439)
	at com.kms.katalon.core.main.TestCaseExecutor.processExecutionPhase(TestCaseExecutor.java:418)
	at com.kms.katalon.core.main.TestCaseExecutor.accessMainPhase(TestCaseExecutor.java:410)
	at com.kms.katalon.core.main.TestCaseExecutor.execute(TestCaseExecutor.java:285)
	at com.kms.katalon.core.main.TestCaseMain.runTestCase(TestCaseMain.java:142)
	at com.kms.katalon.core.keyword.builtin.CallTestCaseKeyword$_callTestCase_closure1.doCall(CallTestCaseKeyword.groovy:59)
	at com.kms.katalon.core.keyword.builtin.CallTestCaseKeyword$_callTestCase_closure1.call(CallTestCaseKeyword.groovy)
	at com.kms.katalon.core.keyword.internal.KeywordMain.runKeyword(KeywordMain.groovy:74)
	at com.kms.katalon.core.keyword.builtin.CallTestCaseKeyword.callTestCase(CallTestCaseKeyword.groovy:81)
	at com.kms.katalon.core.keyword.builtin.CallTestCaseKeyword.execute(CallTestCaseKeyword.groovy:44)
	at com.kms.katalon.core.keyword.internal.KeywordExecutor.executeKeywordForPlatform(KeywordExecutor.groovy:74)
	at com.kms.katalon.core.keyword.BuiltinKeywords.callTestCase(BuiltinKeywords.groovy:334)
	at TS_SMOKE_SUITE_080.run(TS_SMOKE_SUITE_080:29)
	at com.kms.katalon.core.main.ScriptEngine.run(ScriptEngine.java:194)
	at com.kms.katalon.core.main.ScriptEngine.runScriptAsRawText(ScriptEngine.java:119)
	at com.kms.katalon.core.main.TestCaseExecutor.runScript(TestCaseExecutor.java:448)
	at com.kms.katalon.core.main.TestCaseExecutor.doExecute(TestCaseExecutor.java:439)
	at com.kms.katalon.core.main.TestCaseExecutor.processExecutionPhase(TestCaseExecutor.java:418)
	at com.kms.katalon.core.main.TestCaseExecutor.accessMainPhase(TestCaseExecutor.java:410)
	at com.kms.katalon.core.main.TestCaseExecutor.execute(TestCaseExecutor.java:285)
	at com.kms.katalon.core.common.CommonExecutor.accessTestCaseMainPhase(CommonExecutor.java:65)
	at com.kms.katalon.core.main.TestSuiteExecutor.accessTestSuiteMainPhase(TestSuiteExecutor.java:151)
	at com.kms.katalon.core.main.TestSuiteExecutor.execute(TestSuiteExecutor.java:106)
	at com.kms.katalon.core.main.TestCaseMain.startTestSuite(TestCaseMain.java:185)
	at com.kms.katalon.core.main.TestCaseMain$startTestSuite$0.call(Unknown Source)
	at TempTestSuite1692183177032.run(TempTestSuite1692183177032.groovy:36)
Caused by: com.kms.katalon.core.webui.exception.WebElementNotFoundException: Web element with id: 'Object Repository/HomePage/EnterUsername_LP' located by '//input[@id='username']' not found
	at com.kms.katalon.core.webui.common.WebUiCommonHelper.findWebElement(WebUiCommonHelper.java:1370)
	at com.kms.katalon.core.webui.keyword.internal.WebUIAbstractKeyword.findWebElement(WebUIAbstractKeyword.groovy:27)
	at com.kms.katalon.core.webui.keyword.builtin.ClickKeyword$_click_closure1.doCall(ClickKeyword.groovy:65)
	at com.kms.katalon.core.webui.keyword.builtin.ClickKeyword$_click_closure1.call(ClickKeyword.groovy)
	at com.kms.katalon.core.webui.keyword.internal.WebUIKeywordMain.runKeyword(WebUIKeywordMain.groovy:20)
	at com.kms.katalon.core.webui.keyword.builtin.ClickKeyword.click(ClickKeyword.groovy:74)
	at com.kms.katalon.core.webui.keyword.builtin.ClickKeyword.execute(ClickKeyword.groovy:40)
	at com.kms.katalon.core.keyword.internal.KeywordExecutor.executeKeywordForPlatform(KeywordExecutor.groovy:74)
	at com.kms.katalon.core.webui.keyword.WebUiBuiltInKeywords.click(WebUiBuiltInKeywords.groovy:620)
	at com.kms.katalon.core.webui.keyword.WebUiBuiltInKeywords$click$2.call(Unknown Source)
	at Script1682278963047.run(Script1682278963047.groovy:22)
	at com.kms.katalon.core.main.ScriptEngine.run(ScriptEngine.java:194)
	at com.kms.katalon.core.main.ScriptEngine.runScriptAsRawText(ScriptEngine.java:119)
	at com.kms.katalon.core.main.TestCaseExecutor.runScript(TestCaseExecutor.java:448)
	at com.kms.katalon.core.main.TestCaseExecutor.doExecute(TestCaseExecutor.java:439)
	at com.kms.katalon.core.main.TestCaseExecutor.processExecutionPhase(TestCaseExecutor.java:418)
	at com.kms.katalon.core.main.TestCaseExecutor.accessMainPhase(TestCaseExecutor.java:410)
	at com.kms.katalon.core.main.TestCaseExecutor.execute(TestCaseExecutor.java:285)
	at com.kms.katalon.core.main.TestCaseMain.runTestCase(TestCaseMain.java:142)
	at com.kms.katalon.core.keyword.builtin.CallTestCaseKeyword$_callTestCase_closure1.doCall(CallTestCaseKeyword.groovy:59)
	at com.kms.katalon.core.keyword.builtin.CallTestCaseKeyword$_callTestCase_closure1.call(CallTestCaseKeyword.groovy)
	at com.kms.katalon.core.keyword.internal.KeywordMain.runKeyword(KeywordMain.groovy:74)
	at com.kms.katalon.core.keyword.builtin.CallTestCaseKeyword.callTestCase(CallTestCaseKeyword.groovy:81)
	at com.kms.katalon.core.keyword.builtin.CallTestCaseKeyword.execute(CallTestCaseKeyword.groovy:44)
	at com.kms.katalon.core.keyword.internal.KeywordExecutor.executeKeywordForPlatform(KeywordExecutor.groovy:74)
	at com.kms.katalon.core.keyword.BuiltinKeywords.callTestCase(BuiltinKeywords.groovy:334)
	at Script1691564191404.run(Script1691564191404.groovy:29)
	... 13 more
)
[[ATTACHMENT|D:\\backup\\Liverpool_SmokeSuite1\\Reports\\20230816_162257\\checkout\\20230816_162257\\1692184561282.png]]

2023-08-16 16:46:01 - [MESSAGE][FAILED] - Unable to call Test Case 'Test Cases/CommonMethods/login_odtaqab' (Root cause: com.kms.katalon.core.exception.StepFailedException: Call Test Case 'Test Cases/CommonMethods/login_odtaqab' failed
	at com.kms.katalon.core.keyword.builtin.CallTestCaseKeyword$_callTestCase_closure1.doCall(CallTestCaseKeyword.groovy:63)
	at com.kms.katalon.core.keyword.builtin.CallTestCaseKeyword$_callTestCase_closure1.call(CallTestCaseKeyword.groovy)
	at com.kms.katalon.core.keyword.internal.KeywordMain.runKeyword(KeywordMain.groovy:74)
	at com.kms.katalon.core.keyword.builtin.CallTestCaseKeyword.callTestCase(CallTestCaseKeyword.groovy:81)
	at com.kms.katalon.core.keyword.builtin.CallTestCaseKeyword.execute(CallTestCaseKeyword.groovy:44)
	at com.kms.katalon.core.keyword.internal.KeywordExecutor.executeKeywordForPlatform(KeywordExecutor.groovy:74)
	at com.kms.katalon.core.keyword.BuiltinKeywords.callTestCase(BuiltinKeywords.groovy:334)
	at TS_SMOKE_SUITE_080.run(TS_SMOKE_SUITE_080:29)
	at com.kms.katalon.core.main.ScriptEngine.run(ScriptEngine.java:194)
	at com.kms.katalon.core.main.ScriptEngine.runScriptAsRawText(ScriptEngine.java:119)
	at com.kms.katalon.core.main.TestCaseExecutor.runScript(TestCaseExecutor.java:448)
	at com.kms.katalon.core.main.TestCaseExecutor.doExecute(TestCaseExecutor.java:439)
	at com.kms.katalon.core.main.TestCaseExecutor.processExecutionPhase(TestCaseExecutor.java:418)
	at com.kms.katalon.core.main.TestCaseExecutor.accessMainPhase(TestCaseExecutor.java:410)
	at com.kms.katalon.core.main.TestCaseExecutor.execute(TestCaseExecutor.java:285)
	at com.kms.katalon.core.common.CommonExecutor.accessTestCaseMainPhase(CommonExecutor.java:65)
	at com.kms.katalon.core.main.TestSuiteExecutor.accessTestSuiteMainPhase(TestSuiteExecutor.java:151)
	at com.kms.katalon.core.main.TestSuiteExecutor.execute(TestSuiteExecutor.java:106)
	at com.kms.katalon.core.main.TestCaseMain.startTestSuite(TestCaseMain.java:185)
	at com.kms.katalon.core.main.TestCaseMain$startTestSuite$0.call(Unknown Source)
	at TempTestSuite1692183177032.run(TempTestSuite1692183177032.groovy:36)
Caused by: com.kms.katalon.core.exception.StepFailedException: Unable to click on object 'Object Repository/HomePage/EnterUsername_LP'
	at com.kms.katalon.core.webui.keyword.internal.WebUIKeywordMain.stepFailed(WebUIKeywordMain.groovy:64)
	at com.kms.katalon.core.webui.keyword.internal.WebUIKeywordMain.runKeyword(WebUIKeywordMain.groovy:26)
	at com.kms.katalon.core.webui.keyword.builtin.ClickKeyword.click(ClickKeyword.groovy:74)
	at com.kms.katalon.core.webui.keyword.builtin.ClickKeyword.execute(ClickKeyword.groovy:40)
	at com.kms.katalon.core.keyword.internal.KeywordExecutor.executeKeywordForPlatform(KeywordExecutor.groovy:74)
	at com.kms.katalon.core.webui.keyword.WebUiBuiltInKeywords.click(WebUiBuiltInKeywords.groovy:620)
	at com.kms.katalon.core.webui.keyword.WebUiBuiltInKeywords$click$2.call(Unknown Source)
	at login_odtaqab.run(login_odtaqab:22)
	at com.kms.katalon.core.main.ScriptEngine.run(ScriptEngine.java:194)
	at com.kms.katalon.core.main.ScriptEngine.runScriptAsRawText(ScriptEngine.java:119)
	at com.kms.katalon.core.main.TestCaseExecutor.runScript(TestCaseExecutor.java:448)
	at com.kms.katalon.core.main.TestCaseExecutor.doExecute(TestCaseExecutor.java:439)
	at com.kms.katalon.core.main.TestCaseExecutor.processExecutionPhase(TestCaseExecutor.java:418)
	at com.kms.katalon.core.main.TestCaseExecutor.accessMainPhase(TestCaseExecutor.java:410)
	at com.kms.katalon.core.main.TestCaseExecutor.execute(TestCaseExecutor.java:285)
	at com.kms.katalon.core.main.TestCaseMain.runTestCase(TestCaseMain.java:142)
	at com.kms.katalon.core.keyword.builtin.CallTestCaseKeyword$_callTestCase_closure1.doCall(CallTestCaseKeyword.groovy:59)
	... 20 more
Caused by: com.kms.katalon.core.webui.exception.WebElementNotFoundException: Web element with id: 'Object Repository/HomePage/EnterUsername_LP' located by '//input[@id='username']' not found
	at com.kms.katalon.core.webui.common.WebUiCommonHelper.findWebElement(WebUiCommonHelper.java:1370)
	at com.kms.katalon.core.webui.keyword.internal.WebUIAbstractKeyword.findWebElement(WebUIAbstractKeyword.groovy:27)
	at com.kms.katalon.core.webui.keyword.builtin.ClickKeyword$_click_closure1.doCall(ClickKeyword.groovy:65)
	at com.kms.katalon.core.webui.keyword.builtin.ClickKeyword$_click_closure1.call(ClickKeyword.groovy)
	at com.kms.katalon.core.webui.keyword.internal.WebUIKeywordMain.runKeyword(WebUIKeywordMain.groovy:20)
	... 35 more
)]]></system-out>
         <system-err><![CDATA[2023-08-16 16:44:06 - [TEST_CASE][FAILED] - Test Cases/Checkout/TS_SMOKE_SUITE_080: Test Cases/Checkout/TS_SMOKE_SUITE_080 FAILED.
Reason:
com.kms.katalon.core.exception.StepFailedException: Call Test Case 'Test Cases/CommonMethods/login_odtaqab' failed
	at com.kms.katalon.core.keyword.builtin.CallTestCaseKeyword$_callTestCase_closure1.doCall(CallTestCaseKeyword.groovy:63)
	at com.kms.katalon.core.keyword.builtin.CallTestCaseKeyword$_callTestCase_closure1.call(CallTestCaseKeyword.groovy)
	at com.kms.katalon.core.keyword.internal.KeywordMain.runKeyword(KeywordMain.groovy:74)
	at com.kms.katalon.core.keyword.builtin.CallTestCaseKeyword.callTestCase(CallTestCaseKeyword.groovy:81)
	at com.kms.katalon.core.keyword.builtin.CallTestCaseKeyword.execute(CallTestCaseKeyword.groovy:44)
	at com.kms.katalon.core.keyword.internal.KeywordExecutor.executeKeywordForPlatform(KeywordExecutor.groovy:74)
	at com.kms.katalon.core.keyword.BuiltinKeywords.callTestCase(BuiltinKeywords.groovy:334)
	at TS_SMOKE_SUITE_080.run(TS_SMOKE_SUITE_080:29)
	at com.kms.katalon.core.main.ScriptEngine.run(ScriptEngine.java:194)
	at com.kms.katalon.core.main.ScriptEngine.runScriptAsRawText(ScriptEngine.java:119)
	at com.kms.katalon.core.main.TestCaseExecutor.runScript(TestCaseExecutor.java:448)
	at com.kms.katalon.core.main.TestCaseExecutor.doExecute(TestCaseExecutor.java:439)
	at com.kms.katalon.core.main.TestCaseExecutor.processExecutionPhase(TestCaseExecutor.java:418)
	at com.kms.katalon.core.main.TestCaseExecutor.accessMainPhase(TestCaseExecutor.java:410)
	at com.kms.katalon.core.main.TestCaseExecutor.execute(TestCaseExecutor.java:285)
	at com.kms.katalon.core.common.CommonExecutor.accessTestCaseMainPhase(CommonExecutor.java:65)
	at com.kms.katalon.core.main.TestSuiteExecutor.accessTestSuiteMainPhase(TestSuiteExecutor.java:151)
	at com.kms.katalon.core.main.TestSuiteExecutor.execute(TestSuiteExecutor.java:106)
	at com.kms.katalon.core.main.TestCaseMain.startTestSuite(TestCaseMain.java:185)
	at com.kms.katalon.core.main.TestCaseMain$startTestSuite$0.call(Unknown Source)
	at TempTestSuite1692183177032.run(TempTestSuite1692183177032.groovy:36)
Caused by: com.kms.katalon.core.exception.StepFailedException: Unable to click on object 'Object Repository/HomePage/EnterUsername_LP'
	at com.kms.katalon.core.webui.keyword.internal.WebUIKeywordMain.stepFailed(WebUIKeywordMain.groovy:64)
	at com.kms.katalon.core.webui.keyword.internal.WebUIKeywordMain.runKeyword(WebUIKeywordMain.groovy:26)
	at com.kms.katalon.core.webui.keyword.builtin.ClickKeyword.click(ClickKeyword.groovy:74)
	at com.kms.katalon.core.webui.keyword.builtin.ClickKeyword.execute(ClickKeyword.groovy:40)
	at com.kms.katalon.core.keyword.internal.KeywordExecutor.executeKeywordForPlatform(KeywordExecutor.groovy:74)
	at com.kms.katalon.core.webui.keyword.WebUiBuiltInKeywords.click(WebUiBuiltInKeywords.groovy:620)
	at com.kms.katalon.core.webui.keyword.WebUiBuiltInKeywords$click$2.call(Unknown Source)
	at login_odtaqab.run(login_odtaqab:22)
	at com.kms.katalon.core.main.ScriptEngine.run(ScriptEngine.java:194)
	at com.kms.katalon.core.main.ScriptEngine.runScriptAsRawText(ScriptEngine.java:119)
	at com.kms.katalon.core.main.TestCaseExecutor.runScript(TestCaseExecutor.java:448)
	at com.kms.katalon.core.main.TestCaseExecutor.doExecute(TestCaseExecutor.java:439)
	at com.kms.katalon.core.main.TestCaseExecutor.processExecutionPhase(TestCaseExecutor.java:418)
	at com.kms.katalon.core.main.TestCaseExecutor.accessMainPhase(TestCaseExecutor.java:410)
	at com.kms.katalon.core.main.TestCaseExecutor.execute(TestCaseExecutor.java:285)
	at com.kms.katalon.core.main.TestCaseMain.runTestCase(TestCaseMain.java:142)
	at com.kms.katalon.core.keyword.builtin.CallTestCaseKeyword$_callTestCase_closure1.doCall(CallTestCaseKeyword.groovy:59)
	... 20 more
Caused by: com.kms.katalon.core.webui.exception.WebElementNotFoundException: Web element with id: 'Object Repository/HomePage/EnterUsername_LP' located by '//input[@id='username']' not found
	at com.kms.katalon.core.webui.common.WebUiCommonHelper.findWebElement(WebUiCommonHelper.java:1370)
	at com.kms.katalon.core.webui.keyword.internal.WebUIAbstractKeyword.findWebElement(WebUIAbstractKeyword.groovy:27)
	at com.kms.katalon.core.webui.keyword.builtin.ClickKeyword$_click_closure1.doCall(ClickKeyword.groovy:65)
	at com.kms.katalon.core.webui.keyword.builtin.ClickKeyword$_click_closure1.call(ClickKeyword.groovy)
	at com.kms.katalon.core.webui.keyword.internal.WebUIKeywordMain.runKeyword(WebUIKeywordMain.groovy:20)
	... 35 more]]></system-err>
      </testcase>
      <testcase name="Test Cases/Checkout/TS_SMOKE_SUITE_082" time="217.651" classname="Test Cases/Checkout/TS_SMOKE_SUITE_082" status="FAILED">
         <failure type="FAILED" message="Test Cases/Checkout/TS_SMOKE_SUITE_082 FAILED.
Reason:
com.kms.katalon.core.exception.StepFailedException: Unable to click on object 'Object Repository/CartPage/BuyButton_Cart'
	at com.kms.katalon.core.webui.keyword.internal.WebUIKeywordMain.stepFailed(WebUIKeywordMain.groovy:64)
	at com.kms.katalon.core.webui.keyword.internal.WebUIKeywordMain.runKeyword(WebUIKeywordMain.groovy:26)
	at com.kms.katalon.core.webui.keyword.builtin.ClickKeyword.click(ClickKeyword.groovy:74)
	at com.kms.katalon.core.webui.keyword.builtin.ClickKeyword.execute(ClickKeyword.groovy:40)
	at com.kms.katalon.core.keyword.internal.KeywordExecutor.executeKeywordForPlatform(KeywordExecutor.groovy:74)
	at com.kms.katalon.core.webui.keyword.WebUiBuiltInKeywords.click(WebUiBuiltInKeywords.groovy:620)
	at com.kms.katalon.core.webui.keyword.WebUiBuiltInKeywords$click$2.call(Unknown Source)
	at TS_SMOKE_SUITE_082.run(TS_SMOKE_SUITE_082:44)
	at com.kms.katalon.core.main.ScriptEngine.run(ScriptEngine.java:194)
	at com.kms.katalon.core.main.ScriptEngine.runScriptAsRawText(ScriptEngine.java:119)
	at com.kms.katalon.core.main.TestCaseExecutor.runScript(TestCaseExecutor.java:448)
	at com.kms.katalon.core.main.TestCaseExecutor.doExecute(TestCaseExecutor.java:439)
	at com.kms.katalon.core.main.TestCaseExecutor.processExecutionPhase(TestCaseExecutor.java:418)
	at com.kms.katalon.core.main.TestCaseExecutor.accessMainPhase(TestCaseExecutor.java:410)
	at com.kms.katalon.core.main.TestCaseExecutor.execute(TestCaseExecutor.java:285)
	at com.kms.katalon.core.common.CommonExecutor.accessTestCaseMainPhase(CommonExecutor.java:65)
	at com.kms.katalon.core.main.TestSuiteExecutor.accessTestSuiteMainPhase(TestSuiteExecutor.java:151)
	at com.kms.katalon.core.main.TestSuiteExecutor.execute(TestSuiteExecutor.java:106)
	at com.kms.katalon.core.main.TestCaseMain.startTestSuite(TestCaseMain.java:185)
	at com.kms.katalon.core.main.TestCaseMain$startTestSuite$0.call(Unknown Source)
	at TempTestSuite1692183177032.run(TempTestSuite1692183177032.groovy:36)
Caused by: com.kms.katalon.core.webui.exception.WebElementNotFoundException: Web element with id: 'Object Repository/CartPage/BuyButton_Cart' located by '//div[@class='t-myBag__toBuy']' not found
	at com.kms.katalon.core.webui.common.WebUiCommonHelper.findWebElement(WebUiCommonHelper.java:1370)
	at com.kms.katalon.core.webui.keyword.internal.WebUIAbstractKeyword.findWebElement(WebUIAbstractKeyword.groovy:27)
	at com.kms.katalon.core.webui.keyword.builtin.ClickKeyword$_click_closure1.doCall(ClickKeyword.groovy:65)
	at com.kms.katalon.core.webui.keyword.builtin.ClickKeyword$_click_closure1.call(ClickKeyword.groovy)
	at com.kms.katalon.core.webui.keyword.internal.WebUIKeywordMain.runKeyword(WebUIKeywordMain.groovy:20)
	... 19 more
"/>
         <system-out><![CDATA[2023-08-16 16:46:01 - [TEST_CASE][FAILED] - Test Cases/Checkout/TS_SMOKE_SUITE_082: Test Cases/Checkout/TS_SMOKE_SUITE_082 FAILED.
Reason:
com.kms.katalon.core.exception.StepFailedException: Unable to click on object 'Object Repository/CartPage/BuyButton_Cart'
	at com.kms.katalon.core.webui.keyword.internal.WebUIKeywordMain.stepFailed(WebUIKeywordMain.groovy:64)
	at com.kms.katalon.core.webui.keyword.internal.WebUIKeywordMain.runKeyword(WebUIKeywordMain.groovy:26)
	at com.kms.katalon.core.webui.keyword.builtin.ClickKeyword.click(ClickKeyword.groovy:74)
	at com.kms.katalon.core.webui.keyword.builtin.ClickKeyword.execute(ClickKeyword.groovy:40)
	at com.kms.katalon.core.keyword.internal.KeywordExecutor.executeKeywordForPlatform(KeywordExecutor.groovy:74)
	at com.kms.katalon.core.webui.keyword.WebUiBuiltInKeywords.click(WebUiBuiltInKeywords.groovy:620)
	at com.kms.katalon.core.webui.keyword.WebUiBuiltInKeywords$click$2.call(Unknown Source)
	at TS_SMOKE_SUITE_082.run(TS_SMOKE_SUITE_082:44)
	at com.kms.katalon.core.main.ScriptEngine.run(ScriptEngine.java:194)
	at com.kms.katalon.core.main.ScriptEngine.runScriptAsRawText(ScriptEngine.java:119)
	at com.kms.katalon.core.main.TestCaseExecutor.runScript(TestCaseExecutor.java:448)
	at com.kms.katalon.core.main.TestCaseExecutor.doExecute(TestCaseExecutor.java:439)
	at com.kms.katalon.core.main.TestCaseExecutor.processExecutionPhase(TestCaseExecutor.java:418)
	at com.kms.katalon.core.main.TestCaseExecutor.accessMainPhase(TestCaseExecutor.java:410)
	at com.kms.katalon.core.main.TestCaseExecutor.execute(TestCaseExecutor.java:285)
	at com.kms.katalon.core.common.CommonExecutor.accessTestCaseMainPhase(CommonExecutor.java:65)
	at com.kms.katalon.core.main.TestSuiteExecutor.accessTestSuiteMainPhase(TestSuiteExecutor.java:151)
	at com.kms.katalon.core.main.TestSuiteExecutor.execute(TestSuiteExecutor.java:106)
	at com.kms.katalon.core.main.TestCaseMain.startTestSuite(TestCaseMain.java:185)
	at com.kms.katalon.core.main.TestCaseMain$startTestSuite$0.call(Unknown Source)
	at TempTestSuite1692183177032.run(TempTestSuite1692183177032.groovy:36)
Caused by: com.kms.katalon.core.webui.exception.WebElementNotFoundException: Web element with id: 'Object Repository/CartPage/BuyButton_Cart' located by '//div[@class='t-myBag__toBuy']' not found
	at com.kms.katalon.core.webui.common.WebUiCommonHelper.findWebElement(WebUiCommonHelper.java:1370)
	at com.kms.katalon.core.webui.keyword.internal.WebUIAbstractKeyword.findWebElement(WebUIAbstractKeyword.groovy:27)
	at com.kms.katalon.core.webui.keyword.builtin.ClickKeyword$_click_closure1.doCall(ClickKeyword.groovy:65)
	at com.kms.katalon.core.webui.keyword.builtin.ClickKeyword$_click_closure1.call(ClickKeyword.groovy)
	at com.kms.katalon.core.webui.keyword.internal.WebUIKeywordMain.runKeyword(WebUIKeywordMain.groovy:20)
	... 19 more


2023-08-16 16:46:02 - [TEST_STEP][PASSED] - openBrowser(""): Browser is opened with url: ''

2023-08-16 16:46:02 - [MESSAGE][WARNING] - A browser is already opened. Closing browser and opening a new one

2023-08-16 16:46:02 - [MESSAGE][INFO] - Starting 'Chrome' driver

2023-08-16 16:46:02 - [MESSAGE][INFO] - Action delay is set to 0 milliseconds

2023-08-16 16:46:04 - [MESSAGE][PASSED] - Browser is opened with url: ''

2023-08-16 16:46:04 - [TEST_STEP][PASSED] - navigateToUrl(URL): Navigate to 'https://odtaqaa.liverpool.com.mx/tienda/home' successfully

2023-08-16 16:46:49 - [MESSAGE][PASSED] - Navigate to 'https://odtaqaa.liverpool.com.mx/tienda/home' successfully

2023-08-16 16:46:49 - [TEST_STEP][PASSED] - maximizeWindow(): Current window maximized

2023-08-16 16:46:49 - [MESSAGE][PASSED] - Current window maximized

2023-08-16 16:46:49 - [TEST_STEP][PASSED] - click(findTestObject("HomePage/Iniciar sesion")): Object: 'Object Repository/HomePage/Iniciar sesion' is clicked on

2023-08-16 16:46:50 - [MESSAGE][PASSED] - Object: 'Object Repository/HomePage/Iniciar sesion' is clicked on

2023-08-16 16:46:50 - [TEST_STEP][PASSED] - callTestCase(findTestCase("CommonMethods/loginFromHomePage"), ["username":Username, "password":Password], STOP_ON_FAILURE): Call Test Case 'Test Cases/CommonMethods/loginFromHomePage' successfully

2023-08-16 16:46:50 - [TEST_CASE][PASSED] - Test Cases/CommonMethods/loginFromHomePage: Test Cases/CommonMethods/loginFromHomePage

2023-08-16 16:46:50 - [TEST_STEP][PASSED] - delay(3): Delayed 3 second(s)

2023-08-16 16:46:53 - [MESSAGE][PASSED] - Delayed 3 second(s)

2023-08-16 16:46:53 - [TEST_STEP][PASSED] - click(findTestObject("HomePage/EnterUsername_LP")): Object: 'Object Repository/HomePage/EnterUsername_LP' is clicked on

2023-08-16 16:47:02 - [MESSAGE][PASSED] - Object: 'Object Repository/HomePage/EnterUsername_LP' is clicked on

2023-08-16 16:47:02 - [TEST_STEP][PASSED] - setText(findTestObject("HomePage/EnterUsername_LP"), username): Text 'hcheruvu29@digisprint.com' is set on object 'Object Repository/HomePage/EnterUsername_LP'

2023-08-16 16:47:03 - [MESSAGE][PASSED] - Text 'hcheruvu29@digisprint.com' is set on object 'Object Repository/HomePage/EnterUsername_LP'

2023-08-16 16:47:03 - [TEST_STEP][PASSED] - click(findTestObject("HomePage/EnterPassword_LP")): Object: 'Object Repository/HomePage/EnterPassword_LP' is clicked on

2023-08-16 16:47:03 - [MESSAGE][PASSED] - Object: 'Object Repository/HomePage/EnterPassword_LP' is clicked on

2023-08-16 16:47:03 - [TEST_STEP][PASSED] - setText(findTestObject("HomePage/EnterPassword_LP"), password): Text 'Test@12345' is set on object 'Object Repository/HomePage/EnterPassword_LP'

2023-08-16 16:47:04 - [MESSAGE][PASSED] - Text 'Test@12345' is set on object 'Object Repository/HomePage/EnterPassword_LP'

2023-08-16 16:47:04 - [TEST_STEP][PASSED] - click(findTestObject("HomePage/inciar")): Object: 'Object Repository/HomePage/inciar' is clicked on

2023-08-16 16:47:18 - [MESSAGE][PASSED] - Object: 'Object Repository/HomePage/inciar' is clicked on

2023-08-16 16:47:18 - [MESSAGE][PASSED] - Call Test Case 'Test Cases/CommonMethods/loginFromHomePage' successfully

2023-08-16 16:47:18 - [TEST_STEP][PASSED] - callTestCase(findTestCase("CommonMethods/EmptyCart_RunAt_HP"), [:], OPTIONAL): Unable to call Test Case 'Test Cases/CommonMethods/EmptyCart_RunAt_HP' (Root cause: com.kms.katalon.core.exception.StepErrorException: Call Test Case 'Test Cases/CommonMethods/EmptyCart_RunAt_HP' failed because of error(s)
	at com.kms.katalon.core.keyword.builtin.CallTestCaseKeyword$_callTestCase_closure1.doCall(CallTestCaseKeyword.groovy:66)
	at com.kms.katalon.core.keyword.builtin.CallTestCaseKeyword$_callTestCase_closure1.call(CallTestCaseKeyword.groovy)
	at com.kms.katalon.core.keyword.internal.KeywordMain.runKeyword(KeywordMain.groovy:74)
	at com.kms.katalon.core.keyword.builtin.CallTestCaseKeyword.callTestCase(CallTestCaseKeyword.groovy:81)
	at com.kms.katalon.core.keyword.builtin.CallTestCaseKeyword.execute(CallTestCaseKeyword.groovy:44)
	at com.kms.katalon.core.keyword.internal.KeywordExecutor.executeKeywordForPlatform(KeywordExecutor.groovy:74)
	at com.kms.katalon.core.keyword.BuiltinKeywords.callTestCase(BuiltinKeywords.groovy:334)
	at TS_SMOKE_SUITE_082.run(TS_SMOKE_SUITE_082:31)
	at com.kms.katalon.core.main.ScriptEngine.run(ScriptEngine.java:194)
	at com.kms.katalon.core.main.ScriptEngine.runScriptAsRawText(ScriptEngine.java:119)
	at com.kms.katalon.core.main.TestCaseExecutor.runScript(TestCaseExecutor.java:448)
	at com.kms.katalon.core.main.TestCaseExecutor.doExecute(TestCaseExecutor.java:439)
	at com.kms.katalon.core.main.TestCaseExecutor.processExecutionPhase(TestCaseExecutor.java:418)
	at com.kms.katalon.core.main.TestCaseExecutor.accessMainPhase(TestCaseExecutor.java:410)
	at com.kms.katalon.core.main.TestCaseExecutor.execute(TestCaseExecutor.java:285)
	at com.kms.katalon.core.common.CommonExecutor.accessTestCaseMainPhase(CommonExecutor.java:65)
	at com.kms.katalon.core.main.TestSuiteExecutor.accessTestSuiteMainPhase(TestSuiteExecutor.java:151)
	at com.kms.katalon.core.main.TestSuiteExecutor.execute(TestSuiteExecutor.java:106)
	at com.kms.katalon.core.main.TestCaseMain.startTestSuite(TestCaseMain.java:185)
	at com.kms.katalon.core.main.TestCaseMain$startTestSuite$0.call(Unknown Source)
	at TempTestSuite1692183177032.run(TempTestSuite1692183177032.groovy:36)
Caused by: java.lang.NullPointerException
	at com.kms.katalon.core.webui.common.WebUiCommonHelper.findElementsBySelectedMethod(WebUiCommonHelper.java:889)
	at com.kms.katalon.core.webui.common.WebUiCommonHelper.findElementsByDefault(WebUiCommonHelper.java:885)
	at com.kms.katalon.core.webui.common.WebUiCommonHelper.findWebElements(WebUiCommonHelper.java:720)
	at com.kms.katalon.core.webui.keyword.internal.WebUIAbstractKeyword.findWebElements(WebUIAbstractKeyword.groovy:32)
	at com.kms.katalon.core.webui.keyword.WebUiBuiltInKeywords.findWebElements(WebUiBuiltInKeywords.groovy:2860)
	at com.kms.katalon.core.webui.keyword.WebUiBuiltInKeywords$findWebElements$5.call(Unknown Source)
	at EmptyCart_RunAt_HP.run(EmptyCart_RunAt_HP:39)
	at com.kms.katalon.core.main.ScriptEngine.run(ScriptEngine.java:194)
	at com.kms.katalon.core.main.ScriptEngine.runScriptAsRawText(ScriptEngine.java:119)
	at com.kms.katalon.core.main.TestCaseExecutor.runScript(TestCaseExecutor.java:448)
	at com.kms.katalon.core.main.TestCaseExecutor.doExecute(TestCaseExecutor.java:439)
	at com.kms.katalon.core.main.TestCaseExecutor.processExecutionPhase(TestCaseExecutor.java:418)
	at com.kms.katalon.core.main.TestCaseExecutor.accessMainPhase(TestCaseExecutor.java:410)
	at com.kms.katalon.core.main.TestCaseExecutor.execute(TestCaseExecutor.java:285)
	at com.kms.katalon.core.main.TestCaseMain.runTestCase(TestCaseMain.java:142)
	at com.kms.katalon.core.keyword.builtin.CallTestCaseKeyword$_callTestCase_closure1.doCall(CallTestCaseKeyword.groovy:59)
	... 20 more
)

2023-08-16 16:47:18 - [TEST_CASE][ERROR] - Test Cases/CommonMethods/EmptyCart_RunAt_HP: Test Cases/CommonMethods/EmptyCart_RunAt_HP FAILED.
Reason:
java.lang.NullPointerException
	at com.kms.katalon.core.webui.common.WebUiCommonHelper.findElementsBySelectedMethod(WebUiCommonHelper.java:889)
	at com.kms.katalon.core.webui.common.WebUiCommonHelper.findElementsByDefault(WebUiCommonHelper.java:885)
	at com.kms.katalon.core.webui.common.WebUiCommonHelper.findWebElements(WebUiCommonHelper.java:720)
	at com.kms.katalon.core.webui.keyword.internal.WebUIAbstractKeyword.findWebElements(WebUIAbstractKeyword.groovy:32)
	at com.kms.katalon.core.webui.keyword.WebUiBuiltInKeywords.findWebElements(WebUiBuiltInKeywords.groovy:2860)
	at com.kms.katalon.core.webui.keyword.WebUiBuiltInKeywords$findWebElements$5.call(Unknown Source)
	at EmptyCart_RunAt_HP.run(EmptyCart_RunAt_HP:39)
	at com.kms.katalon.core.main.ScriptEngine.run(ScriptEngine.java:194)
	at com.kms.katalon.core.main.ScriptEngine.runScriptAsRawText(ScriptEngine.java:119)
	at com.kms.katalon.core.main.TestCaseExecutor.runScript(TestCaseExecutor.java:448)
	at com.kms.katalon.core.main.TestCaseExecutor.doExecute(TestCaseExecutor.java:439)
	at com.kms.katalon.core.main.TestCaseExecutor.processExecutionPhase(TestCaseExecutor.java:418)
	at com.kms.katalon.core.main.TestCaseExecutor.accessMainPhase(TestCaseExecutor.java:410)
	at com.kms.katalon.core.main.TestCaseExecutor.execute(TestCaseExecutor.java:285)
	at com.kms.katalon.core.main.TestCaseMain.runTestCase(TestCaseMain.java:142)
	at com.kms.katalon.core.keyword.builtin.CallTestCaseKeyword$_callTestCase_closure1.doCall(CallTestCaseKeyword.groovy:59)
	at com.kms.katalon.core.keyword.builtin.CallTestCaseKeyword$_callTestCase_closure1.call(CallTestCaseKeyword.groovy)
	at com.kms.katalon.core.keyword.internal.KeywordMain.runKeyword(KeywordMain.groovy:74)
	at com.kms.katalon.core.keyword.builtin.CallTestCaseKeyword.callTestCase(CallTestCaseKeyword.groovy:81)
	at com.kms.katalon.core.keyword.builtin.CallTestCaseKeyword.execute(CallTestCaseKeyword.groovy:44)
	at com.kms.katalon.core.keyword.internal.KeywordExecutor.executeKeywordForPlatform(KeywordExecutor.groovy:74)
	at com.kms.katalon.core.keyword.BuiltinKeywords.callTestCase(BuiltinKeywords.groovy:334)
	at TS_SMOKE_SUITE_082.run(TS_SMOKE_SUITE_082:31)
	at com.kms.katalon.core.main.ScriptEngine.run(ScriptEngine.java:194)
	at com.kms.katalon.core.main.ScriptEngine.runScriptAsRawText(ScriptEngine.java:119)
	at com.kms.katalon.core.main.TestCaseExecutor.runScript(TestCaseExecutor.java:448)
	at com.kms.katalon.core.main.TestCaseExecutor.doExecute(TestCaseExecutor.java:439)
	at com.kms.katalon.core.main.TestCaseExecutor.processExecutionPhase(TestCaseExecutor.java:418)
	at com.kms.katalon.core.main.TestCaseExecutor.accessMainPhase(TestCaseExecutor.java:410)
	at com.kms.katalon.core.main.TestCaseExecutor.execute(TestCaseExecutor.java:285)
	at com.kms.katalon.core.common.CommonExecutor.accessTestCaseMainPhase(CommonExecutor.java:65)
	at com.kms.katalon.core.main.TestSuiteExecutor.accessTestSuiteMainPhase(TestSuiteExecutor.java:151)
	at com.kms.katalon.core.main.TestSuiteExecutor.execute(TestSuiteExecutor.java:106)
	at com.kms.katalon.core.main.TestCaseMain.startTestSuite(TestCaseMain.java:185)
	at com.kms.katalon.core.main.TestCaseMain$startTestSuite$0.call(Unknown Source)
	at TempTestSuite1692183177032.run(TempTestSuite1692183177032.groovy:36)


2023-08-16 16:47:18 - [TEST_STEP][PASSED] - delay(2, OPTIONAL): Delayed 2 second(s)

2023-08-16 16:47:20 - [MESSAGE][PASSED] - Delayed 2 second(s)

2023-08-16 16:47:20 - [TEST_STEP][PASSED] - click(findTestObject("HomePage/bag_header_HP"), OPTIONAL): Object: 'Object Repository/HomePage/bag_header_HP' is clicked on

2023-08-16 16:48:15 - [MESSAGE][PASSED] - Object: 'Object Repository/HomePage/bag_header_HP' is clicked on

2023-08-16 16:48:15 - [TEST_STEP][ERROR] - listElement = findWebElements(findTestObject("CartPage/Product1_remove_cart"), 2): Test Cases/CommonMethods/EmptyCart_RunAt_HP FAILED.
Reason:
java.lang.NullPointerException
	at com.kms.katalon.core.webui.common.WebUiCommonHelper.findElementsBySelectedMethod(WebUiCommonHelper.java:889)
	at com.kms.katalon.core.webui.common.WebUiCommonHelper.findElementsByDefault(WebUiCommonHelper.java:885)
	at com.kms.katalon.core.webui.common.WebUiCommonHelper.findWebElements(WebUiCommonHelper.java:720)
	at com.kms.katalon.core.webui.keyword.internal.WebUIAbstractKeyword.findWebElements(WebUIAbstractKeyword.groovy:32)
	at com.kms.katalon.core.webui.keyword.WebUiBuiltInKeywords.findWebElements(WebUiBuiltInKeywords.groovy:2860)
	at com.kms.katalon.core.webui.keyword.WebUiBuiltInKeywords$findWebElements$5.call(Unknown Source)
	at EmptyCart_RunAt_HP.run(EmptyCart_RunAt_HP:39)
	at com.kms.katalon.core.main.ScriptEngine.run(ScriptEngine.java:194)
	at com.kms.katalon.core.main.ScriptEngine.runScriptAsRawText(ScriptEngine.java:119)
	at com.kms.katalon.core.main.TestCaseExecutor.runScript(TestCaseExecutor.java:448)
	at com.kms.katalon.core.main.TestCaseExecutor.doExecute(TestCaseExecutor.java:439)
	at com.kms.katalon.core.main.TestCaseExecutor.processExecutionPhase(TestCaseExecutor.java:418)
	at com.kms.katalon.core.main.TestCaseExecutor.accessMainPhase(TestCaseExecutor.java:410)
	at com.kms.katalon.core.main.TestCaseExecutor.execute(TestCaseExecutor.java:285)
	at com.kms.katalon.core.main.TestCaseMain.runTestCase(TestCaseMain.java:142)
	at com.kms.katalon.core.keyword.builtin.CallTestCaseKeyword$_callTestCase_closure1.doCall(CallTestCaseKeyword.groovy:59)
	at com.kms.katalon.core.keyword.builtin.CallTestCaseKeyword$_callTestCase_closure1.call(CallTestCaseKeyword.groovy)
	at com.kms.katalon.core.keyword.internal.KeywordMain.runKeyword(KeywordMain.groovy:74)
	at com.kms.katalon.core.keyword.builtin.CallTestCaseKeyword.callTestCase(CallTestCaseKeyword.groovy:81)
	at com.kms.katalon.core.keyword.builtin.CallTestCaseKeyword.execute(CallTestCaseKeyword.groovy:44)
	at com.kms.katalon.core.keyword.internal.KeywordExecutor.executeKeywordForPlatform(KeywordExecutor.groovy:74)
	at com.kms.katalon.core.keyword.BuiltinKeywords.callTestCase(BuiltinKeywords.groovy:334)
	at TS_SMOKE_SUITE_082.run(TS_SMOKE_SUITE_082:31)
	at com.kms.katalon.core.main.ScriptEngine.run(ScriptEngine.java:194)
	at com.kms.katalon.core.main.ScriptEngine.runScriptAsRawText(ScriptEngine.java:119)
	at com.kms.katalon.core.main.TestCaseExecutor.runScript(TestCaseExecutor.java:448)
	at com.kms.katalon.core.main.TestCaseExecutor.doExecute(TestCaseExecutor.java:439)
	at com.kms.katalon.core.main.TestCaseExecutor.processExecutionPhase(TestCaseExecutor.java:418)
	at com.kms.katalon.core.main.TestCaseExecutor.accessMainPhase(TestCaseExecutor.java:410)
	at com.kms.katalon.core.main.TestCaseExecutor.execute(TestCaseExecutor.java:285)
	at com.kms.katalon.core.common.CommonExecutor.accessTestCaseMainPhase(CommonExecutor.java:65)
	at com.kms.katalon.core.main.TestSuiteExecutor.accessTestSuiteMainPhase(TestSuiteExecutor.java:151)
	at com.kms.katalon.core.main.TestSuiteExecutor.execute(TestSuiteExecutor.java:106)
	at com.kms.katalon.core.main.TestCaseMain.startTestSuite(TestCaseMain.java:185)
	at com.kms.katalon.core.main.TestCaseMain$startTestSuite$0.call(Unknown Source)
	at TempTestSuite1692183177032.run(TempTestSuite1692183177032.groovy:36)


2023-08-16 16:48:15 - [MESSAGE][WARNING] - Test object with id 'Object Repository/CartPage/Product1_remove_cart' does not exist

2023-08-16 16:48:15 - [MESSAGE][ERROR] - Test Cases/CommonMethods/EmptyCart_RunAt_HP FAILED.
Reason:
java.lang.NullPointerException
	at com.kms.katalon.core.webui.common.WebUiCommonHelper.findElementsBySelectedMethod(WebUiCommonHelper.java:889)
	at com.kms.katalon.core.webui.common.WebUiCommonHelper.findElementsByDefault(WebUiCommonHelper.java:885)
	at com.kms.katalon.core.webui.common.WebUiCommonHelper.findWebElements(WebUiCommonHelper.java:720)
	at com.kms.katalon.core.webui.keyword.internal.WebUIAbstractKeyword.findWebElements(WebUIAbstractKeyword.groovy:32)
	at com.kms.katalon.core.webui.keyword.WebUiBuiltInKeywords.findWebElements(WebUiBuiltInKeywords.groovy:2860)
	at com.kms.katalon.core.webui.keyword.WebUiBuiltInKeywords$findWebElements$5.call(Unknown Source)
	at EmptyCart_RunAt_HP.run(EmptyCart_RunAt_HP:39)
	at com.kms.katalon.core.main.ScriptEngine.run(ScriptEngine.java:194)
	at com.kms.katalon.core.main.ScriptEngine.runScriptAsRawText(ScriptEngine.java:119)
	at com.kms.katalon.core.main.TestCaseExecutor.runScript(TestCaseExecutor.java:448)
	at com.kms.katalon.core.main.TestCaseExecutor.doExecute(TestCaseExecutor.java:439)
	at com.kms.katalon.core.main.TestCaseExecutor.processExecutionPhase(TestCaseExecutor.java:418)
	at com.kms.katalon.core.main.TestCaseExecutor.accessMainPhase(TestCaseExecutor.java:410)
	at com.kms.katalon.core.main.TestCaseExecutor.execute(TestCaseExecutor.java:285)
	at com.kms.katalon.core.main.TestCaseMain.runTestCase(TestCaseMain.java:142)
	at com.kms.katalon.core.keyword.builtin.CallTestCaseKeyword$_callTestCase_closure1.doCall(CallTestCaseKeyword.groovy:59)
	at com.kms.katalon.core.keyword.builtin.CallTestCaseKeyword$_callTestCase_closure1.call(CallTestCaseKeyword.groovy)
	at com.kms.katalon.core.keyword.internal.KeywordMain.runKeyword(KeywordMain.groovy:74)
	at com.kms.katalon.core.keyword.builtin.CallTestCaseKeyword.callTestCase(CallTestCaseKeyword.groovy:81)
	at com.kms.katalon.core.keyword.builtin.CallTestCaseKeyword.execute(CallTestCaseKeyword.groovy:44)
	at com.kms.katalon.core.keyword.internal.KeywordExecutor.executeKeywordForPlatform(KeywordExecutor.groovy:74)
	at com.kms.katalon.core.keyword.BuiltinKeywords.callTestCase(BuiltinKeywords.groovy:334)
	at TS_SMOKE_SUITE_082.run(TS_SMOKE_SUITE_082:31)
	at com.kms.katalon.core.main.ScriptEngine.run(ScriptEngine.java:194)
	at com.kms.katalon.core.main.ScriptEngine.runScriptAsRawText(ScriptEngine.java:119)
	at com.kms.katalon.core.main.TestCaseExecutor.runScript(TestCaseExecutor.java:448)
	at com.kms.katalon.core.main.TestCaseExecutor.doExecute(TestCaseExecutor.java:439)
	at com.kms.katalon.core.main.TestCaseExecutor.processExecutionPhase(TestCaseExecutor.java:418)
	at com.kms.katalon.core.main.TestCaseExecutor.accessMainPhase(TestCaseExecutor.java:410)
	at com.kms.katalon.core.main.TestCaseExecutor.execute(TestCaseExecutor.java:285)
	at com.kms.katalon.core.common.CommonExecutor.accessTestCaseMainPhase(CommonExecutor.java:65)
	at com.kms.katalon.core.main.TestSuiteExecutor.accessTestSuiteMainPhase(TestSuiteExecutor.java:151)
	at com.kms.katalon.core.main.TestSuiteExecutor.execute(TestSuiteExecutor.java:106)
	at com.kms.katalon.core.main.TestCaseMain.startTestSuite(TestCaseMain.java:185)
	at com.kms.katalon.core.main.TestCaseMain$startTestSuite$0.call(Unknown Source)
	at TempTestSuite1692183177032.run(TempTestSuite1692183177032.groovy:36)


2023-08-16 16:48:15 - [MESSAGE][WARNING] - Unable to call Test Case 'Test Cases/CommonMethods/EmptyCart_RunAt_HP' (Root cause: com.kms.katalon.core.exception.StepErrorException: Call Test Case 'Test Cases/CommonMethods/EmptyCart_RunAt_HP' failed because of error(s)
	at com.kms.katalon.core.keyword.builtin.CallTestCaseKeyword$_callTestCase_closure1.doCall(CallTestCaseKeyword.groovy:66)
	at com.kms.katalon.core.keyword.builtin.CallTestCaseKeyword$_callTestCase_closure1.call(CallTestCaseKeyword.groovy)
	at com.kms.katalon.core.keyword.internal.KeywordMain.runKeyword(KeywordMain.groovy:74)
	at com.kms.katalon.core.keyword.builtin.CallTestCaseKeyword.callTestCase(CallTestCaseKeyword.groovy:81)
	at com.kms.katalon.core.keyword.builtin.CallTestCaseKeyword.execute(CallTestCaseKeyword.groovy:44)
	at com.kms.katalon.core.keyword.internal.KeywordExecutor.executeKeywordForPlatform(KeywordExecutor.groovy:74)
	at com.kms.katalon.core.keyword.BuiltinKeywords.callTestCase(BuiltinKeywords.groovy:334)
	at TS_SMOKE_SUITE_082.run(TS_SMOKE_SUITE_082:31)
	at com.kms.katalon.core.main.ScriptEngine.run(ScriptEngine.java:194)
	at com.kms.katalon.core.main.ScriptEngine.runScriptAsRawText(ScriptEngine.java:119)
	at com.kms.katalon.core.main.TestCaseExecutor.runScript(TestCaseExecutor.java:448)
	at com.kms.katalon.core.main.TestCaseExecutor.doExecute(TestCaseExecutor.java:439)
	at com.kms.katalon.core.main.TestCaseExecutor.processExecutionPhase(TestCaseExecutor.java:418)
	at com.kms.katalon.core.main.TestCaseExecutor.accessMainPhase(TestCaseExecutor.java:410)
	at com.kms.katalon.core.main.TestCaseExecutor.execute(TestCaseExecutor.java:285)
	at com.kms.katalon.core.common.CommonExecutor.accessTestCaseMainPhase(CommonExecutor.java:65)
	at com.kms.katalon.core.main.TestSuiteExecutor.accessTestSuiteMainPhase(TestSuiteExecutor.java:151)
	at com.kms.katalon.core.main.TestSuiteExecutor.execute(TestSuiteExecutor.java:106)
	at com.kms.katalon.core.main.TestCaseMain.startTestSuite(TestCaseMain.java:185)
	at com.kms.katalon.core.main.TestCaseMain$startTestSuite$0.call(Unknown Source)
	at TempTestSuite1692183177032.run(TempTestSuite1692183177032.groovy:36)
Caused by: java.lang.NullPointerException
	at com.kms.katalon.core.webui.common.WebUiCommonHelper.findElementsBySelectedMethod(WebUiCommonHelper.java:889)
	at com.kms.katalon.core.webui.common.WebUiCommonHelper.findElementsByDefault(WebUiCommonHelper.java:885)
	at com.kms.katalon.core.webui.common.WebUiCommonHelper.findWebElements(WebUiCommonHelper.java:720)
	at com.kms.katalon.core.webui.keyword.internal.WebUIAbstractKeyword.findWebElements(WebUIAbstractKeyword.groovy:32)
	at com.kms.katalon.core.webui.keyword.WebUiBuiltInKeywords.findWebElements(WebUiBuiltInKeywords.groovy:2860)
	at com.kms.katalon.core.webui.keyword.WebUiBuiltInKeywords$findWebElements$5.call(Unknown Source)
	at EmptyCart_RunAt_HP.run(EmptyCart_RunAt_HP:39)
	at com.kms.katalon.core.main.ScriptEngine.run(ScriptEngine.java:194)
	at com.kms.katalon.core.main.ScriptEngine.runScriptAsRawText(ScriptEngine.java:119)
	at com.kms.katalon.core.main.TestCaseExecutor.runScript(TestCaseExecutor.java:448)
	at com.kms.katalon.core.main.TestCaseExecutor.doExecute(TestCaseExecutor.java:439)
	at com.kms.katalon.core.main.TestCaseExecutor.processExecutionPhase(TestCaseExecutor.java:418)
	at com.kms.katalon.core.main.TestCaseExecutor.accessMainPhase(TestCaseExecutor.java:410)
	at com.kms.katalon.core.main.TestCaseExecutor.execute(TestCaseExecutor.java:285)
	at com.kms.katalon.core.main.TestCaseMain.runTestCase(TestCaseMain.java:142)
	at com.kms.katalon.core.keyword.builtin.CallTestCaseKeyword$_callTestCase_closure1.doCall(CallTestCaseKeyword.groovy:59)
	... 20 more
)

2023-08-16 16:48:15 - [TEST_STEP][PASSED] - click(findTestObject("HomePage/Logo_hp")): Object: 'Object Repository/HomePage/Logo_hp' is clicked on

2023-08-16 16:48:16 - [MESSAGE][PASSED] - Object: 'Object Repository/HomePage/Logo_hp' is clicked on

2023-08-16 16:48:16 - [TEST_STEP][PASSED] - callTestCase(findTestCase("CommonMethods/SearchForAProduct_search"), ["searchTerm":SLProduct], STOP_ON_FAILURE): Call Test Case 'Test Cases/CommonMethods/SearchForAProduct_search' successfully

2023-08-16 16:48:16 - [TEST_CASE][PASSED] - Test Cases/CommonMethods/SearchForAProduct_search: Test Cases/CommonMethods/SearchForAProduct_search

2023-08-16 16:48:16 - [TEST_STEP][PASSED] - click(findTestObject("HomePage/Buscar1"), STOP_ON_FAILURE): Object: 'Object Repository/HomePage/Buscar1' is clicked on

2023-08-16 16:48:16 - [MESSAGE][PASSED] - Object: 'Object Repository/HomePage/Buscar1' is clicked on

2023-08-16 16:48:16 - [TEST_STEP][PASSED] - delay(3): Delayed 3 second(s)

2023-08-16 16:48:19 - [MESSAGE][PASSED] - Delayed 3 second(s)

2023-08-16 16:48:19 - [TEST_STEP][PASSED] - setText(findTestObject("HomePage/Buscar1"), searchTerm): Text 'vaso' is set on object 'Object Repository/HomePage/Buscar1'

2023-08-16 16:48:20 - [MESSAGE][PASSED] - Text 'vaso' is set on object 'Object Repository/HomePage/Buscar1'

2023-08-16 16:48:20 - [TEST_STEP][PASSED] - delay(3): Delayed 3 second(s)

2023-08-16 16:48:23 - [MESSAGE][PASSED] - Delayed 3 second(s)

2023-08-16 16:48:23 - [TEST_STEP][PASSED] - sendKeys(findTestObject("HomePage/Seach_TextBox_hp"), Keys.chord(ENTER)): Keys 'ENTER + ' sent to object: 'Object Repository/HomePage/Seach_TextBox_hp'

2023-08-16 16:48:25 - [MESSAGE][PASSED] - Keys 'ENTER + ' sent to object: 'Object Repository/HomePage/Seach_TextBox_hp'

2023-08-16 16:48:25 - [MESSAGE][PASSED] - Call Test Case 'Test Cases/CommonMethods/SearchForAProduct_search' successfully

2023-08-16 16:48:25 - [TEST_STEP][PASSED] - click(findTestObject("PLPPage/product1_PLP"), OPTIONAL): Object: 'Object Repository/PLPPage/product1_PLP' is clicked on

2023-08-16 16:48:50 - [MESSAGE][PASSED] - Object: 'Object Repository/PLPPage/product1_PLP' is clicked on

2023-08-16 16:48:50 - [TEST_STEP][PASSED] - click(findTestObject("PDPPage/AddToCart_PDP")): Object: 'Object Repository/PDPPage/AddToCart_PDP' is clicked on

2023-08-16 16:49:03 - [MESSAGE][PASSED] - Object: 'Object Repository/PDPPage/AddToCart_PDP' is clicked on

2023-08-16 16:49:03 - [TEST_STEP][PASSED] - click(findTestObject("HomePage/bag_header_HP")): Object: 'Object Repository/HomePage/bag_header_HP' is clicked on

2023-08-16 16:49:07 - [MESSAGE][PASSED] - Object: 'Object Repository/HomePage/bag_header_HP' is clicked on

2023-08-16 16:49:07 - [TEST_STEP][FAILED] - click(findTestObject("CartPage/BuyButton_Cart")): Unable to click on object 'Object Repository/CartPage/BuyButton_Cart' (Root cause: com.kms.katalon.core.exception.StepFailedException: Unable to click on object 'Object Repository/CartPage/BuyButton_Cart'
	at com.kms.katalon.core.webui.keyword.internal.WebUIKeywordMain.stepFailed(WebUIKeywordMain.groovy:64)
	at com.kms.katalon.core.webui.keyword.internal.WebUIKeywordMain.runKeyword(WebUIKeywordMain.groovy:26)
	at com.kms.katalon.core.webui.keyword.builtin.ClickKeyword.click(ClickKeyword.groovy:74)
	at com.kms.katalon.core.webui.keyword.builtin.ClickKeyword.execute(ClickKeyword.groovy:40)
	at com.kms.katalon.core.keyword.internal.KeywordExecutor.executeKeywordForPlatform(KeywordExecutor.groovy:74)
	at com.kms.katalon.core.webui.keyword.WebUiBuiltInKeywords.click(WebUiBuiltInKeywords.groovy:620)
	at com.kms.katalon.core.webui.keyword.WebUiBuiltInKeywords$click$2.call(Unknown Source)
	at TS_SMOKE_SUITE_082.run(TS_SMOKE_SUITE_082:44)
	at com.kms.katalon.core.main.ScriptEngine.run(ScriptEngine.java:194)
	at com.kms.katalon.core.main.ScriptEngine.runScriptAsRawText(ScriptEngine.java:119)
	at com.kms.katalon.core.main.TestCaseExecutor.runScript(TestCaseExecutor.java:448)
	at com.kms.katalon.core.main.TestCaseExecutor.doExecute(TestCaseExecutor.java:439)
	at com.kms.katalon.core.main.TestCaseExecutor.processExecutionPhase(TestCaseExecutor.java:418)
	at com.kms.katalon.core.main.TestCaseExecutor.accessMainPhase(TestCaseExecutor.java:410)
	at com.kms.katalon.core.main.TestCaseExecutor.execute(TestCaseExecutor.java:285)
	at com.kms.katalon.core.common.CommonExecutor.accessTestCaseMainPhase(CommonExecutor.java:65)
	at com.kms.katalon.core.main.TestSuiteExecutor.accessTestSuiteMainPhase(TestSuiteExecutor.java:151)
	at com.kms.katalon.core.main.TestSuiteExecutor.execute(TestSuiteExecutor.java:106)
	at com.kms.katalon.core.main.TestCaseMain.startTestSuite(TestCaseMain.java:185)
	at com.kms.katalon.core.main.TestCaseMain$startTestSuite$0.call(Unknown Source)
	at TempTestSuite1692183177032.run(TempTestSuite1692183177032.groovy:36)
Caused by: com.kms.katalon.core.webui.exception.WebElementNotFoundException: Web element with id: 'Object Repository/CartPage/BuyButton_Cart' located by '//div[@class='t-myBag__toBuy']' not found
	at com.kms.katalon.core.webui.common.WebUiCommonHelper.findWebElement(WebUiCommonHelper.java:1370)
	at com.kms.katalon.core.webui.keyword.internal.WebUIAbstractKeyword.findWebElement(WebUIAbstractKeyword.groovy:27)
	at com.kms.katalon.core.webui.keyword.builtin.ClickKeyword$_click_closure1.doCall(ClickKeyword.groovy:65)
	at com.kms.katalon.core.webui.keyword.builtin.ClickKeyword$_click_closure1.call(ClickKeyword.groovy)
	at com.kms.katalon.core.webui.keyword.internal.WebUIKeywordMain.runKeyword(WebUIKeywordMain.groovy:20)
	at com.kms.katalon.core.webui.keyword.builtin.ClickKeyword.click(ClickKeyword.groovy:74)
	at com.kms.katalon.core.webui.keyword.builtin.ClickKeyword.execute(ClickKeyword.groovy:40)
	at com.kms.katalon.core.keyword.internal.KeywordExecutor.executeKeywordForPlatform(KeywordExecutor.groovy:74)
	at com.kms.katalon.core.webui.keyword.WebUiBuiltInKeywords.click(WebUiBuiltInKeywords.groovy:620)
	at com.kms.katalon.core.webui.keyword.WebUiBuiltInKeywords$click$2.call(Unknown Source)
	at Script1691553342759.run(Script1691553342759.groovy:44)
	... 13 more
)

2023-08-16 16:49:39 - [MESSAGE][INFO] - Unable to find the element located by 'By.xpath: //div[@class='t-myBag__toBuy']'. Please recheck the objects properties to make sure the desired element is located. 

2023-08-16 16:49:39 - [MESSAGE][FAILED] - Unable to click on object 'Object Repository/CartPage/BuyButton_Cart' (Root cause: com.kms.katalon.core.exception.StepFailedException: Unable to click on object 'Object Repository/CartPage/BuyButton_Cart'
	at com.kms.katalon.core.webui.keyword.internal.WebUIKeywordMain.stepFailed(WebUIKeywordMain.groovy:64)
	at com.kms.katalon.core.webui.keyword.internal.WebUIKeywordMain.runKeyword(WebUIKeywordMain.groovy:26)
	at com.kms.katalon.core.webui.keyword.builtin.ClickKeyword.click(ClickKeyword.groovy:74)
	at com.kms.katalon.core.webui.keyword.builtin.ClickKeyword.execute(ClickKeyword.groovy:40)
	at com.kms.katalon.core.keyword.internal.KeywordExecutor.executeKeywordForPlatform(KeywordExecutor.groovy:74)
	at com.kms.katalon.core.webui.keyword.WebUiBuiltInKeywords.click(WebUiBuiltInKeywords.groovy:620)
	at com.kms.katalon.core.webui.keyword.WebUiBuiltInKeywords$click$2.call(Unknown Source)
	at TS_SMOKE_SUITE_082.run(TS_SMOKE_SUITE_082:44)
	at com.kms.katalon.core.main.ScriptEngine.run(ScriptEngine.java:194)
	at com.kms.katalon.core.main.ScriptEngine.runScriptAsRawText(ScriptEngine.java:119)
	at com.kms.katalon.core.main.TestCaseExecutor.runScript(TestCaseExecutor.java:448)
	at com.kms.katalon.core.main.TestCaseExecutor.doExecute(TestCaseExecutor.java:439)
	at com.kms.katalon.core.main.TestCaseExecutor.processExecutionPhase(TestCaseExecutor.java:418)
	at com.kms.katalon.core.main.TestCaseExecutor.accessMainPhase(TestCaseExecutor.java:410)
	at com.kms.katalon.core.main.TestCaseExecutor.execute(TestCaseExecutor.java:285)
	at com.kms.katalon.core.common.CommonExecutor.accessTestCaseMainPhase(CommonExecutor.java:65)
	at com.kms.katalon.core.main.TestSuiteExecutor.accessTestSuiteMainPhase(TestSuiteExecutor.java:151)
	at com.kms.katalon.core.main.TestSuiteExecutor.execute(TestSuiteExecutor.java:106)
	at com.kms.katalon.core.main.TestCaseMain.startTestSuite(TestCaseMain.java:185)
	at com.kms.katalon.core.main.TestCaseMain$startTestSuite$0.call(Unknown Source)
	at TempTestSuite1692183177032.run(TempTestSuite1692183177032.groovy:36)
Caused by: com.kms.katalon.core.webui.exception.WebElementNotFoundException: Web element with id: 'Object Repository/CartPage/BuyButton_Cart' located by '//div[@class='t-myBag__toBuy']' not found
	at com.kms.katalon.core.webui.common.WebUiCommonHelper.findWebElement(WebUiCommonHelper.java:1370)
	at com.kms.katalon.core.webui.keyword.internal.WebUIAbstractKeyword.findWebElement(WebUIAbstractKeyword.groovy:27)
	at com.kms.katalon.core.webui.keyword.builtin.ClickKeyword$_click_closure1.doCall(ClickKeyword.groovy:65)
	at com.kms.katalon.core.webui.keyword.builtin.ClickKeyword$_click_closure1.call(ClickKeyword.groovy)
	at com.kms.katalon.core.webui.keyword.internal.WebUIKeywordMain.runKeyword(WebUIKeywordMain.groovy:20)
	at com.kms.katalon.core.webui.keyword.builtin.ClickKeyword.click(ClickKeyword.groovy:74)
	at com.kms.katalon.core.webui.keyword.builtin.ClickKeyword.execute(ClickKeyword.groovy:40)
	at com.kms.katalon.core.keyword.internal.KeywordExecutor.executeKeywordForPlatform(KeywordExecutor.groovy:74)
	at com.kms.katalon.core.webui.keyword.WebUiBuiltInKeywords.click(WebUiBuiltInKeywords.groovy:620)
	at com.kms.katalon.core.webui.keyword.WebUiBuiltInKeywords$click$2.call(Unknown Source)
	at Script1691553342759.run(Script1691553342759.groovy:44)
	... 13 more
)
[[ATTACHMENT|D:\\backup\\Liverpool_SmokeSuite1\\Reports\\20230816_162257\\checkout\\20230816_162257\\1692184779001.png]]]]></system-out>
         <system-err><![CDATA[2023-08-16 16:46:01 - [TEST_CASE][FAILED] - Test Cases/Checkout/TS_SMOKE_SUITE_082: Test Cases/Checkout/TS_SMOKE_SUITE_082 FAILED.
Reason:
com.kms.katalon.core.exception.StepFailedException: Unable to click on object 'Object Repository/CartPage/BuyButton_Cart'
	at com.kms.katalon.core.webui.keyword.internal.WebUIKeywordMain.stepFailed(WebUIKeywordMain.groovy:64)
	at com.kms.katalon.core.webui.keyword.internal.WebUIKeywordMain.runKeyword(WebUIKeywordMain.groovy:26)
	at com.kms.katalon.core.webui.keyword.builtin.ClickKeyword.click(ClickKeyword.groovy:74)
	at com.kms.katalon.core.webui.keyword.builtin.ClickKeyword.execute(ClickKeyword.groovy:40)
	at com.kms.katalon.core.keyword.internal.KeywordExecutor.executeKeywordForPlatform(KeywordExecutor.groovy:74)
	at com.kms.katalon.core.webui.keyword.WebUiBuiltInKeywords.click(WebUiBuiltInKeywords.groovy:620)
	at com.kms.katalon.core.webui.keyword.WebUiBuiltInKeywords$click$2.call(Unknown Source)
	at TS_SMOKE_SUITE_082.run(TS_SMOKE_SUITE_082:44)
	at com.kms.katalon.core.main.ScriptEngine.run(ScriptEngine.java:194)
	at com.kms.katalon.core.main.ScriptEngine.runScriptAsRawText(ScriptEngine.java:119)
	at com.kms.katalon.core.main.TestCaseExecutor.runScript(TestCaseExecutor.java:448)
	at com.kms.katalon.core.main.TestCaseExecutor.doExecute(TestCaseExecutor.java:439)
	at com.kms.katalon.core.main.TestCaseExecutor.processExecutionPhase(TestCaseExecutor.java:418)
	at com.kms.katalon.core.main.TestCaseExecutor.accessMainPhase(TestCaseExecutor.java:410)
	at com.kms.katalon.core.main.TestCaseExecutor.execute(TestCaseExecutor.java:285)
	at com.kms.katalon.core.common.CommonExecutor.accessTestCaseMainPhase(CommonExecutor.java:65)
	at com.kms.katalon.core.main.TestSuiteExecutor.accessTestSuiteMainPhase(TestSuiteExecutor.java:151)
	at com.kms.katalon.core.main.TestSuiteExecutor.execute(TestSuiteExecutor.java:106)
	at com.kms.katalon.core.main.TestCaseMain.startTestSuite(TestCaseMain.java:185)
	at com.kms.katalon.core.main.TestCaseMain$startTestSuite$0.call(Unknown Source)
	at TempTestSuite1692183177032.run(TempTestSuite1692183177032.groovy:36)
Caused by: com.kms.katalon.core.webui.exception.WebElementNotFoundException: Web element with id: 'Object Repository/CartPage/BuyButton_Cart' located by '//div[@class='t-myBag__toBuy']' not found
	at com.kms.katalon.core.webui.common.WebUiCommonHelper.findWebElement(WebUiCommonHelper.java:1370)
	at com.kms.katalon.core.webui.keyword.internal.WebUIAbstractKeyword.findWebElement(WebUIAbstractKeyword.groovy:27)
	at com.kms.katalon.core.webui.keyword.builtin.ClickKeyword$_click_closure1.doCall(ClickKeyword.groovy:65)
	at com.kms.katalon.core.webui.keyword.builtin.ClickKeyword$_click_closure1.call(ClickKeyword.groovy)
	at com.kms.katalon.core.webui.keyword.internal.WebUIKeywordMain.runKeyword(WebUIKeywordMain.groovy:20)
	... 19 more]]></system-err>
      </testcase>
      <testcase name="Test Cases/Checkout/TS_SMOKE_SUITE_083" time="230.553" classname="Test Cases/Checkout/TS_SMOKE_SUITE_083" status="PASSED">
         <system-out><![CDATA[2023-08-16 16:49:39 - [TEST_CASE][PASSED] - Test Cases/Checkout/TS_SMOKE_SUITE_083: Test Cases/Checkout/TS_SMOKE_SUITE_083

2023-08-16 16:49:39 - [TEST_STEP][PASSED] - openBrowser(""): Browser is opened with url: ''

2023-08-16 16:49:39 - [MESSAGE][WARNING] - A browser is already opened. Closing browser and opening a new one

2023-08-16 16:49:40 - [MESSAGE][INFO] - Starting 'Chrome' driver

2023-08-16 16:49:40 - [MESSAGE][INFO] - Action delay is set to 0 milliseconds

2023-08-16 16:49:41 - [MESSAGE][PASSED] - Browser is opened with url: ''

2023-08-16 16:49:41 - [TEST_STEP][PASSED] - navigateToUrl(URL): Navigate to 'https://odtaqaa.liverpool.com.mx/tienda/home' successfully

2023-08-16 16:50:49 - [MESSAGE][PASSED] - Navigate to 'https://odtaqaa.liverpool.com.mx/tienda/home' successfully

2023-08-16 16:50:49 - [TEST_STEP][PASSED] - maximizeWindow(): Current window maximized

2023-08-16 16:50:50 - [MESSAGE][PASSED] - Current window maximized

2023-08-16 16:50:50 - [TEST_STEP][PASSED] - click(findTestObject("HomePage/Iniciar sesion")): Object: 'Object Repository/HomePage/Iniciar sesion' is clicked on

2023-08-16 16:50:50 - [MESSAGE][PASSED] - Object: 'Object Repository/HomePage/Iniciar sesion' is clicked on

2023-08-16 16:50:50 - [TEST_STEP][PASSED] - callTestCase(findTestCase("CommonMethods/login_odtaqab"), [:], STOP_ON_FAILURE): Call Test Case 'Test Cases/CommonMethods/login_odtaqab' successfully

2023-08-16 16:50:50 - [TEST_CASE][PASSED] - Test Cases/CommonMethods/login_odtaqab: Test Cases/CommonMethods/login_odtaqab

2023-08-16 16:50:50 - [TEST_STEP][PASSED] - click(findTestObject("HomePage/Iniciar sesion")): Object: 'Object Repository/HomePage/Iniciar sesion' is clicked on

2023-08-16 16:50:51 - [MESSAGE][PASSED] - Object: 'Object Repository/HomePage/Iniciar sesion' is clicked on

2023-08-16 16:50:51 - [TEST_STEP][PASSED] - click(findTestObject("HomePage/EnterUsername_LP")): Object: 'Object Repository/HomePage/EnterUsername_LP' is clicked on

2023-08-16 16:51:15 - [MESSAGE][PASSED] - Object: 'Object Repository/HomePage/EnterUsername_LP' is clicked on

2023-08-16 16:51:15 - [TEST_STEP][PASSED] - setText(findTestObject("HomePage/EnterUsername_LP"), username): Text 'hcheruvu29@digisprint.com' is set on object 'Object Repository/HomePage/EnterUsername_LP'

2023-08-16 16:51:16 - [MESSAGE][PASSED] - Text 'hcheruvu29@digisprint.com' is set on object 'Object Repository/HomePage/EnterUsername_LP'

2023-08-16 16:51:16 - [TEST_STEP][PASSED] - delay(2): Delayed 2 second(s)

2023-08-16 16:51:18 - [MESSAGE][PASSED] - Delayed 2 second(s)

2023-08-16 16:51:18 - [TEST_STEP][PASSED] - click(findTestObject("HomePage/EnterPassword_LP")): Object: 'Object Repository/HomePage/EnterPassword_LP' is clicked on

2023-08-16 16:51:18 - [MESSAGE][PASSED] - Object: 'Object Repository/HomePage/EnterPassword_LP' is clicked on

2023-08-16 16:51:18 - [TEST_STEP][PASSED] - delay(2): Delayed 2 second(s)

2023-08-16 16:51:20 - [MESSAGE][PASSED] - Delayed 2 second(s)

2023-08-16 16:51:20 - [TEST_STEP][PASSED] - setText(findTestObject("HomePage/EnterPassword_LP"), password): Text 'Test@12345' is set on object 'Object Repository/HomePage/EnterPassword_LP'

2023-08-16 16:51:21 - [MESSAGE][PASSED] - Text 'Test@12345' is set on object 'Object Repository/HomePage/EnterPassword_LP'

2023-08-16 16:51:21 - [TEST_STEP][PASSED] - click(findTestObject("HomePage/inciar")): Object: 'Object Repository/HomePage/inciar' is clicked on

2023-08-16 16:51:46 - [MESSAGE][PASSED] - Object: 'Object Repository/HomePage/inciar' is clicked on

2023-08-16 16:51:46 - [MESSAGE][PASSED] - Call Test Case 'Test Cases/CommonMethods/login_odtaqab' successfully

2023-08-16 16:51:46 - [TEST_STEP][PASSED] - callTestCase(findTestCase("CommonMethods/SearchForAProduct_search"), ["searchTerm":SLProduct], STOP_ON_FAILURE): Call Test Case 'Test Cases/CommonMethods/SearchForAProduct_search' successfully

2023-08-16 16:51:46 - [TEST_CASE][PASSED] - Test Cases/CommonMethods/SearchForAProduct_search: Test Cases/CommonMethods/SearchForAProduct_search

2023-08-16 16:51:46 - [TEST_STEP][PASSED] - click(findTestObject("HomePage/Buscar1"), STOP_ON_FAILURE): Object: 'Object Repository/HomePage/Buscar1' is clicked on

2023-08-16 16:52:32 - [MESSAGE][PASSED] - Object: 'Object Repository/HomePage/Buscar1' is clicked on

2023-08-16 16:52:32 - [TEST_STEP][PASSED] - delay(3): Delayed 3 second(s)

2023-08-16 16:52:35 - [MESSAGE][PASSED] - Delayed 3 second(s)

2023-08-16 16:52:35 - [TEST_STEP][PASSED] - setText(findTestObject("HomePage/Buscar1"), searchTerm): Text 'vaso' is set on object 'Object Repository/HomePage/Buscar1'

2023-08-16 16:52:36 - [MESSAGE][PASSED] - Text 'vaso' is set on object 'Object Repository/HomePage/Buscar1'

2023-08-16 16:52:36 - [TEST_STEP][PASSED] - delay(3): Delayed 3 second(s)

2023-08-16 16:52:39 - [MESSAGE][PASSED] - Delayed 3 second(s)

2023-08-16 16:52:39 - [TEST_STEP][PASSED] - sendKeys(findTestObject("HomePage/Seach_TextBox_hp"), Keys.chord(ENTER)): Keys 'ENTER + ' sent to object: 'Object Repository/HomePage/Seach_TextBox_hp'

2023-08-16 16:52:43 - [MESSAGE][PASSED] - Keys 'ENTER + ' sent to object: 'Object Repository/HomePage/Seach_TextBox_hp'

2023-08-16 16:52:43 - [MESSAGE][PASSED] - Call Test Case 'Test Cases/CommonMethods/SearchForAProduct_search' successfully

2023-08-16 16:52:43 - [TEST_STEP][PASSED] - click(findTestObject("PLPPage/product2_cardPrice_PLP"), OPTIONAL): Object: 'Object Repository/PLPPage/product2_cardPrice_PLP' is clicked on

2023-08-16 16:53:04 - [MESSAGE][PASSED] - Object: 'Object Repository/PLPPage/product2_cardPrice_PLP' is clicked on

2023-08-16 16:53:04 - [TEST_STEP][PASSED] - click(findTestObject("PDPPage/AddToCart_PDP")): Object: 'Object Repository/PDPPage/AddToCart_PDP' is clicked on

2023-08-16 16:53:15 - [MESSAGE][PASSED] - Object: 'Object Repository/PDPPage/AddToCart_PDP' is clicked on

2023-08-16 16:53:15 - [TEST_STEP][PASSED] - click(findTestObject("HomePage/bag_header_HP")): Object: 'Object Repository/HomePage/bag_header_HP' is clicked on

2023-08-16 16:53:17 - [MESSAGE][PASSED] - Object: 'Object Repository/HomePage/bag_header_HP' is clicked on

2023-08-16 16:53:17 - [TEST_STEP][PASSED] - click(findTestObject("CartPage/BuyButton_Cart")): Object: 'Object Repository/CartPage/BuyButton_Cart' is clicked on

2023-08-16 16:53:20 - [MESSAGE][PASSED] - Object: 'Object Repository/CartPage/BuyButton_Cart' is clicked on

2023-08-16 16:53:20 - [TEST_STEP][PASSED] - click(findTestObject("OPCPage/Final_comparar_OPC")): Object: 'Object Repository/OPCPage/Final_comparar_OPC' is clicked on

2023-08-16 16:53:28 - [MESSAGE][PASSED] - Object: 'Object Repository/OPCPage/Final_comparar_OPC' is clicked on

2023-08-16 16:53:28 - [TEST_STEP][PASSED] - verifyElementPresent(findTestObject("OPCPage/ConfirmOrder_Checkout"), 0): Object 'Object Repository/OPCPage/ConfirmOrder_Checkout' is present

2023-08-16 16:53:28 - [MESSAGE][WARNING] - Timeout '0' is invalid. Using default page load timeout: '30'

2023-08-16 16:53:28 - [MESSAGE][PASSED] - Object 'Object Repository/OPCPage/ConfirmOrder_Checkout' is present

2023-08-16 16:53:28 - [TEST_STEP][PASSED] - closeBrowser(): Browser is closed

2023-08-16 16:53:29 - [MESSAGE][PASSED] - Browser is closed]]></system-out>
         <system-err><![CDATA[]]></system-err>
      </testcase>
      <testcase name="Test Cases/Checkout/TS_SMOKE_SUITE_086" time="360.677" classname="Test Cases/Checkout/TS_SMOKE_SUITE_086" status="FAILED">
         <failure type="FAILED" message="Test Cases/Checkout/TS_SMOKE_SUITE_086 FAILED.
Reason:
com.kms.katalon.core.exception.StepFailedException: Unable to click on object 'Object Repository/OPCPage/label_Cambiar_payment_opc'
	at com.kms.katalon.core.webui.keyword.internal.WebUIKeywordMain.stepFailed(WebUIKeywordMain.groovy:64)
	at com.kms.katalon.core.webui.keyword.internal.WebUIKeywordMain.runKeyword(WebUIKeywordMain.groovy:26)
	at com.kms.katalon.core.webui.keyword.builtin.ClickKeyword.click(ClickKeyword.groovy:74)
	at com.kms.katalon.core.webui.keyword.builtin.ClickKeyword.execute(ClickKeyword.groovy:40)
	at com.kms.katalon.core.keyword.internal.KeywordExecutor.executeKeywordForPlatform(KeywordExecutor.groovy:74)
	at com.kms.katalon.core.webui.keyword.WebUiBuiltInKeywords.click(WebUiBuiltInKeywords.groovy:620)
	at com.kms.katalon.core.webui.keyword.WebUiBuiltInKeywords$click$2.call(Unknown Source)
	at TS_SMOKE_SUITE_086.run(TS_SMOKE_SUITE_086:62)
	at com.kms.katalon.core.main.ScriptEngine.run(ScriptEngine.java:194)
	at com.kms.katalon.core.main.ScriptEngine.runScriptAsRawText(ScriptEngine.java:119)
	at com.kms.katalon.core.main.TestCaseExecutor.runScript(TestCaseExecutor.java:448)
	at com.kms.katalon.core.main.TestCaseExecutor.doExecute(TestCaseExecutor.java:439)
	at com.kms.katalon.core.main.TestCaseExecutor.processExecutionPhase(TestCaseExecutor.java:418)
	at com.kms.katalon.core.main.TestCaseExecutor.accessMainPhase(TestCaseExecutor.java:410)
	at com.kms.katalon.core.main.TestCaseExecutor.execute(TestCaseExecutor.java:285)
	at com.kms.katalon.core.common.CommonExecutor.accessTestCaseMainPhase(CommonExecutor.java:65)
	at com.kms.katalon.core.main.TestSuiteExecutor.accessTestSuiteMainPhase(TestSuiteExecutor.java:151)
	at com.kms.katalon.core.main.TestSuiteExecutor.execute(TestSuiteExecutor.java:106)
	at com.kms.katalon.core.main.TestCaseMain.startTestSuite(TestCaseMain.java:185)
	at com.kms.katalon.core.main.TestCaseMain$startTestSuite$0.call(Unknown Source)
	at TempTestSuite1692183177032.run(TempTestSuite1692183177032.groovy:36)
Caused by: org.openqa.selenium.ElementClickInterceptedException: element click intercepted: Element &lt;div class=&quot;a-box__accordionIcon float-right&quot;>...&lt;/div> is not clickable at point (796, 309). Other element would receive the click: &lt;p class=&quot;a-paypalInfo__description&quot;>...&lt;/p>
  (Session info: chrome=115.0.5790.171)
Build info: version: '3.141.59', revision: 'e82be7d358', time: '2018-11-14T08:25:53'
System info: host: 'DESKTOP-L51QJLB', ip: '172.22.45.204', os.name: 'Windows 10', os.arch: 'amd64', os.version: '10.0', java.version: '1.8.0_282'
Driver info: com.kms.katalon.selenium.driver.CChromeDriver
Capabilities {acceptInsecureCerts: false, browserName: chrome, browserVersion: 115.0.5790.171, chrome: {chromedriverVersion: 114.0.5735.90 (386bc09e8f4f..., userDataDir: C:\Users\DELL\AppData\Local...}, goog:chromeOptions: {debuggerAddress: localhost:54930}, javascriptEnabled: true, networkConnectionEnabled: false, pageLoadStrategy: normal, platform: WINDOWS, platformName: WINDOWS, proxy: Proxy(), setWindowRect: true, strictFileInteractability: false, timeouts: {implicit: 0, pageLoad: 300000, script: 30000}, unhandledPromptBehavior: dismiss and notify, webauthn:extension:credBlob: true, webauthn:extension:largeBlob: true, webauthn:extension:minPinLength: true, webauthn:extension:prf: true, webauthn:virtualAuthenticators: true}
Session ID: 3e70f8b6a22234c5fe005e5f2df65b07
	at org.openqa.selenium.remote.http.W3CHttpResponseCodec.createException(W3CHttpResponseCodec.java:187)
	at org.openqa.selenium.remote.http.W3CHttpResponseCodec.decode(W3CHttpResponseCodec.java:122)
	at org.openqa.selenium.remote.http.W3CHttpResponseCodec.decode(W3CHttpResponseCodec.java:49)
	at org.openqa.selenium.remote.HttpCommandExecutor.execute(HttpCommandExecutor.java:158)
	at org.openqa.selenium.remote.service.DriverCommandExecutor.execute(DriverCommandExecutor.java:83)
	at org.openqa.selenium.remote.RemoteWebDriver.execute(RemoteWebDriver.java:552)
	at com.kms.katalon.selenium.driver.CChromeDriver.execute(CChromeDriver.java:19)
	at org.openqa.selenium.remote.RemoteWebElement.execute(RemoteWebElement.java:285)
	at org.openqa.selenium.remote.RemoteWebElement.click(RemoteWebElement.java:84)
	at org.openqa.selenium.support.events.EventFiringWebDriver$EventFiringWebElement.lambda$new$0(EventFiringWebDriver.java:404)
	at com.sun.proxy.$Proxy11.click(Unknown Source)
	at org.openqa.selenium.support.events.EventFiringWebDriver$EventFiringWebElement.click(EventFiringWebDriver.java:417)
	at org.openqa.selenium.WebElement$click.call(Unknown Source)
	at com.kms.katalon.core.webui.keyword.builtin.ClickKeyword.clickUntilSuccessWithTimeout(ClickKeyword.groovy:81)
	at com.kms.katalon.core.webui.keyword.builtin.ClickKeyword.clickUntilSuccessWithTimeout(ClickKeyword.groovy)
	at com.kms.katalon.core.webui.keyword.builtin.ClickKeyword$_click_closure1.doCall(ClickKeyword.groovy:67)
	at com.kms.katalon.core.webui.keyword.builtin.ClickKeyword$_click_closure1.call(ClickKeyword.groovy)
	at com.kms.katalon.core.webui.keyword.internal.WebUIKeywordMain.runKeyword(WebUIKeywordMain.groovy:20)
	... 19 more
"/>
         <system-out><![CDATA[2023-08-16 16:53:29 - [TEST_CASE][FAILED] - Test Cases/Checkout/TS_SMOKE_SUITE_086: Test Cases/Checkout/TS_SMOKE_SUITE_086 FAILED.
Reason:
com.kms.katalon.core.exception.StepFailedException: Unable to click on object 'Object Repository/OPCPage/label_Cambiar_payment_opc'
	at com.kms.katalon.core.webui.keyword.internal.WebUIKeywordMain.stepFailed(WebUIKeywordMain.groovy:64)
	at com.kms.katalon.core.webui.keyword.internal.WebUIKeywordMain.runKeyword(WebUIKeywordMain.groovy:26)
	at com.kms.katalon.core.webui.keyword.builtin.ClickKeyword.click(ClickKeyword.groovy:74)
	at com.kms.katalon.core.webui.keyword.builtin.ClickKeyword.execute(ClickKeyword.groovy:40)
	at com.kms.katalon.core.keyword.internal.KeywordExecutor.executeKeywordForPlatform(KeywordExecutor.groovy:74)
	at com.kms.katalon.core.webui.keyword.WebUiBuiltInKeywords.click(WebUiBuiltInKeywords.groovy:620)
	at com.kms.katalon.core.webui.keyword.WebUiBuiltInKeywords$click$2.call(Unknown Source)
	at TS_SMOKE_SUITE_086.run(TS_SMOKE_SUITE_086:62)
	at com.kms.katalon.core.main.ScriptEngine.run(ScriptEngine.java:194)
	at com.kms.katalon.core.main.ScriptEngine.runScriptAsRawText(ScriptEngine.java:119)
	at com.kms.katalon.core.main.TestCaseExecutor.runScript(TestCaseExecutor.java:448)
	at com.kms.katalon.core.main.TestCaseExecutor.doExecute(TestCaseExecutor.java:439)
	at com.kms.katalon.core.main.TestCaseExecutor.processExecutionPhase(TestCaseExecutor.java:418)
	at com.kms.katalon.core.main.TestCaseExecutor.accessMainPhase(TestCaseExecutor.java:410)
	at com.kms.katalon.core.main.TestCaseExecutor.execute(TestCaseExecutor.java:285)
	at com.kms.katalon.core.common.CommonExecutor.accessTestCaseMainPhase(CommonExecutor.java:65)
	at com.kms.katalon.core.main.TestSuiteExecutor.accessTestSuiteMainPhase(TestSuiteExecutor.java:151)
	at com.kms.katalon.core.main.TestSuiteExecutor.execute(TestSuiteExecutor.java:106)
	at com.kms.katalon.core.main.TestCaseMain.startTestSuite(TestCaseMain.java:185)
	at com.kms.katalon.core.main.TestCaseMain$startTestSuite$0.call(Unknown Source)
	at TempTestSuite1692183177032.run(TempTestSuite1692183177032.groovy:36)
Caused by: org.openqa.selenium.ElementClickInterceptedException: element click intercepted: Element <div class="a-box__accordionIcon float-right">...</div> is not clickable at point (796, 309). Other element would receive the click: <p class="a-paypalInfo__description">...</p>
  (Session info: chrome=115.0.5790.171)
Build info: version: '3.141.59', revision: 'e82be7d358', time: '2018-11-14T08:25:53'
System info: host: 'DESKTOP-L51QJLB', ip: '172.22.45.204', os.name: 'Windows 10', os.arch: 'amd64', os.version: '10.0', java.version: '1.8.0_282'
Driver info: com.kms.katalon.selenium.driver.CChromeDriver
Capabilities {acceptInsecureCerts: false, browserName: chrome, browserVersion: 115.0.5790.171, chrome: {chromedriverVersion: 114.0.5735.90 (386bc09e8f4f..., userDataDir: C:\Users\DELL\AppData\Local...}, goog:chromeOptions: {debuggerAddress: localhost:54930}, javascriptEnabled: true, networkConnectionEnabled: false, pageLoadStrategy: normal, platform: WINDOWS, platformName: WINDOWS, proxy: Proxy(), setWindowRect: true, strictFileInteractability: false, timeouts: {implicit: 0, pageLoad: 300000, script: 30000}, unhandledPromptBehavior: dismiss and notify, webauthn:extension:credBlob: true, webauthn:extension:largeBlob: true, webauthn:extension:minPinLength: true, webauthn:extension:prf: true, webauthn:virtualAuthenticators: true}
Session ID: 3e70f8b6a22234c5fe005e5f2df65b07
	at org.openqa.selenium.remote.http.W3CHttpResponseCodec.createException(W3CHttpResponseCodec.java:187)
	at org.openqa.selenium.remote.http.W3CHttpResponseCodec.decode(W3CHttpResponseCodec.java:122)
	at org.openqa.selenium.remote.http.W3CHttpResponseCodec.decode(W3CHttpResponseCodec.java:49)
	at org.openqa.selenium.remote.HttpCommandExecutor.execute(HttpCommandExecutor.java:158)
	at org.openqa.selenium.remote.service.DriverCommandExecutor.execute(DriverCommandExecutor.java:83)
	at org.openqa.selenium.remote.RemoteWebDriver.execute(RemoteWebDriver.java:552)
	at com.kms.katalon.selenium.driver.CChromeDriver.execute(CChromeDriver.java:19)
	at org.openqa.selenium.remote.RemoteWebElement.execute(RemoteWebElement.java:285)
	at org.openqa.selenium.remote.RemoteWebElement.click(RemoteWebElement.java:84)
	at org.openqa.selenium.support.events.EventFiringWebDriver$EventFiringWebElement.lambda$new$0(EventFiringWebDriver.java:404)
	at com.sun.proxy.$Proxy11.click(Unknown Source)
	at org.openqa.selenium.support.events.EventFiringWebDriver$EventFiringWebElement.click(EventFiringWebDriver.java:417)
	at org.openqa.selenium.WebElement$click.call(Unknown Source)
	at com.kms.katalon.core.webui.keyword.builtin.ClickKeyword.clickUntilSuccessWithTimeout(ClickKeyword.groovy:81)
	at com.kms.katalon.core.webui.keyword.builtin.ClickKeyword.clickUntilSuccessWithTimeout(ClickKeyword.groovy)
	at com.kms.katalon.core.webui.keyword.builtin.ClickKeyword$_click_closure1.doCall(ClickKeyword.groovy:67)
	at com.kms.katalon.core.webui.keyword.builtin.ClickKeyword$_click_closure1.call(ClickKeyword.groovy)
	at com.kms.katalon.core.webui.keyword.internal.WebUIKeywordMain.runKeyword(WebUIKeywordMain.groovy:20)
	... 19 more


2023-08-16 16:53:30 - [TEST_STEP][PASSED] - openBrowser(""): Browser is opened with url: ''

2023-08-16 16:53:30 - [MESSAGE][INFO] - Starting 'Chrome' driver

2023-08-16 16:53:30 - [MESSAGE][INFO] - Action delay is set to 0 milliseconds

2023-08-16 16:53:31 - [MESSAGE][PASSED] - Browser is opened with url: ''

2023-08-16 16:53:31 - [TEST_STEP][PASSED] - navigateToUrl(URL): Navigate to 'https://odtaqaa.liverpool.com.mx/tienda/home' successfully

2023-08-16 16:54:32 - [MESSAGE][PASSED] - Navigate to 'https://odtaqaa.liverpool.com.mx/tienda/home' successfully

2023-08-16 16:54:32 - [TEST_STEP][PASSED] - maximizeWindow(): Current window maximized

2023-08-16 16:54:32 - [MESSAGE][PASSED] - Current window maximized

2023-08-16 16:54:32 - [TEST_STEP][PASSED] - click(findTestObject("HomePage/Iniciar sesion")): Object: 'Object Repository/HomePage/Iniciar sesion' is clicked on

2023-08-16 16:54:33 - [MESSAGE][PASSED] - Object: 'Object Repository/HomePage/Iniciar sesion' is clicked on

2023-08-16 16:54:33 - [TEST_STEP][PASSED] - callTestCase(findTestCase("CommonMethods/login_odtaqab"), [:], STOP_ON_FAILURE): Call Test Case 'Test Cases/CommonMethods/login_odtaqab' successfully

2023-08-16 16:54:33 - [TEST_CASE][PASSED] - Test Cases/CommonMethods/login_odtaqab: Test Cases/CommonMethods/login_odtaqab

2023-08-16 16:54:33 - [TEST_STEP][PASSED] - click(findTestObject("HomePage/Iniciar sesion")): Object: 'Object Repository/HomePage/Iniciar sesion' is clicked on

2023-08-16 16:54:35 - [MESSAGE][PASSED] - Object: 'Object Repository/HomePage/Iniciar sesion' is clicked on

2023-08-16 16:54:35 - [TEST_STEP][PASSED] - click(findTestObject("HomePage/EnterUsername_LP")): Object: 'Object Repository/HomePage/EnterUsername_LP' is clicked on

2023-08-16 16:54:52 - [MESSAGE][PASSED] - Object: 'Object Repository/HomePage/EnterUsername_LP' is clicked on

2023-08-16 16:54:52 - [TEST_STEP][PASSED] - setText(findTestObject("HomePage/EnterUsername_LP"), username): Text 'hcheruvu29@digisprint.com' is set on object 'Object Repository/HomePage/EnterUsername_LP'

2023-08-16 16:54:53 - [MESSAGE][PASSED] - Text 'hcheruvu29@digisprint.com' is set on object 'Object Repository/HomePage/EnterUsername_LP'

2023-08-16 16:54:53 - [TEST_STEP][PASSED] - delay(2): Delayed 2 second(s)

2023-08-16 16:54:55 - [MESSAGE][PASSED] - Delayed 2 second(s)

2023-08-16 16:54:55 - [TEST_STEP][PASSED] - click(findTestObject("HomePage/EnterPassword_LP")): Object: 'Object Repository/HomePage/EnterPassword_LP' is clicked on

2023-08-16 16:54:55 - [MESSAGE][PASSED] - Object: 'Object Repository/HomePage/EnterPassword_LP' is clicked on

2023-08-16 16:54:55 - [TEST_STEP][PASSED] - delay(2): Delayed 2 second(s)

2023-08-16 16:54:57 - [MESSAGE][PASSED] - Delayed 2 second(s)

2023-08-16 16:54:57 - [TEST_STEP][PASSED] - setText(findTestObject("HomePage/EnterPassword_LP"), password): Text 'Test@12345' is set on object 'Object Repository/HomePage/EnterPassword_LP'

2023-08-16 16:54:58 - [MESSAGE][PASSED] - Text 'Test@12345' is set on object 'Object Repository/HomePage/EnterPassword_LP'

2023-08-16 16:54:58 - [TEST_STEP][PASSED] - click(findTestObject("HomePage/inciar")): Object: 'Object Repository/HomePage/inciar' is clicked on

2023-08-16 16:55:34 - [MESSAGE][PASSED] - Object: 'Object Repository/HomePage/inciar' is clicked on

2023-08-16 16:55:34 - [MESSAGE][PASSED] - Call Test Case 'Test Cases/CommonMethods/login_odtaqab' successfully

2023-08-16 16:55:34 - [TEST_STEP][PASSED] - callTestCase(findTestCase("CommonMethods/SearchForAProduct_search"), ["searchTerm":SLProduct], STOP_ON_FAILURE): Call Test Case 'Test Cases/CommonMethods/SearchForAProduct_search' successfully

2023-08-16 16:55:34 - [TEST_CASE][PASSED] - Test Cases/CommonMethods/SearchForAProduct_search: Test Cases/CommonMethods/SearchForAProduct_search

2023-08-16 16:55:34 - [TEST_STEP][PASSED] - click(findTestObject("HomePage/Buscar1"), STOP_ON_FAILURE): Object: 'Object Repository/HomePage/Buscar1' is clicked on

2023-08-16 16:56:00 - [MESSAGE][PASSED] - Object: 'Object Repository/HomePage/Buscar1' is clicked on

2023-08-16 16:56:00 - [TEST_STEP][PASSED] - delay(3): Delayed 3 second(s)

2023-08-16 16:56:03 - [MESSAGE][PASSED] - Delayed 3 second(s)

2023-08-16 16:56:03 - [TEST_STEP][PASSED] - setText(findTestObject("HomePage/Buscar1"), searchTerm): Text 'vaso' is set on object 'Object Repository/HomePage/Buscar1'

2023-08-16 16:56:04 - [MESSAGE][PASSED] - Text 'vaso' is set on object 'Object Repository/HomePage/Buscar1'

2023-08-16 16:56:04 - [TEST_STEP][PASSED] - delay(3): Delayed 3 second(s)

2023-08-16 16:56:07 - [MESSAGE][PASSED] - Delayed 3 second(s)

2023-08-16 16:56:07 - [TEST_STEP][PASSED] - sendKeys(findTestObject("HomePage/Seach_TextBox_hp"), Keys.chord(ENTER)): Keys 'ENTER + ' sent to object: 'Object Repository/HomePage/Seach_TextBox_hp'

2023-08-16 16:56:09 - [MESSAGE][PASSED] - Keys 'ENTER + ' sent to object: 'Object Repository/HomePage/Seach_TextBox_hp'

2023-08-16 16:56:09 - [MESSAGE][PASSED] - Call Test Case 'Test Cases/CommonMethods/SearchForAProduct_search' successfully

2023-08-16 16:56:09 - [TEST_STEP][PASSED] - click(findTestObject("PLPPage/product2_cardPrice_PLP"), OPTIONAL): Object: 'Object Repository/PLPPage/product2_cardPrice_PLP' is clicked on

2023-08-16 16:56:28 - [MESSAGE][PASSED] - Object: 'Object Repository/PLPPage/product2_cardPrice_PLP' is clicked on

2023-08-16 16:56:28 - [TEST_STEP][PASSED] - click(findTestObject("PDPPage/AddToCart_PDP")): Object: 'Object Repository/PDPPage/AddToCart_PDP' is clicked on

2023-08-16 16:56:45 - [MESSAGE][PASSED] - Object: 'Object Repository/PDPPage/AddToCart_PDP' is clicked on

2023-08-16 16:56:45 - [TEST_STEP][PASSED] - click(findTestObject("HomePage/bag_header_HP")): Object: 'Object Repository/HomePage/bag_header_HP' is clicked on

2023-08-16 16:56:47 - [MESSAGE][PASSED] - Object: 'Object Repository/HomePage/bag_header_HP' is clicked on

2023-08-16 16:56:47 - [TEST_STEP][PASSED] - click(findTestObject("CartPage/BuyButton_Cart")): Object: 'Object Repository/CartPage/BuyButton_Cart' is clicked on

2023-08-16 16:56:51 - [MESSAGE][PASSED] - Object: 'Object Repository/CartPage/BuyButton_Cart' is clicked on

2023-08-16 16:56:51 - [TEST_STEP][PASSED] - click(findTestObject("OPCPage/Final_comparar_OPC")): Object: 'Object Repository/OPCPage/Final_comparar_OPC' is clicked on

2023-08-16 16:57:31 - [MESSAGE][PASSED] - Object: 'Object Repository/OPCPage/Final_comparar_OPC' is clicked on

2023-08-16 16:57:31 - [TEST_STEP][PASSED] - verifyElementPresent(findTestObject("OPCPage/ConfirmOrder_Checkout"), 0): Object 'Object Repository/OPCPage/ConfirmOrder_Checkout' is present

2023-08-16 16:57:31 - [MESSAGE][WARNING] - Timeout '0' is invalid. Using default page load timeout: '30'

2023-08-16 16:57:33 - [MESSAGE][PASSED] - Object 'Object Repository/OPCPage/ConfirmOrder_Checkout' is present

2023-08-16 16:57:33 - [TEST_STEP][PASSED] - navigateToUrl(URL): Navigate to 'https://odtaqaa.liverpool.com.mx/tienda/home' successfully

2023-08-16 16:57:57 - [MESSAGE][PASSED] - Navigate to 'https://odtaqaa.liverpool.com.mx/tienda/home' successfully

2023-08-16 16:57:57 - [TEST_STEP][PASSED] - callTestCase(findTestCase("CommonMethods/SearchForAProduct_search"), ["searchTerm":SLProduct], STOP_ON_FAILURE): Call Test Case 'Test Cases/CommonMethods/SearchForAProduct_search' successfully

2023-08-16 16:57:58 - [TEST_CASE][PASSED] - Test Cases/CommonMethods/SearchForAProduct_search: Test Cases/CommonMethods/SearchForAProduct_search

2023-08-16 16:57:58 - [TEST_STEP][PASSED] - click(findTestObject("HomePage/Buscar1"), STOP_ON_FAILURE): Object: 'Object Repository/HomePage/Buscar1' is clicked on

2023-08-16 16:57:58 - [MESSAGE][PASSED] - Object: 'Object Repository/HomePage/Buscar1' is clicked on

2023-08-16 16:57:58 - [TEST_STEP][PASSED] - delay(3): Delayed 3 second(s)

2023-08-16 16:58:01 - [MESSAGE][PASSED] - Delayed 3 second(s)

2023-08-16 16:58:01 - [TEST_STEP][PASSED] - setText(findTestObject("HomePage/Buscar1"), searchTerm): Text 'vaso' is set on object 'Object Repository/HomePage/Buscar1'

2023-08-16 16:58:02 - [MESSAGE][PASSED] - Text 'vaso' is set on object 'Object Repository/HomePage/Buscar1'

2023-08-16 16:58:02 - [TEST_STEP][PASSED] - delay(3): Delayed 3 second(s)

2023-08-16 16:58:05 - [MESSAGE][PASSED] - Delayed 3 second(s)

2023-08-16 16:58:05 - [TEST_STEP][PASSED] - sendKeys(findTestObject("HomePage/Seach_TextBox_hp"), Keys.chord(ENTER)): Keys 'ENTER + ' sent to object: 'Object Repository/HomePage/Seach_TextBox_hp'

2023-08-16 16:58:07 - [MESSAGE][PASSED] - Keys 'ENTER + ' sent to object: 'Object Repository/HomePage/Seach_TextBox_hp'

2023-08-16 16:58:07 - [MESSAGE][PASSED] - Call Test Case 'Test Cases/CommonMethods/SearchForAProduct_search' successfully

2023-08-16 16:58:07 - [TEST_STEP][PASSED] - click(findTestObject("PLPPage/product2_cardPrice_PLP"), OPTIONAL): Object: 'Object Repository/PLPPage/product2_cardPrice_PLP' is clicked on

2023-08-16 16:58:17 - [MESSAGE][PASSED] - Object: 'Object Repository/PLPPage/product2_cardPrice_PLP' is clicked on

2023-08-16 16:58:17 - [TEST_STEP][PASSED] - click(findTestObject("PDPPage/AddToCart_PDP")): Object: 'Object Repository/PDPPage/AddToCart_PDP' is clicked on

2023-08-16 16:58:22 - [MESSAGE][PASSED] - Object: 'Object Repository/PDPPage/AddToCart_PDP' is clicked on

2023-08-16 16:58:22 - [TEST_STEP][PASSED] - click(findTestObject("HomePage/bag_header_HP")): Object: 'Object Repository/HomePage/bag_header_HP' is clicked on

2023-08-16 16:58:24 - [MESSAGE][PASSED] - Object: 'Object Repository/HomePage/bag_header_HP' is clicked on

2023-08-16 16:58:24 - [TEST_STEP][PASSED] - click(findTestObject("CartPage/BuyButton_Cart")): Object: 'Object Repository/CartPage/BuyButton_Cart' is clicked on

2023-08-16 16:58:27 - [MESSAGE][PASSED] - Object: 'Object Repository/CartPage/BuyButton_Cart' is clicked on

2023-08-16 16:58:27 - [TEST_STEP][PASSED] - click(findTestObject("OPCPage/paymentMethod_change_OPC")): Object: 'Object Repository/OPCPage/paymentMethod_change_OPC' is clicked on

2023-08-16 16:58:39 - [MESSAGE][PASSED] - Object: 'Object Repository/OPCPage/paymentMethod_change_OPC' is clicked on

2023-08-16 16:58:39 - [TEST_STEP][PASSED] - click(findTestObject("OPCPage/paymentMethod_button2_OPC")): Object: 'Object Repository/OPCPage/paymentMethod_button2_OPC' is clicked on

2023-08-16 16:58:55 - [MESSAGE][PASSED] - Object: 'Object Repository/OPCPage/paymentMethod_button2_OPC' is clicked on

2023-08-16 16:58:55 - [TEST_STEP][FAILED] - click(findTestObject("OPCPage/label_Cambiar_payment_opc")): Unable to click on object 'Object Repository/OPCPage/label_Cambiar_payment_opc' (Root cause: com.kms.katalon.core.exception.StepFailedException: Unable to click on object 'Object Repository/OPCPage/label_Cambiar_payment_opc'
	at com.kms.katalon.core.webui.keyword.internal.WebUIKeywordMain.stepFailed(WebUIKeywordMain.groovy:64)
	at com.kms.katalon.core.webui.keyword.internal.WebUIKeywordMain.runKeyword(WebUIKeywordMain.groovy:26)
	at com.kms.katalon.core.webui.keyword.builtin.ClickKeyword.click(ClickKeyword.groovy:74)
	at com.kms.katalon.core.webui.keyword.builtin.ClickKeyword.execute(ClickKeyword.groovy:40)
	at com.kms.katalon.core.keyword.internal.KeywordExecutor.executeKeywordForPlatform(KeywordExecutor.groovy:74)
	at com.kms.katalon.core.webui.keyword.WebUiBuiltInKeywords.click(WebUiBuiltInKeywords.groovy:620)
	at com.kms.katalon.core.webui.keyword.WebUiBuiltInKeywords$click$2.call(Unknown Source)
	at TS_SMOKE_SUITE_086.run(TS_SMOKE_SUITE_086:62)
	at com.kms.katalon.core.main.ScriptEngine.run(ScriptEngine.java:194)
	at com.kms.katalon.core.main.ScriptEngine.runScriptAsRawText(ScriptEngine.java:119)
	at com.kms.katalon.core.main.TestCaseExecutor.runScript(TestCaseExecutor.java:448)
	at com.kms.katalon.core.main.TestCaseExecutor.doExecute(TestCaseExecutor.java:439)
	at com.kms.katalon.core.main.TestCaseExecutor.processExecutionPhase(TestCaseExecutor.java:418)
	at com.kms.katalon.core.main.TestCaseExecutor.accessMainPhase(TestCaseExecutor.java:410)
	at com.kms.katalon.core.main.TestCaseExecutor.execute(TestCaseExecutor.java:285)
	at com.kms.katalon.core.common.CommonExecutor.accessTestCaseMainPhase(CommonExecutor.java:65)
	at com.kms.katalon.core.main.TestSuiteExecutor.accessTestSuiteMainPhase(TestSuiteExecutor.java:151)
	at com.kms.katalon.core.main.TestSuiteExecutor.execute(TestSuiteExecutor.java:106)
	at com.kms.katalon.core.main.TestCaseMain.startTestSuite(TestCaseMain.java:185)
	at com.kms.katalon.core.main.TestCaseMain$startTestSuite$0.call(Unknown Source)
	at TempTestSuite1692183177032.run(TempTestSuite1692183177032.groovy:36)
Caused by: org.openqa.selenium.ElementClickInterceptedException: element click intercepted: Element <div class="a-box__accordionIcon float-right">...</div> is not clickable at point (796, 309). Other element would receive the click: <p class="a-paypalInfo__description">...</p>
  (Session info: chrome=115.0.5790.171)
Build info: version: '3.141.59', revision: 'e82be7d358', time: '2018-11-14T08:25:53'
System info: host: 'DESKTOP-L51QJLB', ip: '172.22.45.204', os.name: 'Windows 10', os.arch: 'amd64', os.version: '10.0', java.version: '1.8.0_282'
Driver info: com.kms.katalon.selenium.driver.CChromeDriver
Capabilities {acceptInsecureCerts: false, browserName: chrome, browserVersion: 115.0.5790.171, chrome: {chromedriverVersion: 114.0.5735.90 (386bc09e8f4f..., userDataDir: C:\Users\DELL\AppData\Local...}, goog:chromeOptions: {debuggerAddress: localhost:54930}, javascriptEnabled: true, networkConnectionEnabled: false, pageLoadStrategy: normal, platform: WINDOWS, platformName: WINDOWS, proxy: Proxy(), setWindowRect: true, strictFileInteractability: false, timeouts: {implicit: 0, pageLoad: 300000, script: 30000}, unhandledPromptBehavior: dismiss and notify, webauthn:extension:credBlob: true, webauthn:extension:largeBlob: true, webauthn:extension:minPinLength: true, webauthn:extension:prf: true, webauthn:virtualAuthenticators: true}
Session ID: 3e70f8b6a22234c5fe005e5f2df65b07
	at org.openqa.selenium.remote.http.W3CHttpResponseCodec.createException(W3CHttpResponseCodec.java:187)
	at org.openqa.selenium.remote.http.W3CHttpResponseCodec.decode(W3CHttpResponseCodec.java:122)
	at org.openqa.selenium.remote.http.W3CHttpResponseCodec.decode(W3CHttpResponseCodec.java:49)
	at org.openqa.selenium.remote.HttpCommandExecutor.execute(HttpCommandExecutor.java:158)
	at org.openqa.selenium.remote.service.DriverCommandExecutor.execute(DriverCommandExecutor.java:83)
	at org.openqa.selenium.remote.RemoteWebDriver.execute(RemoteWebDriver.java:552)
	at com.kms.katalon.selenium.driver.CChromeDriver.execute(CChromeDriver.java:19)
	at org.openqa.selenium.remote.RemoteWebElement.execute(RemoteWebElement.java:285)
	at org.openqa.selenium.remote.RemoteWebElement.click(RemoteWebElement.java:84)
	at org.openqa.selenium.support.events.EventFiringWebDriver$EventFiringWebElement.lambda$new$0(EventFiringWebDriver.java:404)
	at com.sun.proxy.$Proxy11.click(Unknown Source)
	at org.openqa.selenium.support.events.EventFiringWebDriver$EventFiringWebElement.click(EventFiringWebDriver.java:417)
	at org.openqa.selenium.WebElement$click.call(Unknown Source)
	at com.kms.katalon.core.webui.keyword.builtin.ClickKeyword.clickUntilSuccessWithTimeout(ClickKeyword.groovy:81)
	at com.kms.katalon.core.webui.keyword.builtin.ClickKeyword.clickUntilSuccessWithTimeout(ClickKeyword.groovy)
	at com.kms.katalon.core.webui.keyword.builtin.ClickKeyword$_click_closure1.doCall(ClickKeyword.groovy:67)
	at com.kms.katalon.core.webui.keyword.builtin.ClickKeyword$_click_closure1.call(ClickKeyword.groovy)
	at com.kms.katalon.core.webui.keyword.internal.WebUIKeywordMain.runKeyword(WebUIKeywordMain.groovy:20)
	at com.kms.katalon.core.webui.keyword.builtin.ClickKeyword.click(ClickKeyword.groovy:74)
	at com.kms.katalon.core.webui.keyword.builtin.ClickKeyword.execute(ClickKeyword.groovy:40)
	at com.kms.katalon.core.keyword.internal.KeywordExecutor.executeKeywordForPlatform(KeywordExecutor.groovy:74)
	at com.kms.katalon.core.webui.keyword.WebUiBuiltInKeywords.click(WebUiBuiltInKeywords.groovy:620)
	at com.kms.katalon.core.webui.keyword.WebUiBuiltInKeywords$click$2.call(Unknown Source)
	at Script1691572246319.run(Script1691572246319.groovy:62)
	... 13 more
)

2023-08-16 16:59:30 - [MESSAGE][FAILED] - Unable to click on object 'Object Repository/OPCPage/label_Cambiar_payment_opc' (Root cause: com.kms.katalon.core.exception.StepFailedException: Unable to click on object 'Object Repository/OPCPage/label_Cambiar_payment_opc'
	at com.kms.katalon.core.webui.keyword.internal.WebUIKeywordMain.stepFailed(WebUIKeywordMain.groovy:64)
	at com.kms.katalon.core.webui.keyword.internal.WebUIKeywordMain.runKeyword(WebUIKeywordMain.groovy:26)
	at com.kms.katalon.core.webui.keyword.builtin.ClickKeyword.click(ClickKeyword.groovy:74)
	at com.kms.katalon.core.webui.keyword.builtin.ClickKeyword.execute(ClickKeyword.groovy:40)
	at com.kms.katalon.core.keyword.internal.KeywordExecutor.executeKeywordForPlatform(KeywordExecutor.groovy:74)
	at com.kms.katalon.core.webui.keyword.WebUiBuiltInKeywords.click(WebUiBuiltInKeywords.groovy:620)
	at com.kms.katalon.core.webui.keyword.WebUiBuiltInKeywords$click$2.call(Unknown Source)
	at TS_SMOKE_SUITE_086.run(TS_SMOKE_SUITE_086:62)
	at com.kms.katalon.core.main.ScriptEngine.run(ScriptEngine.java:194)
	at com.kms.katalon.core.main.ScriptEngine.runScriptAsRawText(ScriptEngine.java:119)
	at com.kms.katalon.core.main.TestCaseExecutor.runScript(TestCaseExecutor.java:448)
	at com.kms.katalon.core.main.TestCaseExecutor.doExecute(TestCaseExecutor.java:439)
	at com.kms.katalon.core.main.TestCaseExecutor.processExecutionPhase(TestCaseExecutor.java:418)
	at com.kms.katalon.core.main.TestCaseExecutor.accessMainPhase(TestCaseExecutor.java:410)
	at com.kms.katalon.core.main.TestCaseExecutor.execute(TestCaseExecutor.java:285)
	at com.kms.katalon.core.common.CommonExecutor.accessTestCaseMainPhase(CommonExecutor.java:65)
	at com.kms.katalon.core.main.TestSuiteExecutor.accessTestSuiteMainPhase(TestSuiteExecutor.java:151)
	at com.kms.katalon.core.main.TestSuiteExecutor.execute(TestSuiteExecutor.java:106)
	at com.kms.katalon.core.main.TestCaseMain.startTestSuite(TestCaseMain.java:185)
	at com.kms.katalon.core.main.TestCaseMain$startTestSuite$0.call(Unknown Source)
	at TempTestSuite1692183177032.run(TempTestSuite1692183177032.groovy:36)
Caused by: org.openqa.selenium.ElementClickInterceptedException: element click intercepted: Element <div class="a-box__accordionIcon float-right">...</div> is not clickable at point (796, 309). Other element would receive the click: <p class="a-paypalInfo__description">...</p>
  (Session info: chrome=115.0.5790.171)
Build info: version: '3.141.59', revision: 'e82be7d358', time: '2018-11-14T08:25:53'
System info: host: 'DESKTOP-L51QJLB', ip: '172.22.45.204', os.name: 'Windows 10', os.arch: 'amd64', os.version: '10.0', java.version: '1.8.0_282'
Driver info: com.kms.katalon.selenium.driver.CChromeDriver
Capabilities {acceptInsecureCerts: false, browserName: chrome, browserVersion: 115.0.5790.171, chrome: {chromedriverVersion: 114.0.5735.90 (386bc09e8f4f..., userDataDir: C:\Users\DELL\AppData\Local...}, goog:chromeOptions: {debuggerAddress: localhost:54930}, javascriptEnabled: true, networkConnectionEnabled: false, pageLoadStrategy: normal, platform: WINDOWS, platformName: WINDOWS, proxy: Proxy(), setWindowRect: true, strictFileInteractability: false, timeouts: {implicit: 0, pageLoad: 300000, script: 30000}, unhandledPromptBehavior: dismiss and notify, webauthn:extension:credBlob: true, webauthn:extension:largeBlob: true, webauthn:extension:minPinLength: true, webauthn:extension:prf: true, webauthn:virtualAuthenticators: true}
Session ID: 3e70f8b6a22234c5fe005e5f2df65b07
	at org.openqa.selenium.remote.http.W3CHttpResponseCodec.createException(W3CHttpResponseCodec.java:187)
	at org.openqa.selenium.remote.http.W3CHttpResponseCodec.decode(W3CHttpResponseCodec.java:122)
	at org.openqa.selenium.remote.http.W3CHttpResponseCodec.decode(W3CHttpResponseCodec.java:49)
	at org.openqa.selenium.remote.HttpCommandExecutor.execute(HttpCommandExecutor.java:158)
	at org.openqa.selenium.remote.service.DriverCommandExecutor.execute(DriverCommandExecutor.java:83)
	at org.openqa.selenium.remote.RemoteWebDriver.execute(RemoteWebDriver.java:552)
	at com.kms.katalon.selenium.driver.CChromeDriver.execute(CChromeDriver.java:19)
	at org.openqa.selenium.remote.RemoteWebElement.execute(RemoteWebElement.java:285)
	at org.openqa.selenium.remote.RemoteWebElement.click(RemoteWebElement.java:84)
	at org.openqa.selenium.support.events.EventFiringWebDriver$EventFiringWebElement.lambda$new$0(EventFiringWebDriver.java:404)
	at com.sun.proxy.$Proxy11.click(Unknown Source)
	at org.openqa.selenium.support.events.EventFiringWebDriver$EventFiringWebElement.click(EventFiringWebDriver.java:417)
	at org.openqa.selenium.WebElement$click.call(Unknown Source)
	at com.kms.katalon.core.webui.keyword.builtin.ClickKeyword.clickUntilSuccessWithTimeout(ClickKeyword.groovy:81)
	at com.kms.katalon.core.webui.keyword.builtin.ClickKeyword.clickUntilSuccessWithTimeout(ClickKeyword.groovy)
	at com.kms.katalon.core.webui.keyword.builtin.ClickKeyword$_click_closure1.doCall(ClickKeyword.groovy:67)
	at com.kms.katalon.core.webui.keyword.builtin.ClickKeyword$_click_closure1.call(ClickKeyword.groovy)
	at com.kms.katalon.core.webui.keyword.internal.WebUIKeywordMain.runKeyword(WebUIKeywordMain.groovy:20)
	at com.kms.katalon.core.webui.keyword.builtin.ClickKeyword.click(ClickKeyword.groovy:74)
	at com.kms.katalon.core.webui.keyword.builtin.ClickKeyword.execute(ClickKeyword.groovy:40)
	at com.kms.katalon.core.keyword.internal.KeywordExecutor.executeKeywordForPlatform(KeywordExecutor.groovy:74)
	at com.kms.katalon.core.webui.keyword.WebUiBuiltInKeywords.click(WebUiBuiltInKeywords.groovy:620)
	at com.kms.katalon.core.webui.keyword.WebUiBuiltInKeywords$click$2.call(Unknown Source)
	at Script1691572246319.run(Script1691572246319.groovy:62)
	... 13 more
)
[[ATTACHMENT|D:\\backup\\Liverpool_SmokeSuite1\\Reports\\20230816_162257\\checkout\\20230816_162257\\1692185370201.png]]]]></system-out>
         <system-err><![CDATA[2023-08-16 16:53:29 - [TEST_CASE][FAILED] - Test Cases/Checkout/TS_SMOKE_SUITE_086: Test Cases/Checkout/TS_SMOKE_SUITE_086 FAILED.
Reason:
com.kms.katalon.core.exception.StepFailedException: Unable to click on object 'Object Repository/OPCPage/label_Cambiar_payment_opc'
	at com.kms.katalon.core.webui.keyword.internal.WebUIKeywordMain.stepFailed(WebUIKeywordMain.groovy:64)
	at com.kms.katalon.core.webui.keyword.internal.WebUIKeywordMain.runKeyword(WebUIKeywordMain.groovy:26)
	at com.kms.katalon.core.webui.keyword.builtin.ClickKeyword.click(ClickKeyword.groovy:74)
	at com.kms.katalon.core.webui.keyword.builtin.ClickKeyword.execute(ClickKeyword.groovy:40)
	at com.kms.katalon.core.keyword.internal.KeywordExecutor.executeKeywordForPlatform(KeywordExecutor.groovy:74)
	at com.kms.katalon.core.webui.keyword.WebUiBuiltInKeywords.click(WebUiBuiltInKeywords.groovy:620)
	at com.kms.katalon.core.webui.keyword.WebUiBuiltInKeywords$click$2.call(Unknown Source)
	at TS_SMOKE_SUITE_086.run(TS_SMOKE_SUITE_086:62)
	at com.kms.katalon.core.main.ScriptEngine.run(ScriptEngine.java:194)
	at com.kms.katalon.core.main.ScriptEngine.runScriptAsRawText(ScriptEngine.java:119)
	at com.kms.katalon.core.main.TestCaseExecutor.runScript(TestCaseExecutor.java:448)
	at com.kms.katalon.core.main.TestCaseExecutor.doExecute(TestCaseExecutor.java:439)
	at com.kms.katalon.core.main.TestCaseExecutor.processExecutionPhase(TestCaseExecutor.java:418)
	at com.kms.katalon.core.main.TestCaseExecutor.accessMainPhase(TestCaseExecutor.java:410)
	at com.kms.katalon.core.main.TestCaseExecutor.execute(TestCaseExecutor.java:285)
	at com.kms.katalon.core.common.CommonExecutor.accessTestCaseMainPhase(CommonExecutor.java:65)
	at com.kms.katalon.core.main.TestSuiteExecutor.accessTestSuiteMainPhase(TestSuiteExecutor.java:151)
	at com.kms.katalon.core.main.TestSuiteExecutor.execute(TestSuiteExecutor.java:106)
	at com.kms.katalon.core.main.TestCaseMain.startTestSuite(TestCaseMain.java:185)
	at com.kms.katalon.core.main.TestCaseMain$startTestSuite$0.call(Unknown Source)
	at TempTestSuite1692183177032.run(TempTestSuite1692183177032.groovy:36)
Caused by: org.openqa.selenium.ElementClickInterceptedException: element click intercepted: Element <div class="a-box__accordionIcon float-right">...</div> is not clickable at point (796, 309). Other element would receive the click: <p class="a-paypalInfo__description">...</p>
  (Session info: chrome=115.0.5790.171)
Build info: version: '3.141.59', revision: 'e82be7d358', time: '2018-11-14T08:25:53'
System info: host: 'DESKTOP-L51QJLB', ip: '172.22.45.204', os.name: 'Windows 10', os.arch: 'amd64', os.version: '10.0', java.version: '1.8.0_282'
Driver info: com.kms.katalon.selenium.driver.CChromeDriver
Capabilities {acceptInsecureCerts: false, browserName: chrome, browserVersion: 115.0.5790.171, chrome: {chromedriverVersion: 114.0.5735.90 (386bc09e8f4f..., userDataDir: C:\Users\DELL\AppData\Local...}, goog:chromeOptions: {debuggerAddress: localhost:54930}, javascriptEnabled: true, networkConnectionEnabled: false, pageLoadStrategy: normal, platform: WINDOWS, platformName: WINDOWS, proxy: Proxy(), setWindowRect: true, strictFileInteractability: false, timeouts: {implicit: 0, pageLoad: 300000, script: 30000}, unhandledPromptBehavior: dismiss and notify, webauthn:extension:credBlob: true, webauthn:extension:largeBlob: true, webauthn:extension:minPinLength: true, webauthn:extension:prf: true, webauthn:virtualAuthenticators: true}
Session ID: 3e70f8b6a22234c5fe005e5f2df65b07
	at org.openqa.selenium.remote.http.W3CHttpResponseCodec.createException(W3CHttpResponseCodec.java:187)
	at org.openqa.selenium.remote.http.W3CHttpResponseCodec.decode(W3CHttpResponseCodec.java:122)
	at org.openqa.selenium.remote.http.W3CHttpResponseCodec.decode(W3CHttpResponseCodec.java:49)
	at org.openqa.selenium.remote.HttpCommandExecutor.execute(HttpCommandExecutor.java:158)
	at org.openqa.selenium.remote.service.DriverCommandExecutor.execute(DriverCommandExecutor.java:83)
	at org.openqa.selenium.remote.RemoteWebDriver.execute(RemoteWebDriver.java:552)
	at com.kms.katalon.selenium.driver.CChromeDriver.execute(CChromeDriver.java:19)
	at org.openqa.selenium.remote.RemoteWebElement.execute(RemoteWebElement.java:285)
	at org.openqa.selenium.remote.RemoteWebElement.click(RemoteWebElement.java:84)
	at org.openqa.selenium.support.events.EventFiringWebDriver$EventFiringWebElement.lambda$new$0(EventFiringWebDriver.java:404)
	at com.sun.proxy.$Proxy11.click(Unknown Source)
	at org.openqa.selenium.support.events.EventFiringWebDriver$EventFiringWebElement.click(EventFiringWebDriver.java:417)
	at org.openqa.selenium.WebElement$click.call(Unknown Source)
	at com.kms.katalon.core.webui.keyword.builtin.ClickKeyword.clickUntilSuccessWithTimeout(ClickKeyword.groovy:81)
	at com.kms.katalon.core.webui.keyword.builtin.ClickKeyword.clickUntilSuccessWithTimeout(ClickKeyword.groovy)
	at com.kms.katalon.core.webui.keyword.builtin.ClickKeyword$_click_closure1.doCall(ClickKeyword.groovy:67)
	at com.kms.katalon.core.webui.keyword.builtin.ClickKeyword$_click_closure1.call(ClickKeyword.groovy)
	at com.kms.katalon.core.webui.keyword.internal.WebUIKeywordMain.runKeyword(WebUIKeywordMain.groovy:20)
	... 19 more]]></system-err>
      </testcase>
      <testcase name="Test Cases/Checkout/TS_SMOKE_SUITE_087" time="208.579" classname="Test Cases/Checkout/TS_SMOKE_SUITE_087" status="PASSED">
         <system-out><![CDATA[2023-08-16 16:59:30 - [TEST_CASE][PASSED] - Test Cases/Checkout/TS_SMOKE_SUITE_087: Test Cases/Checkout/TS_SMOKE_SUITE_087

2023-08-16 16:59:30 - [TEST_STEP][PASSED] - openBrowser(""): Browser is opened with url: ''

2023-08-16 16:59:30 - [MESSAGE][WARNING] - A browser is already opened. Closing browser and opening a new one

2023-08-16 16:59:31 - [MESSAGE][INFO] - Starting 'Chrome' driver

2023-08-16 16:59:31 - [MESSAGE][INFO] - Action delay is set to 0 milliseconds

2023-08-16 16:59:33 - [MESSAGE][PASSED] - Browser is opened with url: ''

2023-08-16 16:59:33 - [TEST_STEP][PASSED] - navigateToUrl(URL): Navigate to 'https://odtaqaa.liverpool.com.mx/tienda/home' successfully

2023-08-16 17:00:23 - [MESSAGE][PASSED] - Navigate to 'https://odtaqaa.liverpool.com.mx/tienda/home' successfully

2023-08-16 17:00:23 - [TEST_STEP][PASSED] - maximizeWindow(): Current window maximized

2023-08-16 17:00:23 - [MESSAGE][PASSED] - Current window maximized

2023-08-16 17:00:23 - [TEST_STEP][PASSED] - click(findTestObject("HomePage/Iniciar sesion")): Object: 'Object Repository/HomePage/Iniciar sesion' is clicked on

2023-08-16 17:00:24 - [MESSAGE][PASSED] - Object: 'Object Repository/HomePage/Iniciar sesion' is clicked on

2023-08-16 17:00:24 - [TEST_STEP][PASSED] - callTestCase(findTestCase("CommonMethods/login_odtaqab"), [:], STOP_ON_FAILURE): Call Test Case 'Test Cases/CommonMethods/login_odtaqab' successfully

2023-08-16 17:00:24 - [TEST_CASE][PASSED] - Test Cases/CommonMethods/login_odtaqab: Test Cases/CommonMethods/login_odtaqab

2023-08-16 17:00:24 - [TEST_STEP][PASSED] - click(findTestObject("HomePage/Iniciar sesion")): Object: 'Object Repository/HomePage/Iniciar sesion' is clicked on

2023-08-16 17:00:25 - [MESSAGE][PASSED] - Object: 'Object Repository/HomePage/Iniciar sesion' is clicked on

2023-08-16 17:00:25 - [TEST_STEP][PASSED] - click(findTestObject("HomePage/EnterUsername_LP")): Object: 'Object Repository/HomePage/EnterUsername_LP' is clicked on

2023-08-16 17:00:38 - [MESSAGE][PASSED] - Object: 'Object Repository/HomePage/EnterUsername_LP' is clicked on

2023-08-16 17:00:38 - [TEST_STEP][PASSED] - setText(findTestObject("HomePage/EnterUsername_LP"), username): Text 'hcheruvu29@digisprint.com' is set on object 'Object Repository/HomePage/EnterUsername_LP'

2023-08-16 17:00:39 - [MESSAGE][PASSED] - Text 'hcheruvu29@digisprint.com' is set on object 'Object Repository/HomePage/EnterUsername_LP'

2023-08-16 17:00:39 - [TEST_STEP][PASSED] - delay(2): Delayed 2 second(s)

2023-08-16 17:00:41 - [MESSAGE][PASSED] - Delayed 2 second(s)

2023-08-16 17:00:41 - [TEST_STEP][PASSED] - click(findTestObject("HomePage/EnterPassword_LP")): Object: 'Object Repository/HomePage/EnterPassword_LP' is clicked on

2023-08-16 17:00:42 - [MESSAGE][PASSED] - Object: 'Object Repository/HomePage/EnterPassword_LP' is clicked on

2023-08-16 17:00:42 - [TEST_STEP][PASSED] - delay(2): Delayed 2 second(s)

2023-08-16 17:00:44 - [MESSAGE][PASSED] - Delayed 2 second(s)

2023-08-16 17:00:44 - [TEST_STEP][PASSED] - setText(findTestObject("HomePage/EnterPassword_LP"), password): Text 'Test@12345' is set on object 'Object Repository/HomePage/EnterPassword_LP'

2023-08-16 17:00:44 - [MESSAGE][PASSED] - Text 'Test@12345' is set on object 'Object Repository/HomePage/EnterPassword_LP'

2023-08-16 17:00:44 - [TEST_STEP][PASSED] - click(findTestObject("HomePage/inciar")): Object: 'Object Repository/HomePage/inciar' is clicked on

2023-08-16 17:01:06 - [MESSAGE][PASSED] - Object: 'Object Repository/HomePage/inciar' is clicked on

2023-08-16 17:01:06 - [MESSAGE][PASSED] - Call Test Case 'Test Cases/CommonMethods/login_odtaqab' successfully

2023-08-16 17:01:06 - [TEST_STEP][PASSED] - callTestCase(findTestCase("CommonMethods/SearchForAProduct_search"), ["searchTerm":SLProduct], STOP_ON_FAILURE): Call Test Case 'Test Cases/CommonMethods/SearchForAProduct_search' successfully

2023-08-16 17:01:06 - [TEST_CASE][PASSED] - Test Cases/CommonMethods/SearchForAProduct_search: Test Cases/CommonMethods/SearchForAProduct_search

2023-08-16 17:01:06 - [TEST_STEP][PASSED] - click(findTestObject("HomePage/Buscar1"), STOP_ON_FAILURE): Object: 'Object Repository/HomePage/Buscar1' is clicked on

2023-08-16 17:01:33 - [MESSAGE][PASSED] - Object: 'Object Repository/HomePage/Buscar1' is clicked on

2023-08-16 17:01:33 - [TEST_STEP][PASSED] - delay(3): Delayed 3 second(s)

2023-08-16 17:01:36 - [MESSAGE][PASSED] - Delayed 3 second(s)

2023-08-16 17:01:36 - [TEST_STEP][PASSED] - setText(findTestObject("HomePage/Buscar1"), searchTerm): Text 'vaso' is set on object 'Object Repository/HomePage/Buscar1'

2023-08-16 17:01:38 - [MESSAGE][PASSED] - Text 'vaso' is set on object 'Object Repository/HomePage/Buscar1'

2023-08-16 17:01:38 - [TEST_STEP][PASSED] - delay(3): Delayed 3 second(s)

2023-08-16 17:01:41 - [MESSAGE][PASSED] - Delayed 3 second(s)

2023-08-16 17:01:41 - [TEST_STEP][PASSED] - sendKeys(findTestObject("HomePage/Seach_TextBox_hp"), Keys.chord(ENTER)): Keys 'ENTER + ' sent to object: 'Object Repository/HomePage/Seach_TextBox_hp'

2023-08-16 17:01:47 - [MESSAGE][PASSED] - Keys 'ENTER + ' sent to object: 'Object Repository/HomePage/Seach_TextBox_hp'

2023-08-16 17:01:47 - [MESSAGE][PASSED] - Call Test Case 'Test Cases/CommonMethods/SearchForAProduct_search' successfully

2023-08-16 17:01:47 - [TEST_STEP][PASSED] - click(findTestObject("PLPPage/product2_cardPrice_PLP"), OPTIONAL): Object: 'Object Repository/PLPPage/product2_cardPrice_PLP' is clicked on

2023-08-16 17:02:20 - [MESSAGE][PASSED] - Object: 'Object Repository/PLPPage/product2_cardPrice_PLP' is clicked on

2023-08-16 17:02:20 - [TEST_STEP][PASSED] - click(findTestObject("PDPPage/AddToCart_PDP")): Object: 'Object Repository/PDPPage/AddToCart_PDP' is clicked on

2023-08-16 17:02:29 - [MESSAGE][PASSED] - Object: 'Object Repository/PDPPage/AddToCart_PDP' is clicked on

2023-08-16 17:02:29 - [TEST_STEP][PASSED] - click(findTestObject("HomePage/bag_header_HP")): Object: 'Object Repository/HomePage/bag_header_HP' is clicked on

2023-08-16 17:02:32 - [MESSAGE][PASSED] - Object: 'Object Repository/HomePage/bag_header_HP' is clicked on

2023-08-16 17:02:32 - [TEST_STEP][PASSED] - click(findTestObject("CartPage/BuyButton_Cart")): Object: 'Object Repository/CartPage/BuyButton_Cart' is clicked on

2023-08-16 17:02:36 - [MESSAGE][PASSED] - Object: 'Object Repository/CartPage/BuyButton_Cart' is clicked on

2023-08-16 17:02:36 - [TEST_STEP][PASSED] - click(findTestObject("OPCPage/paymentMethod_change_OPC"), OPTIONAL): Object: 'Object Repository/OPCPage/paymentMethod_change_OPC' is clicked on

2023-08-16 17:02:44 - [MESSAGE][PASSED] - Object: 'Object Repository/OPCPage/paymentMethod_change_OPC' is clicked on

2023-08-16 17:02:44 - [TEST_STEP][PASSED] - click(findTestObject("OPCPage/paymentMethod_button1_OPC"), OPTIONAL): Object: 'Object Repository/OPCPage/paymentMethod_button1_OPC' is clicked on

2023-08-16 17:02:46 - [MESSAGE][PASSED] - Object: 'Object Repository/OPCPage/paymentMethod_button1_OPC' is clicked on

2023-08-16 17:02:46 - [TEST_STEP][PASSED] - setText(findTestObject("OPCPage/enterCardCVV_OPC"), "413", OPTIONAL): Text '413' is set on object 'Object Repository/OPCPage/enterCardCVV_OPC'

2023-08-16 17:02:47 - [MESSAGE][PASSED] - Text '413' is set on object 'Object Repository/OPCPage/enterCardCVV_OPC'

2023-08-16 17:02:47 - [TEST_STEP][PASSED] - setText(findTestObject("OPCPage/enterCardExpire_OPC"), "1225", OPTIONAL): Text '1225' is set on object 'Object Repository/OPCPage/enterCardExpire_OPC'

2023-08-16 17:02:48 - [MESSAGE][PASSED] - Text '1225' is set on object 'Object Repository/OPCPage/enterCardExpire_OPC'

2023-08-16 17:02:48 - [TEST_STEP][PASSED] - click(findTestObject("OPCPage/cardContinue_checkout_popUP"), OPTIONAL): Object: 'Object Repository/OPCPage/cardContinue_checkout_popUP' is clicked on

2023-08-16 17:02:48 - [MESSAGE][PASSED] - Object: 'Object Repository/OPCPage/cardContinue_checkout_popUP' is clicked on

2023-08-16 17:02:48 - [TEST_STEP][PASSED] - click(findTestObject("OPCPage/Final_comparar_OPC")): Object: 'Object Repository/OPCPage/Final_comparar_OPC' is clicked on

2023-08-16 17:02:51 - [MESSAGE][PASSED] - Object: 'Object Repository/OPCPage/Final_comparar_OPC' is clicked on

2023-08-16 17:02:51 - [TEST_STEP][PASSED] - verifyElementPresent(findTestObject("OPCPage/ConfirmOrder_Checkout"), 0): Object 'Object Repository/OPCPage/ConfirmOrder_Checkout' is present

2023-08-16 17:02:52 - [MESSAGE][WARNING] - Timeout '0' is invalid. Using default page load timeout: '30'

2023-08-16 17:02:58 - [MESSAGE][PASSED] - Object 'Object Repository/OPCPage/ConfirmOrder_Checkout' is present

2023-08-16 17:02:58 - [TEST_STEP][PASSED] - closeBrowser(): Browser is closed

2023-08-16 17:02:58 - [MESSAGE][PASSED] - Browser is closed]]></system-out>
         <system-err><![CDATA[]]></system-err>
      </testcase>
      <testcase name="Test Cases/Checkout/TS_SMOKE_SUITE_088" time="219.303" classname="Test Cases/Checkout/TS_SMOKE_SUITE_088" status="FAILED">
         <failure type="FAILED" message="Test Cases/Checkout/TS_SMOKE_SUITE_088 FAILED.
Reason:
com.kms.katalon.core.exception.StepFailedException: Unable to verify object 'Object Repository/OPCPage/ConfirmOrder_Checkout' is present
	at com.kms.katalon.core.webui.keyword.internal.WebUIKeywordMain.stepFailed(WebUIKeywordMain.groovy:64)
	at com.kms.katalon.core.webui.keyword.internal.WebUIKeywordMain.runKeyword(WebUIKeywordMain.groovy:26)
	at com.kms.katalon.core.webui.keyword.builtin.VerifyElementPresentKeyword.verifyElementPresent(VerifyElementPresentKeyword.groovy:92)
	at com.kms.katalon.core.webui.keyword.builtin.VerifyElementPresentKeyword.execute(VerifyElementPresentKeyword.groovy:68)
	at com.kms.katalon.core.keyword.internal.KeywordExecutor.executeKeywordForPlatform(KeywordExecutor.groovy:74)
	at com.kms.katalon.core.webui.keyword.WebUiBuiltInKeywords.verifyElementPresent(WebUiBuiltInKeywords.groovy:1464)
	at com.kms.katalon.core.webui.keyword.WebUiBuiltInKeywords$verifyElementPresent$12.call(Unknown Source)
	at TS_SMOKE_SUITE_088.run(TS_SMOKE_SUITE_088:44)
	at com.kms.katalon.core.main.ScriptEngine.run(ScriptEngine.java:194)
	at com.kms.katalon.core.main.ScriptEngine.runScriptAsRawText(ScriptEngine.java:119)
	at com.kms.katalon.core.main.TestCaseExecutor.runScript(TestCaseExecutor.java:448)
	at com.kms.katalon.core.main.TestCaseExecutor.doExecute(TestCaseExecutor.java:439)
	at com.kms.katalon.core.main.TestCaseExecutor.processExecutionPhase(TestCaseExecutor.java:418)
	at com.kms.katalon.core.main.TestCaseExecutor.accessMainPhase(TestCaseExecutor.java:410)
	at com.kms.katalon.core.main.TestCaseExecutor.execute(TestCaseExecutor.java:285)
	at com.kms.katalon.core.common.CommonExecutor.accessTestCaseMainPhase(CommonExecutor.java:65)
	at com.kms.katalon.core.main.TestSuiteExecutor.accessTestSuiteMainPhase(TestSuiteExecutor.java:151)
	at com.kms.katalon.core.main.TestSuiteExecutor.execute(TestSuiteExecutor.java:106)
	at com.kms.katalon.core.main.TestCaseMain.startTestSuite(TestCaseMain.java:185)
	at com.kms.katalon.core.main.TestCaseMain$startTestSuite$0.call(Unknown Source)
	at TempTestSuite1692183177032.run(TempTestSuite1692183177032.groovy:36)
Caused by: com.kms.katalon.core.exception.StepFailedException: com.kms.katalon.core.webui.exception.WebElementNotFoundException: Web element with id: 'Object Repository/OPCPage/ConfirmOrder_Checkout' located by '//button[@id='submitForOther']' not found
	at com.kms.katalon.core.webui.keyword.internal.WebUIKeywordMain.stepFailed(WebUIKeywordMain.groovy:64)
	at com.kms.katalon.core.webui.keyword.builtin.VerifyElementPresentKeyword$_verifyElementPresent_closure1.doCall(VerifyElementPresentKeyword.groovy:85)
	at com.kms.katalon.core.webui.keyword.builtin.VerifyElementPresentKeyword$_verifyElementPresent_closure1.call(VerifyElementPresentKeyword.groovy)
	at com.kms.katalon.core.webui.keyword.internal.WebUIKeywordMain.runKeyword(WebUIKeywordMain.groovy:20)
	... 19 more
"/>
         <system-out><![CDATA[2023-08-16 17:02:58 - [TEST_CASE][FAILED] - Test Cases/Checkout/TS_SMOKE_SUITE_088: Test Cases/Checkout/TS_SMOKE_SUITE_088 FAILED.
Reason:
com.kms.katalon.core.exception.StepFailedException: Unable to verify object 'Object Repository/OPCPage/ConfirmOrder_Checkout' is present
	at com.kms.katalon.core.webui.keyword.internal.WebUIKeywordMain.stepFailed(WebUIKeywordMain.groovy:64)
	at com.kms.katalon.core.webui.keyword.internal.WebUIKeywordMain.runKeyword(WebUIKeywordMain.groovy:26)
	at com.kms.katalon.core.webui.keyword.builtin.VerifyElementPresentKeyword.verifyElementPresent(VerifyElementPresentKeyword.groovy:92)
	at com.kms.katalon.core.webui.keyword.builtin.VerifyElementPresentKeyword.execute(VerifyElementPresentKeyword.groovy:68)
	at com.kms.katalon.core.keyword.internal.KeywordExecutor.executeKeywordForPlatform(KeywordExecutor.groovy:74)
	at com.kms.katalon.core.webui.keyword.WebUiBuiltInKeywords.verifyElementPresent(WebUiBuiltInKeywords.groovy:1464)
	at com.kms.katalon.core.webui.keyword.WebUiBuiltInKeywords$verifyElementPresent$12.call(Unknown Source)
	at TS_SMOKE_SUITE_088.run(TS_SMOKE_SUITE_088:44)
	at com.kms.katalon.core.main.ScriptEngine.run(ScriptEngine.java:194)
	at com.kms.katalon.core.main.ScriptEngine.runScriptAsRawText(ScriptEngine.java:119)
	at com.kms.katalon.core.main.TestCaseExecutor.runScript(TestCaseExecutor.java:448)
	at com.kms.katalon.core.main.TestCaseExecutor.doExecute(TestCaseExecutor.java:439)
	at com.kms.katalon.core.main.TestCaseExecutor.processExecutionPhase(TestCaseExecutor.java:418)
	at com.kms.katalon.core.main.TestCaseExecutor.accessMainPhase(TestCaseExecutor.java:410)
	at com.kms.katalon.core.main.TestCaseExecutor.execute(TestCaseExecutor.java:285)
	at com.kms.katalon.core.common.CommonExecutor.accessTestCaseMainPhase(CommonExecutor.java:65)
	at com.kms.katalon.core.main.TestSuiteExecutor.accessTestSuiteMainPhase(TestSuiteExecutor.java:151)
	at com.kms.katalon.core.main.TestSuiteExecutor.execute(TestSuiteExecutor.java:106)
	at com.kms.katalon.core.main.TestCaseMain.startTestSuite(TestCaseMain.java:185)
	at com.kms.katalon.core.main.TestCaseMain$startTestSuite$0.call(Unknown Source)
	at TempTestSuite1692183177032.run(TempTestSuite1692183177032.groovy:36)
Caused by: com.kms.katalon.core.exception.StepFailedException: com.kms.katalon.core.webui.exception.WebElementNotFoundException: Web element with id: 'Object Repository/OPCPage/ConfirmOrder_Checkout' located by '//button[@id='submitForOther']' not found
	at com.kms.katalon.core.webui.keyword.internal.WebUIKeywordMain.stepFailed(WebUIKeywordMain.groovy:64)
	at com.kms.katalon.core.webui.keyword.builtin.VerifyElementPresentKeyword$_verifyElementPresent_closure1.doCall(VerifyElementPresentKeyword.groovy:85)
	at com.kms.katalon.core.webui.keyword.builtin.VerifyElementPresentKeyword$_verifyElementPresent_closure1.call(VerifyElementPresentKeyword.groovy)
	at com.kms.katalon.core.webui.keyword.internal.WebUIKeywordMain.runKeyword(WebUIKeywordMain.groovy:20)
	... 19 more


2023-08-16 17:02:59 - [TEST_STEP][PASSED] - openBrowser(""): Browser is opened with url: ''

2023-08-16 17:02:59 - [MESSAGE][INFO] - Starting 'Chrome' driver

2023-08-16 17:02:59 - [MESSAGE][INFO] - Action delay is set to 0 milliseconds

2023-08-16 17:03:00 - [MESSAGE][PASSED] - Browser is opened with url: ''

2023-08-16 17:03:00 - [TEST_STEP][PASSED] - navigateToUrl(URL): Navigate to 'https://odtaqaa.liverpool.com.mx/tienda/home' successfully

2023-08-16 17:04:18 - [MESSAGE][PASSED] - Navigate to 'https://odtaqaa.liverpool.com.mx/tienda/home' successfully

2023-08-16 17:04:18 - [TEST_STEP][PASSED] - maximizeWindow(): Current window maximized

2023-08-16 17:04:18 - [MESSAGE][PASSED] - Current window maximized

2023-08-16 17:04:18 - [TEST_STEP][PASSED] - click(findTestObject("HomePage/Iniciar sesion")): Object: 'Object Repository/HomePage/Iniciar sesion' is clicked on

2023-08-16 17:04:19 - [MESSAGE][PASSED] - Object: 'Object Repository/HomePage/Iniciar sesion' is clicked on

2023-08-16 17:04:19 - [TEST_STEP][PASSED] - callTestCase(findTestCase("CommonMethods/login_odtaqab"), [:], STOP_ON_FAILURE): Call Test Case 'Test Cases/CommonMethods/login_odtaqab' successfully

2023-08-16 17:04:19 - [TEST_CASE][PASSED] - Test Cases/CommonMethods/login_odtaqab: Test Cases/CommonMethods/login_odtaqab

2023-08-16 17:04:19 - [TEST_STEP][PASSED] - click(findTestObject("HomePage/Iniciar sesion")): Object: 'Object Repository/HomePage/Iniciar sesion' is clicked on

2023-08-16 17:04:22 - [MESSAGE][PASSED] - Object: 'Object Repository/HomePage/Iniciar sesion' is clicked on

2023-08-16 17:04:22 - [TEST_STEP][PASSED] - click(findTestObject("HomePage/EnterUsername_LP")): Object: 'Object Repository/HomePage/EnterUsername_LP' is clicked on

2023-08-16 17:04:43 - [MESSAGE][PASSED] - Object: 'Object Repository/HomePage/EnterUsername_LP' is clicked on

2023-08-16 17:04:43 - [TEST_STEP][PASSED] - setText(findTestObject("HomePage/EnterUsername_LP"), username): Text 'hcheruvu29@digisprint.com' is set on object 'Object Repository/HomePage/EnterUsername_LP'

2023-08-16 17:04:44 - [MESSAGE][PASSED] - Text 'hcheruvu29@digisprint.com' is set on object 'Object Repository/HomePage/EnterUsername_LP'

2023-08-16 17:04:44 - [TEST_STEP][PASSED] - delay(2): Delayed 2 second(s)

2023-08-16 17:04:46 - [MESSAGE][PASSED] - Delayed 2 second(s)

2023-08-16 17:04:46 - [TEST_STEP][PASSED] - click(findTestObject("HomePage/EnterPassword_LP")): Object: 'Object Repository/HomePage/EnterPassword_LP' is clicked on

2023-08-16 17:04:47 - [MESSAGE][PASSED] - Object: 'Object Repository/HomePage/EnterPassword_LP' is clicked on

2023-08-16 17:04:47 - [TEST_STEP][PASSED] - delay(2): Delayed 2 second(s)

2023-08-16 17:04:49 - [MESSAGE][PASSED] - Delayed 2 second(s)

2023-08-16 17:04:49 - [TEST_STEP][PASSED] - setText(findTestObject("HomePage/EnterPassword_LP"), password): Text 'Test@12345' is set on object 'Object Repository/HomePage/EnterPassword_LP'

2023-08-16 17:04:49 - [MESSAGE][PASSED] - Text 'Test@12345' is set on object 'Object Repository/HomePage/EnterPassword_LP'

2023-08-16 17:04:49 - [TEST_STEP][PASSED] - click(findTestObject("HomePage/inciar")): Object: 'Object Repository/HomePage/inciar' is clicked on

2023-08-16 17:05:04 - [MESSAGE][PASSED] - Object: 'Object Repository/HomePage/inciar' is clicked on

2023-08-16 17:05:04 - [MESSAGE][PASSED] - Call Test Case 'Test Cases/CommonMethods/login_odtaqab' successfully

2023-08-16 17:05:04 - [TEST_STEP][PASSED] - click(findTestObject("HomePage/header_Hola_text_HP")): Object: 'Object Repository/HomePage/header_Hola_text_HP' is clicked on

2023-08-16 17:05:44 - [MESSAGE][PASSED] - Object: 'Object Repository/HomePage/header_Hola_text_HP' is clicked on

2023-08-16 17:05:44 - [TEST_STEP][PASSED] - click(findTestObject("HomePage/a_Mis Compras")): Object: 'Object Repository/HomePage/a_Mis Compras' is clicked on

2023-08-16 17:05:44 - [MESSAGE][PASSED] - Object: 'Object Repository/HomePage/a_Mis Compras' is clicked on

2023-08-16 17:05:44 - [TEST_STEP][PASSED] - click(findTestObject("AccountManagement/Tiempo_aire_MyAccount")): Object: 'Object Repository/AccountManagement/Tiempo_aire_MyAccount' is clicked on

2023-08-16 17:06:01 - [MESSAGE][PASSED] - Object: 'Object Repository/AccountManagement/Tiempo_aire_MyAccount' is clicked on

2023-08-16 17:06:01 - [TEST_STEP][PASSED] - enhancedClick(findTestObject("AccountManagement/ATT/checkbox1_MyAccount")): Object: 'Object Repository/AccountManagement/ATT/checkbox1_MyAccount' is clicked on

2023-08-16 17:06:02 - [MESSAGE][PASSED] - Object: 'Object Repository/AccountManagement/ATT/checkbox1_MyAccount' is clicked on

2023-08-16 17:06:02 - [TEST_STEP][PASSED] - enhancedClick(findTestObject("AccountManagement/ATT/paymentOption1_ATT_card_MyAccount")): Object: 'Object Repository/AccountManagement/ATT/paymentOption1_ATT_card_MyAccount' is clicked on

2023-08-16 17:06:05 - [MESSAGE][PASSED] - Object: 'Object Repository/AccountManagement/ATT/paymentOption1_ATT_card_MyAccount' is clicked on

2023-08-16 17:06:05 - [TEST_STEP][PASSED] - setText(findTestObject("AccountManagement/ATT/card_cvv_ATT_MyAccount"), "805"): Text '805' is set on object 'Object Repository/AccountManagement/ATT/card_cvv_ATT_MyAccount'

2023-08-16 17:06:06 - [MESSAGE][PASSED] - Text '805' is set on object 'Object Repository/AccountManagement/ATT/card_cvv_ATT_MyAccount'

2023-08-16 17:06:06 - [TEST_STEP][PASSED] - click(findTestObject("AccountManagement/ATT/finalize_recharge_MyAccount")): Object: 'Object Repository/AccountManagement/ATT/finalize_recharge_MyAccount' is clicked on

2023-08-16 17:06:06 - [MESSAGE][PASSED] - Object: 'Object Repository/AccountManagement/ATT/finalize_recharge_MyAccount' is clicked on

2023-08-16 17:06:06 - [TEST_STEP][FAILED] - verifyElementPresent(findTestObject("OPCPage/ConfirmOrder_Checkout"), 0): Unable to verify object 'Object Repository/OPCPage/ConfirmOrder_Checkout' is present (Root cause: com.kms.katalon.core.exception.StepFailedException: Unable to verify object 'Object Repository/OPCPage/ConfirmOrder_Checkout' is present
	at com.kms.katalon.core.webui.keyword.internal.WebUIKeywordMain.stepFailed(WebUIKeywordMain.groovy:64)
	at com.kms.katalon.core.webui.keyword.internal.WebUIKeywordMain.runKeyword(WebUIKeywordMain.groovy:26)
	at com.kms.katalon.core.webui.keyword.builtin.VerifyElementPresentKeyword.verifyElementPresent(VerifyElementPresentKeyword.groovy:92)
	at com.kms.katalon.core.webui.keyword.builtin.VerifyElementPresentKeyword.execute(VerifyElementPresentKeyword.groovy:68)
	at com.kms.katalon.core.keyword.internal.KeywordExecutor.executeKeywordForPlatform(KeywordExecutor.groovy:74)
	at com.kms.katalon.core.webui.keyword.WebUiBuiltInKeywords.verifyElementPresent(WebUiBuiltInKeywords.groovy:1464)
	at com.kms.katalon.core.webui.keyword.WebUiBuiltInKeywords$verifyElementPresent$12.call(Unknown Source)
	at TS_SMOKE_SUITE_088.run(TS_SMOKE_SUITE_088:44)
	at com.kms.katalon.core.main.ScriptEngine.run(ScriptEngine.java:194)
	at com.kms.katalon.core.main.ScriptEngine.runScriptAsRawText(ScriptEngine.java:119)
	at com.kms.katalon.core.main.TestCaseExecutor.runScript(TestCaseExecutor.java:448)
	at com.kms.katalon.core.main.TestCaseExecutor.doExecute(TestCaseExecutor.java:439)
	at com.kms.katalon.core.main.TestCaseExecutor.processExecutionPhase(TestCaseExecutor.java:418)
	at com.kms.katalon.core.main.TestCaseExecutor.accessMainPhase(TestCaseExecutor.java:410)
	at com.kms.katalon.core.main.TestCaseExecutor.execute(TestCaseExecutor.java:285)
	at com.kms.katalon.core.common.CommonExecutor.accessTestCaseMainPhase(CommonExecutor.java:65)
	at com.kms.katalon.core.main.TestSuiteExecutor.accessTestSuiteMainPhase(TestSuiteExecutor.java:151)
	at com.kms.katalon.core.main.TestSuiteExecutor.execute(TestSuiteExecutor.java:106)
	at com.kms.katalon.core.main.TestCaseMain.startTestSuite(TestCaseMain.java:185)
	at com.kms.katalon.core.main.TestCaseMain$startTestSuite$0.call(Unknown Source)
	at TempTestSuite1692183177032.run(TempTestSuite1692183177032.groovy:36)
Caused by: com.kms.katalon.core.exception.StepFailedException: com.kms.katalon.core.webui.exception.WebElementNotFoundException: Web element with id: 'Object Repository/OPCPage/ConfirmOrder_Checkout' located by '//button[@id='submitForOther']' not found
	at com.kms.katalon.core.webui.keyword.internal.WebUIKeywordMain.stepFailed(WebUIKeywordMain.groovy:64)
	at com.kms.katalon.core.webui.keyword.builtin.VerifyElementPresentKeyword$_verifyElementPresent_closure1.doCall(VerifyElementPresentKeyword.groovy:85)
	at com.kms.katalon.core.webui.keyword.builtin.VerifyElementPresentKeyword$_verifyElementPresent_closure1.call(VerifyElementPresentKeyword.groovy)
	at com.kms.katalon.core.webui.keyword.internal.WebUIKeywordMain.runKeyword(WebUIKeywordMain.groovy:20)
	... 19 more
)

2023-08-16 17:06:06 - [MESSAGE][WARNING] - Timeout '0' is invalid. Using default page load timeout: '30'

2023-08-16 17:06:37 - [MESSAGE][INFO] - Unable to find the element located by 'By.xpath: //button[@id='submitForOther']'. Please recheck the objects properties to make sure the desired element is located. 

2023-08-16 17:06:38 - [MESSAGE][FAILED] - com.kms.katalon.core.webui.exception.WebElementNotFoundException: Web element with id: 'Object Repository/OPCPage/ConfirmOrder_Checkout' located by '//button[@id='submitForOther']' not found (Root cause: com.kms.katalon.core.exception.StepFailedException: com.kms.katalon.core.webui.exception.WebElementNotFoundException: Web element with id: 'Object Repository/OPCPage/ConfirmOrder_Checkout' located by '//button[@id='submitForOther']' not found
	at com.kms.katalon.core.webui.keyword.internal.WebUIKeywordMain.stepFailed(WebUIKeywordMain.groovy:64)
	at com.kms.katalon.core.webui.keyword.builtin.VerifyElementPresentKeyword$_verifyElementPresent_closure1.doCall(VerifyElementPresentKeyword.groovy:85)
	at com.kms.katalon.core.webui.keyword.builtin.VerifyElementPresentKeyword$_verifyElementPresent_closure1.call(VerifyElementPresentKeyword.groovy)
	at com.kms.katalon.core.webui.keyword.internal.WebUIKeywordMain.runKeyword(WebUIKeywordMain.groovy:20)
	at com.kms.katalon.core.webui.keyword.builtin.VerifyElementPresentKeyword.verifyElementPresent(VerifyElementPresentKeyword.groovy:92)
	at com.kms.katalon.core.webui.keyword.builtin.VerifyElementPresentKeyword.execute(VerifyElementPresentKeyword.groovy:68)
	at com.kms.katalon.core.keyword.internal.KeywordExecutor.executeKeywordForPlatform(KeywordExecutor.groovy:74)
	at com.kms.katalon.core.webui.keyword.WebUiBuiltInKeywords.verifyElementPresent(WebUiBuiltInKeywords.groovy:1464)
	at com.kms.katalon.core.webui.keyword.WebUiBuiltInKeywords$verifyElementPresent$12.call(Unknown Source)
	at TS_SMOKE_SUITE_088.run(TS_SMOKE_SUITE_088:44)
	at com.kms.katalon.core.main.ScriptEngine.run(ScriptEngine.java:194)
	at com.kms.katalon.core.main.ScriptEngine.runScriptAsRawText(ScriptEngine.java:119)
	at com.kms.katalon.core.main.TestCaseExecutor.runScript(TestCaseExecutor.java:448)
	at com.kms.katalon.core.main.TestCaseExecutor.doExecute(TestCaseExecutor.java:439)
	at com.kms.katalon.core.main.TestCaseExecutor.processExecutionPhase(TestCaseExecutor.java:418)
	at com.kms.katalon.core.main.TestCaseExecutor.accessMainPhase(TestCaseExecutor.java:410)
	at com.kms.katalon.core.main.TestCaseExecutor.execute(TestCaseExecutor.java:285)
	at com.kms.katalon.core.common.CommonExecutor.accessTestCaseMainPhase(CommonExecutor.java:65)
	at com.kms.katalon.core.main.TestSuiteExecutor.accessTestSuiteMainPhase(TestSuiteExecutor.java:151)
	at com.kms.katalon.core.main.TestSuiteExecutor.execute(TestSuiteExecutor.java:106)
	at com.kms.katalon.core.main.TestCaseMain.startTestSuite(TestCaseMain.java:185)
	at com.kms.katalon.core.main.TestCaseMain$startTestSuite$0.call(Unknown Source)
	at TempTestSuite1692183177032.run(TempTestSuite1692183177032.groovy:36)
)
[[ATTACHMENT|D:\\backup\\Liverpool_SmokeSuite1\\Reports\\20230816_162257\\checkout\\20230816_162257\\1692185797945.png]]

2023-08-16 17:06:38 - [MESSAGE][FAILED] - Unable to verify object 'Object Repository/OPCPage/ConfirmOrder_Checkout' is present (Root cause: com.kms.katalon.core.exception.StepFailedException: Unable to verify object 'Object Repository/OPCPage/ConfirmOrder_Checkout' is present
	at com.kms.katalon.core.webui.keyword.internal.WebUIKeywordMain.stepFailed(WebUIKeywordMain.groovy:64)
	at com.kms.katalon.core.webui.keyword.internal.WebUIKeywordMain.runKeyword(WebUIKeywordMain.groovy:26)
	at com.kms.katalon.core.webui.keyword.builtin.VerifyElementPresentKeyword.verifyElementPresent(VerifyElementPresentKeyword.groovy:92)
	at com.kms.katalon.core.webui.keyword.builtin.VerifyElementPresentKeyword.execute(VerifyElementPresentKeyword.groovy:68)
	at com.kms.katalon.core.keyword.internal.KeywordExecutor.executeKeywordForPlatform(KeywordExecutor.groovy:74)
	at com.kms.katalon.core.webui.keyword.WebUiBuiltInKeywords.verifyElementPresent(WebUiBuiltInKeywords.groovy:1464)
	at com.kms.katalon.core.webui.keyword.WebUiBuiltInKeywords$verifyElementPresent$12.call(Unknown Source)
	at TS_SMOKE_SUITE_088.run(TS_SMOKE_SUITE_088:44)
	at com.kms.katalon.core.main.ScriptEngine.run(ScriptEngine.java:194)
	at com.kms.katalon.core.main.ScriptEngine.runScriptAsRawText(ScriptEngine.java:119)
	at com.kms.katalon.core.main.TestCaseExecutor.runScript(TestCaseExecutor.java:448)
	at com.kms.katalon.core.main.TestCaseExecutor.doExecute(TestCaseExecutor.java:439)
	at com.kms.katalon.core.main.TestCaseExecutor.processExecutionPhase(TestCaseExecutor.java:418)
	at com.kms.katalon.core.main.TestCaseExecutor.accessMainPhase(TestCaseExecutor.java:410)
	at com.kms.katalon.core.main.TestCaseExecutor.execute(TestCaseExecutor.java:285)
	at com.kms.katalon.core.common.CommonExecutor.accessTestCaseMainPhase(CommonExecutor.java:65)
	at com.kms.katalon.core.main.TestSuiteExecutor.accessTestSuiteMainPhase(TestSuiteExecutor.java:151)
	at com.kms.katalon.core.main.TestSuiteExecutor.execute(TestSuiteExecutor.java:106)
	at com.kms.katalon.core.main.TestCaseMain.startTestSuite(TestCaseMain.java:185)
	at com.kms.katalon.core.main.TestCaseMain$startTestSuite$0.call(Unknown Source)
	at TempTestSuite1692183177032.run(TempTestSuite1692183177032.groovy:36)
Caused by: com.kms.katalon.core.exception.StepFailedException: com.kms.katalon.core.webui.exception.WebElementNotFoundException: Web element with id: 'Object Repository/OPCPage/ConfirmOrder_Checkout' located by '//button[@id='submitForOther']' not found
	at com.kms.katalon.core.webui.keyword.internal.WebUIKeywordMain.stepFailed(WebUIKeywordMain.groovy:64)
	at com.kms.katalon.core.webui.keyword.builtin.VerifyElementPresentKeyword$_verifyElementPresent_closure1.doCall(VerifyElementPresentKeyword.groovy:85)
	at com.kms.katalon.core.webui.keyword.builtin.VerifyElementPresentKeyword$_verifyElementPresent_closure1.call(VerifyElementPresentKeyword.groovy)
	at com.kms.katalon.core.webui.keyword.internal.WebUIKeywordMain.runKeyword(WebUIKeywordMain.groovy:20)
	... 19 more
)
[[ATTACHMENT|D:\\backup\\Liverpool_SmokeSuite1\\Reports\\20230816_162257\\checkout\\20230816_162257\\1692185798088.png]]]]></system-out>
         <system-err><![CDATA[2023-08-16 17:02:58 - [TEST_CASE][FAILED] - Test Cases/Checkout/TS_SMOKE_SUITE_088: Test Cases/Checkout/TS_SMOKE_SUITE_088 FAILED.
Reason:
com.kms.katalon.core.exception.StepFailedException: Unable to verify object 'Object Repository/OPCPage/ConfirmOrder_Checkout' is present
	at com.kms.katalon.core.webui.keyword.internal.WebUIKeywordMain.stepFailed(WebUIKeywordMain.groovy:64)
	at com.kms.katalon.core.webui.keyword.internal.WebUIKeywordMain.runKeyword(WebUIKeywordMain.groovy:26)
	at com.kms.katalon.core.webui.keyword.builtin.VerifyElementPresentKeyword.verifyElementPresent(VerifyElementPresentKeyword.groovy:92)
	at com.kms.katalon.core.webui.keyword.builtin.VerifyElementPresentKeyword.execute(VerifyElementPresentKeyword.groovy:68)
	at com.kms.katalon.core.keyword.internal.KeywordExecutor.executeKeywordForPlatform(KeywordExecutor.groovy:74)
	at com.kms.katalon.core.webui.keyword.WebUiBuiltInKeywords.verifyElementPresent(WebUiBuiltInKeywords.groovy:1464)
	at com.kms.katalon.core.webui.keyword.WebUiBuiltInKeywords$verifyElementPresent$12.call(Unknown Source)
	at TS_SMOKE_SUITE_088.run(TS_SMOKE_SUITE_088:44)
	at com.kms.katalon.core.main.ScriptEngine.run(ScriptEngine.java:194)
	at com.kms.katalon.core.main.ScriptEngine.runScriptAsRawText(ScriptEngine.java:119)
	at com.kms.katalon.core.main.TestCaseExecutor.runScript(TestCaseExecutor.java:448)
	at com.kms.katalon.core.main.TestCaseExecutor.doExecute(TestCaseExecutor.java:439)
	at com.kms.katalon.core.main.TestCaseExecutor.processExecutionPhase(TestCaseExecutor.java:418)
	at com.kms.katalon.core.main.TestCaseExecutor.accessMainPhase(TestCaseExecutor.java:410)
	at com.kms.katalon.core.main.TestCaseExecutor.execute(TestCaseExecutor.java:285)
	at com.kms.katalon.core.common.CommonExecutor.accessTestCaseMainPhase(CommonExecutor.java:65)
	at com.kms.katalon.core.main.TestSuiteExecutor.accessTestSuiteMainPhase(TestSuiteExecutor.java:151)
	at com.kms.katalon.core.main.TestSuiteExecutor.execute(TestSuiteExecutor.java:106)
	at com.kms.katalon.core.main.TestCaseMain.startTestSuite(TestCaseMain.java:185)
	at com.kms.katalon.core.main.TestCaseMain$startTestSuite$0.call(Unknown Source)
	at TempTestSuite1692183177032.run(TempTestSuite1692183177032.groovy:36)
Caused by: com.kms.katalon.core.exception.StepFailedException: com.kms.katalon.core.webui.exception.WebElementNotFoundException: Web element with id: 'Object Repository/OPCPage/ConfirmOrder_Checkout' located by '//button[@id='submitForOther']' not found
	at com.kms.katalon.core.webui.keyword.internal.WebUIKeywordMain.stepFailed(WebUIKeywordMain.groovy:64)
	at com.kms.katalon.core.webui.keyword.builtin.VerifyElementPresentKeyword$_verifyElementPresent_closure1.doCall(VerifyElementPresentKeyword.groovy:85)
	at com.kms.katalon.core.webui.keyword.builtin.VerifyElementPresentKeyword$_verifyElementPresent_closure1.call(VerifyElementPresentKeyword.groovy)
	at com.kms.katalon.core.webui.keyword.internal.WebUIKeywordMain.runKeyword(WebUIKeywordMain.groovy:20)
	... 19 more]]></system-err>
      </testcase>
      <system-out><![CDATA[2023-08-16 16:23:02 - [TEST_SUITE][FAILED] - checkout: Test Cases/Checkout/TS_SMOKE_SUITE_072 FAILED.
Reason:
com.kms.katalon.core.exception.StepFailedException: Unable to click on object 'Object Repository/HomePage/Iniciar sesion'
	at com.kms.katalon.core.webui.keyword.internal.WebUIKeywordMain.stepFailed(WebUIKeywordMain.groovy:64)
	at com.kms.katalon.core.webui.keyword.internal.WebUIKeywordMain.runKeyword(WebUIKeywordMain.groovy:26)
	at com.kms.katalon.core.webui.keyword.builtin.ClickKeyword.click(ClickKeyword.groovy:74)
	at com.kms.katalon.core.webui.keyword.builtin.ClickKeyword.execute(ClickKeyword.groovy:40)
	at com.kms.katalon.core.keyword.internal.KeywordExecutor.executeKeywordForPlatform(KeywordExecutor.groovy:74)
	at com.kms.katalon.core.webui.keyword.WebUiBuiltInKeywords.click(WebUiBuiltInKeywords.groovy:620)
	at com.kms.katalon.core.webui.keyword.WebUiBuiltInKeywords$click$2.call(Unknown Source)
	at TS_SMOKE_SUITE_072.run(TS_SMOKE_SUITE_072:28)
	at com.kms.katalon.core.main.ScriptEngine.run(ScriptEngine.java:194)
	at com.kms.katalon.core.main.ScriptEngine.runScriptAsRawText(ScriptEngine.java:119)
	at com.kms.katalon.core.main.TestCaseExecutor.runScript(TestCaseExecutor.java:448)
	at com.kms.katalon.core.main.TestCaseExecutor.doExecute(TestCaseExecutor.java:439)
	at com.kms.katalon.core.main.TestCaseExecutor.processExecutionPhase(TestCaseExecutor.java:418)
	at com.kms.katalon.core.main.TestCaseExecutor.accessMainPhase(TestCaseExecutor.java:410)
	at com.kms.katalon.core.main.TestCaseExecutor.execute(TestCaseExecutor.java:285)
	at com.kms.katalon.core.common.CommonExecutor.accessTestCaseMainPhase(CommonExecutor.java:65)
	at com.kms.katalon.core.main.TestSuiteExecutor.accessTestSuiteMainPhase(TestSuiteExecutor.java:151)
	at com.kms.katalon.core.main.TestSuiteExecutor.execute(TestSuiteExecutor.java:106)
	at com.kms.katalon.core.main.TestCaseMain.startTestSuite(TestCaseMain.java:185)
	at com.kms.katalon.core.main.TestCaseMain$startTestSuite$0.call(Unknown Source)
	at TempTestSuite1692183177032.run(TempTestSuite1692183177032.groovy:36)
Caused by: org.openqa.selenium.ElementNotInteractableException: element not interactable
  (Session info: chrome=115.0.5790.171)
Build info: version: '3.141.59', revision: 'e82be7d358', time: '2018-11-14T08:25:53'
System info: host: 'DESKTOP-L51QJLB', ip: '172.22.45.204', os.name: 'Windows 10', os.arch: 'amd64', os.version: '10.0', java.version: '1.8.0_282'
Driver info: com.kms.katalon.selenium.driver.CChromeDriver
Capabilities {acceptInsecureCerts: false, browserName: chrome, browserVersion: 115.0.5790.171, chrome: {chromedriverVersion: 114.0.5735.90 (386bc09e8f4f..., userDataDir: C:\Users\DELL\AppData\Local...}, goog:chromeOptions: {debuggerAddress: localhost:52148}, javascriptEnabled: true, networkConnectionEnabled: false, pageLoadStrategy: normal, platform: WINDOWS, platformName: WINDOWS, proxy: Proxy(), setWindowRect: true, strictFileInteractability: false, timeouts: {implicit: 0, pageLoad: 300000, script: 30000}, unhandledPromptBehavior: dismiss and notify, webauthn:extension:credBlob: true, webauthn:extension:largeBlob: true, webauthn:extension:minPinLength: true, webauthn:extension:prf: true, webauthn:virtualAuthenticators: true}
Session ID: 27592eb98ba12edd3ad60cce5ca20b22
	at org.openqa.selenium.remote.http.W3CHttpResponseCodec.createException(W3CHttpResponseCodec.java:187)
	at org.openqa.selenium.remote.http.W3CHttpResponseCodec.decode(W3CHttpResponseCodec.java:122)
	at org.openqa.selenium.remote.http.W3CHttpResponseCodec.decode(W3CHttpResponseCodec.java:49)
	at org.openqa.selenium.remote.HttpCommandExecutor.execute(HttpCommandExecutor.java:158)
	at org.openqa.selenium.remote.service.DriverCommandExecutor.execute(DriverCommandExecutor.java:83)
	at org.openqa.selenium.remote.RemoteWebDriver.execute(RemoteWebDriver.java:552)
	at com.kms.katalon.selenium.driver.CChromeDriver.execute(CChromeDriver.java:19)
	at org.openqa.selenium.remote.RemoteWebElement.execute(RemoteWebElement.java:285)
	at org.openqa.selenium.remote.RemoteWebElement.click(RemoteWebElement.java:84)
	at org.openqa.selenium.support.events.EventFiringWebDriver$EventFiringWebElement.lambda$new$0(EventFiringWebDriver.java:404)
	at com.sun.proxy.$Proxy11.click(Unknown Source)
	at org.openqa.selenium.support.events.EventFiringWebDriver$EventFiringWebElement.click(EventFiringWebDriver.java:417)
	at org.openqa.selenium.WebElement$click.call(Unknown Source)
	at com.kms.katalon.core.webui.keyword.builtin.ClickKeyword.clickUntilSuccessWithTimeout(ClickKeyword.groovy:81)
	at com.kms.katalon.core.webui.keyword.builtin.ClickKeyword.clickUntilSuccessWithTimeout(ClickKeyword.groovy)
	at com.kms.katalon.core.webui.keyword.builtin.ClickKeyword$_click_closure1.doCall(ClickKeyword.groovy:67)
	at com.kms.katalon.core.webui.keyword.builtin.ClickKeyword$_click_closure1.call(ClickKeyword.groovy)
	at com.kms.katalon.core.webui.keyword.internal.WebUIKeywordMain.runKeyword(WebUIKeywordMain.groovy:20)
	... 19 more]]></system-out>
      <system-err><![CDATA[2023-08-16 16:23:02 - [TEST_SUITE][FAILED] - checkout: Test Cases/Checkout/TS_SMOKE_SUITE_072 FAILED.
Reason:
com.kms.katalon.core.exception.StepFailedException: Unable to click on object 'Object Repository/HomePage/Iniciar sesion'
	at com.kms.katalon.core.webui.keyword.internal.WebUIKeywordMain.stepFailed(WebUIKeywordMain.groovy:64)
	at com.kms.katalon.core.webui.keyword.internal.WebUIKeywordMain.runKeyword(WebUIKeywordMain.groovy:26)
	at com.kms.katalon.core.webui.keyword.builtin.ClickKeyword.click(ClickKeyword.groovy:74)
	at com.kms.katalon.core.webui.keyword.builtin.ClickKeyword.execute(ClickKeyword.groovy:40)
	at com.kms.katalon.core.keyword.internal.KeywordExecutor.executeKeywordForPlatform(KeywordExecutor.groovy:74)
	at com.kms.katalon.core.webui.keyword.WebUiBuiltInKeywords.click(WebUiBuiltInKeywords.groovy:620)
	at com.kms.katalon.core.webui.keyword.WebUiBuiltInKeywords$click$2.call(Unknown Source)
	at TS_SMOKE_SUITE_072.run(TS_SMOKE_SUITE_072:28)
	at com.kms.katalon.core.main.ScriptEngine.run(ScriptEngine.java:194)
	at com.kms.katalon.core.main.ScriptEngine.runScriptAsRawText(ScriptEngine.java:119)
	at com.kms.katalon.core.main.TestCaseExecutor.runScript(TestCaseExecutor.java:448)
	at com.kms.katalon.core.main.TestCaseExecutor.doExecute(TestCaseExecutor.java:439)
	at com.kms.katalon.core.main.TestCaseExecutor.processExecutionPhase(TestCaseExecutor.java:418)
	at com.kms.katalon.core.main.TestCaseExecutor.accessMainPhase(TestCaseExecutor.java:410)
	at com.kms.katalon.core.main.TestCaseExecutor.execute(TestCaseExecutor.java:285)
	at com.kms.katalon.core.common.CommonExecutor.accessTestCaseMainPhase(CommonExecutor.java:65)
	at com.kms.katalon.core.main.TestSuiteExecutor.accessTestSuiteMainPhase(TestSuiteExecutor.java:151)
	at com.kms.katalon.core.main.TestSuiteExecutor.execute(TestSuiteExecutor.java:106)
	at com.kms.katalon.core.main.TestCaseMain.startTestSuite(TestCaseMain.java:185)
	at com.kms.katalon.core.main.TestCaseMain$startTestSuite$0.call(Unknown Source)
	at TempTestSuite1692183177032.run(TempTestSuite1692183177032.groovy:36)
Caused by: org.openqa.selenium.ElementNotInteractableException: element not interactable
  (Session info: chrome=115.0.5790.171)
Build info: version: '3.141.59', revision: 'e82be7d358', time: '2018-11-14T08:25:53'
System info: host: 'DESKTOP-L51QJLB', ip: '172.22.45.204', os.name: 'Windows 10', os.arch: 'amd64', os.version: '10.0', java.version: '1.8.0_282'
Driver info: com.kms.katalon.selenium.driver.CChromeDriver
Capabilities {acceptInsecureCerts: false, browserName: chrome, browserVersion: 115.0.5790.171, chrome: {chromedriverVersion: 114.0.5735.90 (386bc09e8f4f..., userDataDir: C:\Users\DELL\AppData\Local...}, goog:chromeOptions: {debuggerAddress: localhost:52148}, javascriptEnabled: true, networkConnectionEnabled: false, pageLoadStrategy: normal, platform: WINDOWS, platformName: WINDOWS, proxy: Proxy(), setWindowRect: true, strictFileInteractability: false, timeouts: {implicit: 0, pageLoad: 300000, script: 30000}, unhandledPromptBehavior: dismiss and notify, webauthn:extension:credBlob: true, webauthn:extension:largeBlob: true, webauthn:extension:minPinLength: true, webauthn:extension:prf: true, webauthn:virtualAuthenticators: true}
Session ID: 27592eb98ba12edd3ad60cce5ca20b22
	at org.openqa.selenium.remote.http.W3CHttpResponseCodec.createException(W3CHttpResponseCodec.java:187)
	at org.openqa.selenium.remote.http.W3CHttpResponseCodec.decode(W3CHttpResponseCodec.java:122)
	at org.openqa.selenium.remote.http.W3CHttpResponseCodec.decode(W3CHttpResponseCodec.java:49)
	at org.openqa.selenium.remote.HttpCommandExecutor.execute(HttpCommandExecutor.java:158)
	at org.openqa.selenium.remote.service.DriverCommandExecutor.execute(DriverCommandExecutor.java:83)
	at org.openqa.selenium.remote.RemoteWebDriver.execute(RemoteWebDriver.java:552)
	at com.kms.katalon.selenium.driver.CChromeDriver.execute(CChromeDriver.java:19)
	at org.openqa.selenium.remote.RemoteWebElement.execute(RemoteWebElement.java:285)
	at org.openqa.selenium.remote.RemoteWebElement.click(RemoteWebElement.java:84)
	at org.openqa.selenium.support.events.EventFiringWebDriver$EventFiringWebElement.lambda$new$0(EventFiringWebDriver.java:404)
	at com.sun.proxy.$Proxy11.click(Unknown Source)
	at org.openqa.selenium.support.events.EventFiringWebDriver$EventFiringWebElement.click(EventFiringWebDriver.java:417)
	at org.openqa.selenium.WebElement$click.call(Unknown Source)
	at com.kms.katalon.core.webui.keyword.builtin.ClickKeyword.clickUntilSuccessWithTimeout(ClickKeyword.groovy:81)
	at com.kms.katalon.core.webui.keyword.builtin.ClickKeyword.clickUntilSuccessWithTimeout(ClickKeyword.groovy)
	at com.kms.katalon.core.webui.keyword.builtin.ClickKeyword$_click_closure1.doCall(ClickKeyword.groovy:67)
	at com.kms.katalon.core.webui.keyword.builtin.ClickKeyword$_click_closure1.call(ClickKeyword.groovy)
	at com.kms.katalon.core.webui.keyword.internal.WebUIKeywordMain.runKeyword(WebUIKeywordMain.groovy:20)
	... 19 more]]></system-err>
   </testsuite>
</testsuites>
